[2023-05-02T08:13:57.175+0000] {processor.py:153} INFO - Started process (PID=55) to work on /home/airflow/.local/lib/python3.7/site-packages/airflow/example_dags/example_branch_operator.py
[2023-05-02T08:13:57.187+0000] {processor.py:743} INFO - Processing file /home/airflow/.local/lib/python3.7/site-packages/airflow/example_dags/example_branch_operator.py for tasks to queue
[2023-05-02T08:13:57.192+0000] {logging_mixin.py:137} INFO - [2023-05-02T08:13:57.192+0000] {dagbag.py:532} INFO - Filling up the DagBag from /home/airflow/.local/lib/python3.7/site-packages/airflow/example_dags/example_branch_operator.py
[2023-05-02T08:13:57.324+0000] {processor.py:753} INFO - DAG(s) dict_keys(['example_branch_operator']) retrieved from /home/airflow/.local/lib/python3.7/site-packages/airflow/example_dags/example_branch_operator.py
[2023-05-02T08:13:57.440+0000] {logging_mixin.py:137} INFO - [2023-05-02T08:13:57.440+0000] {dag.py:2705} INFO - Sync 1 DAGs
[2023-05-02T08:13:57.524+0000] {logging_mixin.py:137} INFO - [2023-05-02T08:13:57.524+0000] {dag.py:3456} INFO - Setting next_dagrun for example_branch_operator to 2023-05-01T00:00:00+00:00, run_after=2023-05-02T00:00:00+00:00
[2023-05-02T08:13:57.595+0000] {processor.py:175} INFO - Processing /home/airflow/.local/lib/python3.7/site-packages/airflow/example_dags/example_branch_operator.py took 0.434 seconds
[2023-05-02T08:15:57.232+0000] {processor.py:153} INFO - Started process (PID=45) to work on /home/airflow/.local/lib/python3.7/site-packages/airflow/example_dags/example_branch_operator.py
[2023-05-02T08:15:57.232+0000] {processor.py:743} INFO - Processing file /home/airflow/.local/lib/python3.7/site-packages/airflow/example_dags/example_branch_operator.py for tasks to queue
[2023-05-02T08:15:57.233+0000] {logging_mixin.py:137} INFO - [2023-05-02T08:15:57.233+0000] {dagbag.py:532} INFO - Filling up the DagBag from /home/airflow/.local/lib/python3.7/site-packages/airflow/example_dags/example_branch_operator.py
[2023-05-02T08:15:57.269+0000] {processor.py:753} INFO - DAG(s) dict_keys(['example_branch_operator']) retrieved from /home/airflow/.local/lib/python3.7/site-packages/airflow/example_dags/example_branch_operator.py
[2023-05-02T08:15:57.328+0000] {logging_mixin.py:137} INFO - [2023-05-02T08:15:57.327+0000] {dag.py:2705} INFO - Sync 1 DAGs
[2023-05-02T08:15:57.395+0000] {logging_mixin.py:137} INFO - [2023-05-02T08:15:57.395+0000] {dag.py:3456} INFO - Setting next_dagrun for example_branch_operator to 2023-05-01T00:00:00+00:00, run_after=2023-05-02T00:00:00+00:00
[2023-05-02T08:15:57.434+0000] {processor.py:175} INFO - Processing /home/airflow/.local/lib/python3.7/site-packages/airflow/example_dags/example_branch_operator.py took 0.204 seconds
[2023-05-02T08:20:14.038+0000] {processor.py:153} INFO - Started process (PID=45) to work on /home/airflow/.local/lib/python3.7/site-packages/airflow/example_dags/example_branch_operator.py
[2023-05-02T08:20:14.038+0000] {processor.py:743} INFO - Processing file /home/airflow/.local/lib/python3.7/site-packages/airflow/example_dags/example_branch_operator.py for tasks to queue
[2023-05-02T08:20:14.039+0000] {logging_mixin.py:137} INFO - [2023-05-02T08:20:14.039+0000] {dagbag.py:532} INFO - Filling up the DagBag from /home/airflow/.local/lib/python3.7/site-packages/airflow/example_dags/example_branch_operator.py
[2023-05-02T08:20:14.103+0000] {processor.py:753} INFO - DAG(s) dict_keys(['example_branch_operator']) retrieved from /home/airflow/.local/lib/python3.7/site-packages/airflow/example_dags/example_branch_operator.py
[2023-05-02T08:20:14.147+0000] {logging_mixin.py:137} INFO - [2023-05-02T08:20:14.146+0000] {dag.py:2705} INFO - Sync 1 DAGs
[2023-05-02T08:20:14.209+0000] {logging_mixin.py:137} INFO - [2023-05-02T08:20:14.209+0000] {dag.py:3456} INFO - Setting next_dagrun for example_branch_operator to 2023-05-01T00:00:00+00:00, run_after=2023-05-02T00:00:00+00:00
[2023-05-02T08:20:14.258+0000] {processor.py:175} INFO - Processing /home/airflow/.local/lib/python3.7/site-packages/airflow/example_dags/example_branch_operator.py took 0.223 seconds
[2023-05-02T08:21:26.227+0000] {processor.py:153} INFO - Started process (PID=45) to work on /home/airflow/.local/lib/python3.7/site-packages/airflow/example_dags/example_branch_operator.py
[2023-05-02T08:21:26.229+0000] {processor.py:743} INFO - Processing file /home/airflow/.local/lib/python3.7/site-packages/airflow/example_dags/example_branch_operator.py for tasks to queue
[2023-05-02T08:21:26.232+0000] {logging_mixin.py:137} INFO - [2023-05-02T08:21:26.231+0000] {dagbag.py:532} INFO - Filling up the DagBag from /home/airflow/.local/lib/python3.7/site-packages/airflow/example_dags/example_branch_operator.py
[2023-05-02T08:21:26.255+0000] {processor.py:753} INFO - DAG(s) dict_keys(['example_branch_operator']) retrieved from /home/airflow/.local/lib/python3.7/site-packages/airflow/example_dags/example_branch_operator.py
[2023-05-02T08:21:26.510+0000] {logging_mixin.py:137} INFO - [2023-05-02T08:21:26.509+0000] {dag.py:2705} INFO - Sync 1 DAGs
[2023-05-02T08:21:26.791+0000] {logging_mixin.py:137} INFO - [2023-05-02T08:21:26.791+0000] {dag.py:3456} INFO - Setting next_dagrun for example_branch_operator to 2023-05-01T00:00:00+00:00, run_after=2023-05-02T00:00:00+00:00
[2023-05-02T08:21:26.917+0000] {processor.py:175} INFO - Processing /home/airflow/.local/lib/python3.7/site-packages/airflow/example_dags/example_branch_operator.py took 0.692 seconds
[2023-05-02T08:23:35.956+0000] {processor.py:153} INFO - Started process (PID=52) to work on /home/airflow/.local/lib/python3.7/site-packages/airflow/example_dags/example_branch_operator.py
[2023-05-02T08:23:35.966+0000] {processor.py:743} INFO - Processing file /home/airflow/.local/lib/python3.7/site-packages/airflow/example_dags/example_branch_operator.py for tasks to queue
[2023-05-02T08:23:35.967+0000] {logging_mixin.py:137} INFO - [2023-05-02T08:23:35.966+0000] {dagbag.py:532} INFO - Filling up the DagBag from /home/airflow/.local/lib/python3.7/site-packages/airflow/example_dags/example_branch_operator.py
[2023-05-02T08:23:36.066+0000] {processor.py:753} INFO - DAG(s) dict_keys(['example_branch_operator']) retrieved from /home/airflow/.local/lib/python3.7/site-packages/airflow/example_dags/example_branch_operator.py
[2023-05-02T08:23:36.233+0000] {logging_mixin.py:137} INFO - [2023-05-02T08:23:36.232+0000] {dag.py:2705} INFO - Sync 1 DAGs
[2023-05-02T08:23:36.443+0000] {logging_mixin.py:137} INFO - [2023-05-02T08:23:36.442+0000] {dag.py:3456} INFO - Setting next_dagrun for example_branch_operator to 2023-05-01T00:00:00+00:00, run_after=2023-05-02T00:00:00+00:00
[2023-05-02T08:23:46.843+0000] {processor.py:175} INFO - Processing /home/airflow/.local/lib/python3.7/site-packages/airflow/example_dags/example_branch_operator.py took 10.881 seconds
[2023-05-02T08:24:21.951+0000] {processor.py:153} INFO - Started process (PID=46) to work on /home/airflow/.local/lib/python3.7/site-packages/airflow/example_dags/example_branch_operator.py
[2023-05-02T08:24:21.952+0000] {processor.py:743} INFO - Processing file /home/airflow/.local/lib/python3.7/site-packages/airflow/example_dags/example_branch_operator.py for tasks to queue
[2023-05-02T08:24:21.953+0000] {logging_mixin.py:137} INFO - [2023-05-02T08:24:21.952+0000] {dagbag.py:532} INFO - Filling up the DagBag from /home/airflow/.local/lib/python3.7/site-packages/airflow/example_dags/example_branch_operator.py
[2023-05-02T08:24:21.984+0000] {processor.py:753} INFO - DAG(s) dict_keys(['example_branch_operator']) retrieved from /home/airflow/.local/lib/python3.7/site-packages/airflow/example_dags/example_branch_operator.py
[2023-05-02T08:24:22.039+0000] {logging_mixin.py:137} INFO - [2023-05-02T08:24:22.039+0000] {dag.py:2705} INFO - Sync 1 DAGs
[2023-05-02T08:24:22.086+0000] {logging_mixin.py:137} INFO - [2023-05-02T08:24:22.084+0000] {dag.py:3456} INFO - Setting next_dagrun for example_branch_operator to 2023-05-01T00:00:00+00:00, run_after=2023-05-02T00:00:00+00:00
[2023-05-02T08:24:22.115+0000] {processor.py:175} INFO - Processing /home/airflow/.local/lib/python3.7/site-packages/airflow/example_dags/example_branch_operator.py took 0.168 seconds
[2023-05-02T08:27:44.121+0000] {processor.py:153} INFO - Started process (PID=54) to work on /home/airflow/.local/lib/python3.7/site-packages/airflow/example_dags/example_branch_operator.py
[2023-05-02T08:27:44.121+0000] {processor.py:743} INFO - Processing file /home/airflow/.local/lib/python3.7/site-packages/airflow/example_dags/example_branch_operator.py for tasks to queue
[2023-05-02T08:27:44.124+0000] {logging_mixin.py:137} INFO - [2023-05-02T08:27:44.124+0000] {dagbag.py:532} INFO - Filling up the DagBag from /home/airflow/.local/lib/python3.7/site-packages/airflow/example_dags/example_branch_operator.py
[2023-05-02T08:27:44.198+0000] {processor.py:753} INFO - DAG(s) dict_keys(['example_branch_operator']) retrieved from /home/airflow/.local/lib/python3.7/site-packages/airflow/example_dags/example_branch_operator.py
[2023-05-02T08:27:44.280+0000] {logging_mixin.py:137} INFO - [2023-05-02T08:27:44.280+0000] {dag.py:2705} INFO - Sync 1 DAGs
[2023-05-02T08:27:44.335+0000] {logging_mixin.py:137} INFO - [2023-05-02T08:27:44.335+0000] {dag.py:3456} INFO - Setting next_dagrun for example_branch_operator to 2023-05-01T00:00:00+00:00, run_after=2023-05-02T00:00:00+00:00
[2023-05-02T08:27:44.411+0000] {processor.py:175} INFO - Processing /home/airflow/.local/lib/python3.7/site-packages/airflow/example_dags/example_branch_operator.py took 0.298 seconds
[2023-05-02T08:28:50.944+0000] {processor.py:153} INFO - Started process (PID=45) to work on /home/airflow/.local/lib/python3.7/site-packages/airflow/example_dags/example_branch_operator.py
[2023-05-02T08:28:50.944+0000] {processor.py:743} INFO - Processing file /home/airflow/.local/lib/python3.7/site-packages/airflow/example_dags/example_branch_operator.py for tasks to queue
[2023-05-02T08:28:50.945+0000] {logging_mixin.py:137} INFO - [2023-05-02T08:28:50.945+0000] {dagbag.py:532} INFO - Filling up the DagBag from /home/airflow/.local/lib/python3.7/site-packages/airflow/example_dags/example_branch_operator.py
[2023-05-02T08:28:50.960+0000] {processor.py:753} INFO - DAG(s) dict_keys(['example_branch_operator']) retrieved from /home/airflow/.local/lib/python3.7/site-packages/airflow/example_dags/example_branch_operator.py
[2023-05-02T08:28:50.993+0000] {logging_mixin.py:137} INFO - [2023-05-02T08:28:50.992+0000] {dag.py:2705} INFO - Sync 1 DAGs
[2023-05-02T08:28:51.011+0000] {logging_mixin.py:137} INFO - [2023-05-02T08:28:51.011+0000] {dag.py:3456} INFO - Setting next_dagrun for example_branch_operator to 2023-05-01T00:00:00+00:00, run_after=2023-05-02T00:00:00+00:00
[2023-05-02T08:28:51.037+0000] {processor.py:175} INFO - Processing /home/airflow/.local/lib/python3.7/site-packages/airflow/example_dags/example_branch_operator.py took 0.096 seconds
[2023-05-02T08:29:43.874+0000] {processor.py:153} INFO - Started process (PID=45) to work on /home/airflow/.local/lib/python3.7/site-packages/airflow/example_dags/example_branch_operator.py
[2023-05-02T08:29:43.874+0000] {processor.py:743} INFO - Processing file /home/airflow/.local/lib/python3.7/site-packages/airflow/example_dags/example_branch_operator.py for tasks to queue
[2023-05-02T08:29:43.875+0000] {logging_mixin.py:137} INFO - [2023-05-02T08:29:43.875+0000] {dagbag.py:532} INFO - Filling up the DagBag from /home/airflow/.local/lib/python3.7/site-packages/airflow/example_dags/example_branch_operator.py
[2023-05-02T08:29:43.906+0000] {processor.py:753} INFO - DAG(s) dict_keys(['example_branch_operator']) retrieved from /home/airflow/.local/lib/python3.7/site-packages/airflow/example_dags/example_branch_operator.py
[2023-05-02T08:29:43.939+0000] {logging_mixin.py:137} INFO - [2023-05-02T08:29:43.939+0000] {dag.py:2705} INFO - Sync 1 DAGs
[2023-05-02T08:29:43.959+0000] {logging_mixin.py:137} INFO - [2023-05-02T08:29:43.959+0000] {dag.py:3456} INFO - Setting next_dagrun for example_branch_operator to 2023-05-01T00:00:00+00:00, run_after=2023-05-02T00:00:00+00:00
[2023-05-02T08:29:43.973+0000] {processor.py:175} INFO - Processing /home/airflow/.local/lib/python3.7/site-packages/airflow/example_dags/example_branch_operator.py took 0.103 seconds
[2023-05-02T08:32:23.966+0000] {processor.py:153} INFO - Started process (PID=46) to work on /home/airflow/.local/lib/python3.7/site-packages/airflow/example_dags/example_branch_operator.py
[2023-05-02T08:32:23.968+0000] {processor.py:743} INFO - Processing file /home/airflow/.local/lib/python3.7/site-packages/airflow/example_dags/example_branch_operator.py for tasks to queue
[2023-05-02T08:32:23.970+0000] {logging_mixin.py:137} INFO - [2023-05-02T08:32:23.970+0000] {dagbag.py:532} INFO - Filling up the DagBag from /home/airflow/.local/lib/python3.7/site-packages/airflow/example_dags/example_branch_operator.py
[2023-05-02T08:32:24.050+0000] {processor.py:753} INFO - DAG(s) dict_keys(['example_branch_operator']) retrieved from /home/airflow/.local/lib/python3.7/site-packages/airflow/example_dags/example_branch_operator.py
[2023-05-02T08:32:24.126+0000] {logging_mixin.py:137} INFO - [2023-05-02T08:32:24.126+0000] {dag.py:2705} INFO - Sync 1 DAGs
[2023-05-02T08:32:24.143+0000] {logging_mixin.py:137} INFO - [2023-05-02T08:32:24.142+0000] {dag.py:3456} INFO - Setting next_dagrun for example_branch_operator to 2023-05-01T00:00:00+00:00, run_after=2023-05-02T00:00:00+00:00
[2023-05-02T08:32:24.152+0000] {processor.py:175} INFO - Processing /home/airflow/.local/lib/python3.7/site-packages/airflow/example_dags/example_branch_operator.py took 0.207 seconds
[2023-05-02T08:47:24.452+0000] {processor.py:153} INFO - Started process (PID=45) to work on /home/airflow/.local/lib/python3.7/site-packages/airflow/example_dags/example_branch_operator.py
[2023-05-02T08:47:24.454+0000] {processor.py:743} INFO - Processing file /home/airflow/.local/lib/python3.7/site-packages/airflow/example_dags/example_branch_operator.py for tasks to queue
[2023-05-02T08:47:24.460+0000] {logging_mixin.py:137} INFO - [2023-05-02T08:47:24.460+0000] {dagbag.py:532} INFO - Filling up the DagBag from /home/airflow/.local/lib/python3.7/site-packages/airflow/example_dags/example_branch_operator.py
[2023-05-02T08:47:24.493+0000] {processor.py:753} INFO - DAG(s) dict_keys(['example_branch_operator']) retrieved from /home/airflow/.local/lib/python3.7/site-packages/airflow/example_dags/example_branch_operator.py
[2023-05-02T08:47:24.546+0000] {logging_mixin.py:137} INFO - [2023-05-02T08:47:24.546+0000] {dag.py:2705} INFO - Sync 1 DAGs
[2023-05-02T08:47:24.571+0000] {logging_mixin.py:137} INFO - [2023-05-02T08:47:24.571+0000] {dag.py:3456} INFO - Setting next_dagrun for example_branch_operator to 2023-05-01T00:00:00+00:00, run_after=2023-05-02T00:00:00+00:00
[2023-05-02T08:47:24.589+0000] {processor.py:175} INFO - Processing /home/airflow/.local/lib/python3.7/site-packages/airflow/example_dags/example_branch_operator.py took 0.140 seconds
[2023-05-02T08:48:13.823+0000] {processor.py:153} INFO - Started process (PID=46) to work on /home/airflow/.local/lib/python3.7/site-packages/airflow/example_dags/example_branch_operator.py
[2023-05-02T08:48:13.827+0000] {processor.py:743} INFO - Processing file /home/airflow/.local/lib/python3.7/site-packages/airflow/example_dags/example_branch_operator.py for tasks to queue
[2023-05-02T08:48:13.831+0000] {logging_mixin.py:137} INFO - [2023-05-02T08:48:13.831+0000] {dagbag.py:532} INFO - Filling up the DagBag from /home/airflow/.local/lib/python3.7/site-packages/airflow/example_dags/example_branch_operator.py
[2023-05-02T08:48:13.857+0000] {processor.py:753} INFO - DAG(s) dict_keys(['example_branch_operator']) retrieved from /home/airflow/.local/lib/python3.7/site-packages/airflow/example_dags/example_branch_operator.py
[2023-05-02T08:48:13.928+0000] {logging_mixin.py:137} INFO - [2023-05-02T08:48:13.928+0000] {dag.py:2705} INFO - Sync 1 DAGs
[2023-05-02T08:48:13.977+0000] {logging_mixin.py:137} INFO - [2023-05-02T08:48:13.976+0000] {dag.py:3456} INFO - Setting next_dagrun for example_branch_operator to 2023-05-01T00:00:00+00:00, run_after=2023-05-02T00:00:00+00:00
[2023-05-02T08:48:13.998+0000] {processor.py:175} INFO - Processing /home/airflow/.local/lib/python3.7/site-packages/airflow/example_dags/example_branch_operator.py took 0.178 seconds
[2023-05-02T08:55:48.372+0000] {processor.py:153} INFO - Started process (PID=46) to work on /home/airflow/.local/lib/python3.7/site-packages/airflow/example_dags/example_branch_operator.py
[2023-05-02T08:55:48.373+0000] {processor.py:743} INFO - Processing file /home/airflow/.local/lib/python3.7/site-packages/airflow/example_dags/example_branch_operator.py for tasks to queue
[2023-05-02T08:55:48.376+0000] {logging_mixin.py:137} INFO - [2023-05-02T08:55:48.375+0000] {dagbag.py:532} INFO - Filling up the DagBag from /home/airflow/.local/lib/python3.7/site-packages/airflow/example_dags/example_branch_operator.py
[2023-05-02T08:55:48.530+0000] {processor.py:753} INFO - DAG(s) dict_keys(['example_branch_operator']) retrieved from /home/airflow/.local/lib/python3.7/site-packages/airflow/example_dags/example_branch_operator.py
[2023-05-02T08:55:48.804+0000] {logging_mixin.py:137} INFO - [2023-05-02T08:55:48.804+0000] {dag.py:2705} INFO - Sync 1 DAGs
[2023-05-02T08:55:48.917+0000] {logging_mixin.py:137} INFO - [2023-05-02T08:55:48.917+0000] {dag.py:3456} INFO - Setting next_dagrun for example_branch_operator to 2023-05-01T00:00:00+00:00, run_after=2023-05-02T00:00:00+00:00
[2023-05-02T08:55:49.024+0000] {processor.py:175} INFO - Processing /home/airflow/.local/lib/python3.7/site-packages/airflow/example_dags/example_branch_operator.py took 0.715 seconds
[2023-05-02T09:03:25.211+0000] {processor.py:153} INFO - Started process (PID=45) to work on /home/airflow/.local/lib/python3.7/site-packages/airflow/example_dags/example_branch_operator.py
[2023-05-02T09:03:25.221+0000] {processor.py:743} INFO - Processing file /home/airflow/.local/lib/python3.7/site-packages/airflow/example_dags/example_branch_operator.py for tasks to queue
[2023-05-02T09:03:25.222+0000] {logging_mixin.py:137} INFO - [2023-05-02T09:03:25.222+0000] {dagbag.py:532} INFO - Filling up the DagBag from /home/airflow/.local/lib/python3.7/site-packages/airflow/example_dags/example_branch_operator.py
[2023-05-02T09:03:25.322+0000] {processor.py:753} INFO - DAG(s) dict_keys(['example_branch_operator']) retrieved from /home/airflow/.local/lib/python3.7/site-packages/airflow/example_dags/example_branch_operator.py
[2023-05-02T09:03:25.572+0000] {logging_mixin.py:137} INFO - [2023-05-02T09:03:25.572+0000] {dag.py:2705} INFO - Sync 1 DAGs
[2023-05-02T09:03:25.658+0000] {logging_mixin.py:137} INFO - [2023-05-02T09:03:25.658+0000] {dag.py:3456} INFO - Setting next_dagrun for example_branch_operator to 2023-05-01T00:00:00+00:00, run_after=2023-05-02T00:00:00+00:00
[2023-05-02T09:03:25.750+0000] {processor.py:175} INFO - Processing /home/airflow/.local/lib/python3.7/site-packages/airflow/example_dags/example_branch_operator.py took 0.556 seconds
[2023-05-02T09:06:14.725+0000] {processor.py:153} INFO - Started process (PID=45) to work on /home/airflow/.local/lib/python3.7/site-packages/airflow/example_dags/example_branch_operator.py
[2023-05-02T09:06:14.726+0000] {processor.py:743} INFO - Processing file /home/airflow/.local/lib/python3.7/site-packages/airflow/example_dags/example_branch_operator.py for tasks to queue
[2023-05-02T09:06:14.726+0000] {logging_mixin.py:137} INFO - [2023-05-02T09:06:14.726+0000] {dagbag.py:532} INFO - Filling up the DagBag from /home/airflow/.local/lib/python3.7/site-packages/airflow/example_dags/example_branch_operator.py
[2023-05-02T09:06:14.777+0000] {processor.py:753} INFO - DAG(s) dict_keys(['example_branch_operator']) retrieved from /home/airflow/.local/lib/python3.7/site-packages/airflow/example_dags/example_branch_operator.py
[2023-05-02T09:06:14.848+0000] {logging_mixin.py:137} INFO - [2023-05-02T09:06:14.848+0000] {dag.py:2705} INFO - Sync 1 DAGs
[2023-05-02T09:06:14.923+0000] {logging_mixin.py:137} INFO - [2023-05-02T09:06:14.923+0000] {dag.py:3456} INFO - Setting next_dagrun for example_branch_operator to 2023-05-01T00:00:00+00:00, run_after=2023-05-02T00:00:00+00:00
[2023-05-02T09:06:14.994+0000] {processor.py:175} INFO - Processing /home/airflow/.local/lib/python3.7/site-packages/airflow/example_dags/example_branch_operator.py took 0.279 seconds
[2023-05-02T09:08:32.952+0000] {processor.py:153} INFO - Started process (PID=49) to work on /home/airflow/.local/lib/python3.7/site-packages/airflow/example_dags/example_branch_operator.py
[2023-05-02T09:08:32.970+0000] {processor.py:743} INFO - Processing file /home/airflow/.local/lib/python3.7/site-packages/airflow/example_dags/example_branch_operator.py for tasks to queue
[2023-05-02T09:08:32.978+0000] {logging_mixin.py:137} INFO - [2023-05-02T09:08:32.977+0000] {dagbag.py:532} INFO - Filling up the DagBag from /home/airflow/.local/lib/python3.7/site-packages/airflow/example_dags/example_branch_operator.py
[2023-05-02T09:08:33.107+0000] {processor.py:753} INFO - DAG(s) dict_keys(['example_branch_operator']) retrieved from /home/airflow/.local/lib/python3.7/site-packages/airflow/example_dags/example_branch_operator.py
[2023-05-02T09:08:33.175+0000] {logging_mixin.py:137} INFO - [2023-05-02T09:08:33.175+0000] {dag.py:2705} INFO - Sync 1 DAGs
[2023-05-02T09:08:33.265+0000] {logging_mixin.py:137} INFO - [2023-05-02T09:08:33.265+0000] {dag.py:3456} INFO - Setting next_dagrun for example_branch_operator to 2023-05-01T00:00:00+00:00, run_after=2023-05-02T00:00:00+00:00
[2023-05-02T09:08:33.343+0000] {processor.py:175} INFO - Processing /home/airflow/.local/lib/python3.7/site-packages/airflow/example_dags/example_branch_operator.py took 0.393 seconds
[2023-05-02T09:10:50.905+0000] {processor.py:153} INFO - Started process (PID=45) to work on /home/airflow/.local/lib/python3.7/site-packages/airflow/example_dags/example_branch_operator.py
[2023-05-02T09:10:50.907+0000] {processor.py:743} INFO - Processing file /home/airflow/.local/lib/python3.7/site-packages/airflow/example_dags/example_branch_operator.py for tasks to queue
[2023-05-02T09:10:50.908+0000] {logging_mixin.py:137} INFO - [2023-05-02T09:10:50.908+0000] {dagbag.py:532} INFO - Filling up the DagBag from /home/airflow/.local/lib/python3.7/site-packages/airflow/example_dags/example_branch_operator.py
[2023-05-02T09:10:50.973+0000] {processor.py:753} INFO - DAG(s) dict_keys(['example_branch_operator']) retrieved from /home/airflow/.local/lib/python3.7/site-packages/airflow/example_dags/example_branch_operator.py
[2023-05-02T09:10:51.074+0000] {logging_mixin.py:137} INFO - [2023-05-02T09:10:51.074+0000] {dag.py:2705} INFO - Sync 1 DAGs
[2023-05-02T09:10:51.180+0000] {logging_mixin.py:137} INFO - [2023-05-02T09:10:51.180+0000] {dag.py:3456} INFO - Setting next_dagrun for example_branch_operator to 2023-05-01T00:00:00+00:00, run_after=2023-05-02T00:00:00+00:00
[2023-05-02T09:10:51.259+0000] {processor.py:175} INFO - Processing /home/airflow/.local/lib/python3.7/site-packages/airflow/example_dags/example_branch_operator.py took 0.356 seconds
[2023-05-02T09:12:03.736+0000] {processor.py:153} INFO - Started process (PID=47) to work on /home/airflow/.local/lib/python3.7/site-packages/airflow/example_dags/example_branch_operator.py
[2023-05-02T09:12:03.751+0000] {processor.py:743} INFO - Processing file /home/airflow/.local/lib/python3.7/site-packages/airflow/example_dags/example_branch_operator.py for tasks to queue
[2023-05-02T09:12:03.757+0000] {logging_mixin.py:137} INFO - [2023-05-02T09:12:03.755+0000] {dagbag.py:532} INFO - Filling up the DagBag from /home/airflow/.local/lib/python3.7/site-packages/airflow/example_dags/example_branch_operator.py
[2023-05-02T09:12:03.973+0000] {processor.py:753} INFO - DAG(s) dict_keys(['example_branch_operator']) retrieved from /home/airflow/.local/lib/python3.7/site-packages/airflow/example_dags/example_branch_operator.py
[2023-05-02T09:18:09.493+0000] {processor.py:153} INFO - Started process (PID=45) to work on /home/airflow/.local/lib/python3.7/site-packages/airflow/example_dags/example_branch_operator.py
[2023-05-02T09:18:09.504+0000] {processor.py:743} INFO - Processing file /home/airflow/.local/lib/python3.7/site-packages/airflow/example_dags/example_branch_operator.py for tasks to queue
[2023-05-02T09:18:09.509+0000] {logging_mixin.py:137} INFO - [2023-05-02T09:18:09.505+0000] {dagbag.py:532} INFO - Filling up the DagBag from /home/airflow/.local/lib/python3.7/site-packages/airflow/example_dags/example_branch_operator.py
[2023-05-02T09:18:09.584+0000] {processor.py:753} INFO - DAG(s) dict_keys(['example_branch_operator']) retrieved from /home/airflow/.local/lib/python3.7/site-packages/airflow/example_dags/example_branch_operator.py
[2023-05-02T09:18:09.636+0000] {logging_mixin.py:137} INFO - [2023-05-02T09:18:09.636+0000] {dag.py:2705} INFO - Sync 1 DAGs
[2023-05-02T09:18:09.704+0000] {logging_mixin.py:137} INFO - [2023-05-02T09:18:09.703+0000] {dag.py:3456} INFO - Setting next_dagrun for example_branch_operator to 2023-05-01T00:00:00+00:00, run_after=2023-05-02T00:00:00+00:00
[2023-05-02T09:18:09.738+0000] {processor.py:175} INFO - Processing /home/airflow/.local/lib/python3.7/site-packages/airflow/example_dags/example_branch_operator.py took 0.248 seconds
[2023-05-02T09:22:26.240+0000] {processor.py:153} INFO - Started process (PID=44) to work on /home/airflow/.local/lib/python3.7/site-packages/airflow/example_dags/example_branch_operator.py
[2023-05-02T09:22:26.241+0000] {processor.py:743} INFO - Processing file /home/airflow/.local/lib/python3.7/site-packages/airflow/example_dags/example_branch_operator.py for tasks to queue
[2023-05-02T09:22:26.242+0000] {logging_mixin.py:137} INFO - [2023-05-02T09:22:26.242+0000] {dagbag.py:532} INFO - Filling up the DagBag from /home/airflow/.local/lib/python3.7/site-packages/airflow/example_dags/example_branch_operator.py
[2023-05-02T09:22:26.312+0000] {processor.py:753} INFO - DAG(s) dict_keys(['example_branch_operator']) retrieved from /home/airflow/.local/lib/python3.7/site-packages/airflow/example_dags/example_branch_operator.py
[2023-05-02T09:22:26.403+0000] {logging_mixin.py:137} INFO - [2023-05-02T09:22:26.374+0000] {dag.py:2705} INFO - Sync 1 DAGs
[2023-05-02T09:22:26.550+0000] {logging_mixin.py:137} INFO - [2023-05-02T09:22:26.550+0000] {dag.py:3456} INFO - Setting next_dagrun for example_branch_operator to 2023-05-01T00:00:00+00:00, run_after=2023-05-02T00:00:00+00:00
[2023-05-02T09:22:26.636+0000] {processor.py:175} INFO - Processing /home/airflow/.local/lib/python3.7/site-packages/airflow/example_dags/example_branch_operator.py took 0.400 seconds
[2023-05-02T09:24:44.777+0000] {processor.py:153} INFO - Started process (PID=47) to work on /home/airflow/.local/lib/python3.7/site-packages/airflow/example_dags/example_branch_operator.py
[2023-05-02T09:24:44.779+0000] {processor.py:743} INFO - Processing file /home/airflow/.local/lib/python3.7/site-packages/airflow/example_dags/example_branch_operator.py for tasks to queue
[2023-05-02T09:24:44.787+0000] {logging_mixin.py:137} INFO - [2023-05-02T09:24:44.787+0000] {dagbag.py:532} INFO - Filling up the DagBag from /home/airflow/.local/lib/python3.7/site-packages/airflow/example_dags/example_branch_operator.py
[2023-05-02T09:24:44.861+0000] {processor.py:753} INFO - DAG(s) dict_keys(['example_branch_operator']) retrieved from /home/airflow/.local/lib/python3.7/site-packages/airflow/example_dags/example_branch_operator.py
[2023-05-02T09:24:44.951+0000] {logging_mixin.py:137} INFO - [2023-05-02T09:24:44.951+0000] {dag.py:2705} INFO - Sync 1 DAGs
[2023-05-02T09:24:45.059+0000] {logging_mixin.py:137} INFO - [2023-05-02T09:24:45.059+0000] {dag.py:3456} INFO - Setting next_dagrun for example_branch_operator to 2023-05-01T00:00:00+00:00, run_after=2023-05-02T00:00:00+00:00
[2023-05-02T09:24:45.138+0000] {processor.py:175} INFO - Processing /home/airflow/.local/lib/python3.7/site-packages/airflow/example_dags/example_branch_operator.py took 0.372 seconds
[2023-05-02T09:26:22.546+0000] {processor.py:153} INFO - Started process (PID=45) to work on /home/airflow/.local/lib/python3.7/site-packages/airflow/example_dags/example_branch_operator.py
[2023-05-02T09:26:22.546+0000] {processor.py:743} INFO - Processing file /home/airflow/.local/lib/python3.7/site-packages/airflow/example_dags/example_branch_operator.py for tasks to queue
[2023-05-02T09:26:22.547+0000] {logging_mixin.py:137} INFO - [2023-05-02T09:26:22.547+0000] {dagbag.py:532} INFO - Filling up the DagBag from /home/airflow/.local/lib/python3.7/site-packages/airflow/example_dags/example_branch_operator.py
[2023-05-02T09:26:22.578+0000] {processor.py:753} INFO - DAG(s) dict_keys(['example_branch_operator']) retrieved from /home/airflow/.local/lib/python3.7/site-packages/airflow/example_dags/example_branch_operator.py
[2023-05-02T09:26:22.604+0000] {logging_mixin.py:137} INFO - [2023-05-02T09:26:22.604+0000] {dag.py:2705} INFO - Sync 1 DAGs
[2023-05-02T09:26:22.627+0000] {logging_mixin.py:137} INFO - [2023-05-02T09:26:22.627+0000] {dag.py:3456} INFO - Setting next_dagrun for example_branch_operator to 2023-05-01T00:00:00+00:00, run_after=2023-05-02T00:00:00+00:00
[2023-05-02T09:26:22.666+0000] {processor.py:175} INFO - Processing /home/airflow/.local/lib/python3.7/site-packages/airflow/example_dags/example_branch_operator.py took 0.123 seconds
[2023-05-02T09:26:55.932+0000] {processor.py:153} INFO - Started process (PID=44) to work on /home/airflow/.local/lib/python3.7/site-packages/airflow/example_dags/example_branch_operator.py
[2023-05-02T09:26:55.932+0000] {processor.py:743} INFO - Processing file /home/airflow/.local/lib/python3.7/site-packages/airflow/example_dags/example_branch_operator.py for tasks to queue
[2023-05-02T09:26:55.933+0000] {logging_mixin.py:137} INFO - [2023-05-02T09:26:55.933+0000] {dagbag.py:532} INFO - Filling up the DagBag from /home/airflow/.local/lib/python3.7/site-packages/airflow/example_dags/example_branch_operator.py
[2023-05-02T09:26:55.977+0000] {processor.py:753} INFO - DAG(s) dict_keys(['example_branch_operator']) retrieved from /home/airflow/.local/lib/python3.7/site-packages/airflow/example_dags/example_branch_operator.py
[2023-05-02T09:26:56.123+0000] {logging_mixin.py:137} INFO - [2023-05-02T09:26:56.119+0000] {dag.py:2705} INFO - Sync 1 DAGs
[2023-05-02T09:26:56.195+0000] {logging_mixin.py:137} INFO - [2023-05-02T09:26:56.195+0000] {dag.py:3456} INFO - Setting next_dagrun for example_branch_operator to 2023-05-01T00:00:00+00:00, run_after=2023-05-02T00:00:00+00:00
[2023-05-02T09:26:56.281+0000] {processor.py:175} INFO - Processing /home/airflow/.local/lib/python3.7/site-packages/airflow/example_dags/example_branch_operator.py took 0.351 seconds
[2023-05-02T09:27:53.103+0000] {processor.py:153} INFO - Started process (PID=45) to work on /home/airflow/.local/lib/python3.7/site-packages/airflow/example_dags/example_branch_operator.py
[2023-05-02T09:27:53.116+0000] {processor.py:743} INFO - Processing file /home/airflow/.local/lib/python3.7/site-packages/airflow/example_dags/example_branch_operator.py for tasks to queue
[2023-05-02T09:27:53.122+0000] {logging_mixin.py:137} INFO - [2023-05-02T09:27:53.122+0000] {dagbag.py:532} INFO - Filling up the DagBag from /home/airflow/.local/lib/python3.7/site-packages/airflow/example_dags/example_branch_operator.py
[2023-05-02T09:27:53.267+0000] {processor.py:753} INFO - DAG(s) dict_keys(['example_branch_operator']) retrieved from /home/airflow/.local/lib/python3.7/site-packages/airflow/example_dags/example_branch_operator.py
[2023-05-02T09:27:54.463+0000] {logging_mixin.py:137} INFO - [2023-05-02T09:27:54.461+0000] {dag.py:2705} INFO - Sync 1 DAGs
[2023-05-02T09:28:46.349+0000] {processor.py:153} INFO - Started process (PID=53) to work on /home/airflow/.local/lib/python3.7/site-packages/airflow/example_dags/example_branch_operator.py
[2023-05-02T09:28:46.364+0000] {processor.py:743} INFO - Processing file /home/airflow/.local/lib/python3.7/site-packages/airflow/example_dags/example_branch_operator.py for tasks to queue
[2023-05-02T09:28:46.382+0000] {logging_mixin.py:137} INFO - [2023-05-02T09:28:46.381+0000] {dagbag.py:532} INFO - Filling up the DagBag from /home/airflow/.local/lib/python3.7/site-packages/airflow/example_dags/example_branch_operator.py
[2023-05-02T09:28:46.677+0000] {processor.py:753} INFO - DAG(s) dict_keys(['example_branch_operator']) retrieved from /home/airflow/.local/lib/python3.7/site-packages/airflow/example_dags/example_branch_operator.py
[2023-05-02T09:28:48.589+0000] {logging_mixin.py:137} INFO - [2023-05-02T09:28:48.588+0000] {dag.py:2705} INFO - Sync 1 DAGs
[2023-05-02T09:28:48.672+0000] {logging_mixin.py:137} INFO - [2023-05-02T09:28:48.671+0000] {dag.py:3456} INFO - Setting next_dagrun for example_branch_operator to 2023-05-01T00:00:00+00:00, run_after=2023-05-02T00:00:00+00:00
[2023-05-02T09:28:48.755+0000] {processor.py:175} INFO - Processing /home/airflow/.local/lib/python3.7/site-packages/airflow/example_dags/example_branch_operator.py took 2.429 seconds
[2023-05-02T09:29:27.634+0000] {processor.py:153} INFO - Started process (PID=46) to work on /home/airflow/.local/lib/python3.7/site-packages/airflow/example_dags/example_branch_operator.py
[2023-05-02T09:29:27.637+0000] {processor.py:743} INFO - Processing file /home/airflow/.local/lib/python3.7/site-packages/airflow/example_dags/example_branch_operator.py for tasks to queue
[2023-05-02T09:29:27.663+0000] {logging_mixin.py:137} INFO - [2023-05-02T09:29:27.663+0000] {dagbag.py:532} INFO - Filling up the DagBag from /home/airflow/.local/lib/python3.7/site-packages/airflow/example_dags/example_branch_operator.py
[2023-05-02T09:29:27.813+0000] {processor.py:753} INFO - DAG(s) dict_keys(['example_branch_operator']) retrieved from /home/airflow/.local/lib/python3.7/site-packages/airflow/example_dags/example_branch_operator.py
[2023-05-02T09:29:27.973+0000] {logging_mixin.py:137} INFO - [2023-05-02T09:29:27.973+0000] {dag.py:2705} INFO - Sync 1 DAGs
[2023-05-02T09:29:28.099+0000] {logging_mixin.py:137} INFO - [2023-05-02T09:29:28.099+0000] {dag.py:3456} INFO - Setting next_dagrun for example_branch_operator to 2023-05-01T00:00:00+00:00, run_after=2023-05-02T00:00:00+00:00
[2023-05-02T09:29:28.188+0000] {processor.py:175} INFO - Processing /home/airflow/.local/lib/python3.7/site-packages/airflow/example_dags/example_branch_operator.py took 0.557 seconds
[2023-05-02T09:30:08.527+0000] {processor.py:153} INFO - Started process (PID=50) to work on /home/airflow/.local/lib/python3.7/site-packages/airflow/example_dags/example_branch_operator.py
[2023-05-02T09:30:08.538+0000] {processor.py:743} INFO - Processing file /home/airflow/.local/lib/python3.7/site-packages/airflow/example_dags/example_branch_operator.py for tasks to queue
[2023-05-02T09:30:08.539+0000] {logging_mixin.py:137} INFO - [2023-05-02T09:30:08.539+0000] {dagbag.py:532} INFO - Filling up the DagBag from /home/airflow/.local/lib/python3.7/site-packages/airflow/example_dags/example_branch_operator.py
[2023-05-02T09:30:10.581+0000] {processor.py:753} INFO - DAG(s) dict_keys(['example_branch_operator']) retrieved from /home/airflow/.local/lib/python3.7/site-packages/airflow/example_dags/example_branch_operator.py
[2023-05-02T09:31:12.897+0000] {processor.py:153} INFO - Started process (PID=45) to work on /home/airflow/.local/lib/python3.7/site-packages/airflow/example_dags/example_branch_operator.py
[2023-05-02T09:31:12.907+0000] {processor.py:743} INFO - Processing file /home/airflow/.local/lib/python3.7/site-packages/airflow/example_dags/example_branch_operator.py for tasks to queue
[2023-05-02T09:31:12.910+0000] {logging_mixin.py:137} INFO - [2023-05-02T09:31:12.910+0000] {dagbag.py:532} INFO - Filling up the DagBag from /home/airflow/.local/lib/python3.7/site-packages/airflow/example_dags/example_branch_operator.py
[2023-05-02T09:31:13.027+0000] {processor.py:753} INFO - DAG(s) dict_keys(['example_branch_operator']) retrieved from /home/airflow/.local/lib/python3.7/site-packages/airflow/example_dags/example_branch_operator.py
[2023-05-02T09:31:17.192+0000] {logging_mixin.py:137} INFO - [2023-05-02T09:31:17.184+0000] {dag.py:2705} INFO - Sync 1 DAGs
[2023-05-02T09:33:47.146+0000] {processor.py:153} INFO - Started process (PID=45) to work on /home/airflow/.local/lib/python3.7/site-packages/airflow/example_dags/example_branch_operator.py
[2023-05-02T09:33:47.148+0000] {processor.py:743} INFO - Processing file /home/airflow/.local/lib/python3.7/site-packages/airflow/example_dags/example_branch_operator.py for tasks to queue
[2023-05-02T09:33:47.150+0000] {logging_mixin.py:137} INFO - [2023-05-02T09:33:47.150+0000] {dagbag.py:532} INFO - Filling up the DagBag from /home/airflow/.local/lib/python3.7/site-packages/airflow/example_dags/example_branch_operator.py
[2023-05-02T09:33:47.347+0000] {processor.py:753} INFO - DAG(s) dict_keys(['example_branch_operator']) retrieved from /home/airflow/.local/lib/python3.7/site-packages/airflow/example_dags/example_branch_operator.py
[2023-05-02T09:33:47.455+0000] {logging_mixin.py:137} INFO - [2023-05-02T09:33:47.454+0000] {dag.py:2705} INFO - Sync 1 DAGs
[2023-05-02T09:35:36.047+0000] {processor.py:153} INFO - Started process (PID=47) to work on /home/airflow/.local/lib/python3.7/site-packages/airflow/example_dags/example_branch_operator.py
[2023-05-02T09:35:36.048+0000] {processor.py:743} INFO - Processing file /home/airflow/.local/lib/python3.7/site-packages/airflow/example_dags/example_branch_operator.py for tasks to queue
[2023-05-02T09:35:36.049+0000] {logging_mixin.py:137} INFO - [2023-05-02T09:35:36.049+0000] {dagbag.py:532} INFO - Filling up the DagBag from /home/airflow/.local/lib/python3.7/site-packages/airflow/example_dags/example_branch_operator.py
[2023-05-02T09:35:36.114+0000] {processor.py:753} INFO - DAG(s) dict_keys(['example_branch_operator']) retrieved from /home/airflow/.local/lib/python3.7/site-packages/airflow/example_dags/example_branch_operator.py
[2023-05-02T09:35:36.279+0000] {logging_mixin.py:137} INFO - [2023-05-02T09:35:36.279+0000] {dag.py:2705} INFO - Sync 1 DAGs
[2023-05-02T09:35:36.396+0000] {logging_mixin.py:137} INFO - [2023-05-02T09:35:36.394+0000] {dag.py:3456} INFO - Setting next_dagrun for example_branch_operator to 2023-05-01T00:00:00+00:00, run_after=2023-05-02T00:00:00+00:00
[2023-05-02T09:35:36.665+0000] {processor.py:175} INFO - Processing /home/airflow/.local/lib/python3.7/site-packages/airflow/example_dags/example_branch_operator.py took 0.621 seconds
[2023-05-02T09:38:42.731+0000] {processor.py:153} INFO - Started process (PID=44) to work on /home/airflow/.local/lib/python3.7/site-packages/airflow/example_dags/example_branch_operator.py
[2023-05-02T09:38:42.735+0000] {processor.py:743} INFO - Processing file /home/airflow/.local/lib/python3.7/site-packages/airflow/example_dags/example_branch_operator.py for tasks to queue
[2023-05-02T09:38:42.739+0000] {logging_mixin.py:137} INFO - [2023-05-02T09:38:42.739+0000] {dagbag.py:532} INFO - Filling up the DagBag from /home/airflow/.local/lib/python3.7/site-packages/airflow/example_dags/example_branch_operator.py
[2023-05-02T09:38:42.793+0000] {processor.py:753} INFO - DAG(s) dict_keys(['example_branch_operator']) retrieved from /home/airflow/.local/lib/python3.7/site-packages/airflow/example_dags/example_branch_operator.py
[2023-05-02T09:38:42.877+0000] {logging_mixin.py:137} INFO - [2023-05-02T09:38:42.876+0000] {dag.py:2705} INFO - Sync 1 DAGs
[2023-05-02T09:38:42.944+0000] {logging_mixin.py:137} INFO - [2023-05-02T09:38:42.944+0000] {dag.py:3456} INFO - Setting next_dagrun for example_branch_operator to 2023-05-01T00:00:00+00:00, run_after=2023-05-02T00:00:00+00:00
[2023-05-02T09:38:43.009+0000] {processor.py:175} INFO - Processing /home/airflow/.local/lib/python3.7/site-packages/airflow/example_dags/example_branch_operator.py took 0.293 seconds
[2023-05-02T09:45:17.520+0000] {processor.py:153} INFO - Started process (PID=45) to work on /home/airflow/.local/lib/python3.7/site-packages/airflow/example_dags/example_branch_operator.py
[2023-05-02T09:45:17.523+0000] {processor.py:743} INFO - Processing file /home/airflow/.local/lib/python3.7/site-packages/airflow/example_dags/example_branch_operator.py for tasks to queue
[2023-05-02T09:45:17.524+0000] {logging_mixin.py:137} INFO - [2023-05-02T09:45:17.523+0000] {dagbag.py:532} INFO - Filling up the DagBag from /home/airflow/.local/lib/python3.7/site-packages/airflow/example_dags/example_branch_operator.py
[2023-05-02T09:45:17.607+0000] {processor.py:753} INFO - DAG(s) dict_keys(['example_branch_operator']) retrieved from /home/airflow/.local/lib/python3.7/site-packages/airflow/example_dags/example_branch_operator.py
[2023-05-02T09:45:17.745+0000] {logging_mixin.py:137} INFO - [2023-05-02T09:45:17.741+0000] {dag.py:2705} INFO - Sync 1 DAGs
[2023-05-02T09:45:18.461+0000] {logging_mixin.py:137} INFO - [2023-05-02T09:45:18.186+0000] {dag.py:3456} INFO - Setting next_dagrun for example_branch_operator to 2023-05-01T00:00:00+00:00, run_after=2023-05-02T00:00:00+00:00
[2023-05-02T09:48:42.642+0000] {processor.py:153} INFO - Started process (PID=45) to work on /home/airflow/.local/lib/python3.7/site-packages/airflow/example_dags/example_branch_operator.py
[2023-05-02T09:48:42.646+0000] {processor.py:743} INFO - Processing file /home/airflow/.local/lib/python3.7/site-packages/airflow/example_dags/example_branch_operator.py for tasks to queue
[2023-05-02T09:48:42.646+0000] {logging_mixin.py:137} INFO - [2023-05-02T09:48:42.646+0000] {dagbag.py:532} INFO - Filling up the DagBag from /home/airflow/.local/lib/python3.7/site-packages/airflow/example_dags/example_branch_operator.py
[2023-05-02T09:48:42.684+0000] {processor.py:753} INFO - DAG(s) dict_keys(['example_branch_operator']) retrieved from /home/airflow/.local/lib/python3.7/site-packages/airflow/example_dags/example_branch_operator.py
[2023-05-02T09:48:42.733+0000] {logging_mixin.py:137} INFO - [2023-05-02T09:48:42.733+0000] {dag.py:2705} INFO - Sync 1 DAGs
[2023-05-02T09:48:42.763+0000] {logging_mixin.py:137} INFO - [2023-05-02T09:48:42.762+0000] {dag.py:3456} INFO - Setting next_dagrun for example_branch_operator to 2023-05-01T00:00:00+00:00, run_after=2023-05-02T00:00:00+00:00
[2023-05-02T09:48:42.784+0000] {processor.py:175} INFO - Processing /home/airflow/.local/lib/python3.7/site-packages/airflow/example_dags/example_branch_operator.py took 0.144 seconds
[2023-05-02T10:18:32.576+0000] {processor.py:153} INFO - Started process (PID=45) to work on /home/airflow/.local/lib/python3.7/site-packages/airflow/example_dags/example_branch_operator.py
[2023-05-02T10:18:32.581+0000] {processor.py:743} INFO - Processing file /home/airflow/.local/lib/python3.7/site-packages/airflow/example_dags/example_branch_operator.py for tasks to queue
[2023-05-02T10:18:32.584+0000] {logging_mixin.py:137} INFO - [2023-05-02T10:18:32.584+0000] {dagbag.py:532} INFO - Filling up the DagBag from /home/airflow/.local/lib/python3.7/site-packages/airflow/example_dags/example_branch_operator.py
[2023-05-02T10:18:32.604+0000] {processor.py:753} INFO - DAG(s) dict_keys(['example_branch_operator']) retrieved from /home/airflow/.local/lib/python3.7/site-packages/airflow/example_dags/example_branch_operator.py
[2023-05-02T10:18:32.641+0000] {logging_mixin.py:137} INFO - [2023-05-02T10:18:32.641+0000] {dag.py:2705} INFO - Sync 1 DAGs
[2023-05-02T10:18:32.659+0000] {logging_mixin.py:137} INFO - [2023-05-02T10:18:32.659+0000] {dag.py:3456} INFO - Setting next_dagrun for example_branch_operator to 2023-05-01T00:00:00+00:00, run_after=2023-05-02T00:00:00+00:00
[2023-05-02T10:18:32.672+0000] {processor.py:175} INFO - Processing /home/airflow/.local/lib/python3.7/site-packages/airflow/example_dags/example_branch_operator.py took 0.098 seconds
[2023-05-02T10:19:39.533+0000] {processor.py:153} INFO - Started process (PID=44) to work on /home/airflow/.local/lib/python3.7/site-packages/airflow/example_dags/example_branch_operator.py
[2023-05-02T10:19:39.535+0000] {processor.py:743} INFO - Processing file /home/airflow/.local/lib/python3.7/site-packages/airflow/example_dags/example_branch_operator.py for tasks to queue
[2023-05-02T10:19:39.556+0000] {logging_mixin.py:137} INFO - [2023-05-02T10:19:39.556+0000] {dagbag.py:532} INFO - Filling up the DagBag from /home/airflow/.local/lib/python3.7/site-packages/airflow/example_dags/example_branch_operator.py
[2023-05-02T10:19:39.713+0000] {processor.py:753} INFO - DAG(s) dict_keys(['example_branch_operator']) retrieved from /home/airflow/.local/lib/python3.7/site-packages/airflow/example_dags/example_branch_operator.py
[2023-05-02T10:19:39.889+0000] {logging_mixin.py:137} INFO - [2023-05-02T10:19:39.889+0000] {dag.py:2705} INFO - Sync 1 DAGs
[2023-05-02T10:19:40.201+0000] {logging_mixin.py:137} INFO - [2023-05-02T10:19:40.201+0000] {dag.py:3456} INFO - Setting next_dagrun for example_branch_operator to 2023-05-01T00:00:00+00:00, run_after=2023-05-02T00:00:00+00:00
[2023-05-02T10:19:40.634+0000] {processor.py:175} INFO - Processing /home/airflow/.local/lib/python3.7/site-packages/airflow/example_dags/example_branch_operator.py took 1.152 seconds
[2023-05-02T10:22:22.768+0000] {processor.py:153} INFO - Started process (PID=45) to work on /home/airflow/.local/lib/python3.7/site-packages/airflow/example_dags/example_branch_operator.py
[2023-05-02T10:22:22.770+0000] {processor.py:743} INFO - Processing file /home/airflow/.local/lib/python3.7/site-packages/airflow/example_dags/example_branch_operator.py for tasks to queue
[2023-05-02T10:22:22.774+0000] {logging_mixin.py:137} INFO - [2023-05-02T10:22:22.774+0000] {dagbag.py:532} INFO - Filling up the DagBag from /home/airflow/.local/lib/python3.7/site-packages/airflow/example_dags/example_branch_operator.py
[2023-05-02T10:22:22.821+0000] {processor.py:753} INFO - DAG(s) dict_keys(['example_branch_operator']) retrieved from /home/airflow/.local/lib/python3.7/site-packages/airflow/example_dags/example_branch_operator.py
[2023-05-02T10:22:22.906+0000] {logging_mixin.py:137} INFO - [2023-05-02T10:22:22.906+0000] {dag.py:2705} INFO - Sync 1 DAGs
[2023-05-02T10:22:22.982+0000] {logging_mixin.py:137} INFO - [2023-05-02T10:22:22.982+0000] {dag.py:3456} INFO - Setting next_dagrun for example_branch_operator to 2023-05-01T00:00:00+00:00, run_after=2023-05-02T00:00:00+00:00
[2023-05-02T10:22:23.022+0000] {processor.py:175} INFO - Processing /home/airflow/.local/lib/python3.7/site-packages/airflow/example_dags/example_branch_operator.py took 0.259 seconds
[2023-05-02T10:28:52.629+0000] {processor.py:153} INFO - Started process (PID=45) to work on /home/airflow/.local/lib/python3.7/site-packages/airflow/example_dags/example_branch_operator.py
[2023-05-02T10:28:52.638+0000] {processor.py:743} INFO - Processing file /home/airflow/.local/lib/python3.7/site-packages/airflow/example_dags/example_branch_operator.py for tasks to queue
[2023-05-02T10:28:52.642+0000] {logging_mixin.py:137} INFO - [2023-05-02T10:28:52.642+0000] {dagbag.py:532} INFO - Filling up the DagBag from /home/airflow/.local/lib/python3.7/site-packages/airflow/example_dags/example_branch_operator.py
[2023-05-02T10:28:52.768+0000] {processor.py:753} INFO - DAG(s) dict_keys(['example_branch_operator']) retrieved from /home/airflow/.local/lib/python3.7/site-packages/airflow/example_dags/example_branch_operator.py
[2023-05-02T10:28:52.877+0000] {logging_mixin.py:137} INFO - [2023-05-02T10:28:52.877+0000] {dag.py:2705} INFO - Sync 1 DAGs
[2023-05-02T10:28:52.979+0000] {logging_mixin.py:137} INFO - [2023-05-02T10:28:52.979+0000] {dag.py:3456} INFO - Setting next_dagrun for example_branch_operator to 2023-05-01T00:00:00+00:00, run_after=2023-05-02T00:00:00+00:00
[2023-05-02T10:28:53.118+0000] {processor.py:175} INFO - Processing /home/airflow/.local/lib/python3.7/site-packages/airflow/example_dags/example_branch_operator.py took 0.494 seconds
[2023-05-02T10:29:15.486+0000] {processor.py:153} INFO - Started process (PID=45) to work on /home/airflow/.local/lib/python3.7/site-packages/airflow/example_dags/example_branch_operator.py
[2023-05-02T10:29:15.487+0000] {processor.py:743} INFO - Processing file /home/airflow/.local/lib/python3.7/site-packages/airflow/example_dags/example_branch_operator.py for tasks to queue
[2023-05-02T10:29:15.491+0000] {logging_mixin.py:137} INFO - [2023-05-02T10:29:15.491+0000] {dagbag.py:532} INFO - Filling up the DagBag from /home/airflow/.local/lib/python3.7/site-packages/airflow/example_dags/example_branch_operator.py
[2023-05-02T10:29:15.515+0000] {processor.py:753} INFO - DAG(s) dict_keys(['example_branch_operator']) retrieved from /home/airflow/.local/lib/python3.7/site-packages/airflow/example_dags/example_branch_operator.py
[2023-05-02T10:29:15.538+0000] {logging_mixin.py:137} INFO - [2023-05-02T10:29:15.538+0000] {dag.py:2705} INFO - Sync 1 DAGs
[2023-05-02T10:29:15.570+0000] {logging_mixin.py:137} INFO - [2023-05-02T10:29:15.570+0000] {dag.py:3456} INFO - Setting next_dagrun for example_branch_operator to 2023-05-01T00:00:00+00:00, run_after=2023-05-02T00:00:00+00:00
[2023-05-02T10:29:15.611+0000] {processor.py:175} INFO - Processing /home/airflow/.local/lib/python3.7/site-packages/airflow/example_dags/example_branch_operator.py took 0.128 seconds
