[2023-05-02T08:15:58.832+0000] {processor.py:153} INFO - Started process (PID=56) to work on /home/airflow/.local/lib/python3.7/site-packages/airflow/example_dags/example_trigger_target_dag.py
[2023-05-02T08:15:58.844+0000] {processor.py:743} INFO - Processing file /home/airflow/.local/lib/python3.7/site-packages/airflow/example_dags/example_trigger_target_dag.py for tasks to queue
[2023-05-02T08:15:58.846+0000] {logging_mixin.py:137} INFO - [2023-05-02T08:15:58.846+0000] {dagbag.py:532} INFO - Filling up the DagBag from /home/airflow/.local/lib/python3.7/site-packages/airflow/example_dags/example_trigger_target_dag.py
[2023-05-02T08:15:58.940+0000] {processor.py:753} INFO - DAG(s) dict_keys(['example_trigger_target_dag']) retrieved from /home/airflow/.local/lib/python3.7/site-packages/airflow/example_dags/example_trigger_target_dag.py
[2023-05-02T08:15:59.105+0000] {logging_mixin.py:137} INFO - [2023-05-02T08:15:59.102+0000] {dag.py:2705} INFO - Sync 1 DAGs
[2023-05-02T08:15:59.338+0000] {logging_mixin.py:137} INFO - [2023-05-02T08:15:59.338+0000] {dag.py:3456} INFO - Setting next_dagrun for example_trigger_target_dag to None, run_after=None
[2023-05-02T08:15:59.520+0000] {processor.py:175} INFO - Processing /home/airflow/.local/lib/python3.7/site-packages/airflow/example_dags/example_trigger_target_dag.py took 0.702 seconds
[2023-05-02T08:21:29.673+0000] {processor.py:153} INFO - Started process (PID=56) to work on /home/airflow/.local/lib/python3.7/site-packages/airflow/example_dags/example_trigger_target_dag.py
[2023-05-02T08:21:29.677+0000] {processor.py:743} INFO - Processing file /home/airflow/.local/lib/python3.7/site-packages/airflow/example_dags/example_trigger_target_dag.py for tasks to queue
[2023-05-02T08:21:29.679+0000] {logging_mixin.py:137} INFO - [2023-05-02T08:21:29.678+0000] {dagbag.py:532} INFO - Filling up the DagBag from /home/airflow/.local/lib/python3.7/site-packages/airflow/example_dags/example_trigger_target_dag.py
[2023-05-02T08:21:29.773+0000] {processor.py:753} INFO - DAG(s) dict_keys(['example_trigger_target_dag']) retrieved from /home/airflow/.local/lib/python3.7/site-packages/airflow/example_dags/example_trigger_target_dag.py
[2023-05-02T08:21:29.867+0000] {logging_mixin.py:137} INFO - [2023-05-02T08:21:29.858+0000] {dag.py:2705} INFO - Sync 1 DAGs
[2023-05-02T08:21:30.127+0000] {logging_mixin.py:137} INFO - [2023-05-02T08:21:30.126+0000] {dag.py:3456} INFO - Setting next_dagrun for example_trigger_target_dag to None, run_after=None
[2023-05-02T08:23:50.672+0000] {processor.py:153} INFO - Started process (PID=69) to work on /home/airflow/.local/lib/python3.7/site-packages/airflow/example_dags/example_trigger_target_dag.py
[2023-05-02T08:23:50.680+0000] {processor.py:743} INFO - Processing file /home/airflow/.local/lib/python3.7/site-packages/airflow/example_dags/example_trigger_target_dag.py for tasks to queue
[2023-05-02T08:23:50.690+0000] {logging_mixin.py:137} INFO - [2023-05-02T08:23:50.689+0000] {dagbag.py:532} INFO - Filling up the DagBag from /home/airflow/.local/lib/python3.7/site-packages/airflow/example_dags/example_trigger_target_dag.py
[2023-05-02T08:23:50.761+0000] {processor.py:753} INFO - DAG(s) dict_keys(['example_trigger_target_dag']) retrieved from /home/airflow/.local/lib/python3.7/site-packages/airflow/example_dags/example_trigger_target_dag.py
[2023-05-02T08:23:50.846+0000] {logging_mixin.py:137} INFO - [2023-05-02T08:23:50.846+0000] {dag.py:2705} INFO - Sync 1 DAGs
[2023-05-02T08:23:50.920+0000] {logging_mixin.py:137} INFO - [2023-05-02T08:23:50.919+0000] {dag.py:3456} INFO - Setting next_dagrun for example_trigger_target_dag to None, run_after=None
[2023-05-02T08:23:50.975+0000] {processor.py:175} INFO - Processing /home/airflow/.local/lib/python3.7/site-packages/airflow/example_dags/example_trigger_target_dag.py took 0.311 seconds
[2023-05-02T08:27:47.292+0000] {processor.py:153} INFO - Started process (PID=65) to work on /home/airflow/.local/lib/python3.7/site-packages/airflow/example_dags/example_trigger_target_dag.py
[2023-05-02T08:27:47.292+0000] {processor.py:743} INFO - Processing file /home/airflow/.local/lib/python3.7/site-packages/airflow/example_dags/example_trigger_target_dag.py for tasks to queue
[2023-05-02T08:27:47.293+0000] {logging_mixin.py:137} INFO - [2023-05-02T08:27:47.293+0000] {dagbag.py:532} INFO - Filling up the DagBag from /home/airflow/.local/lib/python3.7/site-packages/airflow/example_dags/example_trigger_target_dag.py
[2023-05-02T08:27:47.310+0000] {processor.py:753} INFO - DAG(s) dict_keys(['example_trigger_target_dag']) retrieved from /home/airflow/.local/lib/python3.7/site-packages/airflow/example_dags/example_trigger_target_dag.py
[2023-05-02T08:27:47.325+0000] {logging_mixin.py:137} INFO - [2023-05-02T08:27:47.325+0000] {dag.py:2705} INFO - Sync 1 DAGs
[2023-05-02T08:27:47.341+0000] {logging_mixin.py:137} INFO - [2023-05-02T08:27:47.341+0000] {dag.py:3456} INFO - Setting next_dagrun for example_trigger_target_dag to None, run_after=None
[2023-05-02T08:27:47.351+0000] {processor.py:175} INFO - Processing /home/airflow/.local/lib/python3.7/site-packages/airflow/example_dags/example_trigger_target_dag.py took 0.068 seconds
[2023-05-02T08:29:00.766+0000] {processor.py:153} INFO - Started process (PID=56) to work on /home/airflow/.local/lib/python3.7/site-packages/airflow/example_dags/example_trigger_target_dag.py
[2023-05-02T08:29:00.773+0000] {processor.py:743} INFO - Processing file /home/airflow/.local/lib/python3.7/site-packages/airflow/example_dags/example_trigger_target_dag.py for tasks to queue
[2023-05-02T08:29:00.774+0000] {logging_mixin.py:137} INFO - [2023-05-02T08:29:00.774+0000] {dagbag.py:532} INFO - Filling up the DagBag from /home/airflow/.local/lib/python3.7/site-packages/airflow/example_dags/example_trigger_target_dag.py
[2023-05-02T08:29:01.035+0000] {processor.py:753} INFO - DAG(s) dict_keys(['example_trigger_target_dag']) retrieved from /home/airflow/.local/lib/python3.7/site-packages/airflow/example_dags/example_trigger_target_dag.py
[2023-05-02T08:29:01.330+0000] {logging_mixin.py:137} INFO - [2023-05-02T08:29:01.329+0000] {dag.py:2705} INFO - Sync 1 DAGs
[2023-05-02T08:29:01.404+0000] {logging_mixin.py:137} INFO - [2023-05-02T08:29:01.404+0000] {dag.py:3456} INFO - Setting next_dagrun for example_trigger_target_dag to None, run_after=None
[2023-05-02T08:29:01.462+0000] {processor.py:175} INFO - Processing /home/airflow/.local/lib/python3.7/site-packages/airflow/example_dags/example_trigger_target_dag.py took 0.705 seconds
[2023-05-02T08:32:25.188+0000] {processor.py:153} INFO - Started process (PID=57) to work on /home/airflow/.local/lib/python3.7/site-packages/airflow/example_dags/example_trigger_target_dag.py
[2023-05-02T08:32:25.195+0000] {processor.py:743} INFO - Processing file /home/airflow/.local/lib/python3.7/site-packages/airflow/example_dags/example_trigger_target_dag.py for tasks to queue
[2023-05-02T08:32:25.196+0000] {logging_mixin.py:137} INFO - [2023-05-02T08:32:25.196+0000] {dagbag.py:532} INFO - Filling up the DagBag from /home/airflow/.local/lib/python3.7/site-packages/airflow/example_dags/example_trigger_target_dag.py
[2023-05-02T08:32:25.217+0000] {processor.py:753} INFO - DAG(s) dict_keys(['example_trigger_target_dag']) retrieved from /home/airflow/.local/lib/python3.7/site-packages/airflow/example_dags/example_trigger_target_dag.py
[2023-05-02T08:32:25.260+0000] {logging_mixin.py:137} INFO - [2023-05-02T08:32:25.259+0000] {dag.py:2705} INFO - Sync 1 DAGs
[2023-05-02T08:32:25.299+0000] {logging_mixin.py:137} INFO - [2023-05-02T08:32:25.298+0000] {dag.py:3456} INFO - Setting next_dagrun for example_trigger_target_dag to None, run_after=None
[2023-05-02T08:32:25.323+0000] {processor.py:175} INFO - Processing /home/airflow/.local/lib/python3.7/site-packages/airflow/example_dags/example_trigger_target_dag.py took 0.138 seconds
[2023-05-02T08:47:25.870+0000] {processor.py:153} INFO - Started process (PID=56) to work on /home/airflow/.local/lib/python3.7/site-packages/airflow/example_dags/example_trigger_target_dag.py
[2023-05-02T08:47:25.875+0000] {processor.py:743} INFO - Processing file /home/airflow/.local/lib/python3.7/site-packages/airflow/example_dags/example_trigger_target_dag.py for tasks to queue
[2023-05-02T08:47:25.876+0000] {logging_mixin.py:137} INFO - [2023-05-02T08:47:25.876+0000] {dagbag.py:532} INFO - Filling up the DagBag from /home/airflow/.local/lib/python3.7/site-packages/airflow/example_dags/example_trigger_target_dag.py
[2023-05-02T08:47:25.899+0000] {processor.py:753} INFO - DAG(s) dict_keys(['example_trigger_target_dag']) retrieved from /home/airflow/.local/lib/python3.7/site-packages/airflow/example_dags/example_trigger_target_dag.py
[2023-05-02T08:47:25.941+0000] {logging_mixin.py:137} INFO - [2023-05-02T08:47:25.941+0000] {dag.py:2705} INFO - Sync 1 DAGs
[2023-05-02T08:47:25.967+0000] {logging_mixin.py:137} INFO - [2023-05-02T08:47:25.967+0000] {dag.py:3456} INFO - Setting next_dagrun for example_trigger_target_dag to None, run_after=None
[2023-05-02T08:47:26.010+0000] {processor.py:175} INFO - Processing /home/airflow/.local/lib/python3.7/site-packages/airflow/example_dags/example_trigger_target_dag.py took 0.142 seconds
[2023-05-02T08:55:53.077+0000] {processor.py:153} INFO - Started process (PID=64) to work on /home/airflow/.local/lib/python3.7/site-packages/airflow/example_dags/example_trigger_target_dag.py
[2023-05-02T08:55:53.553+0000] {processor.py:743} INFO - Processing file /home/airflow/.local/lib/python3.7/site-packages/airflow/example_dags/example_trigger_target_dag.py for tasks to queue
[2023-05-02T08:55:53.554+0000] {logging_mixin.py:137} INFO - [2023-05-02T08:55:53.554+0000] {dagbag.py:532} INFO - Filling up the DagBag from /home/airflow/.local/lib/python3.7/site-packages/airflow/example_dags/example_trigger_target_dag.py
[2023-05-02T08:55:57.237+0000] {processor.py:753} INFO - DAG(s) dict_keys(['example_trigger_target_dag']) retrieved from /home/airflow/.local/lib/python3.7/site-packages/airflow/example_dags/example_trigger_target_dag.py
[2023-05-02T09:03:40.698+0000] {processor.py:153} INFO - Started process (PID=63) to work on /home/airflow/.local/lib/python3.7/site-packages/airflow/example_dags/example_trigger_target_dag.py
[2023-05-02T09:03:40.707+0000] {processor.py:743} INFO - Processing file /home/airflow/.local/lib/python3.7/site-packages/airflow/example_dags/example_trigger_target_dag.py for tasks to queue
[2023-05-02T09:03:40.717+0000] {logging_mixin.py:137} INFO - [2023-05-02T09:03:40.717+0000] {dagbag.py:532} INFO - Filling up the DagBag from /home/airflow/.local/lib/python3.7/site-packages/airflow/example_dags/example_trigger_target_dag.py
[2023-05-02T09:06:18.545+0000] {processor.py:153} INFO - Started process (PID=56) to work on /home/airflow/.local/lib/python3.7/site-packages/airflow/example_dags/example_trigger_target_dag.py
[2023-05-02T09:06:18.549+0000] {processor.py:743} INFO - Processing file /home/airflow/.local/lib/python3.7/site-packages/airflow/example_dags/example_trigger_target_dag.py for tasks to queue
[2023-05-02T09:06:18.557+0000] {logging_mixin.py:137} INFO - [2023-05-02T09:06:18.557+0000] {dagbag.py:532} INFO - Filling up the DagBag from /home/airflow/.local/lib/python3.7/site-packages/airflow/example_dags/example_trigger_target_dag.py
[2023-05-02T09:06:18.754+0000] {processor.py:753} INFO - DAG(s) dict_keys(['example_trigger_target_dag']) retrieved from /home/airflow/.local/lib/python3.7/site-packages/airflow/example_dags/example_trigger_target_dag.py
[2023-05-02T09:06:18.808+0000] {logging_mixin.py:137} INFO - [2023-05-02T09:06:18.808+0000] {dag.py:2705} INFO - Sync 1 DAGs
[2023-05-02T09:06:18.857+0000] {logging_mixin.py:137} INFO - [2023-05-02T09:06:18.856+0000] {dag.py:3456} INFO - Setting next_dagrun for example_trigger_target_dag to None, run_after=None
[2023-05-02T09:06:18.918+0000] {processor.py:175} INFO - Processing /home/airflow/.local/lib/python3.7/site-packages/airflow/example_dags/example_trigger_target_dag.py took 0.503 seconds
[2023-05-02T09:08:35.412+0000] {processor.py:153} INFO - Started process (PID=60) to work on /home/airflow/.local/lib/python3.7/site-packages/airflow/example_dags/example_trigger_target_dag.py
[2023-05-02T09:08:35.415+0000] {processor.py:743} INFO - Processing file /home/airflow/.local/lib/python3.7/site-packages/airflow/example_dags/example_trigger_target_dag.py for tasks to queue
[2023-05-02T09:08:35.425+0000] {logging_mixin.py:137} INFO - [2023-05-02T09:08:35.425+0000] {dagbag.py:532} INFO - Filling up the DagBag from /home/airflow/.local/lib/python3.7/site-packages/airflow/example_dags/example_trigger_target_dag.py
[2023-05-02T09:08:35.471+0000] {processor.py:753} INFO - DAG(s) dict_keys(['example_trigger_target_dag']) retrieved from /home/airflow/.local/lib/python3.7/site-packages/airflow/example_dags/example_trigger_target_dag.py
[2023-05-02T09:08:35.539+0000] {logging_mixin.py:137} INFO - [2023-05-02T09:08:35.539+0000] {dag.py:2705} INFO - Sync 1 DAGs
[2023-05-02T09:08:35.626+0000] {logging_mixin.py:137} INFO - [2023-05-02T09:08:35.626+0000] {dag.py:3456} INFO - Setting next_dagrun for example_trigger_target_dag to None, run_after=None
[2023-05-02T09:08:35.687+0000] {processor.py:175} INFO - Processing /home/airflow/.local/lib/python3.7/site-packages/airflow/example_dags/example_trigger_target_dag.py took 0.293 seconds
[2023-05-02T09:18:11.201+0000] {processor.py:153} INFO - Started process (PID=56) to work on /home/airflow/.local/lib/python3.7/site-packages/airflow/example_dags/example_trigger_target_dag.py
[2023-05-02T09:18:11.216+0000] {processor.py:743} INFO - Processing file /home/airflow/.local/lib/python3.7/site-packages/airflow/example_dags/example_trigger_target_dag.py for tasks to queue
[2023-05-02T09:18:11.221+0000] {logging_mixin.py:137} INFO - [2023-05-02T09:18:11.220+0000] {dagbag.py:532} INFO - Filling up the DagBag from /home/airflow/.local/lib/python3.7/site-packages/airflow/example_dags/example_trigger_target_dag.py
[2023-05-02T09:18:11.747+0000] {processor.py:753} INFO - DAG(s) dict_keys(['example_trigger_target_dag']) retrieved from /home/airflow/.local/lib/python3.7/site-packages/airflow/example_dags/example_trigger_target_dag.py
[2023-05-02T09:18:12.135+0000] {logging_mixin.py:137} INFO - [2023-05-02T09:18:12.134+0000] {dag.py:2705} INFO - Sync 1 DAGs
[2023-05-02T09:18:12.225+0000] {logging_mixin.py:137} INFO - [2023-05-02T09:18:12.224+0000] {dag.py:3456} INFO - Setting next_dagrun for example_trigger_target_dag to None, run_after=None
[2023-05-02T09:18:12.330+0000] {processor.py:175} INFO - Processing /home/airflow/.local/lib/python3.7/site-packages/airflow/example_dags/example_trigger_target_dag.py took 1.208 seconds
[2023-05-02T09:22:28.420+0000] {processor.py:153} INFO - Started process (PID=55) to work on /home/airflow/.local/lib/python3.7/site-packages/airflow/example_dags/example_trigger_target_dag.py
[2023-05-02T09:22:28.422+0000] {processor.py:743} INFO - Processing file /home/airflow/.local/lib/python3.7/site-packages/airflow/example_dags/example_trigger_target_dag.py for tasks to queue
[2023-05-02T09:22:28.423+0000] {logging_mixin.py:137} INFO - [2023-05-02T09:22:28.422+0000] {dagbag.py:532} INFO - Filling up the DagBag from /home/airflow/.local/lib/python3.7/site-packages/airflow/example_dags/example_trigger_target_dag.py
[2023-05-02T09:22:28.464+0000] {processor.py:753} INFO - DAG(s) dict_keys(['example_trigger_target_dag']) retrieved from /home/airflow/.local/lib/python3.7/site-packages/airflow/example_dags/example_trigger_target_dag.py
[2023-05-02T09:22:28.517+0000] {logging_mixin.py:137} INFO - [2023-05-02T09:22:28.517+0000] {dag.py:2705} INFO - Sync 1 DAGs
[2023-05-02T09:22:28.565+0000] {logging_mixin.py:137} INFO - [2023-05-02T09:22:28.565+0000] {dag.py:3456} INFO - Setting next_dagrun for example_trigger_target_dag to None, run_after=None
[2023-05-02T09:22:28.597+0000] {processor.py:175} INFO - Processing /home/airflow/.local/lib/python3.7/site-packages/airflow/example_dags/example_trigger_target_dag.py took 0.191 seconds
[2023-05-02T09:24:53.004+0000] {processor.py:153} INFO - Started process (PID=58) to work on /home/airflow/.local/lib/python3.7/site-packages/airflow/example_dags/example_trigger_target_dag.py
[2023-05-02T09:24:53.038+0000] {processor.py:743} INFO - Processing file /home/airflow/.local/lib/python3.7/site-packages/airflow/example_dags/example_trigger_target_dag.py for tasks to queue
[2023-05-02T09:24:53.042+0000] {logging_mixin.py:137} INFO - [2023-05-02T09:24:53.041+0000] {dagbag.py:532} INFO - Filling up the DagBag from /home/airflow/.local/lib/python3.7/site-packages/airflow/example_dags/example_trigger_target_dag.py
[2023-05-02T09:24:56.549+0000] {processor.py:753} INFO - DAG(s) dict_keys(['example_trigger_target_dag']) retrieved from /home/airflow/.local/lib/python3.7/site-packages/airflow/example_dags/example_trigger_target_dag.py
[2023-05-02T09:26:23.847+0000] {processor.py:153} INFO - Started process (PID=56) to work on /home/airflow/.local/lib/python3.7/site-packages/airflow/example_dags/example_trigger_target_dag.py
[2023-05-02T09:26:23.850+0000] {processor.py:743} INFO - Processing file /home/airflow/.local/lib/python3.7/site-packages/airflow/example_dags/example_trigger_target_dag.py for tasks to queue
[2023-05-02T09:26:23.851+0000] {logging_mixin.py:137} INFO - [2023-05-02T09:26:23.851+0000] {dagbag.py:532} INFO - Filling up the DagBag from /home/airflow/.local/lib/python3.7/site-packages/airflow/example_dags/example_trigger_target_dag.py
[2023-05-02T09:26:23.968+0000] {processor.py:753} INFO - DAG(s) dict_keys(['example_trigger_target_dag']) retrieved from /home/airflow/.local/lib/python3.7/site-packages/airflow/example_dags/example_trigger_target_dag.py
[2023-05-02T09:26:24.377+0000] {logging_mixin.py:137} INFO - [2023-05-02T09:26:24.363+0000] {dag.py:2705} INFO - Sync 1 DAGs
[2023-05-02T09:26:28.342+0000] {logging_mixin.py:137} INFO - [2023-05-02T09:26:28.323+0000] {dag.py:3456} INFO - Setting next_dagrun for example_trigger_target_dag to None, run_after=None
[2023-05-02T09:38:44.773+0000] {processor.py:153} INFO - Started process (PID=55) to work on /home/airflow/.local/lib/python3.7/site-packages/airflow/example_dags/example_trigger_target_dag.py
[2023-05-02T09:38:44.780+0000] {processor.py:743} INFO - Processing file /home/airflow/.local/lib/python3.7/site-packages/airflow/example_dags/example_trigger_target_dag.py for tasks to queue
[2023-05-02T09:38:44.782+0000] {logging_mixin.py:137} INFO - [2023-05-02T09:38:44.782+0000] {dagbag.py:532} INFO - Filling up the DagBag from /home/airflow/.local/lib/python3.7/site-packages/airflow/example_dags/example_trigger_target_dag.py
[2023-05-02T09:38:44.821+0000] {processor.py:753} INFO - DAG(s) dict_keys(['example_trigger_target_dag']) retrieved from /home/airflow/.local/lib/python3.7/site-packages/airflow/example_dags/example_trigger_target_dag.py
[2023-05-02T09:38:44.857+0000] {logging_mixin.py:137} INFO - [2023-05-02T09:38:44.857+0000] {dag.py:2705} INFO - Sync 1 DAGs
[2023-05-02T09:38:44.877+0000] {logging_mixin.py:137} INFO - [2023-05-02T09:38:44.877+0000] {dag.py:3456} INFO - Setting next_dagrun for example_trigger_target_dag to None, run_after=None
[2023-05-02T09:38:44.910+0000] {processor.py:175} INFO - Processing /home/airflow/.local/lib/python3.7/site-packages/airflow/example_dags/example_trigger_target_dag.py took 0.142 seconds
[2023-05-02T09:48:52.384+0000] {processor.py:153} INFO - Started process (PID=56) to work on /home/airflow/.local/lib/python3.7/site-packages/airflow/example_dags/example_trigger_target_dag.py
[2023-05-02T09:48:52.396+0000] {processor.py:743} INFO - Processing file /home/airflow/.local/lib/python3.7/site-packages/airflow/example_dags/example_trigger_target_dag.py for tasks to queue
[2023-05-02T09:48:52.401+0000] {logging_mixin.py:137} INFO - [2023-05-02T09:48:52.401+0000] {dagbag.py:532} INFO - Filling up the DagBag from /home/airflow/.local/lib/python3.7/site-packages/airflow/example_dags/example_trigger_target_dag.py
[2023-05-02T09:48:53.153+0000] {processor.py:753} INFO - DAG(s) dict_keys(['example_trigger_target_dag']) retrieved from /home/airflow/.local/lib/python3.7/site-packages/airflow/example_dags/example_trigger_target_dag.py
[2023-05-02T10:19:47.787+0000] {processor.py:153} INFO - Started process (PID=55) to work on /home/airflow/.local/lib/python3.7/site-packages/airflow/example_dags/example_trigger_target_dag.py
[2023-05-02T10:19:47.791+0000] {processor.py:743} INFO - Processing file /home/airflow/.local/lib/python3.7/site-packages/airflow/example_dags/example_trigger_target_dag.py for tasks to queue
[2023-05-02T10:19:47.795+0000] {logging_mixin.py:137} INFO - [2023-05-02T10:19:47.794+0000] {dagbag.py:532} INFO - Filling up the DagBag from /home/airflow/.local/lib/python3.7/site-packages/airflow/example_dags/example_trigger_target_dag.py
[2023-05-02T10:19:47.949+0000] {processor.py:753} INFO - DAG(s) dict_keys(['example_trigger_target_dag']) retrieved from /home/airflow/.local/lib/python3.7/site-packages/airflow/example_dags/example_trigger_target_dag.py
[2023-05-02T10:19:48.123+0000] {logging_mixin.py:137} INFO - [2023-05-02T10:19:48.123+0000] {dag.py:2705} INFO - Sync 1 DAGs
[2023-05-02T10:19:48.317+0000] {logging_mixin.py:137} INFO - [2023-05-02T10:19:48.308+0000] {dag.py:3456} INFO - Setting next_dagrun for example_trigger_target_dag to None, run_after=None
[2023-05-02T10:19:48.412+0000] {processor.py:175} INFO - Processing /home/airflow/.local/lib/python3.7/site-packages/airflow/example_dags/example_trigger_target_dag.py took 0.644 seconds
[2023-05-02T10:22:25.080+0000] {processor.py:153} INFO - Started process (PID=56) to work on /home/airflow/.local/lib/python3.7/site-packages/airflow/example_dags/example_trigger_target_dag.py
[2023-05-02T10:22:25.083+0000] {processor.py:743} INFO - Processing file /home/airflow/.local/lib/python3.7/site-packages/airflow/example_dags/example_trigger_target_dag.py for tasks to queue
[2023-05-02T10:22:25.087+0000] {logging_mixin.py:137} INFO - [2023-05-02T10:22:25.087+0000] {dagbag.py:532} INFO - Filling up the DagBag from /home/airflow/.local/lib/python3.7/site-packages/airflow/example_dags/example_trigger_target_dag.py
[2023-05-02T10:22:25.154+0000] {processor.py:753} INFO - DAG(s) dict_keys(['example_trigger_target_dag']) retrieved from /home/airflow/.local/lib/python3.7/site-packages/airflow/example_dags/example_trigger_target_dag.py
[2023-05-02T10:22:25.197+0000] {logging_mixin.py:137} INFO - [2023-05-02T10:22:25.197+0000] {dag.py:2705} INFO - Sync 1 DAGs
[2023-05-02T10:22:25.256+0000] {logging_mixin.py:137} INFO - [2023-05-02T10:22:25.255+0000] {dag.py:3456} INFO - Setting next_dagrun for example_trigger_target_dag to None, run_after=None
[2023-05-02T10:22:25.287+0000] {processor.py:175} INFO - Processing /home/airflow/.local/lib/python3.7/site-packages/airflow/example_dags/example_trigger_target_dag.py took 0.216 seconds
[2023-05-02T10:29:17.516+0000] {processor.py:153} INFO - Started process (PID=56) to work on /home/airflow/.local/lib/python3.7/site-packages/airflow/example_dags/example_trigger_target_dag.py
[2023-05-02T10:29:17.533+0000] {processor.py:743} INFO - Processing file /home/airflow/.local/lib/python3.7/site-packages/airflow/example_dags/example_trigger_target_dag.py for tasks to queue
[2023-05-02T10:29:17.538+0000] {logging_mixin.py:137} INFO - [2023-05-02T10:29:17.538+0000] {dagbag.py:532} INFO - Filling up the DagBag from /home/airflow/.local/lib/python3.7/site-packages/airflow/example_dags/example_trigger_target_dag.py
[2023-05-02T10:29:17.648+0000] {processor.py:753} INFO - DAG(s) dict_keys(['example_trigger_target_dag']) retrieved from /home/airflow/.local/lib/python3.7/site-packages/airflow/example_dags/example_trigger_target_dag.py
[2023-05-02T10:29:17.863+0000] {logging_mixin.py:137} INFO - [2023-05-02T10:29:17.861+0000] {dag.py:2705} INFO - Sync 1 DAGs
[2023-05-02T10:29:22.284+0000] {logging_mixin.py:137} INFO - [2023-05-02T10:29:22.282+0000] {dag.py:3456} INFO - Setting next_dagrun for example_trigger_target_dag to None, run_after=None
[2023-05-02T10:29:22.531+0000] {processor.py:175} INFO - Processing /home/airflow/.local/lib/python3.7/site-packages/airflow/example_dags/example_trigger_target_dag.py took 5.022 seconds
