[2023-05-02T08:27:47.830+0000] {processor.py:153} INFO - Started process (PID=71) to work on /home/airflow/.local/lib/python3.7/site-packages/airflow/example_dags/example_sensor_decorator.py
[2023-05-02T08:27:47.831+0000] {processor.py:743} INFO - Processing file /home/airflow/.local/lib/python3.7/site-packages/airflow/example_dags/example_sensor_decorator.py for tasks to queue
[2023-05-02T08:27:47.832+0000] {logging_mixin.py:137} INFO - [2023-05-02T08:27:47.831+0000] {dagbag.py:532} INFO - Filling up the DagBag from /home/airflow/.local/lib/python3.7/site-packages/airflow/example_dags/example_sensor_decorator.py
[2023-05-02T08:27:47.857+0000] {processor.py:753} INFO - DAG(s) dict_keys(['example_sensor_decorator']) retrieved from /home/airflow/.local/lib/python3.7/site-packages/airflow/example_dags/example_sensor_decorator.py
[2023-05-02T08:27:47.878+0000] {logging_mixin.py:137} INFO - [2023-05-02T08:27:47.878+0000] {dag.py:2705} INFO - Sync 1 DAGs
[2023-05-02T08:27:47.951+0000] {logging_mixin.py:137} INFO - [2023-05-02T08:27:47.951+0000] {dag.py:3456} INFO - Setting next_dagrun for example_sensor_decorator to None, run_after=None
[2023-05-02T08:27:47.988+0000] {processor.py:175} INFO - Processing /home/airflow/.local/lib/python3.7/site-packages/airflow/example_dags/example_sensor_decorator.py took 0.168 seconds
[2023-05-02T08:29:02.543+0000] {processor.py:153} INFO - Started process (PID=62) to work on /home/airflow/.local/lib/python3.7/site-packages/airflow/example_dags/example_sensor_decorator.py
[2023-05-02T08:29:02.547+0000] {processor.py:743} INFO - Processing file /home/airflow/.local/lib/python3.7/site-packages/airflow/example_dags/example_sensor_decorator.py for tasks to queue
[2023-05-02T08:29:02.549+0000] {logging_mixin.py:137} INFO - [2023-05-02T08:29:02.549+0000] {dagbag.py:532} INFO - Filling up the DagBag from /home/airflow/.local/lib/python3.7/site-packages/airflow/example_dags/example_sensor_decorator.py
[2023-05-02T08:29:02.640+0000] {processor.py:753} INFO - DAG(s) dict_keys(['example_sensor_decorator']) retrieved from /home/airflow/.local/lib/python3.7/site-packages/airflow/example_dags/example_sensor_decorator.py
[2023-05-02T08:29:02.733+0000] {logging_mixin.py:137} INFO - [2023-05-02T08:29:02.732+0000] {dag.py:2705} INFO - Sync 1 DAGs
[2023-05-02T08:29:02.797+0000] {logging_mixin.py:137} INFO - [2023-05-02T08:29:02.795+0000] {dag.py:3456} INFO - Setting next_dagrun for example_sensor_decorator to None, run_after=None
[2023-05-02T08:29:02.838+0000] {processor.py:175} INFO - Processing /home/airflow/.local/lib/python3.7/site-packages/airflow/example_dags/example_sensor_decorator.py took 0.324 seconds
[2023-05-02T08:32:25.609+0000] {processor.py:153} INFO - Started process (PID=63) to work on /home/airflow/.local/lib/python3.7/site-packages/airflow/example_dags/example_sensor_decorator.py
[2023-05-02T08:32:25.609+0000] {processor.py:743} INFO - Processing file /home/airflow/.local/lib/python3.7/site-packages/airflow/example_dags/example_sensor_decorator.py for tasks to queue
[2023-05-02T08:32:25.609+0000] {logging_mixin.py:137} INFO - [2023-05-02T08:32:25.609+0000] {dagbag.py:532} INFO - Filling up the DagBag from /home/airflow/.local/lib/python3.7/site-packages/airflow/example_dags/example_sensor_decorator.py
[2023-05-02T08:32:25.630+0000] {processor.py:753} INFO - DAG(s) dict_keys(['example_sensor_decorator']) retrieved from /home/airflow/.local/lib/python3.7/site-packages/airflow/example_dags/example_sensor_decorator.py
[2023-05-02T08:32:25.659+0000] {logging_mixin.py:137} INFO - [2023-05-02T08:32:25.658+0000] {dag.py:2705} INFO - Sync 1 DAGs
[2023-05-02T08:32:25.684+0000] {logging_mixin.py:137} INFO - [2023-05-02T08:32:25.684+0000] {dag.py:3456} INFO - Setting next_dagrun for example_sensor_decorator to None, run_after=None
[2023-05-02T08:32:25.698+0000] {processor.py:175} INFO - Processing /home/airflow/.local/lib/python3.7/site-packages/airflow/example_dags/example_sensor_decorator.py took 0.091 seconds
[2023-05-02T08:47:26.504+0000] {processor.py:153} INFO - Started process (PID=62) to work on /home/airflow/.local/lib/python3.7/site-packages/airflow/example_dags/example_sensor_decorator.py
[2023-05-02T08:47:26.508+0000] {processor.py:743} INFO - Processing file /home/airflow/.local/lib/python3.7/site-packages/airflow/example_dags/example_sensor_decorator.py for tasks to queue
[2023-05-02T08:47:26.508+0000] {logging_mixin.py:137} INFO - [2023-05-02T08:47:26.508+0000] {dagbag.py:532} INFO - Filling up the DagBag from /home/airflow/.local/lib/python3.7/site-packages/airflow/example_dags/example_sensor_decorator.py
[2023-05-02T08:47:26.542+0000] {processor.py:753} INFO - DAG(s) dict_keys(['example_sensor_decorator']) retrieved from /home/airflow/.local/lib/python3.7/site-packages/airflow/example_dags/example_sensor_decorator.py
[2023-05-02T08:47:26.575+0000] {logging_mixin.py:137} INFO - [2023-05-02T08:47:26.575+0000] {dag.py:2705} INFO - Sync 1 DAGs
[2023-05-02T08:47:26.600+0000] {logging_mixin.py:137} INFO - [2023-05-02T08:47:26.600+0000] {dag.py:3456} INFO - Setting next_dagrun for example_sensor_decorator to None, run_after=None
[2023-05-02T08:47:26.623+0000] {processor.py:175} INFO - Processing /home/airflow/.local/lib/python3.7/site-packages/airflow/example_dags/example_sensor_decorator.py took 0.122 seconds
[2023-05-02T09:06:21.252+0000] {processor.py:153} INFO - Started process (PID=62) to work on /home/airflow/.local/lib/python3.7/site-packages/airflow/example_dags/example_sensor_decorator.py
[2023-05-02T09:06:21.254+0000] {processor.py:743} INFO - Processing file /home/airflow/.local/lib/python3.7/site-packages/airflow/example_dags/example_sensor_decorator.py for tasks to queue
[2023-05-02T09:06:21.256+0000] {logging_mixin.py:137} INFO - [2023-05-02T09:06:21.256+0000] {dagbag.py:532} INFO - Filling up the DagBag from /home/airflow/.local/lib/python3.7/site-packages/airflow/example_dags/example_sensor_decorator.py
[2023-05-02T09:06:21.418+0000] {processor.py:753} INFO - DAG(s) dict_keys(['example_sensor_decorator']) retrieved from /home/airflow/.local/lib/python3.7/site-packages/airflow/example_dags/example_sensor_decorator.py
[2023-05-02T09:06:21.627+0000] {logging_mixin.py:137} INFO - [2023-05-02T09:06:21.627+0000] {dag.py:2705} INFO - Sync 1 DAGs
[2023-05-02T09:06:21.724+0000] {logging_mixin.py:137} INFO - [2023-05-02T09:06:21.724+0000] {dag.py:3456} INFO - Setting next_dagrun for example_sensor_decorator to None, run_after=None
[2023-05-02T09:06:21.777+0000] {processor.py:175} INFO - Processing /home/airflow/.local/lib/python3.7/site-packages/airflow/example_dags/example_sensor_decorator.py took 0.605 seconds
[2023-05-02T09:08:36.548+0000] {processor.py:153} INFO - Started process (PID=66) to work on /home/airflow/.local/lib/python3.7/site-packages/airflow/example_dags/example_sensor_decorator.py
[2023-05-02T09:08:36.550+0000] {processor.py:743} INFO - Processing file /home/airflow/.local/lib/python3.7/site-packages/airflow/example_dags/example_sensor_decorator.py for tasks to queue
[2023-05-02T09:08:36.553+0000] {logging_mixin.py:137} INFO - [2023-05-02T09:08:36.552+0000] {dagbag.py:532} INFO - Filling up the DagBag from /home/airflow/.local/lib/python3.7/site-packages/airflow/example_dags/example_sensor_decorator.py
[2023-05-02T09:08:36.603+0000] {processor.py:753} INFO - DAG(s) dict_keys(['example_sensor_decorator']) retrieved from /home/airflow/.local/lib/python3.7/site-packages/airflow/example_dags/example_sensor_decorator.py
[2023-05-02T09:08:36.677+0000] {logging_mixin.py:137} INFO - [2023-05-02T09:08:36.676+0000] {dag.py:2705} INFO - Sync 1 DAGs
[2023-05-02T09:08:36.767+0000] {logging_mixin.py:137} INFO - [2023-05-02T09:08:36.767+0000] {dag.py:3456} INFO - Setting next_dagrun for example_sensor_decorator to None, run_after=None
[2023-05-02T09:08:36.882+0000] {processor.py:175} INFO - Processing /home/airflow/.local/lib/python3.7/site-packages/airflow/example_dags/example_sensor_decorator.py took 0.336 seconds
[2023-05-02T09:18:13.109+0000] {processor.py:153} INFO - Started process (PID=62) to work on /home/airflow/.local/lib/python3.7/site-packages/airflow/example_dags/example_sensor_decorator.py
[2023-05-02T09:18:13.113+0000] {processor.py:743} INFO - Processing file /home/airflow/.local/lib/python3.7/site-packages/airflow/example_dags/example_sensor_decorator.py for tasks to queue
[2023-05-02T09:18:13.120+0000] {logging_mixin.py:137} INFO - [2023-05-02T09:18:13.119+0000] {dagbag.py:532} INFO - Filling up the DagBag from /home/airflow/.local/lib/python3.7/site-packages/airflow/example_dags/example_sensor_decorator.py
[2023-05-02T09:18:13.249+0000] {processor.py:753} INFO - DAG(s) dict_keys(['example_sensor_decorator']) retrieved from /home/airflow/.local/lib/python3.7/site-packages/airflow/example_dags/example_sensor_decorator.py
[2023-05-02T09:18:13.410+0000] {logging_mixin.py:137} INFO - [2023-05-02T09:18:13.409+0000] {dag.py:2705} INFO - Sync 1 DAGs
[2023-05-02T09:18:13.515+0000] {logging_mixin.py:137} INFO - [2023-05-02T09:18:13.502+0000] {dag.py:3456} INFO - Setting next_dagrun for example_sensor_decorator to None, run_after=None
[2023-05-02T09:22:29.408+0000] {processor.py:153} INFO - Started process (PID=61) to work on /home/airflow/.local/lib/python3.7/site-packages/airflow/example_dags/example_sensor_decorator.py
[2023-05-02T09:22:29.409+0000] {processor.py:743} INFO - Processing file /home/airflow/.local/lib/python3.7/site-packages/airflow/example_dags/example_sensor_decorator.py for tasks to queue
[2023-05-02T09:22:29.409+0000] {logging_mixin.py:137} INFO - [2023-05-02T09:22:29.409+0000] {dagbag.py:532} INFO - Filling up the DagBag from /home/airflow/.local/lib/python3.7/site-packages/airflow/example_dags/example_sensor_decorator.py
[2023-05-02T09:22:29.461+0000] {processor.py:753} INFO - DAG(s) dict_keys(['example_sensor_decorator']) retrieved from /home/airflow/.local/lib/python3.7/site-packages/airflow/example_dags/example_sensor_decorator.py
[2023-05-02T09:22:29.514+0000] {logging_mixin.py:137} INFO - [2023-05-02T09:22:29.514+0000] {dag.py:2705} INFO - Sync 1 DAGs
[2023-05-02T09:22:29.628+0000] {logging_mixin.py:137} INFO - [2023-05-02T09:22:29.628+0000] {dag.py:3456} INFO - Setting next_dagrun for example_sensor_decorator to None, run_after=None
[2023-05-02T09:22:29.670+0000] {processor.py:175} INFO - Processing /home/airflow/.local/lib/python3.7/site-packages/airflow/example_dags/example_sensor_decorator.py took 0.276 seconds
[2023-05-02T09:38:45.537+0000] {processor.py:153} INFO - Started process (PID=61) to work on /home/airflow/.local/lib/python3.7/site-packages/airflow/example_dags/example_sensor_decorator.py
[2023-05-02T09:38:45.539+0000] {processor.py:743} INFO - Processing file /home/airflow/.local/lib/python3.7/site-packages/airflow/example_dags/example_sensor_decorator.py for tasks to queue
[2023-05-02T09:38:45.540+0000] {logging_mixin.py:137} INFO - [2023-05-02T09:38:45.540+0000] {dagbag.py:532} INFO - Filling up the DagBag from /home/airflow/.local/lib/python3.7/site-packages/airflow/example_dags/example_sensor_decorator.py
[2023-05-02T09:38:45.650+0000] {processor.py:753} INFO - DAG(s) dict_keys(['example_sensor_decorator']) retrieved from /home/airflow/.local/lib/python3.7/site-packages/airflow/example_dags/example_sensor_decorator.py
[2023-05-02T09:38:45.741+0000] {logging_mixin.py:137} INFO - [2023-05-02T09:38:45.741+0000] {dag.py:2705} INFO - Sync 1 DAGs
[2023-05-02T09:38:45.812+0000] {logging_mixin.py:137} INFO - [2023-05-02T09:38:45.812+0000] {dag.py:3456} INFO - Setting next_dagrun for example_sensor_decorator to None, run_after=None
[2023-05-02T09:38:45.914+0000] {processor.py:175} INFO - Processing /home/airflow/.local/lib/python3.7/site-packages/airflow/example_dags/example_sensor_decorator.py took 0.382 seconds
[2023-05-02T10:22:26.160+0000] {processor.py:153} INFO - Started process (PID=62) to work on /home/airflow/.local/lib/python3.7/site-packages/airflow/example_dags/example_sensor_decorator.py
[2023-05-02T10:22:26.162+0000] {processor.py:743} INFO - Processing file /home/airflow/.local/lib/python3.7/site-packages/airflow/example_dags/example_sensor_decorator.py for tasks to queue
[2023-05-02T10:22:26.172+0000] {logging_mixin.py:137} INFO - [2023-05-02T10:22:26.163+0000] {dagbag.py:532} INFO - Filling up the DagBag from /home/airflow/.local/lib/python3.7/site-packages/airflow/example_dags/example_sensor_decorator.py
[2023-05-02T10:22:26.317+0000] {processor.py:753} INFO - DAG(s) dict_keys(['example_sensor_decorator']) retrieved from /home/airflow/.local/lib/python3.7/site-packages/airflow/example_dags/example_sensor_decorator.py
[2023-05-02T10:22:26.467+0000] {logging_mixin.py:137} INFO - [2023-05-02T10:22:26.467+0000] {dag.py:2705} INFO - Sync 1 DAGs
[2023-05-02T10:22:26.704+0000] {logging_mixin.py:137} INFO - [2023-05-02T10:22:26.694+0000] {dag.py:3456} INFO - Setting next_dagrun for example_sensor_decorator to None, run_after=None
