[2023-05-02T08:13:57.667+0000] {processor.py:153} INFO - Started process (PID=57) to work on /home/airflow/.local/lib/python3.7/site-packages/airflow/example_dags/example_branch_day_of_week_operator.py
[2023-05-02T08:13:57.668+0000] {processor.py:743} INFO - Processing file /home/airflow/.local/lib/python3.7/site-packages/airflow/example_dags/example_branch_day_of_week_operator.py for tasks to queue
[2023-05-02T08:13:57.671+0000] {logging_mixin.py:137} INFO - [2023-05-02T08:13:57.671+0000] {dagbag.py:532} INFO - Filling up the DagBag from /home/airflow/.local/lib/python3.7/site-packages/airflow/example_dags/example_branch_day_of_week_operator.py
[2023-05-02T08:13:57.750+0000] {processor.py:753} INFO - DAG(s) dict_keys(['example_weekday_branch_operator']) retrieved from /home/airflow/.local/lib/python3.7/site-packages/airflow/example_dags/example_branch_day_of_week_operator.py
[2023-05-02T08:13:57.825+0000] {logging_mixin.py:137} INFO - [2023-05-02T08:13:57.825+0000] {dag.py:2705} INFO - Sync 1 DAGs
[2023-05-02T08:13:57.896+0000] {logging_mixin.py:137} INFO - [2023-05-02T08:13:57.896+0000] {dag.py:3456} INFO - Setting next_dagrun for example_weekday_branch_operator to 2023-05-01T00:00:00+00:00, run_after=2023-05-02T00:00:00+00:00
[2023-05-02T08:13:57.951+0000] {processor.py:175} INFO - Processing /home/airflow/.local/lib/python3.7/site-packages/airflow/example_dags/example_branch_day_of_week_operator.py took 0.292 seconds
[2023-05-02T08:15:57.478+0000] {processor.py:153} INFO - Started process (PID=47) to work on /home/airflow/.local/lib/python3.7/site-packages/airflow/example_dags/example_branch_day_of_week_operator.py
[2023-05-02T08:15:57.479+0000] {processor.py:743} INFO - Processing file /home/airflow/.local/lib/python3.7/site-packages/airflow/example_dags/example_branch_day_of_week_operator.py for tasks to queue
[2023-05-02T08:15:57.479+0000] {logging_mixin.py:137} INFO - [2023-05-02T08:15:57.479+0000] {dagbag.py:532} INFO - Filling up the DagBag from /home/airflow/.local/lib/python3.7/site-packages/airflow/example_dags/example_branch_day_of_week_operator.py
[2023-05-02T08:15:57.509+0000] {processor.py:753} INFO - DAG(s) dict_keys(['example_weekday_branch_operator']) retrieved from /home/airflow/.local/lib/python3.7/site-packages/airflow/example_dags/example_branch_day_of_week_operator.py
[2023-05-02T08:15:57.556+0000] {logging_mixin.py:137} INFO - [2023-05-02T08:15:57.556+0000] {dag.py:2705} INFO - Sync 1 DAGs
[2023-05-02T08:15:57.604+0000] {logging_mixin.py:137} INFO - [2023-05-02T08:15:57.604+0000] {dag.py:3456} INFO - Setting next_dagrun for example_weekday_branch_operator to 2023-05-01T00:00:00+00:00, run_after=2023-05-02T00:00:00+00:00
[2023-05-02T08:15:57.638+0000] {processor.py:175} INFO - Processing /home/airflow/.local/lib/python3.7/site-packages/airflow/example_dags/example_branch_day_of_week_operator.py took 0.163 seconds
[2023-05-02T08:20:14.295+0000] {processor.py:153} INFO - Started process (PID=47) to work on /home/airflow/.local/lib/python3.7/site-packages/airflow/example_dags/example_branch_day_of_week_operator.py
[2023-05-02T08:20:14.295+0000] {processor.py:743} INFO - Processing file /home/airflow/.local/lib/python3.7/site-packages/airflow/example_dags/example_branch_day_of_week_operator.py for tasks to queue
[2023-05-02T08:20:14.296+0000] {logging_mixin.py:137} INFO - [2023-05-02T08:20:14.296+0000] {dagbag.py:532} INFO - Filling up the DagBag from /home/airflow/.local/lib/python3.7/site-packages/airflow/example_dags/example_branch_day_of_week_operator.py
[2023-05-02T08:20:14.340+0000] {processor.py:753} INFO - DAG(s) dict_keys(['example_weekday_branch_operator']) retrieved from /home/airflow/.local/lib/python3.7/site-packages/airflow/example_dags/example_branch_day_of_week_operator.py
[2023-05-02T08:20:14.485+0000] {logging_mixin.py:137} INFO - [2023-05-02T08:20:14.485+0000] {dag.py:2705} INFO - Sync 1 DAGs
[2023-05-02T08:20:14.568+0000] {logging_mixin.py:137} INFO - [2023-05-02T08:20:14.568+0000] {dag.py:3456} INFO - Setting next_dagrun for example_weekday_branch_operator to 2023-05-01T00:00:00+00:00, run_after=2023-05-02T00:00:00+00:00
[2023-05-02T08:20:14.667+0000] {processor.py:175} INFO - Processing /home/airflow/.local/lib/python3.7/site-packages/airflow/example_dags/example_branch_day_of_week_operator.py took 0.374 seconds
[2023-05-02T08:21:27.414+0000] {processor.py:153} INFO - Started process (PID=47) to work on /home/airflow/.local/lib/python3.7/site-packages/airflow/example_dags/example_branch_day_of_week_operator.py
[2023-05-02T08:21:27.433+0000] {processor.py:743} INFO - Processing file /home/airflow/.local/lib/python3.7/site-packages/airflow/example_dags/example_branch_day_of_week_operator.py for tasks to queue
[2023-05-02T08:21:27.435+0000] {logging_mixin.py:137} INFO - [2023-05-02T08:21:27.434+0000] {dagbag.py:532} INFO - Filling up the DagBag from /home/airflow/.local/lib/python3.7/site-packages/airflow/example_dags/example_branch_day_of_week_operator.py
[2023-05-02T08:21:27.516+0000] {processor.py:753} INFO - DAG(s) dict_keys(['example_weekday_branch_operator']) retrieved from /home/airflow/.local/lib/python3.7/site-packages/airflow/example_dags/example_branch_day_of_week_operator.py
[2023-05-02T08:21:27.629+0000] {logging_mixin.py:137} INFO - [2023-05-02T08:21:27.629+0000] {dag.py:2705} INFO - Sync 1 DAGs
[2023-05-02T08:21:27.682+0000] {logging_mixin.py:137} INFO - [2023-05-02T08:21:27.682+0000] {dag.py:3456} INFO - Setting next_dagrun for example_weekday_branch_operator to 2023-05-01T00:00:00+00:00, run_after=2023-05-02T00:00:00+00:00
[2023-05-02T08:21:27.788+0000] {processor.py:175} INFO - Processing /home/airflow/.local/lib/python3.7/site-packages/airflow/example_dags/example_branch_day_of_week_operator.py took 0.400 seconds
[2023-05-02T08:23:47.322+0000] {processor.py:153} INFO - Started process (PID=59) to work on /home/airflow/.local/lib/python3.7/site-packages/airflow/example_dags/example_branch_day_of_week_operator.py
[2023-05-02T08:23:47.330+0000] {processor.py:743} INFO - Processing file /home/airflow/.local/lib/python3.7/site-packages/airflow/example_dags/example_branch_day_of_week_operator.py for tasks to queue
[2023-05-02T08:23:47.333+0000] {logging_mixin.py:137} INFO - [2023-05-02T08:23:47.333+0000] {dagbag.py:532} INFO - Filling up the DagBag from /home/airflow/.local/lib/python3.7/site-packages/airflow/example_dags/example_branch_day_of_week_operator.py
[2023-05-02T08:23:47.905+0000] {processor.py:753} INFO - DAG(s) dict_keys(['example_weekday_branch_operator']) retrieved from /home/airflow/.local/lib/python3.7/site-packages/airflow/example_dags/example_branch_day_of_week_operator.py
[2023-05-02T08:23:48.493+0000] {logging_mixin.py:137} INFO - [2023-05-02T08:23:48.492+0000] {dag.py:2705} INFO - Sync 1 DAGs
[2023-05-02T08:23:48.530+0000] {logging_mixin.py:137} INFO - [2023-05-02T08:23:48.530+0000] {dag.py:3456} INFO - Setting next_dagrun for example_weekday_branch_operator to 2023-05-01T00:00:00+00:00, run_after=2023-05-02T00:00:00+00:00
[2023-05-02T08:23:48.604+0000] {processor.py:175} INFO - Processing /home/airflow/.local/lib/python3.7/site-packages/airflow/example_dags/example_branch_day_of_week_operator.py took 1.335 seconds
[2023-05-02T08:24:22.149+0000] {processor.py:153} INFO - Started process (PID=48) to work on /home/airflow/.local/lib/python3.7/site-packages/airflow/example_dags/example_branch_day_of_week_operator.py
[2023-05-02T08:24:22.150+0000] {processor.py:743} INFO - Processing file /home/airflow/.local/lib/python3.7/site-packages/airflow/example_dags/example_branch_day_of_week_operator.py for tasks to queue
[2023-05-02T08:24:22.152+0000] {logging_mixin.py:137} INFO - [2023-05-02T08:24:22.152+0000] {dagbag.py:532} INFO - Filling up the DagBag from /home/airflow/.local/lib/python3.7/site-packages/airflow/example_dags/example_branch_day_of_week_operator.py
[2023-05-02T08:24:22.176+0000] {processor.py:753} INFO - DAG(s) dict_keys(['example_weekday_branch_operator']) retrieved from /home/airflow/.local/lib/python3.7/site-packages/airflow/example_dags/example_branch_day_of_week_operator.py
[2023-05-02T08:24:22.239+0000] {logging_mixin.py:137} INFO - [2023-05-02T08:24:22.239+0000] {dag.py:2705} INFO - Sync 1 DAGs
[2023-05-02T08:24:22.304+0000] {logging_mixin.py:137} INFO - [2023-05-02T08:24:22.304+0000] {dag.py:3456} INFO - Setting next_dagrun for example_weekday_branch_operator to 2023-05-01T00:00:00+00:00, run_after=2023-05-02T00:00:00+00:00
[2023-05-02T08:24:22.332+0000] {processor.py:175} INFO - Processing /home/airflow/.local/lib/python3.7/site-packages/airflow/example_dags/example_branch_day_of_week_operator.py took 0.186 seconds
[2023-05-02T08:27:44.457+0000] {processor.py:153} INFO - Started process (PID=56) to work on /home/airflow/.local/lib/python3.7/site-packages/airflow/example_dags/example_branch_day_of_week_operator.py
[2023-05-02T08:27:44.458+0000] {processor.py:743} INFO - Processing file /home/airflow/.local/lib/python3.7/site-packages/airflow/example_dags/example_branch_day_of_week_operator.py for tasks to queue
[2023-05-02T08:27:44.458+0000] {logging_mixin.py:137} INFO - [2023-05-02T08:27:44.458+0000] {dagbag.py:532} INFO - Filling up the DagBag from /home/airflow/.local/lib/python3.7/site-packages/airflow/example_dags/example_branch_day_of_week_operator.py
[2023-05-02T08:27:44.502+0000] {processor.py:753} INFO - DAG(s) dict_keys(['example_weekday_branch_operator']) retrieved from /home/airflow/.local/lib/python3.7/site-packages/airflow/example_dags/example_branch_day_of_week_operator.py
[2023-05-02T08:27:44.537+0000] {logging_mixin.py:137} INFO - [2023-05-02T08:27:44.537+0000] {dag.py:2705} INFO - Sync 1 DAGs
[2023-05-02T08:27:44.558+0000] {logging_mixin.py:137} INFO - [2023-05-02T08:27:44.558+0000] {dag.py:3456} INFO - Setting next_dagrun for example_weekday_branch_operator to 2023-05-01T00:00:00+00:00, run_after=2023-05-02T00:00:00+00:00
[2023-05-02T08:27:44.651+0000] {processor.py:175} INFO - Processing /home/airflow/.local/lib/python3.7/site-packages/airflow/example_dags/example_branch_day_of_week_operator.py took 0.195 seconds
[2023-05-02T08:28:51.061+0000] {processor.py:153} INFO - Started process (PID=47) to work on /home/airflow/.local/lib/python3.7/site-packages/airflow/example_dags/example_branch_day_of_week_operator.py
[2023-05-02T08:28:51.062+0000] {processor.py:743} INFO - Processing file /home/airflow/.local/lib/python3.7/site-packages/airflow/example_dags/example_branch_day_of_week_operator.py for tasks to queue
[2023-05-02T08:28:51.062+0000] {logging_mixin.py:137} INFO - [2023-05-02T08:28:51.062+0000] {dagbag.py:532} INFO - Filling up the DagBag from /home/airflow/.local/lib/python3.7/site-packages/airflow/example_dags/example_branch_day_of_week_operator.py
[2023-05-02T08:28:51.086+0000] {processor.py:753} INFO - DAG(s) dict_keys(['example_weekday_branch_operator']) retrieved from /home/airflow/.local/lib/python3.7/site-packages/airflow/example_dags/example_branch_day_of_week_operator.py
[2023-05-02T08:28:51.108+0000] {logging_mixin.py:137} INFO - [2023-05-02T08:28:51.107+0000] {dag.py:2705} INFO - Sync 1 DAGs
[2023-05-02T08:28:51.131+0000] {logging_mixin.py:137} INFO - [2023-05-02T08:28:51.131+0000] {dag.py:3456} INFO - Setting next_dagrun for example_weekday_branch_operator to 2023-05-01T00:00:00+00:00, run_after=2023-05-02T00:00:00+00:00
[2023-05-02T08:28:51.142+0000] {processor.py:175} INFO - Processing /home/airflow/.local/lib/python3.7/site-packages/airflow/example_dags/example_branch_day_of_week_operator.py took 0.082 seconds
[2023-05-02T08:29:44.002+0000] {processor.py:153} INFO - Started process (PID=47) to work on /home/airflow/.local/lib/python3.7/site-packages/airflow/example_dags/example_branch_day_of_week_operator.py
[2023-05-02T08:29:44.002+0000] {processor.py:743} INFO - Processing file /home/airflow/.local/lib/python3.7/site-packages/airflow/example_dags/example_branch_day_of_week_operator.py for tasks to queue
[2023-05-02T08:29:44.003+0000] {logging_mixin.py:137} INFO - [2023-05-02T08:29:44.003+0000] {dagbag.py:532} INFO - Filling up the DagBag from /home/airflow/.local/lib/python3.7/site-packages/airflow/example_dags/example_branch_day_of_week_operator.py
[2023-05-02T08:29:44.046+0000] {processor.py:753} INFO - DAG(s) dict_keys(['example_weekday_branch_operator']) retrieved from /home/airflow/.local/lib/python3.7/site-packages/airflow/example_dags/example_branch_day_of_week_operator.py
[2023-05-02T08:29:44.158+0000] {logging_mixin.py:137} INFO - [2023-05-02T08:29:44.157+0000] {dag.py:2705} INFO - Sync 1 DAGs
[2023-05-02T08:29:44.342+0000] {logging_mixin.py:137} INFO - [2023-05-02T08:29:44.342+0000] {dag.py:3456} INFO - Setting next_dagrun for example_weekday_branch_operator to 2023-05-01T00:00:00+00:00, run_after=2023-05-02T00:00:00+00:00
[2023-05-02T08:29:44.778+0000] {processor.py:175} INFO - Processing /home/airflow/.local/lib/python3.7/site-packages/airflow/example_dags/example_branch_day_of_week_operator.py took 0.779 seconds
[2023-05-02T08:32:24.192+0000] {processor.py:153} INFO - Started process (PID=48) to work on /home/airflow/.local/lib/python3.7/site-packages/airflow/example_dags/example_branch_day_of_week_operator.py
[2023-05-02T08:32:24.193+0000] {processor.py:743} INFO - Processing file /home/airflow/.local/lib/python3.7/site-packages/airflow/example_dags/example_branch_day_of_week_operator.py for tasks to queue
[2023-05-02T08:32:24.194+0000] {logging_mixin.py:137} INFO - [2023-05-02T08:32:24.194+0000] {dagbag.py:532} INFO - Filling up the DagBag from /home/airflow/.local/lib/python3.7/site-packages/airflow/example_dags/example_branch_day_of_week_operator.py
[2023-05-02T08:32:24.216+0000] {processor.py:753} INFO - DAG(s) dict_keys(['example_weekday_branch_operator']) retrieved from /home/airflow/.local/lib/python3.7/site-packages/airflow/example_dags/example_branch_day_of_week_operator.py
[2023-05-02T08:32:24.252+0000] {logging_mixin.py:137} INFO - [2023-05-02T08:32:24.238+0000] {dag.py:2705} INFO - Sync 1 DAGs
[2023-05-02T08:32:24.289+0000] {logging_mixin.py:137} INFO - [2023-05-02T08:32:24.289+0000] {dag.py:3456} INFO - Setting next_dagrun for example_weekday_branch_operator to 2023-05-01T00:00:00+00:00, run_after=2023-05-02T00:00:00+00:00
[2023-05-02T08:32:24.326+0000] {processor.py:175} INFO - Processing /home/airflow/.local/lib/python3.7/site-packages/airflow/example_dags/example_branch_day_of_week_operator.py took 0.136 seconds
[2023-05-02T08:47:24.614+0000] {processor.py:153} INFO - Started process (PID=47) to work on /home/airflow/.local/lib/python3.7/site-packages/airflow/example_dags/example_branch_day_of_week_operator.py
[2023-05-02T08:47:24.616+0000] {processor.py:743} INFO - Processing file /home/airflow/.local/lib/python3.7/site-packages/airflow/example_dags/example_branch_day_of_week_operator.py for tasks to queue
[2023-05-02T08:47:24.617+0000] {logging_mixin.py:137} INFO - [2023-05-02T08:47:24.617+0000] {dagbag.py:532} INFO - Filling up the DagBag from /home/airflow/.local/lib/python3.7/site-packages/airflow/example_dags/example_branch_day_of_week_operator.py
[2023-05-02T08:47:24.649+0000] {processor.py:753} INFO - DAG(s) dict_keys(['example_weekday_branch_operator']) retrieved from /home/airflow/.local/lib/python3.7/site-packages/airflow/example_dags/example_branch_day_of_week_operator.py
[2023-05-02T08:47:24.688+0000] {logging_mixin.py:137} INFO - [2023-05-02T08:47:24.688+0000] {dag.py:2705} INFO - Sync 1 DAGs
[2023-05-02T08:47:24.714+0000] {logging_mixin.py:137} INFO - [2023-05-02T08:47:24.714+0000] {dag.py:3456} INFO - Setting next_dagrun for example_weekday_branch_operator to 2023-05-01T00:00:00+00:00, run_after=2023-05-02T00:00:00+00:00
[2023-05-02T08:47:24.739+0000] {processor.py:175} INFO - Processing /home/airflow/.local/lib/python3.7/site-packages/airflow/example_dags/example_branch_day_of_week_operator.py took 0.131 seconds
[2023-05-02T08:48:14.032+0000] {processor.py:153} INFO - Started process (PID=48) to work on /home/airflow/.local/lib/python3.7/site-packages/airflow/example_dags/example_branch_day_of_week_operator.py
[2023-05-02T08:48:14.040+0000] {processor.py:743} INFO - Processing file /home/airflow/.local/lib/python3.7/site-packages/airflow/example_dags/example_branch_day_of_week_operator.py for tasks to queue
[2023-05-02T08:48:14.041+0000] {logging_mixin.py:137} INFO - [2023-05-02T08:48:14.041+0000] {dagbag.py:532} INFO - Filling up the DagBag from /home/airflow/.local/lib/python3.7/site-packages/airflow/example_dags/example_branch_day_of_week_operator.py
[2023-05-02T08:48:14.074+0000] {processor.py:753} INFO - DAG(s) dict_keys(['example_weekday_branch_operator']) retrieved from /home/airflow/.local/lib/python3.7/site-packages/airflow/example_dags/example_branch_day_of_week_operator.py
[2023-05-02T08:48:14.131+0000] {logging_mixin.py:137} INFO - [2023-05-02T08:48:14.131+0000] {dag.py:2705} INFO - Sync 1 DAGs
[2023-05-02T08:48:14.167+0000] {logging_mixin.py:137} INFO - [2023-05-02T08:48:14.166+0000] {dag.py:3456} INFO - Setting next_dagrun for example_weekday_branch_operator to 2023-05-01T00:00:00+00:00, run_after=2023-05-02T00:00:00+00:00
[2023-05-02T08:48:14.292+0000] {processor.py:175} INFO - Processing /home/airflow/.local/lib/python3.7/site-packages/airflow/example_dags/example_branch_day_of_week_operator.py took 0.266 seconds
[2023-05-02T08:55:49.107+0000] {processor.py:153} INFO - Started process (PID=55) to work on /home/airflow/.local/lib/python3.7/site-packages/airflow/example_dags/example_branch_day_of_week_operator.py
[2023-05-02T08:55:49.111+0000] {processor.py:743} INFO - Processing file /home/airflow/.local/lib/python3.7/site-packages/airflow/example_dags/example_branch_day_of_week_operator.py for tasks to queue
[2023-05-02T08:55:49.113+0000] {logging_mixin.py:137} INFO - [2023-05-02T08:55:49.113+0000] {dagbag.py:532} INFO - Filling up the DagBag from /home/airflow/.local/lib/python3.7/site-packages/airflow/example_dags/example_branch_day_of_week_operator.py
[2023-05-02T08:55:49.205+0000] {processor.py:753} INFO - DAG(s) dict_keys(['example_weekday_branch_operator']) retrieved from /home/airflow/.local/lib/python3.7/site-packages/airflow/example_dags/example_branch_day_of_week_operator.py
[2023-05-02T08:55:49.307+0000] {logging_mixin.py:137} INFO - [2023-05-02T08:55:49.307+0000] {dag.py:2705} INFO - Sync 1 DAGs
[2023-05-02T08:55:49.371+0000] {logging_mixin.py:137} INFO - [2023-05-02T08:55:49.371+0000] {dag.py:3456} INFO - Setting next_dagrun for example_weekday_branch_operator to 2023-05-01T00:00:00+00:00, run_after=2023-05-02T00:00:00+00:00
[2023-05-02T08:55:49.418+0000] {processor.py:175} INFO - Processing /home/airflow/.local/lib/python3.7/site-packages/airflow/example_dags/example_branch_day_of_week_operator.py took 0.314 seconds
[2023-05-02T09:03:25.830+0000] {processor.py:153} INFO - Started process (PID=47) to work on /home/airflow/.local/lib/python3.7/site-packages/airflow/example_dags/example_branch_day_of_week_operator.py
[2023-05-02T09:03:25.834+0000] {processor.py:743} INFO - Processing file /home/airflow/.local/lib/python3.7/site-packages/airflow/example_dags/example_branch_day_of_week_operator.py for tasks to queue
[2023-05-02T09:03:25.837+0000] {logging_mixin.py:137} INFO - [2023-05-02T09:03:25.837+0000] {dagbag.py:532} INFO - Filling up the DagBag from /home/airflow/.local/lib/python3.7/site-packages/airflow/example_dags/example_branch_day_of_week_operator.py
[2023-05-02T09:03:25.891+0000] {processor.py:753} INFO - DAG(s) dict_keys(['example_weekday_branch_operator']) retrieved from /home/airflow/.local/lib/python3.7/site-packages/airflow/example_dags/example_branch_day_of_week_operator.py
[2023-05-02T09:03:25.994+0000] {logging_mixin.py:137} INFO - [2023-05-02T09:03:25.990+0000] {dag.py:2705} INFO - Sync 1 DAGs
[2023-05-02T09:03:26.099+0000] {logging_mixin.py:137} INFO - [2023-05-02T09:03:26.099+0000] {dag.py:3456} INFO - Setting next_dagrun for example_weekday_branch_operator to 2023-05-01T00:00:00+00:00, run_after=2023-05-02T00:00:00+00:00
[2023-05-02T09:03:26.181+0000] {processor.py:175} INFO - Processing /home/airflow/.local/lib/python3.7/site-packages/airflow/example_dags/example_branch_day_of_week_operator.py took 0.355 seconds
[2023-05-02T09:06:15.030+0000] {processor.py:153} INFO - Started process (PID=47) to work on /home/airflow/.local/lib/python3.7/site-packages/airflow/example_dags/example_branch_day_of_week_operator.py
[2023-05-02T09:06:15.036+0000] {processor.py:743} INFO - Processing file /home/airflow/.local/lib/python3.7/site-packages/airflow/example_dags/example_branch_day_of_week_operator.py for tasks to queue
[2023-05-02T09:06:15.042+0000] {logging_mixin.py:137} INFO - [2023-05-02T09:06:15.042+0000] {dagbag.py:532} INFO - Filling up the DagBag from /home/airflow/.local/lib/python3.7/site-packages/airflow/example_dags/example_branch_day_of_week_operator.py
[2023-05-02T09:06:15.185+0000] {processor.py:753} INFO - DAG(s) dict_keys(['example_weekday_branch_operator']) retrieved from /home/airflow/.local/lib/python3.7/site-packages/airflow/example_dags/example_branch_day_of_week_operator.py
[2023-05-02T09:06:15.252+0000] {logging_mixin.py:137} INFO - [2023-05-02T09:06:15.250+0000] {dag.py:2705} INFO - Sync 1 DAGs
[2023-05-02T09:06:15.837+0000] {logging_mixin.py:137} INFO - [2023-05-02T09:06:15.837+0000] {dag.py:3456} INFO - Setting next_dagrun for example_weekday_branch_operator to 2023-05-01T00:00:00+00:00, run_after=2023-05-02T00:00:00+00:00
[2023-05-02T09:06:15.870+0000] {processor.py:175} INFO - Processing /home/airflow/.local/lib/python3.7/site-packages/airflow/example_dags/example_branch_day_of_week_operator.py took 0.842 seconds
[2023-05-02T09:08:33.438+0000] {processor.py:153} INFO - Started process (PID=51) to work on /home/airflow/.local/lib/python3.7/site-packages/airflow/example_dags/example_branch_day_of_week_operator.py
[2023-05-02T09:08:33.441+0000] {processor.py:743} INFO - Processing file /home/airflow/.local/lib/python3.7/site-packages/airflow/example_dags/example_branch_day_of_week_operator.py for tasks to queue
[2023-05-02T09:08:33.444+0000] {logging_mixin.py:137} INFO - [2023-05-02T09:08:33.444+0000] {dagbag.py:532} INFO - Filling up the DagBag from /home/airflow/.local/lib/python3.7/site-packages/airflow/example_dags/example_branch_day_of_week_operator.py
[2023-05-02T09:08:33.543+0000] {processor.py:753} INFO - DAG(s) dict_keys(['example_weekday_branch_operator']) retrieved from /home/airflow/.local/lib/python3.7/site-packages/airflow/example_dags/example_branch_day_of_week_operator.py
[2023-05-02T09:08:33.643+0000] {logging_mixin.py:137} INFO - [2023-05-02T09:08:33.643+0000] {dag.py:2705} INFO - Sync 1 DAGs
[2023-05-02T09:08:33.721+0000] {logging_mixin.py:137} INFO - [2023-05-02T09:08:33.721+0000] {dag.py:3456} INFO - Setting next_dagrun for example_weekday_branch_operator to 2023-05-01T00:00:00+00:00, run_after=2023-05-02T00:00:00+00:00
[2023-05-02T09:08:33.804+0000] {processor.py:175} INFO - Processing /home/airflow/.local/lib/python3.7/site-packages/airflow/example_dags/example_branch_day_of_week_operator.py took 0.375 seconds
[2023-05-02T09:10:51.309+0000] {processor.py:153} INFO - Started process (PID=47) to work on /home/airflow/.local/lib/python3.7/site-packages/airflow/example_dags/example_branch_day_of_week_operator.py
[2023-05-02T09:10:51.320+0000] {processor.py:743} INFO - Processing file /home/airflow/.local/lib/python3.7/site-packages/airflow/example_dags/example_branch_day_of_week_operator.py for tasks to queue
[2023-05-02T09:10:51.321+0000] {logging_mixin.py:137} INFO - [2023-05-02T09:10:51.320+0000] {dagbag.py:532} INFO - Filling up the DagBag from /home/airflow/.local/lib/python3.7/site-packages/airflow/example_dags/example_branch_day_of_week_operator.py
[2023-05-02T09:10:51.425+0000] {processor.py:753} INFO - DAG(s) dict_keys(['example_weekday_branch_operator']) retrieved from /home/airflow/.local/lib/python3.7/site-packages/airflow/example_dags/example_branch_day_of_week_operator.py
[2023-05-02T09:10:51.497+0000] {logging_mixin.py:137} INFO - [2023-05-02T09:10:51.496+0000] {dag.py:2705} INFO - Sync 1 DAGs
[2023-05-02T09:10:51.628+0000] {logging_mixin.py:137} INFO - [2023-05-02T09:10:51.627+0000] {dag.py:3456} INFO - Setting next_dagrun for example_weekday_branch_operator to 2023-05-01T00:00:00+00:00, run_after=2023-05-02T00:00:00+00:00
[2023-05-02T09:10:51.688+0000] {processor.py:175} INFO - Processing /home/airflow/.local/lib/python3.7/site-packages/airflow/example_dags/example_branch_day_of_week_operator.py took 0.385 seconds
[2023-05-02T09:18:09.764+0000] {processor.py:153} INFO - Started process (PID=47) to work on /home/airflow/.local/lib/python3.7/site-packages/airflow/example_dags/example_branch_day_of_week_operator.py
[2023-05-02T09:18:09.766+0000] {processor.py:743} INFO - Processing file /home/airflow/.local/lib/python3.7/site-packages/airflow/example_dags/example_branch_day_of_week_operator.py for tasks to queue
[2023-05-02T09:18:09.767+0000] {logging_mixin.py:137} INFO - [2023-05-02T09:18:09.767+0000] {dagbag.py:532} INFO - Filling up the DagBag from /home/airflow/.local/lib/python3.7/site-packages/airflow/example_dags/example_branch_day_of_week_operator.py
[2023-05-02T09:18:09.789+0000] {processor.py:753} INFO - DAG(s) dict_keys(['example_weekday_branch_operator']) retrieved from /home/airflow/.local/lib/python3.7/site-packages/airflow/example_dags/example_branch_day_of_week_operator.py
[2023-05-02T09:18:09.886+0000] {logging_mixin.py:137} INFO - [2023-05-02T09:18:09.886+0000] {dag.py:2705} INFO - Sync 1 DAGs
[2023-05-02T09:18:09.962+0000] {logging_mixin.py:137} INFO - [2023-05-02T09:18:09.962+0000] {dag.py:3456} INFO - Setting next_dagrun for example_weekday_branch_operator to 2023-05-01T00:00:00+00:00, run_after=2023-05-02T00:00:00+00:00
[2023-05-02T09:18:10.022+0000] {processor.py:175} INFO - Processing /home/airflow/.local/lib/python3.7/site-packages/airflow/example_dags/example_branch_day_of_week_operator.py took 0.262 seconds
[2023-05-02T09:22:26.736+0000] {processor.py:153} INFO - Started process (PID=46) to work on /home/airflow/.local/lib/python3.7/site-packages/airflow/example_dags/example_branch_day_of_week_operator.py
[2023-05-02T09:22:26.737+0000] {processor.py:743} INFO - Processing file /home/airflow/.local/lib/python3.7/site-packages/airflow/example_dags/example_branch_day_of_week_operator.py for tasks to queue
[2023-05-02T09:22:26.738+0000] {logging_mixin.py:137} INFO - [2023-05-02T09:22:26.738+0000] {dagbag.py:532} INFO - Filling up the DagBag from /home/airflow/.local/lib/python3.7/site-packages/airflow/example_dags/example_branch_day_of_week_operator.py
[2023-05-02T09:22:26.826+0000] {processor.py:753} INFO - DAG(s) dict_keys(['example_weekday_branch_operator']) retrieved from /home/airflow/.local/lib/python3.7/site-packages/airflow/example_dags/example_branch_day_of_week_operator.py
[2023-05-02T09:22:26.926+0000] {logging_mixin.py:137} INFO - [2023-05-02T09:22:26.926+0000] {dag.py:2705} INFO - Sync 1 DAGs
[2023-05-02T09:22:27.026+0000] {logging_mixin.py:137} INFO - [2023-05-02T09:22:27.026+0000] {dag.py:3456} INFO - Setting next_dagrun for example_weekday_branch_operator to 2023-05-01T00:00:00+00:00, run_after=2023-05-02T00:00:00+00:00
[2023-05-02T09:22:27.119+0000] {processor.py:175} INFO - Processing /home/airflow/.local/lib/python3.7/site-packages/airflow/example_dags/example_branch_day_of_week_operator.py took 0.417 seconds
[2023-05-02T09:24:45.476+0000] {processor.py:153} INFO - Started process (PID=49) to work on /home/airflow/.local/lib/python3.7/site-packages/airflow/example_dags/example_branch_day_of_week_operator.py
[2023-05-02T09:24:45.477+0000] {processor.py:743} INFO - Processing file /home/airflow/.local/lib/python3.7/site-packages/airflow/example_dags/example_branch_day_of_week_operator.py for tasks to queue
[2023-05-02T09:24:45.496+0000] {logging_mixin.py:137} INFO - [2023-05-02T09:24:45.495+0000] {dagbag.py:532} INFO - Filling up the DagBag from /home/airflow/.local/lib/python3.7/site-packages/airflow/example_dags/example_branch_day_of_week_operator.py
[2023-05-02T09:24:45.521+0000] {processor.py:753} INFO - DAG(s) dict_keys(['example_weekday_branch_operator']) retrieved from /home/airflow/.local/lib/python3.7/site-packages/airflow/example_dags/example_branch_day_of_week_operator.py
[2023-05-02T09:24:45.573+0000] {logging_mixin.py:137} INFO - [2023-05-02T09:24:45.571+0000] {dag.py:2705} INFO - Sync 1 DAGs
[2023-05-02T09:24:45.669+0000] {logging_mixin.py:137} INFO - [2023-05-02T09:24:45.667+0000] {dag.py:3456} INFO - Setting next_dagrun for example_weekday_branch_operator to 2023-05-01T00:00:00+00:00, run_after=2023-05-02T00:00:00+00:00
[2023-05-02T09:24:45.757+0000] {processor.py:175} INFO - Processing /home/airflow/.local/lib/python3.7/site-packages/airflow/example_dags/example_branch_day_of_week_operator.py took 0.283 seconds
[2023-05-02T09:26:22.694+0000] {processor.py:153} INFO - Started process (PID=47) to work on /home/airflow/.local/lib/python3.7/site-packages/airflow/example_dags/example_branch_day_of_week_operator.py
[2023-05-02T09:26:22.695+0000] {processor.py:743} INFO - Processing file /home/airflow/.local/lib/python3.7/site-packages/airflow/example_dags/example_branch_day_of_week_operator.py for tasks to queue
[2023-05-02T09:26:22.696+0000] {logging_mixin.py:137} INFO - [2023-05-02T09:26:22.696+0000] {dagbag.py:532} INFO - Filling up the DagBag from /home/airflow/.local/lib/python3.7/site-packages/airflow/example_dags/example_branch_day_of_week_operator.py
[2023-05-02T09:26:22.715+0000] {processor.py:753} INFO - DAG(s) dict_keys(['example_weekday_branch_operator']) retrieved from /home/airflow/.local/lib/python3.7/site-packages/airflow/example_dags/example_branch_day_of_week_operator.py
[2023-05-02T09:26:22.756+0000] {logging_mixin.py:137} INFO - [2023-05-02T09:26:22.756+0000] {dag.py:2705} INFO - Sync 1 DAGs
[2023-05-02T09:26:22.777+0000] {logging_mixin.py:137} INFO - [2023-05-02T09:26:22.777+0000] {dag.py:3456} INFO - Setting next_dagrun for example_weekday_branch_operator to 2023-05-01T00:00:00+00:00, run_after=2023-05-02T00:00:00+00:00
[2023-05-02T09:26:22.793+0000] {processor.py:175} INFO - Processing /home/airflow/.local/lib/python3.7/site-packages/airflow/example_dags/example_branch_day_of_week_operator.py took 0.103 seconds
[2023-05-02T09:26:56.380+0000] {processor.py:153} INFO - Started process (PID=46) to work on /home/airflow/.local/lib/python3.7/site-packages/airflow/example_dags/example_branch_day_of_week_operator.py
[2023-05-02T09:26:56.385+0000] {processor.py:743} INFO - Processing file /home/airflow/.local/lib/python3.7/site-packages/airflow/example_dags/example_branch_day_of_week_operator.py for tasks to queue
[2023-05-02T09:26:56.386+0000] {logging_mixin.py:137} INFO - [2023-05-02T09:26:56.386+0000] {dagbag.py:532} INFO - Filling up the DagBag from /home/airflow/.local/lib/python3.7/site-packages/airflow/example_dags/example_branch_day_of_week_operator.py
[2023-05-02T09:26:56.535+0000] {processor.py:753} INFO - DAG(s) dict_keys(['example_weekday_branch_operator']) retrieved from /home/airflow/.local/lib/python3.7/site-packages/airflow/example_dags/example_branch_day_of_week_operator.py
[2023-05-02T09:26:57.254+0000] {logging_mixin.py:137} INFO - [2023-05-02T09:26:57.253+0000] {dag.py:2705} INFO - Sync 1 DAGs
[2023-05-02T09:26:57.504+0000] {logging_mixin.py:137} INFO - [2023-05-02T09:26:57.502+0000] {dag.py:3456} INFO - Setting next_dagrun for example_weekday_branch_operator to 2023-05-01T00:00:00+00:00, run_after=2023-05-02T00:00:00+00:00
[2023-05-02T09:28:48.847+0000] {processor.py:153} INFO - Started process (PID=55) to work on /home/airflow/.local/lib/python3.7/site-packages/airflow/example_dags/example_branch_day_of_week_operator.py
[2023-05-02T09:28:48.852+0000] {processor.py:743} INFO - Processing file /home/airflow/.local/lib/python3.7/site-packages/airflow/example_dags/example_branch_day_of_week_operator.py for tasks to queue
[2023-05-02T09:28:48.854+0000] {logging_mixin.py:137} INFO - [2023-05-02T09:28:48.854+0000] {dagbag.py:532} INFO - Filling up the DagBag from /home/airflow/.local/lib/python3.7/site-packages/airflow/example_dags/example_branch_day_of_week_operator.py
[2023-05-02T09:28:48.916+0000] {processor.py:753} INFO - DAG(s) dict_keys(['example_weekday_branch_operator']) retrieved from /home/airflow/.local/lib/python3.7/site-packages/airflow/example_dags/example_branch_day_of_week_operator.py
[2023-05-02T09:28:48.988+0000] {logging_mixin.py:137} INFO - [2023-05-02T09:28:48.988+0000] {dag.py:2705} INFO - Sync 1 DAGs
[2023-05-02T09:28:49.067+0000] {logging_mixin.py:137} INFO - [2023-05-02T09:28:49.067+0000] {dag.py:3456} INFO - Setting next_dagrun for example_weekday_branch_operator to 2023-05-01T00:00:00+00:00, run_after=2023-05-02T00:00:00+00:00
[2023-05-02T09:28:49.139+0000] {processor.py:175} INFO - Processing /home/airflow/.local/lib/python3.7/site-packages/airflow/example_dags/example_branch_day_of_week_operator.py took 0.296 seconds
[2023-05-02T09:29:28.262+0000] {processor.py:153} INFO - Started process (PID=48) to work on /home/airflow/.local/lib/python3.7/site-packages/airflow/example_dags/example_branch_day_of_week_operator.py
[2023-05-02T09:29:28.272+0000] {processor.py:743} INFO - Processing file /home/airflow/.local/lib/python3.7/site-packages/airflow/example_dags/example_branch_day_of_week_operator.py for tasks to queue
[2023-05-02T09:29:28.273+0000] {logging_mixin.py:137} INFO - [2023-05-02T09:29:28.273+0000] {dagbag.py:532} INFO - Filling up the DagBag from /home/airflow/.local/lib/python3.7/site-packages/airflow/example_dags/example_branch_day_of_week_operator.py
[2023-05-02T09:29:28.330+0000] {processor.py:753} INFO - DAG(s) dict_keys(['example_weekday_branch_operator']) retrieved from /home/airflow/.local/lib/python3.7/site-packages/airflow/example_dags/example_branch_day_of_week_operator.py
[2023-05-02T09:29:28.420+0000] {logging_mixin.py:137} INFO - [2023-05-02T09:29:28.420+0000] {dag.py:2705} INFO - Sync 1 DAGs
[2023-05-02T09:29:28.479+0000] {logging_mixin.py:137} INFO - [2023-05-02T09:29:28.479+0000] {dag.py:3456} INFO - Setting next_dagrun for example_weekday_branch_operator to 2023-05-01T00:00:00+00:00, run_after=2023-05-02T00:00:00+00:00
[2023-05-02T09:29:28.517+0000] {processor.py:175} INFO - Processing /home/airflow/.local/lib/python3.7/site-packages/airflow/example_dags/example_branch_day_of_week_operator.py took 0.258 seconds
[2023-05-02T09:31:17.232+0000] {processor.py:153} INFO - Started process (PID=47) to work on /home/airflow/.local/lib/python3.7/site-packages/airflow/example_dags/example_branch_day_of_week_operator.py
[2023-05-02T09:31:17.265+0000] {processor.py:743} INFO - Processing file /home/airflow/.local/lib/python3.7/site-packages/airflow/example_dags/example_branch_day_of_week_operator.py for tasks to queue
[2023-05-02T09:31:17.317+0000] {logging_mixin.py:137} INFO - [2023-05-02T09:31:17.305+0000] {dagbag.py:532} INFO - Filling up the DagBag from /home/airflow/.local/lib/python3.7/site-packages/airflow/example_dags/example_branch_day_of_week_operator.py
[2023-05-02T09:31:19.791+0000] {processor.py:753} INFO - DAG(s) dict_keys(['example_weekday_branch_operator']) retrieved from /home/airflow/.local/lib/python3.7/site-packages/airflow/example_dags/example_branch_day_of_week_operator.py
[2023-05-02T09:33:49.369+0000] {processor.py:153} INFO - Started process (PID=47) to work on /home/airflow/.local/lib/python3.7/site-packages/airflow/example_dags/example_branch_day_of_week_operator.py
[2023-05-02T09:33:49.370+0000] {processor.py:743} INFO - Processing file /home/airflow/.local/lib/python3.7/site-packages/airflow/example_dags/example_branch_day_of_week_operator.py for tasks to queue
[2023-05-02T09:33:49.371+0000] {logging_mixin.py:137} INFO - [2023-05-02T09:33:49.371+0000] {dagbag.py:532} INFO - Filling up the DagBag from /home/airflow/.local/lib/python3.7/site-packages/airflow/example_dags/example_branch_day_of_week_operator.py
[2023-05-02T09:33:50.309+0000] {processor.py:753} INFO - DAG(s) dict_keys(['example_weekday_branch_operator']) retrieved from /home/airflow/.local/lib/python3.7/site-packages/airflow/example_dags/example_branch_day_of_week_operator.py
[2023-05-02T09:35:36.802+0000] {processor.py:153} INFO - Started process (PID=49) to work on /home/airflow/.local/lib/python3.7/site-packages/airflow/example_dags/example_branch_day_of_week_operator.py
[2023-05-02T09:35:36.813+0000] {processor.py:743} INFO - Processing file /home/airflow/.local/lib/python3.7/site-packages/airflow/example_dags/example_branch_day_of_week_operator.py for tasks to queue
[2023-05-02T09:35:36.815+0000] {logging_mixin.py:137} INFO - [2023-05-02T09:35:36.815+0000] {dagbag.py:532} INFO - Filling up the DagBag from /home/airflow/.local/lib/python3.7/site-packages/airflow/example_dags/example_branch_day_of_week_operator.py
[2023-05-02T09:35:36.930+0000] {processor.py:753} INFO - DAG(s) dict_keys(['example_weekday_branch_operator']) retrieved from /home/airflow/.local/lib/python3.7/site-packages/airflow/example_dags/example_branch_day_of_week_operator.py
[2023-05-02T09:35:39.656+0000] {logging_mixin.py:137} INFO - [2023-05-02T09:35:39.654+0000] {dag.py:2705} INFO - Sync 1 DAGs
[2023-05-02T09:35:39.961+0000] {logging_mixin.py:137} INFO - [2023-05-02T09:35:39.960+0000] {dag.py:3456} INFO - Setting next_dagrun for example_weekday_branch_operator to 2023-05-01T00:00:00+00:00, run_after=2023-05-02T00:00:00+00:00
[2023-05-02T09:38:43.064+0000] {processor.py:153} INFO - Started process (PID=46) to work on /home/airflow/.local/lib/python3.7/site-packages/airflow/example_dags/example_branch_day_of_week_operator.py
[2023-05-02T09:38:43.067+0000] {processor.py:743} INFO - Processing file /home/airflow/.local/lib/python3.7/site-packages/airflow/example_dags/example_branch_day_of_week_operator.py for tasks to queue
[2023-05-02T09:38:43.074+0000] {logging_mixin.py:137} INFO - [2023-05-02T09:38:43.074+0000] {dagbag.py:532} INFO - Filling up the DagBag from /home/airflow/.local/lib/python3.7/site-packages/airflow/example_dags/example_branch_day_of_week_operator.py
[2023-05-02T09:38:43.156+0000] {processor.py:753} INFO - DAG(s) dict_keys(['example_weekday_branch_operator']) retrieved from /home/airflow/.local/lib/python3.7/site-packages/airflow/example_dags/example_branch_day_of_week_operator.py
[2023-05-02T09:38:43.307+0000] {logging_mixin.py:137} INFO - [2023-05-02T09:38:43.307+0000] {dag.py:2705} INFO - Sync 1 DAGs
[2023-05-02T09:38:43.406+0000] {logging_mixin.py:137} INFO - [2023-05-02T09:38:43.406+0000] {dag.py:3456} INFO - Setting next_dagrun for example_weekday_branch_operator to 2023-05-01T00:00:00+00:00, run_after=2023-05-02T00:00:00+00:00
[2023-05-02T09:38:43.470+0000] {processor.py:175} INFO - Processing /home/airflow/.local/lib/python3.7/site-packages/airflow/example_dags/example_branch_day_of_week_operator.py took 0.417 seconds
[2023-05-02T09:45:24.527+0000] {processor.py:153} INFO - Started process (PID=54) to work on /home/airflow/.local/lib/python3.7/site-packages/airflow/example_dags/example_branch_day_of_week_operator.py
[2023-05-02T09:45:24.537+0000] {processor.py:743} INFO - Processing file /home/airflow/.local/lib/python3.7/site-packages/airflow/example_dags/example_branch_day_of_week_operator.py for tasks to queue
[2023-05-02T09:45:24.544+0000] {logging_mixin.py:137} INFO - [2023-05-02T09:45:24.544+0000] {dagbag.py:532} INFO - Filling up the DagBag from /home/airflow/.local/lib/python3.7/site-packages/airflow/example_dags/example_branch_day_of_week_operator.py
[2023-05-02T09:45:24.893+0000] {processor.py:753} INFO - DAG(s) dict_keys(['example_weekday_branch_operator']) retrieved from /home/airflow/.local/lib/python3.7/site-packages/airflow/example_dags/example_branch_day_of_week_operator.py
[2023-05-02T09:45:26.633+0000] {logging_mixin.py:137} INFO - [2023-05-02T09:45:26.631+0000] {dag.py:2705} INFO - Sync 1 DAGs
[2023-05-02T09:48:42.833+0000] {processor.py:153} INFO - Started process (PID=47) to work on /home/airflow/.local/lib/python3.7/site-packages/airflow/example_dags/example_branch_day_of_week_operator.py
[2023-05-02T09:48:42.838+0000] {processor.py:743} INFO - Processing file /home/airflow/.local/lib/python3.7/site-packages/airflow/example_dags/example_branch_day_of_week_operator.py for tasks to queue
[2023-05-02T09:48:42.838+0000] {logging_mixin.py:137} INFO - [2023-05-02T09:48:42.838+0000] {dagbag.py:532} INFO - Filling up the DagBag from /home/airflow/.local/lib/python3.7/site-packages/airflow/example_dags/example_branch_day_of_week_operator.py
[2023-05-02T09:48:42.880+0000] {processor.py:753} INFO - DAG(s) dict_keys(['example_weekday_branch_operator']) retrieved from /home/airflow/.local/lib/python3.7/site-packages/airflow/example_dags/example_branch_day_of_week_operator.py
[2023-05-02T09:48:42.936+0000] {logging_mixin.py:137} INFO - [2023-05-02T09:48:42.936+0000] {dag.py:2705} INFO - Sync 1 DAGs
[2023-05-02T09:48:42.969+0000] {logging_mixin.py:137} INFO - [2023-05-02T09:48:42.969+0000] {dag.py:3456} INFO - Setting next_dagrun for example_weekday_branch_operator to 2023-05-01T00:00:00+00:00, run_after=2023-05-02T00:00:00+00:00
[2023-05-02T09:48:43.002+0000] {processor.py:175} INFO - Processing /home/airflow/.local/lib/python3.7/site-packages/airflow/example_dags/example_branch_day_of_week_operator.py took 0.172 seconds
[2023-05-02T10:18:32.862+0000] {processor.py:153} INFO - Started process (PID=47) to work on /home/airflow/.local/lib/python3.7/site-packages/airflow/example_dags/example_branch_day_of_week_operator.py
[2023-05-02T10:18:32.871+0000] {processor.py:743} INFO - Processing file /home/airflow/.local/lib/python3.7/site-packages/airflow/example_dags/example_branch_day_of_week_operator.py for tasks to queue
[2023-05-02T10:18:32.876+0000] {logging_mixin.py:137} INFO - [2023-05-02T10:18:32.876+0000] {dagbag.py:532} INFO - Filling up the DagBag from /home/airflow/.local/lib/python3.7/site-packages/airflow/example_dags/example_branch_day_of_week_operator.py
[2023-05-02T10:18:33.023+0000] {processor.py:753} INFO - DAG(s) dict_keys(['example_weekday_branch_operator']) retrieved from /home/airflow/.local/lib/python3.7/site-packages/airflow/example_dags/example_branch_day_of_week_operator.py
[2023-05-02T10:18:33.123+0000] {logging_mixin.py:137} INFO - [2023-05-02T10:18:33.123+0000] {dag.py:2705} INFO - Sync 1 DAGs
[2023-05-02T10:18:33.183+0000] {logging_mixin.py:137} INFO - [2023-05-02T10:18:33.183+0000] {dag.py:3456} INFO - Setting next_dagrun for example_weekday_branch_operator to 2023-05-01T00:00:00+00:00, run_after=2023-05-02T00:00:00+00:00
[2023-05-02T10:18:33.204+0000] {processor.py:175} INFO - Processing /home/airflow/.local/lib/python3.7/site-packages/airflow/example_dags/example_branch_day_of_week_operator.py took 0.368 seconds
[2023-05-02T10:19:40.795+0000] {processor.py:153} INFO - Started process (PID=46) to work on /home/airflow/.local/lib/python3.7/site-packages/airflow/example_dags/example_branch_day_of_week_operator.py
[2023-05-02T10:19:40.823+0000] {processor.py:743} INFO - Processing file /home/airflow/.local/lib/python3.7/site-packages/airflow/example_dags/example_branch_day_of_week_operator.py for tasks to queue
[2023-05-02T10:19:40.824+0000] {logging_mixin.py:137} INFO - [2023-05-02T10:19:40.824+0000] {dagbag.py:532} INFO - Filling up the DagBag from /home/airflow/.local/lib/python3.7/site-packages/airflow/example_dags/example_branch_day_of_week_operator.py
[2023-05-02T10:19:40.934+0000] {processor.py:753} INFO - DAG(s) dict_keys(['example_weekday_branch_operator']) retrieved from /home/airflow/.local/lib/python3.7/site-packages/airflow/example_dags/example_branch_day_of_week_operator.py
[2023-05-02T10:19:41.127+0000] {logging_mixin.py:137} INFO - [2023-05-02T10:19:41.125+0000] {dag.py:2705} INFO - Sync 1 DAGs
[2023-05-02T10:19:41.233+0000] {logging_mixin.py:137} INFO - [2023-05-02T10:19:41.232+0000] {dag.py:3456} INFO - Setting next_dagrun for example_weekday_branch_operator to 2023-05-01T00:00:00+00:00, run_after=2023-05-02T00:00:00+00:00
[2023-05-02T10:19:45.915+0000] {processor.py:175} INFO - Processing /home/airflow/.local/lib/python3.7/site-packages/airflow/example_dags/example_branch_day_of_week_operator.py took 5.146 seconds
[2023-05-02T10:22:23.048+0000] {processor.py:153} INFO - Started process (PID=47) to work on /home/airflow/.local/lib/python3.7/site-packages/airflow/example_dags/example_branch_day_of_week_operator.py
[2023-05-02T10:22:23.051+0000] {processor.py:743} INFO - Processing file /home/airflow/.local/lib/python3.7/site-packages/airflow/example_dags/example_branch_day_of_week_operator.py for tasks to queue
[2023-05-02T10:22:23.052+0000] {logging_mixin.py:137} INFO - [2023-05-02T10:22:23.052+0000] {dagbag.py:532} INFO - Filling up the DagBag from /home/airflow/.local/lib/python3.7/site-packages/airflow/example_dags/example_branch_day_of_week_operator.py
[2023-05-02T10:22:23.133+0000] {processor.py:753} INFO - DAG(s) dict_keys(['example_weekday_branch_operator']) retrieved from /home/airflow/.local/lib/python3.7/site-packages/airflow/example_dags/example_branch_day_of_week_operator.py
[2023-05-02T10:22:23.184+0000] {logging_mixin.py:137} INFO - [2023-05-02T10:22:23.183+0000] {dag.py:2705} INFO - Sync 1 DAGs
[2023-05-02T10:22:23.337+0000] {logging_mixin.py:137} INFO - [2023-05-02T10:22:23.336+0000] {dag.py:3456} INFO - Setting next_dagrun for example_weekday_branch_operator to 2023-05-01T00:00:00+00:00, run_after=2023-05-02T00:00:00+00:00
[2023-05-02T10:22:23.457+0000] {processor.py:175} INFO - Processing /home/airflow/.local/lib/python3.7/site-packages/airflow/example_dags/example_branch_day_of_week_operator.py took 0.414 seconds
[2023-05-02T10:28:53.200+0000] {processor.py:153} INFO - Started process (PID=47) to work on /home/airflow/.local/lib/python3.7/site-packages/airflow/example_dags/example_branch_day_of_week_operator.py
[2023-05-02T10:28:53.217+0000] {processor.py:743} INFO - Processing file /home/airflow/.local/lib/python3.7/site-packages/airflow/example_dags/example_branch_day_of_week_operator.py for tasks to queue
[2023-05-02T10:28:53.218+0000] {logging_mixin.py:137} INFO - [2023-05-02T10:28:53.218+0000] {dagbag.py:532} INFO - Filling up the DagBag from /home/airflow/.local/lib/python3.7/site-packages/airflow/example_dags/example_branch_day_of_week_operator.py
[2023-05-02T10:28:53.357+0000] {processor.py:753} INFO - DAG(s) dict_keys(['example_weekday_branch_operator']) retrieved from /home/airflow/.local/lib/python3.7/site-packages/airflow/example_dags/example_branch_day_of_week_operator.py
[2023-05-02T10:28:53.468+0000] {logging_mixin.py:137} INFO - [2023-05-02T10:28:53.468+0000] {dag.py:2705} INFO - Sync 1 DAGs
[2023-05-02T10:28:53.603+0000] {logging_mixin.py:137} INFO - [2023-05-02T10:28:53.601+0000] {dag.py:3456} INFO - Setting next_dagrun for example_weekday_branch_operator to 2023-05-01T00:00:00+00:00, run_after=2023-05-02T00:00:00+00:00
[2023-05-02T10:28:53.688+0000] {processor.py:175} INFO - Processing /home/airflow/.local/lib/python3.7/site-packages/airflow/example_dags/example_branch_day_of_week_operator.py took 0.510 seconds
[2023-05-02T10:29:15.650+0000] {processor.py:153} INFO - Started process (PID=47) to work on /home/airflow/.local/lib/python3.7/site-packages/airflow/example_dags/example_branch_day_of_week_operator.py
[2023-05-02T10:29:15.653+0000] {processor.py:743} INFO - Processing file /home/airflow/.local/lib/python3.7/site-packages/airflow/example_dags/example_branch_day_of_week_operator.py for tasks to queue
[2023-05-02T10:29:15.654+0000] {logging_mixin.py:137} INFO - [2023-05-02T10:29:15.654+0000] {dagbag.py:532} INFO - Filling up the DagBag from /home/airflow/.local/lib/python3.7/site-packages/airflow/example_dags/example_branch_day_of_week_operator.py
[2023-05-02T10:29:15.682+0000] {processor.py:753} INFO - DAG(s) dict_keys(['example_weekday_branch_operator']) retrieved from /home/airflow/.local/lib/python3.7/site-packages/airflow/example_dags/example_branch_day_of_week_operator.py
[2023-05-02T10:29:15.716+0000] {logging_mixin.py:137} INFO - [2023-05-02T10:29:15.716+0000] {dag.py:2705} INFO - Sync 1 DAGs
[2023-05-02T10:29:15.755+0000] {logging_mixin.py:137} INFO - [2023-05-02T10:29:15.755+0000] {dag.py:3456} INFO - Setting next_dagrun for example_weekday_branch_operator to 2023-05-01T00:00:00+00:00, run_after=2023-05-02T00:00:00+00:00
[2023-05-02T10:29:15.803+0000] {processor.py:175} INFO - Processing /home/airflow/.local/lib/python3.7/site-packages/airflow/example_dags/example_branch_day_of_week_operator.py took 0.154 seconds
