[2023-05-02T08:13:56.807+0000] {processor.py:153} INFO - Started process (PID=53) to work on /home/airflow/.local/lib/python3.7/site-packages/airflow/example_dags/example_latest_only.py
[2023-05-02T08:13:56.811+0000] {processor.py:743} INFO - Processing file /home/airflow/.local/lib/python3.7/site-packages/airflow/example_dags/example_latest_only.py for tasks to queue
[2023-05-02T08:13:56.814+0000] {logging_mixin.py:137} INFO - [2023-05-02T08:13:56.814+0000] {dagbag.py:532} INFO - Filling up the DagBag from /home/airflow/.local/lib/python3.7/site-packages/airflow/example_dags/example_latest_only.py
[2023-05-02T08:13:56.889+0000] {processor.py:753} INFO - DAG(s) dict_keys(['latest_only']) retrieved from /home/airflow/.local/lib/python3.7/site-packages/airflow/example_dags/example_latest_only.py
[2023-05-02T08:13:56.962+0000] {logging_mixin.py:137} INFO - [2023-05-02T08:13:56.962+0000] {dag.py:2705} INFO - Sync 1 DAGs
[2023-05-02T08:13:57.032+0000] {logging_mixin.py:137} INFO - [2023-05-02T08:13:57.032+0000] {dag.py:3456} INFO - Setting next_dagrun for latest_only to 2023-05-02T04:13:57.032446+00:00, run_after=2023-05-02T08:13:57.032446+00:00
[2023-05-02T08:13:57.116+0000] {processor.py:175} INFO - Processing /home/airflow/.local/lib/python3.7/site-packages/airflow/example_dags/example_latest_only.py took 0.312 seconds
[2023-05-02T08:15:57.107+0000] {processor.py:153} INFO - Started process (PID=43) to work on /home/airflow/.local/lib/python3.7/site-packages/airflow/example_dags/example_latest_only.py
[2023-05-02T08:15:57.107+0000] {processor.py:743} INFO - Processing file /home/airflow/.local/lib/python3.7/site-packages/airflow/example_dags/example_latest_only.py for tasks to queue
[2023-05-02T08:15:57.108+0000] {logging_mixin.py:137} INFO - [2023-05-02T08:15:57.108+0000] {dagbag.py:532} INFO - Filling up the DagBag from /home/airflow/.local/lib/python3.7/site-packages/airflow/example_dags/example_latest_only.py
[2023-05-02T08:15:57.130+0000] {processor.py:753} INFO - DAG(s) dict_keys(['latest_only']) retrieved from /home/airflow/.local/lib/python3.7/site-packages/airflow/example_dags/example_latest_only.py
[2023-05-02T08:15:57.159+0000] {logging_mixin.py:137} INFO - [2023-05-02T08:15:57.159+0000] {dag.py:2705} INFO - Sync 1 DAGs
[2023-05-02T08:15:57.187+0000] {logging_mixin.py:137} INFO - [2023-05-02T08:15:57.187+0000] {dag.py:3456} INFO - Setting next_dagrun for latest_only to 2023-05-02T04:15:57.186879+00:00, run_after=2023-05-02T08:15:57.186879+00:00
[2023-05-02T08:15:57.206+0000] {processor.py:175} INFO - Processing /home/airflow/.local/lib/python3.7/site-packages/airflow/example_dags/example_latest_only.py took 0.106 seconds
[2023-05-02T08:20:13.761+0000] {processor.py:153} INFO - Started process (PID=43) to work on /home/airflow/.local/lib/python3.7/site-packages/airflow/example_dags/example_latest_only.py
[2023-05-02T08:20:13.762+0000] {processor.py:743} INFO - Processing file /home/airflow/.local/lib/python3.7/site-packages/airflow/example_dags/example_latest_only.py for tasks to queue
[2023-05-02T08:20:13.763+0000] {logging_mixin.py:137} INFO - [2023-05-02T08:20:13.763+0000] {dagbag.py:532} INFO - Filling up the DagBag from /home/airflow/.local/lib/python3.7/site-packages/airflow/example_dags/example_latest_only.py
[2023-05-02T08:20:13.839+0000] {processor.py:753} INFO - DAG(s) dict_keys(['latest_only']) retrieved from /home/airflow/.local/lib/python3.7/site-packages/airflow/example_dags/example_latest_only.py
[2023-05-02T08:20:13.910+0000] {logging_mixin.py:137} INFO - [2023-05-02T08:20:13.910+0000] {dag.py:2705} INFO - Sync 1 DAGs
[2023-05-02T08:20:13.966+0000] {logging_mixin.py:137} INFO - [2023-05-02T08:20:13.966+0000] {dag.py:3456} INFO - Setting next_dagrun for latest_only to 2023-05-02T04:20:13.966125+00:00, run_after=2023-05-02T08:20:13.966125+00:00
[2023-05-02T08:20:14.023+0000] {processor.py:175} INFO - Processing /home/airflow/.local/lib/python3.7/site-packages/airflow/example_dags/example_latest_only.py took 0.265 seconds
[2023-05-02T08:21:25.910+0000] {processor.py:153} INFO - Started process (PID=43) to work on /home/airflow/.local/lib/python3.7/site-packages/airflow/example_dags/example_latest_only.py
[2023-05-02T08:21:25.917+0000] {processor.py:743} INFO - Processing file /home/airflow/.local/lib/python3.7/site-packages/airflow/example_dags/example_latest_only.py for tasks to queue
[2023-05-02T08:21:25.928+0000] {logging_mixin.py:137} INFO - [2023-05-02T08:21:25.928+0000] {dagbag.py:532} INFO - Filling up the DagBag from /home/airflow/.local/lib/python3.7/site-packages/airflow/example_dags/example_latest_only.py
[2023-05-02T08:21:25.962+0000] {processor.py:753} INFO - DAG(s) dict_keys(['latest_only']) retrieved from /home/airflow/.local/lib/python3.7/site-packages/airflow/example_dags/example_latest_only.py
[2023-05-02T08:21:26.047+0000] {logging_mixin.py:137} INFO - [2023-05-02T08:21:26.047+0000] {dag.py:2705} INFO - Sync 1 DAGs
[2023-05-02T08:21:26.110+0000] {logging_mixin.py:137} INFO - [2023-05-02T08:21:26.110+0000] {dag.py:3456} INFO - Setting next_dagrun for latest_only to 2023-05-02T04:21:26.110560+00:00, run_after=2023-05-02T08:21:26.110560+00:00
[2023-05-02T08:21:26.176+0000] {processor.py:175} INFO - Processing /home/airflow/.local/lib/python3.7/site-packages/airflow/example_dags/example_latest_only.py took 0.267 seconds
[2023-05-02T08:23:35.604+0000] {processor.py:153} INFO - Started process (PID=50) to work on /home/airflow/.local/lib/python3.7/site-packages/airflow/example_dags/example_latest_only.py
[2023-05-02T08:23:35.607+0000] {processor.py:743} INFO - Processing file /home/airflow/.local/lib/python3.7/site-packages/airflow/example_dags/example_latest_only.py for tasks to queue
[2023-05-02T08:23:35.615+0000] {logging_mixin.py:137} INFO - [2023-05-02T08:23:35.609+0000] {dagbag.py:532} INFO - Filling up the DagBag from /home/airflow/.local/lib/python3.7/site-packages/airflow/example_dags/example_latest_only.py
[2023-05-02T08:23:35.676+0000] {processor.py:753} INFO - DAG(s) dict_keys(['latest_only']) retrieved from /home/airflow/.local/lib/python3.7/site-packages/airflow/example_dags/example_latest_only.py
[2023-05-02T08:23:35.736+0000] {logging_mixin.py:137} INFO - [2023-05-02T08:23:35.736+0000] {dag.py:2705} INFO - Sync 1 DAGs
[2023-05-02T08:23:35.807+0000] {logging_mixin.py:137} INFO - [2023-05-02T08:23:35.807+0000] {dag.py:3456} INFO - Setting next_dagrun for latest_only to 2023-05-02T04:23:35.806408+00:00, run_after=2023-05-02T08:23:35.806408+00:00
[2023-05-02T08:23:35.860+0000] {processor.py:175} INFO - Processing /home/airflow/.local/lib/python3.7/site-packages/airflow/example_dags/example_latest_only.py took 0.259 seconds
[2023-05-02T08:24:21.810+0000] {processor.py:153} INFO - Started process (PID=44) to work on /home/airflow/.local/lib/python3.7/site-packages/airflow/example_dags/example_latest_only.py
[2023-05-02T08:24:21.814+0000] {processor.py:743} INFO - Processing file /home/airflow/.local/lib/python3.7/site-packages/airflow/example_dags/example_latest_only.py for tasks to queue
[2023-05-02T08:24:21.816+0000] {logging_mixin.py:137} INFO - [2023-05-02T08:24:21.816+0000] {dagbag.py:532} INFO - Filling up the DagBag from /home/airflow/.local/lib/python3.7/site-packages/airflow/example_dags/example_latest_only.py
[2023-05-02T08:24:21.846+0000] {processor.py:753} INFO - DAG(s) dict_keys(['latest_only']) retrieved from /home/airflow/.local/lib/python3.7/site-packages/airflow/example_dags/example_latest_only.py
[2023-05-02T08:24:21.893+0000] {logging_mixin.py:137} INFO - [2023-05-02T08:24:21.893+0000] {dag.py:2705} INFO - Sync 1 DAGs
[2023-05-02T08:24:21.912+0000] {logging_mixin.py:137} INFO - [2023-05-02T08:24:21.912+0000] {dag.py:3456} INFO - Setting next_dagrun for latest_only to 2023-05-02T04:24:21.912546+00:00, run_after=2023-05-02T08:24:21.912546+00:00
[2023-05-02T08:24:21.928+0000] {processor.py:175} INFO - Processing /home/airflow/.local/lib/python3.7/site-packages/airflow/example_dags/example_latest_only.py took 0.120 seconds
[2023-05-02T08:27:43.673+0000] {processor.py:153} INFO - Started process (PID=51) to work on /home/airflow/.local/lib/python3.7/site-packages/airflow/example_dags/example_latest_only.py
[2023-05-02T08:27:43.675+0000] {processor.py:743} INFO - Processing file /home/airflow/.local/lib/python3.7/site-packages/airflow/example_dags/example_latest_only.py for tasks to queue
[2023-05-02T08:27:43.679+0000] {logging_mixin.py:137} INFO - [2023-05-02T08:27:43.678+0000] {dagbag.py:532} INFO - Filling up the DagBag from /home/airflow/.local/lib/python3.7/site-packages/airflow/example_dags/example_latest_only.py
[2023-05-02T08:27:43.786+0000] {processor.py:753} INFO - DAG(s) dict_keys(['latest_only']) retrieved from /home/airflow/.local/lib/python3.7/site-packages/airflow/example_dags/example_latest_only.py
[2023-05-02T08:27:43.931+0000] {logging_mixin.py:137} INFO - [2023-05-02T08:27:43.929+0000] {dag.py:2705} INFO - Sync 1 DAGs
[2023-05-02T08:27:44.023+0000] {logging_mixin.py:137} INFO - [2023-05-02T08:27:44.023+0000] {dag.py:3456} INFO - Setting next_dagrun for latest_only to 2023-05-02T04:27:44.007901+00:00, run_after=2023-05-02T08:27:44.007901+00:00
[2023-05-02T08:27:44.074+0000] {processor.py:175} INFO - Processing /home/airflow/.local/lib/python3.7/site-packages/airflow/example_dags/example_latest_only.py took 0.412 seconds
[2023-05-02T08:28:50.814+0000] {processor.py:153} INFO - Started process (PID=43) to work on /home/airflow/.local/lib/python3.7/site-packages/airflow/example_dags/example_latest_only.py
[2023-05-02T08:28:50.815+0000] {processor.py:743} INFO - Processing file /home/airflow/.local/lib/python3.7/site-packages/airflow/example_dags/example_latest_only.py for tasks to queue
[2023-05-02T08:28:50.815+0000] {logging_mixin.py:137} INFO - [2023-05-02T08:28:50.815+0000] {dagbag.py:532} INFO - Filling up the DagBag from /home/airflow/.local/lib/python3.7/site-packages/airflow/example_dags/example_latest_only.py
[2023-05-02T08:28:50.840+0000] {processor.py:753} INFO - DAG(s) dict_keys(['latest_only']) retrieved from /home/airflow/.local/lib/python3.7/site-packages/airflow/example_dags/example_latest_only.py
[2023-05-02T08:28:50.897+0000] {logging_mixin.py:137} INFO - [2023-05-02T08:28:50.897+0000] {dag.py:2705} INFO - Sync 1 DAGs
[2023-05-02T08:28:50.918+0000] {logging_mixin.py:137} INFO - [2023-05-02T08:28:50.918+0000] {dag.py:3456} INFO - Setting next_dagrun for latest_only to 2023-05-02T04:28:50.918038+00:00, run_after=2023-05-02T08:28:50.918038+00:00
[2023-05-02T08:28:50.928+0000] {processor.py:175} INFO - Processing /home/airflow/.local/lib/python3.7/site-packages/airflow/example_dags/example_latest_only.py took 0.116 seconds
[2023-05-02T08:29:43.688+0000] {processor.py:153} INFO - Started process (PID=43) to work on /home/airflow/.local/lib/python3.7/site-packages/airflow/example_dags/example_latest_only.py
[2023-05-02T08:29:43.689+0000] {processor.py:743} INFO - Processing file /home/airflow/.local/lib/python3.7/site-packages/airflow/example_dags/example_latest_only.py for tasks to queue
[2023-05-02T08:29:43.690+0000] {logging_mixin.py:137} INFO - [2023-05-02T08:29:43.690+0000] {dagbag.py:532} INFO - Filling up the DagBag from /home/airflow/.local/lib/python3.7/site-packages/airflow/example_dags/example_latest_only.py
[2023-05-02T08:29:43.702+0000] {processor.py:753} INFO - DAG(s) dict_keys(['latest_only']) retrieved from /home/airflow/.local/lib/python3.7/site-packages/airflow/example_dags/example_latest_only.py
[2023-05-02T08:29:43.719+0000] {logging_mixin.py:137} INFO - [2023-05-02T08:29:43.719+0000] {dag.py:2705} INFO - Sync 1 DAGs
[2023-05-02T08:29:43.737+0000] {logging_mixin.py:137} INFO - [2023-05-02T08:29:43.737+0000] {dag.py:3456} INFO - Setting next_dagrun for latest_only to 2023-05-02T04:29:43.736885+00:00, run_after=2023-05-02T08:29:43.736885+00:00
[2023-05-02T08:29:43.750+0000] {processor.py:175} INFO - Processing /home/airflow/.local/lib/python3.7/site-packages/airflow/example_dags/example_latest_only.py took 0.065 seconds
[2023-05-02T08:32:20.443+0000] {processor.py:153} INFO - Started process (PID=44) to work on /home/airflow/.local/lib/python3.7/site-packages/airflow/example_dags/example_latest_only.py
[2023-05-02T08:32:20.446+0000] {processor.py:743} INFO - Processing file /home/airflow/.local/lib/python3.7/site-packages/airflow/example_dags/example_latest_only.py for tasks to queue
[2023-05-02T08:32:20.447+0000] {logging_mixin.py:137} INFO - [2023-05-02T08:32:20.447+0000] {dagbag.py:532} INFO - Filling up the DagBag from /home/airflow/.local/lib/python3.7/site-packages/airflow/example_dags/example_latest_only.py
[2023-05-02T08:32:23.700+0000] {processor.py:753} INFO - DAG(s) dict_keys(['latest_only']) retrieved from /home/airflow/.local/lib/python3.7/site-packages/airflow/example_dags/example_latest_only.py
[2023-05-02T08:32:23.797+0000] {logging_mixin.py:137} INFO - [2023-05-02T08:32:23.797+0000] {dag.py:2705} INFO - Sync 1 DAGs
[2023-05-02T08:32:23.843+0000] {logging_mixin.py:137} INFO - [2023-05-02T08:32:23.843+0000] {dag.py:3456} INFO - Setting next_dagrun for latest_only to 2023-05-02T04:32:23.843228+00:00, run_after=2023-05-02T08:32:23.843228+00:00
[2023-05-02T08:32:23.881+0000] {processor.py:175} INFO - Processing /home/airflow/.local/lib/python3.7/site-packages/airflow/example_dags/example_latest_only.py took 3.446 seconds
[2023-05-02T08:47:24.259+0000] {processor.py:153} INFO - Started process (PID=43) to work on /home/airflow/.local/lib/python3.7/site-packages/airflow/example_dags/example_latest_only.py
[2023-05-02T08:47:24.262+0000] {processor.py:743} INFO - Processing file /home/airflow/.local/lib/python3.7/site-packages/airflow/example_dags/example_latest_only.py for tasks to queue
[2023-05-02T08:47:24.264+0000] {logging_mixin.py:137} INFO - [2023-05-02T08:47:24.264+0000] {dagbag.py:532} INFO - Filling up the DagBag from /home/airflow/.local/lib/python3.7/site-packages/airflow/example_dags/example_latest_only.py
[2023-05-02T08:47:24.333+0000] {processor.py:753} INFO - DAG(s) dict_keys(['latest_only']) retrieved from /home/airflow/.local/lib/python3.7/site-packages/airflow/example_dags/example_latest_only.py
[2023-05-02T08:47:24.371+0000] {logging_mixin.py:137} INFO - [2023-05-02T08:47:24.371+0000] {dag.py:2705} INFO - Sync 1 DAGs
[2023-05-02T08:47:24.399+0000] {logging_mixin.py:137} INFO - [2023-05-02T08:47:24.399+0000] {dag.py:3456} INFO - Setting next_dagrun for latest_only to 2023-05-02T04:47:24.398904+00:00, run_after=2023-05-02T08:47:24.398904+00:00
[2023-05-02T08:47:24.421+0000] {processor.py:175} INFO - Processing /home/airflow/.local/lib/python3.7/site-packages/airflow/example_dags/example_latest_only.py took 0.165 seconds
[2023-05-02T08:48:13.501+0000] {processor.py:153} INFO - Started process (PID=44) to work on /home/airflow/.local/lib/python3.7/site-packages/airflow/example_dags/example_latest_only.py
[2023-05-02T08:48:13.502+0000] {processor.py:743} INFO - Processing file /home/airflow/.local/lib/python3.7/site-packages/airflow/example_dags/example_latest_only.py for tasks to queue
[2023-05-02T08:48:13.503+0000] {logging_mixin.py:137} INFO - [2023-05-02T08:48:13.503+0000] {dagbag.py:532} INFO - Filling up the DagBag from /home/airflow/.local/lib/python3.7/site-packages/airflow/example_dags/example_latest_only.py
[2023-05-02T08:48:13.565+0000] {processor.py:753} INFO - DAG(s) dict_keys(['latest_only']) retrieved from /home/airflow/.local/lib/python3.7/site-packages/airflow/example_dags/example_latest_only.py
[2023-05-02T08:48:13.661+0000] {logging_mixin.py:137} INFO - [2023-05-02T08:48:13.661+0000] {dag.py:2705} INFO - Sync 1 DAGs
[2023-05-02T08:48:13.722+0000] {logging_mixin.py:137} INFO - [2023-05-02T08:48:13.722+0000] {dag.py:3456} INFO - Setting next_dagrun for latest_only to 2023-05-02T04:48:13.722019+00:00, run_after=2023-05-02T08:48:13.722019+00:00
[2023-05-02T08:48:13.775+0000] {processor.py:175} INFO - Processing /home/airflow/.local/lib/python3.7/site-packages/airflow/example_dags/example_latest_only.py took 0.276 seconds
[2023-05-02T08:55:47.304+0000] {processor.py:153} INFO - Started process (PID=44) to work on /home/airflow/.local/lib/python3.7/site-packages/airflow/example_dags/example_latest_only.py
[2023-05-02T08:55:47.308+0000] {processor.py:743} INFO - Processing file /home/airflow/.local/lib/python3.7/site-packages/airflow/example_dags/example_latest_only.py for tasks to queue
[2023-05-02T08:55:47.315+0000] {logging_mixin.py:137} INFO - [2023-05-02T08:55:47.311+0000] {dagbag.py:532} INFO - Filling up the DagBag from /home/airflow/.local/lib/python3.7/site-packages/airflow/example_dags/example_latest_only.py
[2023-05-02T08:55:47.439+0000] {processor.py:753} INFO - DAG(s) dict_keys(['latest_only']) retrieved from /home/airflow/.local/lib/python3.7/site-packages/airflow/example_dags/example_latest_only.py
[2023-05-02T08:55:47.589+0000] {logging_mixin.py:137} INFO - [2023-05-02T08:55:47.585+0000] {dag.py:2705} INFO - Sync 1 DAGs
[2023-05-02T08:55:47.831+0000] {logging_mixin.py:137} INFO - [2023-05-02T08:55:47.829+0000] {dag.py:3456} INFO - Setting next_dagrun for latest_only to 2023-05-02T04:55:47.816121+00:00, run_after=2023-05-02T08:55:47.816121+00:00
[2023-05-02T08:55:47.909+0000] {processor.py:175} INFO - Processing /home/airflow/.local/lib/python3.7/site-packages/airflow/example_dags/example_latest_only.py took 0.651 seconds
[2023-05-02T08:57:52.471+0000] {processor.py:153} INFO - Started process (PID=52) to work on /home/airflow/.local/lib/python3.7/site-packages/airflow/example_dags/example_latest_only.py
[2023-05-02T08:57:52.525+0000] {processor.py:743} INFO - Processing file /home/airflow/.local/lib/python3.7/site-packages/airflow/example_dags/example_latest_only.py for tasks to queue
[2023-05-02T08:57:52.541+0000] {logging_mixin.py:137} INFO - [2023-05-02T08:57:52.541+0000] {dagbag.py:532} INFO - Filling up the DagBag from /home/airflow/.local/lib/python3.7/site-packages/airflow/example_dags/example_latest_only.py
[2023-05-02T08:57:52.730+0000] {processor.py:753} INFO - DAG(s) dict_keys(['latest_only']) retrieved from /home/airflow/.local/lib/python3.7/site-packages/airflow/example_dags/example_latest_only.py
[2023-05-02T09:03:24.770+0000] {processor.py:153} INFO - Started process (PID=43) to work on /home/airflow/.local/lib/python3.7/site-packages/airflow/example_dags/example_latest_only.py
[2023-05-02T09:03:24.781+0000] {processor.py:743} INFO - Processing file /home/airflow/.local/lib/python3.7/site-packages/airflow/example_dags/example_latest_only.py for tasks to queue
[2023-05-02T09:03:24.782+0000] {logging_mixin.py:137} INFO - [2023-05-02T09:03:24.782+0000] {dagbag.py:532} INFO - Filling up the DagBag from /home/airflow/.local/lib/python3.7/site-packages/airflow/example_dags/example_latest_only.py
[2023-05-02T09:03:24.846+0000] {processor.py:753} INFO - DAG(s) dict_keys(['latest_only']) retrieved from /home/airflow/.local/lib/python3.7/site-packages/airflow/example_dags/example_latest_only.py
[2023-05-02T09:03:24.937+0000] {logging_mixin.py:137} INFO - [2023-05-02T09:03:24.937+0000] {dag.py:2705} INFO - Sync 1 DAGs
[2023-05-02T09:03:25.047+0000] {logging_mixin.py:137} INFO - [2023-05-02T09:03:25.046+0000] {dag.py:3456} INFO - Setting next_dagrun for latest_only to 2023-05-02T05:03:25.045825+00:00, run_after=2023-05-02T09:03:25.045825+00:00
[2023-05-02T09:03:25.123+0000] {processor.py:175} INFO - Processing /home/airflow/.local/lib/python3.7/site-packages/airflow/example_dags/example_latest_only.py took 0.380 seconds
[2023-05-02T09:06:14.477+0000] {processor.py:153} INFO - Started process (PID=43) to work on /home/airflow/.local/lib/python3.7/site-packages/airflow/example_dags/example_latest_only.py
[2023-05-02T09:06:14.480+0000] {processor.py:743} INFO - Processing file /home/airflow/.local/lib/python3.7/site-packages/airflow/example_dags/example_latest_only.py for tasks to queue
[2023-05-02T09:06:14.498+0000] {logging_mixin.py:137} INFO - [2023-05-02T09:06:14.498+0000] {dagbag.py:532} INFO - Filling up the DagBag from /home/airflow/.local/lib/python3.7/site-packages/airflow/example_dags/example_latest_only.py
[2023-05-02T09:06:14.541+0000] {processor.py:753} INFO - DAG(s) dict_keys(['latest_only']) retrieved from /home/airflow/.local/lib/python3.7/site-packages/airflow/example_dags/example_latest_only.py
[2023-05-02T09:06:14.586+0000] {logging_mixin.py:137} INFO - [2023-05-02T09:06:14.586+0000] {dag.py:2705} INFO - Sync 1 DAGs
[2023-05-02T09:06:14.628+0000] {logging_mixin.py:137} INFO - [2023-05-02T09:06:14.628+0000] {dag.py:3456} INFO - Setting next_dagrun for latest_only to 2023-05-02T05:06:14.628343+00:00, run_after=2023-05-02T09:06:14.628343+00:00
[2023-05-02T09:06:14.678+0000] {processor.py:175} INFO - Processing /home/airflow/.local/lib/python3.7/site-packages/airflow/example_dags/example_latest_only.py took 0.213 seconds
[2023-05-02T09:08:32.626+0000] {processor.py:153} INFO - Started process (PID=47) to work on /home/airflow/.local/lib/python3.7/site-packages/airflow/example_dags/example_latest_only.py
[2023-05-02T09:08:32.627+0000] {processor.py:743} INFO - Processing file /home/airflow/.local/lib/python3.7/site-packages/airflow/example_dags/example_latest_only.py for tasks to queue
[2023-05-02T09:08:32.628+0000] {logging_mixin.py:137} INFO - [2023-05-02T09:08:32.628+0000] {dagbag.py:532} INFO - Filling up the DagBag from /home/airflow/.local/lib/python3.7/site-packages/airflow/example_dags/example_latest_only.py
[2023-05-02T09:08:32.670+0000] {processor.py:753} INFO - DAG(s) dict_keys(['latest_only']) retrieved from /home/airflow/.local/lib/python3.7/site-packages/airflow/example_dags/example_latest_only.py
[2023-05-02T09:08:32.743+0000] {logging_mixin.py:137} INFO - [2023-05-02T09:08:32.742+0000] {dag.py:2705} INFO - Sync 1 DAGs
[2023-05-02T09:08:32.859+0000] {logging_mixin.py:137} INFO - [2023-05-02T09:08:32.859+0000] {dag.py:3456} INFO - Setting next_dagrun for latest_only to 2023-05-02T05:08:32.859141+00:00, run_after=2023-05-02T09:08:32.859141+00:00
[2023-05-02T09:08:32.915+0000] {processor.py:175} INFO - Processing /home/airflow/.local/lib/python3.7/site-packages/airflow/example_dags/example_latest_only.py took 0.296 seconds
[2023-05-02T09:10:50.559+0000] {processor.py:153} INFO - Started process (PID=43) to work on /home/airflow/.local/lib/python3.7/site-packages/airflow/example_dags/example_latest_only.py
[2023-05-02T09:10:50.564+0000] {processor.py:743} INFO - Processing file /home/airflow/.local/lib/python3.7/site-packages/airflow/example_dags/example_latest_only.py for tasks to queue
[2023-05-02T09:10:50.566+0000] {logging_mixin.py:137} INFO - [2023-05-02T09:10:50.566+0000] {dagbag.py:532} INFO - Filling up the DagBag from /home/airflow/.local/lib/python3.7/site-packages/airflow/example_dags/example_latest_only.py
[2023-05-02T09:10:50.662+0000] {processor.py:753} INFO - DAG(s) dict_keys(['latest_only']) retrieved from /home/airflow/.local/lib/python3.7/site-packages/airflow/example_dags/example_latest_only.py
[2023-05-02T09:10:50.753+0000] {logging_mixin.py:137} INFO - [2023-05-02T09:10:50.753+0000] {dag.py:2705} INFO - Sync 1 DAGs
[2023-05-02T09:10:50.791+0000] {logging_mixin.py:137} INFO - [2023-05-02T09:10:50.791+0000] {dag.py:3456} INFO - Setting next_dagrun for latest_only to 2023-05-02T05:10:50.791424+00:00, run_after=2023-05-02T09:10:50.791424+00:00
[2023-05-02T09:10:50.863+0000] {processor.py:175} INFO - Processing /home/airflow/.local/lib/python3.7/site-packages/airflow/example_dags/example_latest_only.py took 0.307 seconds
[2023-05-02T09:11:58.666+0000] {processor.py:153} INFO - Started process (PID=45) to work on /home/airflow/.local/lib/python3.7/site-packages/airflow/example_dags/example_latest_only.py
[2023-05-02T09:11:58.667+0000] {processor.py:743} INFO - Processing file /home/airflow/.local/lib/python3.7/site-packages/airflow/example_dags/example_latest_only.py for tasks to queue
[2023-05-02T09:11:58.667+0000] {logging_mixin.py:137} INFO - [2023-05-02T09:11:58.667+0000] {dagbag.py:532} INFO - Filling up the DagBag from /home/airflow/.local/lib/python3.7/site-packages/airflow/example_dags/example_latest_only.py
[2023-05-02T09:11:58.714+0000] {processor.py:753} INFO - DAG(s) dict_keys(['latest_only']) retrieved from /home/airflow/.local/lib/python3.7/site-packages/airflow/example_dags/example_latest_only.py
[2023-05-02T09:11:58.920+0000] {logging_mixin.py:137} INFO - [2023-05-02T09:11:58.917+0000] {dag.py:2705} INFO - Sync 1 DAGs
[2023-05-02T09:18:09.304+0000] {processor.py:153} INFO - Started process (PID=43) to work on /home/airflow/.local/lib/python3.7/site-packages/airflow/example_dags/example_latest_only.py
[2023-05-02T09:18:09.310+0000] {processor.py:743} INFO - Processing file /home/airflow/.local/lib/python3.7/site-packages/airflow/example_dags/example_latest_only.py for tasks to queue
[2023-05-02T09:18:09.315+0000] {logging_mixin.py:137} INFO - [2023-05-02T09:18:09.315+0000] {dagbag.py:532} INFO - Filling up the DagBag from /home/airflow/.local/lib/python3.7/site-packages/airflow/example_dags/example_latest_only.py
[2023-05-02T09:18:09.342+0000] {processor.py:753} INFO - DAG(s) dict_keys(['latest_only']) retrieved from /home/airflow/.local/lib/python3.7/site-packages/airflow/example_dags/example_latest_only.py
[2023-05-02T09:18:09.397+0000] {logging_mixin.py:137} INFO - [2023-05-02T09:18:09.396+0000] {dag.py:2705} INFO - Sync 1 DAGs
[2023-05-02T09:18:09.430+0000] {logging_mixin.py:137} INFO - [2023-05-02T09:18:09.430+0000] {dag.py:3456} INFO - Setting next_dagrun for latest_only to 2023-05-02T05:18:09.429943+00:00, run_after=2023-05-02T09:18:09.429943+00:00
[2023-05-02T09:18:09.465+0000] {processor.py:175} INFO - Processing /home/airflow/.local/lib/python3.7/site-packages/airflow/example_dags/example_latest_only.py took 0.163 seconds
[2023-05-02T09:22:25.839+0000] {processor.py:153} INFO - Started process (PID=42) to work on /home/airflow/.local/lib/python3.7/site-packages/airflow/example_dags/example_latest_only.py
[2023-05-02T09:22:25.840+0000] {processor.py:743} INFO - Processing file /home/airflow/.local/lib/python3.7/site-packages/airflow/example_dags/example_latest_only.py for tasks to queue
[2023-05-02T09:22:25.841+0000] {logging_mixin.py:137} INFO - [2023-05-02T09:22:25.841+0000] {dagbag.py:532} INFO - Filling up the DagBag from /home/airflow/.local/lib/python3.7/site-packages/airflow/example_dags/example_latest_only.py
[2023-05-02T09:22:25.881+0000] {processor.py:753} INFO - DAG(s) dict_keys(['latest_only']) retrieved from /home/airflow/.local/lib/python3.7/site-packages/airflow/example_dags/example_latest_only.py
[2023-05-02T09:22:25.912+0000] {logging_mixin.py:137} INFO - [2023-05-02T09:22:25.912+0000] {dag.py:2705} INFO - Sync 1 DAGs
[2023-05-02T09:22:25.937+0000] {logging_mixin.py:137} INFO - [2023-05-02T09:22:25.937+0000] {dag.py:3456} INFO - Setting next_dagrun for latest_only to 2023-05-02T05:22:25.936717+00:00, run_after=2023-05-02T09:22:25.936717+00:00
[2023-05-02T09:22:25.975+0000] {processor.py:175} INFO - Processing /home/airflow/.local/lib/python3.7/site-packages/airflow/example_dags/example_latest_only.py took 0.141 seconds
[2023-05-02T09:24:44.173+0000] {processor.py:153} INFO - Started process (PID=45) to work on /home/airflow/.local/lib/python3.7/site-packages/airflow/example_dags/example_latest_only.py
[2023-05-02T09:24:44.189+0000] {processor.py:743} INFO - Processing file /home/airflow/.local/lib/python3.7/site-packages/airflow/example_dags/example_latest_only.py for tasks to queue
[2023-05-02T09:24:44.190+0000] {logging_mixin.py:137} INFO - [2023-05-02T09:24:44.190+0000] {dagbag.py:532} INFO - Filling up the DagBag from /home/airflow/.local/lib/python3.7/site-packages/airflow/example_dags/example_latest_only.py
[2023-05-02T09:24:44.309+0000] {processor.py:753} INFO - DAG(s) dict_keys(['latest_only']) retrieved from /home/airflow/.local/lib/python3.7/site-packages/airflow/example_dags/example_latest_only.py
[2023-05-02T09:24:44.465+0000] {logging_mixin.py:137} INFO - [2023-05-02T09:24:44.465+0000] {dag.py:2705} INFO - Sync 1 DAGs
[2023-05-02T09:24:44.607+0000] {logging_mixin.py:137} INFO - [2023-05-02T09:24:44.607+0000] {dag.py:3456} INFO - Setting next_dagrun for latest_only to 2023-05-02T05:24:44.606556+00:00, run_after=2023-05-02T09:24:44.606556+00:00
[2023-05-02T09:24:44.671+0000] {processor.py:175} INFO - Processing /home/airflow/.local/lib/python3.7/site-packages/airflow/example_dags/example_latest_only.py took 0.507 seconds
[2023-05-02T09:26:22.389+0000] {processor.py:153} INFO - Started process (PID=43) to work on /home/airflow/.local/lib/python3.7/site-packages/airflow/example_dags/example_latest_only.py
[2023-05-02T09:26:22.390+0000] {processor.py:743} INFO - Processing file /home/airflow/.local/lib/python3.7/site-packages/airflow/example_dags/example_latest_only.py for tasks to queue
[2023-05-02T09:26:22.391+0000] {logging_mixin.py:137} INFO - [2023-05-02T09:26:22.391+0000] {dagbag.py:532} INFO - Filling up the DagBag from /home/airflow/.local/lib/python3.7/site-packages/airflow/example_dags/example_latest_only.py
[2023-05-02T09:26:22.428+0000] {processor.py:753} INFO - DAG(s) dict_keys(['latest_only']) retrieved from /home/airflow/.local/lib/python3.7/site-packages/airflow/example_dags/example_latest_only.py
[2023-05-02T09:26:22.474+0000] {logging_mixin.py:137} INFO - [2023-05-02T09:26:22.474+0000] {dag.py:2705} INFO - Sync 1 DAGs
[2023-05-02T09:26:22.516+0000] {logging_mixin.py:137} INFO - [2023-05-02T09:26:22.516+0000] {dag.py:3456} INFO - Setting next_dagrun for latest_only to 2023-05-02T05:26:22.514891+00:00, run_after=2023-05-02T09:26:22.514891+00:00
[2023-05-02T09:26:22.552+0000] {processor.py:175} INFO - Processing /home/airflow/.local/lib/python3.7/site-packages/airflow/example_dags/example_latest_only.py took 0.166 seconds
[2023-05-02T09:26:55.709+0000] {processor.py:153} INFO - Started process (PID=42) to work on /home/airflow/.local/lib/python3.7/site-packages/airflow/example_dags/example_latest_only.py
[2023-05-02T09:26:55.711+0000] {processor.py:743} INFO - Processing file /home/airflow/.local/lib/python3.7/site-packages/airflow/example_dags/example_latest_only.py for tasks to queue
[2023-05-02T09:26:55.711+0000] {logging_mixin.py:137} INFO - [2023-05-02T09:26:55.711+0000] {dagbag.py:532} INFO - Filling up the DagBag from /home/airflow/.local/lib/python3.7/site-packages/airflow/example_dags/example_latest_only.py
[2023-05-02T09:26:55.775+0000] {processor.py:753} INFO - DAG(s) dict_keys(['latest_only']) retrieved from /home/airflow/.local/lib/python3.7/site-packages/airflow/example_dags/example_latest_only.py
[2023-05-02T09:26:55.836+0000] {logging_mixin.py:137} INFO - [2023-05-02T09:26:55.836+0000] {dag.py:2705} INFO - Sync 1 DAGs
[2023-05-02T09:26:55.885+0000] {logging_mixin.py:137} INFO - [2023-05-02T09:26:55.884+0000] {dag.py:3456} INFO - Setting next_dagrun for latest_only to 2023-05-02T05:26:55.884231+00:00, run_after=2023-05-02T09:26:55.884231+00:00
[2023-05-02T09:26:55.924+0000] {processor.py:175} INFO - Processing /home/airflow/.local/lib/python3.7/site-packages/airflow/example_dags/example_latest_only.py took 0.228 seconds
[2023-05-02T09:27:52.504+0000] {processor.py:153} INFO - Started process (PID=43) to work on /home/airflow/.local/lib/python3.7/site-packages/airflow/example_dags/example_latest_only.py
[2023-05-02T09:27:52.514+0000] {processor.py:743} INFO - Processing file /home/airflow/.local/lib/python3.7/site-packages/airflow/example_dags/example_latest_only.py for tasks to queue
[2023-05-02T09:27:52.520+0000] {logging_mixin.py:137} INFO - [2023-05-02T09:27:52.520+0000] {dagbag.py:532} INFO - Filling up the DagBag from /home/airflow/.local/lib/python3.7/site-packages/airflow/example_dags/example_latest_only.py
[2023-05-02T09:27:52.609+0000] {processor.py:753} INFO - DAG(s) dict_keys(['latest_only']) retrieved from /home/airflow/.local/lib/python3.7/site-packages/airflow/example_dags/example_latest_only.py
[2023-05-02T09:27:52.744+0000] {logging_mixin.py:137} INFO - [2023-05-02T09:27:52.732+0000] {dag.py:2705} INFO - Sync 1 DAGs
[2023-05-02T09:27:52.871+0000] {logging_mixin.py:137} INFO - [2023-05-02T09:27:52.870+0000] {dag.py:3456} INFO - Setting next_dagrun for latest_only to 2023-05-02T05:27:52.862759+00:00, run_after=2023-05-02T09:27:52.862759+00:00
[2023-05-02T09:27:52.993+0000] {processor.py:175} INFO - Processing /home/airflow/.local/lib/python3.7/site-packages/airflow/example_dags/example_latest_only.py took 0.495 seconds
[2023-05-02T09:28:43.687+0000] {processor.py:153} INFO - Started process (PID=51) to work on /home/airflow/.local/lib/python3.7/site-packages/airflow/example_dags/example_latest_only.py
[2023-05-02T09:28:43.690+0000] {processor.py:743} INFO - Processing file /home/airflow/.local/lib/python3.7/site-packages/airflow/example_dags/example_latest_only.py for tasks to queue
[2023-05-02T09:28:43.692+0000] {logging_mixin.py:137} INFO - [2023-05-02T09:28:43.692+0000] {dagbag.py:532} INFO - Filling up the DagBag from /home/airflow/.local/lib/python3.7/site-packages/airflow/example_dags/example_latest_only.py
[2023-05-02T09:28:43.782+0000] {processor.py:753} INFO - DAG(s) dict_keys(['latest_only']) retrieved from /home/airflow/.local/lib/python3.7/site-packages/airflow/example_dags/example_latest_only.py
[2023-05-02T09:28:43.925+0000] {logging_mixin.py:137} INFO - [2023-05-02T09:28:43.914+0000] {dag.py:2705} INFO - Sync 1 DAGs
[2023-05-02T09:28:44.169+0000] {logging_mixin.py:137} INFO - [2023-05-02T09:28:44.158+0000] {dag.py:3456} INFO - Setting next_dagrun for latest_only to 2023-05-02T05:28:44.133124+00:00, run_after=2023-05-02T09:28:44.133124+00:00
[2023-05-02T09:29:26.844+0000] {processor.py:153} INFO - Started process (PID=44) to work on /home/airflow/.local/lib/python3.7/site-packages/airflow/example_dags/example_latest_only.py
[2023-05-02T09:29:26.851+0000] {processor.py:743} INFO - Processing file /home/airflow/.local/lib/python3.7/site-packages/airflow/example_dags/example_latest_only.py for tasks to queue
[2023-05-02T09:29:26.857+0000] {logging_mixin.py:137} INFO - [2023-05-02T09:29:26.857+0000] {dagbag.py:532} INFO - Filling up the DagBag from /home/airflow/.local/lib/python3.7/site-packages/airflow/example_dags/example_latest_only.py
[2023-05-02T09:29:27.010+0000] {processor.py:753} INFO - DAG(s) dict_keys(['latest_only']) retrieved from /home/airflow/.local/lib/python3.7/site-packages/airflow/example_dags/example_latest_only.py
[2023-05-02T09:29:27.206+0000] {logging_mixin.py:137} INFO - [2023-05-02T09:29:27.206+0000] {dag.py:2705} INFO - Sync 1 DAGs
[2023-05-02T09:29:27.377+0000] {logging_mixin.py:137} INFO - [2023-05-02T09:29:27.377+0000] {dag.py:3456} INFO - Setting next_dagrun for latest_only to 2023-05-02T05:29:27.377411+00:00, run_after=2023-05-02T09:29:27.377411+00:00
[2023-05-02T09:29:27.554+0000] {processor.py:175} INFO - Processing /home/airflow/.local/lib/python3.7/site-packages/airflow/example_dags/example_latest_only.py took 0.718 seconds
[2023-05-02T09:30:02.053+0000] {processor.py:153} INFO - Started process (PID=42) to work on /home/airflow/.local/lib/python3.7/site-packages/airflow/example_dags/example_latest_only.py
[2023-05-02T09:30:02.056+0000] {processor.py:743} INFO - Processing file /home/airflow/.local/lib/python3.7/site-packages/airflow/example_dags/example_latest_only.py for tasks to queue
[2023-05-02T09:30:02.057+0000] {logging_mixin.py:137} INFO - [2023-05-02T09:30:02.056+0000] {dagbag.py:532} INFO - Filling up the DagBag from /home/airflow/.local/lib/python3.7/site-packages/airflow/example_dags/example_latest_only.py
[2023-05-02T09:30:02.190+0000] {processor.py:753} INFO - DAG(s) dict_keys(['latest_only']) retrieved from /home/airflow/.local/lib/python3.7/site-packages/airflow/example_dags/example_latest_only.py
[2023-05-02T09:30:05.337+0000] {logging_mixin.py:137} INFO - [2023-05-02T09:30:05.323+0000] {dag.py:2705} INFO - Sync 1 DAGs
[2023-05-02T09:30:41.431+0000] {processor.py:153} INFO - Started process (PID=45) to work on /home/airflow/.local/lib/python3.7/site-packages/airflow/example_dags/example_latest_only.py
[2023-05-02T09:30:41.432+0000] {processor.py:743} INFO - Processing file /home/airflow/.local/lib/python3.7/site-packages/airflow/example_dags/example_latest_only.py for tasks to queue
[2023-05-02T09:30:41.434+0000] {logging_mixin.py:137} INFO - [2023-05-02T09:30:41.433+0000] {dagbag.py:532} INFO - Filling up the DagBag from /home/airflow/.local/lib/python3.7/site-packages/airflow/example_dags/example_latest_only.py
[2023-05-02T09:30:42.291+0000] {processor.py:753} INFO - DAG(s) dict_keys(['latest_only']) retrieved from /home/airflow/.local/lib/python3.7/site-packages/airflow/example_dags/example_latest_only.py
[2023-05-02T09:31:10.789+0000] {processor.py:153} INFO - Started process (PID=43) to work on /home/airflow/.local/lib/python3.7/site-packages/airflow/example_dags/example_latest_only.py
[2023-05-02T09:31:10.790+0000] {processor.py:743} INFO - Processing file /home/airflow/.local/lib/python3.7/site-packages/airflow/example_dags/example_latest_only.py for tasks to queue
[2023-05-02T09:31:10.790+0000] {logging_mixin.py:137} INFO - [2023-05-02T09:31:10.790+0000] {dagbag.py:532} INFO - Filling up the DagBag from /home/airflow/.local/lib/python3.7/site-packages/airflow/example_dags/example_latest_only.py
[2023-05-02T09:31:10.818+0000] {processor.py:753} INFO - DAG(s) dict_keys(['latest_only']) retrieved from /home/airflow/.local/lib/python3.7/site-packages/airflow/example_dags/example_latest_only.py
[2023-05-02T09:31:10.867+0000] {logging_mixin.py:137} INFO - [2023-05-02T09:31:10.866+0000] {dag.py:2705} INFO - Sync 1 DAGs
[2023-05-02T09:31:10.984+0000] {logging_mixin.py:137} INFO - [2023-05-02T09:31:10.983+0000] {dag.py:3456} INFO - Setting next_dagrun for latest_only to 2023-05-02T05:31:10.981938+00:00, run_after=2023-05-02T09:31:10.981938+00:00
[2023-05-02T09:33:46.688+0000] {processor.py:153} INFO - Started process (PID=43) to work on /home/airflow/.local/lib/python3.7/site-packages/airflow/example_dags/example_latest_only.py
[2023-05-02T09:33:46.688+0000] {processor.py:743} INFO - Processing file /home/airflow/.local/lib/python3.7/site-packages/airflow/example_dags/example_latest_only.py for tasks to queue
[2023-05-02T09:33:46.689+0000] {logging_mixin.py:137} INFO - [2023-05-02T09:33:46.689+0000] {dagbag.py:532} INFO - Filling up the DagBag from /home/airflow/.local/lib/python3.7/site-packages/airflow/example_dags/example_latest_only.py
[2023-05-02T09:33:46.704+0000] {processor.py:753} INFO - DAG(s) dict_keys(['latest_only']) retrieved from /home/airflow/.local/lib/python3.7/site-packages/airflow/example_dags/example_latest_only.py
[2023-05-02T09:33:46.733+0000] {logging_mixin.py:137} INFO - [2023-05-02T09:33:46.732+0000] {dag.py:2705} INFO - Sync 1 DAGs
[2023-05-02T09:33:46.784+0000] {logging_mixin.py:137} INFO - [2023-05-02T09:33:46.784+0000] {dag.py:3456} INFO - Setting next_dagrun for latest_only to 2023-05-02T05:33:46.783749+00:00, run_after=2023-05-02T09:33:46.783749+00:00
[2023-05-02T09:33:46.854+0000] {processor.py:175} INFO - Processing /home/airflow/.local/lib/python3.7/site-packages/airflow/example_dags/example_latest_only.py took 0.169 seconds
[2023-05-02T09:34:48.495+0000] {processor.py:153} INFO - Started process (PID=43) to work on /home/airflow/.local/lib/python3.7/site-packages/airflow/example_dags/example_latest_only.py
[2023-05-02T09:34:48.496+0000] {processor.py:743} INFO - Processing file /home/airflow/.local/lib/python3.7/site-packages/airflow/example_dags/example_latest_only.py for tasks to queue
[2023-05-02T09:34:48.497+0000] {logging_mixin.py:137} INFO - [2023-05-02T09:34:48.497+0000] {dagbag.py:532} INFO - Filling up the DagBag from /home/airflow/.local/lib/python3.7/site-packages/airflow/example_dags/example_latest_only.py
[2023-05-02T09:34:48.633+0000] {processor.py:753} INFO - DAG(s) dict_keys(['latest_only']) retrieved from /home/airflow/.local/lib/python3.7/site-packages/airflow/example_dags/example_latest_only.py
[2023-05-02T09:34:48.966+0000] {logging_mixin.py:137} INFO - [2023-05-02T09:34:48.962+0000] {dag.py:2705} INFO - Sync 1 DAGs
[2023-05-02T09:35:35.847+0000] {processor.py:153} INFO - Started process (PID=45) to work on /home/airflow/.local/lib/python3.7/site-packages/airflow/example_dags/example_latest_only.py
[2023-05-02T09:35:35.849+0000] {processor.py:743} INFO - Processing file /home/airflow/.local/lib/python3.7/site-packages/airflow/example_dags/example_latest_only.py for tasks to queue
[2023-05-02T09:35:35.849+0000] {logging_mixin.py:137} INFO - [2023-05-02T09:35:35.849+0000] {dagbag.py:532} INFO - Filling up the DagBag from /home/airflow/.local/lib/python3.7/site-packages/airflow/example_dags/example_latest_only.py
[2023-05-02T09:35:35.885+0000] {processor.py:753} INFO - DAG(s) dict_keys(['latest_only']) retrieved from /home/airflow/.local/lib/python3.7/site-packages/airflow/example_dags/example_latest_only.py
[2023-05-02T09:35:35.929+0000] {logging_mixin.py:137} INFO - [2023-05-02T09:35:35.929+0000] {dag.py:2705} INFO - Sync 1 DAGs
[2023-05-02T09:35:35.969+0000] {logging_mixin.py:137} INFO - [2023-05-02T09:35:35.968+0000] {dag.py:3456} INFO - Setting next_dagrun for latest_only to 2023-05-02T05:35:35.968764+00:00, run_after=2023-05-02T09:35:35.968764+00:00
[2023-05-02T09:35:36.004+0000] {processor.py:175} INFO - Processing /home/airflow/.local/lib/python3.7/site-packages/airflow/example_dags/example_latest_only.py took 0.160 seconds
[2023-05-02T09:38:42.487+0000] {processor.py:153} INFO - Started process (PID=42) to work on /home/airflow/.local/lib/python3.7/site-packages/airflow/example_dags/example_latest_only.py
[2023-05-02T09:38:42.494+0000] {processor.py:743} INFO - Processing file /home/airflow/.local/lib/python3.7/site-packages/airflow/example_dags/example_latest_only.py for tasks to queue
[2023-05-02T09:38:42.496+0000] {logging_mixin.py:137} INFO - [2023-05-02T09:38:42.496+0000] {dagbag.py:532} INFO - Filling up the DagBag from /home/airflow/.local/lib/python3.7/site-packages/airflow/example_dags/example_latest_only.py
[2023-05-02T09:38:42.538+0000] {processor.py:753} INFO - DAG(s) dict_keys(['latest_only']) retrieved from /home/airflow/.local/lib/python3.7/site-packages/airflow/example_dags/example_latest_only.py
[2023-05-02T09:38:42.582+0000] {logging_mixin.py:137} INFO - [2023-05-02T09:38:42.582+0000] {dag.py:2705} INFO - Sync 1 DAGs
[2023-05-02T09:38:42.629+0000] {logging_mixin.py:137} INFO - [2023-05-02T09:38:42.629+0000] {dag.py:3456} INFO - Setting next_dagrun for latest_only to 2023-05-02T05:38:42.629067+00:00, run_after=2023-05-02T09:38:42.629067+00:00
[2023-05-02T09:38:42.676+0000] {processor.py:175} INFO - Processing /home/airflow/.local/lib/python3.7/site-packages/airflow/example_dags/example_latest_only.py took 0.192 seconds
[2023-05-02T09:45:17.302+0000] {processor.py:153} INFO - Started process (PID=43) to work on /home/airflow/.local/lib/python3.7/site-packages/airflow/example_dags/example_latest_only.py
[2023-05-02T09:45:17.306+0000] {processor.py:743} INFO - Processing file /home/airflow/.local/lib/python3.7/site-packages/airflow/example_dags/example_latest_only.py for tasks to queue
[2023-05-02T09:45:17.308+0000] {logging_mixin.py:137} INFO - [2023-05-02T09:45:17.308+0000] {dagbag.py:532} INFO - Filling up the DagBag from /home/airflow/.local/lib/python3.7/site-packages/airflow/example_dags/example_latest_only.py
[2023-05-02T09:45:17.362+0000] {processor.py:753} INFO - DAG(s) dict_keys(['latest_only']) retrieved from /home/airflow/.local/lib/python3.7/site-packages/airflow/example_dags/example_latest_only.py
[2023-05-02T09:45:17.424+0000] {logging_mixin.py:137} INFO - [2023-05-02T09:45:17.424+0000] {dag.py:2705} INFO - Sync 1 DAGs
[2023-05-02T09:45:17.464+0000] {logging_mixin.py:137} INFO - [2023-05-02T09:45:17.464+0000] {dag.py:3456} INFO - Setting next_dagrun for latest_only to 2023-05-02T05:45:17.463160+00:00, run_after=2023-05-02T09:45:17.463160+00:00
[2023-05-02T09:45:17.479+0000] {processor.py:175} INFO - Processing /home/airflow/.local/lib/python3.7/site-packages/airflow/example_dags/example_latest_only.py took 0.183 seconds
[2023-05-02T09:48:42.456+0000] {processor.py:153} INFO - Started process (PID=43) to work on /home/airflow/.local/lib/python3.7/site-packages/airflow/example_dags/example_latest_only.py
[2023-05-02T09:48:42.459+0000] {processor.py:743} INFO - Processing file /home/airflow/.local/lib/python3.7/site-packages/airflow/example_dags/example_latest_only.py for tasks to queue
[2023-05-02T09:48:42.461+0000] {logging_mixin.py:137} INFO - [2023-05-02T09:48:42.461+0000] {dagbag.py:532} INFO - Filling up the DagBag from /home/airflow/.local/lib/python3.7/site-packages/airflow/example_dags/example_latest_only.py
[2023-05-02T09:48:42.481+0000] {processor.py:753} INFO - DAG(s) dict_keys(['latest_only']) retrieved from /home/airflow/.local/lib/python3.7/site-packages/airflow/example_dags/example_latest_only.py
[2023-05-02T09:48:42.536+0000] {logging_mixin.py:137} INFO - [2023-05-02T09:48:42.536+0000] {dag.py:2705} INFO - Sync 1 DAGs
[2023-05-02T09:48:42.570+0000] {logging_mixin.py:137} INFO - [2023-05-02T09:48:42.570+0000] {dag.py:3456} INFO - Setting next_dagrun for latest_only to 2023-05-02T05:48:42.569305+00:00, run_after=2023-05-02T09:48:42.569305+00:00
[2023-05-02T09:48:42.592+0000] {processor.py:175} INFO - Processing /home/airflow/.local/lib/python3.7/site-packages/airflow/example_dags/example_latest_only.py took 0.139 seconds
[2023-05-02T10:18:32.458+0000] {processor.py:153} INFO - Started process (PID=43) to work on /home/airflow/.local/lib/python3.7/site-packages/airflow/example_dags/example_latest_only.py
[2023-05-02T10:18:32.459+0000] {processor.py:743} INFO - Processing file /home/airflow/.local/lib/python3.7/site-packages/airflow/example_dags/example_latest_only.py for tasks to queue
[2023-05-02T10:18:32.461+0000] {logging_mixin.py:137} INFO - [2023-05-02T10:18:32.461+0000] {dagbag.py:532} INFO - Filling up the DagBag from /home/airflow/.local/lib/python3.7/site-packages/airflow/example_dags/example_latest_only.py
[2023-05-02T10:18:32.484+0000] {processor.py:753} INFO - DAG(s) dict_keys(['latest_only']) retrieved from /home/airflow/.local/lib/python3.7/site-packages/airflow/example_dags/example_latest_only.py
[2023-05-02T10:18:32.503+0000] {logging_mixin.py:137} INFO - [2023-05-02T10:18:32.503+0000] {dag.py:2705} INFO - Sync 1 DAGs
[2023-05-02T10:18:32.538+0000] {logging_mixin.py:137} INFO - [2023-05-02T10:18:32.538+0000] {dag.py:3456} INFO - Setting next_dagrun for latest_only to 2023-05-02T06:18:32.537905+00:00, run_after=2023-05-02T10:18:32.537905+00:00
[2023-05-02T10:18:32.552+0000] {processor.py:175} INFO - Processing /home/airflow/.local/lib/python3.7/site-packages/airflow/example_dags/example_latest_only.py took 0.097 seconds
[2023-05-02T10:19:38.928+0000] {processor.py:153} INFO - Started process (PID=42) to work on /home/airflow/.local/lib/python3.7/site-packages/airflow/example_dags/example_latest_only.py
[2023-05-02T10:19:38.934+0000] {processor.py:743} INFO - Processing file /home/airflow/.local/lib/python3.7/site-packages/airflow/example_dags/example_latest_only.py for tasks to queue
[2023-05-02T10:19:38.937+0000] {logging_mixin.py:137} INFO - [2023-05-02T10:19:38.937+0000] {dagbag.py:532} INFO - Filling up the DagBag from /home/airflow/.local/lib/python3.7/site-packages/airflow/example_dags/example_latest_only.py
[2023-05-02T10:19:39.046+0000] {processor.py:753} INFO - DAG(s) dict_keys(['latest_only']) retrieved from /home/airflow/.local/lib/python3.7/site-packages/airflow/example_dags/example_latest_only.py
[2023-05-02T10:19:39.168+0000] {logging_mixin.py:137} INFO - [2023-05-02T10:19:39.168+0000] {dag.py:2705} INFO - Sync 1 DAGs
[2023-05-02T10:19:39.257+0000] {logging_mixin.py:137} INFO - [2023-05-02T10:19:39.257+0000] {dag.py:3456} INFO - Setting next_dagrun for latest_only to 2023-05-02T06:19:39.257477+00:00, run_after=2023-05-02T10:19:39.257477+00:00
[2023-05-02T10:19:39.332+0000] {processor.py:175} INFO - Processing /home/airflow/.local/lib/python3.7/site-packages/airflow/example_dags/example_latest_only.py took 0.413 seconds
[2023-05-02T10:22:22.393+0000] {processor.py:153} INFO - Started process (PID=43) to work on /home/airflow/.local/lib/python3.7/site-packages/airflow/example_dags/example_latest_only.py
[2023-05-02T10:22:22.399+0000] {processor.py:743} INFO - Processing file /home/airflow/.local/lib/python3.7/site-packages/airflow/example_dags/example_latest_only.py for tasks to queue
[2023-05-02T10:22:22.403+0000] {logging_mixin.py:137} INFO - [2023-05-02T10:22:22.403+0000] {dagbag.py:532} INFO - Filling up the DagBag from /home/airflow/.local/lib/python3.7/site-packages/airflow/example_dags/example_latest_only.py
[2023-05-02T10:22:22.471+0000] {processor.py:753} INFO - DAG(s) dict_keys(['latest_only']) retrieved from /home/airflow/.local/lib/python3.7/site-packages/airflow/example_dags/example_latest_only.py
[2023-05-02T10:22:22.564+0000] {logging_mixin.py:137} INFO - [2023-05-02T10:22:22.564+0000] {dag.py:2705} INFO - Sync 1 DAGs
[2023-05-02T10:22:22.629+0000] {logging_mixin.py:137} INFO - [2023-05-02T10:22:22.629+0000] {dag.py:3456} INFO - Setting next_dagrun for latest_only to 2023-05-02T06:22:22.628892+00:00, run_after=2023-05-02T10:22:22.628892+00:00
[2023-05-02T10:22:22.735+0000] {processor.py:175} INFO - Processing /home/airflow/.local/lib/python3.7/site-packages/airflow/example_dags/example_latest_only.py took 0.351 seconds
[2023-05-02T10:28:51.406+0000] {processor.py:153} INFO - Started process (PID=43) to work on /home/airflow/.local/lib/python3.7/site-packages/airflow/example_dags/example_latest_only.py
[2023-05-02T10:28:51.418+0000] {processor.py:743} INFO - Processing file /home/airflow/.local/lib/python3.7/site-packages/airflow/example_dags/example_latest_only.py for tasks to queue
[2023-05-02T10:28:51.454+0000] {logging_mixin.py:137} INFO - [2023-05-02T10:28:51.440+0000] {dagbag.py:532} INFO - Filling up the DagBag from /home/airflow/.local/lib/python3.7/site-packages/airflow/example_dags/example_latest_only.py
[2023-05-02T10:28:52.101+0000] {processor.py:753} INFO - DAG(s) dict_keys(['latest_only']) retrieved from /home/airflow/.local/lib/python3.7/site-packages/airflow/example_dags/example_latest_only.py
[2023-05-02T10:28:52.372+0000] {logging_mixin.py:137} INFO - [2023-05-02T10:28:52.372+0000] {dag.py:2705} INFO - Sync 1 DAGs
[2023-05-02T10:28:52.467+0000] {logging_mixin.py:137} INFO - [2023-05-02T10:28:52.467+0000] {dag.py:3456} INFO - Setting next_dagrun for latest_only to 2023-05-02T06:28:52.466740+00:00, run_after=2023-05-02T10:28:52.466740+00:00
[2023-05-02T10:28:52.557+0000] {processor.py:175} INFO - Processing /home/airflow/.local/lib/python3.7/site-packages/airflow/example_dags/example_latest_only.py took 1.174 seconds
[2023-05-02T10:29:15.324+0000] {processor.py:153} INFO - Started process (PID=43) to work on /home/airflow/.local/lib/python3.7/site-packages/airflow/example_dags/example_latest_only.py
[2023-05-02T10:29:15.332+0000] {processor.py:743} INFO - Processing file /home/airflow/.local/lib/python3.7/site-packages/airflow/example_dags/example_latest_only.py for tasks to queue
[2023-05-02T10:29:15.334+0000] {logging_mixin.py:137} INFO - [2023-05-02T10:29:15.334+0000] {dagbag.py:532} INFO - Filling up the DagBag from /home/airflow/.local/lib/python3.7/site-packages/airflow/example_dags/example_latest_only.py
[2023-05-02T10:29:15.363+0000] {processor.py:753} INFO - DAG(s) dict_keys(['latest_only']) retrieved from /home/airflow/.local/lib/python3.7/site-packages/airflow/example_dags/example_latest_only.py
[2023-05-02T10:29:15.389+0000] {logging_mixin.py:137} INFO - [2023-05-02T10:29:15.389+0000] {dag.py:2705} INFO - Sync 1 DAGs
[2023-05-02T10:29:15.421+0000] {logging_mixin.py:137} INFO - [2023-05-02T10:29:15.420+0000] {dag.py:3456} INFO - Setting next_dagrun for latest_only to 2023-05-02T06:29:15.420796+00:00, run_after=2023-05-02T10:29:15.420796+00:00
[2023-05-02T10:29:15.448+0000] {processor.py:175} INFO - Processing /home/airflow/.local/lib/python3.7/site-packages/airflow/example_dags/example_latest_only.py took 0.127 seconds
