[2023-05-02T08:13:58.687+0000] {processor.py:153} INFO - Started process (PID=60) to work on /home/airflow/.local/lib/python3.7/site-packages/airflow/example_dags/example_python_operator.py
[2023-05-02T08:13:58.689+0000] {processor.py:743} INFO - Processing file /home/airflow/.local/lib/python3.7/site-packages/airflow/example_dags/example_python_operator.py for tasks to queue
[2023-05-02T08:13:58.690+0000] {logging_mixin.py:137} INFO - [2023-05-02T08:13:58.690+0000] {dagbag.py:532} INFO - Filling up the DagBag from /home/airflow/.local/lib/python3.7/site-packages/airflow/example_dags/example_python_operator.py
[2023-05-02T08:13:58.808+0000] {logging_mixin.py:137} INFO - [2023-05-02T08:13:58.805+0000] {taskmixin.py:211} WARNING - Dependency <Task(_PythonDecoratedOperator): print_the_context>, log_sql_query already registered for DAG: example_python_operator
[2023-05-02T08:13:58.808+0000] {logging_mixin.py:137} INFO - [2023-05-02T08:13:58.808+0000] {taskmixin.py:211} WARNING - Dependency <Task(_PythonDecoratedOperator): log_sql_query>, print_the_context already registered for DAG: example_python_operator
[2023-05-02T08:13:58.808+0000] {logging_mixin.py:137} INFO - [2023-05-02T08:13:58.808+0000] {taskmixin.py:211} WARNING - Dependency <Task(_PythonDecoratedOperator): print_the_context>, log_sql_query already registered for DAG: example_python_operator
[2023-05-02T08:13:58.809+0000] {logging_mixin.py:137} INFO - [2023-05-02T08:13:58.809+0000] {taskmixin.py:211} WARNING - Dependency <Task(_PythonDecoratedOperator): log_sql_query>, print_the_context already registered for DAG: example_python_operator
[2023-05-02T08:13:58.809+0000] {logging_mixin.py:137} INFO - [2023-05-02T08:13:58.809+0000] {taskmixin.py:211} WARNING - Dependency <Task(_PythonDecoratedOperator): print_the_context>, log_sql_query already registered for DAG: example_python_operator
[2023-05-02T08:13:58.809+0000] {logging_mixin.py:137} INFO - [2023-05-02T08:13:58.809+0000] {taskmixin.py:211} WARNING - Dependency <Task(_PythonDecoratedOperator): log_sql_query>, print_the_context already registered for DAG: example_python_operator
[2023-05-02T08:13:58.810+0000] {logging_mixin.py:137} INFO - [2023-05-02T08:13:58.809+0000] {taskmixin.py:211} WARNING - Dependency <Task(_PythonDecoratedOperator): print_the_context>, log_sql_query already registered for DAG: example_python_operator
[2023-05-02T08:13:58.810+0000] {logging_mixin.py:137} INFO - [2023-05-02T08:13:58.810+0000] {taskmixin.py:211} WARNING - Dependency <Task(_PythonDecoratedOperator): log_sql_query>, print_the_context already registered for DAG: example_python_operator
[2023-05-02T08:13:58.861+0000] {processor.py:753} INFO - DAG(s) dict_keys(['example_python_operator']) retrieved from /home/airflow/.local/lib/python3.7/site-packages/airflow/example_dags/example_python_operator.py
[2023-05-02T08:15:57.847+0000] {processor.py:153} INFO - Started process (PID=50) to work on /home/airflow/.local/lib/python3.7/site-packages/airflow/example_dags/example_python_operator.py
[2023-05-02T08:15:57.848+0000] {processor.py:743} INFO - Processing file /home/airflow/.local/lib/python3.7/site-packages/airflow/example_dags/example_python_operator.py for tasks to queue
[2023-05-02T08:15:57.848+0000] {logging_mixin.py:137} INFO - [2023-05-02T08:15:57.848+0000] {dagbag.py:532} INFO - Filling up the DagBag from /home/airflow/.local/lib/python3.7/site-packages/airflow/example_dags/example_python_operator.py
[2023-05-02T08:15:57.889+0000] {logging_mixin.py:137} INFO - [2023-05-02T08:15:57.889+0000] {taskmixin.py:211} WARNING - Dependency <Task(_PythonDecoratedOperator): print_the_context>, log_sql_query already registered for DAG: example_python_operator
[2023-05-02T08:15:57.890+0000] {logging_mixin.py:137} INFO - [2023-05-02T08:15:57.890+0000] {taskmixin.py:211} WARNING - Dependency <Task(_PythonDecoratedOperator): log_sql_query>, print_the_context already registered for DAG: example_python_operator
[2023-05-02T08:15:57.893+0000] {logging_mixin.py:137} INFO - [2023-05-02T08:15:57.893+0000] {taskmixin.py:211} WARNING - Dependency <Task(_PythonDecoratedOperator): print_the_context>, log_sql_query already registered for DAG: example_python_operator
[2023-05-02T08:15:57.893+0000] {logging_mixin.py:137} INFO - [2023-05-02T08:15:57.893+0000] {taskmixin.py:211} WARNING - Dependency <Task(_PythonDecoratedOperator): log_sql_query>, print_the_context already registered for DAG: example_python_operator
[2023-05-02T08:15:57.894+0000] {logging_mixin.py:137} INFO - [2023-05-02T08:15:57.894+0000] {taskmixin.py:211} WARNING - Dependency <Task(_PythonDecoratedOperator): print_the_context>, log_sql_query already registered for DAG: example_python_operator
[2023-05-02T08:15:57.894+0000] {logging_mixin.py:137} INFO - [2023-05-02T08:15:57.894+0000] {taskmixin.py:211} WARNING - Dependency <Task(_PythonDecoratedOperator): log_sql_query>, print_the_context already registered for DAG: example_python_operator
[2023-05-02T08:15:57.895+0000] {logging_mixin.py:137} INFO - [2023-05-02T08:15:57.895+0000] {taskmixin.py:211} WARNING - Dependency <Task(_PythonDecoratedOperator): print_the_context>, log_sql_query already registered for DAG: example_python_operator
[2023-05-02T08:15:57.895+0000] {logging_mixin.py:137} INFO - [2023-05-02T08:15:57.895+0000] {taskmixin.py:211} WARNING - Dependency <Task(_PythonDecoratedOperator): log_sql_query>, print_the_context already registered for DAG: example_python_operator
[2023-05-02T08:15:57.905+0000] {processor.py:753} INFO - DAG(s) dict_keys(['example_python_operator']) retrieved from /home/airflow/.local/lib/python3.7/site-packages/airflow/example_dags/example_python_operator.py
[2023-05-02T08:15:57.964+0000] {logging_mixin.py:137} INFO - [2023-05-02T08:15:57.964+0000] {dag.py:2705} INFO - Sync 1 DAGs
[2023-05-02T08:15:57.982+0000] {logging_mixin.py:137} INFO - [2023-05-02T08:15:57.982+0000] {dag.py:3456} INFO - Setting next_dagrun for example_python_operator to None, run_after=None
[2023-05-02T08:15:57.998+0000] {processor.py:175} INFO - Processing /home/airflow/.local/lib/python3.7/site-packages/airflow/example_dags/example_python_operator.py took 0.156 seconds
[2023-05-02T08:20:20.041+0000] {processor.py:153} INFO - Started process (PID=58) to work on /home/airflow/.local/lib/python3.7/site-packages/airflow/example_dags/example_python_operator.py
[2023-05-02T08:20:20.156+0000] {processor.py:743} INFO - Processing file /home/airflow/.local/lib/python3.7/site-packages/airflow/example_dags/example_python_operator.py for tasks to queue
[2023-05-02T08:20:20.235+0000] {logging_mixin.py:137} INFO - [2023-05-02T08:20:20.178+0000] {dagbag.py:532} INFO - Filling up the DagBag from /home/airflow/.local/lib/python3.7/site-packages/airflow/example_dags/example_python_operator.py
[2023-05-02T08:20:21.248+0000] {logging_mixin.py:137} INFO - [2023-05-02T08:20:21.222+0000] {taskmixin.py:211} WARNING - Dependency <Task(_PythonDecoratedOperator): print_the_context>, log_sql_query already registered for DAG: example_python_operator
[2023-05-02T08:20:21.294+0000] {logging_mixin.py:137} INFO - [2023-05-02T08:20:21.275+0000] {taskmixin.py:211} WARNING - Dependency <Task(_PythonDecoratedOperator): log_sql_query>, print_the_context already registered for DAG: example_python_operator
[2023-05-02T08:20:21.305+0000] {logging_mixin.py:137} INFO - [2023-05-02T08:20:21.303+0000] {taskmixin.py:211} WARNING - Dependency <Task(_PythonDecoratedOperator): print_the_context>, log_sql_query already registered for DAG: example_python_operator
[2023-05-02T08:20:21.307+0000] {logging_mixin.py:137} INFO - [2023-05-02T08:20:21.307+0000] {taskmixin.py:211} WARNING - Dependency <Task(_PythonDecoratedOperator): log_sql_query>, print_the_context already registered for DAG: example_python_operator
[2023-05-02T08:20:21.316+0000] {logging_mixin.py:137} INFO - [2023-05-02T08:20:21.311+0000] {taskmixin.py:211} WARNING - Dependency <Task(_PythonDecoratedOperator): print_the_context>, log_sql_query already registered for DAG: example_python_operator
[2023-05-02T08:20:21.335+0000] {logging_mixin.py:137} INFO - [2023-05-02T08:20:21.321+0000] {taskmixin.py:211} WARNING - Dependency <Task(_PythonDecoratedOperator): log_sql_query>, print_the_context already registered for DAG: example_python_operator
[2023-05-02T08:20:21.350+0000] {logging_mixin.py:137} INFO - [2023-05-02T08:20:21.346+0000] {taskmixin.py:211} WARNING - Dependency <Task(_PythonDecoratedOperator): print_the_context>, log_sql_query already registered for DAG: example_python_operator
[2023-05-02T08:20:21.372+0000] {logging_mixin.py:137} INFO - [2023-05-02T08:20:21.354+0000] {taskmixin.py:211} WARNING - Dependency <Task(_PythonDecoratedOperator): log_sql_query>, print_the_context already registered for DAG: example_python_operator
[2023-05-02T08:20:22.334+0000] {processor.py:753} INFO - DAG(s) dict_keys(['example_python_operator']) retrieved from /home/airflow/.local/lib/python3.7/site-packages/airflow/example_dags/example_python_operator.py
[2023-05-02T08:21:28.458+0000] {processor.py:153} INFO - Started process (PID=50) to work on /home/airflow/.local/lib/python3.7/site-packages/airflow/example_dags/example_python_operator.py
[2023-05-02T08:21:28.470+0000] {processor.py:743} INFO - Processing file /home/airflow/.local/lib/python3.7/site-packages/airflow/example_dags/example_python_operator.py for tasks to queue
[2023-05-02T08:21:28.473+0000] {logging_mixin.py:137} INFO - [2023-05-02T08:21:28.473+0000] {dagbag.py:532} INFO - Filling up the DagBag from /home/airflow/.local/lib/python3.7/site-packages/airflow/example_dags/example_python_operator.py
[2023-05-02T08:21:28.540+0000] {logging_mixin.py:137} INFO - [2023-05-02T08:21:28.540+0000] {taskmixin.py:211} WARNING - Dependency <Task(_PythonDecoratedOperator): print_the_context>, log_sql_query already registered for DAG: example_python_operator
[2023-05-02T08:21:28.544+0000] {logging_mixin.py:137} INFO - [2023-05-02T08:21:28.544+0000] {taskmixin.py:211} WARNING - Dependency <Task(_PythonDecoratedOperator): log_sql_query>, print_the_context already registered for DAG: example_python_operator
[2023-05-02T08:21:28.546+0000] {logging_mixin.py:137} INFO - [2023-05-02T08:21:28.546+0000] {taskmixin.py:211} WARNING - Dependency <Task(_PythonDecoratedOperator): print_the_context>, log_sql_query already registered for DAG: example_python_operator
[2023-05-02T08:21:28.547+0000] {logging_mixin.py:137} INFO - [2023-05-02T08:21:28.547+0000] {taskmixin.py:211} WARNING - Dependency <Task(_PythonDecoratedOperator): log_sql_query>, print_the_context already registered for DAG: example_python_operator
[2023-05-02T08:21:28.548+0000] {logging_mixin.py:137} INFO - [2023-05-02T08:21:28.548+0000] {taskmixin.py:211} WARNING - Dependency <Task(_PythonDecoratedOperator): print_the_context>, log_sql_query already registered for DAG: example_python_operator
[2023-05-02T08:21:28.550+0000] {logging_mixin.py:137} INFO - [2023-05-02T08:21:28.549+0000] {taskmixin.py:211} WARNING - Dependency <Task(_PythonDecoratedOperator): log_sql_query>, print_the_context already registered for DAG: example_python_operator
[2023-05-02T08:21:28.552+0000] {logging_mixin.py:137} INFO - [2023-05-02T08:21:28.552+0000] {taskmixin.py:211} WARNING - Dependency <Task(_PythonDecoratedOperator): print_the_context>, log_sql_query already registered for DAG: example_python_operator
[2023-05-02T08:21:28.555+0000] {logging_mixin.py:137} INFO - [2023-05-02T08:21:28.555+0000] {taskmixin.py:211} WARNING - Dependency <Task(_PythonDecoratedOperator): log_sql_query>, print_the_context already registered for DAG: example_python_operator
[2023-05-02T08:21:28.574+0000] {processor.py:753} INFO - DAG(s) dict_keys(['example_python_operator']) retrieved from /home/airflow/.local/lib/python3.7/site-packages/airflow/example_dags/example_python_operator.py
[2023-05-02T08:21:28.805+0000] {logging_mixin.py:137} INFO - [2023-05-02T08:21:28.804+0000] {dag.py:2705} INFO - Sync 1 DAGs
[2023-05-02T08:21:28.863+0000] {logging_mixin.py:137} INFO - [2023-05-02T08:21:28.862+0000] {dag.py:3456} INFO - Setting next_dagrun for example_python_operator to None, run_after=None
[2023-05-02T08:21:28.911+0000] {processor.py:175} INFO - Processing /home/airflow/.local/lib/python3.7/site-packages/airflow/example_dags/example_python_operator.py took 0.461 seconds
[2023-05-02T08:23:48.842+0000] {processor.py:153} INFO - Started process (PID=63) to work on /home/airflow/.local/lib/python3.7/site-packages/airflow/example_dags/example_python_operator.py
[2023-05-02T08:23:48.855+0000] {processor.py:743} INFO - Processing file /home/airflow/.local/lib/python3.7/site-packages/airflow/example_dags/example_python_operator.py for tasks to queue
[2023-05-02T08:23:48.856+0000] {logging_mixin.py:137} INFO - [2023-05-02T08:23:48.856+0000] {dagbag.py:532} INFO - Filling up the DagBag from /home/airflow/.local/lib/python3.7/site-packages/airflow/example_dags/example_python_operator.py
[2023-05-02T08:23:48.907+0000] {logging_mixin.py:137} INFO - [2023-05-02T08:23:48.907+0000] {taskmixin.py:211} WARNING - Dependency <Task(_PythonDecoratedOperator): print_the_context>, log_sql_query already registered for DAG: example_python_operator
[2023-05-02T08:23:48.936+0000] {logging_mixin.py:137} INFO - [2023-05-02T08:23:48.935+0000] {taskmixin.py:211} WARNING - Dependency <Task(_PythonDecoratedOperator): log_sql_query>, print_the_context already registered for DAG: example_python_operator
[2023-05-02T08:23:48.936+0000] {logging_mixin.py:137} INFO - [2023-05-02T08:23:48.936+0000] {taskmixin.py:211} WARNING - Dependency <Task(_PythonDecoratedOperator): print_the_context>, log_sql_query already registered for DAG: example_python_operator
[2023-05-02T08:23:48.937+0000] {logging_mixin.py:137} INFO - [2023-05-02T08:23:48.937+0000] {taskmixin.py:211} WARNING - Dependency <Task(_PythonDecoratedOperator): log_sql_query>, print_the_context already registered for DAG: example_python_operator
[2023-05-02T08:23:48.938+0000] {logging_mixin.py:137} INFO - [2023-05-02T08:23:48.938+0000] {taskmixin.py:211} WARNING - Dependency <Task(_PythonDecoratedOperator): print_the_context>, log_sql_query already registered for DAG: example_python_operator
[2023-05-02T08:23:48.938+0000] {logging_mixin.py:137} INFO - [2023-05-02T08:23:48.938+0000] {taskmixin.py:211} WARNING - Dependency <Task(_PythonDecoratedOperator): log_sql_query>, print_the_context already registered for DAG: example_python_operator
[2023-05-02T08:23:48.940+0000] {logging_mixin.py:137} INFO - [2023-05-02T08:23:48.940+0000] {taskmixin.py:211} WARNING - Dependency <Task(_PythonDecoratedOperator): print_the_context>, log_sql_query already registered for DAG: example_python_operator
[2023-05-02T08:23:48.946+0000] {logging_mixin.py:137} INFO - [2023-05-02T08:23:48.946+0000] {taskmixin.py:211} WARNING - Dependency <Task(_PythonDecoratedOperator): log_sql_query>, print_the_context already registered for DAG: example_python_operator
[2023-05-02T08:23:48.959+0000] {processor.py:753} INFO - DAG(s) dict_keys(['example_python_operator']) retrieved from /home/airflow/.local/lib/python3.7/site-packages/airflow/example_dags/example_python_operator.py
[2023-05-02T08:23:49.186+0000] {logging_mixin.py:137} INFO - [2023-05-02T08:23:49.186+0000] {dag.py:2705} INFO - Sync 1 DAGs
[2023-05-02T08:23:49.263+0000] {logging_mixin.py:137} INFO - [2023-05-02T08:23:49.263+0000] {dag.py:3456} INFO - Setting next_dagrun for example_python_operator to None, run_after=None
[2023-05-02T08:23:49.364+0000] {processor.py:175} INFO - Processing /home/airflow/.local/lib/python3.7/site-packages/airflow/example_dags/example_python_operator.py took 0.525 seconds
[2023-05-02T08:24:23.488+0000] {processor.py:153} INFO - Started process (PID=51) to work on /home/airflow/.local/lib/python3.7/site-packages/airflow/example_dags/example_python_operator.py
[2023-05-02T08:24:23.489+0000] {processor.py:743} INFO - Processing file /home/airflow/.local/lib/python3.7/site-packages/airflow/example_dags/example_python_operator.py for tasks to queue
[2023-05-02T08:24:23.489+0000] {logging_mixin.py:137} INFO - [2023-05-02T08:24:23.489+0000] {dagbag.py:532} INFO - Filling up the DagBag from /home/airflow/.local/lib/python3.7/site-packages/airflow/example_dags/example_python_operator.py
[2023-05-02T08:24:23.538+0000] {logging_mixin.py:137} INFO - [2023-05-02T08:24:23.538+0000] {taskmixin.py:211} WARNING - Dependency <Task(_PythonDecoratedOperator): print_the_context>, log_sql_query already registered for DAG: example_python_operator
[2023-05-02T08:24:23.539+0000] {logging_mixin.py:137} INFO - [2023-05-02T08:24:23.539+0000] {taskmixin.py:211} WARNING - Dependency <Task(_PythonDecoratedOperator): log_sql_query>, print_the_context already registered for DAG: example_python_operator
[2023-05-02T08:24:23.539+0000] {logging_mixin.py:137} INFO - [2023-05-02T08:24:23.539+0000] {taskmixin.py:211} WARNING - Dependency <Task(_PythonDecoratedOperator): print_the_context>, log_sql_query already registered for DAG: example_python_operator
[2023-05-02T08:24:23.540+0000] {logging_mixin.py:137} INFO - [2023-05-02T08:24:23.540+0000] {taskmixin.py:211} WARNING - Dependency <Task(_PythonDecoratedOperator): log_sql_query>, print_the_context already registered for DAG: example_python_operator
[2023-05-02T08:24:23.541+0000] {logging_mixin.py:137} INFO - [2023-05-02T08:24:23.540+0000] {taskmixin.py:211} WARNING - Dependency <Task(_PythonDecoratedOperator): print_the_context>, log_sql_query already registered for DAG: example_python_operator
[2023-05-02T08:24:23.541+0000] {logging_mixin.py:137} INFO - [2023-05-02T08:24:23.541+0000] {taskmixin.py:211} WARNING - Dependency <Task(_PythonDecoratedOperator): log_sql_query>, print_the_context already registered for DAG: example_python_operator
[2023-05-02T08:24:23.541+0000] {logging_mixin.py:137} INFO - [2023-05-02T08:24:23.541+0000] {taskmixin.py:211} WARNING - Dependency <Task(_PythonDecoratedOperator): print_the_context>, log_sql_query already registered for DAG: example_python_operator
[2023-05-02T08:24:23.542+0000] {logging_mixin.py:137} INFO - [2023-05-02T08:24:23.542+0000] {taskmixin.py:211} WARNING - Dependency <Task(_PythonDecoratedOperator): log_sql_query>, print_the_context already registered for DAG: example_python_operator
[2023-05-02T08:24:23.562+0000] {processor.py:753} INFO - DAG(s) dict_keys(['example_python_operator']) retrieved from /home/airflow/.local/lib/python3.7/site-packages/airflow/example_dags/example_python_operator.py
[2023-05-02T08:24:23.747+0000] {logging_mixin.py:137} INFO - [2023-05-02T08:24:23.746+0000] {dag.py:2705} INFO - Sync 1 DAGs
[2023-05-02T08:24:23.785+0000] {logging_mixin.py:137} INFO - [2023-05-02T08:24:23.785+0000] {dag.py:3456} INFO - Setting next_dagrun for example_python_operator to None, run_after=None
[2023-05-02T08:24:23.830+0000] {processor.py:175} INFO - Processing /home/airflow/.local/lib/python3.7/site-packages/airflow/example_dags/example_python_operator.py took 0.345 seconds
[2023-05-02T08:27:44.957+0000] {processor.py:153} INFO - Started process (PID=59) to work on /home/airflow/.local/lib/python3.7/site-packages/airflow/example_dags/example_python_operator.py
[2023-05-02T08:27:44.960+0000] {processor.py:743} INFO - Processing file /home/airflow/.local/lib/python3.7/site-packages/airflow/example_dags/example_python_operator.py for tasks to queue
[2023-05-02T08:27:44.961+0000] {logging_mixin.py:137} INFO - [2023-05-02T08:27:44.961+0000] {dagbag.py:532} INFO - Filling up the DagBag from /home/airflow/.local/lib/python3.7/site-packages/airflow/example_dags/example_python_operator.py
[2023-05-02T08:27:45.066+0000] {logging_mixin.py:137} INFO - [2023-05-02T08:27:45.066+0000] {taskmixin.py:211} WARNING - Dependency <Task(_PythonDecoratedOperator): print_the_context>, log_sql_query already registered for DAG: example_python_operator
[2023-05-02T08:27:45.068+0000] {logging_mixin.py:137} INFO - [2023-05-02T08:27:45.067+0000] {taskmixin.py:211} WARNING - Dependency <Task(_PythonDecoratedOperator): log_sql_query>, print_the_context already registered for DAG: example_python_operator
[2023-05-02T08:27:45.069+0000] {logging_mixin.py:137} INFO - [2023-05-02T08:27:45.069+0000] {taskmixin.py:211} WARNING - Dependency <Task(_PythonDecoratedOperator): print_the_context>, log_sql_query already registered for DAG: example_python_operator
[2023-05-02T08:27:45.071+0000] {logging_mixin.py:137} INFO - [2023-05-02T08:27:45.071+0000] {taskmixin.py:211} WARNING - Dependency <Task(_PythonDecoratedOperator): log_sql_query>, print_the_context already registered for DAG: example_python_operator
[2023-05-02T08:27:45.073+0000] {logging_mixin.py:137} INFO - [2023-05-02T08:27:45.073+0000] {taskmixin.py:211} WARNING - Dependency <Task(_PythonDecoratedOperator): print_the_context>, log_sql_query already registered for DAG: example_python_operator
[2023-05-02T08:27:45.074+0000] {logging_mixin.py:137} INFO - [2023-05-02T08:27:45.074+0000] {taskmixin.py:211} WARNING - Dependency <Task(_PythonDecoratedOperator): log_sql_query>, print_the_context already registered for DAG: example_python_operator
[2023-05-02T08:27:45.076+0000] {logging_mixin.py:137} INFO - [2023-05-02T08:27:45.076+0000] {taskmixin.py:211} WARNING - Dependency <Task(_PythonDecoratedOperator): print_the_context>, log_sql_query already registered for DAG: example_python_operator
[2023-05-02T08:27:45.076+0000] {logging_mixin.py:137} INFO - [2023-05-02T08:27:45.076+0000] {taskmixin.py:211} WARNING - Dependency <Task(_PythonDecoratedOperator): log_sql_query>, print_the_context already registered for DAG: example_python_operator
[2023-05-02T08:27:45.185+0000] {processor.py:753} INFO - DAG(s) dict_keys(['example_python_operator']) retrieved from /home/airflow/.local/lib/python3.7/site-packages/airflow/example_dags/example_python_operator.py
[2023-05-02T08:27:46.838+0000] {logging_mixin.py:137} INFO - [2023-05-02T08:27:46.838+0000] {dag.py:2705} INFO - Sync 1 DAGs
[2023-05-02T08:27:46.884+0000] {logging_mixin.py:137} INFO - [2023-05-02T08:27:46.884+0000] {dag.py:3456} INFO - Setting next_dagrun for example_python_operator to None, run_after=None
[2023-05-02T08:27:46.915+0000] {processor.py:175} INFO - Processing /home/airflow/.local/lib/python3.7/site-packages/airflow/example_dags/example_python_operator.py took 1.962 seconds
[2023-05-02T08:28:51.489+0000] {processor.py:153} INFO - Started process (PID=50) to work on /home/airflow/.local/lib/python3.7/site-packages/airflow/example_dags/example_python_operator.py
[2023-05-02T08:28:51.490+0000] {processor.py:743} INFO - Processing file /home/airflow/.local/lib/python3.7/site-packages/airflow/example_dags/example_python_operator.py for tasks to queue
[2023-05-02T08:28:51.490+0000] {logging_mixin.py:137} INFO - [2023-05-02T08:28:51.490+0000] {dagbag.py:532} INFO - Filling up the DagBag from /home/airflow/.local/lib/python3.7/site-packages/airflow/example_dags/example_python_operator.py
[2023-05-02T08:28:51.523+0000] {logging_mixin.py:137} INFO - [2023-05-02T08:28:51.523+0000] {taskmixin.py:211} WARNING - Dependency <Task(_PythonDecoratedOperator): print_the_context>, log_sql_query already registered for DAG: example_python_operator
[2023-05-02T08:28:51.523+0000] {logging_mixin.py:137} INFO - [2023-05-02T08:28:51.523+0000] {taskmixin.py:211} WARNING - Dependency <Task(_PythonDecoratedOperator): log_sql_query>, print_the_context already registered for DAG: example_python_operator
[2023-05-02T08:28:51.525+0000] {logging_mixin.py:137} INFO - [2023-05-02T08:28:51.524+0000] {taskmixin.py:211} WARNING - Dependency <Task(_PythonDecoratedOperator): print_the_context>, log_sql_query already registered for DAG: example_python_operator
[2023-05-02T08:28:51.525+0000] {logging_mixin.py:137} INFO - [2023-05-02T08:28:51.525+0000] {taskmixin.py:211} WARNING - Dependency <Task(_PythonDecoratedOperator): log_sql_query>, print_the_context already registered for DAG: example_python_operator
[2023-05-02T08:28:51.525+0000] {logging_mixin.py:137} INFO - [2023-05-02T08:28:51.525+0000] {taskmixin.py:211} WARNING - Dependency <Task(_PythonDecoratedOperator): print_the_context>, log_sql_query already registered for DAG: example_python_operator
[2023-05-02T08:28:51.526+0000] {logging_mixin.py:137} INFO - [2023-05-02T08:28:51.525+0000] {taskmixin.py:211} WARNING - Dependency <Task(_PythonDecoratedOperator): log_sql_query>, print_the_context already registered for DAG: example_python_operator
[2023-05-02T08:28:51.527+0000] {logging_mixin.py:137} INFO - [2023-05-02T08:28:51.527+0000] {taskmixin.py:211} WARNING - Dependency <Task(_PythonDecoratedOperator): print_the_context>, log_sql_query already registered for DAG: example_python_operator
[2023-05-02T08:28:51.527+0000] {logging_mixin.py:137} INFO - [2023-05-02T08:28:51.527+0000] {taskmixin.py:211} WARNING - Dependency <Task(_PythonDecoratedOperator): log_sql_query>, print_the_context already registered for DAG: example_python_operator
[2023-05-02T08:28:51.539+0000] {processor.py:753} INFO - DAG(s) dict_keys(['example_python_operator']) retrieved from /home/airflow/.local/lib/python3.7/site-packages/airflow/example_dags/example_python_operator.py
[2023-05-02T08:28:51.811+0000] {logging_mixin.py:137} INFO - [2023-05-02T08:28:51.807+0000] {dag.py:2705} INFO - Sync 1 DAGs
[2023-05-02T08:28:51.940+0000] {logging_mixin.py:137} INFO - [2023-05-02T08:28:51.939+0000] {dag.py:3456} INFO - Setting next_dagrun for example_python_operator to None, run_after=None
[2023-05-02T08:28:55.262+0000] {processor.py:175} INFO - Processing /home/airflow/.local/lib/python3.7/site-packages/airflow/example_dags/example_python_operator.py took 3.776 seconds
[2023-05-02T08:29:49.579+0000] {processor.py:153} INFO - Started process (PID=50) to work on /home/airflow/.local/lib/python3.7/site-packages/airflow/example_dags/example_python_operator.py
[2023-05-02T08:29:49.581+0000] {processor.py:743} INFO - Processing file /home/airflow/.local/lib/python3.7/site-packages/airflow/example_dags/example_python_operator.py for tasks to queue
[2023-05-02T08:29:49.582+0000] {logging_mixin.py:137} INFO - [2023-05-02T08:29:49.582+0000] {dagbag.py:532} INFO - Filling up the DagBag from /home/airflow/.local/lib/python3.7/site-packages/airflow/example_dags/example_python_operator.py
[2023-05-02T08:29:50.151+0000] {logging_mixin.py:137} INFO - [2023-05-02T08:29:50.099+0000] {taskmixin.py:211} WARNING - Dependency <Task(_PythonDecoratedOperator): print_the_context>, log_sql_query already registered for DAG: example_python_operator
[2023-05-02T08:29:50.203+0000] {logging_mixin.py:137} INFO - [2023-05-02T08:29:50.166+0000] {taskmixin.py:211} WARNING - Dependency <Task(_PythonDecoratedOperator): log_sql_query>, print_the_context already registered for DAG: example_python_operator
[2023-05-02T08:29:50.354+0000] {logging_mixin.py:137} INFO - [2023-05-02T08:29:50.314+0000] {taskmixin.py:211} WARNING - Dependency <Task(_PythonDecoratedOperator): print_the_context>, log_sql_query already registered for DAG: example_python_operator
[2023-05-02T08:29:50.503+0000] {logging_mixin.py:137} INFO - [2023-05-02T08:29:50.432+0000] {taskmixin.py:211} WARNING - Dependency <Task(_PythonDecoratedOperator): log_sql_query>, print_the_context already registered for DAG: example_python_operator
[2023-05-02T08:29:50.543+0000] {logging_mixin.py:137} INFO - [2023-05-02T08:29:50.525+0000] {taskmixin.py:211} WARNING - Dependency <Task(_PythonDecoratedOperator): print_the_context>, log_sql_query already registered for DAG: example_python_operator
[2023-05-02T08:29:50.577+0000] {logging_mixin.py:137} INFO - [2023-05-02T08:29:50.565+0000] {taskmixin.py:211} WARNING - Dependency <Task(_PythonDecoratedOperator): log_sql_query>, print_the_context already registered for DAG: example_python_operator
[2023-05-02T08:29:50.824+0000] {logging_mixin.py:137} INFO - [2023-05-02T08:29:50.756+0000] {taskmixin.py:211} WARNING - Dependency <Task(_PythonDecoratedOperator): print_the_context>, log_sql_query already registered for DAG: example_python_operator
[2023-05-02T08:29:50.937+0000] {logging_mixin.py:137} INFO - [2023-05-02T08:29:50.886+0000] {taskmixin.py:211} WARNING - Dependency <Task(_PythonDecoratedOperator): log_sql_query>, print_the_context already registered for DAG: example_python_operator
[2023-05-02T08:29:51.744+0000] {processor.py:753} INFO - DAG(s) dict_keys(['example_python_operator']) retrieved from /home/airflow/.local/lib/python3.7/site-packages/airflow/example_dags/example_python_operator.py
[2023-05-02T08:32:24.545+0000] {processor.py:153} INFO - Started process (PID=51) to work on /home/airflow/.local/lib/python3.7/site-packages/airflow/example_dags/example_python_operator.py
[2023-05-02T08:32:24.555+0000] {processor.py:743} INFO - Processing file /home/airflow/.local/lib/python3.7/site-packages/airflow/example_dags/example_python_operator.py for tasks to queue
[2023-05-02T08:32:24.555+0000] {logging_mixin.py:137} INFO - [2023-05-02T08:32:24.555+0000] {dagbag.py:532} INFO - Filling up the DagBag from /home/airflow/.local/lib/python3.7/site-packages/airflow/example_dags/example_python_operator.py
[2023-05-02T08:32:24.596+0000] {logging_mixin.py:137} INFO - [2023-05-02T08:32:24.595+0000] {taskmixin.py:211} WARNING - Dependency <Task(_PythonDecoratedOperator): print_the_context>, log_sql_query already registered for DAG: example_python_operator
[2023-05-02T08:32:24.596+0000] {logging_mixin.py:137} INFO - [2023-05-02T08:32:24.596+0000] {taskmixin.py:211} WARNING - Dependency <Task(_PythonDecoratedOperator): log_sql_query>, print_the_context already registered for DAG: example_python_operator
[2023-05-02T08:32:24.596+0000] {logging_mixin.py:137} INFO - [2023-05-02T08:32:24.596+0000] {taskmixin.py:211} WARNING - Dependency <Task(_PythonDecoratedOperator): print_the_context>, log_sql_query already registered for DAG: example_python_operator
[2023-05-02T08:32:24.602+0000] {logging_mixin.py:137} INFO - [2023-05-02T08:32:24.602+0000] {taskmixin.py:211} WARNING - Dependency <Task(_PythonDecoratedOperator): log_sql_query>, print_the_context already registered for DAG: example_python_operator
[2023-05-02T08:32:24.603+0000] {logging_mixin.py:137} INFO - [2023-05-02T08:32:24.603+0000] {taskmixin.py:211} WARNING - Dependency <Task(_PythonDecoratedOperator): print_the_context>, log_sql_query already registered for DAG: example_python_operator
[2023-05-02T08:32:24.603+0000] {logging_mixin.py:137} INFO - [2023-05-02T08:32:24.603+0000] {taskmixin.py:211} WARNING - Dependency <Task(_PythonDecoratedOperator): log_sql_query>, print_the_context already registered for DAG: example_python_operator
[2023-05-02T08:32:24.603+0000] {logging_mixin.py:137} INFO - [2023-05-02T08:32:24.603+0000] {taskmixin.py:211} WARNING - Dependency <Task(_PythonDecoratedOperator): print_the_context>, log_sql_query already registered for DAG: example_python_operator
[2023-05-02T08:32:24.603+0000] {logging_mixin.py:137} INFO - [2023-05-02T08:32:24.603+0000] {taskmixin.py:211} WARNING - Dependency <Task(_PythonDecoratedOperator): log_sql_query>, print_the_context already registered for DAG: example_python_operator
[2023-05-02T08:32:24.618+0000] {processor.py:753} INFO - DAG(s) dict_keys(['example_python_operator']) retrieved from /home/airflow/.local/lib/python3.7/site-packages/airflow/example_dags/example_python_operator.py
[2023-05-02T08:32:24.701+0000] {logging_mixin.py:137} INFO - [2023-05-02T08:32:24.701+0000] {dag.py:2705} INFO - Sync 1 DAGs
[2023-05-02T08:32:24.736+0000] {logging_mixin.py:137} INFO - [2023-05-02T08:32:24.736+0000] {dag.py:3456} INFO - Setting next_dagrun for example_python_operator to None, run_after=None
[2023-05-02T08:32:24.771+0000] {processor.py:175} INFO - Processing /home/airflow/.local/lib/python3.7/site-packages/airflow/example_dags/example_python_operator.py took 0.228 seconds
[2023-05-02T08:47:25.094+0000] {processor.py:153} INFO - Started process (PID=50) to work on /home/airflow/.local/lib/python3.7/site-packages/airflow/example_dags/example_python_operator.py
[2023-05-02T08:47:25.096+0000] {processor.py:743} INFO - Processing file /home/airflow/.local/lib/python3.7/site-packages/airflow/example_dags/example_python_operator.py for tasks to queue
[2023-05-02T08:47:25.098+0000] {logging_mixin.py:137} INFO - [2023-05-02T08:47:25.098+0000] {dagbag.py:532} INFO - Filling up the DagBag from /home/airflow/.local/lib/python3.7/site-packages/airflow/example_dags/example_python_operator.py
[2023-05-02T08:47:25.166+0000] {logging_mixin.py:137} INFO - [2023-05-02T08:47:25.166+0000] {taskmixin.py:211} WARNING - Dependency <Task(_PythonDecoratedOperator): print_the_context>, log_sql_query already registered for DAG: example_python_operator
[2023-05-02T08:47:25.168+0000] {logging_mixin.py:137} INFO - [2023-05-02T08:47:25.168+0000] {taskmixin.py:211} WARNING - Dependency <Task(_PythonDecoratedOperator): log_sql_query>, print_the_context already registered for DAG: example_python_operator
[2023-05-02T08:47:25.170+0000] {logging_mixin.py:137} INFO - [2023-05-02T08:47:25.170+0000] {taskmixin.py:211} WARNING - Dependency <Task(_PythonDecoratedOperator): print_the_context>, log_sql_query already registered for DAG: example_python_operator
[2023-05-02T08:47:25.170+0000] {logging_mixin.py:137} INFO - [2023-05-02T08:47:25.170+0000] {taskmixin.py:211} WARNING - Dependency <Task(_PythonDecoratedOperator): log_sql_query>, print_the_context already registered for DAG: example_python_operator
[2023-05-02T08:47:25.171+0000] {logging_mixin.py:137} INFO - [2023-05-02T08:47:25.171+0000] {taskmixin.py:211} WARNING - Dependency <Task(_PythonDecoratedOperator): print_the_context>, log_sql_query already registered for DAG: example_python_operator
[2023-05-02T08:47:25.171+0000] {logging_mixin.py:137} INFO - [2023-05-02T08:47:25.171+0000] {taskmixin.py:211} WARNING - Dependency <Task(_PythonDecoratedOperator): log_sql_query>, print_the_context already registered for DAG: example_python_operator
[2023-05-02T08:47:25.172+0000] {logging_mixin.py:137} INFO - [2023-05-02T08:47:25.172+0000] {taskmixin.py:211} WARNING - Dependency <Task(_PythonDecoratedOperator): print_the_context>, log_sql_query already registered for DAG: example_python_operator
[2023-05-02T08:47:25.174+0000] {logging_mixin.py:137} INFO - [2023-05-02T08:47:25.173+0000] {taskmixin.py:211} WARNING - Dependency <Task(_PythonDecoratedOperator): log_sql_query>, print_the_context already registered for DAG: example_python_operator
[2023-05-02T08:47:25.208+0000] {processor.py:753} INFO - DAG(s) dict_keys(['example_python_operator']) retrieved from /home/airflow/.local/lib/python3.7/site-packages/airflow/example_dags/example_python_operator.py
[2023-05-02T08:47:25.337+0000] {logging_mixin.py:137} INFO - [2023-05-02T08:47:25.337+0000] {dag.py:2705} INFO - Sync 1 DAGs
[2023-05-02T08:47:25.370+0000] {logging_mixin.py:137} INFO - [2023-05-02T08:47:25.370+0000] {dag.py:3456} INFO - Setting next_dagrun for example_python_operator to None, run_after=None
[2023-05-02T08:47:25.390+0000] {processor.py:175} INFO - Processing /home/airflow/.local/lib/python3.7/site-packages/airflow/example_dags/example_python_operator.py took 0.299 seconds
[2023-05-02T08:48:20.065+0000] {processor.py:153} INFO - Started process (PID=51) to work on /home/airflow/.local/lib/python3.7/site-packages/airflow/example_dags/example_python_operator.py
[2023-05-02T08:48:20.071+0000] {processor.py:743} INFO - Processing file /home/airflow/.local/lib/python3.7/site-packages/airflow/example_dags/example_python_operator.py for tasks to queue
[2023-05-02T08:48:20.074+0000] {logging_mixin.py:137} INFO - [2023-05-02T08:48:20.074+0000] {dagbag.py:532} INFO - Filling up the DagBag from /home/airflow/.local/lib/python3.7/site-packages/airflow/example_dags/example_python_operator.py
[2023-05-02T08:48:20.391+0000] {logging_mixin.py:137} INFO - [2023-05-02T08:48:20.381+0000] {taskmixin.py:211} WARNING - Dependency <Task(_PythonDecoratedOperator): print_the_context>, log_sql_query already registered for DAG: example_python_operator
[2023-05-02T08:48:20.392+0000] {logging_mixin.py:137} INFO - [2023-05-02T08:48:20.392+0000] {taskmixin.py:211} WARNING - Dependency <Task(_PythonDecoratedOperator): log_sql_query>, print_the_context already registered for DAG: example_python_operator
[2023-05-02T08:48:20.393+0000] {logging_mixin.py:137} INFO - [2023-05-02T08:48:20.393+0000] {taskmixin.py:211} WARNING - Dependency <Task(_PythonDecoratedOperator): print_the_context>, log_sql_query already registered for DAG: example_python_operator
[2023-05-02T08:48:20.394+0000] {logging_mixin.py:137} INFO - [2023-05-02T08:48:20.394+0000] {taskmixin.py:211} WARNING - Dependency <Task(_PythonDecoratedOperator): log_sql_query>, print_the_context already registered for DAG: example_python_operator
[2023-05-02T08:48:20.395+0000] {logging_mixin.py:137} INFO - [2023-05-02T08:48:20.395+0000] {taskmixin.py:211} WARNING - Dependency <Task(_PythonDecoratedOperator): print_the_context>, log_sql_query already registered for DAG: example_python_operator
[2023-05-02T08:48:20.398+0000] {logging_mixin.py:137} INFO - [2023-05-02T08:48:20.397+0000] {taskmixin.py:211} WARNING - Dependency <Task(_PythonDecoratedOperator): log_sql_query>, print_the_context already registered for DAG: example_python_operator
[2023-05-02T08:48:20.399+0000] {logging_mixin.py:137} INFO - [2023-05-02T08:48:20.399+0000] {taskmixin.py:211} WARNING - Dependency <Task(_PythonDecoratedOperator): print_the_context>, log_sql_query already registered for DAG: example_python_operator
[2023-05-02T08:48:20.400+0000] {logging_mixin.py:137} INFO - [2023-05-02T08:48:20.400+0000] {taskmixin.py:211} WARNING - Dependency <Task(_PythonDecoratedOperator): log_sql_query>, print_the_context already registered for DAG: example_python_operator
[2023-05-02T08:48:20.527+0000] {processor.py:753} INFO - DAG(s) dict_keys(['example_python_operator']) retrieved from /home/airflow/.local/lib/python3.7/site-packages/airflow/example_dags/example_python_operator.py
[2023-05-02T08:55:49.851+0000] {processor.py:153} INFO - Started process (PID=58) to work on /home/airflow/.local/lib/python3.7/site-packages/airflow/example_dags/example_python_operator.py
[2023-05-02T08:55:49.853+0000] {processor.py:743} INFO - Processing file /home/airflow/.local/lib/python3.7/site-packages/airflow/example_dags/example_python_operator.py for tasks to queue
[2023-05-02T08:55:49.855+0000] {logging_mixin.py:137} INFO - [2023-05-02T08:55:49.855+0000] {dagbag.py:532} INFO - Filling up the DagBag from /home/airflow/.local/lib/python3.7/site-packages/airflow/example_dags/example_python_operator.py
[2023-05-02T08:55:49.898+0000] {logging_mixin.py:137} INFO - [2023-05-02T08:55:49.898+0000] {taskmixin.py:211} WARNING - Dependency <Task(_PythonDecoratedOperator): print_the_context>, log_sql_query already registered for DAG: example_python_operator
[2023-05-02T08:55:49.899+0000] {logging_mixin.py:137} INFO - [2023-05-02T08:55:49.899+0000] {taskmixin.py:211} WARNING - Dependency <Task(_PythonDecoratedOperator): log_sql_query>, print_the_context already registered for DAG: example_python_operator
[2023-05-02T08:55:49.899+0000] {logging_mixin.py:137} INFO - [2023-05-02T08:55:49.899+0000] {taskmixin.py:211} WARNING - Dependency <Task(_PythonDecoratedOperator): print_the_context>, log_sql_query already registered for DAG: example_python_operator
[2023-05-02T08:55:49.900+0000] {logging_mixin.py:137} INFO - [2023-05-02T08:55:49.900+0000] {taskmixin.py:211} WARNING - Dependency <Task(_PythonDecoratedOperator): log_sql_query>, print_the_context already registered for DAG: example_python_operator
[2023-05-02T08:55:49.900+0000] {logging_mixin.py:137} INFO - [2023-05-02T08:55:49.900+0000] {taskmixin.py:211} WARNING - Dependency <Task(_PythonDecoratedOperator): print_the_context>, log_sql_query already registered for DAG: example_python_operator
[2023-05-02T08:55:49.900+0000] {logging_mixin.py:137} INFO - [2023-05-02T08:55:49.900+0000] {taskmixin.py:211} WARNING - Dependency <Task(_PythonDecoratedOperator): log_sql_query>, print_the_context already registered for DAG: example_python_operator
[2023-05-02T08:55:49.900+0000] {logging_mixin.py:137} INFO - [2023-05-02T08:55:49.900+0000] {taskmixin.py:211} WARNING - Dependency <Task(_PythonDecoratedOperator): print_the_context>, log_sql_query already registered for DAG: example_python_operator
[2023-05-02T08:55:49.901+0000] {logging_mixin.py:137} INFO - [2023-05-02T08:55:49.901+0000] {taskmixin.py:211} WARNING - Dependency <Task(_PythonDecoratedOperator): log_sql_query>, print_the_context already registered for DAG: example_python_operator
[2023-05-02T08:55:49.910+0000] {processor.py:753} INFO - DAG(s) dict_keys(['example_python_operator']) retrieved from /home/airflow/.local/lib/python3.7/site-packages/airflow/example_dags/example_python_operator.py
[2023-05-02T08:55:50.000+0000] {logging_mixin.py:137} INFO - [2023-05-02T08:55:50.000+0000] {dag.py:2705} INFO - Sync 1 DAGs
[2023-05-02T08:55:50.019+0000] {logging_mixin.py:137} INFO - [2023-05-02T08:55:50.019+0000] {dag.py:3456} INFO - Setting next_dagrun for example_python_operator to None, run_after=None
[2023-05-02T08:55:50.032+0000] {processor.py:175} INFO - Processing /home/airflow/.local/lib/python3.7/site-packages/airflow/example_dags/example_python_operator.py took 0.187 seconds
[2023-05-02T09:03:27.738+0000] {processor.py:153} INFO - Started process (PID=50) to work on /home/airflow/.local/lib/python3.7/site-packages/airflow/example_dags/example_python_operator.py
[2023-05-02T09:03:27.748+0000] {processor.py:743} INFO - Processing file /home/airflow/.local/lib/python3.7/site-packages/airflow/example_dags/example_python_operator.py for tasks to queue
[2023-05-02T09:03:27.756+0000] {logging_mixin.py:137} INFO - [2023-05-02T09:03:27.755+0000] {dagbag.py:532} INFO - Filling up the DagBag from /home/airflow/.local/lib/python3.7/site-packages/airflow/example_dags/example_python_operator.py
[2023-05-02T09:03:27.961+0000] {logging_mixin.py:137} INFO - [2023-05-02T09:03:27.961+0000] {taskmixin.py:211} WARNING - Dependency <Task(_PythonDecoratedOperator): print_the_context>, log_sql_query already registered for DAG: example_python_operator
[2023-05-02T09:03:27.962+0000] {logging_mixin.py:137} INFO - [2023-05-02T09:03:27.962+0000] {taskmixin.py:211} WARNING - Dependency <Task(_PythonDecoratedOperator): log_sql_query>, print_the_context already registered for DAG: example_python_operator
[2023-05-02T09:03:27.965+0000] {logging_mixin.py:137} INFO - [2023-05-02T09:03:27.965+0000] {taskmixin.py:211} WARNING - Dependency <Task(_PythonDecoratedOperator): print_the_context>, log_sql_query already registered for DAG: example_python_operator
[2023-05-02T09:03:27.969+0000] {logging_mixin.py:137} INFO - [2023-05-02T09:03:27.968+0000] {taskmixin.py:211} WARNING - Dependency <Task(_PythonDecoratedOperator): log_sql_query>, print_the_context already registered for DAG: example_python_operator
[2023-05-02T09:03:27.972+0000] {logging_mixin.py:137} INFO - [2023-05-02T09:03:27.972+0000] {taskmixin.py:211} WARNING - Dependency <Task(_PythonDecoratedOperator): print_the_context>, log_sql_query already registered for DAG: example_python_operator
[2023-05-02T09:03:27.974+0000] {logging_mixin.py:137} INFO - [2023-05-02T09:03:27.974+0000] {taskmixin.py:211} WARNING - Dependency <Task(_PythonDecoratedOperator): log_sql_query>, print_the_context already registered for DAG: example_python_operator
[2023-05-02T09:03:27.975+0000] {logging_mixin.py:137} INFO - [2023-05-02T09:03:27.975+0000] {taskmixin.py:211} WARNING - Dependency <Task(_PythonDecoratedOperator): print_the_context>, log_sql_query already registered for DAG: example_python_operator
[2023-05-02T09:03:27.980+0000] {logging_mixin.py:137} INFO - [2023-05-02T09:03:27.980+0000] {taskmixin.py:211} WARNING - Dependency <Task(_PythonDecoratedOperator): log_sql_query>, print_the_context already registered for DAG: example_python_operator
[2023-05-02T09:03:28.058+0000] {processor.py:753} INFO - DAG(s) dict_keys(['example_python_operator']) retrieved from /home/airflow/.local/lib/python3.7/site-packages/airflow/example_dags/example_python_operator.py
[2023-05-02T09:03:28.422+0000] {logging_mixin.py:137} INFO - [2023-05-02T09:03:28.409+0000] {dag.py:2705} INFO - Sync 1 DAGs
[2023-05-02T09:03:28.526+0000] {logging_mixin.py:137} INFO - [2023-05-02T09:03:28.526+0000] {dag.py:3456} INFO - Setting next_dagrun for example_python_operator to None, run_after=None
[2023-05-02T09:03:28.626+0000] {processor.py:175} INFO - Processing /home/airflow/.local/lib/python3.7/site-packages/airflow/example_dags/example_python_operator.py took 0.904 seconds
[2023-05-02T09:06:16.323+0000] {processor.py:153} INFO - Started process (PID=50) to work on /home/airflow/.local/lib/python3.7/site-packages/airflow/example_dags/example_python_operator.py
[2023-05-02T09:06:16.329+0000] {processor.py:743} INFO - Processing file /home/airflow/.local/lib/python3.7/site-packages/airflow/example_dags/example_python_operator.py for tasks to queue
[2023-05-02T09:06:16.330+0000] {logging_mixin.py:137} INFO - [2023-05-02T09:06:16.330+0000] {dagbag.py:532} INFO - Filling up the DagBag from /home/airflow/.local/lib/python3.7/site-packages/airflow/example_dags/example_python_operator.py
[2023-05-02T09:06:16.419+0000] {logging_mixin.py:137} INFO - [2023-05-02T09:06:16.419+0000] {taskmixin.py:211} WARNING - Dependency <Task(_PythonDecoratedOperator): print_the_context>, log_sql_query already registered for DAG: example_python_operator
[2023-05-02T09:06:16.421+0000] {logging_mixin.py:137} INFO - [2023-05-02T09:06:16.421+0000] {taskmixin.py:211} WARNING - Dependency <Task(_PythonDecoratedOperator): log_sql_query>, print_the_context already registered for DAG: example_python_operator
[2023-05-02T09:06:16.422+0000] {logging_mixin.py:137} INFO - [2023-05-02T09:06:16.422+0000] {taskmixin.py:211} WARNING - Dependency <Task(_PythonDecoratedOperator): print_the_context>, log_sql_query already registered for DAG: example_python_operator
[2023-05-02T09:06:16.422+0000] {logging_mixin.py:137} INFO - [2023-05-02T09:06:16.422+0000] {taskmixin.py:211} WARNING - Dependency <Task(_PythonDecoratedOperator): log_sql_query>, print_the_context already registered for DAG: example_python_operator
[2023-05-02T09:06:16.425+0000] {logging_mixin.py:137} INFO - [2023-05-02T09:06:16.425+0000] {taskmixin.py:211} WARNING - Dependency <Task(_PythonDecoratedOperator): print_the_context>, log_sql_query already registered for DAG: example_python_operator
[2023-05-02T09:06:16.434+0000] {logging_mixin.py:137} INFO - [2023-05-02T09:06:16.434+0000] {taskmixin.py:211} WARNING - Dependency <Task(_PythonDecoratedOperator): log_sql_query>, print_the_context already registered for DAG: example_python_operator
[2023-05-02T09:06:16.436+0000] {logging_mixin.py:137} INFO - [2023-05-02T09:06:16.436+0000] {taskmixin.py:211} WARNING - Dependency <Task(_PythonDecoratedOperator): print_the_context>, log_sql_query already registered for DAG: example_python_operator
[2023-05-02T09:06:16.436+0000] {logging_mixin.py:137} INFO - [2023-05-02T09:06:16.436+0000] {taskmixin.py:211} WARNING - Dependency <Task(_PythonDecoratedOperator): log_sql_query>, print_the_context already registered for DAG: example_python_operator
[2023-05-02T09:06:16.463+0000] {processor.py:753} INFO - DAG(s) dict_keys(['example_python_operator']) retrieved from /home/airflow/.local/lib/python3.7/site-packages/airflow/example_dags/example_python_operator.py
[2023-05-02T09:06:16.704+0000] {logging_mixin.py:137} INFO - [2023-05-02T09:06:16.703+0000] {dag.py:2705} INFO - Sync 1 DAGs
[2023-05-02T09:06:16.753+0000] {logging_mixin.py:137} INFO - [2023-05-02T09:06:16.753+0000] {dag.py:3456} INFO - Setting next_dagrun for example_python_operator to None, run_after=None
[2023-05-02T09:06:16.786+0000] {processor.py:175} INFO - Processing /home/airflow/.local/lib/python3.7/site-packages/airflow/example_dags/example_python_operator.py took 0.477 seconds
[2023-05-02T09:08:34.043+0000] {processor.py:153} INFO - Started process (PID=54) to work on /home/airflow/.local/lib/python3.7/site-packages/airflow/example_dags/example_python_operator.py
[2023-05-02T09:08:34.051+0000] {processor.py:743} INFO - Processing file /home/airflow/.local/lib/python3.7/site-packages/airflow/example_dags/example_python_operator.py for tasks to queue
[2023-05-02T09:08:34.052+0000] {logging_mixin.py:137} INFO - [2023-05-02T09:08:34.052+0000] {dagbag.py:532} INFO - Filling up the DagBag from /home/airflow/.local/lib/python3.7/site-packages/airflow/example_dags/example_python_operator.py
[2023-05-02T09:08:34.162+0000] {logging_mixin.py:137} INFO - [2023-05-02T09:08:34.162+0000] {taskmixin.py:211} WARNING - Dependency <Task(_PythonDecoratedOperator): print_the_context>, log_sql_query already registered for DAG: example_python_operator
[2023-05-02T09:08:34.202+0000] {logging_mixin.py:137} INFO - [2023-05-02T09:08:34.202+0000] {taskmixin.py:211} WARNING - Dependency <Task(_PythonDecoratedOperator): log_sql_query>, print_the_context already registered for DAG: example_python_operator
[2023-05-02T09:08:34.209+0000] {logging_mixin.py:137} INFO - [2023-05-02T09:08:34.209+0000] {taskmixin.py:211} WARNING - Dependency <Task(_PythonDecoratedOperator): print_the_context>, log_sql_query already registered for DAG: example_python_operator
[2023-05-02T09:08:34.211+0000] {logging_mixin.py:137} INFO - [2023-05-02T09:08:34.211+0000] {taskmixin.py:211} WARNING - Dependency <Task(_PythonDecoratedOperator): log_sql_query>, print_the_context already registered for DAG: example_python_operator
[2023-05-02T09:08:34.212+0000] {logging_mixin.py:137} INFO - [2023-05-02T09:08:34.211+0000] {taskmixin.py:211} WARNING - Dependency <Task(_PythonDecoratedOperator): print_the_context>, log_sql_query already registered for DAG: example_python_operator
[2023-05-02T09:08:34.212+0000] {logging_mixin.py:137} INFO - [2023-05-02T09:08:34.212+0000] {taskmixin.py:211} WARNING - Dependency <Task(_PythonDecoratedOperator): log_sql_query>, print_the_context already registered for DAG: example_python_operator
[2023-05-02T09:08:34.222+0000] {logging_mixin.py:137} INFO - [2023-05-02T09:08:34.221+0000] {taskmixin.py:211} WARNING - Dependency <Task(_PythonDecoratedOperator): print_the_context>, log_sql_query already registered for DAG: example_python_operator
[2023-05-02T09:08:34.223+0000] {logging_mixin.py:137} INFO - [2023-05-02T09:08:34.223+0000] {taskmixin.py:211} WARNING - Dependency <Task(_PythonDecoratedOperator): log_sql_query>, print_the_context already registered for DAG: example_python_operator
[2023-05-02T09:08:34.271+0000] {processor.py:753} INFO - DAG(s) dict_keys(['example_python_operator']) retrieved from /home/airflow/.local/lib/python3.7/site-packages/airflow/example_dags/example_python_operator.py
[2023-05-02T09:08:34.672+0000] {logging_mixin.py:137} INFO - [2023-05-02T09:08:34.672+0000] {dag.py:2705} INFO - Sync 1 DAGs
[2023-05-02T09:08:34.781+0000] {logging_mixin.py:137} INFO - [2023-05-02T09:08:34.781+0000] {dag.py:3456} INFO - Setting next_dagrun for example_python_operator to None, run_after=None
[2023-05-02T09:08:34.850+0000] {processor.py:175} INFO - Processing /home/airflow/.local/lib/python3.7/site-packages/airflow/example_dags/example_python_operator.py took 0.819 seconds
[2023-05-02T09:10:52.196+0000] {processor.py:153} INFO - Started process (PID=50) to work on /home/airflow/.local/lib/python3.7/site-packages/airflow/example_dags/example_python_operator.py
[2023-05-02T09:10:52.200+0000] {processor.py:743} INFO - Processing file /home/airflow/.local/lib/python3.7/site-packages/airflow/example_dags/example_python_operator.py for tasks to queue
[2023-05-02T09:10:52.201+0000] {logging_mixin.py:137} INFO - [2023-05-02T09:10:52.201+0000] {dagbag.py:532} INFO - Filling up the DagBag from /home/airflow/.local/lib/python3.7/site-packages/airflow/example_dags/example_python_operator.py
[2023-05-02T09:10:52.386+0000] {logging_mixin.py:137} INFO - [2023-05-02T09:10:52.386+0000] {taskmixin.py:211} WARNING - Dependency <Task(_PythonDecoratedOperator): print_the_context>, log_sql_query already registered for DAG: example_python_operator
[2023-05-02T09:10:52.387+0000] {logging_mixin.py:137} INFO - [2023-05-02T09:10:52.386+0000] {taskmixin.py:211} WARNING - Dependency <Task(_PythonDecoratedOperator): log_sql_query>, print_the_context already registered for DAG: example_python_operator
[2023-05-02T09:10:52.388+0000] {logging_mixin.py:137} INFO - [2023-05-02T09:10:52.388+0000] {taskmixin.py:211} WARNING - Dependency <Task(_PythonDecoratedOperator): print_the_context>, log_sql_query already registered for DAG: example_python_operator
[2023-05-02T09:10:52.389+0000] {logging_mixin.py:137} INFO - [2023-05-02T09:10:52.389+0000] {taskmixin.py:211} WARNING - Dependency <Task(_PythonDecoratedOperator): log_sql_query>, print_the_context already registered for DAG: example_python_operator
[2023-05-02T09:10:52.396+0000] {logging_mixin.py:137} INFO - [2023-05-02T09:10:52.396+0000] {taskmixin.py:211} WARNING - Dependency <Task(_PythonDecoratedOperator): print_the_context>, log_sql_query already registered for DAG: example_python_operator
[2023-05-02T09:10:52.402+0000] {logging_mixin.py:137} INFO - [2023-05-02T09:10:52.402+0000] {taskmixin.py:211} WARNING - Dependency <Task(_PythonDecoratedOperator): log_sql_query>, print_the_context already registered for DAG: example_python_operator
[2023-05-02T09:10:52.404+0000] {logging_mixin.py:137} INFO - [2023-05-02T09:10:52.404+0000] {taskmixin.py:211} WARNING - Dependency <Task(_PythonDecoratedOperator): print_the_context>, log_sql_query already registered for DAG: example_python_operator
[2023-05-02T09:10:52.405+0000] {logging_mixin.py:137} INFO - [2023-05-02T09:10:52.405+0000] {taskmixin.py:211} WARNING - Dependency <Task(_PythonDecoratedOperator): log_sql_query>, print_the_context already registered for DAG: example_python_operator
[2023-05-02T09:10:52.458+0000] {processor.py:753} INFO - DAG(s) dict_keys(['example_python_operator']) retrieved from /home/airflow/.local/lib/python3.7/site-packages/airflow/example_dags/example_python_operator.py
[2023-05-02T09:18:10.405+0000] {processor.py:153} INFO - Started process (PID=50) to work on /home/airflow/.local/lib/python3.7/site-packages/airflow/example_dags/example_python_operator.py
[2023-05-02T09:18:10.408+0000] {processor.py:743} INFO - Processing file /home/airflow/.local/lib/python3.7/site-packages/airflow/example_dags/example_python_operator.py for tasks to queue
[2023-05-02T09:18:10.409+0000] {logging_mixin.py:137} INFO - [2023-05-02T09:18:10.409+0000] {dagbag.py:532} INFO - Filling up the DagBag from /home/airflow/.local/lib/python3.7/site-packages/airflow/example_dags/example_python_operator.py
[2023-05-02T09:18:10.444+0000] {logging_mixin.py:137} INFO - [2023-05-02T09:18:10.440+0000] {taskmixin.py:211} WARNING - Dependency <Task(_PythonDecoratedOperator): print_the_context>, log_sql_query already registered for DAG: example_python_operator
[2023-05-02T09:18:10.444+0000] {logging_mixin.py:137} INFO - [2023-05-02T09:18:10.444+0000] {taskmixin.py:211} WARNING - Dependency <Task(_PythonDecoratedOperator): log_sql_query>, print_the_context already registered for DAG: example_python_operator
[2023-05-02T09:18:10.445+0000] {logging_mixin.py:137} INFO - [2023-05-02T09:18:10.445+0000] {taskmixin.py:211} WARNING - Dependency <Task(_PythonDecoratedOperator): print_the_context>, log_sql_query already registered for DAG: example_python_operator
[2023-05-02T09:18:10.445+0000] {logging_mixin.py:137} INFO - [2023-05-02T09:18:10.445+0000] {taskmixin.py:211} WARNING - Dependency <Task(_PythonDecoratedOperator): log_sql_query>, print_the_context already registered for DAG: example_python_operator
[2023-05-02T09:18:10.449+0000] {logging_mixin.py:137} INFO - [2023-05-02T09:18:10.449+0000] {taskmixin.py:211} WARNING - Dependency <Task(_PythonDecoratedOperator): print_the_context>, log_sql_query already registered for DAG: example_python_operator
[2023-05-02T09:18:10.450+0000] {logging_mixin.py:137} INFO - [2023-05-02T09:18:10.450+0000] {taskmixin.py:211} WARNING - Dependency <Task(_PythonDecoratedOperator): log_sql_query>, print_the_context already registered for DAG: example_python_operator
[2023-05-02T09:18:10.450+0000] {logging_mixin.py:137} INFO - [2023-05-02T09:18:10.450+0000] {taskmixin.py:211} WARNING - Dependency <Task(_PythonDecoratedOperator): print_the_context>, log_sql_query already registered for DAG: example_python_operator
[2023-05-02T09:18:10.450+0000] {logging_mixin.py:137} INFO - [2023-05-02T09:18:10.450+0000] {taskmixin.py:211} WARNING - Dependency <Task(_PythonDecoratedOperator): log_sql_query>, print_the_context already registered for DAG: example_python_operator
[2023-05-02T09:18:10.455+0000] {processor.py:753} INFO - DAG(s) dict_keys(['example_python_operator']) retrieved from /home/airflow/.local/lib/python3.7/site-packages/airflow/example_dags/example_python_operator.py
[2023-05-02T09:18:10.560+0000] {logging_mixin.py:137} INFO - [2023-05-02T09:18:10.559+0000] {dag.py:2705} INFO - Sync 1 DAGs
[2023-05-02T09:18:10.628+0000] {logging_mixin.py:137} INFO - [2023-05-02T09:18:10.628+0000] {dag.py:3456} INFO - Setting next_dagrun for example_python_operator to None, run_after=None
[2023-05-02T09:18:10.661+0000] {processor.py:175} INFO - Processing /home/airflow/.local/lib/python3.7/site-packages/airflow/example_dags/example_python_operator.py took 0.274 seconds
[2023-05-02T09:22:27.626+0000] {processor.py:153} INFO - Started process (PID=49) to work on /home/airflow/.local/lib/python3.7/site-packages/airflow/example_dags/example_python_operator.py
[2023-05-02T09:22:27.627+0000] {processor.py:743} INFO - Processing file /home/airflow/.local/lib/python3.7/site-packages/airflow/example_dags/example_python_operator.py for tasks to queue
[2023-05-02T09:22:27.631+0000] {logging_mixin.py:137} INFO - [2023-05-02T09:22:27.631+0000] {dagbag.py:532} INFO - Filling up the DagBag from /home/airflow/.local/lib/python3.7/site-packages/airflow/example_dags/example_python_operator.py
[2023-05-02T09:22:27.747+0000] {logging_mixin.py:137} INFO - [2023-05-02T09:22:27.747+0000] {taskmixin.py:211} WARNING - Dependency <Task(_PythonDecoratedOperator): print_the_context>, log_sql_query already registered for DAG: example_python_operator
[2023-05-02T09:22:27.747+0000] {logging_mixin.py:137} INFO - [2023-05-02T09:22:27.747+0000] {taskmixin.py:211} WARNING - Dependency <Task(_PythonDecoratedOperator): log_sql_query>, print_the_context already registered for DAG: example_python_operator
[2023-05-02T09:22:27.748+0000] {logging_mixin.py:137} INFO - [2023-05-02T09:22:27.748+0000] {taskmixin.py:211} WARNING - Dependency <Task(_PythonDecoratedOperator): print_the_context>, log_sql_query already registered for DAG: example_python_operator
[2023-05-02T09:22:27.748+0000] {logging_mixin.py:137} INFO - [2023-05-02T09:22:27.748+0000] {taskmixin.py:211} WARNING - Dependency <Task(_PythonDecoratedOperator): log_sql_query>, print_the_context already registered for DAG: example_python_operator
[2023-05-02T09:22:27.749+0000] {logging_mixin.py:137} INFO - [2023-05-02T09:22:27.749+0000] {taskmixin.py:211} WARNING - Dependency <Task(_PythonDecoratedOperator): print_the_context>, log_sql_query already registered for DAG: example_python_operator
[2023-05-02T09:22:27.749+0000] {logging_mixin.py:137} INFO - [2023-05-02T09:22:27.749+0000] {taskmixin.py:211} WARNING - Dependency <Task(_PythonDecoratedOperator): log_sql_query>, print_the_context already registered for DAG: example_python_operator
[2023-05-02T09:22:27.750+0000] {logging_mixin.py:137} INFO - [2023-05-02T09:22:27.750+0000] {taskmixin.py:211} WARNING - Dependency <Task(_PythonDecoratedOperator): print_the_context>, log_sql_query already registered for DAG: example_python_operator
[2023-05-02T09:22:27.751+0000] {logging_mixin.py:137} INFO - [2023-05-02T09:22:27.751+0000] {taskmixin.py:211} WARNING - Dependency <Task(_PythonDecoratedOperator): log_sql_query>, print_the_context already registered for DAG: example_python_operator
[2023-05-02T09:22:27.761+0000] {processor.py:753} INFO - DAG(s) dict_keys(['example_python_operator']) retrieved from /home/airflow/.local/lib/python3.7/site-packages/airflow/example_dags/example_python_operator.py
[2023-05-02T09:22:27.943+0000] {logging_mixin.py:137} INFO - [2023-05-02T09:22:27.943+0000] {dag.py:2705} INFO - Sync 1 DAGs
[2023-05-02T09:22:28.000+0000] {logging_mixin.py:137} INFO - [2023-05-02T09:22:28.000+0000] {dag.py:3456} INFO - Setting next_dagrun for example_python_operator to None, run_after=None
[2023-05-02T09:22:28.017+0000] {processor.py:175} INFO - Processing /home/airflow/.local/lib/python3.7/site-packages/airflow/example_dags/example_python_operator.py took 0.400 seconds
[2023-05-02T09:24:45.834+0000] {processor.py:153} INFO - Started process (PID=52) to work on /home/airflow/.local/lib/python3.7/site-packages/airflow/example_dags/example_python_operator.py
[2023-05-02T09:24:45.843+0000] {processor.py:743} INFO - Processing file /home/airflow/.local/lib/python3.7/site-packages/airflow/example_dags/example_python_operator.py for tasks to queue
[2023-05-02T09:24:45.850+0000] {logging_mixin.py:137} INFO - [2023-05-02T09:24:45.850+0000] {dagbag.py:532} INFO - Filling up the DagBag from /home/airflow/.local/lib/python3.7/site-packages/airflow/example_dags/example_python_operator.py
[2023-05-02T09:24:45.872+0000] {logging_mixin.py:137} INFO - [2023-05-02T09:24:45.872+0000] {taskmixin.py:211} WARNING - Dependency <Task(_PythonDecoratedOperator): print_the_context>, log_sql_query already registered for DAG: example_python_operator
[2023-05-02T09:24:45.873+0000] {logging_mixin.py:137} INFO - [2023-05-02T09:24:45.873+0000] {taskmixin.py:211} WARNING - Dependency <Task(_PythonDecoratedOperator): log_sql_query>, print_the_context already registered for DAG: example_python_operator
[2023-05-02T09:24:45.875+0000] {logging_mixin.py:137} INFO - [2023-05-02T09:24:45.875+0000] {taskmixin.py:211} WARNING - Dependency <Task(_PythonDecoratedOperator): print_the_context>, log_sql_query already registered for DAG: example_python_operator
[2023-05-02T09:24:45.876+0000] {logging_mixin.py:137} INFO - [2023-05-02T09:24:45.876+0000] {taskmixin.py:211} WARNING - Dependency <Task(_PythonDecoratedOperator): log_sql_query>, print_the_context already registered for DAG: example_python_operator
[2023-05-02T09:24:45.876+0000] {logging_mixin.py:137} INFO - [2023-05-02T09:24:45.876+0000] {taskmixin.py:211} WARNING - Dependency <Task(_PythonDecoratedOperator): print_the_context>, log_sql_query already registered for DAG: example_python_operator
[2023-05-02T09:24:45.876+0000] {logging_mixin.py:137} INFO - [2023-05-02T09:24:45.876+0000] {taskmixin.py:211} WARNING - Dependency <Task(_PythonDecoratedOperator): log_sql_query>, print_the_context already registered for DAG: example_python_operator
[2023-05-02T09:24:45.877+0000] {logging_mixin.py:137} INFO - [2023-05-02T09:24:45.877+0000] {taskmixin.py:211} WARNING - Dependency <Task(_PythonDecoratedOperator): print_the_context>, log_sql_query already registered for DAG: example_python_operator
[2023-05-02T09:24:45.881+0000] {logging_mixin.py:137} INFO - [2023-05-02T09:24:45.881+0000] {taskmixin.py:211} WARNING - Dependency <Task(_PythonDecoratedOperator): log_sql_query>, print_the_context already registered for DAG: example_python_operator
[2023-05-02T09:24:45.898+0000] {processor.py:753} INFO - DAG(s) dict_keys(['example_python_operator']) retrieved from /home/airflow/.local/lib/python3.7/site-packages/airflow/example_dags/example_python_operator.py
[2023-05-02T09:24:46.066+0000] {logging_mixin.py:137} INFO - [2023-05-02T09:24:46.066+0000] {dag.py:2705} INFO - Sync 1 DAGs
[2023-05-02T09:24:46.170+0000] {logging_mixin.py:137} INFO - [2023-05-02T09:24:46.168+0000] {dag.py:3456} INFO - Setting next_dagrun for example_python_operator to None, run_after=None
[2023-05-02T09:24:46.213+0000] {processor.py:175} INFO - Processing /home/airflow/.local/lib/python3.7/site-packages/airflow/example_dags/example_python_operator.py took 0.381 seconds
[2023-05-02T09:26:23.011+0000] {processor.py:153} INFO - Started process (PID=50) to work on /home/airflow/.local/lib/python3.7/site-packages/airflow/example_dags/example_python_operator.py
[2023-05-02T09:26:23.012+0000] {processor.py:743} INFO - Processing file /home/airflow/.local/lib/python3.7/site-packages/airflow/example_dags/example_python_operator.py for tasks to queue
[2023-05-02T09:26:23.012+0000] {logging_mixin.py:137} INFO - [2023-05-02T09:26:23.012+0000] {dagbag.py:532} INFO - Filling up the DagBag from /home/airflow/.local/lib/python3.7/site-packages/airflow/example_dags/example_python_operator.py
[2023-05-02T09:26:23.056+0000] {logging_mixin.py:137} INFO - [2023-05-02T09:26:23.056+0000] {taskmixin.py:211} WARNING - Dependency <Task(_PythonDecoratedOperator): print_the_context>, log_sql_query already registered for DAG: example_python_operator
[2023-05-02T09:26:23.057+0000] {logging_mixin.py:137} INFO - [2023-05-02T09:26:23.057+0000] {taskmixin.py:211} WARNING - Dependency <Task(_PythonDecoratedOperator): log_sql_query>, print_the_context already registered for DAG: example_python_operator
[2023-05-02T09:26:23.058+0000] {logging_mixin.py:137} INFO - [2023-05-02T09:26:23.057+0000] {taskmixin.py:211} WARNING - Dependency <Task(_PythonDecoratedOperator): print_the_context>, log_sql_query already registered for DAG: example_python_operator
[2023-05-02T09:26:23.058+0000] {logging_mixin.py:137} INFO - [2023-05-02T09:26:23.058+0000] {taskmixin.py:211} WARNING - Dependency <Task(_PythonDecoratedOperator): log_sql_query>, print_the_context already registered for DAG: example_python_operator
[2023-05-02T09:26:23.059+0000] {logging_mixin.py:137} INFO - [2023-05-02T09:26:23.058+0000] {taskmixin.py:211} WARNING - Dependency <Task(_PythonDecoratedOperator): print_the_context>, log_sql_query already registered for DAG: example_python_operator
[2023-05-02T09:26:23.059+0000] {logging_mixin.py:137} INFO - [2023-05-02T09:26:23.059+0000] {taskmixin.py:211} WARNING - Dependency <Task(_PythonDecoratedOperator): log_sql_query>, print_the_context already registered for DAG: example_python_operator
[2023-05-02T09:26:23.059+0000] {logging_mixin.py:137} INFO - [2023-05-02T09:26:23.059+0000] {taskmixin.py:211} WARNING - Dependency <Task(_PythonDecoratedOperator): print_the_context>, log_sql_query already registered for DAG: example_python_operator
[2023-05-02T09:26:23.059+0000] {logging_mixin.py:137} INFO - [2023-05-02T09:26:23.059+0000] {taskmixin.py:211} WARNING - Dependency <Task(_PythonDecoratedOperator): log_sql_query>, print_the_context already registered for DAG: example_python_operator
[2023-05-02T09:26:23.067+0000] {processor.py:753} INFO - DAG(s) dict_keys(['example_python_operator']) retrieved from /home/airflow/.local/lib/python3.7/site-packages/airflow/example_dags/example_python_operator.py
[2023-05-02T09:26:23.232+0000] {logging_mixin.py:137} INFO - [2023-05-02T09:26:23.231+0000] {dag.py:2705} INFO - Sync 1 DAGs
[2023-05-02T09:26:23.250+0000] {logging_mixin.py:137} INFO - [2023-05-02T09:26:23.250+0000] {dag.py:3456} INFO - Setting next_dagrun for example_python_operator to None, run_after=None
[2023-05-02T09:26:23.277+0000] {processor.py:175} INFO - Processing /home/airflow/.local/lib/python3.7/site-packages/airflow/example_dags/example_python_operator.py took 0.268 seconds
[2023-05-02T09:27:03.101+0000] {processor.py:153} INFO - Started process (PID=49) to work on /home/airflow/.local/lib/python3.7/site-packages/airflow/example_dags/example_python_operator.py
[2023-05-02T09:27:03.251+0000] {processor.py:743} INFO - Processing file /home/airflow/.local/lib/python3.7/site-packages/airflow/example_dags/example_python_operator.py for tasks to queue
[2023-05-02T09:27:03.443+0000] {logging_mixin.py:137} INFO - [2023-05-02T09:27:03.438+0000] {dagbag.py:532} INFO - Filling up the DagBag from /home/airflow/.local/lib/python3.7/site-packages/airflow/example_dags/example_python_operator.py
[2023-05-02T09:27:03.673+0000] {logging_mixin.py:137} INFO - [2023-05-02T09:27:03.662+0000] {taskmixin.py:211} WARNING - Dependency <Task(_PythonDecoratedOperator): print_the_context>, log_sql_query already registered for DAG: example_python_operator
[2023-05-02T09:27:03.675+0000] {logging_mixin.py:137} INFO - [2023-05-02T09:27:03.675+0000] {taskmixin.py:211} WARNING - Dependency <Task(_PythonDecoratedOperator): log_sql_query>, print_the_context already registered for DAG: example_python_operator
[2023-05-02T09:27:03.676+0000] {logging_mixin.py:137} INFO - [2023-05-02T09:27:03.676+0000] {taskmixin.py:211} WARNING - Dependency <Task(_PythonDecoratedOperator): print_the_context>, log_sql_query already registered for DAG: example_python_operator
[2023-05-02T09:27:03.676+0000] {logging_mixin.py:137} INFO - [2023-05-02T09:27:03.676+0000] {taskmixin.py:211} WARNING - Dependency <Task(_PythonDecoratedOperator): log_sql_query>, print_the_context already registered for DAG: example_python_operator
[2023-05-02T09:27:03.677+0000] {logging_mixin.py:137} INFO - [2023-05-02T09:27:03.677+0000] {taskmixin.py:211} WARNING - Dependency <Task(_PythonDecoratedOperator): print_the_context>, log_sql_query already registered for DAG: example_python_operator
[2023-05-02T09:27:03.677+0000] {logging_mixin.py:137} INFO - [2023-05-02T09:27:03.677+0000] {taskmixin.py:211} WARNING - Dependency <Task(_PythonDecoratedOperator): log_sql_query>, print_the_context already registered for DAG: example_python_operator
[2023-05-02T09:27:03.678+0000] {logging_mixin.py:137} INFO - [2023-05-02T09:27:03.678+0000] {taskmixin.py:211} WARNING - Dependency <Task(_PythonDecoratedOperator): print_the_context>, log_sql_query already registered for DAG: example_python_operator
[2023-05-02T09:27:03.681+0000] {logging_mixin.py:137} INFO - [2023-05-02T09:27:03.681+0000] {taskmixin.py:211} WARNING - Dependency <Task(_PythonDecoratedOperator): log_sql_query>, print_the_context already registered for DAG: example_python_operator
[2023-05-02T09:27:03.740+0000] {processor.py:753} INFO - DAG(s) dict_keys(['example_python_operator']) retrieved from /home/airflow/.local/lib/python3.7/site-packages/airflow/example_dags/example_python_operator.py
[2023-05-02T09:28:49.397+0000] {processor.py:153} INFO - Started process (PID=58) to work on /home/airflow/.local/lib/python3.7/site-packages/airflow/example_dags/example_python_operator.py
[2023-05-02T09:28:49.403+0000] {processor.py:743} INFO - Processing file /home/airflow/.local/lib/python3.7/site-packages/airflow/example_dags/example_python_operator.py for tasks to queue
[2023-05-02T09:28:49.405+0000] {logging_mixin.py:137} INFO - [2023-05-02T09:28:49.404+0000] {dagbag.py:532} INFO - Filling up the DagBag from /home/airflow/.local/lib/python3.7/site-packages/airflow/example_dags/example_python_operator.py
[2023-05-02T09:28:49.527+0000] {logging_mixin.py:137} INFO - [2023-05-02T09:28:49.527+0000] {taskmixin.py:211} WARNING - Dependency <Task(_PythonDecoratedOperator): print_the_context>, log_sql_query already registered for DAG: example_python_operator
[2023-05-02T09:28:49.528+0000] {logging_mixin.py:137} INFO - [2023-05-02T09:28:49.528+0000] {taskmixin.py:211} WARNING - Dependency <Task(_PythonDecoratedOperator): log_sql_query>, print_the_context already registered for DAG: example_python_operator
[2023-05-02T09:28:49.528+0000] {logging_mixin.py:137} INFO - [2023-05-02T09:28:49.528+0000] {taskmixin.py:211} WARNING - Dependency <Task(_PythonDecoratedOperator): print_the_context>, log_sql_query already registered for DAG: example_python_operator
[2023-05-02T09:28:49.528+0000] {logging_mixin.py:137} INFO - [2023-05-02T09:28:49.528+0000] {taskmixin.py:211} WARNING - Dependency <Task(_PythonDecoratedOperator): log_sql_query>, print_the_context already registered for DAG: example_python_operator
[2023-05-02T09:28:49.532+0000] {logging_mixin.py:137} INFO - [2023-05-02T09:28:49.532+0000] {taskmixin.py:211} WARNING - Dependency <Task(_PythonDecoratedOperator): print_the_context>, log_sql_query already registered for DAG: example_python_operator
[2023-05-02T09:28:49.532+0000] {logging_mixin.py:137} INFO - [2023-05-02T09:28:49.532+0000] {taskmixin.py:211} WARNING - Dependency <Task(_PythonDecoratedOperator): log_sql_query>, print_the_context already registered for DAG: example_python_operator
[2023-05-02T09:28:49.534+0000] {logging_mixin.py:137} INFO - [2023-05-02T09:28:49.534+0000] {taskmixin.py:211} WARNING - Dependency <Task(_PythonDecoratedOperator): print_the_context>, log_sql_query already registered for DAG: example_python_operator
[2023-05-02T09:28:49.535+0000] {logging_mixin.py:137} INFO - [2023-05-02T09:28:49.535+0000] {taskmixin.py:211} WARNING - Dependency <Task(_PythonDecoratedOperator): log_sql_query>, print_the_context already registered for DAG: example_python_operator
[2023-05-02T09:28:49.560+0000] {processor.py:753} INFO - DAG(s) dict_keys(['example_python_operator']) retrieved from /home/airflow/.local/lib/python3.7/site-packages/airflow/example_dags/example_python_operator.py
[2023-05-02T09:29:29.045+0000] {processor.py:153} INFO - Started process (PID=51) to work on /home/airflow/.local/lib/python3.7/site-packages/airflow/example_dags/example_python_operator.py
[2023-05-02T09:29:29.049+0000] {processor.py:743} INFO - Processing file /home/airflow/.local/lib/python3.7/site-packages/airflow/example_dags/example_python_operator.py for tasks to queue
[2023-05-02T09:29:29.072+0000] {logging_mixin.py:137} INFO - [2023-05-02T09:29:29.072+0000] {dagbag.py:532} INFO - Filling up the DagBag from /home/airflow/.local/lib/python3.7/site-packages/airflow/example_dags/example_python_operator.py
[2023-05-02T09:29:29.179+0000] {logging_mixin.py:137} INFO - [2023-05-02T09:29:29.178+0000] {taskmixin.py:211} WARNING - Dependency <Task(_PythonDecoratedOperator): print_the_context>, log_sql_query already registered for DAG: example_python_operator
[2023-05-02T09:29:29.179+0000] {logging_mixin.py:137} INFO - [2023-05-02T09:29:29.179+0000] {taskmixin.py:211} WARNING - Dependency <Task(_PythonDecoratedOperator): log_sql_query>, print_the_context already registered for DAG: example_python_operator
[2023-05-02T09:29:29.184+0000] {logging_mixin.py:137} INFO - [2023-05-02T09:29:29.184+0000] {taskmixin.py:211} WARNING - Dependency <Task(_PythonDecoratedOperator): print_the_context>, log_sql_query already registered for DAG: example_python_operator
[2023-05-02T09:29:29.186+0000] {logging_mixin.py:137} INFO - [2023-05-02T09:29:29.186+0000] {taskmixin.py:211} WARNING - Dependency <Task(_PythonDecoratedOperator): log_sql_query>, print_the_context already registered for DAG: example_python_operator
[2023-05-02T09:29:29.188+0000] {logging_mixin.py:137} INFO - [2023-05-02T09:29:29.188+0000] {taskmixin.py:211} WARNING - Dependency <Task(_PythonDecoratedOperator): print_the_context>, log_sql_query already registered for DAG: example_python_operator
[2023-05-02T09:29:29.189+0000] {logging_mixin.py:137} INFO - [2023-05-02T09:29:29.189+0000] {taskmixin.py:211} WARNING - Dependency <Task(_PythonDecoratedOperator): log_sql_query>, print_the_context already registered for DAG: example_python_operator
[2023-05-02T09:29:29.196+0000] {logging_mixin.py:137} INFO - [2023-05-02T09:29:29.196+0000] {taskmixin.py:211} WARNING - Dependency <Task(_PythonDecoratedOperator): print_the_context>, log_sql_query already registered for DAG: example_python_operator
[2023-05-02T09:29:29.196+0000] {logging_mixin.py:137} INFO - [2023-05-02T09:29:29.196+0000] {taskmixin.py:211} WARNING - Dependency <Task(_PythonDecoratedOperator): log_sql_query>, print_the_context already registered for DAG: example_python_operator
[2023-05-02T09:29:29.245+0000] {processor.py:753} INFO - DAG(s) dict_keys(['example_python_operator']) retrieved from /home/airflow/.local/lib/python3.7/site-packages/airflow/example_dags/example_python_operator.py
[2023-05-02T09:29:29.674+0000] {logging_mixin.py:137} INFO - [2023-05-02T09:29:29.672+0000] {dag.py:2705} INFO - Sync 1 DAGs
[2023-05-02T09:29:29.755+0000] {logging_mixin.py:137} INFO - [2023-05-02T09:29:29.752+0000] {dag.py:3456} INFO - Setting next_dagrun for example_python_operator to None, run_after=None
[2023-05-02T09:29:29.909+0000] {processor.py:175} INFO - Processing /home/airflow/.local/lib/python3.7/site-packages/airflow/example_dags/example_python_operator.py took 0.875 seconds
[2023-05-02T09:38:43.879+0000] {processor.py:153} INFO - Started process (PID=49) to work on /home/airflow/.local/lib/python3.7/site-packages/airflow/example_dags/example_python_operator.py
[2023-05-02T09:38:43.882+0000] {processor.py:743} INFO - Processing file /home/airflow/.local/lib/python3.7/site-packages/airflow/example_dags/example_python_operator.py for tasks to queue
[2023-05-02T09:38:43.885+0000] {logging_mixin.py:137} INFO - [2023-05-02T09:38:43.885+0000] {dagbag.py:532} INFO - Filling up the DagBag from /home/airflow/.local/lib/python3.7/site-packages/airflow/example_dags/example_python_operator.py
[2023-05-02T09:38:43.945+0000] {logging_mixin.py:137} INFO - [2023-05-02T09:38:43.944+0000] {taskmixin.py:211} WARNING - Dependency <Task(_PythonDecoratedOperator): print_the_context>, log_sql_query already registered for DAG: example_python_operator
[2023-05-02T09:38:43.945+0000] {logging_mixin.py:137} INFO - [2023-05-02T09:38:43.945+0000] {taskmixin.py:211} WARNING - Dependency <Task(_PythonDecoratedOperator): log_sql_query>, print_the_context already registered for DAG: example_python_operator
[2023-05-02T09:38:43.945+0000] {logging_mixin.py:137} INFO - [2023-05-02T09:38:43.945+0000] {taskmixin.py:211} WARNING - Dependency <Task(_PythonDecoratedOperator): print_the_context>, log_sql_query already registered for DAG: example_python_operator
[2023-05-02T09:38:43.956+0000] {logging_mixin.py:137} INFO - [2023-05-02T09:38:43.956+0000] {taskmixin.py:211} WARNING - Dependency <Task(_PythonDecoratedOperator): log_sql_query>, print_the_context already registered for DAG: example_python_operator
[2023-05-02T09:38:43.957+0000] {logging_mixin.py:137} INFO - [2023-05-02T09:38:43.957+0000] {taskmixin.py:211} WARNING - Dependency <Task(_PythonDecoratedOperator): print_the_context>, log_sql_query already registered for DAG: example_python_operator
[2023-05-02T09:38:43.958+0000] {logging_mixin.py:137} INFO - [2023-05-02T09:38:43.958+0000] {taskmixin.py:211} WARNING - Dependency <Task(_PythonDecoratedOperator): log_sql_query>, print_the_context already registered for DAG: example_python_operator
[2023-05-02T09:38:43.959+0000] {logging_mixin.py:137} INFO - [2023-05-02T09:38:43.959+0000] {taskmixin.py:211} WARNING - Dependency <Task(_PythonDecoratedOperator): print_the_context>, log_sql_query already registered for DAG: example_python_operator
[2023-05-02T09:38:43.963+0000] {logging_mixin.py:137} INFO - [2023-05-02T09:38:43.963+0000] {taskmixin.py:211} WARNING - Dependency <Task(_PythonDecoratedOperator): log_sql_query>, print_the_context already registered for DAG: example_python_operator
[2023-05-02T09:38:43.987+0000] {processor.py:753} INFO - DAG(s) dict_keys(['example_python_operator']) retrieved from /home/airflow/.local/lib/python3.7/site-packages/airflow/example_dags/example_python_operator.py
[2023-05-02T09:38:44.182+0000] {logging_mixin.py:137} INFO - [2023-05-02T09:38:44.181+0000] {dag.py:2705} INFO - Sync 1 DAGs
[2023-05-02T09:38:44.238+0000] {logging_mixin.py:137} INFO - [2023-05-02T09:38:44.238+0000] {dag.py:3456} INFO - Setting next_dagrun for example_python_operator to None, run_after=None
[2023-05-02T09:38:44.272+0000] {processor.py:175} INFO - Processing /home/airflow/.local/lib/python3.7/site-packages/airflow/example_dags/example_python_operator.py took 0.400 seconds
[2023-05-02T09:48:43.329+0000] {processor.py:153} INFO - Started process (PID=50) to work on /home/airflow/.local/lib/python3.7/site-packages/airflow/example_dags/example_python_operator.py
[2023-05-02T09:48:43.330+0000] {processor.py:743} INFO - Processing file /home/airflow/.local/lib/python3.7/site-packages/airflow/example_dags/example_python_operator.py for tasks to queue
[2023-05-02T09:48:43.330+0000] {logging_mixin.py:137} INFO - [2023-05-02T09:48:43.330+0000] {dagbag.py:532} INFO - Filling up the DagBag from /home/airflow/.local/lib/python3.7/site-packages/airflow/example_dags/example_python_operator.py
[2023-05-02T09:48:43.352+0000] {logging_mixin.py:137} INFO - [2023-05-02T09:48:43.352+0000] {taskmixin.py:211} WARNING - Dependency <Task(_PythonDecoratedOperator): print_the_context>, log_sql_query already registered for DAG: example_python_operator
[2023-05-02T09:48:43.353+0000] {logging_mixin.py:137} INFO - [2023-05-02T09:48:43.353+0000] {taskmixin.py:211} WARNING - Dependency <Task(_PythonDecoratedOperator): log_sql_query>, print_the_context already registered for DAG: example_python_operator
[2023-05-02T09:48:43.353+0000] {logging_mixin.py:137} INFO - [2023-05-02T09:48:43.353+0000] {taskmixin.py:211} WARNING - Dependency <Task(_PythonDecoratedOperator): print_the_context>, log_sql_query already registered for DAG: example_python_operator
[2023-05-02T09:48:43.354+0000] {logging_mixin.py:137} INFO - [2023-05-02T09:48:43.353+0000] {taskmixin.py:211} WARNING - Dependency <Task(_PythonDecoratedOperator): log_sql_query>, print_the_context already registered for DAG: example_python_operator
[2023-05-02T09:48:43.354+0000] {logging_mixin.py:137} INFO - [2023-05-02T09:48:43.354+0000] {taskmixin.py:211} WARNING - Dependency <Task(_PythonDecoratedOperator): print_the_context>, log_sql_query already registered for DAG: example_python_operator
[2023-05-02T09:48:43.354+0000] {logging_mixin.py:137} INFO - [2023-05-02T09:48:43.354+0000] {taskmixin.py:211} WARNING - Dependency <Task(_PythonDecoratedOperator): log_sql_query>, print_the_context already registered for DAG: example_python_operator
[2023-05-02T09:48:43.355+0000] {logging_mixin.py:137} INFO - [2023-05-02T09:48:43.355+0000] {taskmixin.py:211} WARNING - Dependency <Task(_PythonDecoratedOperator): print_the_context>, log_sql_query already registered for DAG: example_python_operator
[2023-05-02T09:48:43.355+0000] {logging_mixin.py:137} INFO - [2023-05-02T09:48:43.355+0000] {taskmixin.py:211} WARNING - Dependency <Task(_PythonDecoratedOperator): log_sql_query>, print_the_context already registered for DAG: example_python_operator
[2023-05-02T09:48:43.367+0000] {processor.py:753} INFO - DAG(s) dict_keys(['example_python_operator']) retrieved from /home/airflow/.local/lib/python3.7/site-packages/airflow/example_dags/example_python_operator.py
[2023-05-02T09:48:43.422+0000] {logging_mixin.py:137} INFO - [2023-05-02T09:48:43.422+0000] {dag.py:2705} INFO - Sync 1 DAGs
[2023-05-02T09:48:43.437+0000] {logging_mixin.py:137} INFO - [2023-05-02T09:48:43.436+0000] {dag.py:3456} INFO - Setting next_dagrun for example_python_operator to None, run_after=None
[2023-05-02T09:48:43.454+0000] {processor.py:175} INFO - Processing /home/airflow/.local/lib/python3.7/site-packages/airflow/example_dags/example_python_operator.py took 0.127 seconds
[2023-05-02T10:18:38.577+0000] {processor.py:153} INFO - Started process (PID=55) to work on /home/airflow/.local/lib/python3.7/site-packages/airflow/example_dags/example_python_operator.py
[2023-05-02T10:18:38.582+0000] {processor.py:743} INFO - Processing file /home/airflow/.local/lib/python3.7/site-packages/airflow/example_dags/example_python_operator.py for tasks to queue
[2023-05-02T10:18:38.583+0000] {logging_mixin.py:137} INFO - [2023-05-02T10:18:38.583+0000] {dagbag.py:532} INFO - Filling up the DagBag from /home/airflow/.local/lib/python3.7/site-packages/airflow/example_dags/example_python_operator.py
[2023-05-02T10:18:38.816+0000] {logging_mixin.py:137} INFO - [2023-05-02T10:18:38.808+0000] {taskmixin.py:211} WARNING - Dependency <Task(_PythonDecoratedOperator): print_the_context>, log_sql_query already registered for DAG: example_python_operator
[2023-05-02T10:18:38.822+0000] {logging_mixin.py:137} INFO - [2023-05-02T10:18:38.821+0000] {taskmixin.py:211} WARNING - Dependency <Task(_PythonDecoratedOperator): log_sql_query>, print_the_context already registered for DAG: example_python_operator
[2023-05-02T10:18:38.825+0000] {logging_mixin.py:137} INFO - [2023-05-02T10:18:38.825+0000] {taskmixin.py:211} WARNING - Dependency <Task(_PythonDecoratedOperator): print_the_context>, log_sql_query already registered for DAG: example_python_operator
[2023-05-02T10:18:38.827+0000] {logging_mixin.py:137} INFO - [2023-05-02T10:18:38.827+0000] {taskmixin.py:211} WARNING - Dependency <Task(_PythonDecoratedOperator): log_sql_query>, print_the_context already registered for DAG: example_python_operator
[2023-05-02T10:18:38.828+0000] {logging_mixin.py:137} INFO - [2023-05-02T10:18:38.828+0000] {taskmixin.py:211} WARNING - Dependency <Task(_PythonDecoratedOperator): print_the_context>, log_sql_query already registered for DAG: example_python_operator
[2023-05-02T10:18:38.834+0000] {logging_mixin.py:137} INFO - [2023-05-02T10:18:38.834+0000] {taskmixin.py:211} WARNING - Dependency <Task(_PythonDecoratedOperator): log_sql_query>, print_the_context already registered for DAG: example_python_operator
[2023-05-02T10:18:38.841+0000] {logging_mixin.py:137} INFO - [2023-05-02T10:18:38.841+0000] {taskmixin.py:211} WARNING - Dependency <Task(_PythonDecoratedOperator): print_the_context>, log_sql_query already registered for DAG: example_python_operator
[2023-05-02T10:18:38.842+0000] {logging_mixin.py:137} INFO - [2023-05-02T10:18:38.842+0000] {taskmixin.py:211} WARNING - Dependency <Task(_PythonDecoratedOperator): log_sql_query>, print_the_context already registered for DAG: example_python_operator
[2023-05-02T10:18:38.963+0000] {processor.py:753} INFO - DAG(s) dict_keys(['example_python_operator']) retrieved from /home/airflow/.local/lib/python3.7/site-packages/airflow/example_dags/example_python_operator.py
[2023-05-02T10:19:46.813+0000] {processor.py:153} INFO - Started process (PID=49) to work on /home/airflow/.local/lib/python3.7/site-packages/airflow/example_dags/example_python_operator.py
[2023-05-02T10:19:46.816+0000] {processor.py:743} INFO - Processing file /home/airflow/.local/lib/python3.7/site-packages/airflow/example_dags/example_python_operator.py for tasks to queue
[2023-05-02T10:19:46.818+0000] {logging_mixin.py:137} INFO - [2023-05-02T10:19:46.818+0000] {dagbag.py:532} INFO - Filling up the DagBag from /home/airflow/.local/lib/python3.7/site-packages/airflow/example_dags/example_python_operator.py
[2023-05-02T10:19:46.904+0000] {logging_mixin.py:137} INFO - [2023-05-02T10:19:46.904+0000] {taskmixin.py:211} WARNING - Dependency <Task(_PythonDecoratedOperator): print_the_context>, log_sql_query already registered for DAG: example_python_operator
[2023-05-02T10:19:46.911+0000] {logging_mixin.py:137} INFO - [2023-05-02T10:19:46.911+0000] {taskmixin.py:211} WARNING - Dependency <Task(_PythonDecoratedOperator): log_sql_query>, print_the_context already registered for DAG: example_python_operator
[2023-05-02T10:19:46.913+0000] {logging_mixin.py:137} INFO - [2023-05-02T10:19:46.913+0000] {taskmixin.py:211} WARNING - Dependency <Task(_PythonDecoratedOperator): print_the_context>, log_sql_query already registered for DAG: example_python_operator
[2023-05-02T10:19:46.914+0000] {logging_mixin.py:137} INFO - [2023-05-02T10:19:46.914+0000] {taskmixin.py:211} WARNING - Dependency <Task(_PythonDecoratedOperator): log_sql_query>, print_the_context already registered for DAG: example_python_operator
[2023-05-02T10:19:46.915+0000] {logging_mixin.py:137} INFO - [2023-05-02T10:19:46.915+0000] {taskmixin.py:211} WARNING - Dependency <Task(_PythonDecoratedOperator): print_the_context>, log_sql_query already registered for DAG: example_python_operator
[2023-05-02T10:19:46.916+0000] {logging_mixin.py:137} INFO - [2023-05-02T10:19:46.915+0000] {taskmixin.py:211} WARNING - Dependency <Task(_PythonDecoratedOperator): log_sql_query>, print_the_context already registered for DAG: example_python_operator
[2023-05-02T10:19:46.916+0000] {logging_mixin.py:137} INFO - [2023-05-02T10:19:46.916+0000] {taskmixin.py:211} WARNING - Dependency <Task(_PythonDecoratedOperator): print_the_context>, log_sql_query already registered for DAG: example_python_operator
[2023-05-02T10:19:46.923+0000] {logging_mixin.py:137} INFO - [2023-05-02T10:19:46.923+0000] {taskmixin.py:211} WARNING - Dependency <Task(_PythonDecoratedOperator): log_sql_query>, print_the_context already registered for DAG: example_python_operator
[2023-05-02T10:19:46.946+0000] {processor.py:753} INFO - DAG(s) dict_keys(['example_python_operator']) retrieved from /home/airflow/.local/lib/python3.7/site-packages/airflow/example_dags/example_python_operator.py
[2023-05-02T10:19:47.166+0000] {logging_mixin.py:137} INFO - [2023-05-02T10:19:47.166+0000] {dag.py:2705} INFO - Sync 1 DAGs
[2023-05-02T10:19:47.243+0000] {logging_mixin.py:137} INFO - [2023-05-02T10:19:47.243+0000] {dag.py:3456} INFO - Setting next_dagrun for example_python_operator to None, run_after=None
[2023-05-02T10:19:47.301+0000] {processor.py:175} INFO - Processing /home/airflow/.local/lib/python3.7/site-packages/airflow/example_dags/example_python_operator.py took 0.497 seconds
[2023-05-02T10:22:23.805+0000] {processor.py:153} INFO - Started process (PID=50) to work on /home/airflow/.local/lib/python3.7/site-packages/airflow/example_dags/example_python_operator.py
[2023-05-02T10:22:23.806+0000] {processor.py:743} INFO - Processing file /home/airflow/.local/lib/python3.7/site-packages/airflow/example_dags/example_python_operator.py for tasks to queue
[2023-05-02T10:22:23.807+0000] {logging_mixin.py:137} INFO - [2023-05-02T10:22:23.807+0000] {dagbag.py:532} INFO - Filling up the DagBag from /home/airflow/.local/lib/python3.7/site-packages/airflow/example_dags/example_python_operator.py
[2023-05-02T10:22:23.839+0000] {logging_mixin.py:137} INFO - [2023-05-02T10:22:23.839+0000] {taskmixin.py:211} WARNING - Dependency <Task(_PythonDecoratedOperator): print_the_context>, log_sql_query already registered for DAG: example_python_operator
[2023-05-02T10:22:23.839+0000] {logging_mixin.py:137} INFO - [2023-05-02T10:22:23.839+0000] {taskmixin.py:211} WARNING - Dependency <Task(_PythonDecoratedOperator): log_sql_query>, print_the_context already registered for DAG: example_python_operator
[2023-05-02T10:22:23.840+0000] {logging_mixin.py:137} INFO - [2023-05-02T10:22:23.840+0000] {taskmixin.py:211} WARNING - Dependency <Task(_PythonDecoratedOperator): print_the_context>, log_sql_query already registered for DAG: example_python_operator
[2023-05-02T10:22:23.841+0000] {logging_mixin.py:137} INFO - [2023-05-02T10:22:23.841+0000] {taskmixin.py:211} WARNING - Dependency <Task(_PythonDecoratedOperator): log_sql_query>, print_the_context already registered for DAG: example_python_operator
[2023-05-02T10:22:23.842+0000] {logging_mixin.py:137} INFO - [2023-05-02T10:22:23.842+0000] {taskmixin.py:211} WARNING - Dependency <Task(_PythonDecoratedOperator): print_the_context>, log_sql_query already registered for DAG: example_python_operator
[2023-05-02T10:22:23.843+0000] {logging_mixin.py:137} INFO - [2023-05-02T10:22:23.843+0000] {taskmixin.py:211} WARNING - Dependency <Task(_PythonDecoratedOperator): log_sql_query>, print_the_context already registered for DAG: example_python_operator
[2023-05-02T10:22:23.843+0000] {logging_mixin.py:137} INFO - [2023-05-02T10:22:23.843+0000] {taskmixin.py:211} WARNING - Dependency <Task(_PythonDecoratedOperator): print_the_context>, log_sql_query already registered for DAG: example_python_operator
[2023-05-02T10:22:23.845+0000] {logging_mixin.py:137} INFO - [2023-05-02T10:22:23.845+0000] {taskmixin.py:211} WARNING - Dependency <Task(_PythonDecoratedOperator): log_sql_query>, print_the_context already registered for DAG: example_python_operator
[2023-05-02T10:22:23.859+0000] {processor.py:753} INFO - DAG(s) dict_keys(['example_python_operator']) retrieved from /home/airflow/.local/lib/python3.7/site-packages/airflow/example_dags/example_python_operator.py
[2023-05-02T10:22:24.054+0000] {logging_mixin.py:137} INFO - [2023-05-02T10:22:24.054+0000] {dag.py:2705} INFO - Sync 1 DAGs
[2023-05-02T10:22:24.198+0000] {logging_mixin.py:137} INFO - [2023-05-02T10:22:24.198+0000] {dag.py:3456} INFO - Setting next_dagrun for example_python_operator to None, run_after=None
[2023-05-02T10:22:24.337+0000] {processor.py:175} INFO - Processing /home/airflow/.local/lib/python3.7/site-packages/airflow/example_dags/example_python_operator.py took 0.534 seconds
[2023-05-02T10:28:53.899+0000] {processor.py:153} INFO - Started process (PID=50) to work on /home/airflow/.local/lib/python3.7/site-packages/airflow/example_dags/example_python_operator.py
[2023-05-02T10:28:53.912+0000] {processor.py:743} INFO - Processing file /home/airflow/.local/lib/python3.7/site-packages/airflow/example_dags/example_python_operator.py for tasks to queue
[2023-05-02T10:28:53.913+0000] {logging_mixin.py:137} INFO - [2023-05-02T10:28:53.913+0000] {dagbag.py:532} INFO - Filling up the DagBag from /home/airflow/.local/lib/python3.7/site-packages/airflow/example_dags/example_python_operator.py
[2023-05-02T10:28:54.005+0000] {logging_mixin.py:137} INFO - [2023-05-02T10:28:54.005+0000] {taskmixin.py:211} WARNING - Dependency <Task(_PythonDecoratedOperator): print_the_context>, log_sql_query already registered for DAG: example_python_operator
[2023-05-02T10:28:54.005+0000] {logging_mixin.py:137} INFO - [2023-05-02T10:28:54.005+0000] {taskmixin.py:211} WARNING - Dependency <Task(_PythonDecoratedOperator): log_sql_query>, print_the_context already registered for DAG: example_python_operator
[2023-05-02T10:28:54.006+0000] {logging_mixin.py:137} INFO - [2023-05-02T10:28:54.006+0000] {taskmixin.py:211} WARNING - Dependency <Task(_PythonDecoratedOperator): print_the_context>, log_sql_query already registered for DAG: example_python_operator
[2023-05-02T10:28:54.006+0000] {logging_mixin.py:137} INFO - [2023-05-02T10:28:54.006+0000] {taskmixin.py:211} WARNING - Dependency <Task(_PythonDecoratedOperator): log_sql_query>, print_the_context already registered for DAG: example_python_operator
[2023-05-02T10:28:54.007+0000] {logging_mixin.py:137} INFO - [2023-05-02T10:28:54.007+0000] {taskmixin.py:211} WARNING - Dependency <Task(_PythonDecoratedOperator): print_the_context>, log_sql_query already registered for DAG: example_python_operator
[2023-05-02T10:28:54.007+0000] {logging_mixin.py:137} INFO - [2023-05-02T10:28:54.007+0000] {taskmixin.py:211} WARNING - Dependency <Task(_PythonDecoratedOperator): log_sql_query>, print_the_context already registered for DAG: example_python_operator
[2023-05-02T10:28:54.026+0000] {logging_mixin.py:137} INFO - [2023-05-02T10:28:54.016+0000] {taskmixin.py:211} WARNING - Dependency <Task(_PythonDecoratedOperator): print_the_context>, log_sql_query already registered for DAG: example_python_operator
[2023-05-02T10:28:54.026+0000] {logging_mixin.py:137} INFO - [2023-05-02T10:28:54.026+0000] {taskmixin.py:211} WARNING - Dependency <Task(_PythonDecoratedOperator): log_sql_query>, print_the_context already registered for DAG: example_python_operator
[2023-05-02T10:28:54.122+0000] {processor.py:753} INFO - DAG(s) dict_keys(['example_python_operator']) retrieved from /home/airflow/.local/lib/python3.7/site-packages/airflow/example_dags/example_python_operator.py
[2023-05-02T10:28:54.490+0000] {logging_mixin.py:137} INFO - [2023-05-02T10:28:54.483+0000] {dag.py:2705} INFO - Sync 1 DAGs
[2023-05-02T10:28:54.611+0000] {logging_mixin.py:137} INFO - [2023-05-02T10:28:54.611+0000] {dag.py:3456} INFO - Setting next_dagrun for example_python_operator to None, run_after=None
[2023-05-02T10:28:55.113+0000] {processor.py:175} INFO - Processing /home/airflow/.local/lib/python3.7/site-packages/airflow/example_dags/example_python_operator.py took 1.219 seconds
[2023-05-02T10:29:16.098+0000] {processor.py:153} INFO - Started process (PID=50) to work on /home/airflow/.local/lib/python3.7/site-packages/airflow/example_dags/example_python_operator.py
[2023-05-02T10:29:16.098+0000] {processor.py:743} INFO - Processing file /home/airflow/.local/lib/python3.7/site-packages/airflow/example_dags/example_python_operator.py for tasks to queue
[2023-05-02T10:29:16.099+0000] {logging_mixin.py:137} INFO - [2023-05-02T10:29:16.099+0000] {dagbag.py:532} INFO - Filling up the DagBag from /home/airflow/.local/lib/python3.7/site-packages/airflow/example_dags/example_python_operator.py
[2023-05-02T10:29:16.127+0000] {logging_mixin.py:137} INFO - [2023-05-02T10:29:16.126+0000] {taskmixin.py:211} WARNING - Dependency <Task(_PythonDecoratedOperator): print_the_context>, log_sql_query already registered for DAG: example_python_operator
[2023-05-02T10:29:16.127+0000] {logging_mixin.py:137} INFO - [2023-05-02T10:29:16.127+0000] {taskmixin.py:211} WARNING - Dependency <Task(_PythonDecoratedOperator): log_sql_query>, print_the_context already registered for DAG: example_python_operator
[2023-05-02T10:29:16.128+0000] {logging_mixin.py:137} INFO - [2023-05-02T10:29:16.127+0000] {taskmixin.py:211} WARNING - Dependency <Task(_PythonDecoratedOperator): print_the_context>, log_sql_query already registered for DAG: example_python_operator
[2023-05-02T10:29:16.128+0000] {logging_mixin.py:137} INFO - [2023-05-02T10:29:16.128+0000] {taskmixin.py:211} WARNING - Dependency <Task(_PythonDecoratedOperator): log_sql_query>, print_the_context already registered for DAG: example_python_operator
[2023-05-02T10:29:16.129+0000] {logging_mixin.py:137} INFO - [2023-05-02T10:29:16.129+0000] {taskmixin.py:211} WARNING - Dependency <Task(_PythonDecoratedOperator): print_the_context>, log_sql_query already registered for DAG: example_python_operator
[2023-05-02T10:29:16.129+0000] {logging_mixin.py:137} INFO - [2023-05-02T10:29:16.129+0000] {taskmixin.py:211} WARNING - Dependency <Task(_PythonDecoratedOperator): log_sql_query>, print_the_context already registered for DAG: example_python_operator
[2023-05-02T10:29:16.130+0000] {logging_mixin.py:137} INFO - [2023-05-02T10:29:16.129+0000] {taskmixin.py:211} WARNING - Dependency <Task(_PythonDecoratedOperator): print_the_context>, log_sql_query already registered for DAG: example_python_operator
[2023-05-02T10:29:16.130+0000] {logging_mixin.py:137} INFO - [2023-05-02T10:29:16.130+0000] {taskmixin.py:211} WARNING - Dependency <Task(_PythonDecoratedOperator): log_sql_query>, print_the_context already registered for DAG: example_python_operator
[2023-05-02T10:29:16.147+0000] {processor.py:753} INFO - DAG(s) dict_keys(['example_python_operator']) retrieved from /home/airflow/.local/lib/python3.7/site-packages/airflow/example_dags/example_python_operator.py
[2023-05-02T10:29:16.166+0000] {logging_mixin.py:137} INFO - [2023-05-02T10:29:16.166+0000] {dag.py:2705} INFO - Sync 1 DAGs
[2023-05-02T10:29:16.189+0000] {logging_mixin.py:137} INFO - [2023-05-02T10:29:16.189+0000] {dag.py:3456} INFO - Setting next_dagrun for example_python_operator to None, run_after=None
[2023-05-02T10:29:16.207+0000] {processor.py:175} INFO - Processing /home/airflow/.local/lib/python3.7/site-packages/airflow/example_dags/example_python_operator.py took 0.113 seconds
