[2023-05-02T08:27:48.269+0000] {processor.py:153} INFO - Started process (PID=76) to work on /home/airflow/.local/lib/python3.7/site-packages/airflow/example_dags/example_branch_operator_decorator.py
[2023-05-02T08:27:48.275+0000] {processor.py:743} INFO - Processing file /home/airflow/.local/lib/python3.7/site-packages/airflow/example_dags/example_branch_operator_decorator.py for tasks to queue
[2023-05-02T08:27:48.275+0000] {logging_mixin.py:137} INFO - [2023-05-02T08:27:48.275+0000] {dagbag.py:532} INFO - Filling up the DagBag from /home/airflow/.local/lib/python3.7/site-packages/airflow/example_dags/example_branch_operator_decorator.py
[2023-05-02T08:27:48.321+0000] {processor.py:753} INFO - DAG(s) dict_keys(['example_branch_python_operator_decorator']) retrieved from /home/airflow/.local/lib/python3.7/site-packages/airflow/example_dags/example_branch_operator_decorator.py
[2023-05-02T08:27:48.394+0000] {logging_mixin.py:137} INFO - [2023-05-02T08:27:48.394+0000] {dag.py:2705} INFO - Sync 1 DAGs
[2023-05-02T08:27:48.473+0000] {logging_mixin.py:137} INFO - [2023-05-02T08:27:48.473+0000] {dag.py:3456} INFO - Setting next_dagrun for example_branch_python_operator_decorator to 2023-05-01T00:00:00+00:00, run_after=2023-05-02T00:00:00+00:00
[2023-05-02T08:27:48.543+0000] {processor.py:175} INFO - Processing /home/airflow/.local/lib/python3.7/site-packages/airflow/example_dags/example_branch_operator_decorator.py took 0.276 seconds
[2023-05-02T08:29:03.515+0000] {processor.py:153} INFO - Started process (PID=67) to work on /home/airflow/.local/lib/python3.7/site-packages/airflow/example_dags/example_branch_operator_decorator.py
[2023-05-02T08:29:03.520+0000] {processor.py:743} INFO - Processing file /home/airflow/.local/lib/python3.7/site-packages/airflow/example_dags/example_branch_operator_decorator.py for tasks to queue
[2023-05-02T08:29:03.524+0000] {logging_mixin.py:137} INFO - [2023-05-02T08:29:03.524+0000] {dagbag.py:532} INFO - Filling up the DagBag from /home/airflow/.local/lib/python3.7/site-packages/airflow/example_dags/example_branch_operator_decorator.py
[2023-05-02T08:29:03.682+0000] {processor.py:753} INFO - DAG(s) dict_keys(['example_branch_python_operator_decorator']) retrieved from /home/airflow/.local/lib/python3.7/site-packages/airflow/example_dags/example_branch_operator_decorator.py
[2023-05-02T08:29:03.810+0000] {logging_mixin.py:137} INFO - [2023-05-02T08:29:03.805+0000] {dag.py:2705} INFO - Sync 1 DAGs
[2023-05-02T08:29:09.463+0000] {logging_mixin.py:137} INFO - [2023-05-02T08:29:09.462+0000] {dag.py:3456} INFO - Setting next_dagrun for example_branch_python_operator_decorator to 2023-05-01T00:00:00+00:00, run_after=2023-05-02T00:00:00+00:00
[2023-05-02T08:29:09.584+0000] {processor.py:175} INFO - Processing /home/airflow/.local/lib/python3.7/site-packages/airflow/example_dags/example_branch_operator_decorator.py took 6.071 seconds
[2023-05-02T08:32:26.002+0000] {processor.py:153} INFO - Started process (PID=68) to work on /home/airflow/.local/lib/python3.7/site-packages/airflow/example_dags/example_branch_operator_decorator.py
[2023-05-02T08:32:26.004+0000] {processor.py:743} INFO - Processing file /home/airflow/.local/lib/python3.7/site-packages/airflow/example_dags/example_branch_operator_decorator.py for tasks to queue
[2023-05-02T08:32:26.006+0000] {logging_mixin.py:137} INFO - [2023-05-02T08:32:26.006+0000] {dagbag.py:532} INFO - Filling up the DagBag from /home/airflow/.local/lib/python3.7/site-packages/airflow/example_dags/example_branch_operator_decorator.py
[2023-05-02T08:32:26.056+0000] {processor.py:753} INFO - DAG(s) dict_keys(['example_branch_python_operator_decorator']) retrieved from /home/airflow/.local/lib/python3.7/site-packages/airflow/example_dags/example_branch_operator_decorator.py
[2023-05-02T08:32:26.093+0000] {logging_mixin.py:137} INFO - [2023-05-02T08:32:26.093+0000] {dag.py:2705} INFO - Sync 1 DAGs
[2023-05-02T08:32:26.154+0000] {logging_mixin.py:137} INFO - [2023-05-02T08:32:26.154+0000] {dag.py:3456} INFO - Setting next_dagrun for example_branch_python_operator_decorator to 2023-05-01T00:00:00+00:00, run_after=2023-05-02T00:00:00+00:00
[2023-05-02T08:32:26.173+0000] {processor.py:175} INFO - Processing /home/airflow/.local/lib/python3.7/site-packages/airflow/example_dags/example_branch_operator_decorator.py took 0.181 seconds
[2023-05-02T08:47:27.077+0000] {processor.py:153} INFO - Started process (PID=67) to work on /home/airflow/.local/lib/python3.7/site-packages/airflow/example_dags/example_branch_operator_decorator.py
[2023-05-02T08:47:27.079+0000] {processor.py:743} INFO - Processing file /home/airflow/.local/lib/python3.7/site-packages/airflow/example_dags/example_branch_operator_decorator.py for tasks to queue
[2023-05-02T08:47:27.081+0000] {logging_mixin.py:137} INFO - [2023-05-02T08:47:27.081+0000] {dagbag.py:532} INFO - Filling up the DagBag from /home/airflow/.local/lib/python3.7/site-packages/airflow/example_dags/example_branch_operator_decorator.py
[2023-05-02T08:47:27.149+0000] {processor.py:753} INFO - DAG(s) dict_keys(['example_branch_python_operator_decorator']) retrieved from /home/airflow/.local/lib/python3.7/site-packages/airflow/example_dags/example_branch_operator_decorator.py
[2023-05-02T08:47:27.238+0000] {logging_mixin.py:137} INFO - [2023-05-02T08:47:27.237+0000] {dag.py:2705} INFO - Sync 1 DAGs
[2023-05-02T08:47:27.301+0000] {logging_mixin.py:137} INFO - [2023-05-02T08:47:27.301+0000] {dag.py:3456} INFO - Setting next_dagrun for example_branch_python_operator_decorator to 2023-05-01T00:00:00+00:00, run_after=2023-05-02T00:00:00+00:00
[2023-05-02T08:47:27.335+0000] {processor.py:175} INFO - Processing /home/airflow/.local/lib/python3.7/site-packages/airflow/example_dags/example_branch_operator_decorator.py took 0.264 seconds
[2023-05-02T09:06:22.383+0000] {processor.py:153} INFO - Started process (PID=67) to work on /home/airflow/.local/lib/python3.7/site-packages/airflow/example_dags/example_branch_operator_decorator.py
[2023-05-02T09:06:22.396+0000] {processor.py:743} INFO - Processing file /home/airflow/.local/lib/python3.7/site-packages/airflow/example_dags/example_branch_operator_decorator.py for tasks to queue
[2023-05-02T09:06:22.401+0000] {logging_mixin.py:137} INFO - [2023-05-02T09:06:22.401+0000] {dagbag.py:532} INFO - Filling up the DagBag from /home/airflow/.local/lib/python3.7/site-packages/airflow/example_dags/example_branch_operator_decorator.py
[2023-05-02T09:06:22.464+0000] {processor.py:753} INFO - DAG(s) dict_keys(['example_branch_python_operator_decorator']) retrieved from /home/airflow/.local/lib/python3.7/site-packages/airflow/example_dags/example_branch_operator_decorator.py
[2023-05-02T09:06:22.507+0000] {logging_mixin.py:137} INFO - [2023-05-02T09:06:22.507+0000] {dag.py:2705} INFO - Sync 1 DAGs
[2023-05-02T09:06:22.546+0000] {logging_mixin.py:137} INFO - [2023-05-02T09:06:22.546+0000] {dag.py:3456} INFO - Setting next_dagrun for example_branch_python_operator_decorator to 2023-05-01T00:00:00+00:00, run_after=2023-05-02T00:00:00+00:00
[2023-05-02T09:06:22.601+0000] {processor.py:175} INFO - Processing /home/airflow/.local/lib/python3.7/site-packages/airflow/example_dags/example_branch_operator_decorator.py took 0.223 seconds
[2023-05-02T09:08:37.441+0000] {processor.py:153} INFO - Started process (PID=71) to work on /home/airflow/.local/lib/python3.7/site-packages/airflow/example_dags/example_branch_operator_decorator.py
[2023-05-02T09:08:37.451+0000] {processor.py:743} INFO - Processing file /home/airflow/.local/lib/python3.7/site-packages/airflow/example_dags/example_branch_operator_decorator.py for tasks to queue
[2023-05-02T09:08:37.454+0000] {logging_mixin.py:137} INFO - [2023-05-02T09:08:37.454+0000] {dagbag.py:532} INFO - Filling up the DagBag from /home/airflow/.local/lib/python3.7/site-packages/airflow/example_dags/example_branch_operator_decorator.py
[2023-05-02T09:08:37.576+0000] {processor.py:753} INFO - DAG(s) dict_keys(['example_branch_python_operator_decorator']) retrieved from /home/airflow/.local/lib/python3.7/site-packages/airflow/example_dags/example_branch_operator_decorator.py
[2023-05-02T09:08:37.640+0000] {logging_mixin.py:137} INFO - [2023-05-02T09:08:37.636+0000] {dag.py:2705} INFO - Sync 1 DAGs
[2023-05-02T09:08:37.679+0000] {logging_mixin.py:137} INFO - [2023-05-02T09:08:37.679+0000] {dag.py:3456} INFO - Setting next_dagrun for example_branch_python_operator_decorator to 2023-05-01T00:00:00+00:00, run_after=2023-05-02T00:00:00+00:00
[2023-05-02T09:08:37.700+0000] {processor.py:175} INFO - Processing /home/airflow/.local/lib/python3.7/site-packages/airflow/example_dags/example_branch_operator_decorator.py took 0.262 seconds
[2023-05-02T09:22:30.058+0000] {processor.py:153} INFO - Started process (PID=66) to work on /home/airflow/.local/lib/python3.7/site-packages/airflow/example_dags/example_branch_operator_decorator.py
[2023-05-02T09:22:30.059+0000] {processor.py:743} INFO - Processing file /home/airflow/.local/lib/python3.7/site-packages/airflow/example_dags/example_branch_operator_decorator.py for tasks to queue
[2023-05-02T09:22:30.061+0000] {logging_mixin.py:137} INFO - [2023-05-02T09:22:30.061+0000] {dagbag.py:532} INFO - Filling up the DagBag from /home/airflow/.local/lib/python3.7/site-packages/airflow/example_dags/example_branch_operator_decorator.py
[2023-05-02T09:22:30.098+0000] {processor.py:753} INFO - DAG(s) dict_keys(['example_branch_python_operator_decorator']) retrieved from /home/airflow/.local/lib/python3.7/site-packages/airflow/example_dags/example_branch_operator_decorator.py
[2023-05-02T09:22:30.155+0000] {logging_mixin.py:137} INFO - [2023-05-02T09:22:30.155+0000] {dag.py:2705} INFO - Sync 1 DAGs
[2023-05-02T09:22:30.209+0000] {logging_mixin.py:137} INFO - [2023-05-02T09:22:30.209+0000] {dag.py:3456} INFO - Setting next_dagrun for example_branch_python_operator_decorator to 2023-05-01T00:00:00+00:00, run_after=2023-05-02T00:00:00+00:00
[2023-05-02T09:22:30.245+0000] {processor.py:175} INFO - Processing /home/airflow/.local/lib/python3.7/site-packages/airflow/example_dags/example_branch_operator_decorator.py took 0.201 seconds
