[2023-05-02T08:13:55.677+0000] {processor.py:153} INFO - Started process (PID=48) to work on /home/airflow/.local/lib/python3.7/site-packages/airflow/example_dags/example_sensors.py
[2023-05-02T08:13:55.683+0000] {processor.py:743} INFO - Processing file /home/airflow/.local/lib/python3.7/site-packages/airflow/example_dags/example_sensors.py for tasks to queue
[2023-05-02T08:13:55.684+0000] {logging_mixin.py:137} INFO - [2023-05-02T08:13:55.684+0000] {dagbag.py:532} INFO - Filling up the DagBag from /home/airflow/.local/lib/python3.7/site-packages/airflow/example_dags/example_sensors.py
[2023-05-02T08:13:55.778+0000] {processor.py:753} INFO - DAG(s) dict_keys(['example_sensors']) retrieved from /home/airflow/.local/lib/python3.7/site-packages/airflow/example_dags/example_sensors.py
[2023-05-02T08:13:55.870+0000] {logging_mixin.py:137} INFO - [2023-05-02T08:13:55.870+0000] {dag.py:2705} INFO - Sync 1 DAGs
[2023-05-02T08:13:55.950+0000] {logging_mixin.py:137} INFO - [2023-05-02T08:13:55.950+0000] {dag.py:3456} INFO - Setting next_dagrun for example_sensors to None, run_after=None
[2023-05-02T08:13:56.013+0000] {processor.py:175} INFO - Processing /home/airflow/.local/lib/python3.7/site-packages/airflow/example_dags/example_sensors.py took 0.341 seconds
[2023-05-02T08:15:56.448+0000] {processor.py:153} INFO - Started process (PID=38) to work on /home/airflow/.local/lib/python3.7/site-packages/airflow/example_dags/example_sensors.py
[2023-05-02T08:15:56.451+0000] {processor.py:743} INFO - Processing file /home/airflow/.local/lib/python3.7/site-packages/airflow/example_dags/example_sensors.py for tasks to queue
[2023-05-02T08:15:56.453+0000] {logging_mixin.py:137} INFO - [2023-05-02T08:15:56.453+0000] {dagbag.py:532} INFO - Filling up the DagBag from /home/airflow/.local/lib/python3.7/site-packages/airflow/example_dags/example_sensors.py
[2023-05-02T08:15:56.566+0000] {processor.py:753} INFO - DAG(s) dict_keys(['example_sensors']) retrieved from /home/airflow/.local/lib/python3.7/site-packages/airflow/example_dags/example_sensors.py
[2023-05-02T08:15:56.645+0000] {logging_mixin.py:137} INFO - [2023-05-02T08:15:56.644+0000] {dag.py:2705} INFO - Sync 1 DAGs
[2023-05-02T08:15:56.707+0000] {logging_mixin.py:137} INFO - [2023-05-02T08:15:56.704+0000] {dag.py:3456} INFO - Setting next_dagrun for example_sensors to None, run_after=None
[2023-05-02T08:15:56.739+0000] {processor.py:175} INFO - Processing /home/airflow/.local/lib/python3.7/site-packages/airflow/example_dags/example_sensors.py took 0.307 seconds
[2023-05-02T08:18:05.219+0000] {processor.py:153} INFO - Started process (PID=45) to work on /home/airflow/.local/lib/python3.7/site-packages/airflow/example_dags/example_sensors.py
[2023-05-02T08:18:05.227+0000] {processor.py:743} INFO - Processing file /home/airflow/.local/lib/python3.7/site-packages/airflow/example_dags/example_sensors.py for tasks to queue
[2023-05-02T08:18:05.228+0000] {logging_mixin.py:137} INFO - [2023-05-02T08:18:05.228+0000] {dagbag.py:532} INFO - Filling up the DagBag from /home/airflow/.local/lib/python3.7/site-packages/airflow/example_dags/example_sensors.py
[2023-05-02T08:18:05.398+0000] {processor.py:753} INFO - DAG(s) dict_keys(['example_sensors']) retrieved from /home/airflow/.local/lib/python3.7/site-packages/airflow/example_dags/example_sensors.py
[2023-05-02T08:18:05.684+0000] {logging_mixin.py:137} INFO - [2023-05-02T08:18:05.682+0000] {dag.py:2705} INFO - Sync 1 DAGs
[2023-05-02T08:20:12.782+0000] {processor.py:153} INFO - Started process (PID=38) to work on /home/airflow/.local/lib/python3.7/site-packages/airflow/example_dags/example_sensors.py
[2023-05-02T08:20:12.784+0000] {processor.py:743} INFO - Processing file /home/airflow/.local/lib/python3.7/site-packages/airflow/example_dags/example_sensors.py for tasks to queue
[2023-05-02T08:20:12.785+0000] {logging_mixin.py:137} INFO - [2023-05-02T08:20:12.785+0000] {dagbag.py:532} INFO - Filling up the DagBag from /home/airflow/.local/lib/python3.7/site-packages/airflow/example_dags/example_sensors.py
[2023-05-02T08:20:12.911+0000] {processor.py:753} INFO - DAG(s) dict_keys(['example_sensors']) retrieved from /home/airflow/.local/lib/python3.7/site-packages/airflow/example_dags/example_sensors.py
[2023-05-02T08:20:13.057+0000] {logging_mixin.py:137} INFO - [2023-05-02T08:20:13.057+0000] {dag.py:2705} INFO - Sync 1 DAGs
[2023-05-02T08:20:13.135+0000] {logging_mixin.py:137} INFO - [2023-05-02T08:20:13.133+0000] {dag.py:3456} INFO - Setting next_dagrun for example_sensors to None, run_after=None
[2023-05-02T08:20:13.206+0000] {processor.py:175} INFO - Processing /home/airflow/.local/lib/python3.7/site-packages/airflow/example_dags/example_sensors.py took 0.431 seconds
[2023-05-02T08:21:25.151+0000] {processor.py:153} INFO - Started process (PID=38) to work on /home/airflow/.local/lib/python3.7/site-packages/airflow/example_dags/example_sensors.py
[2023-05-02T08:21:25.155+0000] {processor.py:743} INFO - Processing file /home/airflow/.local/lib/python3.7/site-packages/airflow/example_dags/example_sensors.py for tasks to queue
[2023-05-02T08:21:25.155+0000] {logging_mixin.py:137} INFO - [2023-05-02T08:21:25.155+0000] {dagbag.py:532} INFO - Filling up the DagBag from /home/airflow/.local/lib/python3.7/site-packages/airflow/example_dags/example_sensors.py
[2023-05-02T08:21:25.212+0000] {processor.py:753} INFO - DAG(s) dict_keys(['example_sensors']) retrieved from /home/airflow/.local/lib/python3.7/site-packages/airflow/example_dags/example_sensors.py
[2023-05-02T08:21:25.320+0000] {logging_mixin.py:137} INFO - [2023-05-02T08:21:25.319+0000] {dag.py:2705} INFO - Sync 1 DAGs
[2023-05-02T08:21:25.436+0000] {logging_mixin.py:137} INFO - [2023-05-02T08:21:25.436+0000] {dag.py:3456} INFO - Setting next_dagrun for example_sensors to None, run_after=None
[2023-05-02T08:21:25.493+0000] {processor.py:175} INFO - Processing /home/airflow/.local/lib/python3.7/site-packages/airflow/example_dags/example_sensors.py took 0.344 seconds
[2023-05-02T08:23:05.793+0000] {processor.py:153} INFO - Started process (PID=46) to work on /home/airflow/.local/lib/python3.7/site-packages/airflow/example_dags/example_sensors.py
[2023-05-02T08:23:05.796+0000] {processor.py:743} INFO - Processing file /home/airflow/.local/lib/python3.7/site-packages/airflow/example_dags/example_sensors.py for tasks to queue
[2023-05-02T08:23:05.804+0000] {logging_mixin.py:137} INFO - [2023-05-02T08:23:05.800+0000] {dagbag.py:532} INFO - Filling up the DagBag from /home/airflow/.local/lib/python3.7/site-packages/airflow/example_dags/example_sensors.py
[2023-05-02T08:23:05.945+0000] {processor.py:753} INFO - DAG(s) dict_keys(['example_sensors']) retrieved from /home/airflow/.local/lib/python3.7/site-packages/airflow/example_dags/example_sensors.py
[2023-05-02T08:23:06.011+0000] {logging_mixin.py:137} INFO - [2023-05-02T08:23:06.011+0000] {dag.py:2705} INFO - Sync 1 DAGs
[2023-05-02T08:23:06.080+0000] {logging_mixin.py:137} INFO - [2023-05-02T08:23:06.080+0000] {dag.py:3456} INFO - Setting next_dagrun for example_sensors to None, run_after=None
[2023-05-02T08:23:06.120+0000] {processor.py:175} INFO - Processing /home/airflow/.local/lib/python3.7/site-packages/airflow/example_dags/example_sensors.py took 0.339 seconds
[2023-05-02T08:23:34.630+0000] {processor.py:153} INFO - Started process (PID=45) to work on /home/airflow/.local/lib/python3.7/site-packages/airflow/example_dags/example_sensors.py
[2023-05-02T08:23:34.633+0000] {processor.py:743} INFO - Processing file /home/airflow/.local/lib/python3.7/site-packages/airflow/example_dags/example_sensors.py for tasks to queue
[2023-05-02T08:23:34.634+0000] {logging_mixin.py:137} INFO - [2023-05-02T08:23:34.634+0000] {dagbag.py:532} INFO - Filling up the DagBag from /home/airflow/.local/lib/python3.7/site-packages/airflow/example_dags/example_sensors.py
[2023-05-02T08:23:34.715+0000] {processor.py:753} INFO - DAG(s) dict_keys(['example_sensors']) retrieved from /home/airflow/.local/lib/python3.7/site-packages/airflow/example_dags/example_sensors.py
[2023-05-02T08:23:34.768+0000] {logging_mixin.py:137} INFO - [2023-05-02T08:23:34.768+0000] {dag.py:2705} INFO - Sync 1 DAGs
[2023-05-02T08:23:34.839+0000] {logging_mixin.py:137} INFO - [2023-05-02T08:23:34.839+0000] {dag.py:3456} INFO - Setting next_dagrun for example_sensors to None, run_after=None
[2023-05-02T08:23:34.880+0000] {processor.py:175} INFO - Processing /home/airflow/.local/lib/python3.7/site-packages/airflow/example_dags/example_sensors.py took 0.256 seconds
[2023-05-02T08:24:21.276+0000] {processor.py:153} INFO - Started process (PID=39) to work on /home/airflow/.local/lib/python3.7/site-packages/airflow/example_dags/example_sensors.py
[2023-05-02T08:24:21.276+0000] {processor.py:743} INFO - Processing file /home/airflow/.local/lib/python3.7/site-packages/airflow/example_dags/example_sensors.py for tasks to queue
[2023-05-02T08:24:21.277+0000] {logging_mixin.py:137} INFO - [2023-05-02T08:24:21.277+0000] {dagbag.py:532} INFO - Filling up the DagBag from /home/airflow/.local/lib/python3.7/site-packages/airflow/example_dags/example_sensors.py
[2023-05-02T08:24:21.301+0000] {processor.py:753} INFO - DAG(s) dict_keys(['example_sensors']) retrieved from /home/airflow/.local/lib/python3.7/site-packages/airflow/example_dags/example_sensors.py
[2023-05-02T08:24:21.342+0000] {logging_mixin.py:137} INFO - [2023-05-02T08:24:21.342+0000] {dag.py:2705} INFO - Sync 1 DAGs
[2023-05-02T08:24:21.376+0000] {logging_mixin.py:137} INFO - [2023-05-02T08:24:21.376+0000] {dag.py:3456} INFO - Setting next_dagrun for example_sensors to None, run_after=None
[2023-05-02T08:24:21.445+0000] {processor.py:175} INFO - Processing /home/airflow/.local/lib/python3.7/site-packages/airflow/example_dags/example_sensors.py took 0.171 seconds
[2023-05-02T08:25:13.262+0000] {processor.py:153} INFO - Started process (PID=38) to work on /home/airflow/.local/lib/python3.7/site-packages/airflow/example_dags/example_sensors.py
[2023-05-02T08:25:13.267+0000] {processor.py:743} INFO - Processing file /home/airflow/.local/lib/python3.7/site-packages/airflow/example_dags/example_sensors.py for tasks to queue
[2023-05-02T08:25:13.270+0000] {logging_mixin.py:137} INFO - [2023-05-02T08:25:13.270+0000] {dagbag.py:532} INFO - Filling up the DagBag from /home/airflow/.local/lib/python3.7/site-packages/airflow/example_dags/example_sensors.py
[2023-05-02T08:25:13.343+0000] {processor.py:753} INFO - DAG(s) dict_keys(['example_sensors']) retrieved from /home/airflow/.local/lib/python3.7/site-packages/airflow/example_dags/example_sensors.py
[2023-05-02T08:25:13.444+0000] {logging_mixin.py:137} INFO - [2023-05-02T08:25:13.443+0000] {dag.py:2705} INFO - Sync 1 DAGs
[2023-05-02T08:25:13.532+0000] {logging_mixin.py:137} INFO - [2023-05-02T08:25:13.529+0000] {dag.py:3456} INFO - Setting next_dagrun for example_sensors to None, run_after=None
[2023-05-02T08:25:13.695+0000] {processor.py:175} INFO - Processing /home/airflow/.local/lib/python3.7/site-packages/airflow/example_dags/example_sensors.py took 0.436 seconds
[2023-05-02T08:27:40.631+0000] {processor.py:153} INFO - Started process (PID=38) to work on /home/airflow/.local/lib/python3.7/site-packages/airflow/example_dags/example_sensors.py
[2023-05-02T08:27:40.632+0000] {processor.py:743} INFO - Processing file /home/airflow/.local/lib/python3.7/site-packages/airflow/example_dags/example_sensors.py for tasks to queue
[2023-05-02T08:27:40.633+0000] {logging_mixin.py:137} INFO - [2023-05-02T08:27:40.633+0000] {dagbag.py:532} INFO - Filling up the DagBag from /home/airflow/.local/lib/python3.7/site-packages/airflow/example_dags/example_sensors.py
[2023-05-02T08:27:40.950+0000] {processor.py:753} INFO - DAG(s) dict_keys(['example_sensors']) retrieved from /home/airflow/.local/lib/python3.7/site-packages/airflow/example_dags/example_sensors.py
[2023-05-02T08:27:41.051+0000] {logging_mixin.py:137} INFO - [2023-05-02T08:27:41.050+0000] {dag.py:2705} INFO - Sync 1 DAGs
[2023-05-02T08:27:41.152+0000] {logging_mixin.py:137} INFO - [2023-05-02T08:27:41.152+0000] {dag.py:3456} INFO - Setting next_dagrun for example_sensors to None, run_after=None
[2023-05-02T08:27:41.203+0000] {processor.py:175} INFO - Processing /home/airflow/.local/lib/python3.7/site-packages/airflow/example_dags/example_sensors.py took 0.580 seconds
[2023-05-02T08:28:50.430+0000] {processor.py:153} INFO - Started process (PID=38) to work on /home/airflow/.local/lib/python3.7/site-packages/airflow/example_dags/example_sensors.py
[2023-05-02T08:28:50.436+0000] {processor.py:743} INFO - Processing file /home/airflow/.local/lib/python3.7/site-packages/airflow/example_dags/example_sensors.py for tasks to queue
[2023-05-02T08:28:50.437+0000] {logging_mixin.py:137} INFO - [2023-05-02T08:28:50.437+0000] {dagbag.py:532} INFO - Filling up the DagBag from /home/airflow/.local/lib/python3.7/site-packages/airflow/example_dags/example_sensors.py
[2023-05-02T08:28:50.498+0000] {processor.py:753} INFO - DAG(s) dict_keys(['example_sensors']) retrieved from /home/airflow/.local/lib/python3.7/site-packages/airflow/example_dags/example_sensors.py
[2023-05-02T08:28:50.547+0000] {logging_mixin.py:137} INFO - [2023-05-02T08:28:50.547+0000] {dag.py:2705} INFO - Sync 1 DAGs
[2023-05-02T08:28:50.618+0000] {logging_mixin.py:137} INFO - [2023-05-02T08:28:50.618+0000] {dag.py:3456} INFO - Setting next_dagrun for example_sensors to None, run_after=None
[2023-05-02T08:28:50.665+0000] {processor.py:175} INFO - Processing /home/airflow/.local/lib/python3.7/site-packages/airflow/example_dags/example_sensors.py took 0.242 seconds
[2023-05-02T08:29:43.118+0000] {processor.py:153} INFO - Started process (PID=38) to work on /home/airflow/.local/lib/python3.7/site-packages/airflow/example_dags/example_sensors.py
[2023-05-02T08:29:43.119+0000] {processor.py:743} INFO - Processing file /home/airflow/.local/lib/python3.7/site-packages/airflow/example_dags/example_sensors.py for tasks to queue
[2023-05-02T08:29:43.119+0000] {logging_mixin.py:137} INFO - [2023-05-02T08:29:43.119+0000] {dagbag.py:532} INFO - Filling up the DagBag from /home/airflow/.local/lib/python3.7/site-packages/airflow/example_dags/example_sensors.py
[2023-05-02T08:29:43.177+0000] {processor.py:753} INFO - DAG(s) dict_keys(['example_sensors']) retrieved from /home/airflow/.local/lib/python3.7/site-packages/airflow/example_dags/example_sensors.py
[2023-05-02T08:29:43.244+0000] {logging_mixin.py:137} INFO - [2023-05-02T08:29:43.241+0000] {dag.py:2705} INFO - Sync 1 DAGs
[2023-05-02T08:29:43.303+0000] {logging_mixin.py:137} INFO - [2023-05-02T08:29:43.303+0000] {dag.py:3456} INFO - Setting next_dagrun for example_sensors to None, run_after=None
[2023-05-02T08:29:43.331+0000] {processor.py:175} INFO - Processing /home/airflow/.local/lib/python3.7/site-packages/airflow/example_dags/example_sensors.py took 0.217 seconds
[2023-05-02T08:32:19.248+0000] {processor.py:153} INFO - Started process (PID=39) to work on /home/airflow/.local/lib/python3.7/site-packages/airflow/example_dags/example_sensors.py
[2023-05-02T08:32:19.249+0000] {processor.py:743} INFO - Processing file /home/airflow/.local/lib/python3.7/site-packages/airflow/example_dags/example_sensors.py for tasks to queue
[2023-05-02T08:32:19.251+0000] {logging_mixin.py:137} INFO - [2023-05-02T08:32:19.251+0000] {dagbag.py:532} INFO - Filling up the DagBag from /home/airflow/.local/lib/python3.7/site-packages/airflow/example_dags/example_sensors.py
[2023-05-02T08:32:19.330+0000] {processor.py:753} INFO - DAG(s) dict_keys(['example_sensors']) retrieved from /home/airflow/.local/lib/python3.7/site-packages/airflow/example_dags/example_sensors.py
[2023-05-02T08:32:19.405+0000] {logging_mixin.py:137} INFO - [2023-05-02T08:32:19.398+0000] {dag.py:2705} INFO - Sync 1 DAGs
[2023-05-02T08:32:19.485+0000] {logging_mixin.py:137} INFO - [2023-05-02T08:32:19.485+0000] {dag.py:3456} INFO - Setting next_dagrun for example_sensors to None, run_after=None
[2023-05-02T08:32:19.497+0000] {processor.py:175} INFO - Processing /home/airflow/.local/lib/python3.7/site-packages/airflow/example_dags/example_sensors.py took 0.251 seconds
[2023-05-02T08:47:23.608+0000] {processor.py:153} INFO - Started process (PID=38) to work on /home/airflow/.local/lib/python3.7/site-packages/airflow/example_dags/example_sensors.py
[2023-05-02T08:47:23.610+0000] {processor.py:743} INFO - Processing file /home/airflow/.local/lib/python3.7/site-packages/airflow/example_dags/example_sensors.py for tasks to queue
[2023-05-02T08:47:23.611+0000] {logging_mixin.py:137} INFO - [2023-05-02T08:47:23.611+0000] {dagbag.py:532} INFO - Filling up the DagBag from /home/airflow/.local/lib/python3.7/site-packages/airflow/example_dags/example_sensors.py
[2023-05-02T08:47:23.653+0000] {processor.py:753} INFO - DAG(s) dict_keys(['example_sensors']) retrieved from /home/airflow/.local/lib/python3.7/site-packages/airflow/example_dags/example_sensors.py
[2023-05-02T08:47:23.709+0000] {logging_mixin.py:137} INFO - [2023-05-02T08:47:23.709+0000] {dag.py:2705} INFO - Sync 1 DAGs
[2023-05-02T08:47:23.757+0000] {logging_mixin.py:137} INFO - [2023-05-02T08:47:23.757+0000] {dag.py:3456} INFO - Setting next_dagrun for example_sensors to None, run_after=None
[2023-05-02T08:47:23.785+0000] {processor.py:175} INFO - Processing /home/airflow/.local/lib/python3.7/site-packages/airflow/example_dags/example_sensors.py took 0.183 seconds
[2023-05-02T08:48:12.416+0000] {processor.py:153} INFO - Started process (PID=39) to work on /home/airflow/.local/lib/python3.7/site-packages/airflow/example_dags/example_sensors.py
[2023-05-02T08:48:12.417+0000] {processor.py:743} INFO - Processing file /home/airflow/.local/lib/python3.7/site-packages/airflow/example_dags/example_sensors.py for tasks to queue
[2023-05-02T08:48:12.419+0000] {logging_mixin.py:137} INFO - [2023-05-02T08:48:12.419+0000] {dagbag.py:532} INFO - Filling up the DagBag from /home/airflow/.local/lib/python3.7/site-packages/airflow/example_dags/example_sensors.py
[2023-05-02T08:48:12.513+0000] {processor.py:753} INFO - DAG(s) dict_keys(['example_sensors']) retrieved from /home/airflow/.local/lib/python3.7/site-packages/airflow/example_dags/example_sensors.py
[2023-05-02T08:48:12.625+0000] {logging_mixin.py:137} INFO - [2023-05-02T08:48:12.619+0000] {dag.py:2705} INFO - Sync 1 DAGs
[2023-05-02T08:48:12.694+0000] {logging_mixin.py:137} INFO - [2023-05-02T08:48:12.694+0000] {dag.py:3456} INFO - Setting next_dagrun for example_sensors to None, run_after=None
[2023-05-02T08:48:12.799+0000] {processor.py:175} INFO - Processing /home/airflow/.local/lib/python3.7/site-packages/airflow/example_dags/example_sensors.py took 0.385 seconds
[2023-05-02T08:51:05.969+0000] {processor.py:153} INFO - Started process (PID=39) to work on /home/airflow/.local/lib/python3.7/site-packages/airflow/example_dags/example_sensors.py
[2023-05-02T08:51:05.972+0000] {processor.py:743} INFO - Processing file /home/airflow/.local/lib/python3.7/site-packages/airflow/example_dags/example_sensors.py for tasks to queue
[2023-05-02T08:51:05.975+0000] {logging_mixin.py:137} INFO - [2023-05-02T08:51:05.975+0000] {dagbag.py:532} INFO - Filling up the DagBag from /home/airflow/.local/lib/python3.7/site-packages/airflow/example_dags/example_sensors.py
[2023-05-02T08:52:40.546+0000] {processor.py:153} INFO - Started process (PID=39) to work on /home/airflow/.local/lib/python3.7/site-packages/airflow/example_dags/example_sensors.py
[2023-05-02T08:52:40.547+0000] {processor.py:743} INFO - Processing file /home/airflow/.local/lib/python3.7/site-packages/airflow/example_dags/example_sensors.py for tasks to queue
[2023-05-02T08:52:40.547+0000] {logging_mixin.py:137} INFO - [2023-05-02T08:52:40.547+0000] {dagbag.py:532} INFO - Filling up the DagBag from /home/airflow/.local/lib/python3.7/site-packages/airflow/example_dags/example_sensors.py
[2023-05-02T08:52:40.691+0000] {processor.py:753} INFO - DAG(s) dict_keys(['example_sensors']) retrieved from /home/airflow/.local/lib/python3.7/site-packages/airflow/example_dags/example_sensors.py
[2023-05-02T08:52:40.847+0000] {logging_mixin.py:137} INFO - [2023-05-02T08:52:40.846+0000] {dag.py:2705} INFO - Sync 1 DAGs
[2023-05-02T08:52:41.460+0000] {logging_mixin.py:137} INFO - [2023-05-02T08:52:41.459+0000] {dag.py:3456} INFO - Setting next_dagrun for example_sensors to None, run_after=None
[2023-05-02T08:54:32.869+0000] {processor.py:153} INFO - Started process (PID=38) to work on /home/airflow/.local/lib/python3.7/site-packages/airflow/example_dags/example_sensors.py
[2023-05-02T08:54:32.875+0000] {processor.py:743} INFO - Processing file /home/airflow/.local/lib/python3.7/site-packages/airflow/example_dags/example_sensors.py for tasks to queue
[2023-05-02T08:54:32.876+0000] {logging_mixin.py:137} INFO - [2023-05-02T08:54:32.876+0000] {dagbag.py:532} INFO - Filling up the DagBag from /home/airflow/.local/lib/python3.7/site-packages/airflow/example_dags/example_sensors.py
[2023-05-02T08:54:32.912+0000] {processor.py:753} INFO - DAG(s) dict_keys(['example_sensors']) retrieved from /home/airflow/.local/lib/python3.7/site-packages/airflow/example_dags/example_sensors.py
[2023-05-02T08:54:32.982+0000] {logging_mixin.py:137} INFO - [2023-05-02T08:54:32.982+0000] {dag.py:2705} INFO - Sync 1 DAGs
[2023-05-02T08:54:33.116+0000] {logging_mixin.py:137} INFO - [2023-05-02T08:54:33.114+0000] {dag.py:3456} INFO - Setting next_dagrun for example_sensors to None, run_after=None
[2023-05-02T08:54:33.409+0000] {processor.py:175} INFO - Processing /home/airflow/.local/lib/python3.7/site-packages/airflow/example_dags/example_sensors.py took 0.532 seconds
[2023-05-02T08:55:46.610+0000] {processor.py:153} INFO - Started process (PID=39) to work on /home/airflow/.local/lib/python3.7/site-packages/airflow/example_dags/example_sensors.py
[2023-05-02T08:55:46.613+0000] {processor.py:743} INFO - Processing file /home/airflow/.local/lib/python3.7/site-packages/airflow/example_dags/example_sensors.py for tasks to queue
[2023-05-02T08:55:46.614+0000] {logging_mixin.py:137} INFO - [2023-05-02T08:55:46.614+0000] {dagbag.py:532} INFO - Filling up the DagBag from /home/airflow/.local/lib/python3.7/site-packages/airflow/example_dags/example_sensors.py
[2023-05-02T08:55:46.651+0000] {processor.py:753} INFO - DAG(s) dict_keys(['example_sensors']) retrieved from /home/airflow/.local/lib/python3.7/site-packages/airflow/example_dags/example_sensors.py
[2023-05-02T08:55:46.688+0000] {logging_mixin.py:137} INFO - [2023-05-02T08:55:46.688+0000] {dag.py:2705} INFO - Sync 1 DAGs
[2023-05-02T08:55:46.743+0000] {logging_mixin.py:137} INFO - [2023-05-02T08:55:46.743+0000] {dag.py:3456} INFO - Setting next_dagrun for example_sensors to None, run_after=None
[2023-05-02T08:55:46.776+0000] {processor.py:175} INFO - Processing /home/airflow/.local/lib/python3.7/site-packages/airflow/example_dags/example_sensors.py took 0.169 seconds
[2023-05-02T08:56:25.140+0000] {processor.py:153} INFO - Started process (PID=38) to work on /home/airflow/.local/lib/python3.7/site-packages/airflow/example_dags/example_sensors.py
[2023-05-02T08:56:25.155+0000] {processor.py:743} INFO - Processing file /home/airflow/.local/lib/python3.7/site-packages/airflow/example_dags/example_sensors.py for tasks to queue
[2023-05-02T08:56:25.157+0000] {logging_mixin.py:137} INFO - [2023-05-02T08:56:25.157+0000] {dagbag.py:532} INFO - Filling up the DagBag from /home/airflow/.local/lib/python3.7/site-packages/airflow/example_dags/example_sensors.py
[2023-05-02T08:56:25.354+0000] {processor.py:753} INFO - DAG(s) dict_keys(['example_sensors']) retrieved from /home/airflow/.local/lib/python3.7/site-packages/airflow/example_dags/example_sensors.py
[2023-05-02T08:56:42.902+0000] {processor.py:153} INFO - Started process (PID=38) to work on /home/airflow/.local/lib/python3.7/site-packages/airflow/example_dags/example_sensors.py
[2023-05-02T08:56:42.903+0000] {processor.py:743} INFO - Processing file /home/airflow/.local/lib/python3.7/site-packages/airflow/example_dags/example_sensors.py for tasks to queue
[2023-05-02T08:56:42.906+0000] {logging_mixin.py:137} INFO - [2023-05-02T08:56:42.906+0000] {dagbag.py:532} INFO - Filling up the DagBag from /home/airflow/.local/lib/python3.7/site-packages/airflow/example_dags/example_sensors.py
[2023-05-02T08:56:42.943+0000] {processor.py:753} INFO - DAG(s) dict_keys(['example_sensors']) retrieved from /home/airflow/.local/lib/python3.7/site-packages/airflow/example_dags/example_sensors.py
[2023-05-02T08:56:43.101+0000] {logging_mixin.py:137} INFO - [2023-05-02T08:56:43.099+0000] {dag.py:2705} INFO - Sync 1 DAGs
[2023-05-02T08:56:45.655+0000] {logging_mixin.py:137} INFO - [2023-05-02T08:56:45.650+0000] {dag.py:3456} INFO - Setting next_dagrun for example_sensors to None, run_after=None
[2023-05-02T08:56:45.787+0000] {processor.py:175} INFO - Processing /home/airflow/.local/lib/python3.7/site-packages/airflow/example_dags/example_sensors.py took 2.888 seconds
[2023-05-02T08:57:49.979+0000] {processor.py:153} INFO - Started process (PID=47) to work on /home/airflow/.local/lib/python3.7/site-packages/airflow/example_dags/example_sensors.py
[2023-05-02T08:57:49.982+0000] {processor.py:743} INFO - Processing file /home/airflow/.local/lib/python3.7/site-packages/airflow/example_dags/example_sensors.py for tasks to queue
[2023-05-02T08:57:49.986+0000] {logging_mixin.py:137} INFO - [2023-05-02T08:57:49.986+0000] {dagbag.py:532} INFO - Filling up the DagBag from /home/airflow/.local/lib/python3.7/site-packages/airflow/example_dags/example_sensors.py
[2023-05-02T08:57:50.154+0000] {processor.py:753} INFO - DAG(s) dict_keys(['example_sensors']) retrieved from /home/airflow/.local/lib/python3.7/site-packages/airflow/example_dags/example_sensors.py
[2023-05-02T08:57:50.269+0000] {logging_mixin.py:137} INFO - [2023-05-02T08:57:50.269+0000] {dag.py:2705} INFO - Sync 1 DAGs
[2023-05-02T08:57:50.423+0000] {logging_mixin.py:137} INFO - [2023-05-02T08:57:50.423+0000] {dag.py:3456} INFO - Setting next_dagrun for example_sensors to None, run_after=None
[2023-05-02T08:57:50.547+0000] {processor.py:175} INFO - Processing /home/airflow/.local/lib/python3.7/site-packages/airflow/example_dags/example_sensors.py took 0.591 seconds
[2023-05-02T08:58:19.067+0000] {processor.py:153} INFO - Started process (PID=38) to work on /home/airflow/.local/lib/python3.7/site-packages/airflow/example_dags/example_sensors.py
[2023-05-02T08:58:19.068+0000] {processor.py:743} INFO - Processing file /home/airflow/.local/lib/python3.7/site-packages/airflow/example_dags/example_sensors.py for tasks to queue
[2023-05-02T08:58:19.070+0000] {logging_mixin.py:137} INFO - [2023-05-02T08:58:19.070+0000] {dagbag.py:532} INFO - Filling up the DagBag from /home/airflow/.local/lib/python3.7/site-packages/airflow/example_dags/example_sensors.py
[2023-05-02T08:58:19.222+0000] {processor.py:753} INFO - DAG(s) dict_keys(['example_sensors']) retrieved from /home/airflow/.local/lib/python3.7/site-packages/airflow/example_dags/example_sensors.py
[2023-05-02T08:58:19.366+0000] {logging_mixin.py:137} INFO - [2023-05-02T08:58:19.358+0000] {dag.py:2705} INFO - Sync 1 DAGs
[2023-05-02T08:58:19.446+0000] {logging_mixin.py:137} INFO - [2023-05-02T08:58:19.443+0000] {dag.py:3456} INFO - Setting next_dagrun for example_sensors to None, run_after=None
[2023-05-02T08:58:19.578+0000] {processor.py:175} INFO - Processing /home/airflow/.local/lib/python3.7/site-packages/airflow/example_dags/example_sensors.py took 0.515 seconds
[2023-05-02T09:03:21.351+0000] {processor.py:153} INFO - Started process (PID=38) to work on /home/airflow/.local/lib/python3.7/site-packages/airflow/example_dags/example_sensors.py
[2023-05-02T09:03:21.352+0000] {processor.py:743} INFO - Processing file /home/airflow/.local/lib/python3.7/site-packages/airflow/example_dags/example_sensors.py for tasks to queue
[2023-05-02T09:03:21.355+0000] {logging_mixin.py:137} INFO - [2023-05-02T09:03:21.354+0000] {dagbag.py:532} INFO - Filling up the DagBag from /home/airflow/.local/lib/python3.7/site-packages/airflow/example_dags/example_sensors.py
[2023-05-02T09:03:21.488+0000] {processor.py:753} INFO - DAG(s) dict_keys(['example_sensors']) retrieved from /home/airflow/.local/lib/python3.7/site-packages/airflow/example_dags/example_sensors.py
[2023-05-02T09:03:21.542+0000] {logging_mixin.py:137} INFO - [2023-05-02T09:03:21.541+0000] {dag.py:2705} INFO - Sync 1 DAGs
[2023-05-02T09:03:21.634+0000] {logging_mixin.py:137} INFO - [2023-05-02T09:03:21.633+0000] {dag.py:3456} INFO - Setting next_dagrun for example_sensors to None, run_after=None
[2023-05-02T09:03:21.745+0000] {processor.py:175} INFO - Processing /home/airflow/.local/lib/python3.7/site-packages/airflow/example_dags/example_sensors.py took 0.409 seconds
[2023-05-02T09:04:44.346+0000] {processor.py:153} INFO - Started process (PID=38) to work on /home/airflow/.local/lib/python3.7/site-packages/airflow/example_dags/example_sensors.py
[2023-05-02T09:04:44.349+0000] {processor.py:743} INFO - Processing file /home/airflow/.local/lib/python3.7/site-packages/airflow/example_dags/example_sensors.py for tasks to queue
[2023-05-02T09:04:44.360+0000] {logging_mixin.py:137} INFO - [2023-05-02T09:04:44.360+0000] {dagbag.py:532} INFO - Filling up the DagBag from /home/airflow/.local/lib/python3.7/site-packages/airflow/example_dags/example_sensors.py
[2023-05-02T09:06:07.562+0000] {processor.py:153} INFO - Started process (PID=38) to work on /home/airflow/.local/lib/python3.7/site-packages/airflow/example_dags/example_sensors.py
[2023-05-02T09:06:07.565+0000] {processor.py:743} INFO - Processing file /home/airflow/.local/lib/python3.7/site-packages/airflow/example_dags/example_sensors.py for tasks to queue
[2023-05-02T09:06:07.566+0000] {logging_mixin.py:137} INFO - [2023-05-02T09:06:07.566+0000] {dagbag.py:532} INFO - Filling up the DagBag from /home/airflow/.local/lib/python3.7/site-packages/airflow/example_dags/example_sensors.py
[2023-05-02T09:06:07.748+0000] {processor.py:753} INFO - DAG(s) dict_keys(['example_sensors']) retrieved from /home/airflow/.local/lib/python3.7/site-packages/airflow/example_dags/example_sensors.py
[2023-05-02T09:06:08.163+0000] {logging_mixin.py:137} INFO - [2023-05-02T09:06:08.162+0000] {dag.py:2705} INFO - Sync 1 DAGs
[2023-05-02T09:06:08.394+0000] {logging_mixin.py:137} INFO - [2023-05-02T09:06:08.394+0000] {dag.py:3456} INFO - Setting next_dagrun for example_sensors to None, run_after=None
[2023-05-02T09:06:08.459+0000] {processor.py:175} INFO - Processing /home/airflow/.local/lib/python3.7/site-packages/airflow/example_dags/example_sensors.py took 0.926 seconds
[2023-05-02T09:06:28.802+0000] {processor.py:153} INFO - Started process (PID=93) to work on /home/airflow/.local/lib/python3.7/site-packages/airflow/example_dags/example_sensors.py
[2023-05-02T09:06:28.804+0000] {processor.py:743} INFO - Processing file /home/airflow/.local/lib/python3.7/site-packages/airflow/example_dags/example_sensors.py for tasks to queue
[2023-05-02T09:06:28.819+0000] {logging_mixin.py:137} INFO - [2023-05-02T09:06:28.818+0000] {dagbag.py:532} INFO - Filling up the DagBag from /home/airflow/.local/lib/python3.7/site-packages/airflow/example_dags/example_sensors.py
[2023-05-02T09:06:29.188+0000] {processor.py:753} INFO - DAG(s) dict_keys(['example_sensors']) retrieved from /home/airflow/.local/lib/python3.7/site-packages/airflow/example_dags/example_sensors.py
[2023-05-02T09:06:33.689+0000] {logging_mixin.py:137} INFO - [2023-05-02T09:06:33.659+0000] {dag.py:2705} INFO - Sync 1 DAGs
[2023-05-02T09:07:25.715+0000] {processor.py:153} INFO - Started process (PID=39) to work on /home/airflow/.local/lib/python3.7/site-packages/airflow/example_dags/example_sensors.py
[2023-05-02T09:07:25.717+0000] {processor.py:743} INFO - Processing file /home/airflow/.local/lib/python3.7/site-packages/airflow/example_dags/example_sensors.py for tasks to queue
[2023-05-02T09:07:25.718+0000] {logging_mixin.py:137} INFO - [2023-05-02T09:07:25.718+0000] {dagbag.py:532} INFO - Filling up the DagBag from /home/airflow/.local/lib/python3.7/site-packages/airflow/example_dags/example_sensors.py
[2023-05-02T09:07:25.783+0000] {processor.py:753} INFO - DAG(s) dict_keys(['example_sensors']) retrieved from /home/airflow/.local/lib/python3.7/site-packages/airflow/example_dags/example_sensors.py
[2023-05-02T09:07:25.854+0000] {logging_mixin.py:137} INFO - [2023-05-02T09:07:25.853+0000] {dag.py:2705} INFO - Sync 1 DAGs
[2023-05-02T09:07:26.145+0000] {logging_mixin.py:137} INFO - [2023-05-02T09:07:26.142+0000] {dag.py:3456} INFO - Setting next_dagrun for example_sensors to None, run_after=None
[2023-05-02T09:08:31.465+0000] {processor.py:153} INFO - Started process (PID=42) to work on /home/airflow/.local/lib/python3.7/site-packages/airflow/example_dags/example_sensors.py
[2023-05-02T09:08:31.470+0000] {processor.py:743} INFO - Processing file /home/airflow/.local/lib/python3.7/site-packages/airflow/example_dags/example_sensors.py for tasks to queue
[2023-05-02T09:08:31.476+0000] {logging_mixin.py:137} INFO - [2023-05-02T09:08:31.475+0000] {dagbag.py:532} INFO - Filling up the DagBag from /home/airflow/.local/lib/python3.7/site-packages/airflow/example_dags/example_sensors.py
[2023-05-02T09:08:31.522+0000] {processor.py:753} INFO - DAG(s) dict_keys(['example_sensors']) retrieved from /home/airflow/.local/lib/python3.7/site-packages/airflow/example_dags/example_sensors.py
[2023-05-02T09:08:31.642+0000] {logging_mixin.py:137} INFO - [2023-05-02T09:08:31.641+0000] {dag.py:2705} INFO - Sync 1 DAGs
[2023-05-02T09:08:31.747+0000] {logging_mixin.py:137} INFO - [2023-05-02T09:08:31.747+0000] {dag.py:3456} INFO - Setting next_dagrun for example_sensors to None, run_after=None
[2023-05-02T09:08:31.803+0000] {processor.py:175} INFO - Processing /home/airflow/.local/lib/python3.7/site-packages/airflow/example_dags/example_sensors.py took 0.367 seconds
[2023-05-02T09:10:48.946+0000] {processor.py:153} INFO - Started process (PID=38) to work on /home/airflow/.local/lib/python3.7/site-packages/airflow/example_dags/example_sensors.py
[2023-05-02T09:10:48.960+0000] {processor.py:743} INFO - Processing file /home/airflow/.local/lib/python3.7/site-packages/airflow/example_dags/example_sensors.py for tasks to queue
[2023-05-02T09:10:48.962+0000] {logging_mixin.py:137} INFO - [2023-05-02T09:10:48.962+0000] {dagbag.py:532} INFO - Filling up the DagBag from /home/airflow/.local/lib/python3.7/site-packages/airflow/example_dags/example_sensors.py
[2023-05-02T09:10:49.241+0000] {processor.py:753} INFO - DAG(s) dict_keys(['example_sensors']) retrieved from /home/airflow/.local/lib/python3.7/site-packages/airflow/example_dags/example_sensors.py
[2023-05-02T09:10:49.417+0000] {logging_mixin.py:137} INFO - [2023-05-02T09:10:49.417+0000] {dag.py:2705} INFO - Sync 1 DAGs
[2023-05-02T09:10:49.514+0000] {logging_mixin.py:137} INFO - [2023-05-02T09:10:49.513+0000] {dag.py:3456} INFO - Setting next_dagrun for example_sensors to None, run_after=None
[2023-05-02T09:10:49.626+0000] {processor.py:175} INFO - Processing /home/airflow/.local/lib/python3.7/site-packages/airflow/example_dags/example_sensors.py took 0.699 seconds
[2023-05-02T09:11:57.670+0000] {processor.py:153} INFO - Started process (PID=40) to work on /home/airflow/.local/lib/python3.7/site-packages/airflow/example_dags/example_sensors.py
[2023-05-02T09:11:57.671+0000] {processor.py:743} INFO - Processing file /home/airflow/.local/lib/python3.7/site-packages/airflow/example_dags/example_sensors.py for tasks to queue
[2023-05-02T09:11:57.672+0000] {logging_mixin.py:137} INFO - [2023-05-02T09:11:57.672+0000] {dagbag.py:532} INFO - Filling up the DagBag from /home/airflow/.local/lib/python3.7/site-packages/airflow/example_dags/example_sensors.py
[2023-05-02T09:11:57.703+0000] {processor.py:753} INFO - DAG(s) dict_keys(['example_sensors']) retrieved from /home/airflow/.local/lib/python3.7/site-packages/airflow/example_dags/example_sensors.py
[2023-05-02T09:11:57.761+0000] {logging_mixin.py:137} INFO - [2023-05-02T09:11:57.760+0000] {dag.py:2705} INFO - Sync 1 DAGs
[2023-05-02T09:11:57.782+0000] {logging_mixin.py:137} INFO - [2023-05-02T09:11:57.781+0000] {dag.py:3456} INFO - Setting next_dagrun for example_sensors to None, run_after=None
[2023-05-02T09:11:57.812+0000] {processor.py:175} INFO - Processing /home/airflow/.local/lib/python3.7/site-packages/airflow/example_dags/example_sensors.py took 0.145 seconds
[2023-05-02T09:16:39.465+0000] {processor.py:153} INFO - Started process (PID=38) to work on /home/airflow/.local/lib/python3.7/site-packages/airflow/example_dags/example_sensors.py
[2023-05-02T09:16:39.468+0000] {processor.py:743} INFO - Processing file /home/airflow/.local/lib/python3.7/site-packages/airflow/example_dags/example_sensors.py for tasks to queue
[2023-05-02T09:16:39.470+0000] {logging_mixin.py:137} INFO - [2023-05-02T09:16:39.470+0000] {dagbag.py:532} INFO - Filling up the DagBag from /home/airflow/.local/lib/python3.7/site-packages/airflow/example_dags/example_sensors.py
[2023-05-02T09:16:39.642+0000] {processor.py:753} INFO - DAG(s) dict_keys(['example_sensors']) retrieved from /home/airflow/.local/lib/python3.7/site-packages/airflow/example_dags/example_sensors.py
[2023-05-02T09:16:40.272+0000] {logging_mixin.py:137} INFO - [2023-05-02T09:16:40.265+0000] {dag.py:2705} INFO - Sync 1 DAGs
[2023-05-02T09:16:42.343+0000] {logging_mixin.py:137} INFO - [2023-05-02T09:16:42.343+0000] {dag.py:3456} INFO - Setting next_dagrun for example_sensors to None, run_after=None
[2023-05-02T09:18:08.771+0000] {processor.py:153} INFO - Started process (PID=38) to work on /home/airflow/.local/lib/python3.7/site-packages/airflow/example_dags/example_sensors.py
[2023-05-02T09:18:08.772+0000] {processor.py:743} INFO - Processing file /home/airflow/.local/lib/python3.7/site-packages/airflow/example_dags/example_sensors.py for tasks to queue
[2023-05-02T09:18:08.774+0000] {logging_mixin.py:137} INFO - [2023-05-02T09:18:08.773+0000] {dagbag.py:532} INFO - Filling up the DagBag from /home/airflow/.local/lib/python3.7/site-packages/airflow/example_dags/example_sensors.py
[2023-05-02T09:18:08.822+0000] {processor.py:753} INFO - DAG(s) dict_keys(['example_sensors']) retrieved from /home/airflow/.local/lib/python3.7/site-packages/airflow/example_dags/example_sensors.py
[2023-05-02T09:18:08.884+0000] {logging_mixin.py:137} INFO - [2023-05-02T09:18:08.883+0000] {dag.py:2705} INFO - Sync 1 DAGs
[2023-05-02T09:18:08.985+0000] {logging_mixin.py:137} INFO - [2023-05-02T09:18:08.984+0000] {dag.py:3456} INFO - Setting next_dagrun for example_sensors to None, run_after=None
[2023-05-02T09:18:09.050+0000] {processor.py:175} INFO - Processing /home/airflow/.local/lib/python3.7/site-packages/airflow/example_dags/example_sensors.py took 0.282 seconds
[2023-05-02T09:18:53.433+0000] {processor.py:153} INFO - Started process (PID=39) to work on /home/airflow/.local/lib/python3.7/site-packages/airflow/example_dags/example_sensors.py
[2023-05-02T09:18:53.442+0000] {processor.py:743} INFO - Processing file /home/airflow/.local/lib/python3.7/site-packages/airflow/example_dags/example_sensors.py for tasks to queue
[2023-05-02T09:18:53.445+0000] {logging_mixin.py:137} INFO - [2023-05-02T09:18:53.444+0000] {dagbag.py:532} INFO - Filling up the DagBag from /home/airflow/.local/lib/python3.7/site-packages/airflow/example_dags/example_sensors.py
[2023-05-02T09:18:53.544+0000] {processor.py:753} INFO - DAG(s) dict_keys(['example_sensors']) retrieved from /home/airflow/.local/lib/python3.7/site-packages/airflow/example_dags/example_sensors.py
[2023-05-02T09:18:53.653+0000] {logging_mixin.py:137} INFO - [2023-05-02T09:18:53.650+0000] {dag.py:2705} INFO - Sync 1 DAGs
[2023-05-02T09:18:53.740+0000] {logging_mixin.py:137} INFO - [2023-05-02T09:18:53.739+0000] {dag.py:3456} INFO - Setting next_dagrun for example_sensors to None, run_after=None
[2023-05-02T09:18:53.839+0000] {processor.py:175} INFO - Processing /home/airflow/.local/lib/python3.7/site-packages/airflow/example_dags/example_sensors.py took 0.408 seconds
[2023-05-02T09:21:13.137+0000] {processor.py:153} INFO - Started process (PID=38) to work on /home/airflow/.local/lib/python3.7/site-packages/airflow/example_dags/example_sensors.py
[2023-05-02T09:21:13.144+0000] {processor.py:743} INFO - Processing file /home/airflow/.local/lib/python3.7/site-packages/airflow/example_dags/example_sensors.py for tasks to queue
[2023-05-02T09:21:13.153+0000] {logging_mixin.py:137} INFO - [2023-05-02T09:21:13.152+0000] {dagbag.py:532} INFO - Filling up the DagBag from /home/airflow/.local/lib/python3.7/site-packages/airflow/example_dags/example_sensors.py
[2023-05-02T09:21:13.390+0000] {processor.py:753} INFO - DAG(s) dict_keys(['example_sensors']) retrieved from /home/airflow/.local/lib/python3.7/site-packages/airflow/example_dags/example_sensors.py
[2023-05-02T09:21:58.241+0000] {processor.py:153} INFO - Started process (PID=38) to work on /home/airflow/.local/lib/python3.7/site-packages/airflow/example_dags/example_sensors.py
[2023-05-02T09:21:58.245+0000] {processor.py:743} INFO - Processing file /home/airflow/.local/lib/python3.7/site-packages/airflow/example_dags/example_sensors.py for tasks to queue
[2023-05-02T09:21:58.247+0000] {logging_mixin.py:137} INFO - [2023-05-02T09:21:58.247+0000] {dagbag.py:532} INFO - Filling up the DagBag from /home/airflow/.local/lib/python3.7/site-packages/airflow/example_dags/example_sensors.py
[2023-05-02T09:21:58.372+0000] {processor.py:753} INFO - DAG(s) dict_keys(['example_sensors']) retrieved from /home/airflow/.local/lib/python3.7/site-packages/airflow/example_dags/example_sensors.py
[2023-05-02T09:21:59.234+0000] {logging_mixin.py:137} INFO - [2023-05-02T09:21:59.233+0000] {dag.py:2705} INFO - Sync 1 DAGs
[2023-05-02T09:22:21.569+0000] {processor.py:153} INFO - Started process (PID=37) to work on /home/airflow/.local/lib/python3.7/site-packages/airflow/example_dags/example_sensors.py
[2023-05-02T09:22:21.577+0000] {processor.py:743} INFO - Processing file /home/airflow/.local/lib/python3.7/site-packages/airflow/example_dags/example_sensors.py for tasks to queue
[2023-05-02T09:22:21.580+0000] {logging_mixin.py:137} INFO - [2023-05-02T09:22:21.578+0000] {dagbag.py:532} INFO - Filling up the DagBag from /home/airflow/.local/lib/python3.7/site-packages/airflow/example_dags/example_sensors.py
[2023-05-02T09:22:21.810+0000] {processor.py:753} INFO - DAG(s) dict_keys(['example_sensors']) retrieved from /home/airflow/.local/lib/python3.7/site-packages/airflow/example_dags/example_sensors.py
[2023-05-02T09:22:22.050+0000] {logging_mixin.py:137} INFO - [2023-05-02T09:22:22.050+0000] {dag.py:2705} INFO - Sync 1 DAGs
[2023-05-02T09:22:22.201+0000] {logging_mixin.py:137} INFO - [2023-05-02T09:22:22.201+0000] {dag.py:3456} INFO - Setting next_dagrun for example_sensors to None, run_after=None
[2023-05-02T09:22:22.344+0000] {processor.py:175} INFO - Processing /home/airflow/.local/lib/python3.7/site-packages/airflow/example_dags/example_sensors.py took 0.778 seconds
[2023-05-02T09:24:08.513+0000] {processor.py:153} INFO - Started process (PID=45) to work on /home/airflow/.local/lib/python3.7/site-packages/airflow/example_dags/example_sensors.py
[2023-05-02T09:24:08.516+0000] {processor.py:743} INFO - Processing file /home/airflow/.local/lib/python3.7/site-packages/airflow/example_dags/example_sensors.py for tasks to queue
[2023-05-02T09:24:08.517+0000] {logging_mixin.py:137} INFO - [2023-05-02T09:24:08.517+0000] {dagbag.py:532} INFO - Filling up the DagBag from /home/airflow/.local/lib/python3.7/site-packages/airflow/example_dags/example_sensors.py
[2023-05-02T09:24:08.572+0000] {processor.py:753} INFO - DAG(s) dict_keys(['example_sensors']) retrieved from /home/airflow/.local/lib/python3.7/site-packages/airflow/example_dags/example_sensors.py
[2023-05-02T09:24:08.653+0000] {logging_mixin.py:137} INFO - [2023-05-02T09:24:08.652+0000] {dag.py:2705} INFO - Sync 1 DAGs
[2023-05-02T09:24:08.699+0000] {logging_mixin.py:137} INFO - [2023-05-02T09:24:08.699+0000] {dag.py:3456} INFO - Setting next_dagrun for example_sensors to None, run_after=None
[2023-05-02T09:24:08.737+0000] {processor.py:175} INFO - Processing /home/airflow/.local/lib/python3.7/site-packages/airflow/example_dags/example_sensors.py took 0.228 seconds
[2023-05-02T09:24:37.564+0000] {processor.py:153} INFO - Started process (PID=40) to work on /home/airflow/.local/lib/python3.7/site-packages/airflow/example_dags/example_sensors.py
[2023-05-02T09:24:37.564+0000] {processor.py:743} INFO - Processing file /home/airflow/.local/lib/python3.7/site-packages/airflow/example_dags/example_sensors.py for tasks to queue
[2023-05-02T09:24:37.565+0000] {logging_mixin.py:137} INFO - [2023-05-02T09:24:37.565+0000] {dagbag.py:532} INFO - Filling up the DagBag from /home/airflow/.local/lib/python3.7/site-packages/airflow/example_dags/example_sensors.py
[2023-05-02T09:24:37.599+0000] {processor.py:753} INFO - DAG(s) dict_keys(['example_sensors']) retrieved from /home/airflow/.local/lib/python3.7/site-packages/airflow/example_dags/example_sensors.py
[2023-05-02T09:24:37.636+0000] {logging_mixin.py:137} INFO - [2023-05-02T09:24:37.636+0000] {dag.py:2705} INFO - Sync 1 DAGs
[2023-05-02T09:24:37.664+0000] {logging_mixin.py:137} INFO - [2023-05-02T09:24:37.664+0000] {dag.py:3456} INFO - Setting next_dagrun for example_sensors to None, run_after=None
[2023-05-02T09:24:37.697+0000] {processor.py:175} INFO - Processing /home/airflow/.local/lib/python3.7/site-packages/airflow/example_dags/example_sensors.py took 0.137 seconds
[2023-05-02T09:26:17.900+0000] {processor.py:153} INFO - Started process (PID=38) to work on /home/airflow/.local/lib/python3.7/site-packages/airflow/example_dags/example_sensors.py
[2023-05-02T09:26:17.902+0000] {processor.py:743} INFO - Processing file /home/airflow/.local/lib/python3.7/site-packages/airflow/example_dags/example_sensors.py for tasks to queue
[2023-05-02T09:26:17.903+0000] {logging_mixin.py:137} INFO - [2023-05-02T09:26:17.903+0000] {dagbag.py:532} INFO - Filling up the DagBag from /home/airflow/.local/lib/python3.7/site-packages/airflow/example_dags/example_sensors.py
[2023-05-02T09:26:18.165+0000] {processor.py:753} INFO - DAG(s) dict_keys(['example_sensors']) retrieved from /home/airflow/.local/lib/python3.7/site-packages/airflow/example_dags/example_sensors.py
[2023-05-02T09:26:21.527+0000] {logging_mixin.py:137} INFO - [2023-05-02T09:26:21.526+0000] {dag.py:2705} INFO - Sync 1 DAGs
[2023-05-02T09:26:21.576+0000] {logging_mixin.py:137} INFO - [2023-05-02T09:26:21.576+0000] {dag.py:3456} INFO - Setting next_dagrun for example_sensors to None, run_after=None
[2023-05-02T09:26:21.615+0000] {processor.py:175} INFO - Processing /home/airflow/.local/lib/python3.7/site-packages/airflow/example_dags/example_sensors.py took 3.722 seconds
[2023-05-02T09:26:55.111+0000] {processor.py:153} INFO - Started process (PID=37) to work on /home/airflow/.local/lib/python3.7/site-packages/airflow/example_dags/example_sensors.py
[2023-05-02T09:26:55.113+0000] {processor.py:743} INFO - Processing file /home/airflow/.local/lib/python3.7/site-packages/airflow/example_dags/example_sensors.py for tasks to queue
[2023-05-02T09:26:55.115+0000] {logging_mixin.py:137} INFO - [2023-05-02T09:26:55.115+0000] {dagbag.py:532} INFO - Filling up the DagBag from /home/airflow/.local/lib/python3.7/site-packages/airflow/example_dags/example_sensors.py
[2023-05-02T09:26:55.231+0000] {processor.py:753} INFO - DAG(s) dict_keys(['example_sensors']) retrieved from /home/airflow/.local/lib/python3.7/site-packages/airflow/example_dags/example_sensors.py
[2023-05-02T09:26:55.284+0000] {logging_mixin.py:137} INFO - [2023-05-02T09:26:55.283+0000] {dag.py:2705} INFO - Sync 1 DAGs
[2023-05-02T09:26:55.320+0000] {logging_mixin.py:137} INFO - [2023-05-02T09:26:55.320+0000] {dag.py:3456} INFO - Setting next_dagrun for example_sensors to None, run_after=None
[2023-05-02T09:26:55.385+0000] {processor.py:175} INFO - Processing /home/airflow/.local/lib/python3.7/site-packages/airflow/example_dags/example_sensors.py took 0.285 seconds
[2023-05-02T09:27:51.696+0000] {processor.py:153} INFO - Started process (PID=38) to work on /home/airflow/.local/lib/python3.7/site-packages/airflow/example_dags/example_sensors.py
[2023-05-02T09:27:51.698+0000] {processor.py:743} INFO - Processing file /home/airflow/.local/lib/python3.7/site-packages/airflow/example_dags/example_sensors.py for tasks to queue
[2023-05-02T09:27:51.701+0000] {logging_mixin.py:137} INFO - [2023-05-02T09:27:51.701+0000] {dagbag.py:532} INFO - Filling up the DagBag from /home/airflow/.local/lib/python3.7/site-packages/airflow/example_dags/example_sensors.py
[2023-05-02T09:27:51.740+0000] {processor.py:753} INFO - DAG(s) dict_keys(['example_sensors']) retrieved from /home/airflow/.local/lib/python3.7/site-packages/airflow/example_dags/example_sensors.py
[2023-05-02T09:27:51.780+0000] {logging_mixin.py:137} INFO - [2023-05-02T09:27:51.779+0000] {dag.py:2705} INFO - Sync 1 DAGs
[2023-05-02T09:27:51.811+0000] {logging_mixin.py:137} INFO - [2023-05-02T09:27:51.811+0000] {dag.py:3456} INFO - Setting next_dagrun for example_sensors to None, run_after=None
[2023-05-02T09:27:51.844+0000] {processor.py:175} INFO - Processing /home/airflow/.local/lib/python3.7/site-packages/airflow/example_dags/example_sensors.py took 0.152 seconds
[2023-05-02T09:28:42.888+0000] {processor.py:153} INFO - Started process (PID=46) to work on /home/airflow/.local/lib/python3.7/site-packages/airflow/example_dags/example_sensors.py
[2023-05-02T09:28:42.889+0000] {processor.py:743} INFO - Processing file /home/airflow/.local/lib/python3.7/site-packages/airflow/example_dags/example_sensors.py for tasks to queue
[2023-05-02T09:28:42.889+0000] {logging_mixin.py:137} INFO - [2023-05-02T09:28:42.889+0000] {dagbag.py:532} INFO - Filling up the DagBag from /home/airflow/.local/lib/python3.7/site-packages/airflow/example_dags/example_sensors.py
[2023-05-02T09:28:42.917+0000] {processor.py:753} INFO - DAG(s) dict_keys(['example_sensors']) retrieved from /home/airflow/.local/lib/python3.7/site-packages/airflow/example_dags/example_sensors.py
[2023-05-02T09:28:42.961+0000] {logging_mixin.py:137} INFO - [2023-05-02T09:28:42.961+0000] {dag.py:2705} INFO - Sync 1 DAGs
[2023-05-02T09:28:42.998+0000] {logging_mixin.py:137} INFO - [2023-05-02T09:28:42.998+0000] {dag.py:3456} INFO - Setting next_dagrun for example_sensors to None, run_after=None
[2023-05-02T09:28:43.028+0000] {processor.py:175} INFO - Processing /home/airflow/.local/lib/python3.7/site-packages/airflow/example_dags/example_sensors.py took 0.142 seconds
[2023-05-02T09:29:19.721+0000] {processor.py:153} INFO - Started process (PID=39) to work on /home/airflow/.local/lib/python3.7/site-packages/airflow/example_dags/example_sensors.py
[2023-05-02T09:29:19.723+0000] {processor.py:743} INFO - Processing file /home/airflow/.local/lib/python3.7/site-packages/airflow/example_dags/example_sensors.py for tasks to queue
[2023-05-02T09:29:19.724+0000] {logging_mixin.py:137} INFO - [2023-05-02T09:29:19.724+0000] {dagbag.py:532} INFO - Filling up the DagBag from /home/airflow/.local/lib/python3.7/site-packages/airflow/example_dags/example_sensors.py
[2023-05-02T09:29:19.895+0000] {processor.py:753} INFO - DAG(s) dict_keys(['example_sensors']) retrieved from /home/airflow/.local/lib/python3.7/site-packages/airflow/example_dags/example_sensors.py
[2023-05-02T09:29:20.186+0000] {logging_mixin.py:137} INFO - [2023-05-02T09:29:20.181+0000] {dag.py:2705} INFO - Sync 1 DAGs
[2023-05-02T09:29:20.719+0000] {logging_mixin.py:137} INFO - [2023-05-02T09:29:20.716+0000] {dag.py:3456} INFO - Setting next_dagrun for example_sensors to None, run_after=None
[2023-05-02T09:30:00.731+0000] {processor.py:153} INFO - Started process (PID=37) to work on /home/airflow/.local/lib/python3.7/site-packages/airflow/example_dags/example_sensors.py
[2023-05-02T09:30:00.732+0000] {processor.py:743} INFO - Processing file /home/airflow/.local/lib/python3.7/site-packages/airflow/example_dags/example_sensors.py for tasks to queue
[2023-05-02T09:30:00.732+0000] {logging_mixin.py:137} INFO - [2023-05-02T09:30:00.732+0000] {dagbag.py:532} INFO - Filling up the DagBag from /home/airflow/.local/lib/python3.7/site-packages/airflow/example_dags/example_sensors.py
[2023-05-02T09:30:00.749+0000] {processor.py:753} INFO - DAG(s) dict_keys(['example_sensors']) retrieved from /home/airflow/.local/lib/python3.7/site-packages/airflow/example_dags/example_sensors.py
[2023-05-02T09:30:00.774+0000] {logging_mixin.py:137} INFO - [2023-05-02T09:30:00.773+0000] {dag.py:2705} INFO - Sync 1 DAGs
[2023-05-02T09:30:00.798+0000] {logging_mixin.py:137} INFO - [2023-05-02T09:30:00.797+0000] {dag.py:3456} INFO - Setting next_dagrun for example_sensors to None, run_after=None
[2023-05-02T09:30:00.880+0000] {processor.py:175} INFO - Processing /home/airflow/.local/lib/python3.7/site-packages/airflow/example_dags/example_sensors.py took 0.151 seconds
[2023-05-02T09:30:31.589+0000] {processor.py:153} INFO - Started process (PID=40) to work on /home/airflow/.local/lib/python3.7/site-packages/airflow/example_dags/example_sensors.py
[2023-05-02T09:30:31.589+0000] {processor.py:743} INFO - Processing file /home/airflow/.local/lib/python3.7/site-packages/airflow/example_dags/example_sensors.py for tasks to queue
[2023-05-02T09:30:31.590+0000] {logging_mixin.py:137} INFO - [2023-05-02T09:30:31.590+0000] {dagbag.py:532} INFO - Filling up the DagBag from /home/airflow/.local/lib/python3.7/site-packages/airflow/example_dags/example_sensors.py
[2023-05-02T09:30:31.680+0000] {processor.py:753} INFO - DAG(s) dict_keys(['example_sensors']) retrieved from /home/airflow/.local/lib/python3.7/site-packages/airflow/example_dags/example_sensors.py
[2023-05-02T09:30:31.757+0000] {logging_mixin.py:137} INFO - [2023-05-02T09:30:31.757+0000] {dag.py:2705} INFO - Sync 1 DAGs
[2023-05-02T09:30:31.774+0000] {logging_mixin.py:137} INFO - [2023-05-02T09:30:31.774+0000] {dag.py:3456} INFO - Setting next_dagrun for example_sensors to None, run_after=None
[2023-05-02T09:30:31.964+0000] {processor.py:175} INFO - Processing /home/airflow/.local/lib/python3.7/site-packages/airflow/example_dags/example_sensors.py took 0.383 seconds
[2023-05-02T09:31:10.011+0000] {processor.py:153} INFO - Started process (PID=38) to work on /home/airflow/.local/lib/python3.7/site-packages/airflow/example_dags/example_sensors.py
[2023-05-02T09:31:10.013+0000] {processor.py:743} INFO - Processing file /home/airflow/.local/lib/python3.7/site-packages/airflow/example_dags/example_sensors.py for tasks to queue
[2023-05-02T09:31:10.017+0000] {logging_mixin.py:137} INFO - [2023-05-02T09:31:10.016+0000] {dagbag.py:532} INFO - Filling up the DagBag from /home/airflow/.local/lib/python3.7/site-packages/airflow/example_dags/example_sensors.py
[2023-05-02T09:31:10.108+0000] {processor.py:753} INFO - DAG(s) dict_keys(['example_sensors']) retrieved from /home/airflow/.local/lib/python3.7/site-packages/airflow/example_dags/example_sensors.py
[2023-05-02T09:31:10.190+0000] {logging_mixin.py:137} INFO - [2023-05-02T09:31:10.189+0000] {dag.py:2705} INFO - Sync 1 DAGs
[2023-05-02T09:31:10.237+0000] {logging_mixin.py:137} INFO - [2023-05-02T09:31:10.237+0000] {dag.py:3456} INFO - Setting next_dagrun for example_sensors to None, run_after=None
[2023-05-02T09:31:10.288+0000] {processor.py:175} INFO - Processing /home/airflow/.local/lib/python3.7/site-packages/airflow/example_dags/example_sensors.py took 0.295 seconds
[2023-05-02T09:32:29.327+0000] {processor.py:153} INFO - Started process (PID=39) to work on /home/airflow/.local/lib/python3.7/site-packages/airflow/example_dags/example_sensors.py
[2023-05-02T09:32:29.327+0000] {processor.py:743} INFO - Processing file /home/airflow/.local/lib/python3.7/site-packages/airflow/example_dags/example_sensors.py for tasks to queue
[2023-05-02T09:32:29.333+0000] {logging_mixin.py:137} INFO - [2023-05-02T09:32:29.333+0000] {dagbag.py:532} INFO - Filling up the DagBag from /home/airflow/.local/lib/python3.7/site-packages/airflow/example_dags/example_sensors.py
[2023-05-02T09:32:29.383+0000] {processor.py:753} INFO - DAG(s) dict_keys(['example_sensors']) retrieved from /home/airflow/.local/lib/python3.7/site-packages/airflow/example_dags/example_sensors.py
[2023-05-02T09:32:29.499+0000] {logging_mixin.py:137} INFO - [2023-05-02T09:32:29.498+0000] {dag.py:2705} INFO - Sync 1 DAGs
[2023-05-02T09:32:58.450+0000] {processor.py:153} INFO - Started process (PID=40) to work on /home/airflow/.local/lib/python3.7/site-packages/airflow/example_dags/example_sensors.py
[2023-05-02T09:32:58.451+0000] {processor.py:743} INFO - Processing file /home/airflow/.local/lib/python3.7/site-packages/airflow/example_dags/example_sensors.py for tasks to queue
[2023-05-02T09:32:58.452+0000] {logging_mixin.py:137} INFO - [2023-05-02T09:32:58.452+0000] {dagbag.py:532} INFO - Filling up the DagBag from /home/airflow/.local/lib/python3.7/site-packages/airflow/example_dags/example_sensors.py
[2023-05-02T09:32:59.120+0000] {processor.py:753} INFO - DAG(s) dict_keys(['example_sensors']) retrieved from /home/airflow/.local/lib/python3.7/site-packages/airflow/example_dags/example_sensors.py
[2023-05-02T09:33:16.831+0000] {processor.py:153} INFO - Started process (PID=40) to work on /home/airflow/.local/lib/python3.7/site-packages/airflow/example_dags/example_sensors.py
[2023-05-02T09:33:16.835+0000] {processor.py:743} INFO - Processing file /home/airflow/.local/lib/python3.7/site-packages/airflow/example_dags/example_sensors.py for tasks to queue
[2023-05-02T09:33:16.838+0000] {logging_mixin.py:137} INFO - [2023-05-02T09:33:16.837+0000] {dagbag.py:532} INFO - Filling up the DagBag from /home/airflow/.local/lib/python3.7/site-packages/airflow/example_dags/example_sensors.py
[2023-05-02T09:33:16.948+0000] {processor.py:753} INFO - DAG(s) dict_keys(['example_sensors']) retrieved from /home/airflow/.local/lib/python3.7/site-packages/airflow/example_dags/example_sensors.py
[2023-05-02T09:33:17.717+0000] {logging_mixin.py:137} INFO - [2023-05-02T09:33:17.701+0000] {dag.py:2705} INFO - Sync 1 DAGs
[2023-05-02T09:33:46.043+0000] {processor.py:153} INFO - Started process (PID=38) to work on /home/airflow/.local/lib/python3.7/site-packages/airflow/example_dags/example_sensors.py
[2023-05-02T09:33:46.047+0000] {processor.py:743} INFO - Processing file /home/airflow/.local/lib/python3.7/site-packages/airflow/example_dags/example_sensors.py for tasks to queue
[2023-05-02T09:33:46.048+0000] {logging_mixin.py:137} INFO - [2023-05-02T09:33:46.048+0000] {dagbag.py:532} INFO - Filling up the DagBag from /home/airflow/.local/lib/python3.7/site-packages/airflow/example_dags/example_sensors.py
[2023-05-02T09:33:46.150+0000] {processor.py:753} INFO - DAG(s) dict_keys(['example_sensors']) retrieved from /home/airflow/.local/lib/python3.7/site-packages/airflow/example_dags/example_sensors.py
[2023-05-02T09:33:46.236+0000] {logging_mixin.py:137} INFO - [2023-05-02T09:33:46.236+0000] {dag.py:2705} INFO - Sync 1 DAGs
[2023-05-02T09:33:46.272+0000] {logging_mixin.py:137} INFO - [2023-05-02T09:33:46.271+0000] {dag.py:3456} INFO - Setting next_dagrun for example_sensors to None, run_after=None
[2023-05-02T09:33:46.289+0000] {processor.py:175} INFO - Processing /home/airflow/.local/lib/python3.7/site-packages/airflow/example_dags/example_sensors.py took 0.248 seconds
[2023-05-02T09:34:40.653+0000] {processor.py:153} INFO - Started process (PID=38) to work on /home/airflow/.local/lib/python3.7/site-packages/airflow/example_dags/example_sensors.py
[2023-05-02T09:34:40.654+0000] {processor.py:743} INFO - Processing file /home/airflow/.local/lib/python3.7/site-packages/airflow/example_dags/example_sensors.py for tasks to queue
[2023-05-02T09:34:40.654+0000] {logging_mixin.py:137} INFO - [2023-05-02T09:34:40.654+0000] {dagbag.py:532} INFO - Filling up the DagBag from /home/airflow/.local/lib/python3.7/site-packages/airflow/example_dags/example_sensors.py
[2023-05-02T09:34:40.679+0000] {processor.py:753} INFO - DAG(s) dict_keys(['example_sensors']) retrieved from /home/airflow/.local/lib/python3.7/site-packages/airflow/example_dags/example_sensors.py
[2023-05-02T09:34:40.735+0000] {logging_mixin.py:137} INFO - [2023-05-02T09:34:40.735+0000] {dag.py:2705} INFO - Sync 1 DAGs
[2023-05-02T09:34:40.768+0000] {logging_mixin.py:137} INFO - [2023-05-02T09:34:40.768+0000] {dag.py:3456} INFO - Setting next_dagrun for example_sensors to None, run_after=None
[2023-05-02T09:34:40.790+0000] {processor.py:175} INFO - Processing /home/airflow/.local/lib/python3.7/site-packages/airflow/example_dags/example_sensors.py took 0.140 seconds
[2023-05-02T09:35:35.355+0000] {processor.py:153} INFO - Started process (PID=40) to work on /home/airflow/.local/lib/python3.7/site-packages/airflow/example_dags/example_sensors.py
[2023-05-02T09:35:35.360+0000] {processor.py:743} INFO - Processing file /home/airflow/.local/lib/python3.7/site-packages/airflow/example_dags/example_sensors.py for tasks to queue
[2023-05-02T09:35:35.361+0000] {logging_mixin.py:137} INFO - [2023-05-02T09:35:35.361+0000] {dagbag.py:532} INFO - Filling up the DagBag from /home/airflow/.local/lib/python3.7/site-packages/airflow/example_dags/example_sensors.py
[2023-05-02T09:35:35.428+0000] {processor.py:753} INFO - DAG(s) dict_keys(['example_sensors']) retrieved from /home/airflow/.local/lib/python3.7/site-packages/airflow/example_dags/example_sensors.py
[2023-05-02T09:35:35.506+0000] {logging_mixin.py:137} INFO - [2023-05-02T09:35:35.505+0000] {dag.py:2705} INFO - Sync 1 DAGs
[2023-05-02T09:35:35.558+0000] {logging_mixin.py:137} INFO - [2023-05-02T09:35:35.558+0000] {dag.py:3456} INFO - Setting next_dagrun for example_sensors to None, run_after=None
[2023-05-02T09:35:35.597+0000] {processor.py:175} INFO - Processing /home/airflow/.local/lib/python3.7/site-packages/airflow/example_dags/example_sensors.py took 0.245 seconds
[2023-05-02T09:37:05.776+0000] {processor.py:153} INFO - Started process (PID=37) to work on /home/airflow/.local/lib/python3.7/site-packages/airflow/example_dags/example_sensors.py
[2023-05-02T09:37:05.778+0000] {processor.py:743} INFO - Processing file /home/airflow/.local/lib/python3.7/site-packages/airflow/example_dags/example_sensors.py for tasks to queue
[2023-05-02T09:37:05.779+0000] {logging_mixin.py:137} INFO - [2023-05-02T09:37:05.779+0000] {dagbag.py:532} INFO - Filling up the DagBag from /home/airflow/.local/lib/python3.7/site-packages/airflow/example_dags/example_sensors.py
[2023-05-02T09:37:05.980+0000] {processor.py:753} INFO - DAG(s) dict_keys(['example_sensors']) retrieved from /home/airflow/.local/lib/python3.7/site-packages/airflow/example_dags/example_sensors.py
[2023-05-02T09:37:06.606+0000] {logging_mixin.py:137} INFO - [2023-05-02T09:37:06.603+0000] {dag.py:2705} INFO - Sync 1 DAGs
[2023-05-02T09:37:28.556+0000] {processor.py:153} INFO - Started process (PID=39) to work on /home/airflow/.local/lib/python3.7/site-packages/airflow/example_dags/example_sensors.py
[2023-05-02T09:37:28.557+0000] {processor.py:743} INFO - Processing file /home/airflow/.local/lib/python3.7/site-packages/airflow/example_dags/example_sensors.py for tasks to queue
[2023-05-02T09:37:28.559+0000] {logging_mixin.py:137} INFO - [2023-05-02T09:37:28.559+0000] {dagbag.py:532} INFO - Filling up the DagBag from /home/airflow/.local/lib/python3.7/site-packages/airflow/example_dags/example_sensors.py
[2023-05-02T09:37:28.735+0000] {processor.py:753} INFO - DAG(s) dict_keys(['example_sensors']) retrieved from /home/airflow/.local/lib/python3.7/site-packages/airflow/example_dags/example_sensors.py
[2023-05-02T09:37:35.899+0000] {logging_mixin.py:137} INFO - [2023-05-02T09:37:35.882+0000] {dag.py:2705} INFO - Sync 1 DAGs
[2023-05-02T09:37:58.920+0000] {processor.py:153} INFO - Started process (PID=38) to work on /home/airflow/.local/lib/python3.7/site-packages/airflow/example_dags/example_sensors.py
[2023-05-02T09:37:58.924+0000] {processor.py:743} INFO - Processing file /home/airflow/.local/lib/python3.7/site-packages/airflow/example_dags/example_sensors.py for tasks to queue
[2023-05-02T09:37:58.924+0000] {logging_mixin.py:137} INFO - [2023-05-02T09:37:58.924+0000] {dagbag.py:532} INFO - Filling up the DagBag from /home/airflow/.local/lib/python3.7/site-packages/airflow/example_dags/example_sensors.py
[2023-05-02T09:37:58.965+0000] {processor.py:753} INFO - DAG(s) dict_keys(['example_sensors']) retrieved from /home/airflow/.local/lib/python3.7/site-packages/airflow/example_dags/example_sensors.py
[2023-05-02T09:37:59.044+0000] {logging_mixin.py:137} INFO - [2023-05-02T09:37:59.044+0000] {dag.py:2705} INFO - Sync 1 DAGs
[2023-05-02T09:37:59.326+0000] {logging_mixin.py:137} INFO - [2023-05-02T09:37:59.323+0000] {dag.py:3456} INFO - Setting next_dagrun for example_sensors to None, run_after=None
[2023-05-02T09:38:41.964+0000] {processor.py:153} INFO - Started process (PID=37) to work on /home/airflow/.local/lib/python3.7/site-packages/airflow/example_dags/example_sensors.py
[2023-05-02T09:38:41.966+0000] {processor.py:743} INFO - Processing file /home/airflow/.local/lib/python3.7/site-packages/airflow/example_dags/example_sensors.py for tasks to queue
[2023-05-02T09:38:41.967+0000] {logging_mixin.py:137} INFO - [2023-05-02T09:38:41.967+0000] {dagbag.py:532} INFO - Filling up the DagBag from /home/airflow/.local/lib/python3.7/site-packages/airflow/example_dags/example_sensors.py
[2023-05-02T09:38:42.000+0000] {processor.py:753} INFO - DAG(s) dict_keys(['example_sensors']) retrieved from /home/airflow/.local/lib/python3.7/site-packages/airflow/example_dags/example_sensors.py
[2023-05-02T09:38:42.034+0000] {logging_mixin.py:137} INFO - [2023-05-02T09:38:42.034+0000] {dag.py:2705} INFO - Sync 1 DAGs
[2023-05-02T09:38:42.072+0000] {logging_mixin.py:137} INFO - [2023-05-02T09:38:42.072+0000] {dag.py:3456} INFO - Setting next_dagrun for example_sensors to None, run_after=None
[2023-05-02T09:38:42.105+0000] {processor.py:175} INFO - Processing /home/airflow/.local/lib/python3.7/site-packages/airflow/example_dags/example_sensors.py took 0.143 seconds
[2023-05-02T09:45:16.392+0000] {processor.py:153} INFO - Started process (PID=38) to work on /home/airflow/.local/lib/python3.7/site-packages/airflow/example_dags/example_sensors.py
[2023-05-02T09:45:16.399+0000] {processor.py:743} INFO - Processing file /home/airflow/.local/lib/python3.7/site-packages/airflow/example_dags/example_sensors.py for tasks to queue
[2023-05-02T09:45:16.402+0000] {logging_mixin.py:137} INFO - [2023-05-02T09:45:16.402+0000] {dagbag.py:532} INFO - Filling up the DagBag from /home/airflow/.local/lib/python3.7/site-packages/airflow/example_dags/example_sensors.py
[2023-05-02T09:45:16.469+0000] {processor.py:753} INFO - DAG(s) dict_keys(['example_sensors']) retrieved from /home/airflow/.local/lib/python3.7/site-packages/airflow/example_dags/example_sensors.py
[2023-05-02T09:45:16.537+0000] {logging_mixin.py:137} INFO - [2023-05-02T09:45:16.530+0000] {dag.py:2705} INFO - Sync 1 DAGs
[2023-05-02T09:45:16.576+0000] {logging_mixin.py:137} INFO - [2023-05-02T09:45:16.576+0000] {dag.py:3456} INFO - Setting next_dagrun for example_sensors to None, run_after=None
[2023-05-02T09:45:16.600+0000] {processor.py:175} INFO - Processing /home/airflow/.local/lib/python3.7/site-packages/airflow/example_dags/example_sensors.py took 0.213 seconds
[2023-05-02T09:46:52.442+0000] {processor.py:153} INFO - Started process (PID=38) to work on /home/airflow/.local/lib/python3.7/site-packages/airflow/example_dags/example_sensors.py
[2023-05-02T09:46:52.450+0000] {processor.py:743} INFO - Processing file /home/airflow/.local/lib/python3.7/site-packages/airflow/example_dags/example_sensors.py for tasks to queue
[2023-05-02T09:46:52.452+0000] {logging_mixin.py:137} INFO - [2023-05-02T09:46:52.452+0000] {dagbag.py:532} INFO - Filling up the DagBag from /home/airflow/.local/lib/python3.7/site-packages/airflow/example_dags/example_sensors.py
[2023-05-02T09:48:41.590+0000] {processor.py:153} INFO - Started process (PID=38) to work on /home/airflow/.local/lib/python3.7/site-packages/airflow/example_dags/example_sensors.py
[2023-05-02T09:48:41.591+0000] {processor.py:743} INFO - Processing file /home/airflow/.local/lib/python3.7/site-packages/airflow/example_dags/example_sensors.py for tasks to queue
[2023-05-02T09:48:41.594+0000] {logging_mixin.py:137} INFO - [2023-05-02T09:48:41.594+0000] {dagbag.py:532} INFO - Filling up the DagBag from /home/airflow/.local/lib/python3.7/site-packages/airflow/example_dags/example_sensors.py
[2023-05-02T09:48:41.682+0000] {processor.py:753} INFO - DAG(s) dict_keys(['example_sensors']) retrieved from /home/airflow/.local/lib/python3.7/site-packages/airflow/example_dags/example_sensors.py
[2023-05-02T09:48:41.785+0000] {logging_mixin.py:137} INFO - [2023-05-02T09:48:41.785+0000] {dag.py:2705} INFO - Sync 1 DAGs
[2023-05-02T09:48:41.839+0000] {logging_mixin.py:137} INFO - [2023-05-02T09:48:41.836+0000] {dag.py:3456} INFO - Setting next_dagrun for example_sensors to None, run_after=None
[2023-05-02T09:48:41.946+0000] {processor.py:175} INFO - Processing /home/airflow/.local/lib/python3.7/site-packages/airflow/example_dags/example_sensors.py took 0.361 seconds
[2023-05-02T09:50:08.991+0000] {processor.py:153} INFO - Started process (PID=38) to work on /home/airflow/.local/lib/python3.7/site-packages/airflow/example_dags/example_sensors.py
[2023-05-02T09:50:08.992+0000] {processor.py:743} INFO - Processing file /home/airflow/.local/lib/python3.7/site-packages/airflow/example_dags/example_sensors.py for tasks to queue
[2023-05-02T09:50:08.992+0000] {logging_mixin.py:137} INFO - [2023-05-02T09:50:08.992+0000] {dagbag.py:532} INFO - Filling up the DagBag from /home/airflow/.local/lib/python3.7/site-packages/airflow/example_dags/example_sensors.py
[2023-05-02T09:50:09.126+0000] {processor.py:753} INFO - DAG(s) dict_keys(['example_sensors']) retrieved from /home/airflow/.local/lib/python3.7/site-packages/airflow/example_dags/example_sensors.py
[2023-05-02T09:51:53.482+0000] {processor.py:153} INFO - Started process (PID=38) to work on /home/airflow/.local/lib/python3.7/site-packages/airflow/example_dags/example_sensors.py
[2023-05-02T09:51:53.504+0000] {processor.py:743} INFO - Processing file /home/airflow/.local/lib/python3.7/site-packages/airflow/example_dags/example_sensors.py for tasks to queue
[2023-05-02T09:51:53.507+0000] {logging_mixin.py:137} INFO - [2023-05-02T09:51:53.507+0000] {dagbag.py:532} INFO - Filling up the DagBag from /home/airflow/.local/lib/python3.7/site-packages/airflow/example_dags/example_sensors.py
[2023-05-02T09:51:53.686+0000] {processor.py:753} INFO - DAG(s) dict_keys(['example_sensors']) retrieved from /home/airflow/.local/lib/python3.7/site-packages/airflow/example_dags/example_sensors.py
[2023-05-02T09:51:53.877+0000] {logging_mixin.py:137} INFO - [2023-05-02T09:51:53.876+0000] {dag.py:2705} INFO - Sync 1 DAGs
[2023-05-02T09:51:54.015+0000] {logging_mixin.py:137} INFO - [2023-05-02T09:51:54.013+0000] {dag.py:3456} INFO - Setting next_dagrun for example_sensors to None, run_after=None
[2023-05-02T09:51:54.485+0000] {processor.py:175} INFO - Processing /home/airflow/.local/lib/python3.7/site-packages/airflow/example_dags/example_sensors.py took 1.022 seconds
[2023-05-02T10:18:31.944+0000] {processor.py:153} INFO - Started process (PID=38) to work on /home/airflow/.local/lib/python3.7/site-packages/airflow/example_dags/example_sensors.py
[2023-05-02T10:18:31.947+0000] {processor.py:743} INFO - Processing file /home/airflow/.local/lib/python3.7/site-packages/airflow/example_dags/example_sensors.py for tasks to queue
[2023-05-02T10:18:31.947+0000] {logging_mixin.py:137} INFO - [2023-05-02T10:18:31.947+0000] {dagbag.py:532} INFO - Filling up the DagBag from /home/airflow/.local/lib/python3.7/site-packages/airflow/example_dags/example_sensors.py
[2023-05-02T10:18:31.979+0000] {processor.py:753} INFO - DAG(s) dict_keys(['example_sensors']) retrieved from /home/airflow/.local/lib/python3.7/site-packages/airflow/example_dags/example_sensors.py
[2023-05-02T10:18:31.998+0000] {logging_mixin.py:137} INFO - [2023-05-02T10:18:31.998+0000] {dag.py:2705} INFO - Sync 1 DAGs
[2023-05-02T10:18:32.040+0000] {logging_mixin.py:137} INFO - [2023-05-02T10:18:32.040+0000] {dag.py:3456} INFO - Setting next_dagrun for example_sensors to None, run_after=None
[2023-05-02T10:18:32.087+0000] {processor.py:175} INFO - Processing /home/airflow/.local/lib/python3.7/site-packages/airflow/example_dags/example_sensors.py took 0.145 seconds
[2023-05-02T10:19:38.226+0000] {processor.py:153} INFO - Started process (PID=37) to work on /home/airflow/.local/lib/python3.7/site-packages/airflow/example_dags/example_sensors.py
[2023-05-02T10:19:38.230+0000] {processor.py:743} INFO - Processing file /home/airflow/.local/lib/python3.7/site-packages/airflow/example_dags/example_sensors.py for tasks to queue
[2023-05-02T10:19:38.233+0000] {logging_mixin.py:137} INFO - [2023-05-02T10:19:38.233+0000] {dagbag.py:532} INFO - Filling up the DagBag from /home/airflow/.local/lib/python3.7/site-packages/airflow/example_dags/example_sensors.py
[2023-05-02T10:19:38.291+0000] {processor.py:753} INFO - DAG(s) dict_keys(['example_sensors']) retrieved from /home/airflow/.local/lib/python3.7/site-packages/airflow/example_dags/example_sensors.py
[2023-05-02T10:19:38.336+0000] {logging_mixin.py:137} INFO - [2023-05-02T10:19:38.336+0000] {dag.py:2705} INFO - Sync 1 DAGs
[2023-05-02T10:19:38.383+0000] {logging_mixin.py:137} INFO - [2023-05-02T10:19:38.383+0000] {dag.py:3456} INFO - Setting next_dagrun for example_sensors to None, run_after=None
[2023-05-02T10:19:38.424+0000] {processor.py:175} INFO - Processing /home/airflow/.local/lib/python3.7/site-packages/airflow/example_dags/example_sensors.py took 0.208 seconds
[2023-05-02T10:20:45.543+0000] {processor.py:153} INFO - Started process (PID=38) to work on /home/airflow/.local/lib/python3.7/site-packages/airflow/example_dags/example_sensors.py
[2023-05-02T10:20:45.548+0000] {processor.py:743} INFO - Processing file /home/airflow/.local/lib/python3.7/site-packages/airflow/example_dags/example_sensors.py for tasks to queue
[2023-05-02T10:20:45.549+0000] {logging_mixin.py:137} INFO - [2023-05-02T10:20:45.549+0000] {dagbag.py:532} INFO - Filling up the DagBag from /home/airflow/.local/lib/python3.7/site-packages/airflow/example_dags/example_sensors.py
[2023-05-02T10:20:46.369+0000] {processor.py:753} INFO - DAG(s) dict_keys(['example_sensors']) retrieved from /home/airflow/.local/lib/python3.7/site-packages/airflow/example_dags/example_sensors.py
[2023-05-02T10:21:12.674+0000] {processor.py:153} INFO - Started process (PID=38) to work on /home/airflow/.local/lib/python3.7/site-packages/airflow/example_dags/example_sensors.py
[2023-05-02T10:21:12.683+0000] {processor.py:743} INFO - Processing file /home/airflow/.local/lib/python3.7/site-packages/airflow/example_dags/example_sensors.py for tasks to queue
[2023-05-02T10:21:12.685+0000] {logging_mixin.py:137} INFO - [2023-05-02T10:21:12.685+0000] {dagbag.py:532} INFO - Filling up the DagBag from /home/airflow/.local/lib/python3.7/site-packages/airflow/example_dags/example_sensors.py
[2023-05-02T10:21:12.972+0000] {processor.py:753} INFO - DAG(s) dict_keys(['example_sensors']) retrieved from /home/airflow/.local/lib/python3.7/site-packages/airflow/example_dags/example_sensors.py
[2023-05-02T10:22:20.196+0000] {processor.py:153} INFO - Started process (PID=38) to work on /home/airflow/.local/lib/python3.7/site-packages/airflow/example_dags/example_sensors.py
[2023-05-02T10:22:20.197+0000] {processor.py:743} INFO - Processing file /home/airflow/.local/lib/python3.7/site-packages/airflow/example_dags/example_sensors.py for tasks to queue
[2023-05-02T10:22:20.198+0000] {logging_mixin.py:137} INFO - [2023-05-02T10:22:20.198+0000] {dagbag.py:532} INFO - Filling up the DagBag from /home/airflow/.local/lib/python3.7/site-packages/airflow/example_dags/example_sensors.py
[2023-05-02T10:22:20.296+0000] {processor.py:753} INFO - DAG(s) dict_keys(['example_sensors']) retrieved from /home/airflow/.local/lib/python3.7/site-packages/airflow/example_dags/example_sensors.py
[2023-05-02T10:22:20.460+0000] {logging_mixin.py:137} INFO - [2023-05-02T10:22:20.450+0000] {dag.py:2705} INFO - Sync 1 DAGs
[2023-05-02T10:22:20.627+0000] {logging_mixin.py:137} INFO - [2023-05-02T10:22:20.626+0000] {dag.py:3456} INFO - Setting next_dagrun for example_sensors to None, run_after=None
[2023-05-02T10:22:20.859+0000] {processor.py:175} INFO - Processing /home/airflow/.local/lib/python3.7/site-packages/airflow/example_dags/example_sensors.py took 0.672 seconds
[2023-05-02T10:27:29.498+0000] {processor.py:153} INFO - Started process (PID=39) to work on /home/airflow/.local/lib/python3.7/site-packages/airflow/example_dags/example_sensors.py
[2023-05-02T10:27:29.499+0000] {processor.py:743} INFO - Processing file /home/airflow/.local/lib/python3.7/site-packages/airflow/example_dags/example_sensors.py for tasks to queue
[2023-05-02T10:27:29.500+0000] {logging_mixin.py:137} INFO - [2023-05-02T10:27:29.500+0000] {dagbag.py:532} INFO - Filling up the DagBag from /home/airflow/.local/lib/python3.7/site-packages/airflow/example_dags/example_sensors.py
[2023-05-02T10:27:29.582+0000] {processor.py:753} INFO - DAG(s) dict_keys(['example_sensors']) retrieved from /home/airflow/.local/lib/python3.7/site-packages/airflow/example_dags/example_sensors.py
[2023-05-02T10:27:29.871+0000] {logging_mixin.py:137} INFO - [2023-05-02T10:27:29.863+0000] {dag.py:2705} INFO - Sync 1 DAGs
[2023-05-02T10:27:31.289+0000] {logging_mixin.py:137} INFO - [2023-05-02T10:27:31.279+0000] {dag.py:3456} INFO - Setting next_dagrun for example_sensors to None, run_after=None
[2023-05-02T10:27:31.427+0000] {processor.py:175} INFO - Processing /home/airflow/.local/lib/python3.7/site-packages/airflow/example_dags/example_sensors.py took 1.943 seconds
[2023-05-02T10:28:02.435+0000] {processor.py:153} INFO - Started process (PID=40) to work on /home/airflow/.local/lib/python3.7/site-packages/airflow/example_dags/example_sensors.py
[2023-05-02T10:28:02.436+0000] {processor.py:743} INFO - Processing file /home/airflow/.local/lib/python3.7/site-packages/airflow/example_dags/example_sensors.py for tasks to queue
[2023-05-02T10:28:02.436+0000] {logging_mixin.py:137} INFO - [2023-05-02T10:28:02.436+0000] {dagbag.py:532} INFO - Filling up the DagBag from /home/airflow/.local/lib/python3.7/site-packages/airflow/example_dags/example_sensors.py
[2023-05-02T10:28:02.505+0000] {processor.py:753} INFO - DAG(s) dict_keys(['example_sensors']) retrieved from /home/airflow/.local/lib/python3.7/site-packages/airflow/example_dags/example_sensors.py
[2023-05-02T10:28:02.565+0000] {logging_mixin.py:137} INFO - [2023-05-02T10:28:02.564+0000] {dag.py:2705} INFO - Sync 1 DAGs
[2023-05-02T10:28:02.602+0000] {logging_mixin.py:137} INFO - [2023-05-02T10:28:02.601+0000] {dag.py:3456} INFO - Setting next_dagrun for example_sensors to None, run_after=None
[2023-05-02T10:28:07.525+0000] {processor.py:175} INFO - Processing /home/airflow/.local/lib/python3.7/site-packages/airflow/example_dags/example_sensors.py took 5.092 seconds
[2023-05-02T10:28:46.320+0000] {processor.py:153} INFO - Started process (PID=38) to work on /home/airflow/.local/lib/python3.7/site-packages/airflow/example_dags/example_sensors.py
[2023-05-02T10:28:46.323+0000] {processor.py:743} INFO - Processing file /home/airflow/.local/lib/python3.7/site-packages/airflow/example_dags/example_sensors.py for tasks to queue
[2023-05-02T10:28:46.324+0000] {logging_mixin.py:137} INFO - [2023-05-02T10:28:46.324+0000] {dagbag.py:532} INFO - Filling up the DagBag from /home/airflow/.local/lib/python3.7/site-packages/airflow/example_dags/example_sensors.py
[2023-05-02T10:28:46.367+0000] {processor.py:753} INFO - DAG(s) dict_keys(['example_sensors']) retrieved from /home/airflow/.local/lib/python3.7/site-packages/airflow/example_dags/example_sensors.py
[2023-05-02T10:28:46.456+0000] {logging_mixin.py:137} INFO - [2023-05-02T10:28:46.455+0000] {dag.py:2705} INFO - Sync 1 DAGs
[2023-05-02T10:28:46.504+0000] {logging_mixin.py:137} INFO - [2023-05-02T10:28:46.503+0000] {dag.py:3456} INFO - Setting next_dagrun for example_sensors to None, run_after=None
[2023-05-02T10:28:46.585+0000] {processor.py:175} INFO - Processing /home/airflow/.local/lib/python3.7/site-packages/airflow/example_dags/example_sensors.py took 0.269 seconds
[2023-05-02T10:29:14.898+0000] {processor.py:153} INFO - Started process (PID=38) to work on /home/airflow/.local/lib/python3.7/site-packages/airflow/example_dags/example_sensors.py
[2023-05-02T10:29:14.899+0000] {processor.py:743} INFO - Processing file /home/airflow/.local/lib/python3.7/site-packages/airflow/example_dags/example_sensors.py for tasks to queue
[2023-05-02T10:29:14.900+0000] {logging_mixin.py:137} INFO - [2023-05-02T10:29:14.899+0000] {dagbag.py:532} INFO - Filling up the DagBag from /home/airflow/.local/lib/python3.7/site-packages/airflow/example_dags/example_sensors.py
[2023-05-02T10:29:14.944+0000] {processor.py:753} INFO - DAG(s) dict_keys(['example_sensors']) retrieved from /home/airflow/.local/lib/python3.7/site-packages/airflow/example_dags/example_sensors.py
[2023-05-02T10:29:14.985+0000] {logging_mixin.py:137} INFO - [2023-05-02T10:29:14.985+0000] {dag.py:2705} INFO - Sync 1 DAGs
[2023-05-02T10:29:15.044+0000] {logging_mixin.py:137} INFO - [2023-05-02T10:29:15.044+0000] {dag.py:3456} INFO - Setting next_dagrun for example_sensors to None, run_after=None
[2023-05-02T10:29:15.069+0000] {processor.py:175} INFO - Processing /home/airflow/.local/lib/python3.7/site-packages/airflow/example_dags/example_sensors.py took 0.173 seconds
