[2023-05-02T08:27:48.324+0000] {processor.py:153} INFO - Started process (PID=77) to work on /home/airflow/.local/lib/python3.7/site-packages/airflow/example_dags/example_dag_decorator.py
[2023-05-02T08:27:48.325+0000] {processor.py:743} INFO - Processing file /home/airflow/.local/lib/python3.7/site-packages/airflow/example_dags/example_dag_decorator.py for tasks to queue
[2023-05-02T08:27:48.327+0000] {logging_mixin.py:137} INFO - [2023-05-02T08:27:48.327+0000] {dagbag.py:532} INFO - Filling up the DagBag from /home/airflow/.local/lib/python3.7/site-packages/airflow/example_dags/example_dag_decorator.py
[2023-05-02T08:27:48.339+0000] {logging_mixin.py:137} INFO - [2023-05-02T08:27:48.339+0000] {taskmixin.py:211} WARNING - Dependency <Task(_PythonDecoratedOperator): prepare_email>, send_email already registered for DAG: example_dag_decorator
[2023-05-02T08:27:48.339+0000] {logging_mixin.py:137} INFO - [2023-05-02T08:27:48.339+0000] {taskmixin.py:211} WARNING - Dependency <Task(EmailOperator): send_email>, prepare_email already registered for DAG: example_dag_decorator
[2023-05-02T08:27:48.351+0000] {processor.py:753} INFO - DAG(s) dict_keys(['example_dag_decorator']) retrieved from /home/airflow/.local/lib/python3.7/site-packages/airflow/example_dags/example_dag_decorator.py
[2023-05-02T08:27:48.394+0000] {logging_mixin.py:137} INFO - [2023-05-02T08:27:48.394+0000] {dag.py:2705} INFO - Sync 1 DAGs
[2023-05-02T08:27:48.419+0000] {logging_mixin.py:137} INFO - [2023-05-02T08:27:48.419+0000] {dag.py:3456} INFO - Setting next_dagrun for example_dag_decorator to None, run_after=None
[2023-05-02T08:27:48.435+0000] {processor.py:175} INFO - Processing /home/airflow/.local/lib/python3.7/site-packages/airflow/example_dags/example_dag_decorator.py took 0.113 seconds
[2023-05-02T08:29:09.676+0000] {processor.py:153} INFO - Started process (PID=68) to work on /home/airflow/.local/lib/python3.7/site-packages/airflow/example_dags/example_dag_decorator.py
[2023-05-02T08:29:09.680+0000] {processor.py:743} INFO - Processing file /home/airflow/.local/lib/python3.7/site-packages/airflow/example_dags/example_dag_decorator.py for tasks to queue
[2023-05-02T08:29:09.682+0000] {logging_mixin.py:137} INFO - [2023-05-02T08:29:09.682+0000] {dagbag.py:532} INFO - Filling up the DagBag from /home/airflow/.local/lib/python3.7/site-packages/airflow/example_dags/example_dag_decorator.py
[2023-05-02T08:29:09.722+0000] {logging_mixin.py:137} INFO - [2023-05-02T08:29:09.722+0000] {taskmixin.py:211} WARNING - Dependency <Task(_PythonDecoratedOperator): prepare_email>, send_email already registered for DAG: example_dag_decorator
[2023-05-02T08:29:09.723+0000] {logging_mixin.py:137} INFO - [2023-05-02T08:29:09.723+0000] {taskmixin.py:211} WARNING - Dependency <Task(EmailOperator): send_email>, prepare_email already registered for DAG: example_dag_decorator
[2023-05-02T08:29:09.801+0000] {processor.py:753} INFO - DAG(s) dict_keys(['example_dag_decorator']) retrieved from /home/airflow/.local/lib/python3.7/site-packages/airflow/example_dags/example_dag_decorator.py
[2023-05-02T08:29:09.885+0000] {logging_mixin.py:137} INFO - [2023-05-02T08:29:09.885+0000] {dag.py:2705} INFO - Sync 1 DAGs
[2023-05-02T08:29:09.916+0000] {logging_mixin.py:137} INFO - [2023-05-02T08:29:09.916+0000] {dag.py:3456} INFO - Setting next_dagrun for example_dag_decorator to None, run_after=None
[2023-05-02T08:29:09.946+0000] {processor.py:175} INFO - Processing /home/airflow/.local/lib/python3.7/site-packages/airflow/example_dags/example_dag_decorator.py took 0.275 seconds
[2023-05-02T08:32:26.017+0000] {processor.py:153} INFO - Started process (PID=69) to work on /home/airflow/.local/lib/python3.7/site-packages/airflow/example_dags/example_dag_decorator.py
[2023-05-02T08:32:26.018+0000] {processor.py:743} INFO - Processing file /home/airflow/.local/lib/python3.7/site-packages/airflow/example_dags/example_dag_decorator.py for tasks to queue
[2023-05-02T08:32:26.018+0000] {logging_mixin.py:137} INFO - [2023-05-02T08:32:26.018+0000] {dagbag.py:532} INFO - Filling up the DagBag from /home/airflow/.local/lib/python3.7/site-packages/airflow/example_dags/example_dag_decorator.py
[2023-05-02T08:32:26.040+0000] {logging_mixin.py:137} INFO - [2023-05-02T08:32:26.040+0000] {taskmixin.py:211} WARNING - Dependency <Task(_PythonDecoratedOperator): prepare_email>, send_email already registered for DAG: example_dag_decorator
[2023-05-02T08:32:26.041+0000] {logging_mixin.py:137} INFO - [2023-05-02T08:32:26.041+0000] {taskmixin.py:211} WARNING - Dependency <Task(EmailOperator): send_email>, prepare_email already registered for DAG: example_dag_decorator
[2023-05-02T08:32:26.067+0000] {processor.py:753} INFO - DAG(s) dict_keys(['example_dag_decorator']) retrieved from /home/airflow/.local/lib/python3.7/site-packages/airflow/example_dags/example_dag_decorator.py
[2023-05-02T08:32:26.169+0000] {logging_mixin.py:137} INFO - [2023-05-02T08:32:26.169+0000] {dag.py:2705} INFO - Sync 1 DAGs
[2023-05-02T08:32:26.209+0000] {logging_mixin.py:137} INFO - [2023-05-02T08:32:26.209+0000] {dag.py:3456} INFO - Setting next_dagrun for example_dag_decorator to None, run_after=None
[2023-05-02T08:32:26.239+0000] {processor.py:175} INFO - Processing /home/airflow/.local/lib/python3.7/site-packages/airflow/example_dags/example_dag_decorator.py took 0.224 seconds
[2023-05-02T08:47:27.144+0000] {processor.py:153} INFO - Started process (PID=68) to work on /home/airflow/.local/lib/python3.7/site-packages/airflow/example_dags/example_dag_decorator.py
[2023-05-02T08:47:27.145+0000] {processor.py:743} INFO - Processing file /home/airflow/.local/lib/python3.7/site-packages/airflow/example_dags/example_dag_decorator.py for tasks to queue
[2023-05-02T08:47:27.146+0000] {logging_mixin.py:137} INFO - [2023-05-02T08:47:27.146+0000] {dagbag.py:532} INFO - Filling up the DagBag from /home/airflow/.local/lib/python3.7/site-packages/airflow/example_dags/example_dag_decorator.py
[2023-05-02T08:47:27.170+0000] {logging_mixin.py:137} INFO - [2023-05-02T08:47:27.170+0000] {taskmixin.py:211} WARNING - Dependency <Task(_PythonDecoratedOperator): prepare_email>, send_email already registered for DAG: example_dag_decorator
[2023-05-02T08:47:27.180+0000] {logging_mixin.py:137} INFO - [2023-05-02T08:47:27.180+0000] {taskmixin.py:211} WARNING - Dependency <Task(EmailOperator): send_email>, prepare_email already registered for DAG: example_dag_decorator
[2023-05-02T08:47:27.244+0000] {processor.py:753} INFO - DAG(s) dict_keys(['example_dag_decorator']) retrieved from /home/airflow/.local/lib/python3.7/site-packages/airflow/example_dags/example_dag_decorator.py
[2023-05-02T08:47:27.363+0000] {logging_mixin.py:137} INFO - [2023-05-02T08:47:27.363+0000] {dag.py:2705} INFO - Sync 1 DAGs
[2023-05-02T08:47:27.398+0000] {logging_mixin.py:137} INFO - [2023-05-02T08:47:27.398+0000] {dag.py:3456} INFO - Setting next_dagrun for example_dag_decorator to None, run_after=None
[2023-05-02T08:47:27.422+0000] {processor.py:175} INFO - Processing /home/airflow/.local/lib/python3.7/site-packages/airflow/example_dags/example_dag_decorator.py took 0.281 seconds
[2023-05-02T09:06:22.439+0000] {processor.py:153} INFO - Started process (PID=68) to work on /home/airflow/.local/lib/python3.7/site-packages/airflow/example_dags/example_dag_decorator.py
[2023-05-02T09:06:22.440+0000] {processor.py:743} INFO - Processing file /home/airflow/.local/lib/python3.7/site-packages/airflow/example_dags/example_dag_decorator.py for tasks to queue
[2023-05-02T09:06:22.441+0000] {logging_mixin.py:137} INFO - [2023-05-02T09:06:22.441+0000] {dagbag.py:532} INFO - Filling up the DagBag from /home/airflow/.local/lib/python3.7/site-packages/airflow/example_dags/example_dag_decorator.py
[2023-05-02T09:06:22.471+0000] {logging_mixin.py:137} INFO - [2023-05-02T09:06:22.471+0000] {taskmixin.py:211} WARNING - Dependency <Task(_PythonDecoratedOperator): prepare_email>, send_email already registered for DAG: example_dag_decorator
[2023-05-02T09:06:22.477+0000] {logging_mixin.py:137} INFO - [2023-05-02T09:06:22.477+0000] {taskmixin.py:211} WARNING - Dependency <Task(EmailOperator): send_email>, prepare_email already registered for DAG: example_dag_decorator
[2023-05-02T09:06:22.502+0000] {processor.py:753} INFO - DAG(s) dict_keys(['example_dag_decorator']) retrieved from /home/airflow/.local/lib/python3.7/site-packages/airflow/example_dags/example_dag_decorator.py
[2023-05-02T09:06:22.630+0000] {logging_mixin.py:137} INFO - [2023-05-02T09:06:22.629+0000] {dag.py:2705} INFO - Sync 1 DAGs
[2023-05-02T09:06:22.691+0000] {logging_mixin.py:137} INFO - [2023-05-02T09:06:22.691+0000] {dag.py:3456} INFO - Setting next_dagrun for example_dag_decorator to None, run_after=None
[2023-05-02T09:06:22.746+0000] {processor.py:175} INFO - Processing /home/airflow/.local/lib/python3.7/site-packages/airflow/example_dags/example_dag_decorator.py took 0.310 seconds
[2023-05-02T09:08:37.523+0000] {processor.py:153} INFO - Started process (PID=72) to work on /home/airflow/.local/lib/python3.7/site-packages/airflow/example_dags/example_dag_decorator.py
[2023-05-02T09:08:37.536+0000] {processor.py:743} INFO - Processing file /home/airflow/.local/lib/python3.7/site-packages/airflow/example_dags/example_dag_decorator.py for tasks to queue
[2023-05-02T09:08:37.537+0000] {logging_mixin.py:137} INFO - [2023-05-02T09:08:37.537+0000] {dagbag.py:532} INFO - Filling up the DagBag from /home/airflow/.local/lib/python3.7/site-packages/airflow/example_dags/example_dag_decorator.py
[2023-05-02T09:08:37.572+0000] {logging_mixin.py:137} INFO - [2023-05-02T09:08:37.572+0000] {taskmixin.py:211} WARNING - Dependency <Task(_PythonDecoratedOperator): prepare_email>, send_email already registered for DAG: example_dag_decorator
[2023-05-02T09:08:37.582+0000] {logging_mixin.py:137} INFO - [2023-05-02T09:08:37.581+0000] {taskmixin.py:211} WARNING - Dependency <Task(EmailOperator): send_email>, prepare_email already registered for DAG: example_dag_decorator
[2023-05-02T09:08:37.620+0000] {processor.py:753} INFO - DAG(s) dict_keys(['example_dag_decorator']) retrieved from /home/airflow/.local/lib/python3.7/site-packages/airflow/example_dags/example_dag_decorator.py
[2023-05-02T09:08:37.712+0000] {logging_mixin.py:137} INFO - [2023-05-02T09:08:37.712+0000] {dag.py:2705} INFO - Sync 1 DAGs
[2023-05-02T09:08:37.727+0000] {logging_mixin.py:137} INFO - [2023-05-02T09:08:37.727+0000] {dag.py:3456} INFO - Setting next_dagrun for example_dag_decorator to None, run_after=None
[2023-05-02T09:08:37.739+0000] {processor.py:175} INFO - Processing /home/airflow/.local/lib/python3.7/site-packages/airflow/example_dags/example_dag_decorator.py took 0.220 seconds
[2023-05-02T09:22:30.257+0000] {processor.py:153} INFO - Started process (PID=67) to work on /home/airflow/.local/lib/python3.7/site-packages/airflow/example_dags/example_dag_decorator.py
[2023-05-02T09:22:30.260+0000] {processor.py:743} INFO - Processing file /home/airflow/.local/lib/python3.7/site-packages/airflow/example_dags/example_dag_decorator.py for tasks to queue
[2023-05-02T09:22:30.262+0000] {logging_mixin.py:137} INFO - [2023-05-02T09:22:30.262+0000] {dagbag.py:532} INFO - Filling up the DagBag from /home/airflow/.local/lib/python3.7/site-packages/airflow/example_dags/example_dag_decorator.py
[2023-05-02T09:22:30.293+0000] {logging_mixin.py:137} INFO - [2023-05-02T09:22:30.293+0000] {taskmixin.py:211} WARNING - Dependency <Task(_PythonDecoratedOperator): prepare_email>, send_email already registered for DAG: example_dag_decorator
[2023-05-02T09:22:30.293+0000] {logging_mixin.py:137} INFO - [2023-05-02T09:22:30.293+0000] {taskmixin.py:211} WARNING - Dependency <Task(EmailOperator): send_email>, prepare_email already registered for DAG: example_dag_decorator
[2023-05-02T09:22:30.312+0000] {processor.py:753} INFO - DAG(s) dict_keys(['example_dag_decorator']) retrieved from /home/airflow/.local/lib/python3.7/site-packages/airflow/example_dags/example_dag_decorator.py
[2023-05-02T09:22:30.420+0000] {logging_mixin.py:137} INFO - [2023-05-02T09:22:30.419+0000] {dag.py:2705} INFO - Sync 1 DAGs
[2023-05-02T09:22:30.462+0000] {logging_mixin.py:137} INFO - [2023-05-02T09:22:30.462+0000] {dag.py:3456} INFO - Setting next_dagrun for example_dag_decorator to None, run_after=None
[2023-05-02T09:22:30.499+0000] {processor.py:175} INFO - Processing /home/airflow/.local/lib/python3.7/site-packages/airflow/example_dags/example_dag_decorator.py took 0.249 seconds
