[2023-05-02T08:13:56.601+0000] {processor.py:153} INFO - Started process (PID=52) to work on /home/airflow/.local/lib/python3.7/site-packages/airflow/example_dags/example_skip_dag.py
[2023-05-02T08:13:56.606+0000] {processor.py:743} INFO - Processing file /home/airflow/.local/lib/python3.7/site-packages/airflow/example_dags/example_skip_dag.py for tasks to queue
[2023-05-02T08:13:56.608+0000] {logging_mixin.py:137} INFO - [2023-05-02T08:13:56.608+0000] {dagbag.py:532} INFO - Filling up the DagBag from /home/airflow/.local/lib/python3.7/site-packages/airflow/example_dags/example_skip_dag.py
[2023-05-02T08:13:56.657+0000] {processor.py:753} INFO - DAG(s) dict_keys(['example_skip_dag']) retrieved from /home/airflow/.local/lib/python3.7/site-packages/airflow/example_dags/example_skip_dag.py
[2023-05-02T08:13:56.710+0000] {logging_mixin.py:137} INFO - [2023-05-02T08:13:56.710+0000] {dag.py:2705} INFO - Sync 1 DAGs
[2023-05-02T08:13:56.753+0000] {logging_mixin.py:137} INFO - [2023-05-02T08:13:56.752+0000] {dag.py:3456} INFO - Setting next_dagrun for example_skip_dag to 2023-05-01T08:13:56.751484+00:00, run_after=2023-05-02T08:13:56.751484+00:00
[2023-05-02T08:13:56.782+0000] {processor.py:175} INFO - Processing /home/airflow/.local/lib/python3.7/site-packages/airflow/example_dags/example_skip_dag.py took 0.183 seconds
[2023-05-02T08:15:56.997+0000] {processor.py:153} INFO - Started process (PID=42) to work on /home/airflow/.local/lib/python3.7/site-packages/airflow/example_dags/example_skip_dag.py
[2023-05-02T08:15:56.998+0000] {processor.py:743} INFO - Processing file /home/airflow/.local/lib/python3.7/site-packages/airflow/example_dags/example_skip_dag.py for tasks to queue
[2023-05-02T08:15:56.998+0000] {logging_mixin.py:137} INFO - [2023-05-02T08:15:56.998+0000] {dagbag.py:532} INFO - Filling up the DagBag from /home/airflow/.local/lib/python3.7/site-packages/airflow/example_dags/example_skip_dag.py
[2023-05-02T08:15:57.019+0000] {processor.py:753} INFO - DAG(s) dict_keys(['example_skip_dag']) retrieved from /home/airflow/.local/lib/python3.7/site-packages/airflow/example_dags/example_skip_dag.py
[2023-05-02T08:15:57.053+0000] {logging_mixin.py:137} INFO - [2023-05-02T08:15:57.053+0000] {dag.py:2705} INFO - Sync 1 DAGs
[2023-05-02T08:15:57.082+0000] {logging_mixin.py:137} INFO - [2023-05-02T08:15:57.082+0000] {dag.py:3456} INFO - Setting next_dagrun for example_skip_dag to 2023-05-01T08:15:57.082433+00:00, run_after=2023-05-02T08:15:57.082433+00:00
[2023-05-02T08:15:57.102+0000] {processor.py:175} INFO - Processing /home/airflow/.local/lib/python3.7/site-packages/airflow/example_dags/example_skip_dag.py took 0.108 seconds
[2023-05-02T08:20:13.565+0000] {processor.py:153} INFO - Started process (PID=42) to work on /home/airflow/.local/lib/python3.7/site-packages/airflow/example_dags/example_skip_dag.py
[2023-05-02T08:20:13.570+0000] {processor.py:743} INFO - Processing file /home/airflow/.local/lib/python3.7/site-packages/airflow/example_dags/example_skip_dag.py for tasks to queue
[2023-05-02T08:20:13.570+0000] {logging_mixin.py:137} INFO - [2023-05-02T08:20:13.570+0000] {dagbag.py:532} INFO - Filling up the DagBag from /home/airflow/.local/lib/python3.7/site-packages/airflow/example_dags/example_skip_dag.py
[2023-05-02T08:20:13.624+0000] {processor.py:753} INFO - DAG(s) dict_keys(['example_skip_dag']) retrieved from /home/airflow/.local/lib/python3.7/site-packages/airflow/example_dags/example_skip_dag.py
[2023-05-02T08:20:13.659+0000] {logging_mixin.py:137} INFO - [2023-05-02T08:20:13.659+0000] {dag.py:2705} INFO - Sync 1 DAGs
[2023-05-02T08:20:13.687+0000] {logging_mixin.py:137} INFO - [2023-05-02T08:20:13.687+0000] {dag.py:3456} INFO - Setting next_dagrun for example_skip_dag to 2023-05-01T08:20:13.687244+00:00, run_after=2023-05-02T08:20:13.687244+00:00
[2023-05-02T08:20:13.724+0000] {processor.py:175} INFO - Processing /home/airflow/.local/lib/python3.7/site-packages/airflow/example_dags/example_skip_dag.py took 0.162 seconds
[2023-05-02T08:21:25.837+0000] {processor.py:153} INFO - Started process (PID=42) to work on /home/airflow/.local/lib/python3.7/site-packages/airflow/example_dags/example_skip_dag.py
[2023-05-02T08:21:25.846+0000] {processor.py:743} INFO - Processing file /home/airflow/.local/lib/python3.7/site-packages/airflow/example_dags/example_skip_dag.py for tasks to queue
[2023-05-02T08:21:25.848+0000] {logging_mixin.py:137} INFO - [2023-05-02T08:21:25.848+0000] {dagbag.py:532} INFO - Filling up the DagBag from /home/airflow/.local/lib/python3.7/site-packages/airflow/example_dags/example_skip_dag.py
[2023-05-02T08:21:25.872+0000] {processor.py:753} INFO - DAG(s) dict_keys(['example_skip_dag']) retrieved from /home/airflow/.local/lib/python3.7/site-packages/airflow/example_dags/example_skip_dag.py
[2023-05-02T08:21:25.956+0000] {logging_mixin.py:137} INFO - [2023-05-02T08:21:25.956+0000] {dag.py:2705} INFO - Sync 1 DAGs
[2023-05-02T08:21:26.020+0000] {logging_mixin.py:137} INFO - [2023-05-02T08:21:26.020+0000] {dag.py:3456} INFO - Setting next_dagrun for example_skip_dag to 2023-05-01T08:21:26.019920+00:00, run_after=2023-05-02T08:21:26.019920+00:00
[2023-05-02T08:21:26.062+0000] {processor.py:175} INFO - Processing /home/airflow/.local/lib/python3.7/site-packages/airflow/example_dags/example_skip_dag.py took 0.239 seconds
[2023-05-02T08:23:11.385+0000] {processor.py:153} INFO - Started process (PID=50) to work on /home/airflow/.local/lib/python3.7/site-packages/airflow/example_dags/example_skip_dag.py
[2023-05-02T08:23:11.387+0000] {processor.py:743} INFO - Processing file /home/airflow/.local/lib/python3.7/site-packages/airflow/example_dags/example_skip_dag.py for tasks to queue
[2023-05-02T08:23:11.401+0000] {logging_mixin.py:137} INFO - [2023-05-02T08:23:11.399+0000] {dagbag.py:532} INFO - Filling up the DagBag from /home/airflow/.local/lib/python3.7/site-packages/airflow/example_dags/example_skip_dag.py
[2023-05-02T08:23:13.921+0000] {processor.py:753} INFO - DAG(s) dict_keys(['example_skip_dag']) retrieved from /home/airflow/.local/lib/python3.7/site-packages/airflow/example_dags/example_skip_dag.py
[2023-05-02T08:23:35.305+0000] {processor.py:153} INFO - Started process (PID=49) to work on /home/airflow/.local/lib/python3.7/site-packages/airflow/example_dags/example_skip_dag.py
[2023-05-02T08:23:35.306+0000] {processor.py:743} INFO - Processing file /home/airflow/.local/lib/python3.7/site-packages/airflow/example_dags/example_skip_dag.py for tasks to queue
[2023-05-02T08:23:35.309+0000] {logging_mixin.py:137} INFO - [2023-05-02T08:23:35.309+0000] {dagbag.py:532} INFO - Filling up the DagBag from /home/airflow/.local/lib/python3.7/site-packages/airflow/example_dags/example_skip_dag.py
[2023-05-02T08:23:35.370+0000] {processor.py:753} INFO - DAG(s) dict_keys(['example_skip_dag']) retrieved from /home/airflow/.local/lib/python3.7/site-packages/airflow/example_dags/example_skip_dag.py
[2023-05-02T08:23:35.437+0000] {logging_mixin.py:137} INFO - [2023-05-02T08:23:35.437+0000] {dag.py:2705} INFO - Sync 1 DAGs
[2023-05-02T08:23:35.496+0000] {logging_mixin.py:137} INFO - [2023-05-02T08:23:35.495+0000] {dag.py:3456} INFO - Setting next_dagrun for example_skip_dag to 2023-05-01T08:23:35.494605+00:00, run_after=2023-05-02T08:23:35.494605+00:00
[2023-05-02T08:23:35.559+0000] {processor.py:175} INFO - Processing /home/airflow/.local/lib/python3.7/site-packages/airflow/example_dags/example_skip_dag.py took 0.257 seconds
[2023-05-02T08:24:21.705+0000] {processor.py:153} INFO - Started process (PID=43) to work on /home/airflow/.local/lib/python3.7/site-packages/airflow/example_dags/example_skip_dag.py
[2023-05-02T08:24:21.710+0000] {processor.py:743} INFO - Processing file /home/airflow/.local/lib/python3.7/site-packages/airflow/example_dags/example_skip_dag.py for tasks to queue
[2023-05-02T08:24:21.711+0000] {logging_mixin.py:137} INFO - [2023-05-02T08:24:21.711+0000] {dagbag.py:532} INFO - Filling up the DagBag from /home/airflow/.local/lib/python3.7/site-packages/airflow/example_dags/example_skip_dag.py
[2023-05-02T08:24:21.743+0000] {processor.py:753} INFO - DAG(s) dict_keys(['example_skip_dag']) retrieved from /home/airflow/.local/lib/python3.7/site-packages/airflow/example_dags/example_skip_dag.py
[2023-05-02T08:24:21.803+0000] {logging_mixin.py:137} INFO - [2023-05-02T08:24:21.803+0000] {dag.py:2705} INFO - Sync 1 DAGs
[2023-05-02T08:24:21.840+0000] {logging_mixin.py:137} INFO - [2023-05-02T08:24:21.840+0000] {dag.py:3456} INFO - Setting next_dagrun for example_skip_dag to 2023-05-01T08:24:21.840090+00:00, run_after=2023-05-02T08:24:21.840090+00:00
[2023-05-02T08:24:21.876+0000] {processor.py:175} INFO - Processing /home/airflow/.local/lib/python3.7/site-packages/airflow/example_dags/example_skip_dag.py took 0.174 seconds
[2023-05-02T08:27:41.537+0000] {processor.py:153} INFO - Started process (PID=42) to work on /home/airflow/.local/lib/python3.7/site-packages/airflow/example_dags/example_skip_dag.py
[2023-05-02T08:27:41.539+0000] {processor.py:743} INFO - Processing file /home/airflow/.local/lib/python3.7/site-packages/airflow/example_dags/example_skip_dag.py for tasks to queue
[2023-05-02T08:27:41.540+0000] {logging_mixin.py:137} INFO - [2023-05-02T08:27:41.540+0000] {dagbag.py:532} INFO - Filling up the DagBag from /home/airflow/.local/lib/python3.7/site-packages/airflow/example_dags/example_skip_dag.py
[2023-05-02T08:27:41.598+0000] {processor.py:753} INFO - DAG(s) dict_keys(['example_skip_dag']) retrieved from /home/airflow/.local/lib/python3.7/site-packages/airflow/example_dags/example_skip_dag.py
[2023-05-02T08:27:41.651+0000] {logging_mixin.py:137} INFO - [2023-05-02T08:27:41.651+0000] {dag.py:2705} INFO - Sync 1 DAGs
[2023-05-02T08:27:41.857+0000] {logging_mixin.py:137} INFO - [2023-05-02T08:27:41.856+0000] {dag.py:3456} INFO - Setting next_dagrun for example_skip_dag to 2023-05-01T08:27:41.852846+00:00, run_after=2023-05-02T08:27:41.852846+00:00
[2023-05-02T08:27:43.597+0000] {processor.py:175} INFO - Processing /home/airflow/.local/lib/python3.7/site-packages/airflow/example_dags/example_skip_dag.py took 2.063 seconds
[2023-05-02T08:28:50.783+0000] {processor.py:153} INFO - Started process (PID=42) to work on /home/airflow/.local/lib/python3.7/site-packages/airflow/example_dags/example_skip_dag.py
[2023-05-02T08:28:50.784+0000] {processor.py:743} INFO - Processing file /home/airflow/.local/lib/python3.7/site-packages/airflow/example_dags/example_skip_dag.py for tasks to queue
[2023-05-02T08:28:50.785+0000] {logging_mixin.py:137} INFO - [2023-05-02T08:28:50.785+0000] {dagbag.py:532} INFO - Filling up the DagBag from /home/airflow/.local/lib/python3.7/site-packages/airflow/example_dags/example_skip_dag.py
[2023-05-02T08:28:50.810+0000] {processor.py:753} INFO - DAG(s) dict_keys(['example_skip_dag']) retrieved from /home/airflow/.local/lib/python3.7/site-packages/airflow/example_dags/example_skip_dag.py
[2023-05-02T08:28:50.824+0000] {logging_mixin.py:137} INFO - [2023-05-02T08:28:50.824+0000] {dag.py:2705} INFO - Sync 1 DAGs
[2023-05-02T08:28:50.840+0000] {logging_mixin.py:137} INFO - [2023-05-02T08:28:50.840+0000] {dag.py:3456} INFO - Setting next_dagrun for example_skip_dag to 2023-05-01T08:28:50.839873+00:00, run_after=2023-05-02T08:28:50.839873+00:00
[2023-05-02T08:28:50.849+0000] {processor.py:175} INFO - Processing /home/airflow/.local/lib/python3.7/site-packages/airflow/example_dags/example_skip_dag.py took 0.068 seconds
[2023-05-02T08:29:43.680+0000] {processor.py:153} INFO - Started process (PID=42) to work on /home/airflow/.local/lib/python3.7/site-packages/airflow/example_dags/example_skip_dag.py
[2023-05-02T08:29:43.681+0000] {processor.py:743} INFO - Processing file /home/airflow/.local/lib/python3.7/site-packages/airflow/example_dags/example_skip_dag.py for tasks to queue
[2023-05-02T08:29:43.683+0000] {logging_mixin.py:137} INFO - [2023-05-02T08:29:43.683+0000] {dagbag.py:532} INFO - Filling up the DagBag from /home/airflow/.local/lib/python3.7/site-packages/airflow/example_dags/example_skip_dag.py
[2023-05-02T08:29:43.738+0000] {processor.py:753} INFO - DAG(s) dict_keys(['example_skip_dag']) retrieved from /home/airflow/.local/lib/python3.7/site-packages/airflow/example_dags/example_skip_dag.py
[2023-05-02T08:29:43.771+0000] {logging_mixin.py:137} INFO - [2023-05-02T08:29:43.771+0000] {dag.py:2705} INFO - Sync 1 DAGs
[2023-05-02T08:29:43.811+0000] {logging_mixin.py:137} INFO - [2023-05-02T08:29:43.810+0000] {dag.py:3456} INFO - Setting next_dagrun for example_skip_dag to 2023-05-01T08:29:43.810801+00:00, run_after=2023-05-02T08:29:43.810801+00:00
[2023-05-02T08:29:43.844+0000] {processor.py:175} INFO - Processing /home/airflow/.local/lib/python3.7/site-packages/airflow/example_dags/example_skip_dag.py took 0.167 seconds
[2023-05-02T08:32:20.443+0000] {processor.py:153} INFO - Started process (PID=43) to work on /home/airflow/.local/lib/python3.7/site-packages/airflow/example_dags/example_skip_dag.py
[2023-05-02T08:32:20.446+0000] {processor.py:743} INFO - Processing file /home/airflow/.local/lib/python3.7/site-packages/airflow/example_dags/example_skip_dag.py for tasks to queue
[2023-05-02T08:32:20.448+0000] {logging_mixin.py:137} INFO - [2023-05-02T08:32:20.447+0000] {dagbag.py:532} INFO - Filling up the DagBag from /home/airflow/.local/lib/python3.7/site-packages/airflow/example_dags/example_skip_dag.py
[2023-05-02T08:32:23.674+0000] {processor.py:753} INFO - DAG(s) dict_keys(['example_skip_dag']) retrieved from /home/airflow/.local/lib/python3.7/site-packages/airflow/example_dags/example_skip_dag.py
[2023-05-02T08:32:23.735+0000] {logging_mixin.py:137} INFO - [2023-05-02T08:32:23.735+0000] {dag.py:2705} INFO - Sync 1 DAGs
[2023-05-02T08:32:23.756+0000] {logging_mixin.py:137} INFO - [2023-05-02T08:32:23.756+0000] {dag.py:3456} INFO - Setting next_dagrun for example_skip_dag to 2023-05-01T08:32:23.756034+00:00, run_after=2023-05-02T08:32:23.756034+00:00
[2023-05-02T08:32:23.774+0000] {processor.py:175} INFO - Processing /home/airflow/.local/lib/python3.7/site-packages/airflow/example_dags/example_skip_dag.py took 3.343 seconds
[2023-05-02T08:47:24.107+0000] {processor.py:153} INFO - Started process (PID=42) to work on /home/airflow/.local/lib/python3.7/site-packages/airflow/example_dags/example_skip_dag.py
[2023-05-02T08:47:24.113+0000] {processor.py:743} INFO - Processing file /home/airflow/.local/lib/python3.7/site-packages/airflow/example_dags/example_skip_dag.py for tasks to queue
[2023-05-02T08:47:24.120+0000] {logging_mixin.py:137} INFO - [2023-05-02T08:47:24.120+0000] {dagbag.py:532} INFO - Filling up the DagBag from /home/airflow/.local/lib/python3.7/site-packages/airflow/example_dags/example_skip_dag.py
[2023-05-02T08:47:24.184+0000] {processor.py:753} INFO - DAG(s) dict_keys(['example_skip_dag']) retrieved from /home/airflow/.local/lib/python3.7/site-packages/airflow/example_dags/example_skip_dag.py
[2023-05-02T08:47:24.253+0000] {logging_mixin.py:137} INFO - [2023-05-02T08:47:24.253+0000] {dag.py:2705} INFO - Sync 1 DAGs
[2023-05-02T08:47:24.312+0000] {logging_mixin.py:137} INFO - [2023-05-02T08:47:24.312+0000] {dag.py:3456} INFO - Setting next_dagrun for example_skip_dag to 2023-05-01T08:47:24.310693+00:00, run_after=2023-05-02T08:47:24.310693+00:00
[2023-05-02T08:47:24.343+0000] {processor.py:175} INFO - Processing /home/airflow/.local/lib/python3.7/site-packages/airflow/example_dags/example_skip_dag.py took 0.246 seconds
[2023-05-02T08:48:13.480+0000] {processor.py:153} INFO - Started process (PID=43) to work on /home/airflow/.local/lib/python3.7/site-packages/airflow/example_dags/example_skip_dag.py
[2023-05-02T08:48:13.481+0000] {processor.py:743} INFO - Processing file /home/airflow/.local/lib/python3.7/site-packages/airflow/example_dags/example_skip_dag.py for tasks to queue
[2023-05-02T08:48:13.481+0000] {logging_mixin.py:137} INFO - [2023-05-02T08:48:13.481+0000] {dagbag.py:532} INFO - Filling up the DagBag from /home/airflow/.local/lib/python3.7/site-packages/airflow/example_dags/example_skip_dag.py
[2023-05-02T08:48:13.535+0000] {processor.py:753} INFO - DAG(s) dict_keys(['example_skip_dag']) retrieved from /home/airflow/.local/lib/python3.7/site-packages/airflow/example_dags/example_skip_dag.py
[2023-05-02T08:48:13.585+0000] {logging_mixin.py:137} INFO - [2023-05-02T08:48:13.585+0000] {dag.py:2705} INFO - Sync 1 DAGs
[2023-05-02T08:48:13.633+0000] {logging_mixin.py:137} INFO - [2023-05-02T08:48:13.633+0000] {dag.py:3456} INFO - Setting next_dagrun for example_skip_dag to 2023-05-01T08:48:13.632424+00:00, run_after=2023-05-02T08:48:13.632424+00:00
[2023-05-02T08:48:13.661+0000] {processor.py:175} INFO - Processing /home/airflow/.local/lib/python3.7/site-packages/airflow/example_dags/example_skip_dag.py took 0.188 seconds
[2023-05-02T08:52:55.580+0000] {processor.py:153} INFO - Started process (PID=50) to work on /home/airflow/.local/lib/python3.7/site-packages/airflow/example_dags/example_skip_dag.py
[2023-05-02T08:52:55.925+0000] {processor.py:743} INFO - Processing file /home/airflow/.local/lib/python3.7/site-packages/airflow/example_dags/example_skip_dag.py for tasks to queue
[2023-05-02T08:52:56.454+0000] {logging_mixin.py:137} INFO - [2023-05-02T08:52:56.299+0000] {dagbag.py:532} INFO - Filling up the DagBag from /home/airflow/.local/lib/python3.7/site-packages/airflow/example_dags/example_skip_dag.py
[2023-05-02T08:54:38.744+0000] {processor.py:153} INFO - Started process (PID=42) to work on /home/airflow/.local/lib/python3.7/site-packages/airflow/example_dags/example_skip_dag.py
[2023-05-02T08:54:38.763+0000] {processor.py:743} INFO - Processing file /home/airflow/.local/lib/python3.7/site-packages/airflow/example_dags/example_skip_dag.py for tasks to queue
[2023-05-02T08:54:38.800+0000] {logging_mixin.py:137} INFO - [2023-05-02T08:54:38.788+0000] {dagbag.py:532} INFO - Filling up the DagBag from /home/airflow/.local/lib/python3.7/site-packages/airflow/example_dags/example_skip_dag.py
[2023-05-02T08:54:39.254+0000] {processor.py:753} INFO - DAG(s) dict_keys(['example_skip_dag']) retrieved from /home/airflow/.local/lib/python3.7/site-packages/airflow/example_dags/example_skip_dag.py
[2023-05-02T08:55:47.253+0000] {processor.py:153} INFO - Started process (PID=43) to work on /home/airflow/.local/lib/python3.7/site-packages/airflow/example_dags/example_skip_dag.py
[2023-05-02T08:55:47.254+0000] {processor.py:743} INFO - Processing file /home/airflow/.local/lib/python3.7/site-packages/airflow/example_dags/example_skip_dag.py for tasks to queue
[2023-05-02T08:55:47.255+0000] {logging_mixin.py:137} INFO - [2023-05-02T08:55:47.255+0000] {dagbag.py:532} INFO - Filling up the DagBag from /home/airflow/.local/lib/python3.7/site-packages/airflow/example_dags/example_skip_dag.py
[2023-05-02T08:55:47.438+0000] {processor.py:753} INFO - DAG(s) dict_keys(['example_skip_dag']) retrieved from /home/airflow/.local/lib/python3.7/site-packages/airflow/example_dags/example_skip_dag.py
[2023-05-02T08:55:47.594+0000] {logging_mixin.py:137} INFO - [2023-05-02T08:55:47.590+0000] {dag.py:2705} INFO - Sync 1 DAGs
[2023-05-02T08:55:47.838+0000] {logging_mixin.py:137} INFO - [2023-05-02T08:55:47.838+0000] {dag.py:3456} INFO - Setting next_dagrun for example_skip_dag to 2023-05-01T08:55:47.837842+00:00, run_after=2023-05-02T08:55:47.837842+00:00
[2023-05-02T08:55:47.909+0000] {processor.py:175} INFO - Processing /home/airflow/.local/lib/python3.7/site-packages/airflow/example_dags/example_skip_dag.py took 0.672 seconds
[2023-05-02T08:57:52.428+0000] {processor.py:153} INFO - Started process (PID=51) to work on /home/airflow/.local/lib/python3.7/site-packages/airflow/example_dags/example_skip_dag.py
[2023-05-02T08:57:52.441+0000] {processor.py:743} INFO - Processing file /home/airflow/.local/lib/python3.7/site-packages/airflow/example_dags/example_skip_dag.py for tasks to queue
[2023-05-02T08:57:52.458+0000] {logging_mixin.py:137} INFO - [2023-05-02T08:57:52.457+0000] {dagbag.py:532} INFO - Filling up the DagBag from /home/airflow/.local/lib/python3.7/site-packages/airflow/example_dags/example_skip_dag.py
[2023-05-02T08:57:52.691+0000] {processor.py:753} INFO - DAG(s) dict_keys(['example_skip_dag']) retrieved from /home/airflow/.local/lib/python3.7/site-packages/airflow/example_dags/example_skip_dag.py
[2023-05-02T09:03:24.243+0000] {processor.py:153} INFO - Started process (PID=42) to work on /home/airflow/.local/lib/python3.7/site-packages/airflow/example_dags/example_skip_dag.py
[2023-05-02T09:03:24.271+0000] {processor.py:743} INFO - Processing file /home/airflow/.local/lib/python3.7/site-packages/airflow/example_dags/example_skip_dag.py for tasks to queue
[2023-05-02T09:03:24.278+0000] {logging_mixin.py:137} INFO - [2023-05-02T09:03:24.277+0000] {dagbag.py:532} INFO - Filling up the DagBag from /home/airflow/.local/lib/python3.7/site-packages/airflow/example_dags/example_skip_dag.py
[2023-05-02T09:03:24.693+0000] {processor.py:753} INFO - DAG(s) dict_keys(['example_skip_dag']) retrieved from /home/airflow/.local/lib/python3.7/site-packages/airflow/example_dags/example_skip_dag.py
[2023-05-02T09:03:24.862+0000] {logging_mixin.py:137} INFO - [2023-05-02T09:03:24.862+0000] {dag.py:2705} INFO - Sync 1 DAGs
[2023-05-02T09:03:24.990+0000] {logging_mixin.py:137} INFO - [2023-05-02T09:03:24.990+0000] {dag.py:3456} INFO - Setting next_dagrun for example_skip_dag to 2023-05-01T09:03:24.990157+00:00, run_after=2023-05-02T09:03:24.990157+00:00
[2023-05-02T09:03:25.060+0000] {processor.py:175} INFO - Processing /home/airflow/.local/lib/python3.7/site-packages/airflow/example_dags/example_skip_dag.py took 1.179 seconds
[2023-05-02T09:06:14.169+0000] {processor.py:153} INFO - Started process (PID=42) to work on /home/airflow/.local/lib/python3.7/site-packages/airflow/example_dags/example_skip_dag.py
[2023-05-02T09:06:14.173+0000] {processor.py:743} INFO - Processing file /home/airflow/.local/lib/python3.7/site-packages/airflow/example_dags/example_skip_dag.py for tasks to queue
[2023-05-02T09:06:14.181+0000] {logging_mixin.py:137} INFO - [2023-05-02T09:06:14.180+0000] {dagbag.py:532} INFO - Filling up the DagBag from /home/airflow/.local/lib/python3.7/site-packages/airflow/example_dags/example_skip_dag.py
[2023-05-02T09:06:14.273+0000] {processor.py:753} INFO - DAG(s) dict_keys(['example_skip_dag']) retrieved from /home/airflow/.local/lib/python3.7/site-packages/airflow/example_dags/example_skip_dag.py
[2023-05-02T09:06:14.362+0000] {logging_mixin.py:137} INFO - [2023-05-02T09:06:14.361+0000] {dag.py:2705} INFO - Sync 1 DAGs
[2023-05-02T09:06:14.421+0000] {logging_mixin.py:137} INFO - [2023-05-02T09:06:14.421+0000] {dag.py:3456} INFO - Setting next_dagrun for example_skip_dag to 2023-05-01T09:06:14.421682+00:00, run_after=2023-05-02T09:06:14.421682+00:00
[2023-05-02T09:06:14.466+0000] {processor.py:175} INFO - Processing /home/airflow/.local/lib/python3.7/site-packages/airflow/example_dags/example_skip_dag.py took 0.299 seconds
[2023-05-02T09:06:41.811+0000] {processor.py:153} INFO - Started process (PID=97) to work on /home/airflow/.local/lib/python3.7/site-packages/airflow/example_dags/example_skip_dag.py
[2023-05-02T09:06:42.266+0000] {processor.py:743} INFO - Processing file /home/airflow/.local/lib/python3.7/site-packages/airflow/example_dags/example_skip_dag.py for tasks to queue
[2023-05-02T09:06:43.197+0000] {logging_mixin.py:137} INFO - [2023-05-02T09:06:42.723+0000] {dagbag.py:532} INFO - Filling up the DagBag from /home/airflow/.local/lib/python3.7/site-packages/airflow/example_dags/example_skip_dag.py
[2023-05-02T09:08:32.195+0000] {processor.py:153} INFO - Started process (PID=46) to work on /home/airflow/.local/lib/python3.7/site-packages/airflow/example_dags/example_skip_dag.py
[2023-05-02T09:08:32.209+0000] {processor.py:743} INFO - Processing file /home/airflow/.local/lib/python3.7/site-packages/airflow/example_dags/example_skip_dag.py for tasks to queue
[2023-05-02T09:08:32.213+0000] {logging_mixin.py:137} INFO - [2023-05-02T09:08:32.212+0000] {dagbag.py:532} INFO - Filling up the DagBag from /home/airflow/.local/lib/python3.7/site-packages/airflow/example_dags/example_skip_dag.py
[2023-05-02T09:08:32.320+0000] {processor.py:753} INFO - DAG(s) dict_keys(['example_skip_dag']) retrieved from /home/airflow/.local/lib/python3.7/site-packages/airflow/example_dags/example_skip_dag.py
[2023-05-02T09:08:32.411+0000] {logging_mixin.py:137} INFO - [2023-05-02T09:08:32.411+0000] {dag.py:2705} INFO - Sync 1 DAGs
[2023-05-02T09:08:32.481+0000] {logging_mixin.py:137} INFO - [2023-05-02T09:08:32.481+0000] {dag.py:3456} INFO - Setting next_dagrun for example_skip_dag to 2023-05-01T09:08:32.481076+00:00, run_after=2023-05-02T09:08:32.481076+00:00
[2023-05-02T09:08:32.555+0000] {processor.py:175} INFO - Processing /home/airflow/.local/lib/python3.7/site-packages/airflow/example_dags/example_skip_dag.py took 0.383 seconds
[2023-05-02T09:10:50.536+0000] {processor.py:153} INFO - Started process (PID=42) to work on /home/airflow/.local/lib/python3.7/site-packages/airflow/example_dags/example_skip_dag.py
[2023-05-02T09:10:50.546+0000] {processor.py:743} INFO - Processing file /home/airflow/.local/lib/python3.7/site-packages/airflow/example_dags/example_skip_dag.py for tasks to queue
[2023-05-02T09:10:50.547+0000] {logging_mixin.py:137} INFO - [2023-05-02T09:10:50.546+0000] {dagbag.py:532} INFO - Filling up the DagBag from /home/airflow/.local/lib/python3.7/site-packages/airflow/example_dags/example_skip_dag.py
[2023-05-02T09:10:50.652+0000] {processor.py:753} INFO - DAG(s) dict_keys(['example_skip_dag']) retrieved from /home/airflow/.local/lib/python3.7/site-packages/airflow/example_dags/example_skip_dag.py
[2023-05-02T09:10:50.749+0000] {logging_mixin.py:137} INFO - [2023-05-02T09:10:50.749+0000] {dag.py:2705} INFO - Sync 1 DAGs
[2023-05-02T09:10:50.792+0000] {logging_mixin.py:137} INFO - [2023-05-02T09:10:50.792+0000] {dag.py:3456} INFO - Setting next_dagrun for example_skip_dag to 2023-05-01T09:10:50.791010+00:00, run_after=2023-05-02T09:10:50.791010+00:00
[2023-05-02T09:10:50.840+0000] {processor.py:175} INFO - Processing /home/airflow/.local/lib/python3.7/site-packages/airflow/example_dags/example_skip_dag.py took 0.309 seconds
[2023-05-02T09:11:58.663+0000] {processor.py:153} INFO - Started process (PID=44) to work on /home/airflow/.local/lib/python3.7/site-packages/airflow/example_dags/example_skip_dag.py
[2023-05-02T09:11:58.664+0000] {processor.py:743} INFO - Processing file /home/airflow/.local/lib/python3.7/site-packages/airflow/example_dags/example_skip_dag.py for tasks to queue
[2023-05-02T09:11:58.665+0000] {logging_mixin.py:137} INFO - [2023-05-02T09:11:58.665+0000] {dagbag.py:532} INFO - Filling up the DagBag from /home/airflow/.local/lib/python3.7/site-packages/airflow/example_dags/example_skip_dag.py
[2023-05-02T09:11:58.714+0000] {processor.py:753} INFO - DAG(s) dict_keys(['example_skip_dag']) retrieved from /home/airflow/.local/lib/python3.7/site-packages/airflow/example_dags/example_skip_dag.py
[2023-05-02T09:11:58.919+0000] {logging_mixin.py:137} INFO - [2023-05-02T09:11:58.917+0000] {dag.py:2705} INFO - Sync 1 DAGs
[2023-05-02T09:12:01.563+0000] {logging_mixin.py:137} INFO - [2023-05-02T09:12:01.562+0000] {dag.py:3456} INFO - Setting next_dagrun for example_skip_dag to 2023-05-01T09:12:01.560578+00:00, run_after=2023-05-02T09:12:01.560578+00:00
[2023-05-02T09:18:09.270+0000] {processor.py:153} INFO - Started process (PID=42) to work on /home/airflow/.local/lib/python3.7/site-packages/airflow/example_dags/example_skip_dag.py
[2023-05-02T09:18:09.270+0000] {processor.py:743} INFO - Processing file /home/airflow/.local/lib/python3.7/site-packages/airflow/example_dags/example_skip_dag.py for tasks to queue
[2023-05-02T09:18:09.271+0000] {logging_mixin.py:137} INFO - [2023-05-02T09:18:09.271+0000] {dagbag.py:532} INFO - Filling up the DagBag from /home/airflow/.local/lib/python3.7/site-packages/airflow/example_dags/example_skip_dag.py
[2023-05-02T09:18:09.292+0000] {processor.py:753} INFO - DAG(s) dict_keys(['example_skip_dag']) retrieved from /home/airflow/.local/lib/python3.7/site-packages/airflow/example_dags/example_skip_dag.py
[2023-05-02T09:18:09.314+0000] {logging_mixin.py:137} INFO - [2023-05-02T09:18:09.314+0000] {dag.py:2705} INFO - Sync 1 DAGs
[2023-05-02T09:18:09.333+0000] {logging_mixin.py:137} INFO - [2023-05-02T09:18:09.333+0000] {dag.py:3456} INFO - Setting next_dagrun for example_skip_dag to 2023-05-01T09:18:09.332841+00:00, run_after=2023-05-02T09:18:09.332841+00:00
[2023-05-02T09:18:09.352+0000] {processor.py:175} INFO - Processing /home/airflow/.local/lib/python3.7/site-packages/airflow/example_dags/example_skip_dag.py took 0.085 seconds
[2023-05-02T09:22:25.692+0000] {processor.py:153} INFO - Started process (PID=41) to work on /home/airflow/.local/lib/python3.7/site-packages/airflow/example_dags/example_skip_dag.py
[2023-05-02T09:22:25.698+0000] {processor.py:743} INFO - Processing file /home/airflow/.local/lib/python3.7/site-packages/airflow/example_dags/example_skip_dag.py for tasks to queue
[2023-05-02T09:22:25.700+0000] {logging_mixin.py:137} INFO - [2023-05-02T09:22:25.699+0000] {dagbag.py:532} INFO - Filling up the DagBag from /home/airflow/.local/lib/python3.7/site-packages/airflow/example_dags/example_skip_dag.py
[2023-05-02T09:22:25.762+0000] {processor.py:753} INFO - DAG(s) dict_keys(['example_skip_dag']) retrieved from /home/airflow/.local/lib/python3.7/site-packages/airflow/example_dags/example_skip_dag.py
[2023-05-02T09:22:25.894+0000] {logging_mixin.py:137} INFO - [2023-05-02T09:22:25.894+0000] {dag.py:2705} INFO - Sync 1 DAGs
[2023-05-02T09:22:26.083+0000] {logging_mixin.py:137} INFO - [2023-05-02T09:22:26.082+0000] {dag.py:3456} INFO - Setting next_dagrun for example_skip_dag to 2023-05-01T09:22:26.061375+00:00, run_after=2023-05-02T09:22:26.061375+00:00
[2023-05-02T09:22:26.162+0000] {processor.py:175} INFO - Processing /home/airflow/.local/lib/python3.7/site-packages/airflow/example_dags/example_skip_dag.py took 0.474 seconds
[2023-05-02T09:24:44.175+0000] {processor.py:153} INFO - Started process (PID=44) to work on /home/airflow/.local/lib/python3.7/site-packages/airflow/example_dags/example_skip_dag.py
[2023-05-02T09:24:44.178+0000] {processor.py:743} INFO - Processing file /home/airflow/.local/lib/python3.7/site-packages/airflow/example_dags/example_skip_dag.py for tasks to queue
[2023-05-02T09:24:44.181+0000] {logging_mixin.py:137} INFO - [2023-05-02T09:24:44.181+0000] {dagbag.py:532} INFO - Filling up the DagBag from /home/airflow/.local/lib/python3.7/site-packages/airflow/example_dags/example_skip_dag.py
[2023-05-02T09:24:44.305+0000] {processor.py:753} INFO - DAG(s) dict_keys(['example_skip_dag']) retrieved from /home/airflow/.local/lib/python3.7/site-packages/airflow/example_dags/example_skip_dag.py
[2023-05-02T09:24:44.484+0000] {logging_mixin.py:137} INFO - [2023-05-02T09:24:44.484+0000] {dag.py:2705} INFO - Sync 1 DAGs
[2023-05-02T09:24:44.628+0000] {logging_mixin.py:137} INFO - [2023-05-02T09:24:44.628+0000] {dag.py:3456} INFO - Setting next_dagrun for example_skip_dag to 2023-05-01T09:24:44.628487+00:00, run_after=2023-05-02T09:24:44.628487+00:00
[2023-05-02T09:24:44.692+0000] {processor.py:175} INFO - Processing /home/airflow/.local/lib/python3.7/site-packages/airflow/example_dags/example_skip_dag.py took 0.529 seconds
[2023-05-02T09:26:22.220+0000] {processor.py:153} INFO - Started process (PID=42) to work on /home/airflow/.local/lib/python3.7/site-packages/airflow/example_dags/example_skip_dag.py
[2023-05-02T09:26:22.221+0000] {processor.py:743} INFO - Processing file /home/airflow/.local/lib/python3.7/site-packages/airflow/example_dags/example_skip_dag.py for tasks to queue
[2023-05-02T09:26:22.222+0000] {logging_mixin.py:137} INFO - [2023-05-02T09:26:22.222+0000] {dagbag.py:532} INFO - Filling up the DagBag from /home/airflow/.local/lib/python3.7/site-packages/airflow/example_dags/example_skip_dag.py
[2023-05-02T09:26:22.255+0000] {processor.py:753} INFO - DAG(s) dict_keys(['example_skip_dag']) retrieved from /home/airflow/.local/lib/python3.7/site-packages/airflow/example_dags/example_skip_dag.py
[2023-05-02T09:26:22.317+0000] {logging_mixin.py:137} INFO - [2023-05-02T09:26:22.316+0000] {dag.py:2705} INFO - Sync 1 DAGs
[2023-05-02T09:26:22.342+0000] {logging_mixin.py:137} INFO - [2023-05-02T09:26:22.342+0000] {dag.py:3456} INFO - Setting next_dagrun for example_skip_dag to 2023-05-01T09:26:22.342205+00:00, run_after=2023-05-02T09:26:22.342205+00:00
[2023-05-02T09:26:22.359+0000] {processor.py:175} INFO - Processing /home/airflow/.local/lib/python3.7/site-packages/airflow/example_dags/example_skip_dag.py took 0.144 seconds
[2023-05-02T09:26:55.580+0000] {processor.py:153} INFO - Started process (PID=41) to work on /home/airflow/.local/lib/python3.7/site-packages/airflow/example_dags/example_skip_dag.py
[2023-05-02T09:26:55.581+0000] {processor.py:743} INFO - Processing file /home/airflow/.local/lib/python3.7/site-packages/airflow/example_dags/example_skip_dag.py for tasks to queue
[2023-05-02T09:26:55.581+0000] {logging_mixin.py:137} INFO - [2023-05-02T09:26:55.581+0000] {dagbag.py:532} INFO - Filling up the DagBag from /home/airflow/.local/lib/python3.7/site-packages/airflow/example_dags/example_skip_dag.py
[2023-05-02T09:26:55.597+0000] {processor.py:753} INFO - DAG(s) dict_keys(['example_skip_dag']) retrieved from /home/airflow/.local/lib/python3.7/site-packages/airflow/example_dags/example_skip_dag.py
[2023-05-02T09:26:55.613+0000] {logging_mixin.py:137} INFO - [2023-05-02T09:26:55.613+0000] {dag.py:2705} INFO - Sync 1 DAGs
[2023-05-02T09:26:55.632+0000] {logging_mixin.py:137} INFO - [2023-05-02T09:26:55.632+0000] {dag.py:3456} INFO - Setting next_dagrun for example_skip_dag to 2023-05-01T09:26:55.632202+00:00, run_after=2023-05-02T09:26:55.632202+00:00
[2023-05-02T09:26:55.671+0000] {processor.py:175} INFO - Processing /home/airflow/.local/lib/python3.7/site-packages/airflow/example_dags/example_skip_dag.py took 0.093 seconds
[2023-05-02T09:27:52.394+0000] {processor.py:153} INFO - Started process (PID=42) to work on /home/airflow/.local/lib/python3.7/site-packages/airflow/example_dags/example_skip_dag.py
[2023-05-02T09:27:52.406+0000] {processor.py:743} INFO - Processing file /home/airflow/.local/lib/python3.7/site-packages/airflow/example_dags/example_skip_dag.py for tasks to queue
[2023-05-02T09:27:52.407+0000] {logging_mixin.py:137} INFO - [2023-05-02T09:27:52.407+0000] {dagbag.py:532} INFO - Filling up the DagBag from /home/airflow/.local/lib/python3.7/site-packages/airflow/example_dags/example_skip_dag.py
[2023-05-02T09:27:52.506+0000] {processor.py:753} INFO - DAG(s) dict_keys(['example_skip_dag']) retrieved from /home/airflow/.local/lib/python3.7/site-packages/airflow/example_dags/example_skip_dag.py
[2023-05-02T09:27:52.592+0000] {logging_mixin.py:137} INFO - [2023-05-02T09:27:52.592+0000] {dag.py:2705} INFO - Sync 1 DAGs
[2023-05-02T09:27:52.664+0000] {logging_mixin.py:137} INFO - [2023-05-02T09:27:52.660+0000] {dag.py:3456} INFO - Setting next_dagrun for example_skip_dag to 2023-05-01T09:27:52.659436+00:00, run_after=2023-05-02T09:27:52.659436+00:00
[2023-05-02T09:27:52.835+0000] {processor.py:175} INFO - Processing /home/airflow/.local/lib/python3.7/site-packages/airflow/example_dags/example_skip_dag.py took 0.450 seconds
[2023-05-02T09:28:43.256+0000] {processor.py:153} INFO - Started process (PID=50) to work on /home/airflow/.local/lib/python3.7/site-packages/airflow/example_dags/example_skip_dag.py
[2023-05-02T09:28:43.258+0000] {processor.py:743} INFO - Processing file /home/airflow/.local/lib/python3.7/site-packages/airflow/example_dags/example_skip_dag.py for tasks to queue
[2023-05-02T09:28:43.259+0000] {logging_mixin.py:137} INFO - [2023-05-02T09:28:43.259+0000] {dagbag.py:532} INFO - Filling up the DagBag from /home/airflow/.local/lib/python3.7/site-packages/airflow/example_dags/example_skip_dag.py
[2023-05-02T09:28:43.303+0000] {processor.py:753} INFO - DAG(s) dict_keys(['example_skip_dag']) retrieved from /home/airflow/.local/lib/python3.7/site-packages/airflow/example_dags/example_skip_dag.py
[2023-05-02T09:28:43.415+0000] {logging_mixin.py:137} INFO - [2023-05-02T09:28:43.415+0000] {dag.py:2705} INFO - Sync 1 DAGs
[2023-05-02T09:28:43.625+0000] {logging_mixin.py:137} INFO - [2023-05-02T09:28:43.623+0000] {dag.py:3456} INFO - Setting next_dagrun for example_skip_dag to 2023-05-01T09:28:43.613878+00:00, run_after=2023-05-02T09:28:43.613878+00:00
[2023-05-02T09:28:43.703+0000] {processor.py:175} INFO - Processing /home/airflow/.local/lib/python3.7/site-packages/airflow/example_dags/example_skip_dag.py took 0.448 seconds
[2023-05-02T09:29:26.763+0000] {processor.py:153} INFO - Started process (PID=43) to work on /home/airflow/.local/lib/python3.7/site-packages/airflow/example_dags/example_skip_dag.py
[2023-05-02T09:29:26.773+0000] {processor.py:743} INFO - Processing file /home/airflow/.local/lib/python3.7/site-packages/airflow/example_dags/example_skip_dag.py for tasks to queue
[2023-05-02T09:29:26.774+0000] {logging_mixin.py:137} INFO - [2023-05-02T09:29:26.774+0000] {dagbag.py:532} INFO - Filling up the DagBag from /home/airflow/.local/lib/python3.7/site-packages/airflow/example_dags/example_skip_dag.py
[2023-05-02T09:29:26.908+0000] {processor.py:753} INFO - DAG(s) dict_keys(['example_skip_dag']) retrieved from /home/airflow/.local/lib/python3.7/site-packages/airflow/example_dags/example_skip_dag.py
[2023-05-02T09:29:27.047+0000] {logging_mixin.py:137} INFO - [2023-05-02T09:29:27.047+0000] {dag.py:2705} INFO - Sync 1 DAGs
[2023-05-02T09:29:27.208+0000] {logging_mixin.py:137} INFO - [2023-05-02T09:29:27.208+0000] {dag.py:3456} INFO - Setting next_dagrun for example_skip_dag to 2023-05-01T09:29:27.208234+00:00, run_after=2023-05-02T09:29:27.208234+00:00
[2023-05-02T09:29:27.303+0000] {processor.py:175} INFO - Processing /home/airflow/.local/lib/python3.7/site-packages/airflow/example_dags/example_skip_dag.py took 0.543 seconds
[2023-05-02T09:30:01.754+0000] {processor.py:153} INFO - Started process (PID=41) to work on /home/airflow/.local/lib/python3.7/site-packages/airflow/example_dags/example_skip_dag.py
[2023-05-02T09:30:01.761+0000] {processor.py:743} INFO - Processing file /home/airflow/.local/lib/python3.7/site-packages/airflow/example_dags/example_skip_dag.py for tasks to queue
[2023-05-02T09:30:01.762+0000] {logging_mixin.py:137} INFO - [2023-05-02T09:30:01.762+0000] {dagbag.py:532} INFO - Filling up the DagBag from /home/airflow/.local/lib/python3.7/site-packages/airflow/example_dags/example_skip_dag.py
[2023-05-02T09:30:01.984+0000] {processor.py:753} INFO - DAG(s) dict_keys(['example_skip_dag']) retrieved from /home/airflow/.local/lib/python3.7/site-packages/airflow/example_dags/example_skip_dag.py
[2023-05-02T09:30:02.102+0000] {logging_mixin.py:137} INFO - [2023-05-02T09:30:02.100+0000] {dag.py:2705} INFO - Sync 1 DAGs
[2023-05-02T09:30:02.255+0000] {logging_mixin.py:137} INFO - [2023-05-02T09:30:02.255+0000] {dag.py:3456} INFO - Setting next_dagrun for example_skip_dag to 2023-05-01T09:30:02.253872+00:00, run_after=2023-05-02T09:30:02.253872+00:00
[2023-05-02T09:30:36.104+0000] {processor.py:153} INFO - Started process (PID=44) to work on /home/airflow/.local/lib/python3.7/site-packages/airflow/example_dags/example_skip_dag.py
[2023-05-02T09:30:36.107+0000] {processor.py:743} INFO - Processing file /home/airflow/.local/lib/python3.7/site-packages/airflow/example_dags/example_skip_dag.py for tasks to queue
[2023-05-02T09:30:36.149+0000] {logging_mixin.py:137} INFO - [2023-05-02T09:30:36.126+0000] {dagbag.py:532} INFO - Filling up the DagBag from /home/airflow/.local/lib/python3.7/site-packages/airflow/example_dags/example_skip_dag.py
[2023-05-02T09:30:37.387+0000] {processor.py:753} INFO - DAG(s) dict_keys(['example_skip_dag']) retrieved from /home/airflow/.local/lib/python3.7/site-packages/airflow/example_dags/example_skip_dag.py
[2023-05-02T09:30:44.931+0000] {logging_mixin.py:137} INFO - [2023-05-02T09:30:44.874+0000] {dag.py:2705} INFO - Sync 1 DAGs
[2023-05-02T09:31:10.785+0000] {processor.py:153} INFO - Started process (PID=42) to work on /home/airflow/.local/lib/python3.7/site-packages/airflow/example_dags/example_skip_dag.py
[2023-05-02T09:31:10.785+0000] {processor.py:743} INFO - Processing file /home/airflow/.local/lib/python3.7/site-packages/airflow/example_dags/example_skip_dag.py for tasks to queue
[2023-05-02T09:31:10.786+0000] {logging_mixin.py:137} INFO - [2023-05-02T09:31:10.786+0000] {dagbag.py:532} INFO - Filling up the DagBag from /home/airflow/.local/lib/python3.7/site-packages/airflow/example_dags/example_skip_dag.py
[2023-05-02T09:31:10.819+0000] {processor.py:753} INFO - DAG(s) dict_keys(['example_skip_dag']) retrieved from /home/airflow/.local/lib/python3.7/site-packages/airflow/example_dags/example_skip_dag.py
[2023-05-02T09:31:10.867+0000] {logging_mixin.py:137} INFO - [2023-05-02T09:31:10.866+0000] {dag.py:2705} INFO - Sync 1 DAGs
[2023-05-02T09:31:10.984+0000] {logging_mixin.py:137} INFO - [2023-05-02T09:31:10.983+0000] {dag.py:3456} INFO - Setting next_dagrun for example_skip_dag to 2023-05-01T09:31:10.982105+00:00, run_after=2023-05-02T09:31:10.982105+00:00
[2023-05-02T09:31:12.413+0000] {processor.py:175} INFO - Processing /home/airflow/.local/lib/python3.7/site-packages/airflow/example_dags/example_skip_dag.py took 1.631 seconds
[2023-05-02T09:33:46.691+0000] {processor.py:153} INFO - Started process (PID=42) to work on /home/airflow/.local/lib/python3.7/site-packages/airflow/example_dags/example_skip_dag.py
[2023-05-02T09:33:46.698+0000] {processor.py:743} INFO - Processing file /home/airflow/.local/lib/python3.7/site-packages/airflow/example_dags/example_skip_dag.py for tasks to queue
[2023-05-02T09:33:46.699+0000] {logging_mixin.py:137} INFO - [2023-05-02T09:33:46.699+0000] {dagbag.py:532} INFO - Filling up the DagBag from /home/airflow/.local/lib/python3.7/site-packages/airflow/example_dags/example_skip_dag.py
[2023-05-02T09:33:46.815+0000] {processor.py:753} INFO - DAG(s) dict_keys(['example_skip_dag']) retrieved from /home/airflow/.local/lib/python3.7/site-packages/airflow/example_dags/example_skip_dag.py
[2023-05-02T09:33:46.913+0000] {logging_mixin.py:137} INFO - [2023-05-02T09:33:46.910+0000] {dag.py:2705} INFO - Sync 1 DAGs
[2023-05-02T09:33:47.026+0000] {logging_mixin.py:137} INFO - [2023-05-02T09:33:47.025+0000] {dag.py:3456} INFO - Setting next_dagrun for example_skip_dag to 2023-05-01T09:33:47.023787+00:00, run_after=2023-05-02T09:33:47.023787+00:00
[2023-05-02T09:33:47.074+0000] {processor.py:175} INFO - Processing /home/airflow/.local/lib/python3.7/site-packages/airflow/example_dags/example_skip_dag.py took 0.392 seconds
[2023-05-02T09:34:41.591+0000] {processor.py:153} INFO - Started process (PID=42) to work on /home/airflow/.local/lib/python3.7/site-packages/airflow/example_dags/example_skip_dag.py
[2023-05-02T09:34:41.593+0000] {processor.py:743} INFO - Processing file /home/airflow/.local/lib/python3.7/site-packages/airflow/example_dags/example_skip_dag.py for tasks to queue
[2023-05-02T09:34:41.599+0000] {logging_mixin.py:137} INFO - [2023-05-02T09:34:41.598+0000] {dagbag.py:532} INFO - Filling up the DagBag from /home/airflow/.local/lib/python3.7/site-packages/airflow/example_dags/example_skip_dag.py
[2023-05-02T09:34:41.680+0000] {processor.py:753} INFO - DAG(s) dict_keys(['example_skip_dag']) retrieved from /home/airflow/.local/lib/python3.7/site-packages/airflow/example_dags/example_skip_dag.py
[2023-05-02T09:34:41.807+0000] {logging_mixin.py:137} INFO - [2023-05-02T09:34:41.805+0000] {dag.py:2705} INFO - Sync 1 DAGs
[2023-05-02T09:34:42.006+0000] {logging_mixin.py:137} INFO - [2023-05-02T09:34:42.001+0000] {dag.py:3456} INFO - Setting next_dagrun for example_skip_dag to 2023-05-01T09:34:42.000442+00:00, run_after=2023-05-02T09:34:42.000442+00:00
[2023-05-02T09:34:48.414+0000] {processor.py:175} INFO - Processing /home/airflow/.local/lib/python3.7/site-packages/airflow/example_dags/example_skip_dag.py took 6.832 seconds
[2023-05-02T09:35:35.824+0000] {processor.py:153} INFO - Started process (PID=44) to work on /home/airflow/.local/lib/python3.7/site-packages/airflow/example_dags/example_skip_dag.py
[2023-05-02T09:35:35.827+0000] {processor.py:743} INFO - Processing file /home/airflow/.local/lib/python3.7/site-packages/airflow/example_dags/example_skip_dag.py for tasks to queue
[2023-05-02T09:35:35.828+0000] {logging_mixin.py:137} INFO - [2023-05-02T09:35:35.828+0000] {dagbag.py:532} INFO - Filling up the DagBag from /home/airflow/.local/lib/python3.7/site-packages/airflow/example_dags/example_skip_dag.py
[2023-05-02T09:35:35.852+0000] {processor.py:753} INFO - DAG(s) dict_keys(['example_skip_dag']) retrieved from /home/airflow/.local/lib/python3.7/site-packages/airflow/example_dags/example_skip_dag.py
[2023-05-02T09:35:35.879+0000] {logging_mixin.py:137} INFO - [2023-05-02T09:35:35.878+0000] {dag.py:2705} INFO - Sync 1 DAGs
[2023-05-02T09:35:35.936+0000] {logging_mixin.py:137} INFO - [2023-05-02T09:35:35.936+0000] {dag.py:3456} INFO - Setting next_dagrun for example_skip_dag to 2023-05-01T09:35:35.936263+00:00, run_after=2023-05-02T09:35:35.936263+00:00
[2023-05-02T09:35:35.961+0000] {processor.py:175} INFO - Processing /home/airflow/.local/lib/python3.7/site-packages/airflow/example_dags/example_skip_dag.py took 0.140 seconds
[2023-05-02T09:38:09.297+0000] {processor.py:153} INFO - Started process (PID=42) to work on /home/airflow/.local/lib/python3.7/site-packages/airflow/example_dags/example_skip_dag.py
[2023-05-02T09:38:09.303+0000] {processor.py:743} INFO - Processing file /home/airflow/.local/lib/python3.7/site-packages/airflow/example_dags/example_skip_dag.py for tasks to queue
[2023-05-02T09:38:09.304+0000] {logging_mixin.py:137} INFO - [2023-05-02T09:38:09.304+0000] {dagbag.py:532} INFO - Filling up the DagBag from /home/airflow/.local/lib/python3.7/site-packages/airflow/example_dags/example_skip_dag.py
[2023-05-02T09:38:09.432+0000] {processor.py:753} INFO - DAG(s) dict_keys(['example_skip_dag']) retrieved from /home/airflow/.local/lib/python3.7/site-packages/airflow/example_dags/example_skip_dag.py
[2023-05-02T09:38:42.419+0000] {processor.py:153} INFO - Started process (PID=41) to work on /home/airflow/.local/lib/python3.7/site-packages/airflow/example_dags/example_skip_dag.py
[2023-05-02T09:38:42.426+0000] {processor.py:743} INFO - Processing file /home/airflow/.local/lib/python3.7/site-packages/airflow/example_dags/example_skip_dag.py for tasks to queue
[2023-05-02T09:38:42.427+0000] {logging_mixin.py:137} INFO - [2023-05-02T09:38:42.427+0000] {dagbag.py:532} INFO - Filling up the DagBag from /home/airflow/.local/lib/python3.7/site-packages/airflow/example_dags/example_skip_dag.py
[2023-05-02T09:38:42.480+0000] {processor.py:753} INFO - DAG(s) dict_keys(['example_skip_dag']) retrieved from /home/airflow/.local/lib/python3.7/site-packages/airflow/example_dags/example_skip_dag.py
[2023-05-02T09:38:42.539+0000] {logging_mixin.py:137} INFO - [2023-05-02T09:38:42.539+0000] {dag.py:2705} INFO - Sync 1 DAGs
[2023-05-02T09:38:42.596+0000] {logging_mixin.py:137} INFO - [2023-05-02T09:38:42.596+0000] {dag.py:3456} INFO - Setting next_dagrun for example_skip_dag to 2023-05-01T09:38:42.596287+00:00, run_after=2023-05-02T09:38:42.596287+00:00
[2023-05-02T09:38:42.618+0000] {processor.py:175} INFO - Processing /home/airflow/.local/lib/python3.7/site-packages/airflow/example_dags/example_skip_dag.py took 0.202 seconds
[2023-05-02T09:45:16.779+0000] {processor.py:153} INFO - Started process (PID=42) to work on /home/airflow/.local/lib/python3.7/site-packages/airflow/example_dags/example_skip_dag.py
[2023-05-02T09:45:16.788+0000] {processor.py:743} INFO - Processing file /home/airflow/.local/lib/python3.7/site-packages/airflow/example_dags/example_skip_dag.py for tasks to queue
[2023-05-02T09:45:16.790+0000] {logging_mixin.py:137} INFO - [2023-05-02T09:45:16.790+0000] {dagbag.py:532} INFO - Filling up the DagBag from /home/airflow/.local/lib/python3.7/site-packages/airflow/example_dags/example_skip_dag.py
[2023-05-02T09:45:16.899+0000] {processor.py:753} INFO - DAG(s) dict_keys(['example_skip_dag']) retrieved from /home/airflow/.local/lib/python3.7/site-packages/airflow/example_dags/example_skip_dag.py
[2023-05-02T09:45:17.053+0000] {logging_mixin.py:137} INFO - [2023-05-02T09:45:17.052+0000] {dag.py:2705} INFO - Sync 1 DAGs
[2023-05-02T09:45:17.140+0000] {logging_mixin.py:137} INFO - [2023-05-02T09:45:17.140+0000] {dag.py:3456} INFO - Setting next_dagrun for example_skip_dag to 2023-05-01T09:45:17.137424+00:00, run_after=2023-05-02T09:45:17.137424+00:00
[2023-05-02T09:45:17.224+0000] {processor.py:175} INFO - Processing /home/airflow/.local/lib/python3.7/site-packages/airflow/example_dags/example_skip_dag.py took 0.467 seconds
[2023-05-02T09:48:42.433+0000] {processor.py:153} INFO - Started process (PID=42) to work on /home/airflow/.local/lib/python3.7/site-packages/airflow/example_dags/example_skip_dag.py
[2023-05-02T09:48:42.434+0000] {processor.py:743} INFO - Processing file /home/airflow/.local/lib/python3.7/site-packages/airflow/example_dags/example_skip_dag.py for tasks to queue
[2023-05-02T09:48:42.435+0000] {logging_mixin.py:137} INFO - [2023-05-02T09:48:42.435+0000] {dagbag.py:532} INFO - Filling up the DagBag from /home/airflow/.local/lib/python3.7/site-packages/airflow/example_dags/example_skip_dag.py
[2023-05-02T09:48:42.477+0000] {processor.py:753} INFO - DAG(s) dict_keys(['example_skip_dag']) retrieved from /home/airflow/.local/lib/python3.7/site-packages/airflow/example_dags/example_skip_dag.py
[2023-05-02T09:48:42.518+0000] {logging_mixin.py:137} INFO - [2023-05-02T09:48:42.517+0000] {dag.py:2705} INFO - Sync 1 DAGs
[2023-05-02T09:48:42.560+0000] {logging_mixin.py:137} INFO - [2023-05-02T09:48:42.560+0000] {dag.py:3456} INFO - Setting next_dagrun for example_skip_dag to 2023-05-01T09:48:42.559867+00:00, run_after=2023-05-02T09:48:42.559867+00:00
[2023-05-02T09:48:42.613+0000] {processor.py:175} INFO - Processing /home/airflow/.local/lib/python3.7/site-packages/airflow/example_dags/example_skip_dag.py took 0.183 seconds
[2023-05-02T10:18:32.320+0000] {processor.py:153} INFO - Started process (PID=42) to work on /home/airflow/.local/lib/python3.7/site-packages/airflow/example_dags/example_skip_dag.py
[2023-05-02T10:18:32.320+0000] {processor.py:743} INFO - Processing file /home/airflow/.local/lib/python3.7/site-packages/airflow/example_dags/example_skip_dag.py for tasks to queue
[2023-05-02T10:18:32.321+0000] {logging_mixin.py:137} INFO - [2023-05-02T10:18:32.321+0000] {dagbag.py:532} INFO - Filling up the DagBag from /home/airflow/.local/lib/python3.7/site-packages/airflow/example_dags/example_skip_dag.py
[2023-05-02T10:18:32.351+0000] {processor.py:753} INFO - DAG(s) dict_keys(['example_skip_dag']) retrieved from /home/airflow/.local/lib/python3.7/site-packages/airflow/example_dags/example_skip_dag.py
[2023-05-02T10:18:32.377+0000] {logging_mixin.py:137} INFO - [2023-05-02T10:18:32.377+0000] {dag.py:2705} INFO - Sync 1 DAGs
[2023-05-02T10:18:32.408+0000] {logging_mixin.py:137} INFO - [2023-05-02T10:18:32.408+0000] {dag.py:3456} INFO - Setting next_dagrun for example_skip_dag to 2023-05-01T10:18:32.408471+00:00, run_after=2023-05-02T10:18:32.408471+00:00
[2023-05-02T10:18:32.432+0000] {processor.py:175} INFO - Processing /home/airflow/.local/lib/python3.7/site-packages/airflow/example_dags/example_skip_dag.py took 0.115 seconds
[2023-05-02T10:19:38.705+0000] {processor.py:153} INFO - Started process (PID=41) to work on /home/airflow/.local/lib/python3.7/site-packages/airflow/example_dags/example_skip_dag.py
[2023-05-02T10:19:38.718+0000] {processor.py:743} INFO - Processing file /home/airflow/.local/lib/python3.7/site-packages/airflow/example_dags/example_skip_dag.py for tasks to queue
[2023-05-02T10:19:38.722+0000] {logging_mixin.py:137} INFO - [2023-05-02T10:19:38.722+0000] {dagbag.py:532} INFO - Filling up the DagBag from /home/airflow/.local/lib/python3.7/site-packages/airflow/example_dags/example_skip_dag.py
[2023-05-02T10:19:38.908+0000] {processor.py:753} INFO - DAG(s) dict_keys(['example_skip_dag']) retrieved from /home/airflow/.local/lib/python3.7/site-packages/airflow/example_dags/example_skip_dag.py
[2023-05-02T10:19:39.087+0000] {logging_mixin.py:137} INFO - [2023-05-02T10:19:39.087+0000] {dag.py:2705} INFO - Sync 1 DAGs
[2023-05-02T10:19:39.223+0000] {logging_mixin.py:137} INFO - [2023-05-02T10:19:39.223+0000] {dag.py:3456} INFO - Setting next_dagrun for example_skip_dag to 2023-05-01T10:19:39.220081+00:00, run_after=2023-05-02T10:19:39.220081+00:00
[2023-05-02T10:19:39.303+0000] {processor.py:175} INFO - Processing /home/airflow/.local/lib/python3.7/site-packages/airflow/example_dags/example_skip_dag.py took 0.613 seconds
[2023-05-02T10:22:22.148+0000] {processor.py:153} INFO - Started process (PID=42) to work on /home/airflow/.local/lib/python3.7/site-packages/airflow/example_dags/example_skip_dag.py
[2023-05-02T10:22:22.150+0000] {processor.py:743} INFO - Processing file /home/airflow/.local/lib/python3.7/site-packages/airflow/example_dags/example_skip_dag.py for tasks to queue
[2023-05-02T10:22:22.155+0000] {logging_mixin.py:137} INFO - [2023-05-02T10:22:22.155+0000] {dagbag.py:532} INFO - Filling up the DagBag from /home/airflow/.local/lib/python3.7/site-packages/airflow/example_dags/example_skip_dag.py
[2023-05-02T10:22:22.292+0000] {processor.py:753} INFO - DAG(s) dict_keys(['example_skip_dag']) retrieved from /home/airflow/.local/lib/python3.7/site-packages/airflow/example_dags/example_skip_dag.py
[2023-05-02T10:22:22.438+0000] {logging_mixin.py:137} INFO - [2023-05-02T10:22:22.437+0000] {dag.py:2705} INFO - Sync 1 DAGs
[2023-05-02T10:22:22.540+0000] {logging_mixin.py:137} INFO - [2023-05-02T10:22:22.540+0000] {dag.py:3456} INFO - Setting next_dagrun for example_skip_dag to 2023-05-01T10:22:22.540035+00:00, run_after=2023-05-02T10:22:22.540035+00:00
[2023-05-02T10:22:22.601+0000] {processor.py:175} INFO - Processing /home/airflow/.local/lib/python3.7/site-packages/airflow/example_dags/example_skip_dag.py took 0.484 seconds
[2023-05-02T10:27:42.571+0000] {processor.py:153} INFO - Started process (PID=43) to work on /home/airflow/.local/lib/python3.7/site-packages/airflow/example_dags/example_skip_dag.py
[2023-05-02T10:27:42.584+0000] {processor.py:743} INFO - Processing file /home/airflow/.local/lib/python3.7/site-packages/airflow/example_dags/example_skip_dag.py for tasks to queue
[2023-05-02T10:27:42.593+0000] {logging_mixin.py:137} INFO - [2023-05-02T10:27:42.592+0000] {dagbag.py:532} INFO - Filling up the DagBag from /home/airflow/.local/lib/python3.7/site-packages/airflow/example_dags/example_skip_dag.py
[2023-05-02T10:27:44.480+0000] {processor.py:753} INFO - DAG(s) dict_keys(['example_skip_dag']) retrieved from /home/airflow/.local/lib/python3.7/site-packages/airflow/example_dags/example_skip_dag.py
[2023-05-02T10:28:47.378+0000] {processor.py:153} INFO - Started process (PID=42) to work on /home/airflow/.local/lib/python3.7/site-packages/airflow/example_dags/example_skip_dag.py
[2023-05-02T10:28:47.378+0000] {processor.py:743} INFO - Processing file /home/airflow/.local/lib/python3.7/site-packages/airflow/example_dags/example_skip_dag.py for tasks to queue
[2023-05-02T10:28:47.379+0000] {logging_mixin.py:137} INFO - [2023-05-02T10:28:47.379+0000] {dagbag.py:532} INFO - Filling up the DagBag from /home/airflow/.local/lib/python3.7/site-packages/airflow/example_dags/example_skip_dag.py
[2023-05-02T10:28:47.489+0000] {processor.py:753} INFO - DAG(s) dict_keys(['example_skip_dag']) retrieved from /home/airflow/.local/lib/python3.7/site-packages/airflow/example_dags/example_skip_dag.py
[2023-05-02T10:28:48.156+0000] {logging_mixin.py:137} INFO - [2023-05-02T10:28:48.136+0000] {dag.py:2705} INFO - Sync 1 DAGs
[2023-05-02T10:28:51.328+0000] {logging_mixin.py:137} INFO - [2023-05-02T10:28:51.316+0000] {dag.py:3456} INFO - Setting next_dagrun for example_skip_dag to 2023-05-01T10:28:51.305632+00:00, run_after=2023-05-02T10:28:51.305632+00:00
[2023-05-02T10:28:52.284+0000] {processor.py:175} INFO - Processing /home/airflow/.local/lib/python3.7/site-packages/airflow/example_dags/example_skip_dag.py took 4.907 seconds
[2023-05-02T10:29:15.306+0000] {processor.py:153} INFO - Started process (PID=42) to work on /home/airflow/.local/lib/python3.7/site-packages/airflow/example_dags/example_skip_dag.py
[2023-05-02T10:29:15.310+0000] {processor.py:743} INFO - Processing file /home/airflow/.local/lib/python3.7/site-packages/airflow/example_dags/example_skip_dag.py for tasks to queue
[2023-05-02T10:29:15.311+0000] {logging_mixin.py:137} INFO - [2023-05-02T10:29:15.311+0000] {dagbag.py:532} INFO - Filling up the DagBag from /home/airflow/.local/lib/python3.7/site-packages/airflow/example_dags/example_skip_dag.py
[2023-05-02T10:29:15.325+0000] {processor.py:753} INFO - DAG(s) dict_keys(['example_skip_dag']) retrieved from /home/airflow/.local/lib/python3.7/site-packages/airflow/example_dags/example_skip_dag.py
[2023-05-02T10:29:15.345+0000] {logging_mixin.py:137} INFO - [2023-05-02T10:29:15.345+0000] {dag.py:2705} INFO - Sync 1 DAGs
[2023-05-02T10:29:15.363+0000] {logging_mixin.py:137} INFO - [2023-05-02T10:29:15.363+0000] {dag.py:3456} INFO - Setting next_dagrun for example_skip_dag to 2023-05-01T10:29:15.363529+00:00, run_after=2023-05-02T10:29:15.363529+00:00
[2023-05-02T10:29:15.415+0000] {processor.py:175} INFO - Processing /home/airflow/.local/lib/python3.7/site-packages/airflow/example_dags/example_skip_dag.py took 0.120 seconds
