[2023-05-02T08:15:58.760+0000] {processor.py:153} INFO - Started process (PID=55) to work on /home/airflow/.local/lib/python3.7/site-packages/airflow/example_dags/example_datasets.py
[2023-05-02T08:15:58.763+0000] {processor.py:743} INFO - Processing file /home/airflow/.local/lib/python3.7/site-packages/airflow/example_dags/example_datasets.py for tasks to queue
[2023-05-02T08:15:58.767+0000] {logging_mixin.py:137} INFO - [2023-05-02T08:15:58.765+0000] {dagbag.py:532} INFO - Filling up the DagBag from /home/airflow/.local/lib/python3.7/site-packages/airflow/example_dags/example_datasets.py
[2023-05-02T08:15:58.897+0000] {processor.py:753} INFO - DAG(s) dict_keys(['dataset_consumes_unknown_never_scheduled', 'dataset_produces_2', 'dataset_consumes_1', 'dataset_consumes_1_and_2', 'dataset_produces_1', 'dataset_consumes_1_never_scheduled']) retrieved from /home/airflow/.local/lib/python3.7/site-packages/airflow/example_dags/example_datasets.py
[2023-05-02T08:15:59.582+0000] {logging_mixin.py:137} INFO - [2023-05-02T08:15:59.570+0000] {dag.py:2705} INFO - Sync 6 DAGs
[2023-05-02T08:15:59.660+0000] {logging_mixin.py:137} INFO - [2023-05-02T08:15:59.658+0000] {dag.py:3456} INFO - Setting next_dagrun for dataset_consumes_1 to None, run_after=None
[2023-05-02T08:15:59.663+0000] {logging_mixin.py:137} INFO - [2023-05-02T08:15:59.663+0000] {dag.py:3456} INFO - Setting next_dagrun for dataset_consumes_1_and_2 to None, run_after=None
[2023-05-02T08:15:59.672+0000] {logging_mixin.py:137} INFO - [2023-05-02T08:15:59.672+0000] {dag.py:3456} INFO - Setting next_dagrun for dataset_consumes_1_never_scheduled to None, run_after=None
[2023-05-02T08:15:59.678+0000] {logging_mixin.py:137} INFO - [2023-05-02T08:15:59.678+0000] {dag.py:3456} INFO - Setting next_dagrun for dataset_consumes_unknown_never_scheduled to None, run_after=None
[2023-05-02T08:15:59.686+0000] {logging_mixin.py:137} INFO - [2023-05-02T08:15:59.684+0000] {dag.py:3456} INFO - Setting next_dagrun for dataset_produces_1 to 2023-05-01T00:00:00+00:00, run_after=2023-05-02T00:00:00+00:00
[2023-05-02T08:15:59.687+0000] {logging_mixin.py:137} INFO - [2023-05-02T08:15:59.687+0000] {dag.py:3456} INFO - Setting next_dagrun for dataset_produces_2 to None, run_after=None
[2023-05-02T08:21:29.591+0000] {processor.py:153} INFO - Started process (PID=55) to work on /home/airflow/.local/lib/python3.7/site-packages/airflow/example_dags/example_datasets.py
[2023-05-02T08:21:29.596+0000] {processor.py:743} INFO - Processing file /home/airflow/.local/lib/python3.7/site-packages/airflow/example_dags/example_datasets.py for tasks to queue
[2023-05-02T08:21:29.611+0000] {logging_mixin.py:137} INFO - [2023-05-02T08:21:29.610+0000] {dagbag.py:532} INFO - Filling up the DagBag from /home/airflow/.local/lib/python3.7/site-packages/airflow/example_dags/example_datasets.py
[2023-05-02T08:21:29.658+0000] {processor.py:753} INFO - DAG(s) dict_keys(['dataset_consumes_1', 'dataset_consumes_1_and_2', 'dataset_produces_1', 'dataset_produces_2', 'dataset_consumes_unknown_never_scheduled', 'dataset_consumes_1_never_scheduled']) retrieved from /home/airflow/.local/lib/python3.7/site-packages/airflow/example_dags/example_datasets.py
[2023-05-02T08:21:38.872+0000] {logging_mixin.py:137} INFO - [2023-05-02T08:21:38.855+0000] {dag.py:2705} INFO - Sync 6 DAGs
[2023-05-02T08:21:40.955+0000] {logging_mixin.py:137} INFO - [2023-05-02T08:21:40.945+0000] {dag.py:3456} INFO - Setting next_dagrun for dataset_consumes_1 to None, run_after=None
[2023-05-02T08:21:40.983+0000] {logging_mixin.py:137} INFO - [2023-05-02T08:21:40.983+0000] {dag.py:3456} INFO - Setting next_dagrun for dataset_consumes_1_and_2 to None, run_after=None
[2023-05-02T08:21:41.014+0000] {logging_mixin.py:137} INFO - [2023-05-02T08:21:41.009+0000] {dag.py:3456} INFO - Setting next_dagrun for dataset_consumes_1_never_scheduled to None, run_after=None
[2023-05-02T08:21:41.019+0000] {logging_mixin.py:137} INFO - [2023-05-02T08:21:41.019+0000] {dag.py:3456} INFO - Setting next_dagrun for dataset_consumes_unknown_never_scheduled to None, run_after=None
[2023-05-02T08:21:41.030+0000] {logging_mixin.py:137} INFO - [2023-05-02T08:21:41.030+0000] {dag.py:3456} INFO - Setting next_dagrun for dataset_produces_1 to 2023-05-01T00:00:00+00:00, run_after=2023-05-02T00:00:00+00:00
[2023-05-02T08:21:41.072+0000] {logging_mixin.py:137} INFO - [2023-05-02T08:21:41.072+0000] {dag.py:3456} INFO - Setting next_dagrun for dataset_produces_2 to None, run_after=None
[2023-05-02T08:21:41.301+0000] {processor.py:175} INFO - Processing /home/airflow/.local/lib/python3.7/site-packages/airflow/example_dags/example_datasets.py took 11.720 seconds
[2023-05-02T08:23:50.363+0000] {processor.py:153} INFO - Started process (PID=68) to work on /home/airflow/.local/lib/python3.7/site-packages/airflow/example_dags/example_datasets.py
[2023-05-02T08:23:50.364+0000] {processor.py:743} INFO - Processing file /home/airflow/.local/lib/python3.7/site-packages/airflow/example_dags/example_datasets.py for tasks to queue
[2023-05-02T08:23:50.367+0000] {logging_mixin.py:137} INFO - [2023-05-02T08:23:50.367+0000] {dagbag.py:532} INFO - Filling up the DagBag from /home/airflow/.local/lib/python3.7/site-packages/airflow/example_dags/example_datasets.py
[2023-05-02T08:23:50.423+0000] {processor.py:753} INFO - DAG(s) dict_keys(['dataset_produces_2', 'dataset_consumes_unknown_never_scheduled', 'dataset_consumes_1', 'dataset_consumes_1_and_2', 'dataset_produces_1', 'dataset_consumes_1_never_scheduled']) retrieved from /home/airflow/.local/lib/python3.7/site-packages/airflow/example_dags/example_datasets.py
[2023-05-02T08:23:50.681+0000] {logging_mixin.py:137} INFO - [2023-05-02T08:23:50.681+0000] {dag.py:2705} INFO - Sync 6 DAGs
[2023-05-02T08:23:50.745+0000] {logging_mixin.py:137} INFO - [2023-05-02T08:23:50.745+0000] {dag.py:3456} INFO - Setting next_dagrun for dataset_consumes_1 to None, run_after=None
[2023-05-02T08:23:50.764+0000] {logging_mixin.py:137} INFO - [2023-05-02T08:23:50.764+0000] {dag.py:3456} INFO - Setting next_dagrun for dataset_consumes_1_and_2 to None, run_after=None
[2023-05-02T08:23:50.769+0000] {logging_mixin.py:137} INFO - [2023-05-02T08:23:50.768+0000] {dag.py:3456} INFO - Setting next_dagrun for dataset_consumes_1_never_scheduled to None, run_after=None
[2023-05-02T08:23:50.776+0000] {logging_mixin.py:137} INFO - [2023-05-02T08:23:50.776+0000] {dag.py:3456} INFO - Setting next_dagrun for dataset_consumes_unknown_never_scheduled to None, run_after=None
[2023-05-02T08:23:50.781+0000] {logging_mixin.py:137} INFO - [2023-05-02T08:23:50.780+0000] {dag.py:3456} INFO - Setting next_dagrun for dataset_produces_1 to 2023-05-01T00:00:00+00:00, run_after=2023-05-02T00:00:00+00:00
[2023-05-02T08:23:50.789+0000] {logging_mixin.py:137} INFO - [2023-05-02T08:23:50.789+0000] {dag.py:3456} INFO - Setting next_dagrun for dataset_produces_2 to None, run_after=None
[2023-05-02T08:23:50.886+0000] {processor.py:175} INFO - Processing /home/airflow/.local/lib/python3.7/site-packages/airflow/example_dags/example_datasets.py took 0.532 seconds
[2023-05-02T08:27:47.156+0000] {processor.py:153} INFO - Started process (PID=64) to work on /home/airflow/.local/lib/python3.7/site-packages/airflow/example_dags/example_datasets.py
[2023-05-02T08:27:47.166+0000] {processor.py:743} INFO - Processing file /home/airflow/.local/lib/python3.7/site-packages/airflow/example_dags/example_datasets.py for tasks to queue
[2023-05-02T08:27:47.167+0000] {logging_mixin.py:137} INFO - [2023-05-02T08:27:47.167+0000] {dagbag.py:532} INFO - Filling up the DagBag from /home/airflow/.local/lib/python3.7/site-packages/airflow/example_dags/example_datasets.py
[2023-05-02T08:27:47.214+0000] {processor.py:753} INFO - DAG(s) dict_keys(['dataset_produces_2', 'dataset_consumes_unknown_never_scheduled', 'dataset_consumes_1', 'dataset_produces_1', 'dataset_consumes_1_and_2', 'dataset_consumes_1_never_scheduled']) retrieved from /home/airflow/.local/lib/python3.7/site-packages/airflow/example_dags/example_datasets.py
[2023-05-02T08:27:47.344+0000] {logging_mixin.py:137} INFO - [2023-05-02T08:27:47.344+0000] {dag.py:2705} INFO - Sync 6 DAGs
[2023-05-02T08:27:47.383+0000] {logging_mixin.py:137} INFO - [2023-05-02T08:27:47.383+0000] {dag.py:3456} INFO - Setting next_dagrun for dataset_consumes_1 to None, run_after=None
[2023-05-02T08:27:47.385+0000] {logging_mixin.py:137} INFO - [2023-05-02T08:27:47.385+0000] {dag.py:3456} INFO - Setting next_dagrun for dataset_consumes_1_and_2 to None, run_after=None
[2023-05-02T08:27:47.386+0000] {logging_mixin.py:137} INFO - [2023-05-02T08:27:47.386+0000] {dag.py:3456} INFO - Setting next_dagrun for dataset_consumes_1_never_scheduled to None, run_after=None
[2023-05-02T08:27:47.390+0000] {logging_mixin.py:137} INFO - [2023-05-02T08:27:47.390+0000] {dag.py:3456} INFO - Setting next_dagrun for dataset_consumes_unknown_never_scheduled to None, run_after=None
[2023-05-02T08:27:47.392+0000] {logging_mixin.py:137} INFO - [2023-05-02T08:27:47.392+0000] {dag.py:3456} INFO - Setting next_dagrun for dataset_produces_1 to 2023-05-01T00:00:00+00:00, run_after=2023-05-02T00:00:00+00:00
[2023-05-02T08:27:47.394+0000] {logging_mixin.py:137} INFO - [2023-05-02T08:27:47.394+0000] {dag.py:3456} INFO - Setting next_dagrun for dataset_produces_2 to None, run_after=None
[2023-05-02T08:27:47.435+0000] {processor.py:175} INFO - Processing /home/airflow/.local/lib/python3.7/site-packages/airflow/example_dags/example_datasets.py took 0.284 seconds
[2023-05-02T08:29:00.407+0000] {processor.py:153} INFO - Started process (PID=55) to work on /home/airflow/.local/lib/python3.7/site-packages/airflow/example_dags/example_datasets.py
[2023-05-02T08:29:00.409+0000] {processor.py:743} INFO - Processing file /home/airflow/.local/lib/python3.7/site-packages/airflow/example_dags/example_datasets.py for tasks to queue
[2023-05-02T08:29:00.410+0000] {logging_mixin.py:137} INFO - [2023-05-02T08:29:00.410+0000] {dagbag.py:532} INFO - Filling up the DagBag from /home/airflow/.local/lib/python3.7/site-packages/airflow/example_dags/example_datasets.py
[2023-05-02T08:29:00.890+0000] {processor.py:753} INFO - DAG(s) dict_keys(['dataset_consumes_1_never_scheduled', 'dataset_consumes_unknown_never_scheduled', 'dataset_consumes_1', 'dataset_consumes_1_and_2', 'dataset_produces_2', 'dataset_produces_1']) retrieved from /home/airflow/.local/lib/python3.7/site-packages/airflow/example_dags/example_datasets.py
[2023-05-02T08:29:01.492+0000] {logging_mixin.py:137} INFO - [2023-05-02T08:29:01.491+0000] {dag.py:2705} INFO - Sync 6 DAGs
[2023-05-02T08:29:01.550+0000] {logging_mixin.py:137} INFO - [2023-05-02T08:29:01.550+0000] {dag.py:3456} INFO - Setting next_dagrun for dataset_consumes_1 to None, run_after=None
[2023-05-02T08:29:01.560+0000] {logging_mixin.py:137} INFO - [2023-05-02T08:29:01.559+0000] {dag.py:3456} INFO - Setting next_dagrun for dataset_consumes_1_and_2 to None, run_after=None
[2023-05-02T08:29:01.562+0000] {logging_mixin.py:137} INFO - [2023-05-02T08:29:01.562+0000] {dag.py:3456} INFO - Setting next_dagrun for dataset_consumes_1_never_scheduled to None, run_after=None
[2023-05-02T08:29:01.566+0000] {logging_mixin.py:137} INFO - [2023-05-02T08:29:01.566+0000] {dag.py:3456} INFO - Setting next_dagrun for dataset_consumes_unknown_never_scheduled to None, run_after=None
[2023-05-02T08:29:01.576+0000] {logging_mixin.py:137} INFO - [2023-05-02T08:29:01.576+0000] {dag.py:3456} INFO - Setting next_dagrun for dataset_produces_1 to 2023-05-01T00:00:00+00:00, run_after=2023-05-02T00:00:00+00:00
[2023-05-02T08:29:01.581+0000] {logging_mixin.py:137} INFO - [2023-05-02T08:29:01.581+0000] {dag.py:3456} INFO - Setting next_dagrun for dataset_produces_2 to None, run_after=None
[2023-05-02T08:29:01.686+0000] {processor.py:175} INFO - Processing /home/airflow/.local/lib/python3.7/site-packages/airflow/example_dags/example_datasets.py took 1.331 seconds
[2023-05-02T08:32:25.016+0000] {processor.py:153} INFO - Started process (PID=56) to work on /home/airflow/.local/lib/python3.7/site-packages/airflow/example_dags/example_datasets.py
[2023-05-02T08:32:25.016+0000] {processor.py:743} INFO - Processing file /home/airflow/.local/lib/python3.7/site-packages/airflow/example_dags/example_datasets.py for tasks to queue
[2023-05-02T08:32:25.020+0000] {logging_mixin.py:137} INFO - [2023-05-02T08:32:25.020+0000] {dagbag.py:532} INFO - Filling up the DagBag from /home/airflow/.local/lib/python3.7/site-packages/airflow/example_dags/example_datasets.py
[2023-05-02T08:32:25.030+0000] {processor.py:753} INFO - DAG(s) dict_keys(['dataset_produces_2', 'dataset_consumes_1_never_scheduled', 'dataset_consumes_1_and_2', 'dataset_consumes_1', 'dataset_consumes_unknown_never_scheduled', 'dataset_produces_1']) retrieved from /home/airflow/.local/lib/python3.7/site-packages/airflow/example_dags/example_datasets.py
[2023-05-02T08:32:25.105+0000] {logging_mixin.py:137} INFO - [2023-05-02T08:32:25.097+0000] {dag.py:2705} INFO - Sync 6 DAGs
[2023-05-02T08:32:25.145+0000] {logging_mixin.py:137} INFO - [2023-05-02T08:32:25.145+0000] {dag.py:3456} INFO - Setting next_dagrun for dataset_consumes_1 to None, run_after=None
[2023-05-02T08:32:25.148+0000] {logging_mixin.py:137} INFO - [2023-05-02T08:32:25.148+0000] {dag.py:3456} INFO - Setting next_dagrun for dataset_consumes_1_and_2 to None, run_after=None
[2023-05-02T08:32:25.150+0000] {logging_mixin.py:137} INFO - [2023-05-02T08:32:25.150+0000] {dag.py:3456} INFO - Setting next_dagrun for dataset_consumes_1_never_scheduled to None, run_after=None
[2023-05-02T08:32:25.152+0000] {logging_mixin.py:137} INFO - [2023-05-02T08:32:25.152+0000] {dag.py:3456} INFO - Setting next_dagrun for dataset_consumes_unknown_never_scheduled to None, run_after=None
[2023-05-02T08:32:25.155+0000] {logging_mixin.py:137} INFO - [2023-05-02T08:32:25.155+0000] {dag.py:3456} INFO - Setting next_dagrun for dataset_produces_1 to 2023-05-01T00:00:00+00:00, run_after=2023-05-02T00:00:00+00:00
[2023-05-02T08:32:25.156+0000] {logging_mixin.py:137} INFO - [2023-05-02T08:32:25.155+0000] {dag.py:3456} INFO - Setting next_dagrun for dataset_produces_2 to None, run_after=None
[2023-05-02T08:32:25.190+0000] {processor.py:175} INFO - Processing /home/airflow/.local/lib/python3.7/site-packages/airflow/example_dags/example_datasets.py took 0.176 seconds
[2023-05-02T08:47:25.828+0000] {processor.py:153} INFO - Started process (PID=55) to work on /home/airflow/.local/lib/python3.7/site-packages/airflow/example_dags/example_datasets.py
[2023-05-02T08:47:25.830+0000] {processor.py:743} INFO - Processing file /home/airflow/.local/lib/python3.7/site-packages/airflow/example_dags/example_datasets.py for tasks to queue
[2023-05-02T08:47:25.830+0000] {logging_mixin.py:137} INFO - [2023-05-02T08:47:25.830+0000] {dagbag.py:532} INFO - Filling up the DagBag from /home/airflow/.local/lib/python3.7/site-packages/airflow/example_dags/example_datasets.py
[2023-05-02T08:47:25.849+0000] {processor.py:753} INFO - DAG(s) dict_keys(['dataset_produces_2', 'dataset_consumes_1_and_2', 'dataset_consumes_unknown_never_scheduled', 'dataset_consumes_1', 'dataset_produces_1', 'dataset_consumes_1_never_scheduled']) retrieved from /home/airflow/.local/lib/python3.7/site-packages/airflow/example_dags/example_datasets.py
[2023-05-02T08:47:25.973+0000] {logging_mixin.py:137} INFO - [2023-05-02T08:47:25.973+0000] {dag.py:2705} INFO - Sync 6 DAGs
[2023-05-02T08:47:26.021+0000] {logging_mixin.py:137} INFO - [2023-05-02T08:47:26.020+0000] {dag.py:3456} INFO - Setting next_dagrun for dataset_consumes_1 to None, run_after=None
[2023-05-02T08:47:26.027+0000] {logging_mixin.py:137} INFO - [2023-05-02T08:47:26.027+0000] {dag.py:3456} INFO - Setting next_dagrun for dataset_consumes_1_and_2 to None, run_after=None
[2023-05-02T08:47:26.027+0000] {logging_mixin.py:137} INFO - [2023-05-02T08:47:26.027+0000] {dag.py:3456} INFO - Setting next_dagrun for dataset_consumes_1_never_scheduled to None, run_after=None
[2023-05-02T08:47:26.028+0000] {logging_mixin.py:137} INFO - [2023-05-02T08:47:26.028+0000] {dag.py:3456} INFO - Setting next_dagrun for dataset_consumes_unknown_never_scheduled to None, run_after=None
[2023-05-02T08:47:26.031+0000] {logging_mixin.py:137} INFO - [2023-05-02T08:47:26.031+0000] {dag.py:3456} INFO - Setting next_dagrun for dataset_produces_1 to 2023-05-01T00:00:00+00:00, run_after=2023-05-02T00:00:00+00:00
[2023-05-02T08:47:26.032+0000] {logging_mixin.py:137} INFO - [2023-05-02T08:47:26.032+0000] {dag.py:3456} INFO - Setting next_dagrun for dataset_produces_2 to None, run_after=None
[2023-05-02T08:47:26.090+0000] {processor.py:175} INFO - Processing /home/airflow/.local/lib/python3.7/site-packages/airflow/example_dags/example_datasets.py took 0.266 seconds
[2023-05-02T08:55:50.787+0000] {processor.py:153} INFO - Started process (PID=63) to work on /home/airflow/.local/lib/python3.7/site-packages/airflow/example_dags/example_datasets.py
[2023-05-02T08:55:50.789+0000] {processor.py:743} INFO - Processing file /home/airflow/.local/lib/python3.7/site-packages/airflow/example_dags/example_datasets.py for tasks to queue
[2023-05-02T08:55:50.792+0000] {logging_mixin.py:137} INFO - [2023-05-02T08:55:50.792+0000] {dagbag.py:532} INFO - Filling up the DagBag from /home/airflow/.local/lib/python3.7/site-packages/airflow/example_dags/example_datasets.py
[2023-05-02T08:55:50.852+0000] {processor.py:753} INFO - DAG(s) dict_keys(['dataset_consumes_1_never_scheduled', 'dataset_consumes_1_and_2', 'dataset_produces_2', 'dataset_consumes_1', 'dataset_consumes_unknown_never_scheduled', 'dataset_produces_1']) retrieved from /home/airflow/.local/lib/python3.7/site-packages/airflow/example_dags/example_datasets.py
[2023-05-02T09:03:40.693+0000] {processor.py:153} INFO - Started process (PID=62) to work on /home/airflow/.local/lib/python3.7/site-packages/airflow/example_dags/example_datasets.py
[2023-05-02T09:03:40.716+0000] {processor.py:743} INFO - Processing file /home/airflow/.local/lib/python3.7/site-packages/airflow/example_dags/example_datasets.py for tasks to queue
[2023-05-02T09:03:40.718+0000] {logging_mixin.py:137} INFO - [2023-05-02T09:03:40.718+0000] {dagbag.py:532} INFO - Filling up the DagBag from /home/airflow/.local/lib/python3.7/site-packages/airflow/example_dags/example_datasets.py
[2023-05-02T09:03:42.952+0000] {processor.py:753} INFO - DAG(s) dict_keys(['dataset_produces_2', 'dataset_consumes_1_never_scheduled', 'dataset_produces_1', 'dataset_consumes_1_and_2', 'dataset_consumes_1', 'dataset_consumes_unknown_never_scheduled']) retrieved from /home/airflow/.local/lib/python3.7/site-packages/airflow/example_dags/example_datasets.py
[2023-05-02T09:06:17.270+0000] {processor.py:153} INFO - Started process (PID=55) to work on /home/airflow/.local/lib/python3.7/site-packages/airflow/example_dags/example_datasets.py
[2023-05-02T09:06:17.270+0000] {processor.py:743} INFO - Processing file /home/airflow/.local/lib/python3.7/site-packages/airflow/example_dags/example_datasets.py for tasks to queue
[2023-05-02T09:06:17.274+0000] {logging_mixin.py:137} INFO - [2023-05-02T09:06:17.274+0000] {dagbag.py:532} INFO - Filling up the DagBag from /home/airflow/.local/lib/python3.7/site-packages/airflow/example_dags/example_datasets.py
[2023-05-02T09:06:17.304+0000] {processor.py:753} INFO - DAG(s) dict_keys(['dataset_produces_1', 'dataset_consumes_unknown_never_scheduled', 'dataset_consumes_1', 'dataset_consumes_1_never_scheduled', 'dataset_consumes_1_and_2', 'dataset_produces_2']) retrieved from /home/airflow/.local/lib/python3.7/site-packages/airflow/example_dags/example_datasets.py
[2023-05-02T09:06:18.598+0000] {logging_mixin.py:137} INFO - [2023-05-02T09:06:18.597+0000] {dag.py:2705} INFO - Sync 6 DAGs
[2023-05-02T09:06:18.759+0000] {logging_mixin.py:137} INFO - [2023-05-02T09:06:18.759+0000] {dag.py:3456} INFO - Setting next_dagrun for dataset_consumes_1 to None, run_after=None
[2023-05-02T09:06:18.766+0000] {logging_mixin.py:137} INFO - [2023-05-02T09:06:18.766+0000] {dag.py:3456} INFO - Setting next_dagrun for dataset_consumes_1_and_2 to None, run_after=None
[2023-05-02T09:06:18.771+0000] {logging_mixin.py:137} INFO - [2023-05-02T09:06:18.771+0000] {dag.py:3456} INFO - Setting next_dagrun for dataset_consumes_1_never_scheduled to None, run_after=None
[2023-05-02T09:06:18.775+0000] {logging_mixin.py:137} INFO - [2023-05-02T09:06:18.775+0000] {dag.py:3456} INFO - Setting next_dagrun for dataset_consumes_unknown_never_scheduled to None, run_after=None
[2023-05-02T09:06:18.778+0000] {logging_mixin.py:137} INFO - [2023-05-02T09:06:18.778+0000] {dag.py:3456} INFO - Setting next_dagrun for dataset_produces_1 to 2023-05-01T00:00:00+00:00, run_after=2023-05-02T00:00:00+00:00
[2023-05-02T09:06:18.787+0000] {logging_mixin.py:137} INFO - [2023-05-02T09:06:18.786+0000] {dag.py:3456} INFO - Setting next_dagrun for dataset_produces_2 to None, run_after=None
[2023-05-02T09:06:18.842+0000] {processor.py:175} INFO - Processing /home/airflow/.local/lib/python3.7/site-packages/airflow/example_dags/example_datasets.py took 1.576 seconds
[2023-05-02T09:08:35.378+0000] {processor.py:153} INFO - Started process (PID=59) to work on /home/airflow/.local/lib/python3.7/site-packages/airflow/example_dags/example_datasets.py
[2023-05-02T09:08:35.381+0000] {processor.py:743} INFO - Processing file /home/airflow/.local/lib/python3.7/site-packages/airflow/example_dags/example_datasets.py for tasks to queue
[2023-05-02T09:08:35.383+0000] {logging_mixin.py:137} INFO - [2023-05-02T09:08:35.383+0000] {dagbag.py:532} INFO - Filling up the DagBag from /home/airflow/.local/lib/python3.7/site-packages/airflow/example_dags/example_datasets.py
[2023-05-02T09:08:35.408+0000] {processor.py:753} INFO - DAG(s) dict_keys(['dataset_consumes_1_and_2', 'dataset_produces_1', 'dataset_consumes_unknown_never_scheduled', 'dataset_consumes_1', 'dataset_produces_2', 'dataset_consumes_1_never_scheduled']) retrieved from /home/airflow/.local/lib/python3.7/site-packages/airflow/example_dags/example_datasets.py
[2023-05-02T09:08:35.652+0000] {logging_mixin.py:137} INFO - [2023-05-02T09:08:35.652+0000] {dag.py:2705} INFO - Sync 6 DAGs
[2023-05-02T09:08:35.700+0000] {logging_mixin.py:137} INFO - [2023-05-02T09:08:35.700+0000] {dag.py:3456} INFO - Setting next_dagrun for dataset_consumes_1 to None, run_after=None
[2023-05-02T09:08:35.704+0000] {logging_mixin.py:137} INFO - [2023-05-02T09:08:35.704+0000] {dag.py:3456} INFO - Setting next_dagrun for dataset_consumes_1_and_2 to None, run_after=None
[2023-05-02T09:08:35.706+0000] {logging_mixin.py:137} INFO - [2023-05-02T09:08:35.705+0000] {dag.py:3456} INFO - Setting next_dagrun for dataset_consumes_1_never_scheduled to None, run_after=None
[2023-05-02T09:08:35.709+0000] {logging_mixin.py:137} INFO - [2023-05-02T09:08:35.709+0000] {dag.py:3456} INFO - Setting next_dagrun for dataset_consumes_unknown_never_scheduled to None, run_after=None
[2023-05-02T09:08:35.719+0000] {logging_mixin.py:137} INFO - [2023-05-02T09:08:35.719+0000] {dag.py:3456} INFO - Setting next_dagrun for dataset_produces_1 to 2023-05-01T00:00:00+00:00, run_after=2023-05-02T00:00:00+00:00
[2023-05-02T09:08:35.721+0000] {logging_mixin.py:137} INFO - [2023-05-02T09:08:35.721+0000] {dag.py:3456} INFO - Setting next_dagrun for dataset_produces_2 to None, run_after=None
[2023-05-02T09:08:35.766+0000] {processor.py:175} INFO - Processing /home/airflow/.local/lib/python3.7/site-packages/airflow/example_dags/example_datasets.py took 0.396 seconds
[2023-05-02T09:18:10.959+0000] {processor.py:153} INFO - Started process (PID=55) to work on /home/airflow/.local/lib/python3.7/site-packages/airflow/example_dags/example_datasets.py
[2023-05-02T09:18:10.967+0000] {processor.py:743} INFO - Processing file /home/airflow/.local/lib/python3.7/site-packages/airflow/example_dags/example_datasets.py for tasks to queue
[2023-05-02T09:18:10.972+0000] {logging_mixin.py:137} INFO - [2023-05-02T09:18:10.971+0000] {dagbag.py:532} INFO - Filling up the DagBag from /home/airflow/.local/lib/python3.7/site-packages/airflow/example_dags/example_datasets.py
[2023-05-02T09:18:11.031+0000] {processor.py:753} INFO - DAG(s) dict_keys(['dataset_produces_1', 'dataset_consumes_unknown_never_scheduled', 'dataset_produces_2', 'dataset_consumes_1_never_scheduled', 'dataset_consumes_1', 'dataset_consumes_1_and_2']) retrieved from /home/airflow/.local/lib/python3.7/site-packages/airflow/example_dags/example_datasets.py
[2023-05-02T09:18:11.895+0000] {logging_mixin.py:137} INFO - [2023-05-02T09:18:11.891+0000] {dag.py:2705} INFO - Sync 6 DAGs
[2023-05-02T09:18:12.125+0000] {logging_mixin.py:137} INFO - [2023-05-02T09:18:12.124+0000] {dag.py:3456} INFO - Setting next_dagrun for dataset_consumes_1 to None, run_after=None
[2023-05-02T09:18:12.144+0000] {logging_mixin.py:137} INFO - [2023-05-02T09:18:12.144+0000] {dag.py:3456} INFO - Setting next_dagrun for dataset_consumes_1_and_2 to None, run_after=None
[2023-05-02T09:18:12.165+0000] {logging_mixin.py:137} INFO - [2023-05-02T09:18:12.165+0000] {dag.py:3456} INFO - Setting next_dagrun for dataset_consumes_1_never_scheduled to None, run_after=None
[2023-05-02T09:18:12.178+0000] {logging_mixin.py:137} INFO - [2023-05-02T09:18:12.177+0000] {dag.py:3456} INFO - Setting next_dagrun for dataset_consumes_unknown_never_scheduled to None, run_after=None
[2023-05-02T09:18:12.187+0000] {logging_mixin.py:137} INFO - [2023-05-02T09:18:12.187+0000] {dag.py:3456} INFO - Setting next_dagrun for dataset_produces_1 to 2023-05-01T00:00:00+00:00, run_after=2023-05-02T00:00:00+00:00
[2023-05-02T09:18:12.195+0000] {logging_mixin.py:137} INFO - [2023-05-02T09:18:12.195+0000] {dag.py:3456} INFO - Setting next_dagrun for dataset_produces_2 to None, run_after=None
[2023-05-02T09:18:12.345+0000] {processor.py:175} INFO - Processing /home/airflow/.local/lib/python3.7/site-packages/airflow/example_dags/example_datasets.py took 1.388 seconds
[2023-05-02T09:22:28.307+0000] {processor.py:153} INFO - Started process (PID=54) to work on /home/airflow/.local/lib/python3.7/site-packages/airflow/example_dags/example_datasets.py
[2023-05-02T09:22:28.308+0000] {processor.py:743} INFO - Processing file /home/airflow/.local/lib/python3.7/site-packages/airflow/example_dags/example_datasets.py for tasks to queue
[2023-05-02T09:22:28.309+0000] {logging_mixin.py:137} INFO - [2023-05-02T09:22:28.309+0000] {dagbag.py:532} INFO - Filling up the DagBag from /home/airflow/.local/lib/python3.7/site-packages/airflow/example_dags/example_datasets.py
[2023-05-02T09:22:28.358+0000] {processor.py:753} INFO - DAG(s) dict_keys(['dataset_consumes_unknown_never_scheduled', 'dataset_produces_2', 'dataset_consumes_1_never_scheduled', 'dataset_produces_1', 'dataset_consumes_1_and_2', 'dataset_consumes_1']) retrieved from /home/airflow/.local/lib/python3.7/site-packages/airflow/example_dags/example_datasets.py
[2023-05-02T09:22:28.509+0000] {logging_mixin.py:137} INFO - [2023-05-02T09:22:28.509+0000] {dag.py:2705} INFO - Sync 6 DAGs
[2023-05-02T09:22:28.553+0000] {logging_mixin.py:137} INFO - [2023-05-02T09:22:28.553+0000] {dag.py:3456} INFO - Setting next_dagrun for dataset_consumes_1 to None, run_after=None
[2023-05-02T09:22:28.559+0000] {logging_mixin.py:137} INFO - [2023-05-02T09:22:28.559+0000] {dag.py:3456} INFO - Setting next_dagrun for dataset_consumes_1_and_2 to None, run_after=None
[2023-05-02T09:22:28.563+0000] {logging_mixin.py:137} INFO - [2023-05-02T09:22:28.563+0000] {dag.py:3456} INFO - Setting next_dagrun for dataset_consumes_1_never_scheduled to None, run_after=None
[2023-05-02T09:22:28.564+0000] {logging_mixin.py:137} INFO - [2023-05-02T09:22:28.564+0000] {dag.py:3456} INFO - Setting next_dagrun for dataset_consumes_unknown_never_scheduled to None, run_after=None
[2023-05-02T09:22:28.567+0000] {logging_mixin.py:137} INFO - [2023-05-02T09:22:28.567+0000] {dag.py:3456} INFO - Setting next_dagrun for dataset_produces_1 to 2023-05-01T00:00:00+00:00, run_after=2023-05-02T00:00:00+00:00
[2023-05-02T09:22:28.570+0000] {logging_mixin.py:137} INFO - [2023-05-02T09:22:28.570+0000] {dag.py:3456} INFO - Setting next_dagrun for dataset_produces_2 to None, run_after=None
[2023-05-02T09:22:28.632+0000] {processor.py:175} INFO - Processing /home/airflow/.local/lib/python3.7/site-packages/airflow/example_dags/example_datasets.py took 0.333 seconds
[2023-05-02T09:24:46.761+0000] {processor.py:153} INFO - Started process (PID=57) to work on /home/airflow/.local/lib/python3.7/site-packages/airflow/example_dags/example_datasets.py
[2023-05-02T09:24:46.780+0000] {processor.py:743} INFO - Processing file /home/airflow/.local/lib/python3.7/site-packages/airflow/example_dags/example_datasets.py for tasks to queue
[2023-05-02T09:24:46.782+0000] {logging_mixin.py:137} INFO - [2023-05-02T09:24:46.781+0000] {dagbag.py:532} INFO - Filling up the DagBag from /home/airflow/.local/lib/python3.7/site-packages/airflow/example_dags/example_datasets.py
[2023-05-02T09:24:46.903+0000] {processor.py:753} INFO - DAG(s) dict_keys(['dataset_produces_1', 'dataset_consumes_1_and_2', 'dataset_produces_2', 'dataset_consumes_1', 'dataset_consumes_1_never_scheduled', 'dataset_consumes_unknown_never_scheduled']) retrieved from /home/airflow/.local/lib/python3.7/site-packages/airflow/example_dags/example_datasets.py
[2023-05-02T09:26:23.580+0000] {processor.py:153} INFO - Started process (PID=55) to work on /home/airflow/.local/lib/python3.7/site-packages/airflow/example_dags/example_datasets.py
[2023-05-02T09:26:23.581+0000] {processor.py:743} INFO - Processing file /home/airflow/.local/lib/python3.7/site-packages/airflow/example_dags/example_datasets.py for tasks to queue
[2023-05-02T09:26:23.582+0000] {logging_mixin.py:137} INFO - [2023-05-02T09:26:23.582+0000] {dagbag.py:532} INFO - Filling up the DagBag from /home/airflow/.local/lib/python3.7/site-packages/airflow/example_dags/example_datasets.py
[2023-05-02T09:26:23.613+0000] {processor.py:753} INFO - DAG(s) dict_keys(['dataset_produces_2', 'dataset_produces_1', 'dataset_consumes_1', 'dataset_consumes_1_and_2', 'dataset_consumes_unknown_never_scheduled', 'dataset_consumes_1_never_scheduled']) retrieved from /home/airflow/.local/lib/python3.7/site-packages/airflow/example_dags/example_datasets.py
[2023-05-02T09:26:23.904+0000] {logging_mixin.py:137} INFO - [2023-05-02T09:26:23.903+0000] {dag.py:2705} INFO - Sync 6 DAGs
[2023-05-02T09:26:24.020+0000] {logging_mixin.py:137} INFO - [2023-05-02T09:26:24.020+0000] {dag.py:3456} INFO - Setting next_dagrun for dataset_consumes_1 to None, run_after=None
[2023-05-02T09:26:24.040+0000] {logging_mixin.py:137} INFO - [2023-05-02T09:26:24.039+0000] {dag.py:3456} INFO - Setting next_dagrun for dataset_consumes_1_and_2 to None, run_after=None
[2023-05-02T09:26:24.063+0000] {logging_mixin.py:137} INFO - [2023-05-02T09:26:24.062+0000] {dag.py:3456} INFO - Setting next_dagrun for dataset_consumes_1_never_scheduled to None, run_after=None
[2023-05-02T09:26:24.079+0000] {logging_mixin.py:137} INFO - [2023-05-02T09:26:24.078+0000] {dag.py:3456} INFO - Setting next_dagrun for dataset_consumes_unknown_never_scheduled to None, run_after=None
[2023-05-02T09:26:24.102+0000] {logging_mixin.py:137} INFO - [2023-05-02T09:26:24.100+0000] {dag.py:3456} INFO - Setting next_dagrun for dataset_produces_1 to 2023-05-01T00:00:00+00:00, run_after=2023-05-02T00:00:00+00:00
[2023-05-02T09:26:24.130+0000] {logging_mixin.py:137} INFO - [2023-05-02T09:26:24.129+0000] {dag.py:3456} INFO - Setting next_dagrun for dataset_produces_2 to None, run_after=None
[2023-05-02T09:38:44.517+0000] {processor.py:153} INFO - Started process (PID=54) to work on /home/airflow/.local/lib/python3.7/site-packages/airflow/example_dags/example_datasets.py
[2023-05-02T09:38:44.520+0000] {processor.py:743} INFO - Processing file /home/airflow/.local/lib/python3.7/site-packages/airflow/example_dags/example_datasets.py for tasks to queue
[2023-05-02T09:38:44.526+0000] {logging_mixin.py:137} INFO - [2023-05-02T09:38:44.526+0000] {dagbag.py:532} INFO - Filling up the DagBag from /home/airflow/.local/lib/python3.7/site-packages/airflow/example_dags/example_datasets.py
[2023-05-02T09:38:44.591+0000] {processor.py:753} INFO - DAG(s) dict_keys(['dataset_produces_2', 'dataset_produces_1', 'dataset_consumes_unknown_never_scheduled', 'dataset_consumes_1_never_scheduled', 'dataset_consumes_1', 'dataset_consumes_1_and_2']) retrieved from /home/airflow/.local/lib/python3.7/site-packages/airflow/example_dags/example_datasets.py
[2023-05-02T09:38:44.713+0000] {logging_mixin.py:137} INFO - [2023-05-02T09:38:44.713+0000] {dag.py:2705} INFO - Sync 6 DAGs
[2023-05-02T09:38:44.756+0000] {logging_mixin.py:137} INFO - [2023-05-02T09:38:44.756+0000] {dag.py:3456} INFO - Setting next_dagrun for dataset_consumes_1 to None, run_after=None
[2023-05-02T09:38:44.762+0000] {logging_mixin.py:137} INFO - [2023-05-02T09:38:44.761+0000] {dag.py:3456} INFO - Setting next_dagrun for dataset_consumes_1_and_2 to None, run_after=None
[2023-05-02T09:38:44.763+0000] {logging_mixin.py:137} INFO - [2023-05-02T09:38:44.763+0000] {dag.py:3456} INFO - Setting next_dagrun for dataset_consumes_1_never_scheduled to None, run_after=None
[2023-05-02T09:38:44.764+0000] {logging_mixin.py:137} INFO - [2023-05-02T09:38:44.764+0000] {dag.py:3456} INFO - Setting next_dagrun for dataset_consumes_unknown_never_scheduled to None, run_after=None
[2023-05-02T09:38:44.767+0000] {logging_mixin.py:137} INFO - [2023-05-02T09:38:44.767+0000] {dag.py:3456} INFO - Setting next_dagrun for dataset_produces_1 to 2023-05-01T00:00:00+00:00, run_after=2023-05-02T00:00:00+00:00
[2023-05-02T09:38:44.775+0000] {logging_mixin.py:137} INFO - [2023-05-02T09:38:44.775+0000] {dag.py:3456} INFO - Setting next_dagrun for dataset_produces_2 to None, run_after=None
[2023-05-02T09:38:44.826+0000] {processor.py:175} INFO - Processing /home/airflow/.local/lib/python3.7/site-packages/airflow/example_dags/example_datasets.py took 0.313 seconds
[2023-05-02T09:48:46.165+0000] {processor.py:153} INFO - Started process (PID=55) to work on /home/airflow/.local/lib/python3.7/site-packages/airflow/example_dags/example_datasets.py
[2023-05-02T09:48:46.166+0000] {processor.py:743} INFO - Processing file /home/airflow/.local/lib/python3.7/site-packages/airflow/example_dags/example_datasets.py for tasks to queue
[2023-05-02T09:48:46.167+0000] {logging_mixin.py:137} INFO - [2023-05-02T09:48:46.167+0000] {dagbag.py:532} INFO - Filling up the DagBag from /home/airflow/.local/lib/python3.7/site-packages/airflow/example_dags/example_datasets.py
[2023-05-02T09:48:46.420+0000] {processor.py:753} INFO - DAG(s) dict_keys(['dataset_consumes_1', 'dataset_consumes_unknown_never_scheduled', 'dataset_consumes_1_never_scheduled', 'dataset_consumes_1_and_2', 'dataset_produces_1', 'dataset_produces_2']) retrieved from /home/airflow/.local/lib/python3.7/site-packages/airflow/example_dags/example_datasets.py
[2023-05-02T10:19:47.573+0000] {processor.py:153} INFO - Started process (PID=54) to work on /home/airflow/.local/lib/python3.7/site-packages/airflow/example_dags/example_datasets.py
[2023-05-02T10:19:47.579+0000] {processor.py:743} INFO - Processing file /home/airflow/.local/lib/python3.7/site-packages/airflow/example_dags/example_datasets.py for tasks to queue
[2023-05-02T10:19:47.580+0000] {logging_mixin.py:137} INFO - [2023-05-02T10:19:47.580+0000] {dagbag.py:532} INFO - Filling up the DagBag from /home/airflow/.local/lib/python3.7/site-packages/airflow/example_dags/example_datasets.py
[2023-05-02T10:19:47.624+0000] {processor.py:753} INFO - DAG(s) dict_keys(['dataset_produces_1', 'dataset_consumes_1', 'dataset_consumes_1_never_scheduled', 'dataset_produces_2', 'dataset_consumes_unknown_never_scheduled', 'dataset_consumes_1_and_2']) retrieved from /home/airflow/.local/lib/python3.7/site-packages/airflow/example_dags/example_datasets.py
[2023-05-02T10:19:48.001+0000] {logging_mixin.py:137} INFO - [2023-05-02T10:19:48.001+0000] {dag.py:2705} INFO - Sync 6 DAGs
[2023-05-02T10:19:48.075+0000] {logging_mixin.py:137} INFO - [2023-05-02T10:19:48.074+0000] {dag.py:3456} INFO - Setting next_dagrun for dataset_consumes_1 to None, run_after=None
[2023-05-02T10:19:48.090+0000] {logging_mixin.py:137} INFO - [2023-05-02T10:19:48.088+0000] {dag.py:3456} INFO - Setting next_dagrun for dataset_consumes_1_and_2 to None, run_after=None
[2023-05-02T10:19:48.122+0000] {logging_mixin.py:137} INFO - [2023-05-02T10:19:48.122+0000] {dag.py:3456} INFO - Setting next_dagrun for dataset_consumes_1_never_scheduled to None, run_after=None
[2023-05-02T10:19:48.124+0000] {logging_mixin.py:137} INFO - [2023-05-02T10:19:48.124+0000] {dag.py:3456} INFO - Setting next_dagrun for dataset_consumes_unknown_never_scheduled to None, run_after=None
[2023-05-02T10:19:48.128+0000] {logging_mixin.py:137} INFO - [2023-05-02T10:19:48.127+0000] {dag.py:3456} INFO - Setting next_dagrun for dataset_produces_1 to 2023-05-01T00:00:00+00:00, run_after=2023-05-02T00:00:00+00:00
[2023-05-02T10:19:48.129+0000] {logging_mixin.py:137} INFO - [2023-05-02T10:19:48.129+0000] {dag.py:3456} INFO - Setting next_dagrun for dataset_produces_2 to None, run_after=None
[2023-05-02T10:19:48.374+0000] {processor.py:175} INFO - Processing /home/airflow/.local/lib/python3.7/site-packages/airflow/example_dags/example_datasets.py took 0.813 seconds
[2023-05-02T10:22:24.976+0000] {processor.py:153} INFO - Started process (PID=55) to work on /home/airflow/.local/lib/python3.7/site-packages/airflow/example_dags/example_datasets.py
[2023-05-02T10:22:24.978+0000] {processor.py:743} INFO - Processing file /home/airflow/.local/lib/python3.7/site-packages/airflow/example_dags/example_datasets.py for tasks to queue
[2023-05-02T10:22:24.987+0000] {logging_mixin.py:137} INFO - [2023-05-02T10:22:24.987+0000] {dagbag.py:532} INFO - Filling up the DagBag from /home/airflow/.local/lib/python3.7/site-packages/airflow/example_dags/example_datasets.py
[2023-05-02T10:22:25.018+0000] {processor.py:753} INFO - DAG(s) dict_keys(['dataset_consumes_1_and_2', 'dataset_consumes_unknown_never_scheduled', 'dataset_consumes_1_never_scheduled', 'dataset_produces_1', 'dataset_produces_2', 'dataset_consumes_1']) retrieved from /home/airflow/.local/lib/python3.7/site-packages/airflow/example_dags/example_datasets.py
[2023-05-02T10:22:25.121+0000] {logging_mixin.py:137} INFO - [2023-05-02T10:22:25.121+0000] {dag.py:2705} INFO - Sync 6 DAGs
[2023-05-02T10:22:25.137+0000] {logging_mixin.py:137} INFO - [2023-05-02T10:22:25.137+0000] {dag.py:3456} INFO - Setting next_dagrun for dataset_consumes_1 to None, run_after=None
[2023-05-02T10:22:25.139+0000] {logging_mixin.py:137} INFO - [2023-05-02T10:22:25.139+0000] {dag.py:3456} INFO - Setting next_dagrun for dataset_consumes_1_and_2 to None, run_after=None
[2023-05-02T10:22:25.140+0000] {logging_mixin.py:137} INFO - [2023-05-02T10:22:25.140+0000] {dag.py:3456} INFO - Setting next_dagrun for dataset_consumes_1_never_scheduled to None, run_after=None
[2023-05-02T10:22:25.141+0000] {logging_mixin.py:137} INFO - [2023-05-02T10:22:25.141+0000] {dag.py:3456} INFO - Setting next_dagrun for dataset_consumes_unknown_never_scheduled to None, run_after=None
[2023-05-02T10:22:25.167+0000] {logging_mixin.py:137} INFO - [2023-05-02T10:22:25.167+0000] {dag.py:3456} INFO - Setting next_dagrun for dataset_produces_1 to 2023-05-01T00:00:00+00:00, run_after=2023-05-02T00:00:00+00:00
[2023-05-02T10:22:25.169+0000] {logging_mixin.py:137} INFO - [2023-05-02T10:22:25.169+0000] {dag.py:3456} INFO - Setting next_dagrun for dataset_produces_2 to None, run_after=None
[2023-05-02T10:22:25.251+0000] {processor.py:175} INFO - Processing /home/airflow/.local/lib/python3.7/site-packages/airflow/example_dags/example_datasets.py took 0.277 seconds
[2023-05-02T10:29:17.345+0000] {processor.py:153} INFO - Started process (PID=55) to work on /home/airflow/.local/lib/python3.7/site-packages/airflow/example_dags/example_datasets.py
[2023-05-02T10:29:17.346+0000] {processor.py:743} INFO - Processing file /home/airflow/.local/lib/python3.7/site-packages/airflow/example_dags/example_datasets.py for tasks to queue
[2023-05-02T10:29:17.347+0000] {logging_mixin.py:137} INFO - [2023-05-02T10:29:17.347+0000] {dagbag.py:532} INFO - Filling up the DagBag from /home/airflow/.local/lib/python3.7/site-packages/airflow/example_dags/example_datasets.py
[2023-05-02T10:29:17.439+0000] {processor.py:753} INFO - DAG(s) dict_keys(['dataset_produces_2', 'dataset_consumes_1_never_scheduled', 'dataset_produces_1', 'dataset_consumes_1_and_2', 'dataset_consumes_unknown_never_scheduled', 'dataset_consumes_1']) retrieved from /home/airflow/.local/lib/python3.7/site-packages/airflow/example_dags/example_datasets.py
