[2023-05-02T08:15:59.584+0000] {processor.py:153} INFO - Started process (PID=57) to work on /home/airflow/.local/lib/python3.7/site-packages/airflow/example_dags/example_latest_only_with_trigger.py
[2023-05-02T08:15:59.599+0000] {processor.py:743} INFO - Processing file /home/airflow/.local/lib/python3.7/site-packages/airflow/example_dags/example_latest_only_with_trigger.py for tasks to queue
[2023-05-02T08:15:59.604+0000] {logging_mixin.py:137} INFO - [2023-05-02T08:15:59.604+0000] {dagbag.py:532} INFO - Filling up the DagBag from /home/airflow/.local/lib/python3.7/site-packages/airflow/example_dags/example_latest_only_with_trigger.py
[2023-05-02T08:15:59.758+0000] {processor.py:753} INFO - DAG(s) dict_keys(['latest_only_with_trigger']) retrieved from /home/airflow/.local/lib/python3.7/site-packages/airflow/example_dags/example_latest_only_with_trigger.py
[2023-05-02T08:16:03.872+0000] {logging_mixin.py:137} INFO - [2023-05-02T08:16:03.820+0000] {dag.py:2705} INFO - Sync 1 DAGs
[2023-05-02T08:21:39.200+0000] {processor.py:153} INFO - Started process (PID=63) to work on /home/airflow/.local/lib/python3.7/site-packages/airflow/example_dags/example_latest_only_with_trigger.py
[2023-05-02T08:21:39.345+0000] {processor.py:743} INFO - Processing file /home/airflow/.local/lib/python3.7/site-packages/airflow/example_dags/example_latest_only_with_trigger.py for tasks to queue
[2023-05-02T08:21:39.502+0000] {logging_mixin.py:137} INFO - [2023-05-02T08:21:39.413+0000] {dagbag.py:532} INFO - Filling up the DagBag from /home/airflow/.local/lib/python3.7/site-packages/airflow/example_dags/example_latest_only_with_trigger.py
[2023-05-02T08:21:40.790+0000] {processor.py:753} INFO - DAG(s) dict_keys(['latest_only_with_trigger']) retrieved from /home/airflow/.local/lib/python3.7/site-packages/airflow/example_dags/example_latest_only_with_trigger.py
[2023-05-02T08:21:41.028+0000] {logging_mixin.py:137} INFO - [2023-05-02T08:21:41.027+0000] {dag.py:2705} INFO - Sync 1 DAGs
[2023-05-02T08:21:41.176+0000] {logging_mixin.py:137} INFO - [2023-05-02T08:21:41.176+0000] {dag.py:3456} INFO - Setting next_dagrun for latest_only_with_trigger to 2023-05-02T04:21:41.174061+00:00, run_after=2023-05-02T08:21:41.174061+00:00
[2023-05-02T08:21:41.317+0000] {processor.py:175} INFO - Processing /home/airflow/.local/lib/python3.7/site-packages/airflow/example_dags/example_latest_only_with_trigger.py took 2.200 seconds
[2023-05-02T08:23:50.951+0000] {processor.py:153} INFO - Started process (PID=70) to work on /home/airflow/.local/lib/python3.7/site-packages/airflow/example_dags/example_latest_only_with_trigger.py
[2023-05-02T08:23:50.968+0000] {processor.py:743} INFO - Processing file /home/airflow/.local/lib/python3.7/site-packages/airflow/example_dags/example_latest_only_with_trigger.py for tasks to queue
[2023-05-02T08:23:50.970+0000] {logging_mixin.py:137} INFO - [2023-05-02T08:23:50.970+0000] {dagbag.py:532} INFO - Filling up the DagBag from /home/airflow/.local/lib/python3.7/site-packages/airflow/example_dags/example_latest_only_with_trigger.py
[2023-05-02T08:23:51.052+0000] {processor.py:753} INFO - DAG(s) dict_keys(['latest_only_with_trigger']) retrieved from /home/airflow/.local/lib/python3.7/site-packages/airflow/example_dags/example_latest_only_with_trigger.py
[2023-05-02T08:23:51.537+0000] {logging_mixin.py:137} INFO - [2023-05-02T08:23:51.530+0000] {dag.py:2705} INFO - Sync 1 DAGs
[2023-05-02T08:23:51.774+0000] {logging_mixin.py:137} INFO - [2023-05-02T08:23:51.773+0000] {dag.py:3456} INFO - Setting next_dagrun for latest_only_with_trigger to 2023-05-02T04:23:51.771442+00:00, run_after=2023-05-02T08:23:51.771442+00:00
[2023-05-02T08:23:51.910+0000] {processor.py:175} INFO - Processing /home/airflow/.local/lib/python3.7/site-packages/airflow/example_dags/example_latest_only_with_trigger.py took 0.962 seconds
[2023-05-02T08:27:47.394+0000] {processor.py:153} INFO - Started process (PID=66) to work on /home/airflow/.local/lib/python3.7/site-packages/airflow/example_dags/example_latest_only_with_trigger.py
[2023-05-02T08:27:47.395+0000] {processor.py:743} INFO - Processing file /home/airflow/.local/lib/python3.7/site-packages/airflow/example_dags/example_latest_only_with_trigger.py for tasks to queue
[2023-05-02T08:27:47.398+0000] {logging_mixin.py:137} INFO - [2023-05-02T08:27:47.398+0000] {dagbag.py:532} INFO - Filling up the DagBag from /home/airflow/.local/lib/python3.7/site-packages/airflow/example_dags/example_latest_only_with_trigger.py
[2023-05-02T08:27:47.411+0000] {processor.py:753} INFO - DAG(s) dict_keys(['latest_only_with_trigger']) retrieved from /home/airflow/.local/lib/python3.7/site-packages/airflow/example_dags/example_latest_only_with_trigger.py
[2023-05-02T08:27:47.434+0000] {logging_mixin.py:137} INFO - [2023-05-02T08:27:47.433+0000] {dag.py:2705} INFO - Sync 1 DAGs
[2023-05-02T08:27:47.469+0000] {logging_mixin.py:137} INFO - [2023-05-02T08:27:47.469+0000] {dag.py:3456} INFO - Setting next_dagrun for latest_only_with_trigger to 2023-05-02T04:27:47.469626+00:00, run_after=2023-05-02T08:27:47.469626+00:00
[2023-05-02T08:27:47.521+0000] {processor.py:175} INFO - Processing /home/airflow/.local/lib/python3.7/site-packages/airflow/example_dags/example_latest_only_with_trigger.py took 0.134 seconds
[2023-05-02T08:29:01.522+0000] {processor.py:153} INFO - Started process (PID=57) to work on /home/airflow/.local/lib/python3.7/site-packages/airflow/example_dags/example_latest_only_with_trigger.py
[2023-05-02T08:29:01.525+0000] {processor.py:743} INFO - Processing file /home/airflow/.local/lib/python3.7/site-packages/airflow/example_dags/example_latest_only_with_trigger.py for tasks to queue
[2023-05-02T08:29:01.532+0000] {logging_mixin.py:137} INFO - [2023-05-02T08:29:01.532+0000] {dagbag.py:532} INFO - Filling up the DagBag from /home/airflow/.local/lib/python3.7/site-packages/airflow/example_dags/example_latest_only_with_trigger.py
[2023-05-02T08:29:01.570+0000] {processor.py:753} INFO - DAG(s) dict_keys(['latest_only_with_trigger']) retrieved from /home/airflow/.local/lib/python3.7/site-packages/airflow/example_dags/example_latest_only_with_trigger.py
[2023-05-02T08:29:01.638+0000] {logging_mixin.py:137} INFO - [2023-05-02T08:29:01.638+0000] {dag.py:2705} INFO - Sync 1 DAGs
[2023-05-02T08:29:01.713+0000] {logging_mixin.py:137} INFO - [2023-05-02T08:29:01.713+0000] {dag.py:3456} INFO - Setting next_dagrun for latest_only_with_trigger to 2023-05-02T04:29:01.709147+00:00, run_after=2023-05-02T08:29:01.709147+00:00
[2023-05-02T08:29:01.749+0000] {processor.py:175} INFO - Processing /home/airflow/.local/lib/python3.7/site-packages/airflow/example_dags/example_latest_only_with_trigger.py took 0.231 seconds
[2023-05-02T08:32:25.218+0000] {processor.py:153} INFO - Started process (PID=58) to work on /home/airflow/.local/lib/python3.7/site-packages/airflow/example_dags/example_latest_only_with_trigger.py
[2023-05-02T08:32:25.219+0000] {processor.py:743} INFO - Processing file /home/airflow/.local/lib/python3.7/site-packages/airflow/example_dags/example_latest_only_with_trigger.py for tasks to queue
[2023-05-02T08:32:25.220+0000] {logging_mixin.py:137} INFO - [2023-05-02T08:32:25.219+0000] {dagbag.py:532} INFO - Filling up the DagBag from /home/airflow/.local/lib/python3.7/site-packages/airflow/example_dags/example_latest_only_with_trigger.py
[2023-05-02T08:32:25.247+0000] {processor.py:753} INFO - DAG(s) dict_keys(['latest_only_with_trigger']) retrieved from /home/airflow/.local/lib/python3.7/site-packages/airflow/example_dags/example_latest_only_with_trigger.py
[2023-05-02T08:32:25.290+0000] {logging_mixin.py:137} INFO - [2023-05-02T08:32:25.290+0000] {dag.py:2705} INFO - Sync 1 DAGs
[2023-05-02T08:32:25.319+0000] {logging_mixin.py:137} INFO - [2023-05-02T08:32:25.319+0000] {dag.py:3456} INFO - Setting next_dagrun for latest_only_with_trigger to 2023-05-02T04:32:25.319267+00:00, run_after=2023-05-02T08:32:25.319267+00:00
[2023-05-02T08:32:25.346+0000] {processor.py:175} INFO - Processing /home/airflow/.local/lib/python3.7/site-packages/airflow/example_dags/example_latest_only_with_trigger.py took 0.130 seconds
[2023-05-02T08:47:26.036+0000] {processor.py:153} INFO - Started process (PID=57) to work on /home/airflow/.local/lib/python3.7/site-packages/airflow/example_dags/example_latest_only_with_trigger.py
[2023-05-02T08:47:26.038+0000] {processor.py:743} INFO - Processing file /home/airflow/.local/lib/python3.7/site-packages/airflow/example_dags/example_latest_only_with_trigger.py for tasks to queue
[2023-05-02T08:47:26.039+0000] {logging_mixin.py:137} INFO - [2023-05-02T08:47:26.039+0000] {dagbag.py:532} INFO - Filling up the DagBag from /home/airflow/.local/lib/python3.7/site-packages/airflow/example_dags/example_latest_only_with_trigger.py
[2023-05-02T08:47:26.077+0000] {processor.py:753} INFO - DAG(s) dict_keys(['latest_only_with_trigger']) retrieved from /home/airflow/.local/lib/python3.7/site-packages/airflow/example_dags/example_latest_only_with_trigger.py
[2023-05-02T08:47:26.106+0000] {logging_mixin.py:137} INFO - [2023-05-02T08:47:26.106+0000] {dag.py:2705} INFO - Sync 1 DAGs
[2023-05-02T08:47:26.122+0000] {logging_mixin.py:137} INFO - [2023-05-02T08:47:26.122+0000] {dag.py:3456} INFO - Setting next_dagrun for latest_only_with_trigger to 2023-05-02T04:47:26.121969+00:00, run_after=2023-05-02T08:47:26.121969+00:00
[2023-05-02T08:47:26.139+0000] {processor.py:175} INFO - Processing /home/airflow/.local/lib/python3.7/site-packages/airflow/example_dags/example_latest_only_with_trigger.py took 0.105 seconds
[2023-05-02T08:55:57.450+0000] {processor.py:153} INFO - Started process (PID=65) to work on /home/airflow/.local/lib/python3.7/site-packages/airflow/example_dags/example_latest_only_with_trigger.py
[2023-05-02T08:55:57.459+0000] {processor.py:743} INFO - Processing file /home/airflow/.local/lib/python3.7/site-packages/airflow/example_dags/example_latest_only_with_trigger.py for tasks to queue
[2023-05-02T08:55:57.474+0000] {logging_mixin.py:137} INFO - [2023-05-02T08:55:57.467+0000] {dagbag.py:532} INFO - Filling up the DagBag from /home/airflow/.local/lib/python3.7/site-packages/airflow/example_dags/example_latest_only_with_trigger.py
[2023-05-02T08:55:59.111+0000] {processor.py:753} INFO - DAG(s) dict_keys(['latest_only_with_trigger']) retrieved from /home/airflow/.local/lib/python3.7/site-packages/airflow/example_dags/example_latest_only_with_trigger.py
[2023-05-02T09:06:18.909+0000] {processor.py:153} INFO - Started process (PID=57) to work on /home/airflow/.local/lib/python3.7/site-packages/airflow/example_dags/example_latest_only_with_trigger.py
[2023-05-02T09:06:18.936+0000] {processor.py:743} INFO - Processing file /home/airflow/.local/lib/python3.7/site-packages/airflow/example_dags/example_latest_only_with_trigger.py for tasks to queue
[2023-05-02T09:06:18.936+0000] {logging_mixin.py:137} INFO - [2023-05-02T09:06:18.936+0000] {dagbag.py:532} INFO - Filling up the DagBag from /home/airflow/.local/lib/python3.7/site-packages/airflow/example_dags/example_latest_only_with_trigger.py
[2023-05-02T09:06:18.968+0000] {processor.py:753} INFO - DAG(s) dict_keys(['latest_only_with_trigger']) retrieved from /home/airflow/.local/lib/python3.7/site-packages/airflow/example_dags/example_latest_only_with_trigger.py
[2023-05-02T09:06:19.337+0000] {logging_mixin.py:137} INFO - [2023-05-02T09:06:19.336+0000] {dag.py:2705} INFO - Sync 1 DAGs
[2023-05-02T09:06:19.493+0000] {logging_mixin.py:137} INFO - [2023-05-02T09:06:19.491+0000] {dag.py:3456} INFO - Setting next_dagrun for latest_only_with_trigger to 2023-05-02T05:06:19.487710+00:00, run_after=2023-05-02T09:06:19.487710+00:00
[2023-05-02T09:06:19.642+0000] {processor.py:175} INFO - Processing /home/airflow/.local/lib/python3.7/site-packages/airflow/example_dags/example_latest_only_with_trigger.py took 0.744 seconds
[2023-05-02T09:08:35.760+0000] {processor.py:153} INFO - Started process (PID=61) to work on /home/airflow/.local/lib/python3.7/site-packages/airflow/example_dags/example_latest_only_with_trigger.py
[2023-05-02T09:08:35.762+0000] {processor.py:743} INFO - Processing file /home/airflow/.local/lib/python3.7/site-packages/airflow/example_dags/example_latest_only_with_trigger.py for tasks to queue
[2023-05-02T09:08:35.771+0000] {logging_mixin.py:137} INFO - [2023-05-02T09:08:35.765+0000] {dagbag.py:532} INFO - Filling up the DagBag from /home/airflow/.local/lib/python3.7/site-packages/airflow/example_dags/example_latest_only_with_trigger.py
[2023-05-02T09:08:35.785+0000] {processor.py:753} INFO - DAG(s) dict_keys(['latest_only_with_trigger']) retrieved from /home/airflow/.local/lib/python3.7/site-packages/airflow/example_dags/example_latest_only_with_trigger.py
[2023-05-02T09:08:35.869+0000] {logging_mixin.py:137} INFO - [2023-05-02T09:08:35.868+0000] {dag.py:2705} INFO - Sync 1 DAGs
[2023-05-02T09:08:35.922+0000] {logging_mixin.py:137} INFO - [2023-05-02T09:08:35.922+0000] {dag.py:3456} INFO - Setting next_dagrun for latest_only_with_trigger to 2023-05-02T05:08:35.922585+00:00, run_after=2023-05-02T09:08:35.922585+00:00
[2023-05-02T09:08:35.952+0000] {processor.py:175} INFO - Processing /home/airflow/.local/lib/python3.7/site-packages/airflow/example_dags/example_latest_only_with_trigger.py took 0.200 seconds
[2023-05-02T09:18:12.379+0000] {processor.py:153} INFO - Started process (PID=57) to work on /home/airflow/.local/lib/python3.7/site-packages/airflow/example_dags/example_latest_only_with_trigger.py
[2023-05-02T09:18:12.379+0000] {processor.py:743} INFO - Processing file /home/airflow/.local/lib/python3.7/site-packages/airflow/example_dags/example_latest_only_with_trigger.py for tasks to queue
[2023-05-02T09:18:12.380+0000] {logging_mixin.py:137} INFO - [2023-05-02T09:18:12.380+0000] {dagbag.py:532} INFO - Filling up the DagBag from /home/airflow/.local/lib/python3.7/site-packages/airflow/example_dags/example_latest_only_with_trigger.py
[2023-05-02T09:18:12.453+0000] {processor.py:753} INFO - DAG(s) dict_keys(['latest_only_with_trigger']) retrieved from /home/airflow/.local/lib/python3.7/site-packages/airflow/example_dags/example_latest_only_with_trigger.py
[2023-05-02T09:18:12.528+0000] {logging_mixin.py:137} INFO - [2023-05-02T09:18:12.528+0000] {dag.py:2705} INFO - Sync 1 DAGs
[2023-05-02T09:18:12.623+0000] {logging_mixin.py:137} INFO - [2023-05-02T09:18:12.623+0000] {dag.py:3456} INFO - Setting next_dagrun for latest_only_with_trigger to 2023-05-02T05:18:12.622464+00:00, run_after=2023-05-02T09:18:12.622464+00:00
[2023-05-02T09:18:12.680+0000] {processor.py:175} INFO - Processing /home/airflow/.local/lib/python3.7/site-packages/airflow/example_dags/example_latest_only_with_trigger.py took 0.306 seconds
[2023-05-02T09:22:28.631+0000] {processor.py:153} INFO - Started process (PID=56) to work on /home/airflow/.local/lib/python3.7/site-packages/airflow/example_dags/example_latest_only_with_trigger.py
[2023-05-02T09:22:28.631+0000] {processor.py:743} INFO - Processing file /home/airflow/.local/lib/python3.7/site-packages/airflow/example_dags/example_latest_only_with_trigger.py for tasks to queue
[2023-05-02T09:22:28.638+0000] {logging_mixin.py:137} INFO - [2023-05-02T09:22:28.638+0000] {dagbag.py:532} INFO - Filling up the DagBag from /home/airflow/.local/lib/python3.7/site-packages/airflow/example_dags/example_latest_only_with_trigger.py
[2023-05-02T09:22:28.674+0000] {processor.py:753} INFO - DAG(s) dict_keys(['latest_only_with_trigger']) retrieved from /home/airflow/.local/lib/python3.7/site-packages/airflow/example_dags/example_latest_only_with_trigger.py
[2023-05-02T09:22:28.722+0000] {logging_mixin.py:137} INFO - [2023-05-02T09:22:28.721+0000] {dag.py:2705} INFO - Sync 1 DAGs
[2023-05-02T09:22:28.761+0000] {logging_mixin.py:137} INFO - [2023-05-02T09:22:28.760+0000] {dag.py:3456} INFO - Setting next_dagrun for latest_only_with_trigger to 2023-05-02T05:22:28.760760+00:00, run_after=2023-05-02T09:22:28.760760+00:00
[2023-05-02T09:22:28.786+0000] {processor.py:175} INFO - Processing /home/airflow/.local/lib/python3.7/site-packages/airflow/example_dags/example_latest_only_with_trigger.py took 0.158 seconds
[2023-05-02T09:24:54.751+0000] {processor.py:153} INFO - Started process (PID=65) to work on /home/airflow/.local/lib/python3.7/site-packages/airflow/example_dags/example_latest_only_with_trigger.py
[2023-05-02T09:24:54.822+0000] {processor.py:743} INFO - Processing file /home/airflow/.local/lib/python3.7/site-packages/airflow/example_dags/example_latest_only_with_trigger.py for tasks to queue
[2023-05-02T09:24:55.183+0000] {logging_mixin.py:137} INFO - [2023-05-02T09:24:55.063+0000] {dagbag.py:532} INFO - Filling up the DagBag from /home/airflow/.local/lib/python3.7/site-packages/airflow/example_dags/example_latest_only_with_trigger.py
[2023-05-02T09:26:27.957+0000] {processor.py:153} INFO - Started process (PID=57) to work on /home/airflow/.local/lib/python3.7/site-packages/airflow/example_dags/example_latest_only_with_trigger.py
[2023-05-02T09:26:27.958+0000] {processor.py:743} INFO - Processing file /home/airflow/.local/lib/python3.7/site-packages/airflow/example_dags/example_latest_only_with_trigger.py for tasks to queue
[2023-05-02T09:26:27.966+0000] {logging_mixin.py:137} INFO - [2023-05-02T09:26:27.965+0000] {dagbag.py:532} INFO - Filling up the DagBag from /home/airflow/.local/lib/python3.7/site-packages/airflow/example_dags/example_latest_only_with_trigger.py
[2023-05-02T09:26:28.401+0000] {processor.py:753} INFO - DAG(s) dict_keys(['latest_only_with_trigger']) retrieved from /home/airflow/.local/lib/python3.7/site-packages/airflow/example_dags/example_latest_only_with_trigger.py
[2023-05-02T09:26:31.598+0000] {logging_mixin.py:137} INFO - [2023-05-02T09:26:31.596+0000] {dag.py:2705} INFO - Sync 1 DAGs
[2023-05-02T09:38:44.870+0000] {processor.py:153} INFO - Started process (PID=56) to work on /home/airflow/.local/lib/python3.7/site-packages/airflow/example_dags/example_latest_only_with_trigger.py
[2023-05-02T09:38:44.880+0000] {processor.py:743} INFO - Processing file /home/airflow/.local/lib/python3.7/site-packages/airflow/example_dags/example_latest_only_with_trigger.py for tasks to queue
[2023-05-02T09:38:44.883+0000] {logging_mixin.py:137} INFO - [2023-05-02T09:38:44.882+0000] {dagbag.py:532} INFO - Filling up the DagBag from /home/airflow/.local/lib/python3.7/site-packages/airflow/example_dags/example_latest_only_with_trigger.py
[2023-05-02T09:38:44.921+0000] {processor.py:753} INFO - DAG(s) dict_keys(['latest_only_with_trigger']) retrieved from /home/airflow/.local/lib/python3.7/site-packages/airflow/example_dags/example_latest_only_with_trigger.py
[2023-05-02T09:38:44.976+0000] {logging_mixin.py:137} INFO - [2023-05-02T09:38:44.975+0000] {dag.py:2705} INFO - Sync 1 DAGs
[2023-05-02T09:38:45.016+0000] {logging_mixin.py:137} INFO - [2023-05-02T09:38:45.016+0000] {dag.py:3456} INFO - Setting next_dagrun for latest_only_with_trigger to 2023-05-02T05:38:45.016272+00:00, run_after=2023-05-02T09:38:45.016272+00:00
[2023-05-02T09:38:45.052+0000] {processor.py:175} INFO - Processing /home/airflow/.local/lib/python3.7/site-packages/airflow/example_dags/example_latest_only_with_trigger.py took 0.198 seconds
[2023-05-02T10:19:48.464+0000] {processor.py:153} INFO - Started process (PID=56) to work on /home/airflow/.local/lib/python3.7/site-packages/airflow/example_dags/example_latest_only_with_trigger.py
[2023-05-02T10:19:48.472+0000] {processor.py:743} INFO - Processing file /home/airflow/.local/lib/python3.7/site-packages/airflow/example_dags/example_latest_only_with_trigger.py for tasks to queue
[2023-05-02T10:19:48.488+0000] {logging_mixin.py:137} INFO - [2023-05-02T10:19:48.488+0000] {dagbag.py:532} INFO - Filling up the DagBag from /home/airflow/.local/lib/python3.7/site-packages/airflow/example_dags/example_latest_only_with_trigger.py
[2023-05-02T10:19:48.571+0000] {processor.py:753} INFO - DAG(s) dict_keys(['latest_only_with_trigger']) retrieved from /home/airflow/.local/lib/python3.7/site-packages/airflow/example_dags/example_latest_only_with_trigger.py
[2023-05-02T10:19:48.873+0000] {logging_mixin.py:137} INFO - [2023-05-02T10:19:48.869+0000] {dag.py:2705} INFO - Sync 1 DAGs
[2023-05-02T10:19:49.040+0000] {logging_mixin.py:137} INFO - [2023-05-02T10:19:49.033+0000] {dag.py:3456} INFO - Setting next_dagrun for latest_only_with_trigger to 2023-05-02T06:19:49.031455+00:00, run_after=2023-05-02T10:19:49.031455+00:00
[2023-05-02T10:19:49.548+0000] {processor.py:175} INFO - Processing /home/airflow/.local/lib/python3.7/site-packages/airflow/example_dags/example_latest_only_with_trigger.py took 1.091 seconds
[2023-05-02T10:22:25.304+0000] {processor.py:153} INFO - Started process (PID=57) to work on /home/airflow/.local/lib/python3.7/site-packages/airflow/example_dags/example_latest_only_with_trigger.py
[2023-05-02T10:22:25.305+0000] {processor.py:743} INFO - Processing file /home/airflow/.local/lib/python3.7/site-packages/airflow/example_dags/example_latest_only_with_trigger.py for tasks to queue
[2023-05-02T10:22:25.307+0000] {logging_mixin.py:137} INFO - [2023-05-02T10:22:25.307+0000] {dagbag.py:532} INFO - Filling up the DagBag from /home/airflow/.local/lib/python3.7/site-packages/airflow/example_dags/example_latest_only_with_trigger.py
[2023-05-02T10:22:25.347+0000] {processor.py:753} INFO - DAG(s) dict_keys(['latest_only_with_trigger']) retrieved from /home/airflow/.local/lib/python3.7/site-packages/airflow/example_dags/example_latest_only_with_trigger.py
[2023-05-02T10:22:25.378+0000] {logging_mixin.py:137} INFO - [2023-05-02T10:22:25.378+0000] {dag.py:2705} INFO - Sync 1 DAGs
[2023-05-02T10:22:25.452+0000] {logging_mixin.py:137} INFO - [2023-05-02T10:22:25.452+0000] {dag.py:3456} INFO - Setting next_dagrun for latest_only_with_trigger to 2023-05-02T06:22:25.450445+00:00, run_after=2023-05-02T10:22:25.450445+00:00
[2023-05-02T10:22:25.513+0000] {processor.py:175} INFO - Processing /home/airflow/.local/lib/python3.7/site-packages/airflow/example_dags/example_latest_only_with_trigger.py took 0.211 seconds
[2023-05-02T10:29:22.300+0000] {processor.py:153} INFO - Started process (PID=57) to work on /home/airflow/.local/lib/python3.7/site-packages/airflow/example_dags/example_latest_only_with_trigger.py
[2023-05-02T10:29:22.304+0000] {processor.py:743} INFO - Processing file /home/airflow/.local/lib/python3.7/site-packages/airflow/example_dags/example_latest_only_with_trigger.py for tasks to queue
[2023-05-02T10:29:22.304+0000] {logging_mixin.py:137} INFO - [2023-05-02T10:29:22.304+0000] {dagbag.py:532} INFO - Filling up the DagBag from /home/airflow/.local/lib/python3.7/site-packages/airflow/example_dags/example_latest_only_with_trigger.py
[2023-05-02T10:29:22.594+0000] {processor.py:753} INFO - DAG(s) dict_keys(['latest_only_with_trigger']) retrieved from /home/airflow/.local/lib/python3.7/site-packages/airflow/example_dags/example_latest_only_with_trigger.py
[2023-05-02T10:29:22.763+0000] {logging_mixin.py:137} INFO - [2023-05-02T10:29:22.758+0000] {dag.py:2705} INFO - Sync 1 DAGs
[2023-05-02T10:29:23.112+0000] {logging_mixin.py:137} INFO - [2023-05-02T10:29:23.111+0000] {dag.py:3456} INFO - Setting next_dagrun for latest_only_with_trigger to 2023-05-02T06:29:23.109899+00:00, run_after=2023-05-02T10:29:23.109899+00:00
