[2023-05-02T08:27:48.623+0000] {processor.py:153} INFO - Started process (PID=80) to work on /home/airflow/.local/lib/python3.7/site-packages/airflow/example_dags/example_short_circuit_operator.py
[2023-05-02T08:27:48.624+0000] {processor.py:743} INFO - Processing file /home/airflow/.local/lib/python3.7/site-packages/airflow/example_dags/example_short_circuit_operator.py for tasks to queue
[2023-05-02T08:27:48.625+0000] {logging_mixin.py:137} INFO - [2023-05-02T08:27:48.624+0000] {dagbag.py:532} INFO - Filling up the DagBag from /home/airflow/.local/lib/python3.7/site-packages/airflow/example_dags/example_short_circuit_operator.py
[2023-05-02T08:27:48.646+0000] {processor.py:753} INFO - DAG(s) dict_keys(['example_short_circuit_operator']) retrieved from /home/airflow/.local/lib/python3.7/site-packages/airflow/example_dags/example_short_circuit_operator.py
[2023-05-02T08:27:48.681+0000] {logging_mixin.py:137} INFO - [2023-05-02T08:27:48.681+0000] {dag.py:2705} INFO - Sync 1 DAGs
[2023-05-02T08:27:48.768+0000] {logging_mixin.py:137} INFO - [2023-05-02T08:27:48.768+0000] {dag.py:3456} INFO - Setting next_dagrun for example_short_circuit_operator to 2023-05-01T08:27:48.765872+00:00, run_after=2023-05-02T08:27:48.765872+00:00
[2023-05-02T08:27:48.832+0000] {processor.py:175} INFO - Processing /home/airflow/.local/lib/python3.7/site-packages/airflow/example_dags/example_short_circuit_operator.py took 0.214 seconds
[2023-05-02T08:29:10.522+0000] {processor.py:153} INFO - Started process (PID=71) to work on /home/airflow/.local/lib/python3.7/site-packages/airflow/example_dags/example_short_circuit_operator.py
[2023-05-02T08:29:10.523+0000] {processor.py:743} INFO - Processing file /home/airflow/.local/lib/python3.7/site-packages/airflow/example_dags/example_short_circuit_operator.py for tasks to queue
[2023-05-02T08:29:10.526+0000] {logging_mixin.py:137} INFO - [2023-05-02T08:29:10.526+0000] {dagbag.py:532} INFO - Filling up the DagBag from /home/airflow/.local/lib/python3.7/site-packages/airflow/example_dags/example_short_circuit_operator.py
[2023-05-02T08:29:10.683+0000] {processor.py:753} INFO - DAG(s) dict_keys(['example_short_circuit_operator']) retrieved from /home/airflow/.local/lib/python3.7/site-packages/airflow/example_dags/example_short_circuit_operator.py
[2023-05-02T08:29:10.840+0000] {logging_mixin.py:137} INFO - [2023-05-02T08:29:10.840+0000] {dag.py:2705} INFO - Sync 1 DAGs
[2023-05-02T08:29:10.933+0000] {logging_mixin.py:137} INFO - [2023-05-02T08:29:10.932+0000] {dag.py:3456} INFO - Setting next_dagrun for example_short_circuit_operator to 2023-05-01T08:29:10.927392+00:00, run_after=2023-05-02T08:29:10.927392+00:00
[2023-05-02T08:29:11.016+0000] {processor.py:175} INFO - Processing /home/airflow/.local/lib/python3.7/site-packages/airflow/example_dags/example_short_circuit_operator.py took 0.499 seconds
[2023-05-02T08:32:26.431+0000] {processor.py:153} INFO - Started process (PID=72) to work on /home/airflow/.local/lib/python3.7/site-packages/airflow/example_dags/example_short_circuit_operator.py
[2023-05-02T08:32:26.434+0000] {processor.py:743} INFO - Processing file /home/airflow/.local/lib/python3.7/site-packages/airflow/example_dags/example_short_circuit_operator.py for tasks to queue
[2023-05-02T08:32:26.435+0000] {logging_mixin.py:137} INFO - [2023-05-02T08:32:26.435+0000] {dagbag.py:532} INFO - Filling up the DagBag from /home/airflow/.local/lib/python3.7/site-packages/airflow/example_dags/example_short_circuit_operator.py
[2023-05-02T08:32:26.473+0000] {processor.py:753} INFO - DAG(s) dict_keys(['example_short_circuit_operator']) retrieved from /home/airflow/.local/lib/python3.7/site-packages/airflow/example_dags/example_short_circuit_operator.py
[2023-05-02T08:32:26.523+0000] {logging_mixin.py:137} INFO - [2023-05-02T08:32:26.523+0000] {dag.py:2705} INFO - Sync 1 DAGs
[2023-05-02T08:32:26.565+0000] {logging_mixin.py:137} INFO - [2023-05-02T08:32:26.565+0000] {dag.py:3456} INFO - Setting next_dagrun for example_short_circuit_operator to 2023-05-01T08:32:26.565274+00:00, run_after=2023-05-02T08:32:26.565274+00:00
[2023-05-02T08:32:26.605+0000] {processor.py:175} INFO - Processing /home/airflow/.local/lib/python3.7/site-packages/airflow/example_dags/example_short_circuit_operator.py took 0.176 seconds
[2023-05-02T08:47:27.747+0000] {processor.py:153} INFO - Started process (PID=71) to work on /home/airflow/.local/lib/python3.7/site-packages/airflow/example_dags/example_short_circuit_operator.py
[2023-05-02T08:47:27.750+0000] {processor.py:743} INFO - Processing file /home/airflow/.local/lib/python3.7/site-packages/airflow/example_dags/example_short_circuit_operator.py for tasks to queue
[2023-05-02T08:47:27.751+0000] {logging_mixin.py:137} INFO - [2023-05-02T08:47:27.751+0000] {dagbag.py:532} INFO - Filling up the DagBag from /home/airflow/.local/lib/python3.7/site-packages/airflow/example_dags/example_short_circuit_operator.py
[2023-05-02T08:47:27.845+0000] {processor.py:753} INFO - DAG(s) dict_keys(['example_short_circuit_operator']) retrieved from /home/airflow/.local/lib/python3.7/site-packages/airflow/example_dags/example_short_circuit_operator.py
[2023-05-02T08:47:27.950+0000] {logging_mixin.py:137} INFO - [2023-05-02T08:47:27.950+0000] {dag.py:2705} INFO - Sync 1 DAGs
[2023-05-02T08:47:28.001+0000] {logging_mixin.py:137} INFO - [2023-05-02T08:47:28.001+0000] {dag.py:3456} INFO - Setting next_dagrun for example_short_circuit_operator to 2023-05-01T08:47:28.001122+00:00, run_after=2023-05-02T08:47:28.001122+00:00
[2023-05-02T08:47:28.063+0000] {processor.py:175} INFO - Processing /home/airflow/.local/lib/python3.7/site-packages/airflow/example_dags/example_short_circuit_operator.py took 0.322 seconds
[2023-05-02T09:06:23.131+0000] {processor.py:153} INFO - Started process (PID=71) to work on /home/airflow/.local/lib/python3.7/site-packages/airflow/example_dags/example_short_circuit_operator.py
[2023-05-02T09:06:23.156+0000] {processor.py:743} INFO - Processing file /home/airflow/.local/lib/python3.7/site-packages/airflow/example_dags/example_short_circuit_operator.py for tasks to queue
[2023-05-02T09:06:23.163+0000] {logging_mixin.py:137} INFO - [2023-05-02T09:06:23.162+0000] {dagbag.py:532} INFO - Filling up the DagBag from /home/airflow/.local/lib/python3.7/site-packages/airflow/example_dags/example_short_circuit_operator.py
[2023-05-02T09:06:23.286+0000] {processor.py:753} INFO - DAG(s) dict_keys(['example_short_circuit_operator']) retrieved from /home/airflow/.local/lib/python3.7/site-packages/airflow/example_dags/example_short_circuit_operator.py
[2023-05-02T09:06:23.438+0000] {logging_mixin.py:137} INFO - [2023-05-02T09:06:23.437+0000] {dag.py:2705} INFO - Sync 1 DAGs
[2023-05-02T09:06:23.518+0000] {logging_mixin.py:137} INFO - [2023-05-02T09:06:23.518+0000] {dag.py:3456} INFO - Setting next_dagrun for example_short_circuit_operator to 2023-05-01T09:06:23.517803+00:00, run_after=2023-05-02T09:06:23.517803+00:00
[2023-05-02T09:06:23.572+0000] {processor.py:175} INFO - Processing /home/airflow/.local/lib/python3.7/site-packages/airflow/example_dags/example_short_circuit_operator.py took 0.460 seconds
[2023-05-02T09:08:38.041+0000] {processor.py:153} INFO - Started process (PID=75) to work on /home/airflow/.local/lib/python3.7/site-packages/airflow/example_dags/example_short_circuit_operator.py
[2023-05-02T09:08:38.046+0000] {processor.py:743} INFO - Processing file /home/airflow/.local/lib/python3.7/site-packages/airflow/example_dags/example_short_circuit_operator.py for tasks to queue
[2023-05-02T09:08:38.047+0000] {logging_mixin.py:137} INFO - [2023-05-02T09:08:38.047+0000] {dagbag.py:532} INFO - Filling up the DagBag from /home/airflow/.local/lib/python3.7/site-packages/airflow/example_dags/example_short_circuit_operator.py
[2023-05-02T09:08:38.102+0000] {processor.py:753} INFO - DAG(s) dict_keys(['example_short_circuit_operator']) retrieved from /home/airflow/.local/lib/python3.7/site-packages/airflow/example_dags/example_short_circuit_operator.py
[2023-05-02T09:08:38.157+0000] {logging_mixin.py:137} INFO - [2023-05-02T09:08:38.157+0000] {dag.py:2705} INFO - Sync 1 DAGs
[2023-05-02T09:08:38.195+0000] {logging_mixin.py:137} INFO - [2023-05-02T09:08:38.195+0000] {dag.py:3456} INFO - Setting next_dagrun for example_short_circuit_operator to 2023-05-01T09:08:38.194075+00:00, run_after=2023-05-02T09:08:38.194075+00:00
[2023-05-02T09:08:38.240+0000] {processor.py:175} INFO - Processing /home/airflow/.local/lib/python3.7/site-packages/airflow/example_dags/example_short_circuit_operator.py took 0.201 seconds
[2023-05-02T09:22:30.569+0000] {processor.py:153} INFO - Started process (PID=70) to work on /home/airflow/.local/lib/python3.7/site-packages/airflow/example_dags/example_short_circuit_operator.py
[2023-05-02T09:22:30.573+0000] {processor.py:743} INFO - Processing file /home/airflow/.local/lib/python3.7/site-packages/airflow/example_dags/example_short_circuit_operator.py for tasks to queue
[2023-05-02T09:22:30.576+0000] {logging_mixin.py:137} INFO - [2023-05-02T09:22:30.576+0000] {dagbag.py:532} INFO - Filling up the DagBag from /home/airflow/.local/lib/python3.7/site-packages/airflow/example_dags/example_short_circuit_operator.py
[2023-05-02T09:22:30.593+0000] {processor.py:753} INFO - DAG(s) dict_keys(['example_short_circuit_operator']) retrieved from /home/airflow/.local/lib/python3.7/site-packages/airflow/example_dags/example_short_circuit_operator.py
[2023-05-02T09:22:30.744+0000] {logging_mixin.py:137} INFO - [2023-05-02T09:22:30.744+0000] {dag.py:2705} INFO - Sync 1 DAGs
[2023-05-02T09:22:30.818+0000] {logging_mixin.py:137} INFO - [2023-05-02T09:22:30.815+0000] {dag.py:3456} INFO - Setting next_dagrun for example_short_circuit_operator to 2023-05-01T09:22:30.815557+00:00, run_after=2023-05-02T09:22:30.815557+00:00
[2023-05-02T09:22:30.870+0000] {processor.py:175} INFO - Processing /home/airflow/.local/lib/python3.7/site-packages/airflow/example_dags/example_short_circuit_operator.py took 0.307 seconds
