[2023-05-02T08:27:48.025+0000] {processor.py:153} INFO - Started process (PID=73) to work on /home/airflow/.local/lib/python3.7/site-packages/airflow/example_dags/example_dynamic_task_mapping.py
[2023-05-02T08:27:48.025+0000] {processor.py:743} INFO - Processing file /home/airflow/.local/lib/python3.7/site-packages/airflow/example_dags/example_dynamic_task_mapping.py for tasks to queue
[2023-05-02T08:27:48.026+0000] {logging_mixin.py:137} INFO - [2023-05-02T08:27:48.026+0000] {dagbag.py:532} INFO - Filling up the DagBag from /home/airflow/.local/lib/python3.7/site-packages/airflow/example_dags/example_dynamic_task_mapping.py
[2023-05-02T08:27:48.062+0000] {processor.py:753} INFO - DAG(s) dict_keys(['example_dynamic_task_mapping']) retrieved from /home/airflow/.local/lib/python3.7/site-packages/airflow/example_dags/example_dynamic_task_mapping.py
[2023-05-02T08:27:48.141+0000] {logging_mixin.py:137} INFO - [2023-05-02T08:27:48.140+0000] {dag.py:2705} INFO - Sync 1 DAGs
[2023-05-02T08:27:48.212+0000] {logging_mixin.py:137} INFO - [2023-05-02T08:27:48.211+0000] {dag.py:3456} INFO - Setting next_dagrun for example_dynamic_task_mapping to 2022-03-04T00:00:00+00:00, run_after=2022-03-05T00:00:00+00:00
[2023-05-02T08:27:48.232+0000] {processor.py:175} INFO - Processing /home/airflow/.local/lib/python3.7/site-packages/airflow/example_dags/example_dynamic_task_mapping.py took 0.220 seconds
[2023-05-02T08:29:02.882+0000] {processor.py:153} INFO - Started process (PID=64) to work on /home/airflow/.local/lib/python3.7/site-packages/airflow/example_dags/example_dynamic_task_mapping.py
[2023-05-02T08:29:02.888+0000] {processor.py:743} INFO - Processing file /home/airflow/.local/lib/python3.7/site-packages/airflow/example_dags/example_dynamic_task_mapping.py for tasks to queue
[2023-05-02T08:29:02.889+0000] {logging_mixin.py:137} INFO - [2023-05-02T08:29:02.889+0000] {dagbag.py:532} INFO - Filling up the DagBag from /home/airflow/.local/lib/python3.7/site-packages/airflow/example_dags/example_dynamic_task_mapping.py
[2023-05-02T08:29:02.978+0000] {processor.py:753} INFO - DAG(s) dict_keys(['example_dynamic_task_mapping']) retrieved from /home/airflow/.local/lib/python3.7/site-packages/airflow/example_dags/example_dynamic_task_mapping.py
[2023-05-02T08:29:03.102+0000] {logging_mixin.py:137} INFO - [2023-05-02T08:29:03.102+0000] {dag.py:2705} INFO - Sync 1 DAGs
[2023-05-02T08:29:03.225+0000] {logging_mixin.py:137} INFO - [2023-05-02T08:29:03.224+0000] {dag.py:3456} INFO - Setting next_dagrun for example_dynamic_task_mapping to 2022-03-04T00:00:00+00:00, run_after=2022-03-05T00:00:00+00:00
[2023-05-02T08:29:03.411+0000] {processor.py:175} INFO - Processing /home/airflow/.local/lib/python3.7/site-packages/airflow/example_dags/example_dynamic_task_mapping.py took 0.532 seconds
[2023-05-02T08:32:25.727+0000] {processor.py:153} INFO - Started process (PID=65) to work on /home/airflow/.local/lib/python3.7/site-packages/airflow/example_dags/example_dynamic_task_mapping.py
[2023-05-02T08:32:25.728+0000] {processor.py:743} INFO - Processing file /home/airflow/.local/lib/python3.7/site-packages/airflow/example_dags/example_dynamic_task_mapping.py for tasks to queue
[2023-05-02T08:32:25.728+0000] {logging_mixin.py:137} INFO - [2023-05-02T08:32:25.728+0000] {dagbag.py:532} INFO - Filling up the DagBag from /home/airflow/.local/lib/python3.7/site-packages/airflow/example_dags/example_dynamic_task_mapping.py
[2023-05-02T08:32:25.747+0000] {processor.py:753} INFO - DAG(s) dict_keys(['example_dynamic_task_mapping']) retrieved from /home/airflow/.local/lib/python3.7/site-packages/airflow/example_dags/example_dynamic_task_mapping.py
[2023-05-02T08:32:25.776+0000] {logging_mixin.py:137} INFO - [2023-05-02T08:32:25.776+0000] {dag.py:2705} INFO - Sync 1 DAGs
[2023-05-02T08:32:25.807+0000] {logging_mixin.py:137} INFO - [2023-05-02T08:32:25.807+0000] {dag.py:3456} INFO - Setting next_dagrun for example_dynamic_task_mapping to 2022-03-04T00:00:00+00:00, run_after=2022-03-05T00:00:00+00:00
[2023-05-02T08:32:25.828+0000] {processor.py:175} INFO - Processing /home/airflow/.local/lib/python3.7/site-packages/airflow/example_dags/example_dynamic_task_mapping.py took 0.102 seconds
[2023-05-02T08:47:26.659+0000] {processor.py:153} INFO - Started process (PID=64) to work on /home/airflow/.local/lib/python3.7/site-packages/airflow/example_dags/example_dynamic_task_mapping.py
[2023-05-02T08:47:26.660+0000] {processor.py:743} INFO - Processing file /home/airflow/.local/lib/python3.7/site-packages/airflow/example_dags/example_dynamic_task_mapping.py for tasks to queue
[2023-05-02T08:47:26.661+0000] {logging_mixin.py:137} INFO - [2023-05-02T08:47:26.661+0000] {dagbag.py:532} INFO - Filling up the DagBag from /home/airflow/.local/lib/python3.7/site-packages/airflow/example_dags/example_dynamic_task_mapping.py
[2023-05-02T08:47:26.698+0000] {processor.py:753} INFO - DAG(s) dict_keys(['example_dynamic_task_mapping']) retrieved from /home/airflow/.local/lib/python3.7/site-packages/airflow/example_dags/example_dynamic_task_mapping.py
[2023-05-02T08:47:26.740+0000] {logging_mixin.py:137} INFO - [2023-05-02T08:47:26.740+0000] {dag.py:2705} INFO - Sync 1 DAGs
[2023-05-02T08:47:26.788+0000] {logging_mixin.py:137} INFO - [2023-05-02T08:47:26.788+0000] {dag.py:3456} INFO - Setting next_dagrun for example_dynamic_task_mapping to 2022-03-04T00:00:00+00:00, run_after=2022-03-05T00:00:00+00:00
[2023-05-02T08:47:26.819+0000] {processor.py:175} INFO - Processing /home/airflow/.local/lib/python3.7/site-packages/airflow/example_dags/example_dynamic_task_mapping.py took 0.161 seconds
[2023-05-02T09:06:21.828+0000] {processor.py:153} INFO - Started process (PID=64) to work on /home/airflow/.local/lib/python3.7/site-packages/airflow/example_dags/example_dynamic_task_mapping.py
[2023-05-02T09:06:21.830+0000] {processor.py:743} INFO - Processing file /home/airflow/.local/lib/python3.7/site-packages/airflow/example_dags/example_dynamic_task_mapping.py for tasks to queue
[2023-05-02T09:06:21.832+0000] {logging_mixin.py:137} INFO - [2023-05-02T09:06:21.831+0000] {dagbag.py:532} INFO - Filling up the DagBag from /home/airflow/.local/lib/python3.7/site-packages/airflow/example_dags/example_dynamic_task_mapping.py
[2023-05-02T09:06:21.867+0000] {processor.py:753} INFO - DAG(s) dict_keys(['example_dynamic_task_mapping']) retrieved from /home/airflow/.local/lib/python3.7/site-packages/airflow/example_dags/example_dynamic_task_mapping.py
[2023-05-02T09:06:21.913+0000] {logging_mixin.py:137} INFO - [2023-05-02T09:06:21.913+0000] {dag.py:2705} INFO - Sync 1 DAGs
[2023-05-02T09:06:21.970+0000] {logging_mixin.py:137} INFO - [2023-05-02T09:06:21.969+0000] {dag.py:3456} INFO - Setting next_dagrun for example_dynamic_task_mapping to 2022-03-04T00:00:00+00:00, run_after=2022-03-05T00:00:00+00:00
[2023-05-02T09:06:22.011+0000] {processor.py:175} INFO - Processing /home/airflow/.local/lib/python3.7/site-packages/airflow/example_dags/example_dynamic_task_mapping.py took 0.190 seconds
[2023-05-02T09:08:36.958+0000] {processor.py:153} INFO - Started process (PID=68) to work on /home/airflow/.local/lib/python3.7/site-packages/airflow/example_dags/example_dynamic_task_mapping.py
[2023-05-02T09:08:36.960+0000] {processor.py:743} INFO - Processing file /home/airflow/.local/lib/python3.7/site-packages/airflow/example_dags/example_dynamic_task_mapping.py for tasks to queue
[2023-05-02T09:08:36.962+0000] {logging_mixin.py:137} INFO - [2023-05-02T09:08:36.961+0000] {dagbag.py:532} INFO - Filling up the DagBag from /home/airflow/.local/lib/python3.7/site-packages/airflow/example_dags/example_dynamic_task_mapping.py
[2023-05-02T09:08:37.007+0000] {processor.py:753} INFO - DAG(s) dict_keys(['example_dynamic_task_mapping']) retrieved from /home/airflow/.local/lib/python3.7/site-packages/airflow/example_dags/example_dynamic_task_mapping.py
[2023-05-02T09:08:37.035+0000] {logging_mixin.py:137} INFO - [2023-05-02T09:08:37.035+0000] {dag.py:2705} INFO - Sync 1 DAGs
[2023-05-02T09:08:37.057+0000] {logging_mixin.py:137} INFO - [2023-05-02T09:08:37.057+0000] {dag.py:3456} INFO - Setting next_dagrun for example_dynamic_task_mapping to 2022-03-04T00:00:00+00:00, run_after=2022-03-05T00:00:00+00:00
[2023-05-02T09:08:37.077+0000] {processor.py:175} INFO - Processing /home/airflow/.local/lib/python3.7/site-packages/airflow/example_dags/example_dynamic_task_mapping.py took 0.125 seconds
[2023-05-02T09:18:17.899+0000] {processor.py:153} INFO - Started process (PID=70) to work on /home/airflow/.local/lib/python3.7/site-packages/airflow/example_dags/example_dynamic_task_mapping.py
[2023-05-02T09:18:17.919+0000] {processor.py:743} INFO - Processing file /home/airflow/.local/lib/python3.7/site-packages/airflow/example_dags/example_dynamic_task_mapping.py for tasks to queue
[2023-05-02T09:18:17.921+0000] {logging_mixin.py:137} INFO - [2023-05-02T09:18:17.921+0000] {dagbag.py:532} INFO - Filling up the DagBag from /home/airflow/.local/lib/python3.7/site-packages/airflow/example_dags/example_dynamic_task_mapping.py
[2023-05-02T09:18:18.387+0000] {processor.py:753} INFO - DAG(s) dict_keys(['example_dynamic_task_mapping']) retrieved from /home/airflow/.local/lib/python3.7/site-packages/airflow/example_dags/example_dynamic_task_mapping.py
[2023-05-02T09:22:29.709+0000] {processor.py:153} INFO - Started process (PID=63) to work on /home/airflow/.local/lib/python3.7/site-packages/airflow/example_dags/example_dynamic_task_mapping.py
[2023-05-02T09:22:29.712+0000] {processor.py:743} INFO - Processing file /home/airflow/.local/lib/python3.7/site-packages/airflow/example_dags/example_dynamic_task_mapping.py for tasks to queue
[2023-05-02T09:22:29.716+0000] {logging_mixin.py:137} INFO - [2023-05-02T09:22:29.716+0000] {dagbag.py:532} INFO - Filling up the DagBag from /home/airflow/.local/lib/python3.7/site-packages/airflow/example_dags/example_dynamic_task_mapping.py
[2023-05-02T09:22:29.758+0000] {processor.py:753} INFO - DAG(s) dict_keys(['example_dynamic_task_mapping']) retrieved from /home/airflow/.local/lib/python3.7/site-packages/airflow/example_dags/example_dynamic_task_mapping.py
[2023-05-02T09:22:29.801+0000] {logging_mixin.py:137} INFO - [2023-05-02T09:22:29.801+0000] {dag.py:2705} INFO - Sync 1 DAGs
[2023-05-02T09:22:29.886+0000] {logging_mixin.py:137} INFO - [2023-05-02T09:22:29.886+0000] {dag.py:3456} INFO - Setting next_dagrun for example_dynamic_task_mapping to 2022-03-04T00:00:00+00:00, run_after=2022-03-05T00:00:00+00:00
[2023-05-02T09:22:29.943+0000] {processor.py:175} INFO - Processing /home/airflow/.local/lib/python3.7/site-packages/airflow/example_dags/example_dynamic_task_mapping.py took 0.237 seconds
[2023-05-02T09:38:46.060+0000] {processor.py:153} INFO - Started process (PID=63) to work on /home/airflow/.local/lib/python3.7/site-packages/airflow/example_dags/example_dynamic_task_mapping.py
[2023-05-02T09:38:46.066+0000] {processor.py:743} INFO - Processing file /home/airflow/.local/lib/python3.7/site-packages/airflow/example_dags/example_dynamic_task_mapping.py for tasks to queue
[2023-05-02T09:38:46.077+0000] {logging_mixin.py:137} INFO - [2023-05-02T09:38:46.076+0000] {dagbag.py:532} INFO - Filling up the DagBag from /home/airflow/.local/lib/python3.7/site-packages/airflow/example_dags/example_dynamic_task_mapping.py
[2023-05-02T09:38:46.247+0000] {processor.py:753} INFO - DAG(s) dict_keys(['example_dynamic_task_mapping']) retrieved from /home/airflow/.local/lib/python3.7/site-packages/airflow/example_dags/example_dynamic_task_mapping.py
[2023-05-02T09:38:46.557+0000] {logging_mixin.py:137} INFO - [2023-05-02T09:38:46.553+0000] {dag.py:2705} INFO - Sync 1 DAGs
[2023-05-02T09:38:46.736+0000] {logging_mixin.py:137} INFO - [2023-05-02T09:38:46.734+0000] {dag.py:3456} INFO - Setting next_dagrun for example_dynamic_task_mapping to 2022-03-04T00:00:00+00:00, run_after=2022-03-05T00:00:00+00:00
[2023-05-02T10:22:28.811+0000] {processor.py:153} INFO - Started process (PID=64) to work on /home/airflow/.local/lib/python3.7/site-packages/airflow/example_dags/example_dynamic_task_mapping.py
[2023-05-02T10:22:28.828+0000] {processor.py:743} INFO - Processing file /home/airflow/.local/lib/python3.7/site-packages/airflow/example_dags/example_dynamic_task_mapping.py for tasks to queue
[2023-05-02T10:22:28.829+0000] {logging_mixin.py:137} INFO - [2023-05-02T10:22:28.829+0000] {dagbag.py:532} INFO - Filling up the DagBag from /home/airflow/.local/lib/python3.7/site-packages/airflow/example_dags/example_dynamic_task_mapping.py
[2023-05-02T10:22:29.983+0000] {processor.py:753} INFO - DAG(s) dict_keys(['example_dynamic_task_mapping']) retrieved from /home/airflow/.local/lib/python3.7/site-packages/airflow/example_dags/example_dynamic_task_mapping.py
