[2023-05-02T08:27:48.051+0000] {processor.py:153} INFO - Started process (PID=74) to work on /home/airflow/.local/lib/python3.7/site-packages/airflow/example_dags/example_bash_operator.py
[2023-05-02T08:27:48.052+0000] {processor.py:743} INFO - Processing file /home/airflow/.local/lib/python3.7/site-packages/airflow/example_dags/example_bash_operator.py for tasks to queue
[2023-05-02T08:27:48.053+0000] {logging_mixin.py:137} INFO - [2023-05-02T08:27:48.053+0000] {dagbag.py:532} INFO - Filling up the DagBag from /home/airflow/.local/lib/python3.7/site-packages/airflow/example_dags/example_bash_operator.py
[2023-05-02T08:27:48.102+0000] {processor.py:753} INFO - DAG(s) dict_keys(['example_bash_operator']) retrieved from /home/airflow/.local/lib/python3.7/site-packages/airflow/example_dags/example_bash_operator.py
[2023-05-02T08:27:48.152+0000] {logging_mixin.py:137} INFO - [2023-05-02T08:27:48.152+0000] {dag.py:2705} INFO - Sync 1 DAGs
[2023-05-02T08:27:48.179+0000] {logging_mixin.py:137} INFO - [2023-05-02T08:27:48.179+0000] {dag.py:3456} INFO - Setting next_dagrun for example_bash_operator to 2023-05-01T00:00:00+00:00, run_after=2023-05-02T00:00:00+00:00
[2023-05-02T08:27:48.192+0000] {processor.py:175} INFO - Processing /home/airflow/.local/lib/python3.7/site-packages/airflow/example_dags/example_bash_operator.py took 0.144 seconds
[2023-05-02T08:29:02.888+0000] {processor.py:153} INFO - Started process (PID=65) to work on /home/airflow/.local/lib/python3.7/site-packages/airflow/example_dags/example_bash_operator.py
[2023-05-02T08:29:02.891+0000] {processor.py:743} INFO - Processing file /home/airflow/.local/lib/python3.7/site-packages/airflow/example_dags/example_bash_operator.py for tasks to queue
[2023-05-02T08:29:02.897+0000] {logging_mixin.py:137} INFO - [2023-05-02T08:29:02.897+0000] {dagbag.py:532} INFO - Filling up the DagBag from /home/airflow/.local/lib/python3.7/site-packages/airflow/example_dags/example_bash_operator.py
[2023-05-02T08:29:02.986+0000] {processor.py:753} INFO - DAG(s) dict_keys(['example_bash_operator']) retrieved from /home/airflow/.local/lib/python3.7/site-packages/airflow/example_dags/example_bash_operator.py
[2023-05-02T08:29:03.105+0000] {logging_mixin.py:137} INFO - [2023-05-02T08:29:03.102+0000] {dag.py:2705} INFO - Sync 1 DAGs
[2023-05-02T08:29:03.223+0000] {logging_mixin.py:137} INFO - [2023-05-02T08:29:03.223+0000] {dag.py:3456} INFO - Setting next_dagrun for example_bash_operator to 2023-05-01T00:00:00+00:00, run_after=2023-05-02T00:00:00+00:00
[2023-05-02T08:29:03.438+0000] {processor.py:175} INFO - Processing /home/airflow/.local/lib/python3.7/site-packages/airflow/example_dags/example_bash_operator.py took 0.552 seconds
[2023-05-02T08:32:25.796+0000] {processor.py:153} INFO - Started process (PID=66) to work on /home/airflow/.local/lib/python3.7/site-packages/airflow/example_dags/example_bash_operator.py
[2023-05-02T08:32:25.801+0000] {processor.py:743} INFO - Processing file /home/airflow/.local/lib/python3.7/site-packages/airflow/example_dags/example_bash_operator.py for tasks to queue
[2023-05-02T08:32:25.802+0000] {logging_mixin.py:137} INFO - [2023-05-02T08:32:25.801+0000] {dagbag.py:532} INFO - Filling up the DagBag from /home/airflow/.local/lib/python3.7/site-packages/airflow/example_dags/example_bash_operator.py
[2023-05-02T08:32:25.825+0000] {processor.py:753} INFO - DAG(s) dict_keys(['example_bash_operator']) retrieved from /home/airflow/.local/lib/python3.7/site-packages/airflow/example_dags/example_bash_operator.py
[2023-05-02T08:32:25.881+0000] {logging_mixin.py:137} INFO - [2023-05-02T08:32:25.879+0000] {dag.py:2705} INFO - Sync 1 DAGs
[2023-05-02T08:32:25.939+0000] {logging_mixin.py:137} INFO - [2023-05-02T08:32:25.939+0000] {dag.py:3456} INFO - Setting next_dagrun for example_bash_operator to 2023-05-01T00:00:00+00:00, run_after=2023-05-02T00:00:00+00:00
[2023-05-02T08:32:25.963+0000] {processor.py:175} INFO - Processing /home/airflow/.local/lib/python3.7/site-packages/airflow/example_dags/example_bash_operator.py took 0.168 seconds
[2023-05-02T08:47:26.841+0000] {processor.py:153} INFO - Started process (PID=65) to work on /home/airflow/.local/lib/python3.7/site-packages/airflow/example_dags/example_bash_operator.py
[2023-05-02T08:47:26.850+0000] {processor.py:743} INFO - Processing file /home/airflow/.local/lib/python3.7/site-packages/airflow/example_dags/example_bash_operator.py for tasks to queue
[2023-05-02T08:47:26.850+0000] {logging_mixin.py:137} INFO - [2023-05-02T08:47:26.850+0000] {dagbag.py:532} INFO - Filling up the DagBag from /home/airflow/.local/lib/python3.7/site-packages/airflow/example_dags/example_bash_operator.py
[2023-05-02T08:47:26.879+0000] {processor.py:753} INFO - DAG(s) dict_keys(['example_bash_operator']) retrieved from /home/airflow/.local/lib/python3.7/site-packages/airflow/example_dags/example_bash_operator.py
[2023-05-02T08:47:26.968+0000] {logging_mixin.py:137} INFO - [2023-05-02T08:47:26.968+0000] {dag.py:2705} INFO - Sync 1 DAGs
[2023-05-02T08:47:27.053+0000] {logging_mixin.py:137} INFO - [2023-05-02T08:47:27.053+0000] {dag.py:3456} INFO - Setting next_dagrun for example_bash_operator to 2023-05-01T00:00:00+00:00, run_after=2023-05-02T00:00:00+00:00
[2023-05-02T08:47:27.109+0000] {processor.py:175} INFO - Processing /home/airflow/.local/lib/python3.7/site-packages/airflow/example_dags/example_bash_operator.py took 0.278 seconds
[2023-05-02T09:06:22.060+0000] {processor.py:153} INFO - Started process (PID=65) to work on /home/airflow/.local/lib/python3.7/site-packages/airflow/example_dags/example_bash_operator.py
[2023-05-02T09:06:22.060+0000] {processor.py:743} INFO - Processing file /home/airflow/.local/lib/python3.7/site-packages/airflow/example_dags/example_bash_operator.py for tasks to queue
[2023-05-02T09:06:22.061+0000] {logging_mixin.py:137} INFO - [2023-05-02T09:06:22.061+0000] {dagbag.py:532} INFO - Filling up the DagBag from /home/airflow/.local/lib/python3.7/site-packages/airflow/example_dags/example_bash_operator.py
[2023-05-02T09:06:22.146+0000] {processor.py:753} INFO - DAG(s) dict_keys(['example_bash_operator']) retrieved from /home/airflow/.local/lib/python3.7/site-packages/airflow/example_dags/example_bash_operator.py
[2023-05-02T09:06:22.237+0000] {logging_mixin.py:137} INFO - [2023-05-02T09:06:22.237+0000] {dag.py:2705} INFO - Sync 1 DAGs
[2023-05-02T09:06:22.290+0000] {logging_mixin.py:137} INFO - [2023-05-02T09:06:22.290+0000] {dag.py:3456} INFO - Setting next_dagrun for example_bash_operator to 2023-05-01T00:00:00+00:00, run_after=2023-05-02T00:00:00+00:00
[2023-05-02T09:06:22.397+0000] {processor.py:175} INFO - Processing /home/airflow/.local/lib/python3.7/site-packages/airflow/example_dags/example_bash_operator.py took 0.348 seconds
[2023-05-02T09:08:37.123+0000] {processor.py:153} INFO - Started process (PID=69) to work on /home/airflow/.local/lib/python3.7/site-packages/airflow/example_dags/example_bash_operator.py
[2023-05-02T09:08:37.141+0000] {processor.py:743} INFO - Processing file /home/airflow/.local/lib/python3.7/site-packages/airflow/example_dags/example_bash_operator.py for tasks to queue
[2023-05-02T09:08:37.145+0000] {logging_mixin.py:137} INFO - [2023-05-02T09:08:37.143+0000] {dagbag.py:532} INFO - Filling up the DagBag from /home/airflow/.local/lib/python3.7/site-packages/airflow/example_dags/example_bash_operator.py
[2023-05-02T09:08:37.238+0000] {processor.py:753} INFO - DAG(s) dict_keys(['example_bash_operator']) retrieved from /home/airflow/.local/lib/python3.7/site-packages/airflow/example_dags/example_bash_operator.py
[2023-05-02T09:08:37.338+0000] {logging_mixin.py:137} INFO - [2023-05-02T09:08:37.337+0000] {dag.py:2705} INFO - Sync 1 DAGs
[2023-05-02T09:08:37.417+0000] {logging_mixin.py:137} INFO - [2023-05-02T09:08:37.416+0000] {dag.py:3456} INFO - Setting next_dagrun for example_bash_operator to 2023-05-01T00:00:00+00:00, run_after=2023-05-02T00:00:00+00:00
[2023-05-02T09:08:37.488+0000] {processor.py:175} INFO - Processing /home/airflow/.local/lib/python3.7/site-packages/airflow/example_dags/example_bash_operator.py took 0.368 seconds
[2023-05-02T09:22:29.720+0000] {processor.py:153} INFO - Started process (PID=64) to work on /home/airflow/.local/lib/python3.7/site-packages/airflow/example_dags/example_bash_operator.py
[2023-05-02T09:22:29.724+0000] {processor.py:743} INFO - Processing file /home/airflow/.local/lib/python3.7/site-packages/airflow/example_dags/example_bash_operator.py for tasks to queue
[2023-05-02T09:22:29.726+0000] {logging_mixin.py:137} INFO - [2023-05-02T09:22:29.726+0000] {dagbag.py:532} INFO - Filling up the DagBag from /home/airflow/.local/lib/python3.7/site-packages/airflow/example_dags/example_bash_operator.py
[2023-05-02T09:22:29.755+0000] {processor.py:753} INFO - DAG(s) dict_keys(['example_bash_operator']) retrieved from /home/airflow/.local/lib/python3.7/site-packages/airflow/example_dags/example_bash_operator.py
[2023-05-02T09:22:29.848+0000] {logging_mixin.py:137} INFO - [2023-05-02T09:22:29.848+0000] {dag.py:2705} INFO - Sync 1 DAGs
[2023-05-02T09:22:29.954+0000] {logging_mixin.py:137} INFO - [2023-05-02T09:22:29.953+0000] {dag.py:3456} INFO - Setting next_dagrun for example_bash_operator to 2023-05-01T00:00:00+00:00, run_after=2023-05-02T00:00:00+00:00
[2023-05-02T09:22:30.022+0000] {processor.py:175} INFO - Processing /home/airflow/.local/lib/python3.7/site-packages/airflow/example_dags/example_bash_operator.py took 0.308 seconds
[2023-05-02T09:38:46.448+0000] {processor.py:153} INFO - Started process (PID=64) to work on /home/airflow/.local/lib/python3.7/site-packages/airflow/example_dags/example_bash_operator.py
[2023-05-02T09:38:46.462+0000] {processor.py:743} INFO - Processing file /home/airflow/.local/lib/python3.7/site-packages/airflow/example_dags/example_bash_operator.py for tasks to queue
[2023-05-02T09:38:46.464+0000] {logging_mixin.py:137} INFO - [2023-05-02T09:38:46.464+0000] {dagbag.py:532} INFO - Filling up the DagBag from /home/airflow/.local/lib/python3.7/site-packages/airflow/example_dags/example_bash_operator.py
[2023-05-02T09:38:46.694+0000] {processor.py:753} INFO - DAG(s) dict_keys(['example_bash_operator']) retrieved from /home/airflow/.local/lib/python3.7/site-packages/airflow/example_dags/example_bash_operator.py
[2023-05-02T10:22:32.117+0000] {processor.py:153} INFO - Started process (PID=65) to work on /home/airflow/.local/lib/python3.7/site-packages/airflow/example_dags/example_bash_operator.py
[2023-05-02T10:22:32.122+0000] {processor.py:743} INFO - Processing file /home/airflow/.local/lib/python3.7/site-packages/airflow/example_dags/example_bash_operator.py for tasks to queue
[2023-05-02T10:22:32.123+0000] {logging_mixin.py:137} INFO - [2023-05-02T10:22:32.123+0000] {dagbag.py:532} INFO - Filling up the DagBag from /home/airflow/.local/lib/python3.7/site-packages/airflow/example_dags/example_bash_operator.py
[2023-05-02T10:22:32.818+0000] {processor.py:753} INFO - DAG(s) dict_keys(['example_bash_operator']) retrieved from /home/airflow/.local/lib/python3.7/site-packages/airflow/example_dags/example_bash_operator.py
