[2023-05-02T08:27:48.464+0000] {processor.py:153} INFO - Started process (PID=78) to work on /home/airflow/.local/lib/python3.7/site-packages/airflow/example_dags/example_short_circuit_decorator.py
[2023-05-02T08:27:48.468+0000] {processor.py:743} INFO - Processing file /home/airflow/.local/lib/python3.7/site-packages/airflow/example_dags/example_short_circuit_decorator.py for tasks to queue
[2023-05-02T08:27:48.469+0000] {logging_mixin.py:137} INFO - [2023-05-02T08:27:48.469+0000] {dagbag.py:532} INFO - Filling up the DagBag from /home/airflow/.local/lib/python3.7/site-packages/airflow/example_dags/example_short_circuit_decorator.py
[2023-05-02T08:27:48.525+0000] {processor.py:753} INFO - DAG(s) dict_keys(['example_short_circuit_decorator']) retrieved from /home/airflow/.local/lib/python3.7/site-packages/airflow/example_dags/example_short_circuit_decorator.py
[2023-05-02T08:27:48.576+0000] {logging_mixin.py:137} INFO - [2023-05-02T08:27:48.576+0000] {dag.py:2705} INFO - Sync 1 DAGs
[2023-05-02T08:27:48.594+0000] {logging_mixin.py:137} INFO - [2023-05-02T08:27:48.594+0000] {dag.py:3456} INFO - Setting next_dagrun for example_short_circuit_decorator to 2023-05-01T08:27:48.594434+00:00, run_after=2023-05-02T08:27:48.594434+00:00
[2023-05-02T08:27:48.604+0000] {processor.py:175} INFO - Processing /home/airflow/.local/lib/python3.7/site-packages/airflow/example_dags/example_short_circuit_decorator.py took 0.147 seconds
[2023-05-02T08:29:09.988+0000] {processor.py:153} INFO - Started process (PID=69) to work on /home/airflow/.local/lib/python3.7/site-packages/airflow/example_dags/example_short_circuit_decorator.py
[2023-05-02T08:29:09.994+0000] {processor.py:743} INFO - Processing file /home/airflow/.local/lib/python3.7/site-packages/airflow/example_dags/example_short_circuit_decorator.py for tasks to queue
[2023-05-02T08:29:09.995+0000] {logging_mixin.py:137} INFO - [2023-05-02T08:29:09.995+0000] {dagbag.py:532} INFO - Filling up the DagBag from /home/airflow/.local/lib/python3.7/site-packages/airflow/example_dags/example_short_circuit_decorator.py
[2023-05-02T08:29:10.066+0000] {processor.py:753} INFO - DAG(s) dict_keys(['example_short_circuit_decorator']) retrieved from /home/airflow/.local/lib/python3.7/site-packages/airflow/example_dags/example_short_circuit_decorator.py
[2023-05-02T08:29:10.127+0000] {logging_mixin.py:137} INFO - [2023-05-02T08:29:10.127+0000] {dag.py:2705} INFO - Sync 1 DAGs
[2023-05-02T08:29:10.232+0000] {logging_mixin.py:137} INFO - [2023-05-02T08:29:10.232+0000] {dag.py:3456} INFO - Setting next_dagrun for example_short_circuit_decorator to 2023-05-01T08:29:10.225135+00:00, run_after=2023-05-02T08:29:10.225135+00:00
[2023-05-02T08:29:10.330+0000] {processor.py:175} INFO - Processing /home/airflow/.local/lib/python3.7/site-packages/airflow/example_dags/example_short_circuit_decorator.py took 0.343 seconds
[2023-05-02T08:32:26.197+0000] {processor.py:153} INFO - Started process (PID=70) to work on /home/airflow/.local/lib/python3.7/site-packages/airflow/example_dags/example_short_circuit_decorator.py
[2023-05-02T08:32:26.204+0000] {processor.py:743} INFO - Processing file /home/airflow/.local/lib/python3.7/site-packages/airflow/example_dags/example_short_circuit_decorator.py for tasks to queue
[2023-05-02T08:32:26.207+0000] {logging_mixin.py:137} INFO - [2023-05-02T08:32:26.207+0000] {dagbag.py:532} INFO - Filling up the DagBag from /home/airflow/.local/lib/python3.7/site-packages/airflow/example_dags/example_short_circuit_decorator.py
[2023-05-02T08:32:26.256+0000] {processor.py:753} INFO - DAG(s) dict_keys(['example_short_circuit_decorator']) retrieved from /home/airflow/.local/lib/python3.7/site-packages/airflow/example_dags/example_short_circuit_decorator.py
[2023-05-02T08:32:26.324+0000] {logging_mixin.py:137} INFO - [2023-05-02T08:32:26.323+0000] {dag.py:2705} INFO - Sync 1 DAGs
[2023-05-02T08:32:26.383+0000] {logging_mixin.py:137} INFO - [2023-05-02T08:32:26.383+0000] {dag.py:3456} INFO - Setting next_dagrun for example_short_circuit_decorator to 2023-05-01T08:32:26.379286+00:00, run_after=2023-05-02T08:32:26.379286+00:00
[2023-05-02T08:32:26.404+0000] {processor.py:175} INFO - Processing /home/airflow/.local/lib/python3.7/site-packages/airflow/example_dags/example_short_circuit_decorator.py took 0.210 seconds
[2023-05-02T08:47:27.400+0000] {processor.py:153} INFO - Started process (PID=69) to work on /home/airflow/.local/lib/python3.7/site-packages/airflow/example_dags/example_short_circuit_decorator.py
[2023-05-02T08:47:27.401+0000] {processor.py:743} INFO - Processing file /home/airflow/.local/lib/python3.7/site-packages/airflow/example_dags/example_short_circuit_decorator.py for tasks to queue
[2023-05-02T08:47:27.404+0000] {logging_mixin.py:137} INFO - [2023-05-02T08:47:27.404+0000] {dagbag.py:532} INFO - Filling up the DagBag from /home/airflow/.local/lib/python3.7/site-packages/airflow/example_dags/example_short_circuit_decorator.py
[2023-05-02T08:47:27.449+0000] {processor.py:753} INFO - DAG(s) dict_keys(['example_short_circuit_decorator']) retrieved from /home/airflow/.local/lib/python3.7/site-packages/airflow/example_dags/example_short_circuit_decorator.py
[2023-05-02T08:47:27.509+0000] {logging_mixin.py:137} INFO - [2023-05-02T08:47:27.508+0000] {dag.py:2705} INFO - Sync 1 DAGs
[2023-05-02T08:47:27.585+0000] {logging_mixin.py:137} INFO - [2023-05-02T08:47:27.585+0000] {dag.py:3456} INFO - Setting next_dagrun for example_short_circuit_decorator to 2023-05-01T08:47:27.584733+00:00, run_after=2023-05-02T08:47:27.584733+00:00
[2023-05-02T08:47:27.669+0000] {processor.py:175} INFO - Processing /home/airflow/.local/lib/python3.7/site-packages/airflow/example_dags/example_short_circuit_decorator.py took 0.275 seconds
[2023-05-02T09:06:22.653+0000] {processor.py:153} INFO - Started process (PID=69) to work on /home/airflow/.local/lib/python3.7/site-packages/airflow/example_dags/example_short_circuit_decorator.py
[2023-05-02T09:06:22.654+0000] {processor.py:743} INFO - Processing file /home/airflow/.local/lib/python3.7/site-packages/airflow/example_dags/example_short_circuit_decorator.py for tasks to queue
[2023-05-02T09:06:22.654+0000] {logging_mixin.py:137} INFO - [2023-05-02T09:06:22.654+0000] {dagbag.py:532} INFO - Filling up the DagBag from /home/airflow/.local/lib/python3.7/site-packages/airflow/example_dags/example_short_circuit_decorator.py
[2023-05-02T09:06:22.742+0000] {processor.py:753} INFO - DAG(s) dict_keys(['example_short_circuit_decorator']) retrieved from /home/airflow/.local/lib/python3.7/site-packages/airflow/example_dags/example_short_circuit_decorator.py
[2023-05-02T09:06:22.845+0000] {logging_mixin.py:137} INFO - [2023-05-02T09:06:22.845+0000] {dag.py:2705} INFO - Sync 1 DAGs
[2023-05-02T09:06:22.904+0000] {logging_mixin.py:137} INFO - [2023-05-02T09:06:22.904+0000] {dag.py:3456} INFO - Setting next_dagrun for example_short_circuit_decorator to 2023-05-01T09:06:22.904011+00:00, run_after=2023-05-02T09:06:22.904011+00:00
[2023-05-02T09:06:23.052+0000] {processor.py:175} INFO - Processing /home/airflow/.local/lib/python3.7/site-packages/airflow/example_dags/example_short_circuit_decorator.py took 0.410 seconds
[2023-05-02T09:08:37.724+0000] {processor.py:153} INFO - Started process (PID=73) to work on /home/airflow/.local/lib/python3.7/site-packages/airflow/example_dags/example_short_circuit_decorator.py
[2023-05-02T09:08:37.736+0000] {processor.py:743} INFO - Processing file /home/airflow/.local/lib/python3.7/site-packages/airflow/example_dags/example_short_circuit_decorator.py for tasks to queue
[2023-05-02T09:08:37.738+0000] {logging_mixin.py:137} INFO - [2023-05-02T09:08:37.738+0000] {dagbag.py:532} INFO - Filling up the DagBag from /home/airflow/.local/lib/python3.7/site-packages/airflow/example_dags/example_short_circuit_decorator.py
[2023-05-02T09:08:37.786+0000] {processor.py:753} INFO - DAG(s) dict_keys(['example_short_circuit_decorator']) retrieved from /home/airflow/.local/lib/python3.7/site-packages/airflow/example_dags/example_short_circuit_decorator.py
[2023-05-02T09:08:37.846+0000] {logging_mixin.py:137} INFO - [2023-05-02T09:08:37.845+0000] {dag.py:2705} INFO - Sync 1 DAGs
[2023-05-02T09:08:37.932+0000] {logging_mixin.py:137} INFO - [2023-05-02T09:08:37.932+0000] {dag.py:3456} INFO - Setting next_dagrun for example_short_circuit_decorator to 2023-05-01T09:08:37.932007+00:00, run_after=2023-05-02T09:08:37.932007+00:00
[2023-05-02T09:08:37.964+0000] {processor.py:175} INFO - Processing /home/airflow/.local/lib/python3.7/site-packages/airflow/example_dags/example_short_circuit_decorator.py took 0.242 seconds
[2023-05-02T09:22:30.290+0000] {processor.py:153} INFO - Started process (PID=68) to work on /home/airflow/.local/lib/python3.7/site-packages/airflow/example_dags/example_short_circuit_decorator.py
[2023-05-02T09:22:30.296+0000] {processor.py:743} INFO - Processing file /home/airflow/.local/lib/python3.7/site-packages/airflow/example_dags/example_short_circuit_decorator.py for tasks to queue
[2023-05-02T09:22:30.296+0000] {logging_mixin.py:137} INFO - [2023-05-02T09:22:30.296+0000] {dagbag.py:532} INFO - Filling up the DagBag from /home/airflow/.local/lib/python3.7/site-packages/airflow/example_dags/example_short_circuit_decorator.py
[2023-05-02T09:22:30.335+0000] {processor.py:753} INFO - DAG(s) dict_keys(['example_short_circuit_decorator']) retrieved from /home/airflow/.local/lib/python3.7/site-packages/airflow/example_dags/example_short_circuit_decorator.py
[2023-05-02T09:22:30.374+0000] {logging_mixin.py:137} INFO - [2023-05-02T09:22:30.374+0000] {dag.py:2705} INFO - Sync 1 DAGs
[2023-05-02T09:22:30.426+0000] {logging_mixin.py:137} INFO - [2023-05-02T09:22:30.426+0000] {dag.py:3456} INFO - Setting next_dagrun for example_short_circuit_decorator to 2023-05-01T09:22:30.426168+00:00, run_after=2023-05-02T09:22:30.426168+00:00
[2023-05-02T09:22:30.456+0000] {processor.py:175} INFO - Processing /home/airflow/.local/lib/python3.7/site-packages/airflow/example_dags/example_short_circuit_decorator.py took 0.170 seconds
