[2023-05-02T08:13:58.737+0000] {processor.py:153} INFO - Started process (PID=61) to work on /home/airflow/.local/lib/python3.7/site-packages/airflow/example_dags/example_time_delta_sensor_async.py
[2023-05-02T08:13:58.750+0000] {processor.py:743} INFO - Processing file /home/airflow/.local/lib/python3.7/site-packages/airflow/example_dags/example_time_delta_sensor_async.py for tasks to queue
[2023-05-02T08:13:58.752+0000] {logging_mixin.py:137} INFO - [2023-05-02T08:13:58.752+0000] {dagbag.py:532} INFO - Filling up the DagBag from /home/airflow/.local/lib/python3.7/site-packages/airflow/example_dags/example_time_delta_sensor_async.py
[2023-05-02T08:13:58.804+0000] {processor.py:753} INFO - DAG(s) dict_keys(['example_time_delta_sensor_async']) retrieved from /home/airflow/.local/lib/python3.7/site-packages/airflow/example_dags/example_time_delta_sensor_async.py
[2023-05-02T08:13:58.939+0000] {logging_mixin.py:137} INFO - [2023-05-02T08:13:58.939+0000] {dag.py:2705} INFO - Sync 1 DAGs
[2023-05-02T08:13:59.203+0000] {logging_mixin.py:137} INFO - [2023-05-02T08:13:59.202+0000] {dag.py:3456} INFO - Setting next_dagrun for example_time_delta_sensor_async to None, run_after=None
[2023-05-02T08:15:58.025+0000] {processor.py:153} INFO - Started process (PID=51) to work on /home/airflow/.local/lib/python3.7/site-packages/airflow/example_dags/example_time_delta_sensor_async.py
[2023-05-02T08:15:58.029+0000] {processor.py:743} INFO - Processing file /home/airflow/.local/lib/python3.7/site-packages/airflow/example_dags/example_time_delta_sensor_async.py for tasks to queue
[2023-05-02T08:15:58.030+0000] {logging_mixin.py:137} INFO - [2023-05-02T08:15:58.030+0000] {dagbag.py:532} INFO - Filling up the DagBag from /home/airflow/.local/lib/python3.7/site-packages/airflow/example_dags/example_time_delta_sensor_async.py
[2023-05-02T08:15:58.069+0000] {processor.py:753} INFO - DAG(s) dict_keys(['example_time_delta_sensor_async']) retrieved from /home/airflow/.local/lib/python3.7/site-packages/airflow/example_dags/example_time_delta_sensor_async.py
[2023-05-02T08:15:58.118+0000] {logging_mixin.py:137} INFO - [2023-05-02T08:15:58.117+0000] {dag.py:2705} INFO - Sync 1 DAGs
[2023-05-02T08:15:58.207+0000] {logging_mixin.py:137} INFO - [2023-05-02T08:15:58.207+0000] {dag.py:3456} INFO - Setting next_dagrun for example_time_delta_sensor_async to None, run_after=None
[2023-05-02T08:15:58.259+0000] {processor.py:175} INFO - Processing /home/airflow/.local/lib/python3.7/site-packages/airflow/example_dags/example_time_delta_sensor_async.py took 0.237 seconds
[2023-05-02T08:20:22.645+0000] {processor.py:153} INFO - Started process (PID=59) to work on /home/airflow/.local/lib/python3.7/site-packages/airflow/example_dags/example_time_delta_sensor_async.py
[2023-05-02T08:20:22.654+0000] {processor.py:743} INFO - Processing file /home/airflow/.local/lib/python3.7/site-packages/airflow/example_dags/example_time_delta_sensor_async.py for tasks to queue
[2023-05-02T08:20:22.657+0000] {logging_mixin.py:137} INFO - [2023-05-02T08:20:22.656+0000] {dagbag.py:532} INFO - Filling up the DagBag from /home/airflow/.local/lib/python3.7/site-packages/airflow/example_dags/example_time_delta_sensor_async.py
[2023-05-02T08:21:28.543+0000] {processor.py:153} INFO - Started process (PID=51) to work on /home/airflow/.local/lib/python3.7/site-packages/airflow/example_dags/example_time_delta_sensor_async.py
[2023-05-02T08:21:28.551+0000] {processor.py:743} INFO - Processing file /home/airflow/.local/lib/python3.7/site-packages/airflow/example_dags/example_time_delta_sensor_async.py for tasks to queue
[2023-05-02T08:21:28.555+0000] {logging_mixin.py:137} INFO - [2023-05-02T08:21:28.555+0000] {dagbag.py:532} INFO - Filling up the DagBag from /home/airflow/.local/lib/python3.7/site-packages/airflow/example_dags/example_time_delta_sensor_async.py
[2023-05-02T08:21:28.597+0000] {processor.py:753} INFO - DAG(s) dict_keys(['example_time_delta_sensor_async']) retrieved from /home/airflow/.local/lib/python3.7/site-packages/airflow/example_dags/example_time_delta_sensor_async.py
[2023-05-02T08:21:28.707+0000] {logging_mixin.py:137} INFO - [2023-05-02T08:21:28.707+0000] {dag.py:2705} INFO - Sync 1 DAGs
[2023-05-02T08:21:28.796+0000] {logging_mixin.py:137} INFO - [2023-05-02T08:21:28.796+0000] {dag.py:3456} INFO - Setting next_dagrun for example_time_delta_sensor_async to None, run_after=None
[2023-05-02T08:21:28.825+0000] {processor.py:175} INFO - Processing /home/airflow/.local/lib/python3.7/site-packages/airflow/example_dags/example_time_delta_sensor_async.py took 0.288 seconds
[2023-05-02T08:23:49.348+0000] {processor.py:153} INFO - Started process (PID=64) to work on /home/airflow/.local/lib/python3.7/site-packages/airflow/example_dags/example_time_delta_sensor_async.py
[2023-05-02T08:23:49.366+0000] {processor.py:743} INFO - Processing file /home/airflow/.local/lib/python3.7/site-packages/airflow/example_dags/example_time_delta_sensor_async.py for tasks to queue
[2023-05-02T08:23:49.370+0000] {logging_mixin.py:137} INFO - [2023-05-02T08:23:49.370+0000] {dagbag.py:532} INFO - Filling up the DagBag from /home/airflow/.local/lib/python3.7/site-packages/airflow/example_dags/example_time_delta_sensor_async.py
[2023-05-02T08:23:49.445+0000] {processor.py:753} INFO - DAG(s) dict_keys(['example_time_delta_sensor_async']) retrieved from /home/airflow/.local/lib/python3.7/site-packages/airflow/example_dags/example_time_delta_sensor_async.py
[2023-05-02T08:23:49.565+0000] {logging_mixin.py:137} INFO - [2023-05-02T08:23:49.565+0000] {dag.py:2705} INFO - Sync 1 DAGs
[2023-05-02T08:23:49.641+0000] {logging_mixin.py:137} INFO - [2023-05-02T08:23:49.641+0000] {dag.py:3456} INFO - Setting next_dagrun for example_time_delta_sensor_async to None, run_after=None
[2023-05-02T08:23:49.748+0000] {processor.py:175} INFO - Processing /home/airflow/.local/lib/python3.7/site-packages/airflow/example_dags/example_time_delta_sensor_async.py took 0.424 seconds
[2023-05-02T08:24:23.875+0000] {processor.py:153} INFO - Started process (PID=52) to work on /home/airflow/.local/lib/python3.7/site-packages/airflow/example_dags/example_time_delta_sensor_async.py
[2023-05-02T08:24:23.876+0000] {processor.py:743} INFO - Processing file /home/airflow/.local/lib/python3.7/site-packages/airflow/example_dags/example_time_delta_sensor_async.py for tasks to queue
[2023-05-02T08:24:23.876+0000] {logging_mixin.py:137} INFO - [2023-05-02T08:24:23.876+0000] {dagbag.py:532} INFO - Filling up the DagBag from /home/airflow/.local/lib/python3.7/site-packages/airflow/example_dags/example_time_delta_sensor_async.py
[2023-05-02T08:24:23.980+0000] {processor.py:753} INFO - DAG(s) dict_keys(['example_time_delta_sensor_async']) retrieved from /home/airflow/.local/lib/python3.7/site-packages/airflow/example_dags/example_time_delta_sensor_async.py
[2023-05-02T08:24:24.210+0000] {logging_mixin.py:137} INFO - [2023-05-02T08:24:24.191+0000] {dag.py:2705} INFO - Sync 1 DAGs
[2023-05-02T08:24:25.704+0000] {logging_mixin.py:137} INFO - [2023-05-02T08:24:25.698+0000] {dag.py:3456} INFO - Setting next_dagrun for example_time_delta_sensor_async to None, run_after=None
[2023-05-02T08:27:44.999+0000] {processor.py:153} INFO - Started process (PID=60) to work on /home/airflow/.local/lib/python3.7/site-packages/airflow/example_dags/example_time_delta_sensor_async.py
[2023-05-02T08:27:45.000+0000] {processor.py:743} INFO - Processing file /home/airflow/.local/lib/python3.7/site-packages/airflow/example_dags/example_time_delta_sensor_async.py for tasks to queue
[2023-05-02T08:27:45.001+0000] {logging_mixin.py:137} INFO - [2023-05-02T08:27:45.001+0000] {dagbag.py:532} INFO - Filling up the DagBag from /home/airflow/.local/lib/python3.7/site-packages/airflow/example_dags/example_time_delta_sensor_async.py
[2023-05-02T08:27:45.086+0000] {processor.py:753} INFO - DAG(s) dict_keys(['example_time_delta_sensor_async']) retrieved from /home/airflow/.local/lib/python3.7/site-packages/airflow/example_dags/example_time_delta_sensor_async.py
[2023-05-02T08:27:45.244+0000] {logging_mixin.py:137} INFO - [2023-05-02T08:27:45.238+0000] {dag.py:2705} INFO - Sync 1 DAGs
[2023-05-02T08:27:45.463+0000] {logging_mixin.py:137} INFO - [2023-05-02T08:27:45.462+0000] {dag.py:3456} INFO - Setting next_dagrun for example_time_delta_sensor_async to None, run_after=None
[2023-05-02T08:27:46.763+0000] {processor.py:175} INFO - Processing /home/airflow/.local/lib/python3.7/site-packages/airflow/example_dags/example_time_delta_sensor_async.py took 1.769 seconds
[2023-05-02T08:28:51.488+0000] {processor.py:153} INFO - Started process (PID=51) to work on /home/airflow/.local/lib/python3.7/site-packages/airflow/example_dags/example_time_delta_sensor_async.py
[2023-05-02T08:28:51.489+0000] {processor.py:743} INFO - Processing file /home/airflow/.local/lib/python3.7/site-packages/airflow/example_dags/example_time_delta_sensor_async.py for tasks to queue
[2023-05-02T08:28:51.491+0000] {logging_mixin.py:137} INFO - [2023-05-02T08:28:51.490+0000] {dagbag.py:532} INFO - Filling up the DagBag from /home/airflow/.local/lib/python3.7/site-packages/airflow/example_dags/example_time_delta_sensor_async.py
[2023-05-02T08:28:51.513+0000] {processor.py:753} INFO - DAG(s) dict_keys(['example_time_delta_sensor_async']) retrieved from /home/airflow/.local/lib/python3.7/site-packages/airflow/example_dags/example_time_delta_sensor_async.py
[2023-05-02T08:28:51.541+0000] {logging_mixin.py:137} INFO - [2023-05-02T08:28:51.541+0000] {dag.py:2705} INFO - Sync 1 DAGs
[2023-05-02T08:28:51.557+0000] {logging_mixin.py:137} INFO - [2023-05-02T08:28:51.557+0000] {dag.py:3456} INFO - Setting next_dagrun for example_time_delta_sensor_async to None, run_after=None
[2023-05-02T08:28:51.660+0000] {processor.py:175} INFO - Processing /home/airflow/.local/lib/python3.7/site-packages/airflow/example_dags/example_time_delta_sensor_async.py took 0.174 seconds
[2023-05-02T08:32:24.604+0000] {processor.py:153} INFO - Started process (PID=52) to work on /home/airflow/.local/lib/python3.7/site-packages/airflow/example_dags/example_time_delta_sensor_async.py
[2023-05-02T08:32:24.606+0000] {processor.py:743} INFO - Processing file /home/airflow/.local/lib/python3.7/site-packages/airflow/example_dags/example_time_delta_sensor_async.py for tasks to queue
[2023-05-02T08:32:24.608+0000] {logging_mixin.py:137} INFO - [2023-05-02T08:32:24.608+0000] {dagbag.py:532} INFO - Filling up the DagBag from /home/airflow/.local/lib/python3.7/site-packages/airflow/example_dags/example_time_delta_sensor_async.py
[2023-05-02T08:32:24.634+0000] {processor.py:753} INFO - DAG(s) dict_keys(['example_time_delta_sensor_async']) retrieved from /home/airflow/.local/lib/python3.7/site-packages/airflow/example_dags/example_time_delta_sensor_async.py
[2023-05-02T08:32:24.673+0000] {logging_mixin.py:137} INFO - [2023-05-02T08:32:24.673+0000] {dag.py:2705} INFO - Sync 1 DAGs
[2023-05-02T08:32:24.695+0000] {logging_mixin.py:137} INFO - [2023-05-02T08:32:24.694+0000] {dag.py:3456} INFO - Setting next_dagrun for example_time_delta_sensor_async to None, run_after=None
[2023-05-02T08:32:24.710+0000] {processor.py:175} INFO - Processing /home/airflow/.local/lib/python3.7/site-packages/airflow/example_dags/example_time_delta_sensor_async.py took 0.113 seconds
[2023-05-02T08:47:25.360+0000] {processor.py:153} INFO - Started process (PID=51) to work on /home/airflow/.local/lib/python3.7/site-packages/airflow/example_dags/example_time_delta_sensor_async.py
[2023-05-02T08:47:25.360+0000] {processor.py:743} INFO - Processing file /home/airflow/.local/lib/python3.7/site-packages/airflow/example_dags/example_time_delta_sensor_async.py for tasks to queue
[2023-05-02T08:47:25.361+0000] {logging_mixin.py:137} INFO - [2023-05-02T08:47:25.361+0000] {dagbag.py:532} INFO - Filling up the DagBag from /home/airflow/.local/lib/python3.7/site-packages/airflow/example_dags/example_time_delta_sensor_async.py
[2023-05-02T08:47:25.413+0000] {processor.py:753} INFO - DAG(s) dict_keys(['example_time_delta_sensor_async']) retrieved from /home/airflow/.local/lib/python3.7/site-packages/airflow/example_dags/example_time_delta_sensor_async.py
[2023-05-02T08:47:25.492+0000] {logging_mixin.py:137} INFO - [2023-05-02T08:47:25.492+0000] {dag.py:2705} INFO - Sync 1 DAGs
[2023-05-02T08:47:25.529+0000] {logging_mixin.py:137} INFO - [2023-05-02T08:47:25.529+0000] {dag.py:3456} INFO - Setting next_dagrun for example_time_delta_sensor_async to None, run_after=None
[2023-05-02T08:47:25.579+0000] {processor.py:175} INFO - Processing /home/airflow/.local/lib/python3.7/site-packages/airflow/example_dags/example_time_delta_sensor_async.py took 0.225 seconds
[2023-05-02T08:48:20.466+0000] {processor.py:153} INFO - Started process (PID=52) to work on /home/airflow/.local/lib/python3.7/site-packages/airflow/example_dags/example_time_delta_sensor_async.py
[2023-05-02T08:48:20.473+0000] {processor.py:743} INFO - Processing file /home/airflow/.local/lib/python3.7/site-packages/airflow/example_dags/example_time_delta_sensor_async.py for tasks to queue
[2023-05-02T08:48:20.476+0000] {logging_mixin.py:137} INFO - [2023-05-02T08:48:20.474+0000] {dagbag.py:532} INFO - Filling up the DagBag from /home/airflow/.local/lib/python3.7/site-packages/airflow/example_dags/example_time_delta_sensor_async.py
[2023-05-02T08:48:20.746+0000] {processor.py:753} INFO - DAG(s) dict_keys(['example_time_delta_sensor_async']) retrieved from /home/airflow/.local/lib/python3.7/site-packages/airflow/example_dags/example_time_delta_sensor_async.py
[2023-05-02T08:55:50.059+0000] {processor.py:153} INFO - Started process (PID=59) to work on /home/airflow/.local/lib/python3.7/site-packages/airflow/example_dags/example_time_delta_sensor_async.py
[2023-05-02T08:55:50.060+0000] {processor.py:743} INFO - Processing file /home/airflow/.local/lib/python3.7/site-packages/airflow/example_dags/example_time_delta_sensor_async.py for tasks to queue
[2023-05-02T08:55:50.061+0000] {logging_mixin.py:137} INFO - [2023-05-02T08:55:50.061+0000] {dagbag.py:532} INFO - Filling up the DagBag from /home/airflow/.local/lib/python3.7/site-packages/airflow/example_dags/example_time_delta_sensor_async.py
[2023-05-02T08:55:50.160+0000] {processor.py:753} INFO - DAG(s) dict_keys(['example_time_delta_sensor_async']) retrieved from /home/airflow/.local/lib/python3.7/site-packages/airflow/example_dags/example_time_delta_sensor_async.py
[2023-05-02T08:55:50.263+0000] {logging_mixin.py:137} INFO - [2023-05-02T08:55:50.261+0000] {dag.py:2705} INFO - Sync 1 DAGs
[2023-05-02T08:55:50.359+0000] {logging_mixin.py:137} INFO - [2023-05-02T08:55:50.352+0000] {dag.py:3456} INFO - Setting next_dagrun for example_time_delta_sensor_async to None, run_after=None
[2023-05-02T08:55:50.431+0000] {processor.py:175} INFO - Processing /home/airflow/.local/lib/python3.7/site-packages/airflow/example_dags/example_time_delta_sensor_async.py took 0.374 seconds
[2023-05-02T09:03:27.773+0000] {processor.py:153} INFO - Started process (PID=51) to work on /home/airflow/.local/lib/python3.7/site-packages/airflow/example_dags/example_time_delta_sensor_async.py
[2023-05-02T09:03:27.805+0000] {processor.py:743} INFO - Processing file /home/airflow/.local/lib/python3.7/site-packages/airflow/example_dags/example_time_delta_sensor_async.py for tasks to queue
[2023-05-02T09:03:27.826+0000] {logging_mixin.py:137} INFO - [2023-05-02T09:03:27.813+0000] {dagbag.py:532} INFO - Filling up the DagBag from /home/airflow/.local/lib/python3.7/site-packages/airflow/example_dags/example_time_delta_sensor_async.py
[2023-05-02T09:03:28.047+0000] {processor.py:753} INFO - DAG(s) dict_keys(['example_time_delta_sensor_async']) retrieved from /home/airflow/.local/lib/python3.7/site-packages/airflow/example_dags/example_time_delta_sensor_async.py
[2023-05-02T09:03:28.202+0000] {logging_mixin.py:137} INFO - [2023-05-02T09:03:28.196+0000] {dag.py:2705} INFO - Sync 1 DAGs
[2023-05-02T09:03:28.311+0000] {logging_mixin.py:137} INFO - [2023-05-02T09:03:28.293+0000] {dag.py:3456} INFO - Setting next_dagrun for example_time_delta_sensor_async to None, run_after=None
[2023-05-02T09:03:28.506+0000] {processor.py:175} INFO - Processing /home/airflow/.local/lib/python3.7/site-packages/airflow/example_dags/example_time_delta_sensor_async.py took 0.764 seconds
[2023-05-02T09:06:16.629+0000] {processor.py:153} INFO - Started process (PID=51) to work on /home/airflow/.local/lib/python3.7/site-packages/airflow/example_dags/example_time_delta_sensor_async.py
[2023-05-02T09:06:16.630+0000] {processor.py:743} INFO - Processing file /home/airflow/.local/lib/python3.7/site-packages/airflow/example_dags/example_time_delta_sensor_async.py for tasks to queue
[2023-05-02T09:06:16.632+0000] {logging_mixin.py:137} INFO - [2023-05-02T09:06:16.632+0000] {dagbag.py:532} INFO - Filling up the DagBag from /home/airflow/.local/lib/python3.7/site-packages/airflow/example_dags/example_time_delta_sensor_async.py
[2023-05-02T09:06:16.665+0000] {processor.py:753} INFO - DAG(s) dict_keys(['example_time_delta_sensor_async']) retrieved from /home/airflow/.local/lib/python3.7/site-packages/airflow/example_dags/example_time_delta_sensor_async.py
[2023-05-02T09:06:16.748+0000] {logging_mixin.py:137} INFO - [2023-05-02T09:06:16.748+0000] {dag.py:2705} INFO - Sync 1 DAGs
[2023-05-02T09:06:16.793+0000] {logging_mixin.py:137} INFO - [2023-05-02T09:06:16.792+0000] {dag.py:3456} INFO - Setting next_dagrun for example_time_delta_sensor_async to None, run_after=None
[2023-05-02T09:06:16.808+0000] {processor.py:175} INFO - Processing /home/airflow/.local/lib/python3.7/site-packages/airflow/example_dags/example_time_delta_sensor_async.py took 0.183 seconds
[2023-05-02T09:08:34.518+0000] {processor.py:153} INFO - Started process (PID=55) to work on /home/airflow/.local/lib/python3.7/site-packages/airflow/example_dags/example_time_delta_sensor_async.py
[2023-05-02T09:08:34.534+0000] {processor.py:743} INFO - Processing file /home/airflow/.local/lib/python3.7/site-packages/airflow/example_dags/example_time_delta_sensor_async.py for tasks to queue
[2023-05-02T09:08:34.537+0000] {logging_mixin.py:137} INFO - [2023-05-02T09:08:34.537+0000] {dagbag.py:532} INFO - Filling up the DagBag from /home/airflow/.local/lib/python3.7/site-packages/airflow/example_dags/example_time_delta_sensor_async.py
[2023-05-02T09:08:34.650+0000] {processor.py:753} INFO - DAG(s) dict_keys(['example_time_delta_sensor_async']) retrieved from /home/airflow/.local/lib/python3.7/site-packages/airflow/example_dags/example_time_delta_sensor_async.py
[2023-05-02T09:08:34.766+0000] {logging_mixin.py:137} INFO - [2023-05-02T09:08:34.766+0000] {dag.py:2705} INFO - Sync 1 DAGs
[2023-05-02T09:08:34.846+0000] {logging_mixin.py:137} INFO - [2023-05-02T09:08:34.846+0000] {dag.py:3456} INFO - Setting next_dagrun for example_time_delta_sensor_async to None, run_after=None
[2023-05-02T09:08:34.902+0000] {processor.py:175} INFO - Processing /home/airflow/.local/lib/python3.7/site-packages/airflow/example_dags/example_time_delta_sensor_async.py took 0.393 seconds
[2023-05-02T09:10:52.419+0000] {processor.py:153} INFO - Started process (PID=51) to work on /home/airflow/.local/lib/python3.7/site-packages/airflow/example_dags/example_time_delta_sensor_async.py
[2023-05-02T09:10:52.423+0000] {processor.py:743} INFO - Processing file /home/airflow/.local/lib/python3.7/site-packages/airflow/example_dags/example_time_delta_sensor_async.py for tasks to queue
[2023-05-02T09:10:52.429+0000] {logging_mixin.py:137} INFO - [2023-05-02T09:10:52.429+0000] {dagbag.py:532} INFO - Filling up the DagBag from /home/airflow/.local/lib/python3.7/site-packages/airflow/example_dags/example_time_delta_sensor_async.py
[2023-05-02T09:10:52.857+0000] {processor.py:753} INFO - DAG(s) dict_keys(['example_time_delta_sensor_async']) retrieved from /home/airflow/.local/lib/python3.7/site-packages/airflow/example_dags/example_time_delta_sensor_async.py
[2023-05-02T09:18:10.443+0000] {processor.py:153} INFO - Started process (PID=51) to work on /home/airflow/.local/lib/python3.7/site-packages/airflow/example_dags/example_time_delta_sensor_async.py
[2023-05-02T09:18:10.451+0000] {processor.py:743} INFO - Processing file /home/airflow/.local/lib/python3.7/site-packages/airflow/example_dags/example_time_delta_sensor_async.py for tasks to queue
[2023-05-02T09:18:10.456+0000] {logging_mixin.py:137} INFO - [2023-05-02T09:18:10.456+0000] {dagbag.py:532} INFO - Filling up the DagBag from /home/airflow/.local/lib/python3.7/site-packages/airflow/example_dags/example_time_delta_sensor_async.py
[2023-05-02T09:18:10.475+0000] {processor.py:753} INFO - DAG(s) dict_keys(['example_time_delta_sensor_async']) retrieved from /home/airflow/.local/lib/python3.7/site-packages/airflow/example_dags/example_time_delta_sensor_async.py
[2023-05-02T09:18:10.516+0000] {logging_mixin.py:137} INFO - [2023-05-02T09:18:10.516+0000] {dag.py:2705} INFO - Sync 1 DAGs
[2023-05-02T09:18:10.550+0000] {logging_mixin.py:137} INFO - [2023-05-02T09:18:10.550+0000] {dag.py:3456} INFO - Setting next_dagrun for example_time_delta_sensor_async to None, run_after=None
[2023-05-02T09:18:10.598+0000] {processor.py:175} INFO - Processing /home/airflow/.local/lib/python3.7/site-packages/airflow/example_dags/example_time_delta_sensor_async.py took 0.157 seconds
[2023-05-02T09:22:27.772+0000] {processor.py:153} INFO - Started process (PID=50) to work on /home/airflow/.local/lib/python3.7/site-packages/airflow/example_dags/example_time_delta_sensor_async.py
[2023-05-02T09:22:27.786+0000] {processor.py:743} INFO - Processing file /home/airflow/.local/lib/python3.7/site-packages/airflow/example_dags/example_time_delta_sensor_async.py for tasks to queue
[2023-05-02T09:22:27.786+0000] {logging_mixin.py:137} INFO - [2023-05-02T09:22:27.786+0000] {dagbag.py:532} INFO - Filling up the DagBag from /home/airflow/.local/lib/python3.7/site-packages/airflow/example_dags/example_time_delta_sensor_async.py
[2023-05-02T09:22:27.822+0000] {processor.py:753} INFO - DAG(s) dict_keys(['example_time_delta_sensor_async']) retrieved from /home/airflow/.local/lib/python3.7/site-packages/airflow/example_dags/example_time_delta_sensor_async.py
[2023-05-02T09:22:27.896+0000] {logging_mixin.py:137} INFO - [2023-05-02T09:22:27.896+0000] {dag.py:2705} INFO - Sync 1 DAGs
[2023-05-02T09:22:27.958+0000] {logging_mixin.py:137} INFO - [2023-05-02T09:22:27.958+0000] {dag.py:3456} INFO - Setting next_dagrun for example_time_delta_sensor_async to None, run_after=None
[2023-05-02T09:22:27.993+0000] {processor.py:175} INFO - Processing /home/airflow/.local/lib/python3.7/site-packages/airflow/example_dags/example_time_delta_sensor_async.py took 0.224 seconds
[2023-05-02T09:24:46.143+0000] {processor.py:153} INFO - Started process (PID=53) to work on /home/airflow/.local/lib/python3.7/site-packages/airflow/example_dags/example_time_delta_sensor_async.py
[2023-05-02T09:24:46.148+0000] {processor.py:743} INFO - Processing file /home/airflow/.local/lib/python3.7/site-packages/airflow/example_dags/example_time_delta_sensor_async.py for tasks to queue
[2023-05-02T09:24:46.152+0000] {logging_mixin.py:137} INFO - [2023-05-02T09:24:46.152+0000] {dagbag.py:532} INFO - Filling up the DagBag from /home/airflow/.local/lib/python3.7/site-packages/airflow/example_dags/example_time_delta_sensor_async.py
[2023-05-02T09:24:46.202+0000] {processor.py:753} INFO - DAG(s) dict_keys(['example_time_delta_sensor_async']) retrieved from /home/airflow/.local/lib/python3.7/site-packages/airflow/example_dags/example_time_delta_sensor_async.py
[2023-05-02T09:24:46.268+0000] {logging_mixin.py:137} INFO - [2023-05-02T09:24:46.268+0000] {dag.py:2705} INFO - Sync 1 DAGs
[2023-05-02T09:24:46.320+0000] {logging_mixin.py:137} INFO - [2023-05-02T09:24:46.320+0000] {dag.py:3456} INFO - Setting next_dagrun for example_time_delta_sensor_async to None, run_after=None
[2023-05-02T09:24:46.383+0000] {processor.py:175} INFO - Processing /home/airflow/.local/lib/python3.7/site-packages/airflow/example_dags/example_time_delta_sensor_async.py took 0.248 seconds
[2023-05-02T09:26:23.032+0000] {processor.py:153} INFO - Started process (PID=51) to work on /home/airflow/.local/lib/python3.7/site-packages/airflow/example_dags/example_time_delta_sensor_async.py
[2023-05-02T09:26:23.032+0000] {processor.py:743} INFO - Processing file /home/airflow/.local/lib/python3.7/site-packages/airflow/example_dags/example_time_delta_sensor_async.py for tasks to queue
[2023-05-02T09:26:23.033+0000] {logging_mixin.py:137} INFO - [2023-05-02T09:26:23.033+0000] {dagbag.py:532} INFO - Filling up the DagBag from /home/airflow/.local/lib/python3.7/site-packages/airflow/example_dags/example_time_delta_sensor_async.py
[2023-05-02T09:26:23.068+0000] {processor.py:753} INFO - DAG(s) dict_keys(['example_time_delta_sensor_async']) retrieved from /home/airflow/.local/lib/python3.7/site-packages/airflow/example_dags/example_time_delta_sensor_async.py
[2023-05-02T09:26:23.151+0000] {logging_mixin.py:137} INFO - [2023-05-02T09:26:23.149+0000] {dag.py:2705} INFO - Sync 1 DAGs
[2023-05-02T09:26:23.220+0000] {logging_mixin.py:137} INFO - [2023-05-02T09:26:23.219+0000] {dag.py:3456} INFO - Setting next_dagrun for example_time_delta_sensor_async to None, run_after=None
[2023-05-02T09:26:23.246+0000] {processor.py:175} INFO - Processing /home/airflow/.local/lib/python3.7/site-packages/airflow/example_dags/example_time_delta_sensor_async.py took 0.216 seconds
[2023-05-02T09:27:10.692+0000] {processor.py:153} INFO - Started process (PID=50) to work on /home/airflow/.local/lib/python3.7/site-packages/airflow/example_dags/example_time_delta_sensor_async.py
[2023-05-02T09:27:10.707+0000] {processor.py:743} INFO - Processing file /home/airflow/.local/lib/python3.7/site-packages/airflow/example_dags/example_time_delta_sensor_async.py for tasks to queue
[2023-05-02T09:27:10.708+0000] {logging_mixin.py:137} INFO - [2023-05-02T09:27:10.708+0000] {dagbag.py:532} INFO - Filling up the DagBag from /home/airflow/.local/lib/python3.7/site-packages/airflow/example_dags/example_time_delta_sensor_async.py
[2023-05-02T09:27:10.802+0000] {processor.py:753} INFO - DAG(s) dict_keys(['example_time_delta_sensor_async']) retrieved from /home/airflow/.local/lib/python3.7/site-packages/airflow/example_dags/example_time_delta_sensor_async.py
[2023-05-02T09:28:57.398+0000] {processor.py:153} INFO - Started process (PID=59) to work on /home/airflow/.local/lib/python3.7/site-packages/airflow/example_dags/example_time_delta_sensor_async.py
[2023-05-02T09:28:57.401+0000] {processor.py:743} INFO - Processing file /home/airflow/.local/lib/python3.7/site-packages/airflow/example_dags/example_time_delta_sensor_async.py for tasks to queue
[2023-05-02T09:28:57.403+0000] {logging_mixin.py:137} INFO - [2023-05-02T09:28:57.403+0000] {dagbag.py:532} INFO - Filling up the DagBag from /home/airflow/.local/lib/python3.7/site-packages/airflow/example_dags/example_time_delta_sensor_async.py
[2023-05-02T09:28:57.925+0000] {processor.py:753} INFO - DAG(s) dict_keys(['example_time_delta_sensor_async']) retrieved from /home/airflow/.local/lib/python3.7/site-packages/airflow/example_dags/example_time_delta_sensor_async.py
[2023-05-02T09:29:29.112+0000] {processor.py:153} INFO - Started process (PID=52) to work on /home/airflow/.local/lib/python3.7/site-packages/airflow/example_dags/example_time_delta_sensor_async.py
[2023-05-02T09:29:29.122+0000] {processor.py:743} INFO - Processing file /home/airflow/.local/lib/python3.7/site-packages/airflow/example_dags/example_time_delta_sensor_async.py for tasks to queue
[2023-05-02T09:29:29.127+0000] {logging_mixin.py:137} INFO - [2023-05-02T09:29:29.126+0000] {dagbag.py:532} INFO - Filling up the DagBag from /home/airflow/.local/lib/python3.7/site-packages/airflow/example_dags/example_time_delta_sensor_async.py
[2023-05-02T09:29:29.244+0000] {processor.py:753} INFO - DAG(s) dict_keys(['example_time_delta_sensor_async']) retrieved from /home/airflow/.local/lib/python3.7/site-packages/airflow/example_dags/example_time_delta_sensor_async.py
[2023-05-02T09:29:29.422+0000] {logging_mixin.py:137} INFO - [2023-05-02T09:29:29.422+0000] {dag.py:2705} INFO - Sync 1 DAGs
[2023-05-02T09:29:29.634+0000] {logging_mixin.py:137} INFO - [2023-05-02T09:29:29.623+0000] {dag.py:3456} INFO - Setting next_dagrun for example_time_delta_sensor_async to None, run_after=None
[2023-05-02T09:29:29.832+0000] {processor.py:175} INFO - Processing /home/airflow/.local/lib/python3.7/site-packages/airflow/example_dags/example_time_delta_sensor_async.py took 0.732 seconds
[2023-05-02T09:38:43.936+0000] {processor.py:153} INFO - Started process (PID=50) to work on /home/airflow/.local/lib/python3.7/site-packages/airflow/example_dags/example_time_delta_sensor_async.py
[2023-05-02T09:38:43.956+0000] {processor.py:743} INFO - Processing file /home/airflow/.local/lib/python3.7/site-packages/airflow/example_dags/example_time_delta_sensor_async.py for tasks to queue
[2023-05-02T09:38:43.957+0000] {logging_mixin.py:137} INFO - [2023-05-02T09:38:43.957+0000] {dagbag.py:532} INFO - Filling up the DagBag from /home/airflow/.local/lib/python3.7/site-packages/airflow/example_dags/example_time_delta_sensor_async.py
[2023-05-02T09:38:43.995+0000] {processor.py:753} INFO - DAG(s) dict_keys(['example_time_delta_sensor_async']) retrieved from /home/airflow/.local/lib/python3.7/site-packages/airflow/example_dags/example_time_delta_sensor_async.py
[2023-05-02T09:38:44.063+0000] {logging_mixin.py:137} INFO - [2023-05-02T09:38:44.063+0000] {dag.py:2705} INFO - Sync 1 DAGs
[2023-05-02T09:38:44.181+0000] {logging_mixin.py:137} INFO - [2023-05-02T09:38:44.181+0000] {dag.py:3456} INFO - Setting next_dagrun for example_time_delta_sensor_async to None, run_after=None
[2023-05-02T09:38:44.211+0000] {processor.py:175} INFO - Processing /home/airflow/.local/lib/python3.7/site-packages/airflow/example_dags/example_time_delta_sensor_async.py took 0.278 seconds
[2023-05-02T09:48:43.471+0000] {processor.py:153} INFO - Started process (PID=51) to work on /home/airflow/.local/lib/python3.7/site-packages/airflow/example_dags/example_time_delta_sensor_async.py
[2023-05-02T09:48:43.472+0000] {processor.py:743} INFO - Processing file /home/airflow/.local/lib/python3.7/site-packages/airflow/example_dags/example_time_delta_sensor_async.py for tasks to queue
[2023-05-02T09:48:43.472+0000] {logging_mixin.py:137} INFO - [2023-05-02T09:48:43.472+0000] {dagbag.py:532} INFO - Filling up the DagBag from /home/airflow/.local/lib/python3.7/site-packages/airflow/example_dags/example_time_delta_sensor_async.py
[2023-05-02T09:48:43.501+0000] {processor.py:753} INFO - DAG(s) dict_keys(['example_time_delta_sensor_async']) retrieved from /home/airflow/.local/lib/python3.7/site-packages/airflow/example_dags/example_time_delta_sensor_async.py
[2023-05-02T09:48:43.628+0000] {logging_mixin.py:137} INFO - [2023-05-02T09:48:43.625+0000] {dag.py:2705} INFO - Sync 1 DAGs
[2023-05-02T09:48:43.841+0000] {logging_mixin.py:137} INFO - [2023-05-02T09:48:43.841+0000] {dag.py:3456} INFO - Setting next_dagrun for example_time_delta_sensor_async to None, run_after=None
[2023-05-02T09:48:44.060+0000] {processor.py:175} INFO - Processing /home/airflow/.local/lib/python3.7/site-packages/airflow/example_dags/example_time_delta_sensor_async.py took 0.592 seconds
[2023-05-02T10:18:38.583+0000] {processor.py:153} INFO - Started process (PID=56) to work on /home/airflow/.local/lib/python3.7/site-packages/airflow/example_dags/example_time_delta_sensor_async.py
[2023-05-02T10:18:38.585+0000] {processor.py:743} INFO - Processing file /home/airflow/.local/lib/python3.7/site-packages/airflow/example_dags/example_time_delta_sensor_async.py for tasks to queue
[2023-05-02T10:18:38.591+0000] {logging_mixin.py:137} INFO - [2023-05-02T10:18:38.591+0000] {dagbag.py:532} INFO - Filling up the DagBag from /home/airflow/.local/lib/python3.7/site-packages/airflow/example_dags/example_time_delta_sensor_async.py
[2023-05-02T10:18:38.781+0000] {processor.py:753} INFO - DAG(s) dict_keys(['example_time_delta_sensor_async']) retrieved from /home/airflow/.local/lib/python3.7/site-packages/airflow/example_dags/example_time_delta_sensor_async.py
[2023-05-02T10:19:46.855+0000] {processor.py:153} INFO - Started process (PID=50) to work on /home/airflow/.local/lib/python3.7/site-packages/airflow/example_dags/example_time_delta_sensor_async.py
[2023-05-02T10:19:46.857+0000] {processor.py:743} INFO - Processing file /home/airflow/.local/lib/python3.7/site-packages/airflow/example_dags/example_time_delta_sensor_async.py for tasks to queue
[2023-05-02T10:19:46.858+0000] {logging_mixin.py:137} INFO - [2023-05-02T10:19:46.858+0000] {dagbag.py:532} INFO - Filling up the DagBag from /home/airflow/.local/lib/python3.7/site-packages/airflow/example_dags/example_time_delta_sensor_async.py
[2023-05-02T10:19:46.906+0000] {processor.py:753} INFO - DAG(s) dict_keys(['example_time_delta_sensor_async']) retrieved from /home/airflow/.local/lib/python3.7/site-packages/airflow/example_dags/example_time_delta_sensor_async.py
[2023-05-02T10:19:46.968+0000] {logging_mixin.py:137} INFO - [2023-05-02T10:19:46.968+0000] {dag.py:2705} INFO - Sync 1 DAGs
[2023-05-02T10:19:47.067+0000] {logging_mixin.py:137} INFO - [2023-05-02T10:19:47.066+0000] {dag.py:3456} INFO - Setting next_dagrun for example_time_delta_sensor_async to None, run_after=None
[2023-05-02T10:19:47.157+0000] {processor.py:175} INFO - Processing /home/airflow/.local/lib/python3.7/site-packages/airflow/example_dags/example_time_delta_sensor_async.py took 0.310 seconds
[2023-05-02T10:22:23.845+0000] {processor.py:153} INFO - Started process (PID=51) to work on /home/airflow/.local/lib/python3.7/site-packages/airflow/example_dags/example_time_delta_sensor_async.py
[2023-05-02T10:22:23.846+0000] {processor.py:743} INFO - Processing file /home/airflow/.local/lib/python3.7/site-packages/airflow/example_dags/example_time_delta_sensor_async.py for tasks to queue
[2023-05-02T10:22:23.848+0000] {logging_mixin.py:137} INFO - [2023-05-02T10:22:23.848+0000] {dagbag.py:532} INFO - Filling up the DagBag from /home/airflow/.local/lib/python3.7/site-packages/airflow/example_dags/example_time_delta_sensor_async.py
[2023-05-02T10:22:23.880+0000] {processor.py:753} INFO - DAG(s) dict_keys(['example_time_delta_sensor_async']) retrieved from /home/airflow/.local/lib/python3.7/site-packages/airflow/example_dags/example_time_delta_sensor_async.py
[2023-05-02T10:22:23.953+0000] {logging_mixin.py:137} INFO - [2023-05-02T10:22:23.953+0000] {dag.py:2705} INFO - Sync 1 DAGs
[2023-05-02T10:22:24.033+0000] {logging_mixin.py:137} INFO - [2023-05-02T10:22:24.033+0000] {dag.py:3456} INFO - Setting next_dagrun for example_time_delta_sensor_async to None, run_after=None
[2023-05-02T10:22:24.124+0000] {processor.py:175} INFO - Processing /home/airflow/.local/lib/python3.7/site-packages/airflow/example_dags/example_time_delta_sensor_async.py took 0.285 seconds
[2023-05-02T10:28:54.599+0000] {processor.py:153} INFO - Started process (PID=51) to work on /home/airflow/.local/lib/python3.7/site-packages/airflow/example_dags/example_time_delta_sensor_async.py
[2023-05-02T10:28:54.608+0000] {processor.py:743} INFO - Processing file /home/airflow/.local/lib/python3.7/site-packages/airflow/example_dags/example_time_delta_sensor_async.py for tasks to queue
[2023-05-02T10:28:54.610+0000] {logging_mixin.py:137} INFO - [2023-05-02T10:28:54.610+0000] {dagbag.py:532} INFO - Filling up the DagBag from /home/airflow/.local/lib/python3.7/site-packages/airflow/example_dags/example_time_delta_sensor_async.py
[2023-05-02T10:28:54.843+0000] {processor.py:753} INFO - DAG(s) dict_keys(['example_time_delta_sensor_async']) retrieved from /home/airflow/.local/lib/python3.7/site-packages/airflow/example_dags/example_time_delta_sensor_async.py
[2023-05-02T10:28:55.268+0000] {logging_mixin.py:137} INFO - [2023-05-02T10:28:55.267+0000] {dag.py:2705} INFO - Sync 1 DAGs
[2023-05-02T10:29:16.246+0000] {processor.py:153} INFO - Started process (PID=51) to work on /home/airflow/.local/lib/python3.7/site-packages/airflow/example_dags/example_time_delta_sensor_async.py
[2023-05-02T10:29:16.247+0000] {processor.py:743} INFO - Processing file /home/airflow/.local/lib/python3.7/site-packages/airflow/example_dags/example_time_delta_sensor_async.py for tasks to queue
[2023-05-02T10:29:16.248+0000] {logging_mixin.py:137} INFO - [2023-05-02T10:29:16.248+0000] {dagbag.py:532} INFO - Filling up the DagBag from /home/airflow/.local/lib/python3.7/site-packages/airflow/example_dags/example_time_delta_sensor_async.py
[2023-05-02T10:29:16.283+0000] {processor.py:753} INFO - DAG(s) dict_keys(['example_time_delta_sensor_async']) retrieved from /home/airflow/.local/lib/python3.7/site-packages/airflow/example_dags/example_time_delta_sensor_async.py
[2023-05-02T10:29:16.313+0000] {logging_mixin.py:137} INFO - [2023-05-02T10:29:16.312+0000] {dag.py:2705} INFO - Sync 1 DAGs
[2023-05-02T10:29:16.386+0000] {logging_mixin.py:137} INFO - [2023-05-02T10:29:16.386+0000] {dag.py:3456} INFO - Setting next_dagrun for example_time_delta_sensor_async to None, run_after=None
[2023-05-02T10:29:16.436+0000] {processor.py:175} INFO - Processing /home/airflow/.local/lib/python3.7/site-packages/airflow/example_dags/example_time_delta_sensor_async.py took 0.196 seconds
