[2023-05-02T08:23:57.530+0000] {processor.py:153} INFO - Started process (PID=74) to work on /home/airflow/.local/lib/python3.7/site-packages/airflow/example_dags/example_task_group.py
[2023-05-02T08:23:57.598+0000] {processor.py:743} INFO - Processing file /home/airflow/.local/lib/python3.7/site-packages/airflow/example_dags/example_task_group.py for tasks to queue
[2023-05-02T08:27:47.706+0000] {processor.py:153} INFO - Started process (PID=70) to work on /home/airflow/.local/lib/python3.7/site-packages/airflow/example_dags/example_task_group.py
[2023-05-02T08:27:47.713+0000] {processor.py:743} INFO - Processing file /home/airflow/.local/lib/python3.7/site-packages/airflow/example_dags/example_task_group.py for tasks to queue
[2023-05-02T08:27:47.714+0000] {logging_mixin.py:137} INFO - [2023-05-02T08:27:47.714+0000] {dagbag.py:532} INFO - Filling up the DagBag from /home/airflow/.local/lib/python3.7/site-packages/airflow/example_dags/example_task_group.py
[2023-05-02T08:27:47.732+0000] {processor.py:753} INFO - DAG(s) dict_keys(['example_task_group']) retrieved from /home/airflow/.local/lib/python3.7/site-packages/airflow/example_dags/example_task_group.py
[2023-05-02T08:27:47.759+0000] {logging_mixin.py:137} INFO - [2023-05-02T08:27:47.759+0000] {dag.py:2705} INFO - Sync 1 DAGs
[2023-05-02T08:27:47.785+0000] {logging_mixin.py:137} INFO - [2023-05-02T08:27:47.785+0000] {dag.py:3456} INFO - Setting next_dagrun for example_task_group to 2023-05-01T08:27:47.785321+00:00, run_after=2023-05-02T08:27:47.785321+00:00
[2023-05-02T08:27:47.815+0000] {processor.py:175} INFO - Processing /home/airflow/.local/lib/python3.7/site-packages/airflow/example_dags/example_task_group.py took 0.112 seconds
[2023-05-02T08:29:02.209+0000] {processor.py:153} INFO - Started process (PID=61) to work on /home/airflow/.local/lib/python3.7/site-packages/airflow/example_dags/example_task_group.py
[2023-05-02T08:29:02.218+0000] {processor.py:743} INFO - Processing file /home/airflow/.local/lib/python3.7/site-packages/airflow/example_dags/example_task_group.py for tasks to queue
[2023-05-02T08:29:02.219+0000] {logging_mixin.py:137} INFO - [2023-05-02T08:29:02.219+0000] {dagbag.py:532} INFO - Filling up the DagBag from /home/airflow/.local/lib/python3.7/site-packages/airflow/example_dags/example_task_group.py
[2023-05-02T08:29:02.311+0000] {processor.py:753} INFO - DAG(s) dict_keys(['example_task_group']) retrieved from /home/airflow/.local/lib/python3.7/site-packages/airflow/example_dags/example_task_group.py
[2023-05-02T08:29:02.371+0000] {logging_mixin.py:137} INFO - [2023-05-02T08:29:02.371+0000] {dag.py:2705} INFO - Sync 1 DAGs
[2023-05-02T08:29:02.437+0000] {logging_mixin.py:137} INFO - [2023-05-02T08:29:02.434+0000] {dag.py:3456} INFO - Setting next_dagrun for example_task_group to 2023-05-01T08:29:02.429641+00:00, run_after=2023-05-02T08:29:02.429641+00:00
[2023-05-02T08:29:02.515+0000] {processor.py:175} INFO - Processing /home/airflow/.local/lib/python3.7/site-packages/airflow/example_dags/example_task_group.py took 0.314 seconds
[2023-05-02T08:32:25.531+0000] {processor.py:153} INFO - Started process (PID=62) to work on /home/airflow/.local/lib/python3.7/site-packages/airflow/example_dags/example_task_group.py
[2023-05-02T08:32:25.532+0000] {processor.py:743} INFO - Processing file /home/airflow/.local/lib/python3.7/site-packages/airflow/example_dags/example_task_group.py for tasks to queue
[2023-05-02T08:32:25.532+0000] {logging_mixin.py:137} INFO - [2023-05-02T08:32:25.532+0000] {dagbag.py:532} INFO - Filling up the DagBag from /home/airflow/.local/lib/python3.7/site-packages/airflow/example_dags/example_task_group.py
[2023-05-02T08:32:25.543+0000] {processor.py:753} INFO - DAG(s) dict_keys(['example_task_group']) retrieved from /home/airflow/.local/lib/python3.7/site-packages/airflow/example_dags/example_task_group.py
[2023-05-02T08:32:25.573+0000] {logging_mixin.py:137} INFO - [2023-05-02T08:32:25.573+0000] {dag.py:2705} INFO - Sync 1 DAGs
[2023-05-02T08:32:25.586+0000] {logging_mixin.py:137} INFO - [2023-05-02T08:32:25.586+0000] {dag.py:3456} INFO - Setting next_dagrun for example_task_group to 2023-05-01T08:32:25.586074+00:00, run_after=2023-05-02T08:32:25.586074+00:00
[2023-05-02T08:32:25.595+0000] {processor.py:175} INFO - Processing /home/airflow/.local/lib/python3.7/site-packages/airflow/example_dags/example_task_group.py took 0.067 seconds
[2023-05-02T08:47:26.446+0000] {processor.py:153} INFO - Started process (PID=61) to work on /home/airflow/.local/lib/python3.7/site-packages/airflow/example_dags/example_task_group.py
[2023-05-02T08:47:26.447+0000] {processor.py:743} INFO - Processing file /home/airflow/.local/lib/python3.7/site-packages/airflow/example_dags/example_task_group.py for tasks to queue
[2023-05-02T08:47:26.448+0000] {logging_mixin.py:137} INFO - [2023-05-02T08:47:26.448+0000] {dagbag.py:532} INFO - Filling up the DagBag from /home/airflow/.local/lib/python3.7/site-packages/airflow/example_dags/example_task_group.py
[2023-05-02T08:47:26.465+0000] {processor.py:753} INFO - DAG(s) dict_keys(['example_task_group']) retrieved from /home/airflow/.local/lib/python3.7/site-packages/airflow/example_dags/example_task_group.py
[2023-05-02T08:47:26.504+0000] {logging_mixin.py:137} INFO - [2023-05-02T08:47:26.504+0000] {dag.py:2705} INFO - Sync 1 DAGs
[2023-05-02T08:47:26.543+0000] {logging_mixin.py:137} INFO - [2023-05-02T08:47:26.543+0000] {dag.py:3456} INFO - Setting next_dagrun for example_task_group to 2023-05-01T08:47:26.543151+00:00, run_after=2023-05-02T08:47:26.543151+00:00
[2023-05-02T08:47:26.561+0000] {processor.py:175} INFO - Processing /home/airflow/.local/lib/python3.7/site-packages/airflow/example_dags/example_task_group.py took 0.119 seconds
[2023-05-02T09:06:20.004+0000] {processor.py:153} INFO - Started process (PID=61) to work on /home/airflow/.local/lib/python3.7/site-packages/airflow/example_dags/example_task_group.py
[2023-05-02T09:06:20.012+0000] {processor.py:743} INFO - Processing file /home/airflow/.local/lib/python3.7/site-packages/airflow/example_dags/example_task_group.py for tasks to queue
[2023-05-02T09:06:20.017+0000] {logging_mixin.py:137} INFO - [2023-05-02T09:06:20.017+0000] {dagbag.py:532} INFO - Filling up the DagBag from /home/airflow/.local/lib/python3.7/site-packages/airflow/example_dags/example_task_group.py
[2023-05-02T09:06:20.086+0000] {processor.py:753} INFO - DAG(s) dict_keys(['example_task_group']) retrieved from /home/airflow/.local/lib/python3.7/site-packages/airflow/example_dags/example_task_group.py
[2023-05-02T09:06:20.533+0000] {logging_mixin.py:137} INFO - [2023-05-02T09:06:20.462+0000] {dag.py:2705} INFO - Sync 1 DAGs
[2023-05-02T09:06:21.108+0000] {logging_mixin.py:137} INFO - [2023-05-02T09:06:21.108+0000] {dag.py:3456} INFO - Setting next_dagrun for example_task_group to 2023-05-01T09:06:21.107632+00:00, run_after=2023-05-02T09:06:21.107632+00:00
[2023-05-02T09:06:21.298+0000] {processor.py:175} INFO - Processing /home/airflow/.local/lib/python3.7/site-packages/airflow/example_dags/example_task_group.py took 1.298 seconds
[2023-05-02T09:08:36.272+0000] {processor.py:153} INFO - Started process (PID=65) to work on /home/airflow/.local/lib/python3.7/site-packages/airflow/example_dags/example_task_group.py
[2023-05-02T09:08:36.273+0000] {processor.py:743} INFO - Processing file /home/airflow/.local/lib/python3.7/site-packages/airflow/example_dags/example_task_group.py for tasks to queue
[2023-05-02T09:08:36.273+0000] {logging_mixin.py:137} INFO - [2023-05-02T09:08:36.273+0000] {dagbag.py:532} INFO - Filling up the DagBag from /home/airflow/.local/lib/python3.7/site-packages/airflow/example_dags/example_task_group.py
[2023-05-02T09:08:36.290+0000] {processor.py:753} INFO - DAG(s) dict_keys(['example_task_group']) retrieved from /home/airflow/.local/lib/python3.7/site-packages/airflow/example_dags/example_task_group.py
[2023-05-02T09:08:36.371+0000] {logging_mixin.py:137} INFO - [2023-05-02T09:08:36.370+0000] {dag.py:2705} INFO - Sync 1 DAGs
[2023-05-02T09:08:36.439+0000] {logging_mixin.py:137} INFO - [2023-05-02T09:08:36.438+0000] {dag.py:3456} INFO - Setting next_dagrun for example_task_group to 2023-05-01T09:08:36.432919+00:00, run_after=2023-05-02T09:08:36.432919+00:00
[2023-05-02T09:08:36.492+0000] {processor.py:175} INFO - Processing /home/airflow/.local/lib/python3.7/site-packages/airflow/example_dags/example_task_group.py took 0.223 seconds
[2023-05-02T09:18:13.067+0000] {processor.py:153} INFO - Started process (PID=61) to work on /home/airflow/.local/lib/python3.7/site-packages/airflow/example_dags/example_task_group.py
[2023-05-02T09:18:13.071+0000] {processor.py:743} INFO - Processing file /home/airflow/.local/lib/python3.7/site-packages/airflow/example_dags/example_task_group.py for tasks to queue
[2023-05-02T09:18:13.105+0000] {logging_mixin.py:137} INFO - [2023-05-02T09:18:13.104+0000] {dagbag.py:532} INFO - Filling up the DagBag from /home/airflow/.local/lib/python3.7/site-packages/airflow/example_dags/example_task_group.py
[2023-05-02T09:18:13.221+0000] {processor.py:753} INFO - DAG(s) dict_keys(['example_task_group']) retrieved from /home/airflow/.local/lib/python3.7/site-packages/airflow/example_dags/example_task_group.py
[2023-05-02T09:18:13.326+0000] {logging_mixin.py:137} INFO - [2023-05-02T09:18:13.318+0000] {dag.py:2705} INFO - Sync 1 DAGs
[2023-05-02T09:18:13.503+0000] {logging_mixin.py:137} INFO - [2023-05-02T09:18:13.502+0000] {dag.py:3456} INFO - Setting next_dagrun for example_task_group to 2023-05-01T09:18:13.501669+00:00, run_after=2023-05-02T09:18:13.501669+00:00
[2023-05-02T09:22:29.254+0000] {processor.py:153} INFO - Started process (PID=60) to work on /home/airflow/.local/lib/python3.7/site-packages/airflow/example_dags/example_task_group.py
[2023-05-02T09:22:29.262+0000] {processor.py:743} INFO - Processing file /home/airflow/.local/lib/python3.7/site-packages/airflow/example_dags/example_task_group.py for tasks to queue
[2023-05-02T09:22:29.262+0000] {logging_mixin.py:137} INFO - [2023-05-02T09:22:29.262+0000] {dagbag.py:532} INFO - Filling up the DagBag from /home/airflow/.local/lib/python3.7/site-packages/airflow/example_dags/example_task_group.py
[2023-05-02T09:22:29.283+0000] {processor.py:753} INFO - DAG(s) dict_keys(['example_task_group']) retrieved from /home/airflow/.local/lib/python3.7/site-packages/airflow/example_dags/example_task_group.py
[2023-05-02T09:22:29.322+0000] {logging_mixin.py:137} INFO - [2023-05-02T09:22:29.322+0000] {dag.py:2705} INFO - Sync 1 DAGs
[2023-05-02T09:22:29.364+0000] {logging_mixin.py:137} INFO - [2023-05-02T09:22:29.364+0000] {dag.py:3456} INFO - Setting next_dagrun for example_task_group to 2023-05-01T09:22:29.364289+00:00, run_after=2023-05-02T09:22:29.364289+00:00
[2023-05-02T09:22:29.406+0000] {processor.py:175} INFO - Processing /home/airflow/.local/lib/python3.7/site-packages/airflow/example_dags/example_task_group.py took 0.155 seconds
[2023-05-02T09:38:45.503+0000] {processor.py:153} INFO - Started process (PID=60) to work on /home/airflow/.local/lib/python3.7/site-packages/airflow/example_dags/example_task_group.py
[2023-05-02T09:38:45.506+0000] {processor.py:743} INFO - Processing file /home/airflow/.local/lib/python3.7/site-packages/airflow/example_dags/example_task_group.py for tasks to queue
[2023-05-02T09:38:45.507+0000] {logging_mixin.py:137} INFO - [2023-05-02T09:38:45.507+0000] {dagbag.py:532} INFO - Filling up the DagBag from /home/airflow/.local/lib/python3.7/site-packages/airflow/example_dags/example_task_group.py
[2023-05-02T09:38:45.541+0000] {processor.py:753} INFO - DAG(s) dict_keys(['example_task_group']) retrieved from /home/airflow/.local/lib/python3.7/site-packages/airflow/example_dags/example_task_group.py
[2023-05-02T09:38:45.602+0000] {logging_mixin.py:137} INFO - [2023-05-02T09:38:45.601+0000] {dag.py:2705} INFO - Sync 1 DAGs
[2023-05-02T09:38:45.621+0000] {logging_mixin.py:137} INFO - [2023-05-02T09:38:45.621+0000] {dag.py:3456} INFO - Setting next_dagrun for example_task_group to 2023-05-01T09:38:45.620581+00:00, run_after=2023-05-02T09:38:45.620581+00:00
[2023-05-02T09:38:45.634+0000] {processor.py:175} INFO - Processing /home/airflow/.local/lib/python3.7/site-packages/airflow/example_dags/example_task_group.py took 0.135 seconds
[2023-05-02T10:22:25.874+0000] {processor.py:153} INFO - Started process (PID=61) to work on /home/airflow/.local/lib/python3.7/site-packages/airflow/example_dags/example_task_group.py
[2023-05-02T10:22:25.879+0000] {processor.py:743} INFO - Processing file /home/airflow/.local/lib/python3.7/site-packages/airflow/example_dags/example_task_group.py for tasks to queue
[2023-05-02T10:22:25.880+0000] {logging_mixin.py:137} INFO - [2023-05-02T10:22:25.880+0000] {dagbag.py:532} INFO - Filling up the DagBag from /home/airflow/.local/lib/python3.7/site-packages/airflow/example_dags/example_task_group.py
[2023-05-02T10:22:25.985+0000] {processor.py:753} INFO - DAG(s) dict_keys(['example_task_group']) retrieved from /home/airflow/.local/lib/python3.7/site-packages/airflow/example_dags/example_task_group.py
[2023-05-02T10:22:26.110+0000] {logging_mixin.py:137} INFO - [2023-05-02T10:22:26.109+0000] {dag.py:2705} INFO - Sync 1 DAGs
[2023-05-02T10:22:26.222+0000] {logging_mixin.py:137} INFO - [2023-05-02T10:22:26.222+0000] {dag.py:3456} INFO - Setting next_dagrun for example_task_group to 2023-05-01T10:22:26.221884+00:00, run_after=2023-05-02T10:22:26.221884+00:00
[2023-05-02T10:22:26.282+0000] {processor.py:175} INFO - Processing /home/airflow/.local/lib/python3.7/site-packages/airflow/example_dags/example_task_group.py took 0.420 seconds
