[2023-05-02T08:21:41.698+0000] {processor.py:153} INFO - Started process (PID=67) to work on /home/airflow/.local/lib/python3.7/site-packages/airflow/example_dags/example_branch_datetime_operator.py
[2023-05-02T08:21:41.726+0000] {processor.py:743} INFO - Processing file /home/airflow/.local/lib/python3.7/site-packages/airflow/example_dags/example_branch_datetime_operator.py for tasks to queue
[2023-05-02T08:21:41.727+0000] {logging_mixin.py:137} INFO - [2023-05-02T08:21:41.727+0000] {dagbag.py:532} INFO - Filling up the DagBag from /home/airflow/.local/lib/python3.7/site-packages/airflow/example_dags/example_branch_datetime_operator.py
[2023-05-02T08:21:41.819+0000] {processor.py:753} INFO - DAG(s) dict_keys(['example_branch_datetime_operator_3', 'example_branch_datetime_operator', 'example_branch_datetime_operator_2']) retrieved from /home/airflow/.local/lib/python3.7/site-packages/airflow/example_dags/example_branch_datetime_operator.py
[2023-05-02T08:23:52.437+0000] {processor.py:153} INFO - Started process (PID=73) to work on /home/airflow/.local/lib/python3.7/site-packages/airflow/example_dags/example_branch_datetime_operator.py
[2023-05-02T08:23:52.445+0000] {processor.py:743} INFO - Processing file /home/airflow/.local/lib/python3.7/site-packages/airflow/example_dags/example_branch_datetime_operator.py for tasks to queue
[2023-05-02T08:23:52.456+0000] {logging_mixin.py:137} INFO - [2023-05-02T08:23:52.456+0000] {dagbag.py:532} INFO - Filling up the DagBag from /home/airflow/.local/lib/python3.7/site-packages/airflow/example_dags/example_branch_datetime_operator.py
[2023-05-02T08:23:52.632+0000] {processor.py:753} INFO - DAG(s) dict_keys(['example_branch_datetime_operator', 'example_branch_datetime_operator_2', 'example_branch_datetime_operator_3']) retrieved from /home/airflow/.local/lib/python3.7/site-packages/airflow/example_dags/example_branch_datetime_operator.py
[2023-05-02T08:23:56.877+0000] {logging_mixin.py:137} INFO - [2023-05-02T08:23:56.875+0000] {dag.py:2705} INFO - Sync 3 DAGs
[2023-05-02T08:27:47.657+0000] {processor.py:153} INFO - Started process (PID=69) to work on /home/airflow/.local/lib/python3.7/site-packages/airflow/example_dags/example_branch_datetime_operator.py
[2023-05-02T08:27:47.660+0000] {processor.py:743} INFO - Processing file /home/airflow/.local/lib/python3.7/site-packages/airflow/example_dags/example_branch_datetime_operator.py for tasks to queue
[2023-05-02T08:27:47.662+0000] {logging_mixin.py:137} INFO - [2023-05-02T08:27:47.662+0000] {dagbag.py:532} INFO - Filling up the DagBag from /home/airflow/.local/lib/python3.7/site-packages/airflow/example_dags/example_branch_datetime_operator.py
[2023-05-02T08:27:47.686+0000] {processor.py:753} INFO - DAG(s) dict_keys(['example_branch_datetime_operator_2', 'example_branch_datetime_operator', 'example_branch_datetime_operator_3']) retrieved from /home/airflow/.local/lib/python3.7/site-packages/airflow/example_dags/example_branch_datetime_operator.py
[2023-05-02T08:27:47.732+0000] {logging_mixin.py:137} INFO - [2023-05-02T08:27:47.732+0000] {dag.py:2705} INFO - Sync 3 DAGs
[2023-05-02T08:27:47.758+0000] {logging_mixin.py:137} INFO - [2023-05-02T08:27:47.758+0000] {dag.py:3456} INFO - Setting next_dagrun for example_branch_datetime_operator to 2023-05-01T00:00:00+00:00, run_after=2023-05-02T00:00:00+00:00
[2023-05-02T08:27:47.768+0000] {logging_mixin.py:137} INFO - [2023-05-02T08:27:47.768+0000] {dag.py:3456} INFO - Setting next_dagrun for example_branch_datetime_operator_2 to 2023-05-01T00:00:00+00:00, run_after=2023-05-02T00:00:00+00:00
[2023-05-02T08:27:47.770+0000] {logging_mixin.py:137} INFO - [2023-05-02T08:27:47.769+0000] {dag.py:3456} INFO - Setting next_dagrun for example_branch_datetime_operator_3 to 2023-05-01T00:00:00+00:00, run_after=2023-05-02T00:00:00+00:00
[2023-05-02T08:27:47.792+0000] {processor.py:175} INFO - Processing /home/airflow/.local/lib/python3.7/site-packages/airflow/example_dags/example_branch_datetime_operator.py took 0.137 seconds
[2023-05-02T08:29:02.116+0000] {processor.py:153} INFO - Started process (PID=60) to work on /home/airflow/.local/lib/python3.7/site-packages/airflow/example_dags/example_branch_datetime_operator.py
[2023-05-02T08:29:02.120+0000] {processor.py:743} INFO - Processing file /home/airflow/.local/lib/python3.7/site-packages/airflow/example_dags/example_branch_datetime_operator.py for tasks to queue
[2023-05-02T08:29:02.121+0000] {logging_mixin.py:137} INFO - [2023-05-02T08:29:02.121+0000] {dagbag.py:532} INFO - Filling up the DagBag from /home/airflow/.local/lib/python3.7/site-packages/airflow/example_dags/example_branch_datetime_operator.py
[2023-05-02T08:29:02.202+0000] {processor.py:753} INFO - DAG(s) dict_keys(['example_branch_datetime_operator', 'example_branch_datetime_operator_3', 'example_branch_datetime_operator_2']) retrieved from /home/airflow/.local/lib/python3.7/site-packages/airflow/example_dags/example_branch_datetime_operator.py
[2023-05-02T08:29:02.311+0000] {logging_mixin.py:137} INFO - [2023-05-02T08:29:02.310+0000] {dag.py:2705} INFO - Sync 3 DAGs
[2023-05-02T08:29:02.389+0000] {logging_mixin.py:137} INFO - [2023-05-02T08:29:02.389+0000] {dag.py:3456} INFO - Setting next_dagrun for example_branch_datetime_operator to 2023-05-01T00:00:00+00:00, run_after=2023-05-02T00:00:00+00:00
[2023-05-02T08:29:02.395+0000] {logging_mixin.py:137} INFO - [2023-05-02T08:29:02.395+0000] {dag.py:3456} INFO - Setting next_dagrun for example_branch_datetime_operator_2 to 2023-05-01T00:00:00+00:00, run_after=2023-05-02T00:00:00+00:00
[2023-05-02T08:29:02.410+0000] {logging_mixin.py:137} INFO - [2023-05-02T08:29:02.410+0000] {dag.py:3456} INFO - Setting next_dagrun for example_branch_datetime_operator_3 to 2023-05-01T00:00:00+00:00, run_after=2023-05-02T00:00:00+00:00
[2023-05-02T08:29:02.471+0000] {processor.py:175} INFO - Processing /home/airflow/.local/lib/python3.7/site-packages/airflow/example_dags/example_branch_datetime_operator.py took 0.360 seconds
[2023-05-02T08:32:25.502+0000] {processor.py:153} INFO - Started process (PID=61) to work on /home/airflow/.local/lib/python3.7/site-packages/airflow/example_dags/example_branch_datetime_operator.py
[2023-05-02T08:32:25.505+0000] {processor.py:743} INFO - Processing file /home/airflow/.local/lib/python3.7/site-packages/airflow/example_dags/example_branch_datetime_operator.py for tasks to queue
[2023-05-02T08:32:25.510+0000] {logging_mixin.py:137} INFO - [2023-05-02T08:32:25.509+0000] {dagbag.py:532} INFO - Filling up the DagBag from /home/airflow/.local/lib/python3.7/site-packages/airflow/example_dags/example_branch_datetime_operator.py
[2023-05-02T08:32:25.532+0000] {processor.py:753} INFO - DAG(s) dict_keys(['example_branch_datetime_operator_2', 'example_branch_datetime_operator_3', 'example_branch_datetime_operator']) retrieved from /home/airflow/.local/lib/python3.7/site-packages/airflow/example_dags/example_branch_datetime_operator.py
[2023-05-02T08:32:25.572+0000] {logging_mixin.py:137} INFO - [2023-05-02T08:32:25.572+0000] {dag.py:2705} INFO - Sync 3 DAGs
[2023-05-02T08:32:25.618+0000] {logging_mixin.py:137} INFO - [2023-05-02T08:32:25.618+0000] {dag.py:3456} INFO - Setting next_dagrun for example_branch_datetime_operator to 2023-05-01T00:00:00+00:00, run_after=2023-05-02T00:00:00+00:00
[2023-05-02T08:32:25.622+0000] {logging_mixin.py:137} INFO - [2023-05-02T08:32:25.622+0000] {dag.py:3456} INFO - Setting next_dagrun for example_branch_datetime_operator_2 to 2023-05-01T00:00:00+00:00, run_after=2023-05-02T00:00:00+00:00
[2023-05-02T08:32:25.631+0000] {logging_mixin.py:137} INFO - [2023-05-02T08:32:25.631+0000] {dag.py:3456} INFO - Setting next_dagrun for example_branch_datetime_operator_3 to 2023-05-01T00:00:00+00:00, run_after=2023-05-02T00:00:00+00:00
[2023-05-02T08:32:25.651+0000] {processor.py:175} INFO - Processing /home/airflow/.local/lib/python3.7/site-packages/airflow/example_dags/example_branch_datetime_operator.py took 0.151 seconds
[2023-05-02T08:47:26.301+0000] {processor.py:153} INFO - Started process (PID=60) to work on /home/airflow/.local/lib/python3.7/site-packages/airflow/example_dags/example_branch_datetime_operator.py
[2023-05-02T08:47:26.302+0000] {processor.py:743} INFO - Processing file /home/airflow/.local/lib/python3.7/site-packages/airflow/example_dags/example_branch_datetime_operator.py for tasks to queue
[2023-05-02T08:47:26.303+0000] {logging_mixin.py:137} INFO - [2023-05-02T08:47:26.303+0000] {dagbag.py:532} INFO - Filling up the DagBag from /home/airflow/.local/lib/python3.7/site-packages/airflow/example_dags/example_branch_datetime_operator.py
[2023-05-02T08:47:26.331+0000] {processor.py:753} INFO - DAG(s) dict_keys(['example_branch_datetime_operator_2', 'example_branch_datetime_operator_3', 'example_branch_datetime_operator']) retrieved from /home/airflow/.local/lib/python3.7/site-packages/airflow/example_dags/example_branch_datetime_operator.py
[2023-05-02T08:47:26.413+0000] {logging_mixin.py:137} INFO - [2023-05-02T08:47:26.413+0000] {dag.py:2705} INFO - Sync 3 DAGs
[2023-05-02T08:47:26.445+0000] {logging_mixin.py:137} INFO - [2023-05-02T08:47:26.445+0000] {dag.py:3456} INFO - Setting next_dagrun for example_branch_datetime_operator to 2023-05-01T00:00:00+00:00, run_after=2023-05-02T00:00:00+00:00
[2023-05-02T08:47:26.451+0000] {logging_mixin.py:137} INFO - [2023-05-02T08:47:26.451+0000] {dag.py:3456} INFO - Setting next_dagrun for example_branch_datetime_operator_2 to 2023-05-01T00:00:00+00:00, run_after=2023-05-02T00:00:00+00:00
[2023-05-02T08:47:26.457+0000] {logging_mixin.py:137} INFO - [2023-05-02T08:47:26.457+0000] {dag.py:3456} INFO - Setting next_dagrun for example_branch_datetime_operator_3 to 2023-05-01T00:00:00+00:00, run_after=2023-05-02T00:00:00+00:00
[2023-05-02T08:47:26.474+0000] {processor.py:175} INFO - Processing /home/airflow/.local/lib/python3.7/site-packages/airflow/example_dags/example_branch_datetime_operator.py took 0.175 seconds
[2023-05-02T09:06:19.843+0000] {processor.py:153} INFO - Started process (PID=60) to work on /home/airflow/.local/lib/python3.7/site-packages/airflow/example_dags/example_branch_datetime_operator.py
[2023-05-02T09:06:19.847+0000] {processor.py:743} INFO - Processing file /home/airflow/.local/lib/python3.7/site-packages/airflow/example_dags/example_branch_datetime_operator.py for tasks to queue
[2023-05-02T09:06:19.849+0000] {logging_mixin.py:137} INFO - [2023-05-02T09:06:19.848+0000] {dagbag.py:532} INFO - Filling up the DagBag from /home/airflow/.local/lib/python3.7/site-packages/airflow/example_dags/example_branch_datetime_operator.py
[2023-05-02T09:06:19.901+0000] {processor.py:753} INFO - DAG(s) dict_keys(['example_branch_datetime_operator', 'example_branch_datetime_operator_2', 'example_branch_datetime_operator_3']) retrieved from /home/airflow/.local/lib/python3.7/site-packages/airflow/example_dags/example_branch_datetime_operator.py
[2023-05-02T09:06:20.021+0000] {logging_mixin.py:137} INFO - [2023-05-02T09:06:20.021+0000] {dag.py:2705} INFO - Sync 3 DAGs
[2023-05-02T09:06:20.149+0000] {logging_mixin.py:137} INFO - [2023-05-02T09:06:20.149+0000] {dag.py:3456} INFO - Setting next_dagrun for example_branch_datetime_operator to 2023-05-01T00:00:00+00:00, run_after=2023-05-02T00:00:00+00:00
[2023-05-02T09:06:20.176+0000] {logging_mixin.py:137} INFO - [2023-05-02T09:06:20.176+0000] {dag.py:3456} INFO - Setting next_dagrun for example_branch_datetime_operator_2 to 2023-05-01T00:00:00+00:00, run_after=2023-05-02T00:00:00+00:00
[2023-05-02T09:06:20.181+0000] {logging_mixin.py:137} INFO - [2023-05-02T09:06:20.181+0000] {dag.py:3456} INFO - Setting next_dagrun for example_branch_datetime_operator_3 to 2023-05-01T00:00:00+00:00, run_after=2023-05-02T00:00:00+00:00
[2023-05-02T09:06:20.722+0000] {processor.py:175} INFO - Processing /home/airflow/.local/lib/python3.7/site-packages/airflow/example_dags/example_branch_datetime_operator.py took 0.883 seconds
[2023-05-02T09:08:36.243+0000] {processor.py:153} INFO - Started process (PID=64) to work on /home/airflow/.local/lib/python3.7/site-packages/airflow/example_dags/example_branch_datetime_operator.py
[2023-05-02T09:08:36.244+0000] {processor.py:743} INFO - Processing file /home/airflow/.local/lib/python3.7/site-packages/airflow/example_dags/example_branch_datetime_operator.py for tasks to queue
[2023-05-02T09:08:36.245+0000] {logging_mixin.py:137} INFO - [2023-05-02T09:08:36.245+0000] {dagbag.py:532} INFO - Filling up the DagBag from /home/airflow/.local/lib/python3.7/site-packages/airflow/example_dags/example_branch_datetime_operator.py
[2023-05-02T09:08:36.301+0000] {processor.py:753} INFO - DAG(s) dict_keys(['example_branch_datetime_operator', 'example_branch_datetime_operator_3', 'example_branch_datetime_operator_2']) retrieved from /home/airflow/.local/lib/python3.7/site-packages/airflow/example_dags/example_branch_datetime_operator.py
[2023-05-02T09:08:36.391+0000] {logging_mixin.py:137} INFO - [2023-05-02T09:08:36.390+0000] {dag.py:2705} INFO - Sync 3 DAGs
[2023-05-02T09:08:36.451+0000] {logging_mixin.py:137} INFO - [2023-05-02T09:08:36.451+0000] {dag.py:3456} INFO - Setting next_dagrun for example_branch_datetime_operator to 2023-05-01T00:00:00+00:00, run_after=2023-05-02T00:00:00+00:00
[2023-05-02T09:08:36.463+0000] {logging_mixin.py:137} INFO - [2023-05-02T09:08:36.463+0000] {dag.py:3456} INFO - Setting next_dagrun for example_branch_datetime_operator_2 to 2023-05-01T00:00:00+00:00, run_after=2023-05-02T00:00:00+00:00
[2023-05-02T09:08:36.482+0000] {logging_mixin.py:137} INFO - [2023-05-02T09:08:36.482+0000] {dag.py:3456} INFO - Setting next_dagrun for example_branch_datetime_operator_3 to 2023-05-01T00:00:00+00:00, run_after=2023-05-02T00:00:00+00:00
[2023-05-02T09:08:36.525+0000] {processor.py:175} INFO - Processing /home/airflow/.local/lib/python3.7/site-packages/airflow/example_dags/example_branch_datetime_operator.py took 0.288 seconds
[2023-05-02T09:18:12.715+0000] {processor.py:153} INFO - Started process (PID=60) to work on /home/airflow/.local/lib/python3.7/site-packages/airflow/example_dags/example_branch_datetime_operator.py
[2023-05-02T09:18:12.716+0000] {processor.py:743} INFO - Processing file /home/airflow/.local/lib/python3.7/site-packages/airflow/example_dags/example_branch_datetime_operator.py for tasks to queue
[2023-05-02T09:18:12.716+0000] {logging_mixin.py:137} INFO - [2023-05-02T09:18:12.716+0000] {dagbag.py:532} INFO - Filling up the DagBag from /home/airflow/.local/lib/python3.7/site-packages/airflow/example_dags/example_branch_datetime_operator.py
[2023-05-02T09:18:12.742+0000] {processor.py:753} INFO - DAG(s) dict_keys(['example_branch_datetime_operator', 'example_branch_datetime_operator_3', 'example_branch_datetime_operator_2']) retrieved from /home/airflow/.local/lib/python3.7/site-packages/airflow/example_dags/example_branch_datetime_operator.py
[2023-05-02T09:18:12.825+0000] {logging_mixin.py:137} INFO - [2023-05-02T09:18:12.825+0000] {dag.py:2705} INFO - Sync 3 DAGs
[2023-05-02T09:18:12.860+0000] {logging_mixin.py:137} INFO - [2023-05-02T09:18:12.860+0000] {dag.py:3456} INFO - Setting next_dagrun for example_branch_datetime_operator to 2023-05-01T00:00:00+00:00, run_after=2023-05-02T00:00:00+00:00
[2023-05-02T09:18:12.881+0000] {logging_mixin.py:137} INFO - [2023-05-02T09:18:12.881+0000] {dag.py:3456} INFO - Setting next_dagrun for example_branch_datetime_operator_2 to 2023-05-01T00:00:00+00:00, run_after=2023-05-02T00:00:00+00:00
[2023-05-02T09:18:12.897+0000] {logging_mixin.py:137} INFO - [2023-05-02T09:18:12.897+0000] {dag.py:3456} INFO - Setting next_dagrun for example_branch_datetime_operator_3 to 2023-05-01T00:00:00+00:00, run_after=2023-05-02T00:00:00+00:00
[2023-05-02T09:18:12.970+0000] {processor.py:175} INFO - Processing /home/airflow/.local/lib/python3.7/site-packages/airflow/example_dags/example_branch_datetime_operator.py took 0.257 seconds
[2023-05-02T09:22:29.215+0000] {processor.py:153} INFO - Started process (PID=59) to work on /home/airflow/.local/lib/python3.7/site-packages/airflow/example_dags/example_branch_datetime_operator.py
[2023-05-02T09:22:29.216+0000] {processor.py:743} INFO - Processing file /home/airflow/.local/lib/python3.7/site-packages/airflow/example_dags/example_branch_datetime_operator.py for tasks to queue
[2023-05-02T09:22:29.217+0000] {logging_mixin.py:137} INFO - [2023-05-02T09:22:29.217+0000] {dagbag.py:532} INFO - Filling up the DagBag from /home/airflow/.local/lib/python3.7/site-packages/airflow/example_dags/example_branch_datetime_operator.py
[2023-05-02T09:22:29.244+0000] {processor.py:753} INFO - DAG(s) dict_keys(['example_branch_datetime_operator', 'example_branch_datetime_operator_3', 'example_branch_datetime_operator_2']) retrieved from /home/airflow/.local/lib/python3.7/site-packages/airflow/example_dags/example_branch_datetime_operator.py
[2023-05-02T09:22:29.283+0000] {logging_mixin.py:137} INFO - [2023-05-02T09:22:29.283+0000] {dag.py:2705} INFO - Sync 3 DAGs
[2023-05-02T09:22:29.324+0000] {logging_mixin.py:137} INFO - [2023-05-02T09:22:29.324+0000] {dag.py:3456} INFO - Setting next_dagrun for example_branch_datetime_operator to 2023-05-01T00:00:00+00:00, run_after=2023-05-02T00:00:00+00:00
[2023-05-02T09:22:29.331+0000] {logging_mixin.py:137} INFO - [2023-05-02T09:22:29.331+0000] {dag.py:3456} INFO - Setting next_dagrun for example_branch_datetime_operator_2 to 2023-05-01T00:00:00+00:00, run_after=2023-05-02T00:00:00+00:00
[2023-05-02T09:22:29.338+0000] {logging_mixin.py:137} INFO - [2023-05-02T09:22:29.338+0000] {dag.py:3456} INFO - Setting next_dagrun for example_branch_datetime_operator_3 to 2023-05-01T00:00:00+00:00, run_after=2023-05-02T00:00:00+00:00
[2023-05-02T09:22:29.363+0000] {processor.py:175} INFO - Processing /home/airflow/.local/lib/python3.7/site-packages/airflow/example_dags/example_branch_datetime_operator.py took 0.150 seconds
[2023-05-02T09:38:45.216+0000] {processor.py:153} INFO - Started process (PID=59) to work on /home/airflow/.local/lib/python3.7/site-packages/airflow/example_dags/example_branch_datetime_operator.py
[2023-05-02T09:38:45.220+0000] {processor.py:743} INFO - Processing file /home/airflow/.local/lib/python3.7/site-packages/airflow/example_dags/example_branch_datetime_operator.py for tasks to queue
[2023-05-02T09:38:45.222+0000] {logging_mixin.py:137} INFO - [2023-05-02T09:38:45.222+0000] {dagbag.py:532} INFO - Filling up the DagBag from /home/airflow/.local/lib/python3.7/site-packages/airflow/example_dags/example_branch_datetime_operator.py
[2023-05-02T09:38:45.332+0000] {processor.py:753} INFO - DAG(s) dict_keys(['example_branch_datetime_operator', 'example_branch_datetime_operator_2', 'example_branch_datetime_operator_3']) retrieved from /home/airflow/.local/lib/python3.7/site-packages/airflow/example_dags/example_branch_datetime_operator.py
[2023-05-02T09:38:45.412+0000] {logging_mixin.py:137} INFO - [2023-05-02T09:38:45.412+0000] {dag.py:2705} INFO - Sync 3 DAGs
[2023-05-02T09:38:45.469+0000] {logging_mixin.py:137} INFO - [2023-05-02T09:38:45.468+0000] {dag.py:3456} INFO - Setting next_dagrun for example_branch_datetime_operator to 2023-05-01T00:00:00+00:00, run_after=2023-05-02T00:00:00+00:00
[2023-05-02T09:38:45.477+0000] {logging_mixin.py:137} INFO - [2023-05-02T09:38:45.476+0000] {dag.py:3456} INFO - Setting next_dagrun for example_branch_datetime_operator_2 to 2023-05-01T00:00:00+00:00, run_after=2023-05-02T00:00:00+00:00
[2023-05-02T09:38:45.490+0000] {logging_mixin.py:137} INFO - [2023-05-02T09:38:45.490+0000] {dag.py:3456} INFO - Setting next_dagrun for example_branch_datetime_operator_3 to 2023-05-01T00:00:00+00:00, run_after=2023-05-02T00:00:00+00:00
[2023-05-02T09:38:45.510+0000] {processor.py:175} INFO - Processing /home/airflow/.local/lib/python3.7/site-packages/airflow/example_dags/example_branch_datetime_operator.py took 0.316 seconds
[2023-05-02T10:19:50.047+0000] {processor.py:153} INFO - Started process (PID=67) to work on /home/airflow/.local/lib/python3.7/site-packages/airflow/example_dags/example_branch_datetime_operator.py
[2023-05-02T10:19:50.055+0000] {processor.py:743} INFO - Processing file /home/airflow/.local/lib/python3.7/site-packages/airflow/example_dags/example_branch_datetime_operator.py for tasks to queue
[2023-05-02T10:19:50.059+0000] {logging_mixin.py:137} INFO - [2023-05-02T10:19:50.057+0000] {dagbag.py:532} INFO - Filling up the DagBag from /home/airflow/.local/lib/python3.7/site-packages/airflow/example_dags/example_branch_datetime_operator.py
[2023-05-02T10:19:50.271+0000] {processor.py:753} INFO - DAG(s) dict_keys(['example_branch_datetime_operator', 'example_branch_datetime_operator_2', 'example_branch_datetime_operator_3']) retrieved from /home/airflow/.local/lib/python3.7/site-packages/airflow/example_dags/example_branch_datetime_operator.py
[2023-05-02T10:22:25.705+0000] {processor.py:153} INFO - Started process (PID=60) to work on /home/airflow/.local/lib/python3.7/site-packages/airflow/example_dags/example_branch_datetime_operator.py
[2023-05-02T10:22:25.707+0000] {processor.py:743} INFO - Processing file /home/airflow/.local/lib/python3.7/site-packages/airflow/example_dags/example_branch_datetime_operator.py for tasks to queue
[2023-05-02T10:22:25.709+0000] {logging_mixin.py:137} INFO - [2023-05-02T10:22:25.709+0000] {dagbag.py:532} INFO - Filling up the DagBag from /home/airflow/.local/lib/python3.7/site-packages/airflow/example_dags/example_branch_datetime_operator.py
[2023-05-02T10:22:25.797+0000] {processor.py:753} INFO - DAG(s) dict_keys(['example_branch_datetime_operator_2', 'example_branch_datetime_operator_3', 'example_branch_datetime_operator']) retrieved from /home/airflow/.local/lib/python3.7/site-packages/airflow/example_dags/example_branch_datetime_operator.py
[2023-05-02T10:22:25.925+0000] {logging_mixin.py:137} INFO - [2023-05-02T10:22:25.924+0000] {dag.py:2705} INFO - Sync 3 DAGs
[2023-05-02T10:22:26.005+0000] {logging_mixin.py:137} INFO - [2023-05-02T10:22:26.005+0000] {dag.py:3456} INFO - Setting next_dagrun for example_branch_datetime_operator to 2023-05-01T00:00:00+00:00, run_after=2023-05-02T00:00:00+00:00
[2023-05-02T10:22:26.029+0000] {logging_mixin.py:137} INFO - [2023-05-02T10:22:26.029+0000] {dag.py:3456} INFO - Setting next_dagrun for example_branch_datetime_operator_2 to 2023-05-01T00:00:00+00:00, run_after=2023-05-02T00:00:00+00:00
[2023-05-02T10:22:26.038+0000] {logging_mixin.py:137} INFO - [2023-05-02T10:22:26.038+0000] {dag.py:3456} INFO - Setting next_dagrun for example_branch_datetime_operator_3 to 2023-05-01T00:00:00+00:00, run_after=2023-05-02T00:00:00+00:00
[2023-05-02T10:22:26.109+0000] {processor.py:175} INFO - Processing /home/airflow/.local/lib/python3.7/site-packages/airflow/example_dags/example_branch_datetime_operator.py took 0.420 seconds
