[2023-05-02T08:13:56.119+0000] {processor.py:153} INFO - Started process (PID=51) to work on /home/airflow/.local/lib/python3.7/site-packages/airflow/example_dags/example_task_group_decorator.py
[2023-05-02T08:13:56.122+0000] {processor.py:743} INFO - Processing file /home/airflow/.local/lib/python3.7/site-packages/airflow/example_dags/example_task_group_decorator.py for tasks to queue
[2023-05-02T08:13:56.126+0000] {logging_mixin.py:137} INFO - [2023-05-02T08:13:56.126+0000] {dagbag.py:532} INFO - Filling up the DagBag from /home/airflow/.local/lib/python3.7/site-packages/airflow/example_dags/example_task_group_decorator.py
[2023-05-02T08:13:56.247+0000] {processor.py:753} INFO - DAG(s) dict_keys(['example_task_group_decorator']) retrieved from /home/airflow/.local/lib/python3.7/site-packages/airflow/example_dags/example_task_group_decorator.py
[2023-05-02T08:13:56.356+0000] {logging_mixin.py:137} INFO - [2023-05-02T08:13:56.356+0000] {dag.py:2705} INFO - Sync 1 DAGs
[2023-05-02T08:13:56.463+0000] {logging_mixin.py:137} INFO - [2023-05-02T08:13:56.463+0000] {dag.py:3456} INFO - Setting next_dagrun for example_task_group_decorator to 2023-05-01T08:13:56.463084+00:00, run_after=2023-05-02T08:13:56.463084+00:00
[2023-05-02T08:13:56.557+0000] {processor.py:175} INFO - Processing /home/airflow/.local/lib/python3.7/site-packages/airflow/example_dags/example_task_group_decorator.py took 0.448 seconds
[2023-05-02T08:15:56.928+0000] {processor.py:153} INFO - Started process (PID=41) to work on /home/airflow/.local/lib/python3.7/site-packages/airflow/example_dags/example_task_group_decorator.py
[2023-05-02T08:15:56.932+0000] {processor.py:743} INFO - Processing file /home/airflow/.local/lib/python3.7/site-packages/airflow/example_dags/example_task_group_decorator.py for tasks to queue
[2023-05-02T08:15:56.933+0000] {logging_mixin.py:137} INFO - [2023-05-02T08:15:56.933+0000] {dagbag.py:532} INFO - Filling up the DagBag from /home/airflow/.local/lib/python3.7/site-packages/airflow/example_dags/example_task_group_decorator.py
[2023-05-02T08:15:56.988+0000] {processor.py:753} INFO - DAG(s) dict_keys(['example_task_group_decorator']) retrieved from /home/airflow/.local/lib/python3.7/site-packages/airflow/example_dags/example_task_group_decorator.py
[2023-05-02T08:15:57.021+0000] {logging_mixin.py:137} INFO - [2023-05-02T08:15:57.021+0000] {dag.py:2705} INFO - Sync 1 DAGs
[2023-05-02T08:15:57.059+0000] {logging_mixin.py:137} INFO - [2023-05-02T08:15:57.058+0000] {dag.py:3456} INFO - Setting next_dagrun for example_task_group_decorator to 2023-05-01T08:15:57.058762+00:00, run_after=2023-05-02T08:15:57.058762+00:00
[2023-05-02T08:15:57.078+0000] {processor.py:175} INFO - Processing /home/airflow/.local/lib/python3.7/site-packages/airflow/example_dags/example_task_group_decorator.py took 0.153 seconds
[2023-05-02T08:18:14.114+0000] {processor.py:153} INFO - Started process (PID=48) to work on /home/airflow/.local/lib/python3.7/site-packages/airflow/example_dags/example_task_group_decorator.py
[2023-05-02T08:18:14.132+0000] {processor.py:743} INFO - Processing file /home/airflow/.local/lib/python3.7/site-packages/airflow/example_dags/example_task_group_decorator.py for tasks to queue
[2023-05-02T08:18:14.141+0000] {logging_mixin.py:137} INFO - [2023-05-02T08:18:14.141+0000] {dagbag.py:532} INFO - Filling up the DagBag from /home/airflow/.local/lib/python3.7/site-packages/airflow/example_dags/example_task_group_decorator.py
[2023-05-02T08:18:15.588+0000] {processor.py:753} INFO - DAG(s) dict_keys(['example_task_group_decorator']) retrieved from /home/airflow/.local/lib/python3.7/site-packages/airflow/example_dags/example_task_group_decorator.py
[2023-05-02T08:20:13.294+0000] {processor.py:153} INFO - Started process (PID=41) to work on /home/airflow/.local/lib/python3.7/site-packages/airflow/example_dags/example_task_group_decorator.py
[2023-05-02T08:20:13.295+0000] {processor.py:743} INFO - Processing file /home/airflow/.local/lib/python3.7/site-packages/airflow/example_dags/example_task_group_decorator.py for tasks to queue
[2023-05-02T08:20:13.307+0000] {logging_mixin.py:137} INFO - [2023-05-02T08:20:13.307+0000] {dagbag.py:532} INFO - Filling up the DagBag from /home/airflow/.local/lib/python3.7/site-packages/airflow/example_dags/example_task_group_decorator.py
[2023-05-02T08:20:13.376+0000] {processor.py:753} INFO - DAG(s) dict_keys(['example_task_group_decorator']) retrieved from /home/airflow/.local/lib/python3.7/site-packages/airflow/example_dags/example_task_group_decorator.py
[2023-05-02T08:20:13.466+0000] {logging_mixin.py:137} INFO - [2023-05-02T08:20:13.465+0000] {dag.py:2705} INFO - Sync 1 DAGs
[2023-05-02T08:20:13.517+0000] {logging_mixin.py:137} INFO - [2023-05-02T08:20:13.517+0000] {dag.py:3456} INFO - Setting next_dagrun for example_task_group_decorator to 2023-05-01T08:20:13.516275+00:00, run_after=2023-05-02T08:20:13.516275+00:00
[2023-05-02T08:20:13.544+0000] {processor.py:175} INFO - Processing /home/airflow/.local/lib/python3.7/site-packages/airflow/example_dags/example_task_group_decorator.py took 0.267 seconds
[2023-05-02T08:21:25.609+0000] {processor.py:153} INFO - Started process (PID=41) to work on /home/airflow/.local/lib/python3.7/site-packages/airflow/example_dags/example_task_group_decorator.py
[2023-05-02T08:21:25.610+0000] {processor.py:743} INFO - Processing file /home/airflow/.local/lib/python3.7/site-packages/airflow/example_dags/example_task_group_decorator.py for tasks to queue
[2023-05-02T08:21:25.612+0000] {logging_mixin.py:137} INFO - [2023-05-02T08:21:25.612+0000] {dagbag.py:532} INFO - Filling up the DagBag from /home/airflow/.local/lib/python3.7/site-packages/airflow/example_dags/example_task_group_decorator.py
[2023-05-02T08:21:25.680+0000] {processor.py:753} INFO - DAG(s) dict_keys(['example_task_group_decorator']) retrieved from /home/airflow/.local/lib/python3.7/site-packages/airflow/example_dags/example_task_group_decorator.py
[2023-05-02T08:21:25.725+0000] {logging_mixin.py:137} INFO - [2023-05-02T08:21:25.724+0000] {dag.py:2705} INFO - Sync 1 DAGs
[2023-05-02T08:21:25.760+0000] {logging_mixin.py:137} INFO - [2023-05-02T08:21:25.759+0000] {dag.py:3456} INFO - Setting next_dagrun for example_task_group_decorator to 2023-05-01T08:21:25.759724+00:00, run_after=2023-05-02T08:21:25.759724+00:00
[2023-05-02T08:21:25.798+0000] {processor.py:175} INFO - Processing /home/airflow/.local/lib/python3.7/site-packages/airflow/example_dags/example_task_group_decorator.py took 0.195 seconds
[2023-05-02T08:23:06.817+0000] {processor.py:153} INFO - Started process (PID=49) to work on /home/airflow/.local/lib/python3.7/site-packages/airflow/example_dags/example_task_group_decorator.py
[2023-05-02T08:23:06.819+0000] {processor.py:743} INFO - Processing file /home/airflow/.local/lib/python3.7/site-packages/airflow/example_dags/example_task_group_decorator.py for tasks to queue
[2023-05-02T08:23:06.819+0000] {logging_mixin.py:137} INFO - [2023-05-02T08:23:06.819+0000] {dagbag.py:532} INFO - Filling up the DagBag from /home/airflow/.local/lib/python3.7/site-packages/airflow/example_dags/example_task_group_decorator.py
[2023-05-02T08:23:07.059+0000] {processor.py:753} INFO - DAG(s) dict_keys(['example_task_group_decorator']) retrieved from /home/airflow/.local/lib/python3.7/site-packages/airflow/example_dags/example_task_group_decorator.py
[2023-05-02T08:23:11.278+0000] {logging_mixin.py:137} INFO - [2023-05-02T08:23:11.276+0000] {dag.py:2705} INFO - Sync 1 DAGs
[2023-05-02T08:23:35.283+0000] {processor.py:153} INFO - Started process (PID=48) to work on /home/airflow/.local/lib/python3.7/site-packages/airflow/example_dags/example_task_group_decorator.py
[2023-05-02T08:23:35.284+0000] {processor.py:743} INFO - Processing file /home/airflow/.local/lib/python3.7/site-packages/airflow/example_dags/example_task_group_decorator.py for tasks to queue
[2023-05-02T08:23:35.285+0000] {logging_mixin.py:137} INFO - [2023-05-02T08:23:35.285+0000] {dagbag.py:532} INFO - Filling up the DagBag from /home/airflow/.local/lib/python3.7/site-packages/airflow/example_dags/example_task_group_decorator.py
[2023-05-02T08:23:35.359+0000] {processor.py:753} INFO - DAG(s) dict_keys(['example_task_group_decorator']) retrieved from /home/airflow/.local/lib/python3.7/site-packages/airflow/example_dags/example_task_group_decorator.py
[2023-05-02T08:23:35.453+0000] {logging_mixin.py:137} INFO - [2023-05-02T08:23:35.453+0000] {dag.py:2705} INFO - Sync 1 DAGs
[2023-05-02T08:23:35.519+0000] {logging_mixin.py:137} INFO - [2023-05-02T08:23:35.519+0000] {dag.py:3456} INFO - Setting next_dagrun for example_task_group_decorator to 2023-05-01T08:23:35.519489+00:00, run_after=2023-05-02T08:23:35.519489+00:00
[2023-05-02T08:23:35.591+0000] {processor.py:175} INFO - Processing /home/airflow/.local/lib/python3.7/site-packages/airflow/example_dags/example_task_group_decorator.py took 0.312 seconds
[2023-05-02T08:24:21.576+0000] {processor.py:153} INFO - Started process (PID=42) to work on /home/airflow/.local/lib/python3.7/site-packages/airflow/example_dags/example_task_group_decorator.py
[2023-05-02T08:24:21.579+0000] {processor.py:743} INFO - Processing file /home/airflow/.local/lib/python3.7/site-packages/airflow/example_dags/example_task_group_decorator.py for tasks to queue
[2023-05-02T08:24:21.581+0000] {logging_mixin.py:137} INFO - [2023-05-02T08:24:21.580+0000] {dagbag.py:532} INFO - Filling up the DagBag from /home/airflow/.local/lib/python3.7/site-packages/airflow/example_dags/example_task_group_decorator.py
[2023-05-02T08:24:21.628+0000] {processor.py:753} INFO - DAG(s) dict_keys(['example_task_group_decorator']) retrieved from /home/airflow/.local/lib/python3.7/site-packages/airflow/example_dags/example_task_group_decorator.py
[2023-05-02T08:24:21.692+0000] {logging_mixin.py:137} INFO - [2023-05-02T08:24:21.692+0000] {dag.py:2705} INFO - Sync 1 DAGs
[2023-05-02T08:24:21.735+0000] {logging_mixin.py:137} INFO - [2023-05-02T08:24:21.735+0000] {dag.py:3456} INFO - Setting next_dagrun for example_task_group_decorator to 2023-05-01T08:24:21.735123+00:00, run_after=2023-05-02T08:24:21.735123+00:00
[2023-05-02T08:24:21.785+0000] {processor.py:175} INFO - Processing /home/airflow/.local/lib/python3.7/site-packages/airflow/example_dags/example_task_group_decorator.py took 0.212 seconds
[2023-05-02T08:25:21.012+0000] {processor.py:153} INFO - Started process (PID=41) to work on /home/airflow/.local/lib/python3.7/site-packages/airflow/example_dags/example_task_group_decorator.py
[2023-05-02T08:25:21.019+0000] {processor.py:743} INFO - Processing file /home/airflow/.local/lib/python3.7/site-packages/airflow/example_dags/example_task_group_decorator.py for tasks to queue
[2023-05-02T08:25:21.021+0000] {logging_mixin.py:137} INFO - [2023-05-02T08:25:21.021+0000] {dagbag.py:532} INFO - Filling up the DagBag from /home/airflow/.local/lib/python3.7/site-packages/airflow/example_dags/example_task_group_decorator.py
[2023-05-02T08:27:41.533+0000] {processor.py:153} INFO - Started process (PID=41) to work on /home/airflow/.local/lib/python3.7/site-packages/airflow/example_dags/example_task_group_decorator.py
[2023-05-02T08:27:41.538+0000] {processor.py:743} INFO - Processing file /home/airflow/.local/lib/python3.7/site-packages/airflow/example_dags/example_task_group_decorator.py for tasks to queue
[2023-05-02T08:27:41.538+0000] {logging_mixin.py:137} INFO - [2023-05-02T08:27:41.538+0000] {dagbag.py:532} INFO - Filling up the DagBag from /home/airflow/.local/lib/python3.7/site-packages/airflow/example_dags/example_task_group_decorator.py
[2023-05-02T08:27:41.593+0000] {processor.py:753} INFO - DAG(s) dict_keys(['example_task_group_decorator']) retrieved from /home/airflow/.local/lib/python3.7/site-packages/airflow/example_dags/example_task_group_decorator.py
[2023-05-02T08:27:41.660+0000] {logging_mixin.py:137} INFO - [2023-05-02T08:27:41.660+0000] {dag.py:2705} INFO - Sync 1 DAGs
[2023-05-02T08:27:41.894+0000] {logging_mixin.py:137} INFO - [2023-05-02T08:27:41.894+0000] {dag.py:3456} INFO - Setting next_dagrun for example_task_group_decorator to 2023-05-01T08:27:41.891902+00:00, run_after=2023-05-02T08:27:41.891902+00:00
[2023-05-02T08:28:50.680+0000] {processor.py:153} INFO - Started process (PID=41) to work on /home/airflow/.local/lib/python3.7/site-packages/airflow/example_dags/example_task_group_decorator.py
[2023-05-02T08:28:50.682+0000] {processor.py:743} INFO - Processing file /home/airflow/.local/lib/python3.7/site-packages/airflow/example_dags/example_task_group_decorator.py for tasks to queue
[2023-05-02T08:28:50.683+0000] {logging_mixin.py:137} INFO - [2023-05-02T08:28:50.683+0000] {dagbag.py:532} INFO - Filling up the DagBag from /home/airflow/.local/lib/python3.7/site-packages/airflow/example_dags/example_task_group_decorator.py
[2023-05-02T08:28:50.709+0000] {processor.py:753} INFO - DAG(s) dict_keys(['example_task_group_decorator']) retrieved from /home/airflow/.local/lib/python3.7/site-packages/airflow/example_dags/example_task_group_decorator.py
[2023-05-02T08:28:50.728+0000] {logging_mixin.py:137} INFO - [2023-05-02T08:28:50.728+0000] {dag.py:2705} INFO - Sync 1 DAGs
[2023-05-02T08:28:50.745+0000] {logging_mixin.py:137} INFO - [2023-05-02T08:28:50.745+0000] {dag.py:3456} INFO - Setting next_dagrun for example_task_group_decorator to 2023-05-01T08:28:50.745229+00:00, run_after=2023-05-02T08:28:50.745229+00:00
[2023-05-02T08:28:50.756+0000] {processor.py:175} INFO - Processing /home/airflow/.local/lib/python3.7/site-packages/airflow/example_dags/example_task_group_decorator.py took 0.078 seconds
[2023-05-02T08:29:43.559+0000] {processor.py:153} INFO - Started process (PID=41) to work on /home/airflow/.local/lib/python3.7/site-packages/airflow/example_dags/example_task_group_decorator.py
[2023-05-02T08:29:43.560+0000] {processor.py:743} INFO - Processing file /home/airflow/.local/lib/python3.7/site-packages/airflow/example_dags/example_task_group_decorator.py for tasks to queue
[2023-05-02T08:29:43.560+0000] {logging_mixin.py:137} INFO - [2023-05-02T08:29:43.560+0000] {dagbag.py:532} INFO - Filling up the DagBag from /home/airflow/.local/lib/python3.7/site-packages/airflow/example_dags/example_task_group_decorator.py
[2023-05-02T08:29:43.596+0000] {processor.py:753} INFO - DAG(s) dict_keys(['example_task_group_decorator']) retrieved from /home/airflow/.local/lib/python3.7/site-packages/airflow/example_dags/example_task_group_decorator.py
[2023-05-02T08:29:43.613+0000] {logging_mixin.py:137} INFO - [2023-05-02T08:29:43.613+0000] {dag.py:2705} INFO - Sync 1 DAGs
[2023-05-02T08:29:43.628+0000] {logging_mixin.py:137} INFO - [2023-05-02T08:29:43.628+0000] {dag.py:3456} INFO - Setting next_dagrun for example_task_group_decorator to 2023-05-01T08:29:43.628343+00:00, run_after=2023-05-02T08:29:43.628343+00:00
[2023-05-02T08:29:43.657+0000] {processor.py:175} INFO - Processing /home/airflow/.local/lib/python3.7/site-packages/airflow/example_dags/example_task_group_decorator.py took 0.100 seconds
[2023-05-02T08:32:20.079+0000] {processor.py:153} INFO - Started process (PID=42) to work on /home/airflow/.local/lib/python3.7/site-packages/airflow/example_dags/example_task_group_decorator.py
[2023-05-02T08:32:20.080+0000] {processor.py:743} INFO - Processing file /home/airflow/.local/lib/python3.7/site-packages/airflow/example_dags/example_task_group_decorator.py for tasks to queue
[2023-05-02T08:32:20.080+0000] {logging_mixin.py:137} INFO - [2023-05-02T08:32:20.080+0000] {dagbag.py:532} INFO - Filling up the DagBag from /home/airflow/.local/lib/python3.7/site-packages/airflow/example_dags/example_task_group_decorator.py
[2023-05-02T08:32:20.180+0000] {processor.py:753} INFO - DAG(s) dict_keys(['example_task_group_decorator']) retrieved from /home/airflow/.local/lib/python3.7/site-packages/airflow/example_dags/example_task_group_decorator.py
[2023-05-02T08:32:20.280+0000] {logging_mixin.py:137} INFO - [2023-05-02T08:32:20.279+0000] {dag.py:2705} INFO - Sync 1 DAGs
[2023-05-02T08:32:20.337+0000] {logging_mixin.py:137} INFO - [2023-05-02T08:32:20.336+0000] {dag.py:3456} INFO - Setting next_dagrun for example_task_group_decorator to 2023-05-01T08:32:20.332039+00:00, run_after=2023-05-02T08:32:20.332039+00:00
[2023-05-02T08:32:20.378+0000] {processor.py:175} INFO - Processing /home/airflow/.local/lib/python3.7/site-packages/airflow/example_dags/example_task_group_decorator.py took 0.309 seconds
[2023-05-02T08:47:23.876+0000] {processor.py:153} INFO - Started process (PID=41) to work on /home/airflow/.local/lib/python3.7/site-packages/airflow/example_dags/example_task_group_decorator.py
[2023-05-02T08:47:23.880+0000] {processor.py:743} INFO - Processing file /home/airflow/.local/lib/python3.7/site-packages/airflow/example_dags/example_task_group_decorator.py for tasks to queue
[2023-05-02T08:47:23.881+0000] {logging_mixin.py:137} INFO - [2023-05-02T08:47:23.881+0000] {dagbag.py:532} INFO - Filling up the DagBag from /home/airflow/.local/lib/python3.7/site-packages/airflow/example_dags/example_task_group_decorator.py
[2023-05-02T08:47:23.938+0000] {processor.py:753} INFO - DAG(s) dict_keys(['example_task_group_decorator']) retrieved from /home/airflow/.local/lib/python3.7/site-packages/airflow/example_dags/example_task_group_decorator.py
[2023-05-02T08:47:24.055+0000] {logging_mixin.py:137} INFO - [2023-05-02T08:47:24.054+0000] {dag.py:2705} INFO - Sync 1 DAGs
[2023-05-02T08:47:24.154+0000] {logging_mixin.py:137} INFO - [2023-05-02T08:47:24.154+0000] {dag.py:3456} INFO - Setting next_dagrun for example_task_group_decorator to 2023-05-01T08:47:24.153970+00:00, run_after=2023-05-02T08:47:24.153970+00:00
[2023-05-02T08:47:24.223+0000] {processor.py:175} INFO - Processing /home/airflow/.local/lib/python3.7/site-packages/airflow/example_dags/example_task_group_decorator.py took 0.354 seconds
[2023-05-02T08:48:13.040+0000] {processor.py:153} INFO - Started process (PID=42) to work on /home/airflow/.local/lib/python3.7/site-packages/airflow/example_dags/example_task_group_decorator.py
[2023-05-02T08:48:13.060+0000] {processor.py:743} INFO - Processing file /home/airflow/.local/lib/python3.7/site-packages/airflow/example_dags/example_task_group_decorator.py for tasks to queue
[2023-05-02T08:48:13.062+0000] {logging_mixin.py:137} INFO - [2023-05-02T08:48:13.061+0000] {dagbag.py:532} INFO - Filling up the DagBag from /home/airflow/.local/lib/python3.7/site-packages/airflow/example_dags/example_task_group_decorator.py
[2023-05-02T08:48:13.335+0000] {processor.py:753} INFO - DAG(s) dict_keys(['example_task_group_decorator']) retrieved from /home/airflow/.local/lib/python3.7/site-packages/airflow/example_dags/example_task_group_decorator.py
[2023-05-02T08:48:13.413+0000] {logging_mixin.py:137} INFO - [2023-05-02T08:48:13.411+0000] {dag.py:2705} INFO - Sync 1 DAGs
[2023-05-02T08:48:13.454+0000] {logging_mixin.py:137} INFO - [2023-05-02T08:48:13.454+0000] {dag.py:3456} INFO - Setting next_dagrun for example_task_group_decorator to 2023-05-01T08:48:13.454463+00:00, run_after=2023-05-02T08:48:13.454463+00:00
[2023-05-02T08:48:13.474+0000] {processor.py:175} INFO - Processing /home/airflow/.local/lib/python3.7/site-packages/airflow/example_dags/example_task_group_decorator.py took 0.438 seconds
[2023-05-02T08:52:53.983+0000] {processor.py:153} INFO - Started process (PID=42) to work on /home/airflow/.local/lib/python3.7/site-packages/airflow/example_dags/example_task_group_decorator.py
[2023-05-02T08:52:54.031+0000] {processor.py:743} INFO - Processing file /home/airflow/.local/lib/python3.7/site-packages/airflow/example_dags/example_task_group_decorator.py for tasks to queue
[2023-05-02T08:52:54.066+0000] {logging_mixin.py:137} INFO - [2023-05-02T08:52:54.043+0000] {dagbag.py:532} INFO - Filling up the DagBag from /home/airflow/.local/lib/python3.7/site-packages/airflow/example_dags/example_task_group_decorator.py
[2023-05-02T08:52:56.677+0000] {processor.py:753} INFO - DAG(s) dict_keys(['example_task_group_decorator']) retrieved from /home/airflow/.local/lib/python3.7/site-packages/airflow/example_dags/example_task_group_decorator.py
[2023-05-02T08:54:38.496+0000] {processor.py:153} INFO - Started process (PID=41) to work on /home/airflow/.local/lib/python3.7/site-packages/airflow/example_dags/example_task_group_decorator.py
[2023-05-02T08:54:38.499+0000] {processor.py:743} INFO - Processing file /home/airflow/.local/lib/python3.7/site-packages/airflow/example_dags/example_task_group_decorator.py for tasks to queue
[2023-05-02T08:54:38.500+0000] {logging_mixin.py:137} INFO - [2023-05-02T08:54:38.500+0000] {dagbag.py:532} INFO - Filling up the DagBag from /home/airflow/.local/lib/python3.7/site-packages/airflow/example_dags/example_task_group_decorator.py
[2023-05-02T08:54:39.348+0000] {processor.py:753} INFO - DAG(s) dict_keys(['example_task_group_decorator']) retrieved from /home/airflow/.local/lib/python3.7/site-packages/airflow/example_dags/example_task_group_decorator.py
[2023-05-02T08:55:46.863+0000] {processor.py:153} INFO - Started process (PID=42) to work on /home/airflow/.local/lib/python3.7/site-packages/airflow/example_dags/example_task_group_decorator.py
[2023-05-02T08:55:46.864+0000] {processor.py:743} INFO - Processing file /home/airflow/.local/lib/python3.7/site-packages/airflow/example_dags/example_task_group_decorator.py for tasks to queue
[2023-05-02T08:55:46.866+0000] {logging_mixin.py:137} INFO - [2023-05-02T08:55:46.865+0000] {dagbag.py:532} INFO - Filling up the DagBag from /home/airflow/.local/lib/python3.7/site-packages/airflow/example_dags/example_task_group_decorator.py
[2023-05-02T08:55:46.955+0000] {processor.py:753} INFO - DAG(s) dict_keys(['example_task_group_decorator']) retrieved from /home/airflow/.local/lib/python3.7/site-packages/airflow/example_dags/example_task_group_decorator.py
[2023-05-02T08:55:46.999+0000] {logging_mixin.py:137} INFO - [2023-05-02T08:55:46.999+0000] {dag.py:2705} INFO - Sync 1 DAGs
[2023-05-02T08:55:47.063+0000] {logging_mixin.py:137} INFO - [2023-05-02T08:55:47.063+0000] {dag.py:3456} INFO - Setting next_dagrun for example_task_group_decorator to 2023-05-01T08:55:47.060751+00:00, run_after=2023-05-02T08:55:47.060751+00:00
[2023-05-02T08:55:47.129+0000] {processor.py:175} INFO - Processing /home/airflow/.local/lib/python3.7/site-packages/airflow/example_dags/example_task_group_decorator.py took 0.269 seconds
[2023-05-02T08:56:48.374+0000] {processor.py:153} INFO - Started process (PID=41) to work on /home/airflow/.local/lib/python3.7/site-packages/airflow/example_dags/example_task_group_decorator.py
[2023-05-02T08:56:48.379+0000] {processor.py:743} INFO - Processing file /home/airflow/.local/lib/python3.7/site-packages/airflow/example_dags/example_task_group_decorator.py for tasks to queue
[2023-05-02T08:56:48.380+0000] {logging_mixin.py:137} INFO - [2023-05-02T08:56:48.380+0000] {dagbag.py:532} INFO - Filling up the DagBag from /home/airflow/.local/lib/python3.7/site-packages/airflow/example_dags/example_task_group_decorator.py
[2023-05-02T08:56:50.109+0000] {processor.py:753} INFO - DAG(s) dict_keys(['example_task_group_decorator']) retrieved from /home/airflow/.local/lib/python3.7/site-packages/airflow/example_dags/example_task_group_decorator.py
[2023-05-02T08:57:50.824+0000] {processor.py:153} INFO - Started process (PID=50) to work on /home/airflow/.local/lib/python3.7/site-packages/airflow/example_dags/example_task_group_decorator.py
[2023-05-02T08:57:50.848+0000] {processor.py:743} INFO - Processing file /home/airflow/.local/lib/python3.7/site-packages/airflow/example_dags/example_task_group_decorator.py for tasks to queue
[2023-05-02T08:57:50.849+0000] {logging_mixin.py:137} INFO - [2023-05-02T08:57:50.849+0000] {dagbag.py:532} INFO - Filling up the DagBag from /home/airflow/.local/lib/python3.7/site-packages/airflow/example_dags/example_task_group_decorator.py
[2023-05-02T08:57:51.104+0000] {processor.py:753} INFO - DAG(s) dict_keys(['example_task_group_decorator']) retrieved from /home/airflow/.local/lib/python3.7/site-packages/airflow/example_dags/example_task_group_decorator.py
[2023-05-02T08:57:51.218+0000] {logging_mixin.py:137} INFO - [2023-05-02T08:57:51.215+0000] {dag.py:2705} INFO - Sync 1 DAGs
[2023-05-02T08:57:51.378+0000] {logging_mixin.py:137} INFO - [2023-05-02T08:57:51.375+0000] {dag.py:3456} INFO - Setting next_dagrun for example_task_group_decorator to 2023-05-01T08:57:51.369121+00:00, run_after=2023-05-02T08:57:51.369121+00:00
[2023-05-02T08:57:52.266+0000] {processor.py:175} INFO - Processing /home/airflow/.local/lib/python3.7/site-packages/airflow/example_dags/example_task_group_decorator.py took 1.455 seconds
[2023-05-02T08:58:26.283+0000] {processor.py:153} INFO - Started process (PID=49) to work on /home/airflow/.local/lib/python3.7/site-packages/airflow/example_dags/example_task_group_decorator.py
[2023-05-02T08:58:26.308+0000] {processor.py:743} INFO - Processing file /home/airflow/.local/lib/python3.7/site-packages/airflow/example_dags/example_task_group_decorator.py for tasks to queue
[2023-05-02T08:58:26.316+0000] {logging_mixin.py:137} INFO - [2023-05-02T08:58:26.315+0000] {dagbag.py:532} INFO - Filling up the DagBag from /home/airflow/.local/lib/python3.7/site-packages/airflow/example_dags/example_task_group_decorator.py
[2023-05-02T09:03:21.911+0000] {processor.py:153} INFO - Started process (PID=41) to work on /home/airflow/.local/lib/python3.7/site-packages/airflow/example_dags/example_task_group_decorator.py
[2023-05-02T09:03:21.913+0000] {processor.py:743} INFO - Processing file /home/airflow/.local/lib/python3.7/site-packages/airflow/example_dags/example_task_group_decorator.py for tasks to queue
[2023-05-02T09:03:21.916+0000] {logging_mixin.py:137} INFO - [2023-05-02T09:03:21.916+0000] {dagbag.py:532} INFO - Filling up the DagBag from /home/airflow/.local/lib/python3.7/site-packages/airflow/example_dags/example_task_group_decorator.py
[2023-05-02T09:03:22.032+0000] {processor.py:753} INFO - DAG(s) dict_keys(['example_task_group_decorator']) retrieved from /home/airflow/.local/lib/python3.7/site-packages/airflow/example_dags/example_task_group_decorator.py
[2023-05-02T09:03:22.256+0000] {logging_mixin.py:137} INFO - [2023-05-02T09:03:22.246+0000] {dag.py:2705} INFO - Sync 1 DAGs
[2023-05-02T09:03:22.485+0000] {logging_mixin.py:137} INFO - [2023-05-02T09:03:22.484+0000] {dag.py:3456} INFO - Setting next_dagrun for example_task_group_decorator to 2023-05-01T09:03:22.483317+00:00, run_after=2023-05-02T09:03:22.483317+00:00
[2023-05-02T09:03:23.667+0000] {processor.py:175} INFO - Processing /home/airflow/.local/lib/python3.7/site-packages/airflow/example_dags/example_task_group_decorator.py took 1.759 seconds
[2023-05-02T09:06:13.925+0000] {processor.py:153} INFO - Started process (PID=41) to work on /home/airflow/.local/lib/python3.7/site-packages/airflow/example_dags/example_task_group_decorator.py
[2023-05-02T09:06:13.936+0000] {processor.py:743} INFO - Processing file /home/airflow/.local/lib/python3.7/site-packages/airflow/example_dags/example_task_group_decorator.py for tasks to queue
[2023-05-02T09:06:13.938+0000] {logging_mixin.py:137} INFO - [2023-05-02T09:06:13.938+0000] {dagbag.py:532} INFO - Filling up the DagBag from /home/airflow/.local/lib/python3.7/site-packages/airflow/example_dags/example_task_group_decorator.py
[2023-05-02T09:06:14.154+0000] {processor.py:753} INFO - DAG(s) dict_keys(['example_task_group_decorator']) retrieved from /home/airflow/.local/lib/python3.7/site-packages/airflow/example_dags/example_task_group_decorator.py
[2023-05-02T09:06:14.290+0000] {logging_mixin.py:137} INFO - [2023-05-02T09:06:14.290+0000] {dag.py:2705} INFO - Sync 1 DAGs
[2023-05-02T09:06:14.342+0000] {logging_mixin.py:137} INFO - [2023-05-02T09:06:14.342+0000] {dag.py:3456} INFO - Setting next_dagrun for example_task_group_decorator to 2023-05-01T09:06:14.339361+00:00, run_after=2023-05-02T09:06:14.339361+00:00
[2023-05-02T09:06:14.417+0000] {processor.py:175} INFO - Processing /home/airflow/.local/lib/python3.7/site-packages/airflow/example_dags/example_task_group_decorator.py took 0.494 seconds
[2023-05-02T09:06:41.838+0000] {processor.py:153} INFO - Started process (PID=96) to work on /home/airflow/.local/lib/python3.7/site-packages/airflow/example_dags/example_task_group_decorator.py
[2023-05-02T09:06:41.958+0000] {processor.py:743} INFO - Processing file /home/airflow/.local/lib/python3.7/site-packages/airflow/example_dags/example_task_group_decorator.py for tasks to queue
[2023-05-02T09:06:42.217+0000] {logging_mixin.py:137} INFO - [2023-05-02T09:06:42.146+0000] {dagbag.py:532} INFO - Filling up the DagBag from /home/airflow/.local/lib/python3.7/site-packages/airflow/example_dags/example_task_group_decorator.py
[2023-05-02T09:08:32.185+0000] {processor.py:153} INFO - Started process (PID=45) to work on /home/airflow/.local/lib/python3.7/site-packages/airflow/example_dags/example_task_group_decorator.py
[2023-05-02T09:08:32.187+0000] {processor.py:743} INFO - Processing file /home/airflow/.local/lib/python3.7/site-packages/airflow/example_dags/example_task_group_decorator.py for tasks to queue
[2023-05-02T09:08:32.189+0000] {logging_mixin.py:137} INFO - [2023-05-02T09:08:32.188+0000] {dagbag.py:532} INFO - Filling up the DagBag from /home/airflow/.local/lib/python3.7/site-packages/airflow/example_dags/example_task_group_decorator.py
[2023-05-02T09:08:32.319+0000] {processor.py:753} INFO - DAG(s) dict_keys(['example_task_group_decorator']) retrieved from /home/airflow/.local/lib/python3.7/site-packages/airflow/example_dags/example_task_group_decorator.py
[2023-05-02T09:08:32.431+0000] {logging_mixin.py:137} INFO - [2023-05-02T09:08:32.431+0000] {dag.py:2705} INFO - Sync 1 DAGs
[2023-05-02T09:08:32.509+0000] {logging_mixin.py:137} INFO - [2023-05-02T09:08:32.509+0000] {dag.py:3456} INFO - Setting next_dagrun for example_task_group_decorator to 2023-05-01T09:08:32.509397+00:00, run_after=2023-05-02T09:08:32.509397+00:00
[2023-05-02T09:08:32.583+0000] {processor.py:175} INFO - Processing /home/airflow/.local/lib/python3.7/site-packages/airflow/example_dags/example_task_group_decorator.py took 0.417 seconds
[2023-05-02T09:10:49.705+0000] {processor.py:153} INFO - Started process (PID=41) to work on /home/airflow/.local/lib/python3.7/site-packages/airflow/example_dags/example_task_group_decorator.py
[2023-05-02T09:10:49.719+0000] {processor.py:743} INFO - Processing file /home/airflow/.local/lib/python3.7/site-packages/airflow/example_dags/example_task_group_decorator.py for tasks to queue
[2023-05-02T09:10:49.724+0000] {logging_mixin.py:137} INFO - [2023-05-02T09:10:49.724+0000] {dagbag.py:532} INFO - Filling up the DagBag from /home/airflow/.local/lib/python3.7/site-packages/airflow/example_dags/example_task_group_decorator.py
[2023-05-02T09:10:49.877+0000] {processor.py:753} INFO - DAG(s) dict_keys(['example_task_group_decorator']) retrieved from /home/airflow/.local/lib/python3.7/site-packages/airflow/example_dags/example_task_group_decorator.py
[2023-05-02T09:10:49.951+0000] {logging_mixin.py:137} INFO - [2023-05-02T09:10:49.951+0000] {dag.py:2705} INFO - Sync 1 DAGs
[2023-05-02T09:10:50.086+0000] {logging_mixin.py:137} INFO - [2023-05-02T09:10:50.086+0000] {dag.py:3456} INFO - Setting next_dagrun for example_task_group_decorator to 2023-05-01T09:10:50.073625+00:00, run_after=2023-05-02T09:10:50.073625+00:00
[2023-05-02T09:10:50.398+0000] {processor.py:175} INFO - Processing /home/airflow/.local/lib/python3.7/site-packages/airflow/example_dags/example_task_group_decorator.py took 0.696 seconds
[2023-05-02T09:11:58.359+0000] {processor.py:153} INFO - Started process (PID=43) to work on /home/airflow/.local/lib/python3.7/site-packages/airflow/example_dags/example_task_group_decorator.py
[2023-05-02T09:11:58.361+0000] {processor.py:743} INFO - Processing file /home/airflow/.local/lib/python3.7/site-packages/airflow/example_dags/example_task_group_decorator.py for tasks to queue
[2023-05-02T09:11:58.363+0000] {logging_mixin.py:137} INFO - [2023-05-02T09:11:58.362+0000] {dagbag.py:532} INFO - Filling up the DagBag from /home/airflow/.local/lib/python3.7/site-packages/airflow/example_dags/example_task_group_decorator.py
[2023-05-02T09:11:58.459+0000] {processor.py:753} INFO - DAG(s) dict_keys(['example_task_group_decorator']) retrieved from /home/airflow/.local/lib/python3.7/site-packages/airflow/example_dags/example_task_group_decorator.py
[2023-05-02T09:11:58.523+0000] {logging_mixin.py:137} INFO - [2023-05-02T09:11:58.523+0000] {dag.py:2705} INFO - Sync 1 DAGs
[2023-05-02T09:11:58.577+0000] {logging_mixin.py:137} INFO - [2023-05-02T09:11:58.576+0000] {dag.py:3456} INFO - Setting next_dagrun for example_task_group_decorator to 2023-05-01T09:11:58.573822+00:00, run_after=2023-05-02T09:11:58.573822+00:00
[2023-05-02T09:11:58.636+0000] {processor.py:175} INFO - Processing /home/airflow/.local/lib/python3.7/site-packages/airflow/example_dags/example_task_group_decorator.py took 0.280 seconds
[2023-05-02T09:18:09.091+0000] {processor.py:153} INFO - Started process (PID=41) to work on /home/airflow/.local/lib/python3.7/site-packages/airflow/example_dags/example_task_group_decorator.py
[2023-05-02T09:18:09.095+0000] {processor.py:743} INFO - Processing file /home/airflow/.local/lib/python3.7/site-packages/airflow/example_dags/example_task_group_decorator.py for tasks to queue
[2023-05-02T09:18:09.097+0000] {logging_mixin.py:137} INFO - [2023-05-02T09:18:09.096+0000] {dagbag.py:532} INFO - Filling up the DagBag from /home/airflow/.local/lib/python3.7/site-packages/airflow/example_dags/example_task_group_decorator.py
[2023-05-02T09:18:09.174+0000] {processor.py:753} INFO - DAG(s) dict_keys(['example_task_group_decorator']) retrieved from /home/airflow/.local/lib/python3.7/site-packages/airflow/example_dags/example_task_group_decorator.py
[2023-05-02T09:18:09.219+0000] {logging_mixin.py:137} INFO - [2023-05-02T09:18:09.219+0000] {dag.py:2705} INFO - Sync 1 DAGs
[2023-05-02T09:18:09.254+0000] {logging_mixin.py:137} INFO - [2023-05-02T09:18:09.254+0000] {dag.py:3456} INFO - Setting next_dagrun for example_task_group_decorator to 2023-05-01T09:18:09.253975+00:00, run_after=2023-05-02T09:18:09.253975+00:00
[2023-05-02T09:18:09.281+0000] {processor.py:175} INFO - Processing /home/airflow/.local/lib/python3.7/site-packages/airflow/example_dags/example_task_group_decorator.py took 0.197 seconds
[2023-05-02T09:18:54.436+0000] {processor.py:153} INFO - Started process (PID=42) to work on /home/airflow/.local/lib/python3.7/site-packages/airflow/example_dags/example_task_group_decorator.py
[2023-05-02T09:18:54.441+0000] {processor.py:743} INFO - Processing file /home/airflow/.local/lib/python3.7/site-packages/airflow/example_dags/example_task_group_decorator.py for tasks to queue
[2023-05-02T09:18:54.442+0000] {logging_mixin.py:137} INFO - [2023-05-02T09:18:54.441+0000] {dagbag.py:532} INFO - Filling up the DagBag from /home/airflow/.local/lib/python3.7/site-packages/airflow/example_dags/example_task_group_decorator.py
[2023-05-02T09:18:54.619+0000] {processor.py:753} INFO - DAG(s) dict_keys(['example_task_group_decorator']) retrieved from /home/airflow/.local/lib/python3.7/site-packages/airflow/example_dags/example_task_group_decorator.py
[2023-05-02T09:22:23.113+0000] {processor.py:153} INFO - Started process (PID=40) to work on /home/airflow/.local/lib/python3.7/site-packages/airflow/example_dags/example_task_group_decorator.py
[2023-05-02T09:22:23.139+0000] {processor.py:743} INFO - Processing file /home/airflow/.local/lib/python3.7/site-packages/airflow/example_dags/example_task_group_decorator.py for tasks to queue
[2023-05-02T09:22:23.142+0000] {logging_mixin.py:137} INFO - [2023-05-02T09:22:23.142+0000] {dagbag.py:532} INFO - Filling up the DagBag from /home/airflow/.local/lib/python3.7/site-packages/airflow/example_dags/example_task_group_decorator.py
[2023-05-02T09:22:23.545+0000] {processor.py:753} INFO - DAG(s) dict_keys(['example_task_group_decorator']) retrieved from /home/airflow/.local/lib/python3.7/site-packages/airflow/example_dags/example_task_group_decorator.py
[2023-05-02T09:22:23.888+0000] {logging_mixin.py:137} INFO - [2023-05-02T09:22:23.887+0000] {dag.py:2705} INFO - Sync 1 DAGs
[2023-05-02T09:22:25.451+0000] {logging_mixin.py:137} INFO - [2023-05-02T09:22:25.451+0000] {dag.py:3456} INFO - Setting next_dagrun for example_task_group_decorator to 2023-05-01T09:22:25.441573+00:00, run_after=2023-05-02T09:22:25.441573+00:00
[2023-05-02T09:22:25.611+0000] {processor.py:175} INFO - Processing /home/airflow/.local/lib/python3.7/site-packages/airflow/example_dags/example_task_group_decorator.py took 2.505 seconds
[2023-05-02T09:24:12.391+0000] {processor.py:153} INFO - Started process (PID=48) to work on /home/airflow/.local/lib/python3.7/site-packages/airflow/example_dags/example_task_group_decorator.py
[2023-05-02T09:24:12.397+0000] {processor.py:743} INFO - Processing file /home/airflow/.local/lib/python3.7/site-packages/airflow/example_dags/example_task_group_decorator.py for tasks to queue
[2023-05-02T09:24:12.444+0000] {logging_mixin.py:137} INFO - [2023-05-02T09:24:12.419+0000] {dagbag.py:532} INFO - Filling up the DagBag from /home/airflow/.local/lib/python3.7/site-packages/airflow/example_dags/example_task_group_decorator.py
[2023-05-02T09:24:19.761+0000] {processor.py:753} INFO - DAG(s) dict_keys(['example_task_group_decorator']) retrieved from /home/airflow/.local/lib/python3.7/site-packages/airflow/example_dags/example_task_group_decorator.py
[2023-05-02T09:24:43.319+0000] {processor.py:153} INFO - Started process (PID=43) to work on /home/airflow/.local/lib/python3.7/site-packages/airflow/example_dags/example_task_group_decorator.py
[2023-05-02T09:24:43.319+0000] {processor.py:743} INFO - Processing file /home/airflow/.local/lib/python3.7/site-packages/airflow/example_dags/example_task_group_decorator.py for tasks to queue
[2023-05-02T09:24:43.326+0000] {logging_mixin.py:137} INFO - [2023-05-02T09:24:43.326+0000] {dagbag.py:532} INFO - Filling up the DagBag from /home/airflow/.local/lib/python3.7/site-packages/airflow/example_dags/example_task_group_decorator.py
[2023-05-02T09:24:43.408+0000] {processor.py:753} INFO - DAG(s) dict_keys(['example_task_group_decorator']) retrieved from /home/airflow/.local/lib/python3.7/site-packages/airflow/example_dags/example_task_group_decorator.py
[2023-05-02T09:24:43.637+0000] {logging_mixin.py:137} INFO - [2023-05-02T09:24:43.635+0000] {dag.py:2705} INFO - Sync 1 DAGs
[2023-05-02T09:24:43.911+0000] {logging_mixin.py:137} INFO - [2023-05-02T09:24:43.911+0000] {dag.py:3456} INFO - Setting next_dagrun for example_task_group_decorator to 2023-05-01T09:24:43.909893+00:00, run_after=2023-05-02T09:24:43.909893+00:00
[2023-05-02T09:24:44.100+0000] {processor.py:175} INFO - Processing /home/airflow/.local/lib/python3.7/site-packages/airflow/example_dags/example_task_group_decorator.py took 0.785 seconds
[2023-05-02T09:26:21.859+0000] {processor.py:153} INFO - Started process (PID=41) to work on /home/airflow/.local/lib/python3.7/site-packages/airflow/example_dags/example_task_group_decorator.py
[2023-05-02T09:26:21.866+0000] {processor.py:743} INFO - Processing file /home/airflow/.local/lib/python3.7/site-packages/airflow/example_dags/example_task_group_decorator.py for tasks to queue
[2023-05-02T09:26:21.882+0000] {logging_mixin.py:137} INFO - [2023-05-02T09:26:21.881+0000] {dagbag.py:532} INFO - Filling up the DagBag from /home/airflow/.local/lib/python3.7/site-packages/airflow/example_dags/example_task_group_decorator.py
[2023-05-02T09:26:22.016+0000] {processor.py:753} INFO - DAG(s) dict_keys(['example_task_group_decorator']) retrieved from /home/airflow/.local/lib/python3.7/site-packages/airflow/example_dags/example_task_group_decorator.py
[2023-05-02T09:26:22.079+0000] {logging_mixin.py:137} INFO - [2023-05-02T09:26:22.079+0000] {dag.py:2705} INFO - Sync 1 DAGs
[2023-05-02T09:26:22.130+0000] {logging_mixin.py:137} INFO - [2023-05-02T09:26:22.130+0000] {dag.py:3456} INFO - Setting next_dagrun for example_task_group_decorator to 2023-05-01T09:26:22.130129+00:00, run_after=2023-05-02T09:26:22.130129+00:00
[2023-05-02T09:26:22.177+0000] {processor.py:175} INFO - Processing /home/airflow/.local/lib/python3.7/site-packages/airflow/example_dags/example_task_group_decorator.py took 0.322 seconds
[2023-05-02T09:26:55.432+0000] {processor.py:153} INFO - Started process (PID=40) to work on /home/airflow/.local/lib/python3.7/site-packages/airflow/example_dags/example_task_group_decorator.py
[2023-05-02T09:26:55.433+0000] {processor.py:743} INFO - Processing file /home/airflow/.local/lib/python3.7/site-packages/airflow/example_dags/example_task_group_decorator.py for tasks to queue
[2023-05-02T09:26:55.434+0000] {logging_mixin.py:137} INFO - [2023-05-02T09:26:55.434+0000] {dagbag.py:532} INFO - Filling up the DagBag from /home/airflow/.local/lib/python3.7/site-packages/airflow/example_dags/example_task_group_decorator.py
[2023-05-02T09:26:55.468+0000] {processor.py:753} INFO - DAG(s) dict_keys(['example_task_group_decorator']) retrieved from /home/airflow/.local/lib/python3.7/site-packages/airflow/example_dags/example_task_group_decorator.py
[2023-05-02T09:26:55.519+0000] {logging_mixin.py:137} INFO - [2023-05-02T09:26:55.518+0000] {dag.py:2705} INFO - Sync 1 DAGs
[2023-05-02T09:26:55.543+0000] {logging_mixin.py:137} INFO - [2023-05-02T09:26:55.543+0000] {dag.py:3456} INFO - Setting next_dagrun for example_task_group_decorator to 2023-05-01T09:26:55.543291+00:00, run_after=2023-05-02T09:26:55.543291+00:00
[2023-05-02T09:26:55.558+0000] {processor.py:175} INFO - Processing /home/airflow/.local/lib/python3.7/site-packages/airflow/example_dags/example_task_group_decorator.py took 0.129 seconds
[2023-05-02T09:27:51.933+0000] {processor.py:153} INFO - Started process (PID=41) to work on /home/airflow/.local/lib/python3.7/site-packages/airflow/example_dags/example_task_group_decorator.py
[2023-05-02T09:27:51.934+0000] {processor.py:743} INFO - Processing file /home/airflow/.local/lib/python3.7/site-packages/airflow/example_dags/example_task_group_decorator.py for tasks to queue
[2023-05-02T09:27:51.935+0000] {logging_mixin.py:137} INFO - [2023-05-02T09:27:51.935+0000] {dagbag.py:532} INFO - Filling up the DagBag from /home/airflow/.local/lib/python3.7/site-packages/airflow/example_dags/example_task_group_decorator.py
[2023-05-02T09:27:52.016+0000] {processor.py:753} INFO - DAG(s) dict_keys(['example_task_group_decorator']) retrieved from /home/airflow/.local/lib/python3.7/site-packages/airflow/example_dags/example_task_group_decorator.py
[2023-05-02T09:27:52.135+0000] {logging_mixin.py:137} INFO - [2023-05-02T09:27:52.135+0000] {dag.py:2705} INFO - Sync 1 DAGs
[2023-05-02T09:27:52.351+0000] {logging_mixin.py:137} INFO - [2023-05-02T09:27:52.351+0000] {dag.py:3456} INFO - Setting next_dagrun for example_task_group_decorator to 2023-05-01T09:27:52.349205+00:00, run_after=2023-05-02T09:27:52.349205+00:00
[2023-05-02T09:27:52.428+0000] {processor.py:175} INFO - Processing /home/airflow/.local/lib/python3.7/site-packages/airflow/example_dags/example_task_group_decorator.py took 0.497 seconds
[2023-05-02T09:28:43.258+0000] {processor.py:153} INFO - Started process (PID=49) to work on /home/airflow/.local/lib/python3.7/site-packages/airflow/example_dags/example_task_group_decorator.py
[2023-05-02T09:28:43.258+0000] {processor.py:743} INFO - Processing file /home/airflow/.local/lib/python3.7/site-packages/airflow/example_dags/example_task_group_decorator.py for tasks to queue
[2023-05-02T09:28:43.259+0000] {logging_mixin.py:137} INFO - [2023-05-02T09:28:43.259+0000] {dagbag.py:532} INFO - Filling up the DagBag from /home/airflow/.local/lib/python3.7/site-packages/airflow/example_dags/example_task_group_decorator.py
[2023-05-02T09:28:43.304+0000] {processor.py:753} INFO - DAG(s) dict_keys(['example_task_group_decorator']) retrieved from /home/airflow/.local/lib/python3.7/site-packages/airflow/example_dags/example_task_group_decorator.py
[2023-05-02T09:28:43.397+0000] {logging_mixin.py:137} INFO - [2023-05-02T09:28:43.395+0000] {dag.py:2705} INFO - Sync 1 DAGs
[2023-05-02T09:28:43.523+0000] {logging_mixin.py:137} INFO - [2023-05-02T09:28:43.522+0000] {dag.py:3456} INFO - Setting next_dagrun for example_task_group_decorator to 2023-05-01T09:28:43.520342+00:00, run_after=2023-05-02T09:28:43.520342+00:00
[2023-05-02T09:28:43.624+0000] {processor.py:175} INFO - Processing /home/airflow/.local/lib/python3.7/site-packages/airflow/example_dags/example_task_group_decorator.py took 0.371 seconds
[2023-05-02T09:29:26.274+0000] {processor.py:153} INFO - Started process (PID=42) to work on /home/airflow/.local/lib/python3.7/site-packages/airflow/example_dags/example_task_group_decorator.py
[2023-05-02T09:29:26.279+0000] {processor.py:743} INFO - Processing file /home/airflow/.local/lib/python3.7/site-packages/airflow/example_dags/example_task_group_decorator.py for tasks to queue
[2023-05-02T09:29:26.284+0000] {logging_mixin.py:137} INFO - [2023-05-02T09:29:26.283+0000] {dagbag.py:532} INFO - Filling up the DagBag from /home/airflow/.local/lib/python3.7/site-packages/airflow/example_dags/example_task_group_decorator.py
[2023-05-02T09:29:26.425+0000] {processor.py:753} INFO - DAG(s) dict_keys(['example_task_group_decorator']) retrieved from /home/airflow/.local/lib/python3.7/site-packages/airflow/example_dags/example_task_group_decorator.py
[2023-05-02T09:29:26.563+0000] {logging_mixin.py:137} INFO - [2023-05-02T09:29:26.562+0000] {dag.py:2705} INFO - Sync 1 DAGs
[2023-05-02T09:29:26.680+0000] {logging_mixin.py:137} INFO - [2023-05-02T09:29:26.680+0000] {dag.py:3456} INFO - Setting next_dagrun for example_task_group_decorator to 2023-05-01T09:29:26.676839+00:00, run_after=2023-05-02T09:29:26.676839+00:00
[2023-05-02T09:29:26.775+0000] {processor.py:175} INFO - Processing /home/airflow/.local/lib/python3.7/site-packages/airflow/example_dags/example_task_group_decorator.py took 0.512 seconds
[2023-05-02T09:30:01.034+0000] {processor.py:153} INFO - Started process (PID=40) to work on /home/airflow/.local/lib/python3.7/site-packages/airflow/example_dags/example_task_group_decorator.py
[2023-05-02T09:30:01.035+0000] {processor.py:743} INFO - Processing file /home/airflow/.local/lib/python3.7/site-packages/airflow/example_dags/example_task_group_decorator.py for tasks to queue
[2023-05-02T09:30:01.035+0000] {logging_mixin.py:137} INFO - [2023-05-02T09:30:01.035+0000] {dagbag.py:532} INFO - Filling up the DagBag from /home/airflow/.local/lib/python3.7/site-packages/airflow/example_dags/example_task_group_decorator.py
[2023-05-02T09:30:01.064+0000] {processor.py:753} INFO - DAG(s) dict_keys(['example_task_group_decorator']) retrieved from /home/airflow/.local/lib/python3.7/site-packages/airflow/example_dags/example_task_group_decorator.py
[2023-05-02T09:30:01.223+0000] {logging_mixin.py:137} INFO - [2023-05-02T09:30:01.219+0000] {dag.py:2705} INFO - Sync 1 DAGs
[2023-05-02T09:30:01.295+0000] {logging_mixin.py:137} INFO - [2023-05-02T09:30:01.294+0000] {dag.py:3456} INFO - Setting next_dagrun for example_task_group_decorator to 2023-05-01T09:30:01.292445+00:00, run_after=2023-05-02T09:30:01.292445+00:00
[2023-05-02T09:30:01.684+0000] {processor.py:175} INFO - Processing /home/airflow/.local/lib/python3.7/site-packages/airflow/example_dags/example_task_group_decorator.py took 0.655 seconds
[2023-05-02T09:30:32.414+0000] {processor.py:153} INFO - Started process (PID=43) to work on /home/airflow/.local/lib/python3.7/site-packages/airflow/example_dags/example_task_group_decorator.py
[2023-05-02T09:30:32.416+0000] {processor.py:743} INFO - Processing file /home/airflow/.local/lib/python3.7/site-packages/airflow/example_dags/example_task_group_decorator.py for tasks to queue
[2023-05-02T09:30:32.418+0000] {logging_mixin.py:137} INFO - [2023-05-02T09:30:32.418+0000] {dagbag.py:532} INFO - Filling up the DagBag from /home/airflow/.local/lib/python3.7/site-packages/airflow/example_dags/example_task_group_decorator.py
[2023-05-02T09:30:32.715+0000] {processor.py:753} INFO - DAG(s) dict_keys(['example_task_group_decorator']) retrieved from /home/airflow/.local/lib/python3.7/site-packages/airflow/example_dags/example_task_group_decorator.py
[2023-05-02T09:30:33.585+0000] {logging_mixin.py:137} INFO - [2023-05-02T09:30:33.583+0000] {dag.py:2705} INFO - Sync 1 DAGs
[2023-05-02T09:31:10.641+0000] {processor.py:153} INFO - Started process (PID=41) to work on /home/airflow/.local/lib/python3.7/site-packages/airflow/example_dags/example_task_group_decorator.py
[2023-05-02T09:31:10.642+0000] {processor.py:743} INFO - Processing file /home/airflow/.local/lib/python3.7/site-packages/airflow/example_dags/example_task_group_decorator.py for tasks to queue
[2023-05-02T09:31:10.643+0000] {logging_mixin.py:137} INFO - [2023-05-02T09:31:10.643+0000] {dagbag.py:532} INFO - Filling up the DagBag from /home/airflow/.local/lib/python3.7/site-packages/airflow/example_dags/example_task_group_decorator.py
[2023-05-02T09:31:10.695+0000] {processor.py:753} INFO - DAG(s) dict_keys(['example_task_group_decorator']) retrieved from /home/airflow/.local/lib/python3.7/site-packages/airflow/example_dags/example_task_group_decorator.py
[2023-05-02T09:31:10.732+0000] {logging_mixin.py:137} INFO - [2023-05-02T09:31:10.732+0000] {dag.py:2705} INFO - Sync 1 DAGs
[2023-05-02T09:31:10.752+0000] {logging_mixin.py:137} INFO - [2023-05-02T09:31:10.752+0000] {dag.py:3456} INFO - Setting next_dagrun for example_task_group_decorator to 2023-05-01T09:31:10.752027+00:00, run_after=2023-05-02T09:31:10.752027+00:00
[2023-05-02T09:31:10.766+0000] {processor.py:175} INFO - Processing /home/airflow/.local/lib/python3.7/site-packages/airflow/example_dags/example_task_group_decorator.py took 0.128 seconds
[2023-05-02T09:33:46.546+0000] {processor.py:153} INFO - Started process (PID=41) to work on /home/airflow/.local/lib/python3.7/site-packages/airflow/example_dags/example_task_group_decorator.py
[2023-05-02T09:33:46.547+0000] {processor.py:743} INFO - Processing file /home/airflow/.local/lib/python3.7/site-packages/airflow/example_dags/example_task_group_decorator.py for tasks to queue
[2023-05-02T09:33:46.549+0000] {logging_mixin.py:137} INFO - [2023-05-02T09:33:46.548+0000] {dagbag.py:532} INFO - Filling up the DagBag from /home/airflow/.local/lib/python3.7/site-packages/airflow/example_dags/example_task_group_decorator.py
[2023-05-02T09:33:46.592+0000] {processor.py:753} INFO - DAG(s) dict_keys(['example_task_group_decorator']) retrieved from /home/airflow/.local/lib/python3.7/site-packages/airflow/example_dags/example_task_group_decorator.py
[2023-05-02T09:33:46.624+0000] {logging_mixin.py:137} INFO - [2023-05-02T09:33:46.624+0000] {dag.py:2705} INFO - Sync 1 DAGs
[2023-05-02T09:33:46.649+0000] {logging_mixin.py:137} INFO - [2023-05-02T09:33:46.648+0000] {dag.py:3456} INFO - Setting next_dagrun for example_task_group_decorator to 2023-05-01T09:33:46.648709+00:00, run_after=2023-05-02T09:33:46.648709+00:00
[2023-05-02T09:33:46.665+0000] {processor.py:175} INFO - Processing /home/airflow/.local/lib/python3.7/site-packages/airflow/example_dags/example_task_group_decorator.py took 0.124 seconds
[2023-05-02T09:34:41.533+0000] {processor.py:153} INFO - Started process (PID=41) to work on /home/airflow/.local/lib/python3.7/site-packages/airflow/example_dags/example_task_group_decorator.py
[2023-05-02T09:34:41.536+0000] {processor.py:743} INFO - Processing file /home/airflow/.local/lib/python3.7/site-packages/airflow/example_dags/example_task_group_decorator.py for tasks to queue
[2023-05-02T09:34:41.539+0000] {logging_mixin.py:137} INFO - [2023-05-02T09:34:41.538+0000] {dagbag.py:532} INFO - Filling up the DagBag from /home/airflow/.local/lib/python3.7/site-packages/airflow/example_dags/example_task_group_decorator.py
[2023-05-02T09:34:41.728+0000] {processor.py:753} INFO - DAG(s) dict_keys(['example_task_group_decorator']) retrieved from /home/airflow/.local/lib/python3.7/site-packages/airflow/example_dags/example_task_group_decorator.py
[2023-05-02T09:34:42.078+0000] {logging_mixin.py:137} INFO - [2023-05-02T09:34:42.062+0000] {dag.py:2705} INFO - Sync 1 DAGs
[2023-05-02T09:35:35.652+0000] {processor.py:153} INFO - Started process (PID=43) to work on /home/airflow/.local/lib/python3.7/site-packages/airflow/example_dags/example_task_group_decorator.py
[2023-05-02T09:35:35.653+0000] {processor.py:743} INFO - Processing file /home/airflow/.local/lib/python3.7/site-packages/airflow/example_dags/example_task_group_decorator.py for tasks to queue
[2023-05-02T09:35:35.654+0000] {logging_mixin.py:137} INFO - [2023-05-02T09:35:35.654+0000] {dagbag.py:532} INFO - Filling up the DagBag from /home/airflow/.local/lib/python3.7/site-packages/airflow/example_dags/example_task_group_decorator.py
[2023-05-02T09:35:35.695+0000] {processor.py:753} INFO - DAG(s) dict_keys(['example_task_group_decorator']) retrieved from /home/airflow/.local/lib/python3.7/site-packages/airflow/example_dags/example_task_group_decorator.py
[2023-05-02T09:35:35.759+0000] {logging_mixin.py:137} INFO - [2023-05-02T09:35:35.758+0000] {dag.py:2705} INFO - Sync 1 DAGs
[2023-05-02T09:35:35.797+0000] {logging_mixin.py:137} INFO - [2023-05-02T09:35:35.796+0000] {dag.py:3456} INFO - Setting next_dagrun for example_task_group_decorator to 2023-05-01T09:35:35.795938+00:00, run_after=2023-05-02T09:35:35.795938+00:00
[2023-05-02T09:35:35.821+0000] {processor.py:175} INFO - Processing /home/airflow/.local/lib/python3.7/site-packages/airflow/example_dags/example_task_group_decorator.py took 0.172 seconds
[2023-05-02T09:37:10.665+0000] {processor.py:153} INFO - Started process (PID=40) to work on /home/airflow/.local/lib/python3.7/site-packages/airflow/example_dags/example_task_group_decorator.py
[2023-05-02T09:37:10.672+0000] {processor.py:743} INFO - Processing file /home/airflow/.local/lib/python3.7/site-packages/airflow/example_dags/example_task_group_decorator.py for tasks to queue
[2023-05-02T09:37:10.678+0000] {logging_mixin.py:137} INFO - [2023-05-02T09:37:10.678+0000] {dagbag.py:532} INFO - Filling up the DagBag from /home/airflow/.local/lib/python3.7/site-packages/airflow/example_dags/example_task_group_decorator.py
[2023-05-02T09:37:11.455+0000] {processor.py:753} INFO - DAG(s) dict_keys(['example_task_group_decorator']) retrieved from /home/airflow/.local/lib/python3.7/site-packages/airflow/example_dags/example_task_group_decorator.py
[2023-05-02T09:37:43.022+0000] {processor.py:153} INFO - Started process (PID=42) to work on /home/airflow/.local/lib/python3.7/site-packages/airflow/example_dags/example_task_group_decorator.py
[2023-05-02T09:37:43.029+0000] {processor.py:743} INFO - Processing file /home/airflow/.local/lib/python3.7/site-packages/airflow/example_dags/example_task_group_decorator.py for tasks to queue
[2023-05-02T09:37:43.031+0000] {logging_mixin.py:137} INFO - [2023-05-02T09:37:43.030+0000] {dagbag.py:532} INFO - Filling up the DagBag from /home/airflow/.local/lib/python3.7/site-packages/airflow/example_dags/example_task_group_decorator.py
[2023-05-02T09:38:06.739+0000] {processor.py:153} INFO - Started process (PID=41) to work on /home/airflow/.local/lib/python3.7/site-packages/airflow/example_dags/example_task_group_decorator.py
[2023-05-02T09:38:06.749+0000] {processor.py:743} INFO - Processing file /home/airflow/.local/lib/python3.7/site-packages/airflow/example_dags/example_task_group_decorator.py for tasks to queue
[2023-05-02T09:38:06.751+0000] {logging_mixin.py:137} INFO - [2023-05-02T09:38:06.751+0000] {dagbag.py:532} INFO - Filling up the DagBag from /home/airflow/.local/lib/python3.7/site-packages/airflow/example_dags/example_task_group_decorator.py
[2023-05-02T09:38:06.900+0000] {processor.py:753} INFO - DAG(s) dict_keys(['example_task_group_decorator']) retrieved from /home/airflow/.local/lib/python3.7/site-packages/airflow/example_dags/example_task_group_decorator.py
[2023-05-02T09:38:07.499+0000] {logging_mixin.py:137} INFO - [2023-05-02T09:38:07.484+0000] {dag.py:2705} INFO - Sync 1 DAGs
[2023-05-02T09:38:09.283+0000] {logging_mixin.py:137} INFO - [2023-05-02T09:38:09.274+0000] {dag.py:3456} INFO - Setting next_dagrun for example_task_group_decorator to 2023-05-01T09:38:09.262631+00:00, run_after=2023-05-02T09:38:09.262631+00:00
[2023-05-02T09:38:42.193+0000] {processor.py:153} INFO - Started process (PID=40) to work on /home/airflow/.local/lib/python3.7/site-packages/airflow/example_dags/example_task_group_decorator.py
[2023-05-02T09:38:42.216+0000] {processor.py:743} INFO - Processing file /home/airflow/.local/lib/python3.7/site-packages/airflow/example_dags/example_task_group_decorator.py for tasks to queue
[2023-05-02T09:38:42.217+0000] {logging_mixin.py:137} INFO - [2023-05-02T09:38:42.217+0000] {dagbag.py:532} INFO - Filling up the DagBag from /home/airflow/.local/lib/python3.7/site-packages/airflow/example_dags/example_task_group_decorator.py
[2023-05-02T09:38:42.273+0000] {processor.py:753} INFO - DAG(s) dict_keys(['example_task_group_decorator']) retrieved from /home/airflow/.local/lib/python3.7/site-packages/airflow/example_dags/example_task_group_decorator.py
[2023-05-02T09:38:42.328+0000] {logging_mixin.py:137} INFO - [2023-05-02T09:38:42.328+0000] {dag.py:2705} INFO - Sync 1 DAGs
[2023-05-02T09:38:42.391+0000] {logging_mixin.py:137} INFO - [2023-05-02T09:38:42.391+0000] {dag.py:3456} INFO - Setting next_dagrun for example_task_group_decorator to 2023-05-01T09:38:42.391013+00:00, run_after=2023-05-02T09:38:42.391013+00:00
[2023-05-02T09:38:42.427+0000] {processor.py:175} INFO - Processing /home/airflow/.local/lib/python3.7/site-packages/airflow/example_dags/example_task_group_decorator.py took 0.237 seconds
[2023-05-02T09:45:16.737+0000] {processor.py:153} INFO - Started process (PID=41) to work on /home/airflow/.local/lib/python3.7/site-packages/airflow/example_dags/example_task_group_decorator.py
[2023-05-02T09:45:16.738+0000] {processor.py:743} INFO - Processing file /home/airflow/.local/lib/python3.7/site-packages/airflow/example_dags/example_task_group_decorator.py for tasks to queue
[2023-05-02T09:45:16.739+0000] {logging_mixin.py:137} INFO - [2023-05-02T09:45:16.739+0000] {dagbag.py:532} INFO - Filling up the DagBag from /home/airflow/.local/lib/python3.7/site-packages/airflow/example_dags/example_task_group_decorator.py
[2023-05-02T09:45:16.881+0000] {processor.py:753} INFO - DAG(s) dict_keys(['example_task_group_decorator']) retrieved from /home/airflow/.local/lib/python3.7/site-packages/airflow/example_dags/example_task_group_decorator.py
[2023-05-02T09:45:17.054+0000] {logging_mixin.py:137} INFO - [2023-05-02T09:45:17.052+0000] {dag.py:2705} INFO - Sync 1 DAGs
[2023-05-02T09:45:17.140+0000] {logging_mixin.py:137} INFO - [2023-05-02T09:45:17.140+0000] {dag.py:3456} INFO - Setting next_dagrun for example_task_group_decorator to 2023-05-01T09:45:17.138007+00:00, run_after=2023-05-02T09:45:17.138007+00:00
[2023-05-02T09:45:17.242+0000] {processor.py:175} INFO - Processing /home/airflow/.local/lib/python3.7/site-packages/airflow/example_dags/example_task_group_decorator.py took 0.507 seconds
[2023-05-02T09:48:42.216+0000] {processor.py:153} INFO - Started process (PID=41) to work on /home/airflow/.local/lib/python3.7/site-packages/airflow/example_dags/example_task_group_decorator.py
[2023-05-02T09:48:42.219+0000] {processor.py:743} INFO - Processing file /home/airflow/.local/lib/python3.7/site-packages/airflow/example_dags/example_task_group_decorator.py for tasks to queue
[2023-05-02T09:48:42.220+0000] {logging_mixin.py:137} INFO - [2023-05-02T09:48:42.220+0000] {dagbag.py:532} INFO - Filling up the DagBag from /home/airflow/.local/lib/python3.7/site-packages/airflow/example_dags/example_task_group_decorator.py
[2023-05-02T09:48:42.266+0000] {processor.py:753} INFO - DAG(s) dict_keys(['example_task_group_decorator']) retrieved from /home/airflow/.local/lib/python3.7/site-packages/airflow/example_dags/example_task_group_decorator.py
[2023-05-02T09:48:42.332+0000] {logging_mixin.py:137} INFO - [2023-05-02T09:48:42.332+0000] {dag.py:2705} INFO - Sync 1 DAGs
[2023-05-02T09:48:42.369+0000] {logging_mixin.py:137} INFO - [2023-05-02T09:48:42.369+0000] {dag.py:3456} INFO - Setting next_dagrun for example_task_group_decorator to 2023-05-01T09:48:42.369316+00:00, run_after=2023-05-02T09:48:42.369316+00:00
[2023-05-02T09:48:42.401+0000] {processor.py:175} INFO - Processing /home/airflow/.local/lib/python3.7/site-packages/airflow/example_dags/example_task_group_decorator.py took 0.188 seconds
[2023-05-02T10:18:32.286+0000] {processor.py:153} INFO - Started process (PID=41) to work on /home/airflow/.local/lib/python3.7/site-packages/airflow/example_dags/example_task_group_decorator.py
[2023-05-02T10:18:32.287+0000] {processor.py:743} INFO - Processing file /home/airflow/.local/lib/python3.7/site-packages/airflow/example_dags/example_task_group_decorator.py for tasks to queue
[2023-05-02T10:18:32.288+0000] {logging_mixin.py:137} INFO - [2023-05-02T10:18:32.288+0000] {dagbag.py:532} INFO - Filling up the DagBag from /home/airflow/.local/lib/python3.7/site-packages/airflow/example_dags/example_task_group_decorator.py
[2023-05-02T10:18:32.323+0000] {processor.py:753} INFO - DAG(s) dict_keys(['example_task_group_decorator']) retrieved from /home/airflow/.local/lib/python3.7/site-packages/airflow/example_dags/example_task_group_decorator.py
[2023-05-02T10:18:32.363+0000] {logging_mixin.py:137} INFO - [2023-05-02T10:18:32.363+0000] {dag.py:2705} INFO - Sync 1 DAGs
[2023-05-02T10:18:32.391+0000] {logging_mixin.py:137} INFO - [2023-05-02T10:18:32.391+0000] {dag.py:3456} INFO - Setting next_dagrun for example_task_group_decorator to 2023-05-01T10:18:32.391553+00:00, run_after=2023-05-02T10:18:32.391553+00:00
[2023-05-02T10:18:32.419+0000] {processor.py:175} INFO - Processing /home/airflow/.local/lib/python3.7/site-packages/airflow/example_dags/example_task_group_decorator.py took 0.139 seconds
[2023-05-02T10:19:38.505+0000] {processor.py:153} INFO - Started process (PID=40) to work on /home/airflow/.local/lib/python3.7/site-packages/airflow/example_dags/example_task_group_decorator.py
[2023-05-02T10:19:38.508+0000] {processor.py:743} INFO - Processing file /home/airflow/.local/lib/python3.7/site-packages/airflow/example_dags/example_task_group_decorator.py for tasks to queue
[2023-05-02T10:19:38.509+0000] {logging_mixin.py:137} INFO - [2023-05-02T10:19:38.509+0000] {dagbag.py:532} INFO - Filling up the DagBag from /home/airflow/.local/lib/python3.7/site-packages/airflow/example_dags/example_task_group_decorator.py
[2023-05-02T10:19:38.552+0000] {processor.py:753} INFO - DAG(s) dict_keys(['example_task_group_decorator']) retrieved from /home/airflow/.local/lib/python3.7/site-packages/airflow/example_dags/example_task_group_decorator.py
[2023-05-02T10:19:38.593+0000] {logging_mixin.py:137} INFO - [2023-05-02T10:19:38.593+0000] {dag.py:2705} INFO - Sync 1 DAGs
[2023-05-02T10:19:38.653+0000] {logging_mixin.py:137} INFO - [2023-05-02T10:19:38.650+0000] {dag.py:3456} INFO - Setting next_dagrun for example_task_group_decorator to 2023-05-01T10:19:38.650217+00:00, run_after=2023-05-02T10:19:38.650217+00:00
[2023-05-02T10:19:38.813+0000] {processor.py:175} INFO - Processing /home/airflow/.local/lib/python3.7/site-packages/airflow/example_dags/example_task_group_decorator.py took 0.310 seconds
[2023-05-02T10:22:21.809+0000] {processor.py:153} INFO - Started process (PID=41) to work on /home/airflow/.local/lib/python3.7/site-packages/airflow/example_dags/example_task_group_decorator.py
[2023-05-02T10:22:21.812+0000] {processor.py:743} INFO - Processing file /home/airflow/.local/lib/python3.7/site-packages/airflow/example_dags/example_task_group_decorator.py for tasks to queue
[2023-05-02T10:22:21.814+0000] {logging_mixin.py:137} INFO - [2023-05-02T10:22:21.814+0000] {dagbag.py:532} INFO - Filling up the DagBag from /home/airflow/.local/lib/python3.7/site-packages/airflow/example_dags/example_task_group_decorator.py
[2023-05-02T10:22:21.991+0000] {processor.py:753} INFO - DAG(s) dict_keys(['example_task_group_decorator']) retrieved from /home/airflow/.local/lib/python3.7/site-packages/airflow/example_dags/example_task_group_decorator.py
[2023-05-02T10:22:22.094+0000] {logging_mixin.py:137} INFO - [2023-05-02T10:22:22.094+0000] {dag.py:2705} INFO - Sync 1 DAGs
[2023-05-02T10:22:22.232+0000] {logging_mixin.py:137} INFO - [2023-05-02T10:22:22.232+0000] {dag.py:3456} INFO - Setting next_dagrun for example_task_group_decorator to 2023-05-01T10:22:22.224647+00:00, run_after=2023-05-02T10:22:22.224647+00:00
[2023-05-02T10:22:22.334+0000] {processor.py:175} INFO - Processing /home/airflow/.local/lib/python3.7/site-packages/airflow/example_dags/example_task_group_decorator.py took 0.533 seconds
[2023-05-02T10:27:38.972+0000] {processor.py:153} INFO - Started process (PID=42) to work on /home/airflow/.local/lib/python3.7/site-packages/airflow/example_dags/example_task_group_decorator.py
[2023-05-02T10:27:38.984+0000] {processor.py:743} INFO - Processing file /home/airflow/.local/lib/python3.7/site-packages/airflow/example_dags/example_task_group_decorator.py for tasks to queue
[2023-05-02T10:27:39.075+0000] {logging_mixin.py:137} INFO - [2023-05-02T10:27:39.013+0000] {dagbag.py:532} INFO - Filling up the DagBag from /home/airflow/.local/lib/python3.7/site-packages/airflow/example_dags/example_task_group_decorator.py
[2023-05-02T10:27:42.531+0000] {processor.py:753} INFO - DAG(s) dict_keys(['example_task_group_decorator']) retrieved from /home/airflow/.local/lib/python3.7/site-packages/airflow/example_dags/example_task_group_decorator.py
[2023-05-02T10:28:07.751+0000] {processor.py:153} INFO - Started process (PID=43) to work on /home/airflow/.local/lib/python3.7/site-packages/airflow/example_dags/example_task_group_decorator.py
[2023-05-02T10:28:07.764+0000] {processor.py:743} INFO - Processing file /home/airflow/.local/lib/python3.7/site-packages/airflow/example_dags/example_task_group_decorator.py for tasks to queue
[2023-05-02T10:28:07.774+0000] {logging_mixin.py:137} INFO - [2023-05-02T10:28:07.774+0000] {dagbag.py:532} INFO - Filling up the DagBag from /home/airflow/.local/lib/python3.7/site-packages/airflow/example_dags/example_task_group_decorator.py
[2023-05-02T10:28:47.367+0000] {processor.py:153} INFO - Started process (PID=41) to work on /home/airflow/.local/lib/python3.7/site-packages/airflow/example_dags/example_task_group_decorator.py
[2023-05-02T10:28:47.374+0000] {processor.py:743} INFO - Processing file /home/airflow/.local/lib/python3.7/site-packages/airflow/example_dags/example_task_group_decorator.py for tasks to queue
[2023-05-02T10:28:47.375+0000] {logging_mixin.py:137} INFO - [2023-05-02T10:28:47.375+0000] {dagbag.py:532} INFO - Filling up the DagBag from /home/airflow/.local/lib/python3.7/site-packages/airflow/example_dags/example_task_group_decorator.py
[2023-05-02T10:28:47.536+0000] {processor.py:753} INFO - DAG(s) dict_keys(['example_task_group_decorator']) retrieved from /home/airflow/.local/lib/python3.7/site-packages/airflow/example_dags/example_task_group_decorator.py
[2023-05-02T10:28:47.775+0000] {logging_mixin.py:137} INFO - [2023-05-02T10:28:47.747+0000] {dag.py:2705} INFO - Sync 1 DAGs
[2023-05-02T10:29:15.210+0000] {processor.py:153} INFO - Started process (PID=41) to work on /home/airflow/.local/lib/python3.7/site-packages/airflow/example_dags/example_task_group_decorator.py
[2023-05-02T10:29:15.211+0000] {processor.py:743} INFO - Processing file /home/airflow/.local/lib/python3.7/site-packages/airflow/example_dags/example_task_group_decorator.py for tasks to queue
[2023-05-02T10:29:15.211+0000] {logging_mixin.py:137} INFO - [2023-05-02T10:29:15.211+0000] {dagbag.py:532} INFO - Filling up the DagBag from /home/airflow/.local/lib/python3.7/site-packages/airflow/example_dags/example_task_group_decorator.py
[2023-05-02T10:29:15.234+0000] {processor.py:753} INFO - DAG(s) dict_keys(['example_task_group_decorator']) retrieved from /home/airflow/.local/lib/python3.7/site-packages/airflow/example_dags/example_task_group_decorator.py
[2023-05-02T10:29:15.255+0000] {logging_mixin.py:137} INFO - [2023-05-02T10:29:15.255+0000] {dag.py:2705} INFO - Sync 1 DAGs
[2023-05-02T10:29:15.278+0000] {logging_mixin.py:137} INFO - [2023-05-02T10:29:15.278+0000] {dag.py:3456} INFO - Setting next_dagrun for example_task_group_decorator to 2023-05-01T10:29:15.277488+00:00, run_after=2023-05-02T10:29:15.277488+00:00
[2023-05-02T10:29:15.300+0000] {processor.py:175} INFO - Processing /home/airflow/.local/lib/python3.7/site-packages/airflow/example_dags/example_task_group_decorator.py took 0.092 seconds
