[2023-04-23T01:09:48.831+0000] {processor.py:153} INFO - Started process (PID=78) to work on /home/airflow/.local/lib/python3.7/site-packages/airflow/example_dags/example_subdag_operator.py
[2023-04-23T01:09:48.831+0000] {processor.py:743} INFO - Processing file /home/airflow/.local/lib/python3.7/site-packages/airflow/example_dags/example_subdag_operator.py for tasks to queue
[2023-04-23T01:09:48.832+0000] {logging_mixin.py:137} INFO - [2023-04-23T01:09:48.832+0000] {dagbag.py:532} INFO - Filling up the DagBag from /home/airflow/.local/lib/python3.7/site-packages/airflow/example_dags/example_subdag_operator.py
[2023-04-23T01:09:48.884+0000] {processor.py:753} INFO - DAG(s) dict_keys(['example_subdag_operator.section-1', 'example_subdag_operator.section-2', 'example_subdag_operator']) retrieved from /home/airflow/.local/lib/python3.7/site-packages/airflow/example_dags/example_subdag_operator.py
[2023-04-23T01:09:48.959+0000] {logging_mixin.py:137} INFO - [2023-04-23T01:09:48.957+0000] {dag.py:2705} INFO - Sync 3 DAGs
[2023-04-23T01:09:49.040+0000] {logging_mixin.py:137} INFO - [2023-04-23T01:09:49.039+0000] {dag.py:3456} INFO - Setting next_dagrun for example_subdag_operator to 2022-01-01T00:00:00+00:00, run_after=2022-01-01T00:00:00+00:00
[2023-04-23T01:09:49.043+0000] {logging_mixin.py:137} INFO - [2023-04-23T01:09:49.043+0000] {dag.py:3456} INFO - Setting next_dagrun for example_subdag_operator.section-1 to None, run_after=None
[2023-04-23T01:09:49.045+0000] {logging_mixin.py:137} INFO - [2023-04-23T01:09:49.045+0000] {dag.py:3456} INFO - Setting next_dagrun for example_subdag_operator.section-2 to None, run_after=None
[2023-04-23T01:09:49.060+0000] {logging_mixin.py:137} INFO - [2023-04-23T01:09:49.060+0000] {dag.py:2705} INFO - Sync 2 DAGs
[2023-04-23T01:09:49.071+0000] {logging_mixin.py:137} INFO - [2023-04-23T01:09:49.070+0000] {dag.py:3456} INFO - Setting next_dagrun for example_subdag_operator.section-1 to None, run_after=None
[2023-04-23T01:09:49.071+0000] {logging_mixin.py:137} INFO - [2023-04-23T01:09:49.071+0000] {dag.py:3456} INFO - Setting next_dagrun for example_subdag_operator.section-2 to None, run_after=None
[2023-04-23T01:09:49.097+0000] {processor.py:175} INFO - Processing /home/airflow/.local/lib/python3.7/site-packages/airflow/example_dags/example_subdag_operator.py took 0.271 seconds
[2023-04-23T05:48:49.634+0000] {processor.py:153} INFO - Started process (PID=77) to work on /home/airflow/.local/lib/python3.7/site-packages/airflow/example_dags/example_subdag_operator.py
[2023-04-23T05:48:49.638+0000] {processor.py:743} INFO - Processing file /home/airflow/.local/lib/python3.7/site-packages/airflow/example_dags/example_subdag_operator.py for tasks to queue
[2023-04-23T05:48:49.641+0000] {logging_mixin.py:137} INFO - [2023-04-23T05:48:49.641+0000] {dagbag.py:532} INFO - Filling up the DagBag from /home/airflow/.local/lib/python3.7/site-packages/airflow/example_dags/example_subdag_operator.py
[2023-04-23T05:48:49.882+0000] {processor.py:753} INFO - DAG(s) dict_keys(['example_subdag_operator.section-1', 'example_subdag_operator.section-2', 'example_subdag_operator']) retrieved from /home/airflow/.local/lib/python3.7/site-packages/airflow/example_dags/example_subdag_operator.py
[2023-04-23T05:48:50.060+0000] {logging_mixin.py:137} INFO - [2023-04-23T05:48:50.059+0000] {dag.py:2705} INFO - Sync 3 DAGs
[2023-04-23T05:57:28.202+0000] {logging_mixin.py:137} INFO - [2023-04-23T05:57:28.202+0000] {dag.py:3456} INFO - Setting next_dagrun for example_subdag_operator to 2022-01-01T00:00:00+00:00, run_after=2022-01-01T00:00:00+00:00
[2023-04-23T05:57:28.274+0000] {logging_mixin.py:137} INFO - [2023-04-23T05:57:28.231+0000] {dag.py:3456} INFO - Setting next_dagrun for example_subdag_operator.section-1 to None, run_after=None
[2023-04-23T11:43:01.887+0000] {processor.py:153} INFO - Started process (PID=79) to work on /home/airflow/.local/lib/python3.7/site-packages/airflow/example_dags/example_subdag_operator.py
[2023-04-23T11:43:01.890+0000] {processor.py:743} INFO - Processing file /home/airflow/.local/lib/python3.7/site-packages/airflow/example_dags/example_subdag_operator.py for tasks to queue
[2023-04-23T11:43:01.898+0000] {logging_mixin.py:137} INFO - [2023-04-23T11:43:01.897+0000] {dagbag.py:532} INFO - Filling up the DagBag from /home/airflow/.local/lib/python3.7/site-packages/airflow/example_dags/example_subdag_operator.py
[2023-04-23T11:43:02.063+0000] {processor.py:753} INFO - DAG(s) dict_keys(['example_subdag_operator.section-1', 'example_subdag_operator.section-2', 'example_subdag_operator']) retrieved from /home/airflow/.local/lib/python3.7/site-packages/airflow/example_dags/example_subdag_operator.py
[2023-04-23T11:43:02.117+0000] {logging_mixin.py:137} INFO - [2023-04-23T11:43:02.117+0000] {dag.py:2705} INFO - Sync 3 DAGs
[2023-04-23T11:43:02.206+0000] {logging_mixin.py:137} INFO - [2023-04-23T11:43:02.204+0000] {dag.py:3456} INFO - Setting next_dagrun for example_subdag_operator to 2022-01-01T00:00:00+00:00, run_after=2022-01-01T00:00:00+00:00
[2023-04-23T11:43:02.215+0000] {logging_mixin.py:137} INFO - [2023-04-23T11:43:02.215+0000] {dag.py:3456} INFO - Setting next_dagrun for example_subdag_operator.section-1 to None, run_after=None
[2023-04-23T11:43:02.217+0000] {logging_mixin.py:137} INFO - [2023-04-23T11:43:02.217+0000] {dag.py:3456} INFO - Setting next_dagrun for example_subdag_operator.section-2 to None, run_after=None
[2023-04-23T11:43:02.256+0000] {logging_mixin.py:137} INFO - [2023-04-23T11:43:02.256+0000] {dag.py:2705} INFO - Sync 2 DAGs
[2023-04-23T11:43:02.273+0000] {logging_mixin.py:137} INFO - [2023-04-23T11:43:02.273+0000] {dag.py:3456} INFO - Setting next_dagrun for example_subdag_operator.section-1 to None, run_after=None
[2023-04-23T11:43:02.274+0000] {logging_mixin.py:137} INFO - [2023-04-23T11:43:02.274+0000] {dag.py:3456} INFO - Setting next_dagrun for example_subdag_operator.section-2 to None, run_after=None
[2023-04-23T11:43:02.351+0000] {processor.py:175} INFO - Processing /home/airflow/.local/lib/python3.7/site-packages/airflow/example_dags/example_subdag_operator.py took 0.467 seconds
[2023-04-23T11:47:53.925+0000] {processor.py:153} INFO - Started process (PID=78) to work on /home/airflow/.local/lib/python3.7/site-packages/airflow/example_dags/example_subdag_operator.py
[2023-04-23T11:47:53.932+0000] {processor.py:743} INFO - Processing file /home/airflow/.local/lib/python3.7/site-packages/airflow/example_dags/example_subdag_operator.py for tasks to queue
[2023-04-23T11:47:53.933+0000] {logging_mixin.py:137} INFO - [2023-04-23T11:47:53.933+0000] {dagbag.py:532} INFO - Filling up the DagBag from /home/airflow/.local/lib/python3.7/site-packages/airflow/example_dags/example_subdag_operator.py
[2023-04-23T11:47:54.167+0000] {processor.py:753} INFO - DAG(s) dict_keys(['example_subdag_operator.section-1', 'example_subdag_operator.section-2', 'example_subdag_operator']) retrieved from /home/airflow/.local/lib/python3.7/site-packages/airflow/example_dags/example_subdag_operator.py
[2023-04-23T11:47:54.332+0000] {logging_mixin.py:137} INFO - [2023-04-23T11:47:54.328+0000] {dag.py:2705} INFO - Sync 3 DAGs
[2023-04-23T11:47:54.595+0000] {logging_mixin.py:137} INFO - [2023-04-23T11:47:54.591+0000] {dag.py:3456} INFO - Setting next_dagrun for example_subdag_operator to 2022-01-01T00:00:00+00:00, run_after=2022-01-01T00:00:00+00:00
[2023-04-23T11:47:54.674+0000] {logging_mixin.py:137} INFO - [2023-04-23T11:47:54.672+0000] {dag.py:3456} INFO - Setting next_dagrun for example_subdag_operator.section-1 to None, run_after=None
[2023-04-23T11:47:54.713+0000] {logging_mixin.py:137} INFO - [2023-04-23T11:47:54.711+0000] {dag.py:3456} INFO - Setting next_dagrun for example_subdag_operator.section-2 to None, run_after=None
[2023-04-23T11:47:56.980+0000] {logging_mixin.py:137} INFO - [2023-04-23T11:47:56.955+0000] {dag.py:2705} INFO - Sync 2 DAGs
[2023-04-23T11:47:59.427+0000] {logging_mixin.py:137} INFO - [2023-04-23T11:47:59.424+0000] {dag.py:3456} INFO - Setting next_dagrun for example_subdag_operator.section-1 to None, run_after=None
[2023-04-23T11:47:59.429+0000] {logging_mixin.py:137} INFO - [2023-04-23T11:47:59.429+0000] {dag.py:3456} INFO - Setting next_dagrun for example_subdag_operator.section-2 to None, run_after=None
[2023-04-23T11:48:00.663+0000] {processor.py:175} INFO - Processing /home/airflow/.local/lib/python3.7/site-packages/airflow/example_dags/example_subdag_operator.py took 6.747 seconds
[2023-04-23T11:49:20.711+0000] {processor.py:153} INFO - Started process (PID=78) to work on /home/airflow/.local/lib/python3.7/site-packages/airflow/example_dags/example_subdag_operator.py
[2023-04-23T11:49:20.769+0000] {processor.py:743} INFO - Processing file /home/airflow/.local/lib/python3.7/site-packages/airflow/example_dags/example_subdag_operator.py for tasks to queue
[2023-04-23T11:49:20.815+0000] {logging_mixin.py:137} INFO - [2023-04-23T11:49:20.796+0000] {dagbag.py:532} INFO - Filling up the DagBag from /home/airflow/.local/lib/python3.7/site-packages/airflow/example_dags/example_subdag_operator.py
[2023-04-23T11:51:35.842+0000] {processor.py:153} INFO - Started process (PID=79) to work on /home/airflow/.local/lib/python3.7/site-packages/airflow/example_dags/example_subdag_operator.py
[2023-04-23T11:51:35.843+0000] {processor.py:743} INFO - Processing file /home/airflow/.local/lib/python3.7/site-packages/airflow/example_dags/example_subdag_operator.py for tasks to queue
[2023-04-23T11:51:35.844+0000] {logging_mixin.py:137} INFO - [2023-04-23T11:51:35.844+0000] {dagbag.py:532} INFO - Filling up the DagBag from /home/airflow/.local/lib/python3.7/site-packages/airflow/example_dags/example_subdag_operator.py
[2023-04-23T11:51:35.887+0000] {processor.py:753} INFO - DAG(s) dict_keys(['example_subdag_operator.section-1', 'example_subdag_operator.section-2', 'example_subdag_operator']) retrieved from /home/airflow/.local/lib/python3.7/site-packages/airflow/example_dags/example_subdag_operator.py
[2023-04-23T11:51:35.907+0000] {logging_mixin.py:137} INFO - [2023-04-23T11:51:35.907+0000] {dag.py:2705} INFO - Sync 3 DAGs
[2023-04-23T11:51:35.963+0000] {logging_mixin.py:137} INFO - [2023-04-23T11:51:35.963+0000] {dag.py:3456} INFO - Setting next_dagrun for example_subdag_operator to 2022-01-01T00:00:00+00:00, run_after=2022-01-01T00:00:00+00:00
[2023-04-23T11:51:35.968+0000] {logging_mixin.py:137} INFO - [2023-04-23T11:51:35.968+0000] {dag.py:3456} INFO - Setting next_dagrun for example_subdag_operator.section-1 to None, run_after=None
[2023-04-23T11:51:35.970+0000] {logging_mixin.py:137} INFO - [2023-04-23T11:51:35.969+0000] {dag.py:3456} INFO - Setting next_dagrun for example_subdag_operator.section-2 to None, run_after=None
[2023-04-23T11:51:35.979+0000] {logging_mixin.py:137} INFO - [2023-04-23T11:51:35.979+0000] {dag.py:2705} INFO - Sync 2 DAGs
[2023-04-23T11:51:35.989+0000] {logging_mixin.py:137} INFO - [2023-04-23T11:51:35.989+0000] {dag.py:3456} INFO - Setting next_dagrun for example_subdag_operator.section-1 to None, run_after=None
[2023-04-23T11:51:35.990+0000] {logging_mixin.py:137} INFO - [2023-04-23T11:51:35.989+0000] {dag.py:3456} INFO - Setting next_dagrun for example_subdag_operator.section-2 to None, run_after=None
[2023-04-23T11:51:36.015+0000] {processor.py:175} INFO - Processing /home/airflow/.local/lib/python3.7/site-packages/airflow/example_dags/example_subdag_operator.py took 0.175 seconds
[2023-04-23T11:52:29.651+0000] {processor.py:153} INFO - Started process (PID=76) to work on /home/airflow/.local/lib/python3.7/site-packages/airflow/example_dags/example_subdag_operator.py
[2023-04-23T11:52:29.652+0000] {processor.py:743} INFO - Processing file /home/airflow/.local/lib/python3.7/site-packages/airflow/example_dags/example_subdag_operator.py for tasks to queue
[2023-04-23T11:52:29.657+0000] {logging_mixin.py:137} INFO - [2023-04-23T11:52:29.656+0000] {dagbag.py:532} INFO - Filling up the DagBag from /home/airflow/.local/lib/python3.7/site-packages/airflow/example_dags/example_subdag_operator.py
[2023-04-23T11:52:29.800+0000] {processor.py:753} INFO - DAG(s) dict_keys(['example_subdag_operator.section-1', 'example_subdag_operator.section-2', 'example_subdag_operator']) retrieved from /home/airflow/.local/lib/python3.7/site-packages/airflow/example_dags/example_subdag_operator.py
[2023-04-23T11:52:29.879+0000] {logging_mixin.py:137} INFO - [2023-04-23T11:52:29.878+0000] {dag.py:2705} INFO - Sync 3 DAGs
[2023-04-23T11:52:29.907+0000] {logging_mixin.py:137} INFO - [2023-04-23T11:52:29.907+0000] {dag.py:3456} INFO - Setting next_dagrun for example_subdag_operator to 2022-01-01T00:00:00+00:00, run_after=2022-01-01T00:00:00+00:00
[2023-04-23T11:52:29.912+0000] {logging_mixin.py:137} INFO - [2023-04-23T11:52:29.911+0000] {dag.py:3456} INFO - Setting next_dagrun for example_subdag_operator.section-1 to None, run_after=None
[2023-04-23T11:52:29.913+0000] {logging_mixin.py:137} INFO - [2023-04-23T11:52:29.913+0000] {dag.py:3456} INFO - Setting next_dagrun for example_subdag_operator.section-2 to None, run_after=None
[2023-04-23T11:52:29.935+0000] {logging_mixin.py:137} INFO - [2023-04-23T11:52:29.935+0000] {dag.py:2705} INFO - Sync 2 DAGs
[2023-04-23T11:52:29.944+0000] {logging_mixin.py:137} INFO - [2023-04-23T11:52:29.944+0000] {dag.py:3456} INFO - Setting next_dagrun for example_subdag_operator.section-1 to None, run_after=None
[2023-04-23T11:52:29.945+0000] {logging_mixin.py:137} INFO - [2023-04-23T11:52:29.944+0000] {dag.py:3456} INFO - Setting next_dagrun for example_subdag_operator.section-2 to None, run_after=None
[2023-04-23T11:52:29.957+0000] {processor.py:175} INFO - Processing /home/airflow/.local/lib/python3.7/site-packages/airflow/example_dags/example_subdag_operator.py took 0.310 seconds
[2023-04-23T11:52:50.161+0000] {processor.py:153} INFO - Started process (PID=70) to work on /home/airflow/.local/lib/python3.7/site-packages/airflow/example_dags/example_subdag_operator.py
[2023-04-23T11:52:50.162+0000] {processor.py:743} INFO - Processing file /home/airflow/.local/lib/python3.7/site-packages/airflow/example_dags/example_subdag_operator.py for tasks to queue
[2023-04-23T11:52:50.163+0000] {logging_mixin.py:137} INFO - [2023-04-23T11:52:50.163+0000] {dagbag.py:532} INFO - Filling up the DagBag from /home/airflow/.local/lib/python3.7/site-packages/airflow/example_dags/example_subdag_operator.py
[2023-04-23T11:52:50.189+0000] {processor.py:753} INFO - DAG(s) dict_keys(['example_subdag_operator.section-1', 'example_subdag_operator.section-2', 'example_subdag_operator']) retrieved from /home/airflow/.local/lib/python3.7/site-packages/airflow/example_dags/example_subdag_operator.py
[2023-04-23T11:52:50.205+0000] {logging_mixin.py:137} INFO - [2023-04-23T11:52:50.205+0000] {dag.py:2705} INFO - Sync 3 DAGs
[2023-04-23T11:52:50.228+0000] {logging_mixin.py:137} INFO - [2023-04-23T11:52:50.228+0000] {dag.py:3456} INFO - Setting next_dagrun for example_subdag_operator to 2022-01-01T00:00:00+00:00, run_after=2022-01-01T00:00:00+00:00
[2023-04-23T11:52:50.231+0000] {logging_mixin.py:137} INFO - [2023-04-23T11:52:50.231+0000] {dag.py:3456} INFO - Setting next_dagrun for example_subdag_operator.section-1 to None, run_after=None
[2023-04-23T11:52:50.232+0000] {logging_mixin.py:137} INFO - [2023-04-23T11:52:50.232+0000] {dag.py:3456} INFO - Setting next_dagrun for example_subdag_operator.section-2 to None, run_after=None
[2023-04-23T11:52:50.238+0000] {logging_mixin.py:137} INFO - [2023-04-23T11:52:50.237+0000] {dag.py:2705} INFO - Sync 2 DAGs
[2023-04-23T11:52:50.243+0000] {logging_mixin.py:137} INFO - [2023-04-23T11:52:50.243+0000] {dag.py:3456} INFO - Setting next_dagrun for example_subdag_operator.section-1 to None, run_after=None
[2023-04-23T11:52:50.243+0000] {logging_mixin.py:137} INFO - [2023-04-23T11:52:50.243+0000] {dag.py:3456} INFO - Setting next_dagrun for example_subdag_operator.section-2 to None, run_after=None
[2023-04-23T11:52:50.281+0000] {processor.py:175} INFO - Processing /home/airflow/.local/lib/python3.7/site-packages/airflow/example_dags/example_subdag_operator.py took 0.122 seconds
[2023-04-23T12:02:43.689+0000] {processor.py:153} INFO - Started process (PID=77) to work on /home/airflow/.local/lib/python3.7/site-packages/airflow/example_dags/example_subdag_operator.py
[2023-04-23T12:02:43.694+0000] {processor.py:743} INFO - Processing file /home/airflow/.local/lib/python3.7/site-packages/airflow/example_dags/example_subdag_operator.py for tasks to queue
[2023-04-23T12:02:43.697+0000] {logging_mixin.py:137} INFO - [2023-04-23T12:02:43.697+0000] {dagbag.py:532} INFO - Filling up the DagBag from /home/airflow/.local/lib/python3.7/site-packages/airflow/example_dags/example_subdag_operator.py
[2023-04-23T12:02:43.801+0000] {processor.py:753} INFO - DAG(s) dict_keys(['example_subdag_operator.section-1', 'example_subdag_operator.section-2', 'example_subdag_operator']) retrieved from /home/airflow/.local/lib/python3.7/site-packages/airflow/example_dags/example_subdag_operator.py
[2023-04-23T12:02:43.842+0000] {logging_mixin.py:137} INFO - [2023-04-23T12:02:43.842+0000] {dag.py:2705} INFO - Sync 3 DAGs
[2023-04-23T12:02:43.886+0000] {logging_mixin.py:137} INFO - [2023-04-23T12:02:43.885+0000] {dag.py:3456} INFO - Setting next_dagrun for example_subdag_operator to 2022-01-01T00:00:00+00:00, run_after=2022-01-01T00:00:00+00:00
[2023-04-23T12:02:43.890+0000] {logging_mixin.py:137} INFO - [2023-04-23T12:02:43.890+0000] {dag.py:3456} INFO - Setting next_dagrun for example_subdag_operator.section-1 to None, run_after=None
[2023-04-23T12:02:43.893+0000] {logging_mixin.py:137} INFO - [2023-04-23T12:02:43.893+0000] {dag.py:3456} INFO - Setting next_dagrun for example_subdag_operator.section-2 to None, run_after=None
[2023-04-23T12:02:43.914+0000] {logging_mixin.py:137} INFO - [2023-04-23T12:02:43.914+0000] {dag.py:2705} INFO - Sync 2 DAGs
[2023-04-23T12:02:43.919+0000] {logging_mixin.py:137} INFO - [2023-04-23T12:02:43.919+0000] {dag.py:3456} INFO - Setting next_dagrun for example_subdag_operator.section-1 to None, run_after=None
[2023-04-23T12:02:43.920+0000] {logging_mixin.py:137} INFO - [2023-04-23T12:02:43.920+0000] {dag.py:3456} INFO - Setting next_dagrun for example_subdag_operator.section-2 to None, run_after=None
[2023-04-23T12:02:43.968+0000] {processor.py:175} INFO - Processing /home/airflow/.local/lib/python3.7/site-packages/airflow/example_dags/example_subdag_operator.py took 0.291 seconds
[2023-04-23T12:03:07.667+0000] {processor.py:153} INFO - Started process (PID=70) to work on /home/airflow/.local/lib/python3.7/site-packages/airflow/example_dags/example_subdag_operator.py
[2023-04-23T12:03:07.667+0000] {processor.py:743} INFO - Processing file /home/airflow/.local/lib/python3.7/site-packages/airflow/example_dags/example_subdag_operator.py for tasks to queue
[2023-04-23T12:03:07.668+0000] {logging_mixin.py:137} INFO - [2023-04-23T12:03:07.668+0000] {dagbag.py:532} INFO - Filling up the DagBag from /home/airflow/.local/lib/python3.7/site-packages/airflow/example_dags/example_subdag_operator.py
[2023-04-23T12:03:07.793+0000] {processor.py:753} INFO - DAG(s) dict_keys(['example_subdag_operator.section-1', 'example_subdag_operator.section-2', 'example_subdag_operator']) retrieved from /home/airflow/.local/lib/python3.7/site-packages/airflow/example_dags/example_subdag_operator.py
[2023-04-23T12:03:07.851+0000] {logging_mixin.py:137} INFO - [2023-04-23T12:03:07.851+0000] {dag.py:2705} INFO - Sync 3 DAGs
[2023-04-23T12:03:07.885+0000] {logging_mixin.py:137} INFO - [2023-04-23T12:03:07.884+0000] {dag.py:3456} INFO - Setting next_dagrun for example_subdag_operator to 2022-01-01T00:00:00+00:00, run_after=2022-01-01T00:00:00+00:00
[2023-04-23T12:03:07.907+0000] {logging_mixin.py:137} INFO - [2023-04-23T12:03:07.904+0000] {dag.py:3456} INFO - Setting next_dagrun for example_subdag_operator.section-1 to None, run_after=None
[2023-04-23T12:03:07.909+0000] {logging_mixin.py:137} INFO - [2023-04-23T12:03:07.909+0000] {dag.py:3456} INFO - Setting next_dagrun for example_subdag_operator.section-2 to None, run_after=None
[2023-04-23T12:03:07.942+0000] {logging_mixin.py:137} INFO - [2023-04-23T12:03:07.942+0000] {dag.py:2705} INFO - Sync 2 DAGs
[2023-04-23T12:03:07.997+0000] {logging_mixin.py:137} INFO - [2023-04-23T12:03:07.991+0000] {dag.py:3456} INFO - Setting next_dagrun for example_subdag_operator.section-1 to None, run_after=None
[2023-04-23T12:03:07.998+0000] {logging_mixin.py:137} INFO - [2023-04-23T12:03:07.998+0000] {dag.py:3456} INFO - Setting next_dagrun for example_subdag_operator.section-2 to None, run_after=None
[2023-04-23T12:03:08.098+0000] {processor.py:175} INFO - Processing /home/airflow/.local/lib/python3.7/site-packages/airflow/example_dags/example_subdag_operator.py took 0.447 seconds
[2023-04-23T12:10:09.634+0000] {processor.py:153} INFO - Started process (PID=78) to work on /home/airflow/.local/lib/python3.7/site-packages/airflow/example_dags/example_subdag_operator.py
[2023-04-23T12:10:09.637+0000] {processor.py:743} INFO - Processing file /home/airflow/.local/lib/python3.7/site-packages/airflow/example_dags/example_subdag_operator.py for tasks to queue
[2023-04-23T12:10:09.638+0000] {logging_mixin.py:137} INFO - [2023-04-23T12:10:09.637+0000] {dagbag.py:532} INFO - Filling up the DagBag from /home/airflow/.local/lib/python3.7/site-packages/airflow/example_dags/example_subdag_operator.py
[2023-04-23T12:10:09.690+0000] {processor.py:753} INFO - DAG(s) dict_keys(['example_subdag_operator.section-1', 'example_subdag_operator.section-2', 'example_subdag_operator']) retrieved from /home/airflow/.local/lib/python3.7/site-packages/airflow/example_dags/example_subdag_operator.py
[2023-04-23T12:10:09.716+0000] {logging_mixin.py:137} INFO - [2023-04-23T12:10:09.716+0000] {dag.py:2705} INFO - Sync 3 DAGs
[2023-04-23T12:10:09.761+0000] {logging_mixin.py:137} INFO - [2023-04-23T12:10:09.761+0000] {dag.py:3456} INFO - Setting next_dagrun for example_subdag_operator to 2022-01-01T00:00:00+00:00, run_after=2022-01-01T00:00:00+00:00
[2023-04-23T12:10:09.765+0000] {logging_mixin.py:137} INFO - [2023-04-23T12:10:09.765+0000] {dag.py:3456} INFO - Setting next_dagrun for example_subdag_operator.section-1 to None, run_after=None
[2023-04-23T12:10:09.767+0000] {logging_mixin.py:137} INFO - [2023-04-23T12:10:09.767+0000] {dag.py:3456} INFO - Setting next_dagrun for example_subdag_operator.section-2 to None, run_after=None
[2023-04-23T12:10:09.779+0000] {logging_mixin.py:137} INFO - [2023-04-23T12:10:09.778+0000] {dag.py:2705} INFO - Sync 2 DAGs
[2023-04-23T12:10:09.789+0000] {logging_mixin.py:137} INFO - [2023-04-23T12:10:09.788+0000] {dag.py:3456} INFO - Setting next_dagrun for example_subdag_operator.section-1 to None, run_after=None
[2023-04-23T12:10:09.789+0000] {logging_mixin.py:137} INFO - [2023-04-23T12:10:09.789+0000] {dag.py:3456} INFO - Setting next_dagrun for example_subdag_operator.section-2 to None, run_after=None
[2023-04-23T12:10:09.806+0000] {processor.py:175} INFO - Processing /home/airflow/.local/lib/python3.7/site-packages/airflow/example_dags/example_subdag_operator.py took 0.189 seconds
[2023-04-23T12:14:18.468+0000] {processor.py:153} INFO - Started process (PID=70) to work on /home/airflow/.local/lib/python3.7/site-packages/airflow/example_dags/example_subdag_operator.py
[2023-04-23T12:14:18.469+0000] {processor.py:743} INFO - Processing file /home/airflow/.local/lib/python3.7/site-packages/airflow/example_dags/example_subdag_operator.py for tasks to queue
[2023-04-23T12:14:18.471+0000] {logging_mixin.py:137} INFO - [2023-04-23T12:14:18.471+0000] {dagbag.py:532} INFO - Filling up the DagBag from /home/airflow/.local/lib/python3.7/site-packages/airflow/example_dags/example_subdag_operator.py
[2023-04-23T12:14:18.614+0000] {processor.py:753} INFO - DAG(s) dict_keys(['example_subdag_operator.section-1', 'example_subdag_operator.section-2', 'example_subdag_operator']) retrieved from /home/airflow/.local/lib/python3.7/site-packages/airflow/example_dags/example_subdag_operator.py
[2023-04-23T12:14:18.758+0000] {logging_mixin.py:137} INFO - [2023-04-23T12:14:18.758+0000] {dag.py:2705} INFO - Sync 3 DAGs
[2023-04-23T12:14:18.816+0000] {logging_mixin.py:137} INFO - [2023-04-23T12:14:18.816+0000] {dag.py:3456} INFO - Setting next_dagrun for example_subdag_operator to 2022-01-01T00:00:00+00:00, run_after=2022-01-01T00:00:00+00:00
[2023-04-23T12:14:18.831+0000] {logging_mixin.py:137} INFO - [2023-04-23T12:14:18.831+0000] {dag.py:3456} INFO - Setting next_dagrun for example_subdag_operator.section-1 to None, run_after=None
[2023-04-23T12:14:18.840+0000] {logging_mixin.py:137} INFO - [2023-04-23T12:14:18.840+0000] {dag.py:3456} INFO - Setting next_dagrun for example_subdag_operator.section-2 to None, run_after=None
[2023-04-23T12:14:18.871+0000] {logging_mixin.py:137} INFO - [2023-04-23T12:14:18.870+0000] {dag.py:2705} INFO - Sync 2 DAGs
[2023-04-23T12:14:18.888+0000] {logging_mixin.py:137} INFO - [2023-04-23T12:14:18.888+0000] {dag.py:3456} INFO - Setting next_dagrun for example_subdag_operator.section-1 to None, run_after=None
[2023-04-23T12:14:18.889+0000] {logging_mixin.py:137} INFO - [2023-04-23T12:14:18.888+0000] {dag.py:3456} INFO - Setting next_dagrun for example_subdag_operator.section-2 to None, run_after=None
[2023-04-23T12:14:18.909+0000] {processor.py:175} INFO - Processing /home/airflow/.local/lib/python3.7/site-packages/airflow/example_dags/example_subdag_operator.py took 0.444 seconds
[2023-04-23T12:16:05.902+0000] {processor.py:153} INFO - Started process (PID=79) to work on /home/airflow/.local/lib/python3.7/site-packages/airflow/example_dags/example_subdag_operator.py
[2023-04-23T12:16:05.905+0000] {processor.py:743} INFO - Processing file /home/airflow/.local/lib/python3.7/site-packages/airflow/example_dags/example_subdag_operator.py for tasks to queue
[2023-04-23T12:16:05.907+0000] {logging_mixin.py:137} INFO - [2023-04-23T12:16:05.907+0000] {dagbag.py:532} INFO - Filling up the DagBag from /home/airflow/.local/lib/python3.7/site-packages/airflow/example_dags/example_subdag_operator.py
[2023-04-23T12:16:06.130+0000] {processor.py:753} INFO - DAG(s) dict_keys(['example_subdag_operator.section-1', 'example_subdag_operator.section-2', 'example_subdag_operator']) retrieved from /home/airflow/.local/lib/python3.7/site-packages/airflow/example_dags/example_subdag_operator.py
[2023-04-23T12:16:06.300+0000] {logging_mixin.py:137} INFO - [2023-04-23T12:16:06.299+0000] {dag.py:2705} INFO - Sync 3 DAGs
[2023-04-23T12:16:06.472+0000] {logging_mixin.py:137} INFO - [2023-04-23T12:16:06.468+0000] {dag.py:3456} INFO - Setting next_dagrun for example_subdag_operator to 2022-01-01T00:00:00+00:00, run_after=2022-01-01T00:00:00+00:00
[2023-04-23T12:16:37.411+0000] {processor.py:153} INFO - Started process (PID=70) to work on /home/airflow/.local/lib/python3.7/site-packages/airflow/example_dags/example_subdag_operator.py
[2023-04-23T12:16:37.417+0000] {processor.py:743} INFO - Processing file /home/airflow/.local/lib/python3.7/site-packages/airflow/example_dags/example_subdag_operator.py for tasks to queue
[2023-04-23T12:16:37.421+0000] {logging_mixin.py:137} INFO - [2023-04-23T12:16:37.418+0000] {dagbag.py:532} INFO - Filling up the DagBag from /home/airflow/.local/lib/python3.7/site-packages/airflow/example_dags/example_subdag_operator.py
[2023-04-23T12:16:37.502+0000] {processor.py:753} INFO - DAG(s) dict_keys(['example_subdag_operator.section-1', 'example_subdag_operator.section-2', 'example_subdag_operator']) retrieved from /home/airflow/.local/lib/python3.7/site-packages/airflow/example_dags/example_subdag_operator.py
[2023-04-23T12:16:37.544+0000] {logging_mixin.py:137} INFO - [2023-04-23T12:16:37.544+0000] {dag.py:2705} INFO - Sync 3 DAGs
[2023-04-23T12:16:37.580+0000] {logging_mixin.py:137} INFO - [2023-04-23T12:16:37.580+0000] {dag.py:3456} INFO - Setting next_dagrun for example_subdag_operator to 2022-01-01T00:00:00+00:00, run_after=2022-01-01T00:00:00+00:00
[2023-04-23T12:16:37.592+0000] {logging_mixin.py:137} INFO - [2023-04-23T12:16:37.592+0000] {dag.py:3456} INFO - Setting next_dagrun for example_subdag_operator.section-1 to None, run_after=None
[2023-04-23T12:16:37.594+0000] {logging_mixin.py:137} INFO - [2023-04-23T12:16:37.594+0000] {dag.py:3456} INFO - Setting next_dagrun for example_subdag_operator.section-2 to None, run_after=None
[2023-04-23T12:16:37.600+0000] {logging_mixin.py:137} INFO - [2023-04-23T12:16:37.600+0000] {dag.py:2705} INFO - Sync 2 DAGs
[2023-04-23T12:16:37.612+0000] {logging_mixin.py:137} INFO - [2023-04-23T12:16:37.612+0000] {dag.py:3456} INFO - Setting next_dagrun for example_subdag_operator.section-1 to None, run_after=None
[2023-04-23T12:16:37.613+0000] {logging_mixin.py:137} INFO - [2023-04-23T12:16:37.613+0000] {dag.py:3456} INFO - Setting next_dagrun for example_subdag_operator.section-2 to None, run_after=None
[2023-04-23T12:16:37.626+0000] {processor.py:175} INFO - Processing /home/airflow/.local/lib/python3.7/site-packages/airflow/example_dags/example_subdag_operator.py took 0.217 seconds
[2023-04-23T12:17:13.726+0000] {processor.py:153} INFO - Started process (PID=70) to work on /home/airflow/.local/lib/python3.7/site-packages/airflow/example_dags/example_subdag_operator.py
[2023-04-23T12:17:13.729+0000] {processor.py:743} INFO - Processing file /home/airflow/.local/lib/python3.7/site-packages/airflow/example_dags/example_subdag_operator.py for tasks to queue
[2023-04-23T12:17:13.730+0000] {logging_mixin.py:137} INFO - [2023-04-23T12:17:13.730+0000] {dagbag.py:532} INFO - Filling up the DagBag from /home/airflow/.local/lib/python3.7/site-packages/airflow/example_dags/example_subdag_operator.py
[2023-04-23T12:17:13.804+0000] {processor.py:753} INFO - DAG(s) dict_keys(['example_subdag_operator.section-1', 'example_subdag_operator.section-2', 'example_subdag_operator']) retrieved from /home/airflow/.local/lib/python3.7/site-packages/airflow/example_dags/example_subdag_operator.py
[2023-04-23T12:17:13.842+0000] {logging_mixin.py:137} INFO - [2023-04-23T12:17:13.842+0000] {dag.py:2705} INFO - Sync 3 DAGs
[2023-04-23T12:17:13.889+0000] {logging_mixin.py:137} INFO - [2023-04-23T12:17:13.889+0000] {dag.py:3456} INFO - Setting next_dagrun for example_subdag_operator to 2022-01-01T00:00:00+00:00, run_after=2022-01-01T00:00:00+00:00
[2023-04-23T12:17:13.902+0000] {logging_mixin.py:137} INFO - [2023-04-23T12:17:13.901+0000] {dag.py:3456} INFO - Setting next_dagrun for example_subdag_operator.section-1 to None, run_after=None
[2023-04-23T12:17:13.903+0000] {logging_mixin.py:137} INFO - [2023-04-23T12:17:13.903+0000] {dag.py:3456} INFO - Setting next_dagrun for example_subdag_operator.section-2 to None, run_after=None
[2023-04-23T12:17:13.915+0000] {logging_mixin.py:137} INFO - [2023-04-23T12:17:13.915+0000] {dag.py:2705} INFO - Sync 2 DAGs
[2023-04-23T12:17:13.919+0000] {logging_mixin.py:137} INFO - [2023-04-23T12:17:13.919+0000] {dag.py:3456} INFO - Setting next_dagrun for example_subdag_operator.section-1 to None, run_after=None
[2023-04-23T12:17:13.920+0000] {logging_mixin.py:137} INFO - [2023-04-23T12:17:13.919+0000] {dag.py:3456} INFO - Setting next_dagrun for example_subdag_operator.section-2 to None, run_after=None
[2023-04-23T12:17:13.927+0000] {processor.py:175} INFO - Processing /home/airflow/.local/lib/python3.7/site-packages/airflow/example_dags/example_subdag_operator.py took 0.213 seconds
[2023-04-23T12:18:00.441+0000] {processor.py:153} INFO - Started process (PID=70) to work on /home/airflow/.local/lib/python3.7/site-packages/airflow/example_dags/example_subdag_operator.py
[2023-04-23T12:18:00.445+0000] {processor.py:743} INFO - Processing file /home/airflow/.local/lib/python3.7/site-packages/airflow/example_dags/example_subdag_operator.py for tasks to queue
[2023-04-23T12:18:00.447+0000] {logging_mixin.py:137} INFO - [2023-04-23T12:18:00.447+0000] {dagbag.py:532} INFO - Filling up the DagBag from /home/airflow/.local/lib/python3.7/site-packages/airflow/example_dags/example_subdag_operator.py
[2023-04-23T12:18:00.492+0000] {processor.py:753} INFO - DAG(s) dict_keys(['example_subdag_operator.section-1', 'example_subdag_operator.section-2', 'example_subdag_operator']) retrieved from /home/airflow/.local/lib/python3.7/site-packages/airflow/example_dags/example_subdag_operator.py
[2023-04-23T12:18:00.510+0000] {logging_mixin.py:137} INFO - [2023-04-23T12:18:00.510+0000] {dag.py:2705} INFO - Sync 3 DAGs
[2023-04-23T12:18:00.546+0000] {logging_mixin.py:137} INFO - [2023-04-23T12:18:00.545+0000] {dag.py:3456} INFO - Setting next_dagrun for example_subdag_operator to 2022-01-01T00:00:00+00:00, run_after=2022-01-01T00:00:00+00:00
[2023-04-23T12:18:00.550+0000] {logging_mixin.py:137} INFO - [2023-04-23T12:18:00.550+0000] {dag.py:3456} INFO - Setting next_dagrun for example_subdag_operator.section-1 to None, run_after=None
[2023-04-23T12:18:00.551+0000] {logging_mixin.py:137} INFO - [2023-04-23T12:18:00.551+0000] {dag.py:3456} INFO - Setting next_dagrun for example_subdag_operator.section-2 to None, run_after=None
[2023-04-23T12:18:00.558+0000] {logging_mixin.py:137} INFO - [2023-04-23T12:18:00.558+0000] {dag.py:2705} INFO - Sync 2 DAGs
[2023-04-23T12:18:00.564+0000] {logging_mixin.py:137} INFO - [2023-04-23T12:18:00.564+0000] {dag.py:3456} INFO - Setting next_dagrun for example_subdag_operator.section-1 to None, run_after=None
[2023-04-23T12:18:00.565+0000] {logging_mixin.py:137} INFO - [2023-04-23T12:18:00.565+0000] {dag.py:3456} INFO - Setting next_dagrun for example_subdag_operator.section-2 to None, run_after=None
[2023-04-23T12:18:00.577+0000] {processor.py:175} INFO - Processing /home/airflow/.local/lib/python3.7/site-packages/airflow/example_dags/example_subdag_operator.py took 0.138 seconds
[2023-04-23T12:18:55.519+0000] {processor.py:153} INFO - Started process (PID=77) to work on /home/airflow/.local/lib/python3.7/site-packages/airflow/example_dags/example_subdag_operator.py
[2023-04-23T12:18:55.520+0000] {processor.py:743} INFO - Processing file /home/airflow/.local/lib/python3.7/site-packages/airflow/example_dags/example_subdag_operator.py for tasks to queue
[2023-04-23T12:18:55.521+0000] {logging_mixin.py:137} INFO - [2023-04-23T12:18:55.521+0000] {dagbag.py:532} INFO - Filling up the DagBag from /home/airflow/.local/lib/python3.7/site-packages/airflow/example_dags/example_subdag_operator.py
[2023-04-23T12:18:55.562+0000] {processor.py:753} INFO - DAG(s) dict_keys(['example_subdag_operator.section-1', 'example_subdag_operator.section-2', 'example_subdag_operator']) retrieved from /home/airflow/.local/lib/python3.7/site-packages/airflow/example_dags/example_subdag_operator.py
[2023-04-23T12:18:55.593+0000] {logging_mixin.py:137} INFO - [2023-04-23T12:18:55.593+0000] {dag.py:2705} INFO - Sync 3 DAGs
[2023-04-23T12:18:55.634+0000] {logging_mixin.py:137} INFO - [2023-04-23T12:18:55.634+0000] {dag.py:3456} INFO - Setting next_dagrun for example_subdag_operator to 2022-01-01T00:00:00+00:00, run_after=2022-01-01T00:00:00+00:00
[2023-04-23T12:18:55.636+0000] {logging_mixin.py:137} INFO - [2023-04-23T12:18:55.636+0000] {dag.py:3456} INFO - Setting next_dagrun for example_subdag_operator.section-1 to None, run_after=None
[2023-04-23T12:18:55.638+0000] {logging_mixin.py:137} INFO - [2023-04-23T12:18:55.638+0000] {dag.py:3456} INFO - Setting next_dagrun for example_subdag_operator.section-2 to None, run_after=None
[2023-04-23T12:18:55.653+0000] {logging_mixin.py:137} INFO - [2023-04-23T12:18:55.653+0000] {dag.py:2705} INFO - Sync 2 DAGs
[2023-04-23T12:18:55.661+0000] {logging_mixin.py:137} INFO - [2023-04-23T12:18:55.661+0000] {dag.py:3456} INFO - Setting next_dagrun for example_subdag_operator.section-1 to None, run_after=None
[2023-04-23T12:18:55.661+0000] {logging_mixin.py:137} INFO - [2023-04-23T12:18:55.661+0000] {dag.py:3456} INFO - Setting next_dagrun for example_subdag_operator.section-2 to None, run_after=None
[2023-04-23T12:18:55.676+0000] {processor.py:175} INFO - Processing /home/airflow/.local/lib/python3.7/site-packages/airflow/example_dags/example_subdag_operator.py took 0.159 seconds
[2023-04-23T12:19:50.525+0000] {processor.py:153} INFO - Started process (PID=70) to work on /home/airflow/.local/lib/python3.7/site-packages/airflow/example_dags/example_subdag_operator.py
[2023-04-23T12:19:50.529+0000] {processor.py:743} INFO - Processing file /home/airflow/.local/lib/python3.7/site-packages/airflow/example_dags/example_subdag_operator.py for tasks to queue
[2023-04-23T12:19:50.534+0000] {logging_mixin.py:137} INFO - [2023-04-23T12:19:50.534+0000] {dagbag.py:532} INFO - Filling up the DagBag from /home/airflow/.local/lib/python3.7/site-packages/airflow/example_dags/example_subdag_operator.py
[2023-04-23T12:19:50.607+0000] {processor.py:753} INFO - DAG(s) dict_keys(['example_subdag_operator.section-1', 'example_subdag_operator.section-2', 'example_subdag_operator']) retrieved from /home/airflow/.local/lib/python3.7/site-packages/airflow/example_dags/example_subdag_operator.py
[2023-04-23T12:19:50.648+0000] {logging_mixin.py:137} INFO - [2023-04-23T12:19:50.648+0000] {dag.py:2705} INFO - Sync 3 DAGs
[2023-04-23T12:19:50.688+0000] {logging_mixin.py:137} INFO - [2023-04-23T12:19:50.688+0000] {dag.py:3456} INFO - Setting next_dagrun for example_subdag_operator to 2022-01-01T00:00:00+00:00, run_after=2022-01-01T00:00:00+00:00
[2023-04-23T12:19:50.706+0000] {logging_mixin.py:137} INFO - [2023-04-23T12:19:50.706+0000] {dag.py:3456} INFO - Setting next_dagrun for example_subdag_operator.section-1 to None, run_after=None
[2023-04-23T12:19:50.709+0000] {logging_mixin.py:137} INFO - [2023-04-23T12:19:50.709+0000] {dag.py:3456} INFO - Setting next_dagrun for example_subdag_operator.section-2 to None, run_after=None
[2023-04-23T12:19:50.722+0000] {logging_mixin.py:137} INFO - [2023-04-23T12:19:50.722+0000] {dag.py:2705} INFO - Sync 2 DAGs
[2023-04-23T12:19:50.731+0000] {logging_mixin.py:137} INFO - [2023-04-23T12:19:50.731+0000] {dag.py:3456} INFO - Setting next_dagrun for example_subdag_operator.section-1 to None, run_after=None
[2023-04-23T12:19:50.731+0000] {logging_mixin.py:137} INFO - [2023-04-23T12:19:50.731+0000] {dag.py:3456} INFO - Setting next_dagrun for example_subdag_operator.section-2 to None, run_after=None
[2023-04-23T12:19:50.752+0000] {processor.py:175} INFO - Processing /home/airflow/.local/lib/python3.7/site-packages/airflow/example_dags/example_subdag_operator.py took 0.231 seconds
[2023-04-23T12:23:29.151+0000] {processor.py:153} INFO - Started process (PID=70) to work on /home/airflow/.local/lib/python3.7/site-packages/airflow/example_dags/example_subdag_operator.py
[2023-04-23T12:23:29.152+0000] {processor.py:743} INFO - Processing file /home/airflow/.local/lib/python3.7/site-packages/airflow/example_dags/example_subdag_operator.py for tasks to queue
[2023-04-23T12:23:29.153+0000] {logging_mixin.py:137} INFO - [2023-04-23T12:23:29.153+0000] {dagbag.py:532} INFO - Filling up the DagBag from /home/airflow/.local/lib/python3.7/site-packages/airflow/example_dags/example_subdag_operator.py
[2023-04-23T12:23:29.186+0000] {processor.py:753} INFO - DAG(s) dict_keys(['example_subdag_operator.section-1', 'example_subdag_operator.section-2', 'example_subdag_operator']) retrieved from /home/airflow/.local/lib/python3.7/site-packages/airflow/example_dags/example_subdag_operator.py
[2023-04-23T12:23:29.226+0000] {logging_mixin.py:137} INFO - [2023-04-23T12:23:29.225+0000] {dag.py:2705} INFO - Sync 3 DAGs
[2023-04-23T12:23:29.262+0000] {logging_mixin.py:137} INFO - [2023-04-23T12:23:29.262+0000] {dag.py:3456} INFO - Setting next_dagrun for example_subdag_operator to 2022-01-01T00:00:00+00:00, run_after=2022-01-01T00:00:00+00:00
[2023-04-23T12:23:29.267+0000] {logging_mixin.py:137} INFO - [2023-04-23T12:23:29.267+0000] {dag.py:3456} INFO - Setting next_dagrun for example_subdag_operator.section-1 to None, run_after=None
[2023-04-23T12:23:29.270+0000] {logging_mixin.py:137} INFO - [2023-04-23T12:23:29.270+0000] {dag.py:3456} INFO - Setting next_dagrun for example_subdag_operator.section-2 to None, run_after=None
[2023-04-23T12:23:29.278+0000] {logging_mixin.py:137} INFO - [2023-04-23T12:23:29.278+0000] {dag.py:2705} INFO - Sync 2 DAGs
[2023-04-23T12:23:29.284+0000] {logging_mixin.py:137} INFO - [2023-04-23T12:23:29.284+0000] {dag.py:3456} INFO - Setting next_dagrun for example_subdag_operator.section-1 to None, run_after=None
[2023-04-23T12:23:29.285+0000] {logging_mixin.py:137} INFO - [2023-04-23T12:23:29.285+0000] {dag.py:3456} INFO - Setting next_dagrun for example_subdag_operator.section-2 to None, run_after=None
[2023-04-23T12:23:29.312+0000] {processor.py:175} INFO - Processing /home/airflow/.local/lib/python3.7/site-packages/airflow/example_dags/example_subdag_operator.py took 0.164 seconds
[2023-04-23T12:24:09.992+0000] {processor.py:153} INFO - Started process (PID=70) to work on /home/airflow/.local/lib/python3.7/site-packages/airflow/example_dags/example_subdag_operator.py
[2023-04-23T12:24:09.997+0000] {processor.py:743} INFO - Processing file /home/airflow/.local/lib/python3.7/site-packages/airflow/example_dags/example_subdag_operator.py for tasks to queue
[2023-04-23T12:24:09.999+0000] {logging_mixin.py:137} INFO - [2023-04-23T12:24:09.999+0000] {dagbag.py:532} INFO - Filling up the DagBag from /home/airflow/.local/lib/python3.7/site-packages/airflow/example_dags/example_subdag_operator.py
[2023-04-23T12:24:10.072+0000] {processor.py:753} INFO - DAG(s) dict_keys(['example_subdag_operator.section-1', 'example_subdag_operator.section-2', 'example_subdag_operator']) retrieved from /home/airflow/.local/lib/python3.7/site-packages/airflow/example_dags/example_subdag_operator.py
[2023-04-23T12:24:10.103+0000] {logging_mixin.py:137} INFO - [2023-04-23T12:24:10.103+0000] {dag.py:2705} INFO - Sync 3 DAGs
[2023-04-23T12:24:10.137+0000] {logging_mixin.py:137} INFO - [2023-04-23T12:24:10.137+0000] {dag.py:3456} INFO - Setting next_dagrun for example_subdag_operator to 2022-01-01T00:00:00+00:00, run_after=2022-01-01T00:00:00+00:00
[2023-04-23T12:24:10.141+0000] {logging_mixin.py:137} INFO - [2023-04-23T12:24:10.141+0000] {dag.py:3456} INFO - Setting next_dagrun for example_subdag_operator.section-1 to None, run_after=None
[2023-04-23T12:24:10.142+0000] {logging_mixin.py:137} INFO - [2023-04-23T12:24:10.142+0000] {dag.py:3456} INFO - Setting next_dagrun for example_subdag_operator.section-2 to None, run_after=None
[2023-04-23T12:24:10.154+0000] {logging_mixin.py:137} INFO - [2023-04-23T12:24:10.154+0000] {dag.py:2705} INFO - Sync 2 DAGs
[2023-04-23T12:24:10.159+0000] {logging_mixin.py:137} INFO - [2023-04-23T12:24:10.159+0000] {dag.py:3456} INFO - Setting next_dagrun for example_subdag_operator.section-1 to None, run_after=None
[2023-04-23T12:24:10.160+0000] {logging_mixin.py:137} INFO - [2023-04-23T12:24:10.160+0000] {dag.py:3456} INFO - Setting next_dagrun for example_subdag_operator.section-2 to None, run_after=None
[2023-04-23T12:24:10.167+0000] {processor.py:175} INFO - Processing /home/airflow/.local/lib/python3.7/site-packages/airflow/example_dags/example_subdag_operator.py took 0.184 seconds
[2023-04-23T12:25:36.599+0000] {processor.py:153} INFO - Started process (PID=70) to work on /home/airflow/.local/lib/python3.7/site-packages/airflow/example_dags/example_subdag_operator.py
[2023-04-23T12:25:36.599+0000] {processor.py:743} INFO - Processing file /home/airflow/.local/lib/python3.7/site-packages/airflow/example_dags/example_subdag_operator.py for tasks to queue
[2023-04-23T12:25:36.600+0000] {logging_mixin.py:137} INFO - [2023-04-23T12:25:36.600+0000] {dagbag.py:532} INFO - Filling up the DagBag from /home/airflow/.local/lib/python3.7/site-packages/airflow/example_dags/example_subdag_operator.py
[2023-04-23T12:25:36.656+0000] {processor.py:753} INFO - DAG(s) dict_keys(['example_subdag_operator.section-1', 'example_subdag_operator.section-2', 'example_subdag_operator']) retrieved from /home/airflow/.local/lib/python3.7/site-packages/airflow/example_dags/example_subdag_operator.py
[2023-04-23T12:25:36.695+0000] {logging_mixin.py:137} INFO - [2023-04-23T12:25:36.694+0000] {dag.py:2705} INFO - Sync 3 DAGs
[2023-04-23T12:25:36.724+0000] {logging_mixin.py:137} INFO - [2023-04-23T12:25:36.724+0000] {dag.py:3456} INFO - Setting next_dagrun for example_subdag_operator to 2022-01-01T00:00:00+00:00, run_after=2022-01-01T00:00:00+00:00
[2023-04-23T12:25:36.727+0000] {logging_mixin.py:137} INFO - [2023-04-23T12:25:36.727+0000] {dag.py:3456} INFO - Setting next_dagrun for example_subdag_operator.section-1 to None, run_after=None
[2023-04-23T12:25:36.729+0000] {logging_mixin.py:137} INFO - [2023-04-23T12:25:36.729+0000] {dag.py:3456} INFO - Setting next_dagrun for example_subdag_operator.section-2 to None, run_after=None
[2023-04-23T12:25:36.735+0000] {logging_mixin.py:137} INFO - [2023-04-23T12:25:36.735+0000] {dag.py:2705} INFO - Sync 2 DAGs
[2023-04-23T12:25:36.740+0000] {logging_mixin.py:137} INFO - [2023-04-23T12:25:36.740+0000] {dag.py:3456} INFO - Setting next_dagrun for example_subdag_operator.section-1 to None, run_after=None
[2023-04-23T12:25:36.741+0000] {logging_mixin.py:137} INFO - [2023-04-23T12:25:36.741+0000] {dag.py:3456} INFO - Setting next_dagrun for example_subdag_operator.section-2 to None, run_after=None
[2023-04-23T12:25:36.751+0000] {processor.py:175} INFO - Processing /home/airflow/.local/lib/python3.7/site-packages/airflow/example_dags/example_subdag_operator.py took 0.156 seconds
[2023-04-23T12:26:23.506+0000] {processor.py:153} INFO - Started process (PID=70) to work on /home/airflow/.local/lib/python3.7/site-packages/airflow/example_dags/example_subdag_operator.py
[2023-04-23T12:26:23.510+0000] {processor.py:743} INFO - Processing file /home/airflow/.local/lib/python3.7/site-packages/airflow/example_dags/example_subdag_operator.py for tasks to queue
[2023-04-23T12:26:23.514+0000] {logging_mixin.py:137} INFO - [2023-04-23T12:26:23.514+0000] {dagbag.py:532} INFO - Filling up the DagBag from /home/airflow/.local/lib/python3.7/site-packages/airflow/example_dags/example_subdag_operator.py
[2023-04-23T12:26:23.566+0000] {processor.py:753} INFO - DAG(s) dict_keys(['example_subdag_operator.section-1', 'example_subdag_operator.section-2', 'example_subdag_operator']) retrieved from /home/airflow/.local/lib/python3.7/site-packages/airflow/example_dags/example_subdag_operator.py
[2023-04-23T12:26:23.594+0000] {logging_mixin.py:137} INFO - [2023-04-23T12:26:23.594+0000] {dag.py:2705} INFO - Sync 3 DAGs
[2023-04-23T12:26:23.629+0000] {logging_mixin.py:137} INFO - [2023-04-23T12:26:23.629+0000] {dag.py:3456} INFO - Setting next_dagrun for example_subdag_operator to 2022-01-01T00:00:00+00:00, run_after=2022-01-01T00:00:00+00:00
[2023-04-23T12:26:23.636+0000] {logging_mixin.py:137} INFO - [2023-04-23T12:26:23.636+0000] {dag.py:3456} INFO - Setting next_dagrun for example_subdag_operator.section-1 to None, run_after=None
[2023-04-23T12:26:23.639+0000] {logging_mixin.py:137} INFO - [2023-04-23T12:26:23.639+0000] {dag.py:3456} INFO - Setting next_dagrun for example_subdag_operator.section-2 to None, run_after=None
[2023-04-23T12:26:23.649+0000] {logging_mixin.py:137} INFO - [2023-04-23T12:26:23.649+0000] {dag.py:2705} INFO - Sync 2 DAGs
[2023-04-23T12:26:23.657+0000] {logging_mixin.py:137} INFO - [2023-04-23T12:26:23.656+0000] {dag.py:3456} INFO - Setting next_dagrun for example_subdag_operator.section-1 to None, run_after=None
[2023-04-23T12:26:23.658+0000] {logging_mixin.py:137} INFO - [2023-04-23T12:26:23.658+0000] {dag.py:3456} INFO - Setting next_dagrun for example_subdag_operator.section-2 to None, run_after=None
[2023-04-23T12:26:23.669+0000] {processor.py:175} INFO - Processing /home/airflow/.local/lib/python3.7/site-packages/airflow/example_dags/example_subdag_operator.py took 0.165 seconds
[2023-04-23T13:08:11.350+0000] {processor.py:153} INFO - Started process (PID=70) to work on /home/airflow/.local/lib/python3.7/site-packages/airflow/example_dags/example_subdag_operator.py
[2023-04-23T13:08:11.351+0000] {processor.py:743} INFO - Processing file /home/airflow/.local/lib/python3.7/site-packages/airflow/example_dags/example_subdag_operator.py for tasks to queue
[2023-04-23T13:08:11.352+0000] {logging_mixin.py:137} INFO - [2023-04-23T13:08:11.352+0000] {dagbag.py:532} INFO - Filling up the DagBag from /home/airflow/.local/lib/python3.7/site-packages/airflow/example_dags/example_subdag_operator.py
[2023-04-23T13:08:11.407+0000] {processor.py:753} INFO - DAG(s) dict_keys(['example_subdag_operator.section-1', 'example_subdag_operator.section-2', 'example_subdag_operator']) retrieved from /home/airflow/.local/lib/python3.7/site-packages/airflow/example_dags/example_subdag_operator.py
[2023-04-23T13:08:11.428+0000] {logging_mixin.py:137} INFO - [2023-04-23T13:08:11.428+0000] {dag.py:2705} INFO - Sync 3 DAGs
[2023-04-23T13:08:11.468+0000] {logging_mixin.py:137} INFO - [2023-04-23T13:08:11.467+0000] {dag.py:3456} INFO - Setting next_dagrun for example_subdag_operator to 2022-01-01T00:00:00+00:00, run_after=2022-01-01T00:00:00+00:00
[2023-04-23T13:08:11.476+0000] {logging_mixin.py:137} INFO - [2023-04-23T13:08:11.475+0000] {dag.py:3456} INFO - Setting next_dagrun for example_subdag_operator.section-1 to None, run_after=None
[2023-04-23T13:08:11.477+0000] {logging_mixin.py:137} INFO - [2023-04-23T13:08:11.476+0000] {dag.py:3456} INFO - Setting next_dagrun for example_subdag_operator.section-2 to None, run_after=None
[2023-04-23T13:08:11.483+0000] {logging_mixin.py:137} INFO - [2023-04-23T13:08:11.483+0000] {dag.py:2705} INFO - Sync 2 DAGs
[2023-04-23T13:08:11.487+0000] {logging_mixin.py:137} INFO - [2023-04-23T13:08:11.487+0000] {dag.py:3456} INFO - Setting next_dagrun for example_subdag_operator.section-1 to None, run_after=None
[2023-04-23T13:08:11.487+0000] {logging_mixin.py:137} INFO - [2023-04-23T13:08:11.487+0000] {dag.py:3456} INFO - Setting next_dagrun for example_subdag_operator.section-2 to None, run_after=None
[2023-04-23T13:08:11.508+0000] {processor.py:175} INFO - Processing /home/airflow/.local/lib/python3.7/site-packages/airflow/example_dags/example_subdag_operator.py took 0.161 seconds
[2023-04-23T15:24:43.327+0000] {processor.py:153} INFO - Started process (PID=70) to work on /home/airflow/.local/lib/python3.7/site-packages/airflow/example_dags/example_subdag_operator.py
[2023-04-23T15:24:43.328+0000] {processor.py:743} INFO - Processing file /home/airflow/.local/lib/python3.7/site-packages/airflow/example_dags/example_subdag_operator.py for tasks to queue
[2023-04-23T15:24:43.328+0000] {logging_mixin.py:137} INFO - [2023-04-23T15:24:43.328+0000] {dagbag.py:532} INFO - Filling up the DagBag from /home/airflow/.local/lib/python3.7/site-packages/airflow/example_dags/example_subdag_operator.py
[2023-04-23T15:24:43.505+0000] {processor.py:753} INFO - DAG(s) dict_keys(['example_subdag_operator.section-1', 'example_subdag_operator.section-2', 'example_subdag_operator']) retrieved from /home/airflow/.local/lib/python3.7/site-packages/airflow/example_dags/example_subdag_operator.py
[2023-04-23T15:24:43.630+0000] {logging_mixin.py:137} INFO - [2023-04-23T15:24:43.629+0000] {dag.py:2705} INFO - Sync 3 DAGs
[2023-04-23T15:24:43.908+0000] {logging_mixin.py:137} INFO - [2023-04-23T15:24:43.898+0000] {dag.py:3456} INFO - Setting next_dagrun for example_subdag_operator to 2022-01-01T00:00:00+00:00, run_after=2022-01-01T00:00:00+00:00
[2023-04-23T15:24:43.913+0000] {logging_mixin.py:137} INFO - [2023-04-23T15:24:43.913+0000] {dag.py:3456} INFO - Setting next_dagrun for example_subdag_operator.section-1 to None, run_after=None
[2023-04-23T15:24:43.924+0000] {logging_mixin.py:137} INFO - [2023-04-23T15:24:43.924+0000] {dag.py:3456} INFO - Setting next_dagrun for example_subdag_operator.section-2 to None, run_after=None
[2023-04-23T15:24:44.045+0000] {logging_mixin.py:137} INFO - [2023-04-23T15:24:44.045+0000] {dag.py:2705} INFO - Sync 2 DAGs
[2023-04-23T15:24:44.074+0000] {logging_mixin.py:137} INFO - [2023-04-23T15:24:44.074+0000] {dag.py:3456} INFO - Setting next_dagrun for example_subdag_operator.section-1 to None, run_after=None
[2023-04-23T15:24:44.074+0000] {logging_mixin.py:137} INFO - [2023-04-23T15:24:44.074+0000] {dag.py:3456} INFO - Setting next_dagrun for example_subdag_operator.section-2 to None, run_after=None
[2023-04-23T15:24:44.135+0000] {processor.py:175} INFO - Processing /home/airflow/.local/lib/python3.7/site-packages/airflow/example_dags/example_subdag_operator.py took 0.821 seconds
[2023-04-23T15:28:49.965+0000] {processor.py:153} INFO - Started process (PID=79) to work on /home/airflow/.local/lib/python3.7/site-packages/airflow/example_dags/example_subdag_operator.py
[2023-04-23T15:28:49.967+0000] {processor.py:743} INFO - Processing file /home/airflow/.local/lib/python3.7/site-packages/airflow/example_dags/example_subdag_operator.py for tasks to queue
[2023-04-23T15:28:49.969+0000] {logging_mixin.py:137} INFO - [2023-04-23T15:28:49.969+0000] {dagbag.py:532} INFO - Filling up the DagBag from /home/airflow/.local/lib/python3.7/site-packages/airflow/example_dags/example_subdag_operator.py
[2023-04-23T15:28:50.075+0000] {processor.py:753} INFO - DAG(s) dict_keys(['example_subdag_operator.section-1', 'example_subdag_operator.section-2', 'example_subdag_operator']) retrieved from /home/airflow/.local/lib/python3.7/site-packages/airflow/example_dags/example_subdag_operator.py
[2023-04-23T15:28:50.118+0000] {logging_mixin.py:137} INFO - [2023-04-23T15:28:50.118+0000] {dag.py:2705} INFO - Sync 3 DAGs
[2023-04-23T15:28:50.152+0000] {logging_mixin.py:137} INFO - [2023-04-23T15:28:50.152+0000] {dag.py:3456} INFO - Setting next_dagrun for example_subdag_operator to 2022-01-01T00:00:00+00:00, run_after=2022-01-01T00:00:00+00:00
[2023-04-23T15:28:50.158+0000] {logging_mixin.py:137} INFO - [2023-04-23T15:28:50.158+0000] {dag.py:3456} INFO - Setting next_dagrun for example_subdag_operator.section-1 to None, run_after=None
[2023-04-23T15:28:50.165+0000] {logging_mixin.py:137} INFO - [2023-04-23T15:28:50.165+0000] {dag.py:3456} INFO - Setting next_dagrun for example_subdag_operator.section-2 to None, run_after=None
[2023-04-23T15:28:50.181+0000] {logging_mixin.py:137} INFO - [2023-04-23T15:28:50.180+0000] {dag.py:2705} INFO - Sync 2 DAGs
[2023-04-23T15:28:50.187+0000] {logging_mixin.py:137} INFO - [2023-04-23T15:28:50.187+0000] {dag.py:3456} INFO - Setting next_dagrun for example_subdag_operator.section-1 to None, run_after=None
[2023-04-23T15:28:50.190+0000] {logging_mixin.py:137} INFO - [2023-04-23T15:28:50.190+0000] {dag.py:3456} INFO - Setting next_dagrun for example_subdag_operator.section-2 to None, run_after=None
[2023-04-23T15:28:50.217+0000] {processor.py:175} INFO - Processing /home/airflow/.local/lib/python3.7/site-packages/airflow/example_dags/example_subdag_operator.py took 0.261 seconds
[2023-04-23T15:30:11.991+0000] {processor.py:153} INFO - Started process (PID=70) to work on /home/airflow/.local/lib/python3.7/site-packages/airflow/example_dags/example_subdag_operator.py
[2023-04-23T15:30:11.995+0000] {processor.py:743} INFO - Processing file /home/airflow/.local/lib/python3.7/site-packages/airflow/example_dags/example_subdag_operator.py for tasks to queue
[2023-04-23T15:30:11.996+0000] {logging_mixin.py:137} INFO - [2023-04-23T15:30:11.996+0000] {dagbag.py:532} INFO - Filling up the DagBag from /home/airflow/.local/lib/python3.7/site-packages/airflow/example_dags/example_subdag_operator.py
[2023-04-23T15:30:12.075+0000] {processor.py:753} INFO - DAG(s) dict_keys(['example_subdag_operator.section-1', 'example_subdag_operator.section-2', 'example_subdag_operator']) retrieved from /home/airflow/.local/lib/python3.7/site-packages/airflow/example_dags/example_subdag_operator.py
[2023-04-23T15:30:12.123+0000] {logging_mixin.py:137} INFO - [2023-04-23T15:30:12.123+0000] {dag.py:2705} INFO - Sync 3 DAGs
[2023-04-23T15:30:12.199+0000] {logging_mixin.py:137} INFO - [2023-04-23T15:30:12.199+0000] {dag.py:3456} INFO - Setting next_dagrun for example_subdag_operator to 2022-01-01T00:00:00+00:00, run_after=2022-01-01T00:00:00+00:00
[2023-04-23T15:30:12.205+0000] {logging_mixin.py:137} INFO - [2023-04-23T15:30:12.205+0000] {dag.py:3456} INFO - Setting next_dagrun for example_subdag_operator.section-1 to None, run_after=None
[2023-04-23T15:30:12.217+0000] {logging_mixin.py:137} INFO - [2023-04-23T15:30:12.217+0000] {dag.py:3456} INFO - Setting next_dagrun for example_subdag_operator.section-2 to None, run_after=None
[2023-04-23T15:30:12.230+0000] {logging_mixin.py:137} INFO - [2023-04-23T15:30:12.230+0000] {dag.py:2705} INFO - Sync 2 DAGs
[2023-04-23T15:30:12.241+0000] {logging_mixin.py:137} INFO - [2023-04-23T15:30:12.241+0000] {dag.py:3456} INFO - Setting next_dagrun for example_subdag_operator.section-1 to None, run_after=None
[2023-04-23T15:30:12.247+0000] {logging_mixin.py:137} INFO - [2023-04-23T15:30:12.247+0000] {dag.py:3456} INFO - Setting next_dagrun for example_subdag_operator.section-2 to None, run_after=None
[2023-04-23T15:30:12.268+0000] {processor.py:175} INFO - Processing /home/airflow/.local/lib/python3.7/site-packages/airflow/example_dags/example_subdag_operator.py took 0.285 seconds
[2023-04-23T15:30:46.906+0000] {processor.py:153} INFO - Started process (PID=70) to work on /home/airflow/.local/lib/python3.7/site-packages/airflow/example_dags/example_subdag_operator.py
[2023-04-23T15:30:46.908+0000] {processor.py:743} INFO - Processing file /home/airflow/.local/lib/python3.7/site-packages/airflow/example_dags/example_subdag_operator.py for tasks to queue
[2023-04-23T15:30:46.908+0000] {logging_mixin.py:137} INFO - [2023-04-23T15:30:46.908+0000] {dagbag.py:532} INFO - Filling up the DagBag from /home/airflow/.local/lib/python3.7/site-packages/airflow/example_dags/example_subdag_operator.py
[2023-04-23T15:30:46.991+0000] {processor.py:753} INFO - DAG(s) dict_keys(['example_subdag_operator.section-1', 'example_subdag_operator.section-2', 'example_subdag_operator']) retrieved from /home/airflow/.local/lib/python3.7/site-packages/airflow/example_dags/example_subdag_operator.py
[2023-04-23T15:30:47.036+0000] {logging_mixin.py:137} INFO - [2023-04-23T15:30:47.036+0000] {dag.py:2705} INFO - Sync 3 DAGs
[2023-04-23T15:30:47.102+0000] {logging_mixin.py:137} INFO - [2023-04-23T15:30:47.101+0000] {dag.py:3456} INFO - Setting next_dagrun for example_subdag_operator to 2022-01-01T00:00:00+00:00, run_after=2022-01-01T00:00:00+00:00
[2023-04-23T15:30:47.108+0000] {logging_mixin.py:137} INFO - [2023-04-23T15:30:47.108+0000] {dag.py:3456} INFO - Setting next_dagrun for example_subdag_operator.section-1 to None, run_after=None
[2023-04-23T15:30:47.110+0000] {logging_mixin.py:137} INFO - [2023-04-23T15:30:47.109+0000] {dag.py:3456} INFO - Setting next_dagrun for example_subdag_operator.section-2 to None, run_after=None
[2023-04-23T15:30:47.130+0000] {logging_mixin.py:137} INFO - [2023-04-23T15:30:47.130+0000] {dag.py:2705} INFO - Sync 2 DAGs
[2023-04-23T15:30:47.136+0000] {logging_mixin.py:137} INFO - [2023-04-23T15:30:47.136+0000] {dag.py:3456} INFO - Setting next_dagrun for example_subdag_operator.section-1 to None, run_after=None
[2023-04-23T15:30:47.137+0000] {logging_mixin.py:137} INFO - [2023-04-23T15:30:47.137+0000] {dag.py:3456} INFO - Setting next_dagrun for example_subdag_operator.section-2 to None, run_after=None
[2023-04-23T15:30:47.160+0000] {processor.py:175} INFO - Processing /home/airflow/.local/lib/python3.7/site-packages/airflow/example_dags/example_subdag_operator.py took 0.259 seconds
[2023-04-23T15:38:25.695+0000] {processor.py:153} INFO - Started process (PID=72) to work on /home/airflow/.local/lib/python3.7/site-packages/airflow/example_dags/example_subdag_operator.py
[2023-04-23T15:38:25.696+0000] {processor.py:743} INFO - Processing file /home/airflow/.local/lib/python3.7/site-packages/airflow/example_dags/example_subdag_operator.py for tasks to queue
[2023-04-23T15:38:25.696+0000] {logging_mixin.py:137} INFO - [2023-04-23T15:38:25.696+0000] {dagbag.py:532} INFO - Filling up the DagBag from /home/airflow/.local/lib/python3.7/site-packages/airflow/example_dags/example_subdag_operator.py
[2023-04-23T15:38:25.764+0000] {processor.py:753} INFO - DAG(s) dict_keys(['example_subdag_operator.section-1', 'example_subdag_operator.section-2', 'example_subdag_operator']) retrieved from /home/airflow/.local/lib/python3.7/site-packages/airflow/example_dags/example_subdag_operator.py
[2023-04-23T15:38:25.808+0000] {logging_mixin.py:137} INFO - [2023-04-23T15:38:25.807+0000] {dag.py:2705} INFO - Sync 3 DAGs
[2023-04-23T15:38:25.826+0000] {logging_mixin.py:137} INFO - [2023-04-23T15:38:25.826+0000] {dag.py:3456} INFO - Setting next_dagrun for example_subdag_operator to 2022-01-01T00:00:00+00:00, run_after=2022-01-01T00:00:00+00:00
[2023-04-23T15:38:25.829+0000] {logging_mixin.py:137} INFO - [2023-04-23T15:38:25.829+0000] {dag.py:3456} INFO - Setting next_dagrun for example_subdag_operator.section-1 to None, run_after=None
[2023-04-23T15:38:25.829+0000] {logging_mixin.py:137} INFO - [2023-04-23T15:38:25.829+0000] {dag.py:3456} INFO - Setting next_dagrun for example_subdag_operator.section-2 to None, run_after=None
[2023-04-23T15:38:25.834+0000] {logging_mixin.py:137} INFO - [2023-04-23T15:38:25.834+0000] {dag.py:2705} INFO - Sync 2 DAGs
[2023-04-23T15:38:25.840+0000] {logging_mixin.py:137} INFO - [2023-04-23T15:38:25.840+0000] {dag.py:3456} INFO - Setting next_dagrun for example_subdag_operator.section-1 to None, run_after=None
[2023-04-23T15:38:25.840+0000] {logging_mixin.py:137} INFO - [2023-04-23T15:38:25.840+0000] {dag.py:3456} INFO - Setting next_dagrun for example_subdag_operator.section-2 to None, run_after=None
[2023-04-23T15:38:25.847+0000] {processor.py:175} INFO - Processing /home/airflow/.local/lib/python3.7/site-packages/airflow/example_dags/example_subdag_operator.py took 0.154 seconds
[2023-04-23T19:25:57.129+0000] {processor.py:153} INFO - Started process (PID=70) to work on /home/airflow/.local/lib/python3.7/site-packages/airflow/example_dags/example_subdag_operator.py
[2023-04-23T19:25:57.130+0000] {processor.py:743} INFO - Processing file /home/airflow/.local/lib/python3.7/site-packages/airflow/example_dags/example_subdag_operator.py for tasks to queue
[2023-04-23T19:25:57.131+0000] {logging_mixin.py:137} INFO - [2023-04-23T19:25:57.131+0000] {dagbag.py:532} INFO - Filling up the DagBag from /home/airflow/.local/lib/python3.7/site-packages/airflow/example_dags/example_subdag_operator.py
[2023-04-23T19:25:57.285+0000] {processor.py:753} INFO - DAG(s) dict_keys(['example_subdag_operator.section-1', 'example_subdag_operator.section-2', 'example_subdag_operator']) retrieved from /home/airflow/.local/lib/python3.7/site-packages/airflow/example_dags/example_subdag_operator.py
[2023-04-23T19:25:57.383+0000] {logging_mixin.py:137} INFO - [2023-04-23T19:25:57.375+0000] {dag.py:2705} INFO - Sync 3 DAGs
[2023-04-23T19:25:57.526+0000] {logging_mixin.py:137} INFO - [2023-04-23T19:25:57.522+0000] {dag.py:3456} INFO - Setting next_dagrun for example_subdag_operator to 2022-01-01T00:00:00+00:00, run_after=2022-01-01T00:00:00+00:00
[2023-04-23T19:25:57.567+0000] {logging_mixin.py:137} INFO - [2023-04-23T19:25:57.565+0000] {dag.py:3456} INFO - Setting next_dagrun for example_subdag_operator.section-1 to None, run_after=None
[2023-04-23T19:25:57.587+0000] {logging_mixin.py:137} INFO - [2023-04-23T19:25:57.584+0000] {dag.py:3456} INFO - Setting next_dagrun for example_subdag_operator.section-2 to None, run_after=None
[2023-04-23T19:25:57.838+0000] {logging_mixin.py:137} INFO - [2023-04-23T19:25:57.836+0000] {dag.py:2705} INFO - Sync 2 DAGs
[2023-04-23T19:25:57.970+0000] {logging_mixin.py:137} INFO - [2023-04-23T19:25:57.969+0000] {dag.py:3456} INFO - Setting next_dagrun for example_subdag_operator.section-1 to None, run_after=None
[2023-04-23T19:25:57.972+0000] {logging_mixin.py:137} INFO - [2023-04-23T19:25:57.972+0000] {dag.py:3456} INFO - Setting next_dagrun for example_subdag_operator.section-2 to None, run_after=None
[2023-04-23T19:25:58.036+0000] {processor.py:175} INFO - Processing /home/airflow/.local/lib/python3.7/site-packages/airflow/example_dags/example_subdag_operator.py took 0.909 seconds
[2023-04-23T19:30:40.343+0000] {processor.py:153} INFO - Started process (PID=70) to work on /home/airflow/.local/lib/python3.7/site-packages/airflow/example_dags/example_subdag_operator.py
[2023-04-23T19:30:40.345+0000] {processor.py:743} INFO - Processing file /home/airflow/.local/lib/python3.7/site-packages/airflow/example_dags/example_subdag_operator.py for tasks to queue
[2023-04-23T19:30:40.347+0000] {logging_mixin.py:137} INFO - [2023-04-23T19:30:40.347+0000] {dagbag.py:532} INFO - Filling up the DagBag from /home/airflow/.local/lib/python3.7/site-packages/airflow/example_dags/example_subdag_operator.py
[2023-04-23T19:30:40.407+0000] {processor.py:753} INFO - DAG(s) dict_keys(['example_subdag_operator.section-1', 'example_subdag_operator.section-2', 'example_subdag_operator']) retrieved from /home/airflow/.local/lib/python3.7/site-packages/airflow/example_dags/example_subdag_operator.py
[2023-04-23T19:30:40.465+0000] {logging_mixin.py:137} INFO - [2023-04-23T19:30:40.464+0000] {dag.py:2705} INFO - Sync 3 DAGs
[2023-04-23T19:30:40.546+0000] {logging_mixin.py:137} INFO - [2023-04-23T19:30:40.546+0000] {dag.py:3456} INFO - Setting next_dagrun for example_subdag_operator to 2022-01-01T00:00:00+00:00, run_after=2022-01-01T00:00:00+00:00
[2023-04-23T19:30:40.554+0000] {logging_mixin.py:137} INFO - [2023-04-23T19:30:40.554+0000] {dag.py:3456} INFO - Setting next_dagrun for example_subdag_operator.section-1 to None, run_after=None
[2023-04-23T19:30:40.584+0000] {logging_mixin.py:137} INFO - [2023-04-23T19:30:40.584+0000] {dag.py:3456} INFO - Setting next_dagrun for example_subdag_operator.section-2 to None, run_after=None
[2023-04-23T19:30:40.592+0000] {logging_mixin.py:137} INFO - [2023-04-23T19:30:40.592+0000] {dag.py:2705} INFO - Sync 2 DAGs
[2023-04-23T19:30:40.616+0000] {logging_mixin.py:137} INFO - [2023-04-23T19:30:40.616+0000] {dag.py:3456} INFO - Setting next_dagrun for example_subdag_operator.section-1 to None, run_after=None
[2023-04-23T19:30:40.616+0000] {logging_mixin.py:137} INFO - [2023-04-23T19:30:40.616+0000] {dag.py:3456} INFO - Setting next_dagrun for example_subdag_operator.section-2 to None, run_after=None
[2023-04-23T19:30:40.634+0000] {processor.py:175} INFO - Processing /home/airflow/.local/lib/python3.7/site-packages/airflow/example_dags/example_subdag_operator.py took 0.296 seconds
[2023-04-23T19:37:41.453+0000] {processor.py:153} INFO - Started process (PID=77) to work on /home/airflow/.local/lib/python3.7/site-packages/airflow/example_dags/example_subdag_operator.py
[2023-04-23T19:37:41.453+0000] {processor.py:743} INFO - Processing file /home/airflow/.local/lib/python3.7/site-packages/airflow/example_dags/example_subdag_operator.py for tasks to queue
[2023-04-23T19:37:41.454+0000] {logging_mixin.py:137} INFO - [2023-04-23T19:37:41.454+0000] {dagbag.py:532} INFO - Filling up the DagBag from /home/airflow/.local/lib/python3.7/site-packages/airflow/example_dags/example_subdag_operator.py
[2023-04-23T19:37:41.480+0000] {processor.py:753} INFO - DAG(s) dict_keys(['example_subdag_operator.section-1', 'example_subdag_operator.section-2', 'example_subdag_operator']) retrieved from /home/airflow/.local/lib/python3.7/site-packages/airflow/example_dags/example_subdag_operator.py
[2023-04-23T19:37:41.496+0000] {logging_mixin.py:137} INFO - [2023-04-23T19:37:41.496+0000] {dag.py:2705} INFO - Sync 3 DAGs
[2023-04-23T19:37:41.518+0000] {logging_mixin.py:137} INFO - [2023-04-23T19:37:41.518+0000] {dag.py:3456} INFO - Setting next_dagrun for example_subdag_operator to 2022-01-01T00:00:00+00:00, run_after=2022-01-01T00:00:00+00:00
[2023-04-23T19:37:41.521+0000] {logging_mixin.py:137} INFO - [2023-04-23T19:37:41.521+0000] {dag.py:3456} INFO - Setting next_dagrun for example_subdag_operator.section-1 to None, run_after=None
[2023-04-23T19:37:41.522+0000] {logging_mixin.py:137} INFO - [2023-04-23T19:37:41.522+0000] {dag.py:3456} INFO - Setting next_dagrun for example_subdag_operator.section-2 to None, run_after=None
[2023-04-23T19:37:41.534+0000] {logging_mixin.py:137} INFO - [2023-04-23T19:37:41.534+0000] {dag.py:2705} INFO - Sync 2 DAGs
[2023-04-23T19:37:41.543+0000] {logging_mixin.py:137} INFO - [2023-04-23T19:37:41.543+0000] {dag.py:3456} INFO - Setting next_dagrun for example_subdag_operator.section-1 to None, run_after=None
[2023-04-23T19:37:41.543+0000] {logging_mixin.py:137} INFO - [2023-04-23T19:37:41.543+0000] {dag.py:3456} INFO - Setting next_dagrun for example_subdag_operator.section-2 to None, run_after=None
[2023-04-23T19:37:41.560+0000] {processor.py:175} INFO - Processing /home/airflow/.local/lib/python3.7/site-packages/airflow/example_dags/example_subdag_operator.py took 0.110 seconds
[2023-04-23T19:38:12.721+0000] {processor.py:153} INFO - Started process (PID=70) to work on /home/airflow/.local/lib/python3.7/site-packages/airflow/example_dags/example_subdag_operator.py
[2023-04-23T19:38:12.726+0000] {processor.py:743} INFO - Processing file /home/airflow/.local/lib/python3.7/site-packages/airflow/example_dags/example_subdag_operator.py for tasks to queue
[2023-04-23T19:38:12.731+0000] {logging_mixin.py:137} INFO - [2023-04-23T19:38:12.731+0000] {dagbag.py:532} INFO - Filling up the DagBag from /home/airflow/.local/lib/python3.7/site-packages/airflow/example_dags/example_subdag_operator.py
[2023-04-23T19:38:18.470+0000] {processor.py:753} INFO - DAG(s) dict_keys(['example_subdag_operator.section-1', 'example_subdag_operator.section-2', 'example_subdag_operator']) retrieved from /home/airflow/.local/lib/python3.7/site-packages/airflow/example_dags/example_subdag_operator.py
[2023-04-23T19:38:34.907+0000] {processor.py:153} INFO - Started process (PID=69) to work on /home/airflow/.local/lib/python3.7/site-packages/airflow/example_dags/example_subdag_operator.py
[2023-04-23T19:38:34.908+0000] {processor.py:743} INFO - Processing file /home/airflow/.local/lib/python3.7/site-packages/airflow/example_dags/example_subdag_operator.py for tasks to queue
[2023-04-23T19:38:34.909+0000] {logging_mixin.py:137} INFO - [2023-04-23T19:38:34.909+0000] {dagbag.py:532} INFO - Filling up the DagBag from /home/airflow/.local/lib/python3.7/site-packages/airflow/example_dags/example_subdag_operator.py
[2023-04-23T19:38:34.952+0000] {processor.py:753} INFO - DAG(s) dict_keys(['example_subdag_operator.section-1', 'example_subdag_operator.section-2', 'example_subdag_operator']) retrieved from /home/airflow/.local/lib/python3.7/site-packages/airflow/example_dags/example_subdag_operator.py
[2023-04-23T19:38:34.991+0000] {logging_mixin.py:137} INFO - [2023-04-23T19:38:34.990+0000] {dag.py:2705} INFO - Sync 3 DAGs
[2023-04-23T19:38:35.036+0000] {logging_mixin.py:137} INFO - [2023-04-23T19:38:35.036+0000] {dag.py:3456} INFO - Setting next_dagrun for example_subdag_operator to 2022-01-01T00:00:00+00:00, run_after=2022-01-01T00:00:00+00:00
[2023-04-23T19:38:35.039+0000] {logging_mixin.py:137} INFO - [2023-04-23T19:38:35.039+0000] {dag.py:3456} INFO - Setting next_dagrun for example_subdag_operator.section-1 to None, run_after=None
[2023-04-23T19:38:35.040+0000] {logging_mixin.py:137} INFO - [2023-04-23T19:38:35.040+0000] {dag.py:3456} INFO - Setting next_dagrun for example_subdag_operator.section-2 to None, run_after=None
[2023-04-23T19:38:35.047+0000] {logging_mixin.py:137} INFO - [2023-04-23T19:38:35.047+0000] {dag.py:2705} INFO - Sync 2 DAGs
[2023-04-23T19:38:35.064+0000] {logging_mixin.py:137} INFO - [2023-04-23T19:38:35.064+0000] {dag.py:3456} INFO - Setting next_dagrun for example_subdag_operator.section-1 to None, run_after=None
[2023-04-23T19:38:35.065+0000] {logging_mixin.py:137} INFO - [2023-04-23T19:38:35.065+0000] {dag.py:3456} INFO - Setting next_dagrun for example_subdag_operator.section-2 to None, run_after=None
[2023-04-23T19:38:35.080+0000] {processor.py:175} INFO - Processing /home/airflow/.local/lib/python3.7/site-packages/airflow/example_dags/example_subdag_operator.py took 0.175 seconds
[2023-04-23T19:39:57.604+0000] {processor.py:153} INFO - Started process (PID=70) to work on /home/airflow/.local/lib/python3.7/site-packages/airflow/example_dags/example_subdag_operator.py
[2023-04-23T19:39:57.615+0000] {processor.py:743} INFO - Processing file /home/airflow/.local/lib/python3.7/site-packages/airflow/example_dags/example_subdag_operator.py for tasks to queue
[2023-04-23T19:39:57.616+0000] {logging_mixin.py:137} INFO - [2023-04-23T19:39:57.616+0000] {dagbag.py:532} INFO - Filling up the DagBag from /home/airflow/.local/lib/python3.7/site-packages/airflow/example_dags/example_subdag_operator.py
[2023-04-23T19:39:57.792+0000] {processor.py:753} INFO - DAG(s) dict_keys(['example_subdag_operator.section-1', 'example_subdag_operator.section-2', 'example_subdag_operator']) retrieved from /home/airflow/.local/lib/python3.7/site-packages/airflow/example_dags/example_subdag_operator.py
[2023-04-23T19:39:57.911+0000] {logging_mixin.py:137} INFO - [2023-04-23T19:39:57.910+0000] {dag.py:2705} INFO - Sync 3 DAGs
[2023-04-23T19:39:57.995+0000] {logging_mixin.py:137} INFO - [2023-04-23T19:39:57.994+0000] {dag.py:3456} INFO - Setting next_dagrun for example_subdag_operator to 2022-01-01T00:00:00+00:00, run_after=2022-01-01T00:00:00+00:00
[2023-04-23T19:39:58.004+0000] {logging_mixin.py:137} INFO - [2023-04-23T19:39:58.004+0000] {dag.py:3456} INFO - Setting next_dagrun for example_subdag_operator.section-1 to None, run_after=None
[2023-04-23T19:39:58.010+0000] {logging_mixin.py:137} INFO - [2023-04-23T19:39:58.010+0000] {dag.py:3456} INFO - Setting next_dagrun for example_subdag_operator.section-2 to None, run_after=None
[2023-04-23T19:39:58.067+0000] {logging_mixin.py:137} INFO - [2023-04-23T19:39:58.066+0000] {dag.py:2705} INFO - Sync 2 DAGs
[2023-04-23T19:39:58.094+0000] {logging_mixin.py:137} INFO - [2023-04-23T19:39:58.094+0000] {dag.py:3456} INFO - Setting next_dagrun for example_subdag_operator.section-1 to None, run_after=None
[2023-04-23T19:39:58.097+0000] {logging_mixin.py:137} INFO - [2023-04-23T19:39:58.096+0000] {dag.py:3456} INFO - Setting next_dagrun for example_subdag_operator.section-2 to None, run_after=None
[2023-04-23T19:39:58.188+0000] {processor.py:175} INFO - Processing /home/airflow/.local/lib/python3.7/site-packages/airflow/example_dags/example_subdag_operator.py took 0.596 seconds
[2023-04-23T19:45:32.643+0000] {processor.py:153} INFO - Started process (PID=70) to work on /home/airflow/.local/lib/python3.7/site-packages/airflow/example_dags/example_subdag_operator.py
[2023-04-23T19:45:32.644+0000] {processor.py:743} INFO - Processing file /home/airflow/.local/lib/python3.7/site-packages/airflow/example_dags/example_subdag_operator.py for tasks to queue
[2023-04-23T19:45:32.646+0000] {logging_mixin.py:137} INFO - [2023-04-23T19:45:32.646+0000] {dagbag.py:532} INFO - Filling up the DagBag from /home/airflow/.local/lib/python3.7/site-packages/airflow/example_dags/example_subdag_operator.py
[2023-04-23T19:45:32.684+0000] {processor.py:753} INFO - DAG(s) dict_keys(['example_subdag_operator.section-1', 'example_subdag_operator.section-2', 'example_subdag_operator']) retrieved from /home/airflow/.local/lib/python3.7/site-packages/airflow/example_dags/example_subdag_operator.py
[2023-04-23T19:45:32.695+0000] {logging_mixin.py:137} INFO - [2023-04-23T19:45:32.695+0000] {dag.py:2705} INFO - Sync 3 DAGs
[2023-04-23T19:45:32.713+0000] {logging_mixin.py:137} INFO - [2023-04-23T19:45:32.712+0000] {dag.py:3456} INFO - Setting next_dagrun for example_subdag_operator to 2022-01-01T00:00:00+00:00, run_after=2022-01-01T00:00:00+00:00
[2023-04-23T19:45:32.715+0000] {logging_mixin.py:137} INFO - [2023-04-23T19:45:32.715+0000] {dag.py:3456} INFO - Setting next_dagrun for example_subdag_operator.section-1 to None, run_after=None
[2023-04-23T19:45:32.715+0000] {logging_mixin.py:137} INFO - [2023-04-23T19:45:32.715+0000] {dag.py:3456} INFO - Setting next_dagrun for example_subdag_operator.section-2 to None, run_after=None
[2023-04-23T19:45:32.720+0000] {logging_mixin.py:137} INFO - [2023-04-23T19:45:32.720+0000] {dag.py:2705} INFO - Sync 2 DAGs
[2023-04-23T19:45:32.723+0000] {logging_mixin.py:137} INFO - [2023-04-23T19:45:32.723+0000] {dag.py:3456} INFO - Setting next_dagrun for example_subdag_operator.section-1 to None, run_after=None
[2023-04-23T19:45:32.724+0000] {logging_mixin.py:137} INFO - [2023-04-23T19:45:32.724+0000] {dag.py:3456} INFO - Setting next_dagrun for example_subdag_operator.section-2 to None, run_after=None
[2023-04-23T19:45:32.730+0000] {processor.py:175} INFO - Processing /home/airflow/.local/lib/python3.7/site-packages/airflow/example_dags/example_subdag_operator.py took 0.090 seconds
[2023-04-23T19:57:16.395+0000] {processor.py:153} INFO - Started process (PID=79) to work on /home/airflow/.local/lib/python3.7/site-packages/airflow/example_dags/example_subdag_operator.py
[2023-04-23T19:57:16.412+0000] {processor.py:743} INFO - Processing file /home/airflow/.local/lib/python3.7/site-packages/airflow/example_dags/example_subdag_operator.py for tasks to queue
[2023-04-23T19:57:16.446+0000] {logging_mixin.py:137} INFO - [2023-04-23T19:57:16.429+0000] {dagbag.py:532} INFO - Filling up the DagBag from /home/airflow/.local/lib/python3.7/site-packages/airflow/example_dags/example_subdag_operator.py
