[2023-04-23T01:09:42.684+0000] {processor.py:153} INFO - Started process (PID=51) to work on /home/airflow/.local/lib/python3.7/site-packages/airflow/example_dags/example_latest_only.py
[2023-04-23T01:09:42.687+0000] {processor.py:743} INFO - Processing file /home/airflow/.local/lib/python3.7/site-packages/airflow/example_dags/example_latest_only.py for tasks to queue
[2023-04-23T01:09:42.689+0000] {logging_mixin.py:137} INFO - [2023-04-23T01:09:42.689+0000] {dagbag.py:532} INFO - Filling up the DagBag from /home/airflow/.local/lib/python3.7/site-packages/airflow/example_dags/example_latest_only.py
[2023-04-23T01:09:42.723+0000] {processor.py:753} INFO - DAG(s) dict_keys(['latest_only']) retrieved from /home/airflow/.local/lib/python3.7/site-packages/airflow/example_dags/example_latest_only.py
[2023-04-23T01:09:42.781+0000] {logging_mixin.py:137} INFO - [2023-04-23T01:09:42.781+0000] {dag.py:2705} INFO - Sync 1 DAGs
[2023-04-23T01:09:42.847+0000] {logging_mixin.py:137} INFO - [2023-04-23T01:09:42.846+0000] {dag.py:3456} INFO - Setting next_dagrun for latest_only to 2023-04-22T21:09:42.844922+00:00, run_after=2023-04-23T01:09:42.844922+00:00
[2023-04-23T01:09:43.952+0000] {processor.py:175} INFO - Processing /home/airflow/.local/lib/python3.7/site-packages/airflow/example_dags/example_latest_only.py took 1.270 seconds
[2023-04-23T02:24:06.552+0000] {processor.py:153} INFO - Started process (PID=55) to work on /home/airflow/.local/lib/python3.7/site-packages/airflow/example_dags/example_latest_only.py
[2023-04-23T02:24:06.555+0000] {processor.py:743} INFO - Processing file /home/airflow/.local/lib/python3.7/site-packages/airflow/example_dags/example_latest_only.py for tasks to queue
[2023-04-23T02:24:06.556+0000] {logging_mixin.py:137} INFO - [2023-04-23T02:24:06.556+0000] {dagbag.py:532} INFO - Filling up the DagBag from /home/airflow/.local/lib/python3.7/site-packages/airflow/example_dags/example_latest_only.py
[2023-04-23T02:24:06.622+0000] {processor.py:753} INFO - DAG(s) dict_keys(['latest_only']) retrieved from /home/airflow/.local/lib/python3.7/site-packages/airflow/example_dags/example_latest_only.py
[2023-04-23T02:24:06.744+0000] {logging_mixin.py:137} INFO - [2023-04-23T02:24:06.744+0000] {dag.py:2705} INFO - Sync 1 DAGs
[2023-04-23T02:24:06.837+0000] {logging_mixin.py:137} INFO - [2023-04-23T02:24:06.836+0000] {dag.py:3456} INFO - Setting next_dagrun for latest_only to 2023-04-22T22:24:06.833514+00:00, run_after=2023-04-23T02:24:06.833514+00:00
[2023-04-23T02:24:06.934+0000] {processor.py:175} INFO - Processing /home/airflow/.local/lib/python3.7/site-packages/airflow/example_dags/example_latest_only.py took 0.393 seconds
[2023-04-23T05:31:17.250+0000] {processor.py:153} INFO - Started process (PID=50) to work on /home/airflow/.local/lib/python3.7/site-packages/airflow/example_dags/example_latest_only.py
[2023-04-23T05:31:17.251+0000] {processor.py:743} INFO - Processing file /home/airflow/.local/lib/python3.7/site-packages/airflow/example_dags/example_latest_only.py for tasks to queue
[2023-04-23T05:31:17.253+0000] {logging_mixin.py:137} INFO - [2023-04-23T05:31:17.253+0000] {dagbag.py:532} INFO - Filling up the DagBag from /home/airflow/.local/lib/python3.7/site-packages/airflow/example_dags/example_latest_only.py
[2023-04-23T05:31:17.305+0000] {processor.py:753} INFO - DAG(s) dict_keys(['latest_only']) retrieved from /home/airflow/.local/lib/python3.7/site-packages/airflow/example_dags/example_latest_only.py
[2023-04-23T05:31:17.411+0000] {logging_mixin.py:137} INFO - [2023-04-23T05:31:17.411+0000] {dag.py:2705} INFO - Sync 1 DAGs
[2023-04-23T05:31:17.534+0000] {logging_mixin.py:137} INFO - [2023-04-23T05:31:17.534+0000] {dag.py:3456} INFO - Setting next_dagrun for latest_only to 2023-04-23T01:31:17.534132+00:00, run_after=2023-04-23T05:31:17.534132+00:00
[2023-04-23T05:31:17.679+0000] {processor.py:175} INFO - Processing /home/airflow/.local/lib/python3.7/site-packages/airflow/example_dags/example_latest_only.py took 0.447 seconds
[2023-04-23T06:35:31.548+0000] {processor.py:153} INFO - Started process (PID=49) to work on /home/airflow/.local/lib/python3.7/site-packages/airflow/example_dags/example_latest_only.py
[2023-04-23T06:35:31.602+0000] {processor.py:743} INFO - Processing file /home/airflow/.local/lib/python3.7/site-packages/airflow/example_dags/example_latest_only.py for tasks to queue
[2023-04-23T06:35:31.627+0000] {logging_mixin.py:137} INFO - [2023-04-23T06:35:31.625+0000] {dagbag.py:532} INFO - Filling up the DagBag from /home/airflow/.local/lib/python3.7/site-packages/airflow/example_dags/example_latest_only.py
[2023-04-23T07:36:13.166+0000] {processor.py:153} INFO - Started process (PID=50) to work on /home/airflow/.local/lib/python3.7/site-packages/airflow/example_dags/example_latest_only.py
[2023-04-23T07:36:13.171+0000] {processor.py:743} INFO - Processing file /home/airflow/.local/lib/python3.7/site-packages/airflow/example_dags/example_latest_only.py for tasks to queue
[2023-04-23T07:36:13.173+0000] {logging_mixin.py:137} INFO - [2023-04-23T07:36:13.173+0000] {dagbag.py:532} INFO - Filling up the DagBag from /home/airflow/.local/lib/python3.7/site-packages/airflow/example_dags/example_latest_only.py
[2023-04-23T07:36:13.304+0000] {processor.py:753} INFO - DAG(s) dict_keys(['latest_only']) retrieved from /home/airflow/.local/lib/python3.7/site-packages/airflow/example_dags/example_latest_only.py
[2023-04-23T07:36:13.722+0000] {logging_mixin.py:137} INFO - [2023-04-23T07:36:13.719+0000] {dag.py:2705} INFO - Sync 1 DAGs
[2023-04-23T07:36:13.969+0000] {logging_mixin.py:137} INFO - [2023-04-23T07:36:13.969+0000] {dag.py:3456} INFO - Setting next_dagrun for latest_only to 2023-04-23T03:36:13.969124+00:00, run_after=2023-04-23T07:36:13.969124+00:00
[2023-04-23T07:36:14.035+0000] {processor.py:175} INFO - Processing /home/airflow/.local/lib/python3.7/site-packages/airflow/example_dags/example_latest_only.py took 0.912 seconds
[2023-04-23T07:53:35.750+0000] {processor.py:153} INFO - Started process (PID=43) to work on /home/airflow/.local/lib/python3.7/site-packages/airflow/example_dags/example_latest_only.py
[2023-04-23T07:53:35.756+0000] {processor.py:743} INFO - Processing file /home/airflow/.local/lib/python3.7/site-packages/airflow/example_dags/example_latest_only.py for tasks to queue
[2023-04-23T07:53:35.756+0000] {logging_mixin.py:137} INFO - [2023-04-23T07:53:35.756+0000] {dagbag.py:532} INFO - Filling up the DagBag from /home/airflow/.local/lib/python3.7/site-packages/airflow/example_dags/example_latest_only.py
[2023-04-23T07:53:35.773+0000] {processor.py:753} INFO - DAG(s) dict_keys(['latest_only']) retrieved from /home/airflow/.local/lib/python3.7/site-packages/airflow/example_dags/example_latest_only.py
[2023-04-23T07:53:35.813+0000] {logging_mixin.py:137} INFO - [2023-04-23T07:53:35.812+0000] {dag.py:2705} INFO - Sync 1 DAGs
[2023-04-23T07:53:35.882+0000] {logging_mixin.py:137} INFO - [2023-04-23T07:53:35.882+0000] {dag.py:3456} INFO - Setting next_dagrun for latest_only to 2023-04-23T03:53:35.881209+00:00, run_after=2023-04-23T07:53:35.881209+00:00
[2023-04-23T07:53:35.967+0000] {processor.py:175} INFO - Processing /home/airflow/.local/lib/python3.7/site-packages/airflow/example_dags/example_latest_only.py took 0.219 seconds
[2023-04-23T11:38:08.179+0000] {processor.py:153} INFO - Started process (PID=50) to work on /home/airflow/.local/lib/python3.7/site-packages/airflow/example_dags/example_latest_only.py
[2023-04-23T11:38:08.189+0000] {processor.py:743} INFO - Processing file /home/airflow/.local/lib/python3.7/site-packages/airflow/example_dags/example_latest_only.py for tasks to queue
[2023-04-23T11:38:08.194+0000] {logging_mixin.py:137} INFO - [2023-04-23T11:38:08.192+0000] {dagbag.py:532} INFO - Filling up the DagBag from /home/airflow/.local/lib/python3.7/site-packages/airflow/example_dags/example_latest_only.py
[2023-04-23T11:38:11.702+0000] {processor.py:753} INFO - DAG(s) dict_keys(['latest_only']) retrieved from /home/airflow/.local/lib/python3.7/site-packages/airflow/example_dags/example_latest_only.py
[2023-04-23T11:42:55.632+0000] {processor.py:153} INFO - Started process (PID=52) to work on /home/airflow/.local/lib/python3.7/site-packages/airflow/example_dags/example_latest_only.py
[2023-04-23T11:42:55.634+0000] {processor.py:743} INFO - Processing file /home/airflow/.local/lib/python3.7/site-packages/airflow/example_dags/example_latest_only.py for tasks to queue
[2023-04-23T11:42:55.635+0000] {logging_mixin.py:137} INFO - [2023-04-23T11:42:55.635+0000] {dagbag.py:532} INFO - Filling up the DagBag from /home/airflow/.local/lib/python3.7/site-packages/airflow/example_dags/example_latest_only.py
[2023-04-23T11:42:55.691+0000] {processor.py:753} INFO - DAG(s) dict_keys(['latest_only']) retrieved from /home/airflow/.local/lib/python3.7/site-packages/airflow/example_dags/example_latest_only.py
[2023-04-23T11:42:55.784+0000] {logging_mixin.py:137} INFO - [2023-04-23T11:42:55.784+0000] {dag.py:2705} INFO - Sync 1 DAGs
[2023-04-23T11:42:55.846+0000] {logging_mixin.py:137} INFO - [2023-04-23T11:42:55.846+0000] {dag.py:3456} INFO - Setting next_dagrun for latest_only to 2023-04-23T07:42:55.845309+00:00, run_after=2023-04-23T11:42:55.845309+00:00
[2023-04-23T11:42:55.897+0000] {processor.py:175} INFO - Processing /home/airflow/.local/lib/python3.7/site-packages/airflow/example_dags/example_latest_only.py took 0.279 seconds
[2023-04-23T11:44:09.392+0000] {processor.py:153} INFO - Started process (PID=49) to work on /home/airflow/.local/lib/python3.7/site-packages/airflow/example_dags/example_latest_only.py
[2023-04-23T11:44:09.413+0000] {processor.py:743} INFO - Processing file /home/airflow/.local/lib/python3.7/site-packages/airflow/example_dags/example_latest_only.py for tasks to queue
[2023-04-23T11:44:09.424+0000] {logging_mixin.py:137} INFO - [2023-04-23T11:44:09.424+0000] {dagbag.py:532} INFO - Filling up the DagBag from /home/airflow/.local/lib/python3.7/site-packages/airflow/example_dags/example_latest_only.py
[2023-04-23T11:44:09.645+0000] {processor.py:753} INFO - DAG(s) dict_keys(['latest_only']) retrieved from /home/airflow/.local/lib/python3.7/site-packages/airflow/example_dags/example_latest_only.py
[2023-04-23T11:44:09.949+0000] {logging_mixin.py:137} INFO - [2023-04-23T11:44:09.948+0000] {dag.py:2705} INFO - Sync 1 DAGs
[2023-04-23T11:45:28.943+0000] {processor.py:153} INFO - Started process (PID=43) to work on /home/airflow/.local/lib/python3.7/site-packages/airflow/example_dags/example_latest_only.py
[2023-04-23T11:45:28.948+0000] {processor.py:743} INFO - Processing file /home/airflow/.local/lib/python3.7/site-packages/airflow/example_dags/example_latest_only.py for tasks to queue
[2023-04-23T11:45:28.949+0000] {logging_mixin.py:137} INFO - [2023-04-23T11:45:28.949+0000] {dagbag.py:532} INFO - Filling up the DagBag from /home/airflow/.local/lib/python3.7/site-packages/airflow/example_dags/example_latest_only.py
[2023-04-23T11:45:29.025+0000] {processor.py:753} INFO - DAG(s) dict_keys(['latest_only']) retrieved from /home/airflow/.local/lib/python3.7/site-packages/airflow/example_dags/example_latest_only.py
[2023-04-23T11:45:29.244+0000] {logging_mixin.py:137} INFO - [2023-04-23T11:45:29.241+0000] {dag.py:2705} INFO - Sync 1 DAGs
[2023-04-23T11:45:29.613+0000] {logging_mixin.py:137} INFO - [2023-04-23T11:45:29.604+0000] {dag.py:3456} INFO - Setting next_dagrun for latest_only to 2023-04-23T07:45:29.600397+00:00, run_after=2023-04-23T11:45:29.600397+00:00
[2023-04-23T11:47:49.830+0000] {processor.py:153} INFO - Started process (PID=51) to work on /home/airflow/.local/lib/python3.7/site-packages/airflow/example_dags/example_latest_only.py
[2023-04-23T11:47:49.831+0000] {processor.py:743} INFO - Processing file /home/airflow/.local/lib/python3.7/site-packages/airflow/example_dags/example_latest_only.py for tasks to queue
[2023-04-23T11:47:49.832+0000] {logging_mixin.py:137} INFO - [2023-04-23T11:47:49.832+0000] {dagbag.py:532} INFO - Filling up the DagBag from /home/airflow/.local/lib/python3.7/site-packages/airflow/example_dags/example_latest_only.py
[2023-04-23T11:47:49.858+0000] {processor.py:753} INFO - DAG(s) dict_keys(['latest_only']) retrieved from /home/airflow/.local/lib/python3.7/site-packages/airflow/example_dags/example_latest_only.py
[2023-04-23T11:47:49.906+0000] {logging_mixin.py:137} INFO - [2023-04-23T11:47:49.906+0000] {dag.py:2705} INFO - Sync 1 DAGs
[2023-04-23T11:47:49.928+0000] {logging_mixin.py:137} INFO - [2023-04-23T11:47:49.928+0000] {dag.py:3456} INFO - Setting next_dagrun for latest_only to 2023-04-23T07:47:49.928622+00:00, run_after=2023-04-23T11:47:49.928622+00:00
[2023-04-23T11:47:49.986+0000] {processor.py:175} INFO - Processing /home/airflow/.local/lib/python3.7/site-packages/airflow/example_dags/example_latest_only.py took 0.159 seconds
[2023-04-23T11:48:54.987+0000] {processor.py:153} INFO - Started process (PID=43) to work on /home/airflow/.local/lib/python3.7/site-packages/airflow/example_dags/example_latest_only.py
[2023-04-23T11:48:55.003+0000] {processor.py:743} INFO - Processing file /home/airflow/.local/lib/python3.7/site-packages/airflow/example_dags/example_latest_only.py for tasks to queue
[2023-04-23T11:48:55.005+0000] {logging_mixin.py:137} INFO - [2023-04-23T11:48:55.005+0000] {dagbag.py:532} INFO - Filling up the DagBag from /home/airflow/.local/lib/python3.7/site-packages/airflow/example_dags/example_latest_only.py
[2023-04-23T11:48:55.075+0000] {processor.py:753} INFO - DAG(s) dict_keys(['latest_only']) retrieved from /home/airflow/.local/lib/python3.7/site-packages/airflow/example_dags/example_latest_only.py
[2023-04-23T11:48:55.134+0000] {logging_mixin.py:137} INFO - [2023-04-23T11:48:55.134+0000] {dag.py:2705} INFO - Sync 1 DAGs
[2023-04-23T11:48:55.196+0000] {logging_mixin.py:137} INFO - [2023-04-23T11:48:55.196+0000] {dag.py:3456} INFO - Setting next_dagrun for latest_only to 2023-04-23T07:48:55.195997+00:00, run_after=2023-04-23T11:48:55.195997+00:00
[2023-04-23T11:48:55.296+0000] {processor.py:175} INFO - Processing /home/airflow/.local/lib/python3.7/site-packages/airflow/example_dags/example_latest_only.py took 0.312 seconds
[2023-04-23T11:51:29.205+0000] {processor.py:153} INFO - Started process (PID=45) to work on /home/airflow/.local/lib/python3.7/site-packages/airflow/example_dags/example_latest_only.py
[2023-04-23T11:51:29.210+0000] {processor.py:743} INFO - Processing file /home/airflow/.local/lib/python3.7/site-packages/airflow/example_dags/example_latest_only.py for tasks to queue
[2023-04-23T11:51:29.214+0000] {logging_mixin.py:137} INFO - [2023-04-23T11:51:29.214+0000] {dagbag.py:532} INFO - Filling up the DagBag from /home/airflow/.local/lib/python3.7/site-packages/airflow/example_dags/example_latest_only.py
[2023-04-23T11:51:29.334+0000] {processor.py:753} INFO - DAG(s) dict_keys(['latest_only']) retrieved from /home/airflow/.local/lib/python3.7/site-packages/airflow/example_dags/example_latest_only.py
[2023-04-23T11:51:30.556+0000] {logging_mixin.py:137} INFO - [2023-04-23T11:51:30.556+0000] {dag.py:2705} INFO - Sync 1 DAGs
[2023-04-23T11:51:30.625+0000] {logging_mixin.py:137} INFO - [2023-04-23T11:51:30.624+0000] {dag.py:3456} INFO - Setting next_dagrun for latest_only to 2023-04-23T07:51:30.624664+00:00, run_after=2023-04-23T11:51:30.624664+00:00
[2023-04-23T11:51:30.654+0000] {processor.py:175} INFO - Processing /home/airflow/.local/lib/python3.7/site-packages/airflow/example_dags/example_latest_only.py took 1.461 seconds
[2023-04-23T11:52:26.271+0000] {processor.py:153} INFO - Started process (PID=49) to work on /home/airflow/.local/lib/python3.7/site-packages/airflow/example_dags/example_latest_only.py
[2023-04-23T11:52:26.281+0000] {processor.py:743} INFO - Processing file /home/airflow/.local/lib/python3.7/site-packages/airflow/example_dags/example_latest_only.py for tasks to queue
[2023-04-23T11:52:26.281+0000] {logging_mixin.py:137} INFO - [2023-04-23T11:52:26.281+0000] {dagbag.py:532} INFO - Filling up the DagBag from /home/airflow/.local/lib/python3.7/site-packages/airflow/example_dags/example_latest_only.py
[2023-04-23T11:52:26.314+0000] {processor.py:753} INFO - DAG(s) dict_keys(['latest_only']) retrieved from /home/airflow/.local/lib/python3.7/site-packages/airflow/example_dags/example_latest_only.py
[2023-04-23T11:52:26.350+0000] {logging_mixin.py:137} INFO - [2023-04-23T11:52:26.350+0000] {dag.py:2705} INFO - Sync 1 DAGs
[2023-04-23T11:52:26.374+0000] {logging_mixin.py:137} INFO - [2023-04-23T11:52:26.374+0000] {dag.py:3456} INFO - Setting next_dagrun for latest_only to 2023-04-23T07:52:26.372249+00:00, run_after=2023-04-23T11:52:26.372249+00:00
[2023-04-23T11:52:26.416+0000] {processor.py:175} INFO - Processing /home/airflow/.local/lib/python3.7/site-packages/airflow/example_dags/example_latest_only.py took 0.148 seconds
[2023-04-23T11:52:47.647+0000] {processor.py:153} INFO - Started process (PID=43) to work on /home/airflow/.local/lib/python3.7/site-packages/airflow/example_dags/example_latest_only.py
[2023-04-23T11:52:47.648+0000] {processor.py:743} INFO - Processing file /home/airflow/.local/lib/python3.7/site-packages/airflow/example_dags/example_latest_only.py for tasks to queue
[2023-04-23T11:52:47.648+0000] {logging_mixin.py:137} INFO - [2023-04-23T11:52:47.648+0000] {dagbag.py:532} INFO - Filling up the DagBag from /home/airflow/.local/lib/python3.7/site-packages/airflow/example_dags/example_latest_only.py
[2023-04-23T11:52:47.660+0000] {processor.py:753} INFO - DAG(s) dict_keys(['latest_only']) retrieved from /home/airflow/.local/lib/python3.7/site-packages/airflow/example_dags/example_latest_only.py
[2023-04-23T11:52:47.692+0000] {logging_mixin.py:137} INFO - [2023-04-23T11:52:47.691+0000] {dag.py:2705} INFO - Sync 1 DAGs
[2023-04-23T11:52:47.728+0000] {logging_mixin.py:137} INFO - [2023-04-23T11:52:47.728+0000] {dag.py:3456} INFO - Setting next_dagrun for latest_only to 2023-04-23T07:52:47.728205+00:00, run_after=2023-04-23T11:52:47.728205+00:00
[2023-04-23T11:52:47.758+0000] {processor.py:175} INFO - Processing /home/airflow/.local/lib/python3.7/site-packages/airflow/example_dags/example_latest_only.py took 0.115 seconds
[2023-04-23T11:53:41.185+0000] {processor.py:153} INFO - Started process (PID=47) to work on /home/airflow/.local/lib/python3.7/site-packages/airflow/example_dags/example_latest_only.py
[2023-04-23T11:53:41.188+0000] {processor.py:743} INFO - Processing file /home/airflow/.local/lib/python3.7/site-packages/airflow/example_dags/example_latest_only.py for tasks to queue
[2023-04-23T11:53:41.188+0000] {logging_mixin.py:137} INFO - [2023-04-23T11:53:41.188+0000] {dagbag.py:532} INFO - Filling up the DagBag from /home/airflow/.local/lib/python3.7/site-packages/airflow/example_dags/example_latest_only.py
[2023-04-23T11:53:41.244+0000] {processor.py:753} INFO - DAG(s) dict_keys(['latest_only']) retrieved from /home/airflow/.local/lib/python3.7/site-packages/airflow/example_dags/example_latest_only.py
[2023-04-23T11:53:41.344+0000] {logging_mixin.py:137} INFO - [2023-04-23T11:53:41.343+0000] {dag.py:2705} INFO - Sync 1 DAGs
[2023-04-23T11:53:41.408+0000] {logging_mixin.py:137} INFO - [2023-04-23T11:53:41.408+0000] {dag.py:3456} INFO - Setting next_dagrun for latest_only to 2023-04-23T07:53:41.408561+00:00, run_after=2023-04-23T11:53:41.408561+00:00
[2023-04-23T11:53:41.487+0000] {processor.py:175} INFO - Processing /home/airflow/.local/lib/python3.7/site-packages/airflow/example_dags/example_latest_only.py took 0.305 seconds
[2023-04-23T11:56:00.574+0000] {processor.py:153} INFO - Started process (PID=45) to work on /home/airflow/.local/lib/python3.7/site-packages/airflow/example_dags/example_latest_only.py
[2023-04-23T11:56:00.597+0000] {processor.py:743} INFO - Processing file /home/airflow/.local/lib/python3.7/site-packages/airflow/example_dags/example_latest_only.py for tasks to queue
[2023-04-23T11:56:00.603+0000] {logging_mixin.py:137} INFO - [2023-04-23T11:56:00.602+0000] {dagbag.py:532} INFO - Filling up the DagBag from /home/airflow/.local/lib/python3.7/site-packages/airflow/example_dags/example_latest_only.py
[2023-04-23T11:56:00.919+0000] {processor.py:753} INFO - DAG(s) dict_keys(['latest_only']) retrieved from /home/airflow/.local/lib/python3.7/site-packages/airflow/example_dags/example_latest_only.py
[2023-04-23T11:57:05.499+0000] {processor.py:153} INFO - Started process (PID=44) to work on /home/airflow/.local/lib/python3.7/site-packages/airflow/example_dags/example_latest_only.py
[2023-04-23T11:57:05.501+0000] {processor.py:743} INFO - Processing file /home/airflow/.local/lib/python3.7/site-packages/airflow/example_dags/example_latest_only.py for tasks to queue
[2023-04-23T11:57:05.504+0000] {logging_mixin.py:137} INFO - [2023-04-23T11:57:05.503+0000] {dagbag.py:532} INFO - Filling up the DagBag from /home/airflow/.local/lib/python3.7/site-packages/airflow/example_dags/example_latest_only.py
[2023-04-23T11:57:05.525+0000] {processor.py:753} INFO - DAG(s) dict_keys(['latest_only']) retrieved from /home/airflow/.local/lib/python3.7/site-packages/airflow/example_dags/example_latest_only.py
[2023-04-23T11:57:05.544+0000] {logging_mixin.py:137} INFO - [2023-04-23T11:57:05.544+0000] {dag.py:2705} INFO - Sync 1 DAGs
[2023-04-23T11:57:05.564+0000] {logging_mixin.py:137} INFO - [2023-04-23T11:57:05.564+0000] {dag.py:3456} INFO - Setting next_dagrun for latest_only to 2023-04-23T07:57:05.564497+00:00, run_after=2023-04-23T11:57:05.564497+00:00
[2023-04-23T11:57:05.582+0000] {processor.py:175} INFO - Processing /home/airflow/.local/lib/python3.7/site-packages/airflow/example_dags/example_latest_only.py took 0.089 seconds
[2023-04-23T11:58:50.403+0000] {processor.py:153} INFO - Started process (PID=45) to work on /home/airflow/.local/lib/python3.7/site-packages/airflow/example_dags/example_latest_only.py
[2023-04-23T11:58:50.414+0000] {processor.py:743} INFO - Processing file /home/airflow/.local/lib/python3.7/site-packages/airflow/example_dags/example_latest_only.py for tasks to queue
[2023-04-23T11:58:50.417+0000] {logging_mixin.py:137} INFO - [2023-04-23T11:58:50.417+0000] {dagbag.py:532} INFO - Filling up the DagBag from /home/airflow/.local/lib/python3.7/site-packages/airflow/example_dags/example_latest_only.py
[2023-04-23T11:58:51.837+0000] {processor.py:753} INFO - DAG(s) dict_keys(['latest_only']) retrieved from /home/airflow/.local/lib/python3.7/site-packages/airflow/example_dags/example_latest_only.py
[2023-04-23T12:02:06.053+0000] {processor.py:153} INFO - Started process (PID=44) to work on /home/airflow/.local/lib/python3.7/site-packages/airflow/example_dags/example_latest_only.py
[2023-04-23T12:02:06.645+0000] {processor.py:743} INFO - Processing file /home/airflow/.local/lib/python3.7/site-packages/airflow/example_dags/example_latest_only.py for tasks to queue
[2023-04-23T12:02:06.705+0000] {logging_mixin.py:137} INFO - [2023-04-23T12:02:06.685+0000] {dagbag.py:532} INFO - Filling up the DagBag from /home/airflow/.local/lib/python3.7/site-packages/airflow/example_dags/example_latest_only.py
[2023-04-23T12:02:38.570+0000] {processor.py:153} INFO - Started process (PID=43) to work on /home/airflow/.local/lib/python3.7/site-packages/airflow/example_dags/example_latest_only.py
[2023-04-23T12:02:38.572+0000] {processor.py:743} INFO - Processing file /home/airflow/.local/lib/python3.7/site-packages/airflow/example_dags/example_latest_only.py for tasks to queue
[2023-04-23T12:02:38.577+0000] {logging_mixin.py:137} INFO - [2023-04-23T12:02:38.575+0000] {dagbag.py:532} INFO - Filling up the DagBag from /home/airflow/.local/lib/python3.7/site-packages/airflow/example_dags/example_latest_only.py
[2023-04-23T12:02:38.639+0000] {processor.py:753} INFO - DAG(s) dict_keys(['latest_only']) retrieved from /home/airflow/.local/lib/python3.7/site-packages/airflow/example_dags/example_latest_only.py
[2023-04-23T12:02:38.730+0000] {logging_mixin.py:137} INFO - [2023-04-23T12:02:38.730+0000] {dag.py:2705} INFO - Sync 1 DAGs
[2023-04-23T12:02:38.778+0000] {logging_mixin.py:137} INFO - [2023-04-23T12:02:38.763+0000] {dag.py:3456} INFO - Setting next_dagrun for latest_only to 2023-04-23T08:02:38.763435+00:00, run_after=2023-04-23T12:02:38.763435+00:00
[2023-04-23T12:02:39.104+0000] {processor.py:175} INFO - Processing /home/airflow/.local/lib/python3.7/site-packages/airflow/example_dags/example_latest_only.py took 0.543 seconds
[2023-04-23T12:03:04.969+0000] {processor.py:153} INFO - Started process (PID=43) to work on /home/airflow/.local/lib/python3.7/site-packages/airflow/example_dags/example_latest_only.py
[2023-04-23T12:03:04.970+0000] {processor.py:743} INFO - Processing file /home/airflow/.local/lib/python3.7/site-packages/airflow/example_dags/example_latest_only.py for tasks to queue
[2023-04-23T12:03:04.971+0000] {logging_mixin.py:137} INFO - [2023-04-23T12:03:04.971+0000] {dagbag.py:532} INFO - Filling up the DagBag from /home/airflow/.local/lib/python3.7/site-packages/airflow/example_dags/example_latest_only.py
[2023-04-23T12:03:04.984+0000] {processor.py:753} INFO - DAG(s) dict_keys(['latest_only']) retrieved from /home/airflow/.local/lib/python3.7/site-packages/airflow/example_dags/example_latest_only.py
[2023-04-23T12:03:05.002+0000] {logging_mixin.py:137} INFO - [2023-04-23T12:03:05.002+0000] {dag.py:2705} INFO - Sync 1 DAGs
[2023-04-23T12:03:05.034+0000] {logging_mixin.py:137} INFO - [2023-04-23T12:03:05.034+0000] {dag.py:3456} INFO - Setting next_dagrun for latest_only to 2023-04-23T08:03:05.034015+00:00, run_after=2023-04-23T12:03:05.034015+00:00
[2023-04-23T12:03:05.065+0000] {processor.py:175} INFO - Processing /home/airflow/.local/lib/python3.7/site-packages/airflow/example_dags/example_latest_only.py took 0.101 seconds
[2023-04-23T12:03:26.569+0000] {processor.py:153} INFO - Started process (PID=98) to work on /home/airflow/.local/lib/python3.7/site-packages/airflow/example_dags/example_latest_only.py
[2023-04-23T12:03:26.584+0000] {processor.py:743} INFO - Processing file /home/airflow/.local/lib/python3.7/site-packages/airflow/example_dags/example_latest_only.py for tasks to queue
[2023-04-23T12:03:26.586+0000] {logging_mixin.py:137} INFO - [2023-04-23T12:03:26.586+0000] {dagbag.py:532} INFO - Filling up the DagBag from /home/airflow/.local/lib/python3.7/site-packages/airflow/example_dags/example_latest_only.py
[2023-04-23T12:03:26.757+0000] {processor.py:753} INFO - DAG(s) dict_keys(['latest_only']) retrieved from /home/airflow/.local/lib/python3.7/site-packages/airflow/example_dags/example_latest_only.py
[2023-04-23T12:03:27.020+0000] {logging_mixin.py:137} INFO - [2023-04-23T12:03:27.016+0000] {dag.py:2705} INFO - Sync 1 DAGs
[2023-04-23T12:04:40.848+0000] {processor.py:153} INFO - Started process (PID=139) to work on /home/airflow/.local/lib/python3.7/site-packages/airflow/example_dags/example_latest_only.py
[2023-04-23T12:05:36.416+0000] {processor.py:153} INFO - Started process (PID=44) to work on /home/airflow/.local/lib/python3.7/site-packages/airflow/example_dags/example_latest_only.py
[2023-04-23T12:05:36.419+0000] {processor.py:743} INFO - Processing file /home/airflow/.local/lib/python3.7/site-packages/airflow/example_dags/example_latest_only.py for tasks to queue
[2023-04-23T12:05:36.420+0000] {logging_mixin.py:137} INFO - [2023-04-23T12:05:36.420+0000] {dagbag.py:532} INFO - Filling up the DagBag from /home/airflow/.local/lib/python3.7/site-packages/airflow/example_dags/example_latest_only.py
[2023-04-23T12:05:36.464+0000] {processor.py:753} INFO - DAG(s) dict_keys(['latest_only']) retrieved from /home/airflow/.local/lib/python3.7/site-packages/airflow/example_dags/example_latest_only.py
[2023-04-23T12:05:36.535+0000] {logging_mixin.py:137} INFO - [2023-04-23T12:05:36.535+0000] {dag.py:2705} INFO - Sync 1 DAGs
[2023-04-23T12:05:36.578+0000] {logging_mixin.py:137} INFO - [2023-04-23T12:05:36.575+0000] {dag.py:3456} INFO - Setting next_dagrun for latest_only to 2023-04-23T08:05:36.570883+00:00, run_after=2023-04-23T12:05:36.570883+00:00
[2023-04-23T12:05:37.064+0000] {processor.py:175} INFO - Processing /home/airflow/.local/lib/python3.7/site-packages/airflow/example_dags/example_latest_only.py took 0.661 seconds
[2023-04-23T12:08:26.883+0000] {processor.py:153} INFO - Started process (PID=43) to work on /home/airflow/.local/lib/python3.7/site-packages/airflow/example_dags/example_latest_only.py
[2023-04-23T12:08:26.890+0000] {processor.py:743} INFO - Processing file /home/airflow/.local/lib/python3.7/site-packages/airflow/example_dags/example_latest_only.py for tasks to queue
[2023-04-23T12:08:26.896+0000] {logging_mixin.py:137} INFO - [2023-04-23T12:08:26.896+0000] {dagbag.py:532} INFO - Filling up the DagBag from /home/airflow/.local/lib/python3.7/site-packages/airflow/example_dags/example_latest_only.py
[2023-04-23T12:08:27.005+0000] {processor.py:753} INFO - DAG(s) dict_keys(['latest_only']) retrieved from /home/airflow/.local/lib/python3.7/site-packages/airflow/example_dags/example_latest_only.py
[2023-04-23T12:08:27.343+0000] {logging_mixin.py:137} INFO - [2023-04-23T12:08:27.340+0000] {dag.py:2705} INFO - Sync 1 DAGs
[2023-04-23T12:08:27.858+0000] {logging_mixin.py:137} INFO - [2023-04-23T12:08:27.857+0000] {dag.py:3456} INFO - Setting next_dagrun for latest_only to 2023-04-23T08:08:27.855354+00:00, run_after=2023-04-23T12:08:27.855354+00:00
[2023-04-23T12:08:33.622+0000] {processor.py:175} INFO - Processing /home/airflow/.local/lib/python3.7/site-packages/airflow/example_dags/example_latest_only.py took 6.747 seconds
[2023-04-23T12:10:06.991+0000] {processor.py:153} INFO - Started process (PID=50) to work on /home/airflow/.local/lib/python3.7/site-packages/airflow/example_dags/example_latest_only.py
[2023-04-23T12:10:06.998+0000] {processor.py:743} INFO - Processing file /home/airflow/.local/lib/python3.7/site-packages/airflow/example_dags/example_latest_only.py for tasks to queue
[2023-04-23T12:10:07.000+0000] {logging_mixin.py:137} INFO - [2023-04-23T12:10:07.000+0000] {dagbag.py:532} INFO - Filling up the DagBag from /home/airflow/.local/lib/python3.7/site-packages/airflow/example_dags/example_latest_only.py
[2023-04-23T12:10:07.150+0000] {processor.py:753} INFO - DAG(s) dict_keys(['latest_only']) retrieved from /home/airflow/.local/lib/python3.7/site-packages/airflow/example_dags/example_latest_only.py
[2023-04-23T12:10:07.246+0000] {logging_mixin.py:137} INFO - [2023-04-23T12:10:07.245+0000] {dag.py:2705} INFO - Sync 1 DAGs
[2023-04-23T12:10:07.336+0000] {logging_mixin.py:137} INFO - [2023-04-23T12:10:07.336+0000] {dag.py:3456} INFO - Setting next_dagrun for latest_only to 2023-04-23T08:10:07.335825+00:00, run_after=2023-04-23T12:10:07.335825+00:00
[2023-04-23T12:10:07.350+0000] {processor.py:175} INFO - Processing /home/airflow/.local/lib/python3.7/site-packages/airflow/example_dags/example_latest_only.py took 0.390 seconds
[2023-04-23T12:10:53.012+0000] {processor.py:153} INFO - Started process (PID=43) to work on /home/airflow/.local/lib/python3.7/site-packages/airflow/example_dags/example_latest_only.py
[2023-04-23T12:10:53.015+0000] {processor.py:743} INFO - Processing file /home/airflow/.local/lib/python3.7/site-packages/airflow/example_dags/example_latest_only.py for tasks to queue
[2023-04-23T12:10:53.016+0000] {logging_mixin.py:137} INFO - [2023-04-23T12:10:53.016+0000] {dagbag.py:532} INFO - Filling up the DagBag from /home/airflow/.local/lib/python3.7/site-packages/airflow/example_dags/example_latest_only.py
[2023-04-23T12:10:53.104+0000] {processor.py:753} INFO - DAG(s) dict_keys(['latest_only']) retrieved from /home/airflow/.local/lib/python3.7/site-packages/airflow/example_dags/example_latest_only.py
[2023-04-23T12:10:53.180+0000] {logging_mixin.py:137} INFO - [2023-04-23T12:10:53.180+0000] {dag.py:2705} INFO - Sync 1 DAGs
[2023-04-23T12:10:53.264+0000] {logging_mixin.py:137} INFO - [2023-04-23T12:10:53.263+0000] {dag.py:3456} INFO - Setting next_dagrun for latest_only to 2023-04-23T08:10:53.254561+00:00, run_after=2023-04-23T12:10:53.254561+00:00
[2023-04-23T12:10:53.315+0000] {processor.py:175} INFO - Processing /home/airflow/.local/lib/python3.7/site-packages/airflow/example_dags/example_latest_only.py took 0.319 seconds
[2023-04-23T12:12:43.070+0000] {processor.py:153} INFO - Started process (PID=43) to work on /home/airflow/.local/lib/python3.7/site-packages/airflow/example_dags/example_latest_only.py
[2023-04-23T12:12:43.071+0000] {processor.py:743} INFO - Processing file /home/airflow/.local/lib/python3.7/site-packages/airflow/example_dags/example_latest_only.py for tasks to queue
[2023-04-23T12:12:43.072+0000] {logging_mixin.py:137} INFO - [2023-04-23T12:12:43.072+0000] {dagbag.py:532} INFO - Filling up the DagBag from /home/airflow/.local/lib/python3.7/site-packages/airflow/example_dags/example_latest_only.py
[2023-04-23T12:12:43.132+0000] {processor.py:753} INFO - DAG(s) dict_keys(['latest_only']) retrieved from /home/airflow/.local/lib/python3.7/site-packages/airflow/example_dags/example_latest_only.py
[2023-04-23T12:12:43.277+0000] {logging_mixin.py:137} INFO - [2023-04-23T12:12:43.277+0000] {dag.py:2705} INFO - Sync 1 DAGs
[2023-04-23T12:12:43.385+0000] {logging_mixin.py:137} INFO - [2023-04-23T12:12:43.376+0000] {dag.py:3456} INFO - Setting next_dagrun for latest_only to 2023-04-23T08:12:43.375844+00:00, run_after=2023-04-23T12:12:43.375844+00:00
[2023-04-23T12:12:43.472+0000] {processor.py:175} INFO - Processing /home/airflow/.local/lib/python3.7/site-packages/airflow/example_dags/example_latest_only.py took 0.411 seconds
[2023-04-23T12:14:15.245+0000] {processor.py:153} INFO - Started process (PID=43) to work on /home/airflow/.local/lib/python3.7/site-packages/airflow/example_dags/example_latest_only.py
[2023-04-23T12:14:15.246+0000] {processor.py:743} INFO - Processing file /home/airflow/.local/lib/python3.7/site-packages/airflow/example_dags/example_latest_only.py for tasks to queue
[2023-04-23T12:14:15.248+0000] {logging_mixin.py:137} INFO - [2023-04-23T12:14:15.248+0000] {dagbag.py:532} INFO - Filling up the DagBag from /home/airflow/.local/lib/python3.7/site-packages/airflow/example_dags/example_latest_only.py
[2023-04-23T12:14:15.293+0000] {processor.py:753} INFO - DAG(s) dict_keys(['latest_only']) retrieved from /home/airflow/.local/lib/python3.7/site-packages/airflow/example_dags/example_latest_only.py
[2023-04-23T12:14:15.330+0000] {logging_mixin.py:137} INFO - [2023-04-23T12:14:15.330+0000] {dag.py:2705} INFO - Sync 1 DAGs
[2023-04-23T12:14:15.351+0000] {logging_mixin.py:137} INFO - [2023-04-23T12:14:15.351+0000] {dag.py:3456} INFO - Setting next_dagrun for latest_only to 2023-04-23T08:14:15.351104+00:00, run_after=2023-04-23T12:14:15.351104+00:00
[2023-04-23T12:14:15.366+0000] {processor.py:175} INFO - Processing /home/airflow/.local/lib/python3.7/site-packages/airflow/example_dags/example_latest_only.py took 0.123 seconds
[2023-04-23T12:15:16.636+0000] {processor.py:153} INFO - Started process (PID=45) to work on /home/airflow/.local/lib/python3.7/site-packages/airflow/example_dags/example_latest_only.py
[2023-04-23T12:15:16.637+0000] {processor.py:743} INFO - Processing file /home/airflow/.local/lib/python3.7/site-packages/airflow/example_dags/example_latest_only.py for tasks to queue
[2023-04-23T12:15:16.638+0000] {logging_mixin.py:137} INFO - [2023-04-23T12:15:16.637+0000] {dagbag.py:532} INFO - Filling up the DagBag from /home/airflow/.local/lib/python3.7/site-packages/airflow/example_dags/example_latest_only.py
[2023-04-23T12:15:16.664+0000] {processor.py:753} INFO - DAG(s) dict_keys(['latest_only']) retrieved from /home/airflow/.local/lib/python3.7/site-packages/airflow/example_dags/example_latest_only.py
[2023-04-23T12:15:16.705+0000] {logging_mixin.py:137} INFO - [2023-04-23T12:15:16.705+0000] {dag.py:2705} INFO - Sync 1 DAGs
[2023-04-23T12:15:16.739+0000] {logging_mixin.py:137} INFO - [2023-04-23T12:15:16.739+0000] {dag.py:3456} INFO - Setting next_dagrun for latest_only to 2023-04-23T08:15:16.739537+00:00, run_after=2023-04-23T12:15:16.739537+00:00
[2023-04-23T12:15:16.788+0000] {processor.py:175} INFO - Processing /home/airflow/.local/lib/python3.7/site-packages/airflow/example_dags/example_latest_only.py took 0.163 seconds
[2023-04-23T12:16:01.635+0000] {processor.py:153} INFO - Started process (PID=52) to work on /home/airflow/.local/lib/python3.7/site-packages/airflow/example_dags/example_latest_only.py
[2023-04-23T12:16:01.636+0000] {processor.py:743} INFO - Processing file /home/airflow/.local/lib/python3.7/site-packages/airflow/example_dags/example_latest_only.py for tasks to queue
[2023-04-23T12:16:01.642+0000] {logging_mixin.py:137} INFO - [2023-04-23T12:16:01.639+0000] {dagbag.py:532} INFO - Filling up the DagBag from /home/airflow/.local/lib/python3.7/site-packages/airflow/example_dags/example_latest_only.py
[2023-04-23T12:16:01.707+0000] {processor.py:753} INFO - DAG(s) dict_keys(['latest_only']) retrieved from /home/airflow/.local/lib/python3.7/site-packages/airflow/example_dags/example_latest_only.py
[2023-04-23T12:16:01.753+0000] {logging_mixin.py:137} INFO - [2023-04-23T12:16:01.753+0000] {dag.py:2705} INFO - Sync 1 DAGs
[2023-04-23T12:16:01.826+0000] {logging_mixin.py:137} INFO - [2023-04-23T12:16:01.825+0000] {dag.py:3456} INFO - Setting next_dagrun for latest_only to 2023-04-23T08:16:01.825143+00:00, run_after=2023-04-23T12:16:01.825143+00:00
[2023-04-23T12:16:01.862+0000] {processor.py:175} INFO - Processing /home/airflow/.local/lib/python3.7/site-packages/airflow/example_dags/example_latest_only.py took 0.250 seconds
[2023-04-23T12:16:34.712+0000] {processor.py:153} INFO - Started process (PID=43) to work on /home/airflow/.local/lib/python3.7/site-packages/airflow/example_dags/example_latest_only.py
[2023-04-23T12:16:34.713+0000] {processor.py:743} INFO - Processing file /home/airflow/.local/lib/python3.7/site-packages/airflow/example_dags/example_latest_only.py for tasks to queue
[2023-04-23T12:16:34.718+0000] {logging_mixin.py:137} INFO - [2023-04-23T12:16:34.718+0000] {dagbag.py:532} INFO - Filling up the DagBag from /home/airflow/.local/lib/python3.7/site-packages/airflow/example_dags/example_latest_only.py
[2023-04-23T12:16:34.742+0000] {processor.py:753} INFO - DAG(s) dict_keys(['latest_only']) retrieved from /home/airflow/.local/lib/python3.7/site-packages/airflow/example_dags/example_latest_only.py
[2023-04-23T12:16:34.769+0000] {logging_mixin.py:137} INFO - [2023-04-23T12:16:34.769+0000] {dag.py:2705} INFO - Sync 1 DAGs
[2023-04-23T12:16:34.885+0000] {logging_mixin.py:137} INFO - [2023-04-23T12:16:34.885+0000] {dag.py:3456} INFO - Setting next_dagrun for latest_only to 2023-04-23T08:16:34.885325+00:00, run_after=2023-04-23T12:16:34.885325+00:00
[2023-04-23T12:16:34.912+0000] {processor.py:175} INFO - Processing /home/airflow/.local/lib/python3.7/site-packages/airflow/example_dags/example_latest_only.py took 0.203 seconds
[2023-04-23T12:17:10.844+0000] {processor.py:153} INFO - Started process (PID=43) to work on /home/airflow/.local/lib/python3.7/site-packages/airflow/example_dags/example_latest_only.py
[2023-04-23T12:17:10.844+0000] {processor.py:743} INFO - Processing file /home/airflow/.local/lib/python3.7/site-packages/airflow/example_dags/example_latest_only.py for tasks to queue
[2023-04-23T12:17:10.845+0000] {logging_mixin.py:137} INFO - [2023-04-23T12:17:10.845+0000] {dagbag.py:532} INFO - Filling up the DagBag from /home/airflow/.local/lib/python3.7/site-packages/airflow/example_dags/example_latest_only.py
[2023-04-23T12:17:10.862+0000] {processor.py:753} INFO - DAG(s) dict_keys(['latest_only']) retrieved from /home/airflow/.local/lib/python3.7/site-packages/airflow/example_dags/example_latest_only.py
[2023-04-23T12:17:10.937+0000] {logging_mixin.py:137} INFO - [2023-04-23T12:17:10.937+0000] {dag.py:2705} INFO - Sync 1 DAGs
[2023-04-23T12:17:10.987+0000] {logging_mixin.py:137} INFO - [2023-04-23T12:17:10.987+0000] {dag.py:3456} INFO - Setting next_dagrun for latest_only to 2023-04-23T08:17:10.987498+00:00, run_after=2023-04-23T12:17:10.987498+00:00
[2023-04-23T12:17:11.025+0000] {processor.py:175} INFO - Processing /home/airflow/.local/lib/python3.7/site-packages/airflow/example_dags/example_latest_only.py took 0.186 seconds
[2023-04-23T12:17:58.072+0000] {processor.py:153} INFO - Started process (PID=43) to work on /home/airflow/.local/lib/python3.7/site-packages/airflow/example_dags/example_latest_only.py
[2023-04-23T12:17:58.073+0000] {processor.py:743} INFO - Processing file /home/airflow/.local/lib/python3.7/site-packages/airflow/example_dags/example_latest_only.py for tasks to queue
[2023-04-23T12:17:58.074+0000] {logging_mixin.py:137} INFO - [2023-04-23T12:17:58.073+0000] {dagbag.py:532} INFO - Filling up the DagBag from /home/airflow/.local/lib/python3.7/site-packages/airflow/example_dags/example_latest_only.py
[2023-04-23T12:17:58.092+0000] {processor.py:753} INFO - DAG(s) dict_keys(['latest_only']) retrieved from /home/airflow/.local/lib/python3.7/site-packages/airflow/example_dags/example_latest_only.py
[2023-04-23T12:17:58.116+0000] {logging_mixin.py:137} INFO - [2023-04-23T12:17:58.116+0000] {dag.py:2705} INFO - Sync 1 DAGs
[2023-04-23T12:17:58.136+0000] {logging_mixin.py:137} INFO - [2023-04-23T12:17:58.136+0000] {dag.py:3456} INFO - Setting next_dagrun for latest_only to 2023-04-23T08:17:58.136459+00:00, run_after=2023-04-23T12:17:58.136459+00:00
[2023-04-23T12:17:58.151+0000] {processor.py:175} INFO - Processing /home/airflow/.local/lib/python3.7/site-packages/airflow/example_dags/example_latest_only.py took 0.082 seconds
[2023-04-23T12:18:51.810+0000] {processor.py:153} INFO - Started process (PID=43) to work on /home/airflow/.local/lib/python3.7/site-packages/airflow/example_dags/example_latest_only.py
[2023-04-23T12:18:51.813+0000] {processor.py:743} INFO - Processing file /home/airflow/.local/lib/python3.7/site-packages/airflow/example_dags/example_latest_only.py for tasks to queue
[2023-04-23T12:18:51.816+0000] {logging_mixin.py:137} INFO - [2023-04-23T12:18:51.815+0000] {dagbag.py:532} INFO - Filling up the DagBag from /home/airflow/.local/lib/python3.7/site-packages/airflow/example_dags/example_latest_only.py
[2023-04-23T12:18:51.871+0000] {processor.py:753} INFO - DAG(s) dict_keys(['latest_only']) retrieved from /home/airflow/.local/lib/python3.7/site-packages/airflow/example_dags/example_latest_only.py
[2023-04-23T12:18:51.893+0000] {logging_mixin.py:137} INFO - [2023-04-23T12:18:51.893+0000] {dag.py:2705} INFO - Sync 1 DAGs
[2023-04-23T12:18:51.913+0000] {logging_mixin.py:137} INFO - [2023-04-23T12:18:51.913+0000] {dag.py:3456} INFO - Setting next_dagrun for latest_only to 2023-04-23T08:18:51.913405+00:00, run_after=2023-04-23T12:18:51.913405+00:00
[2023-04-23T12:18:51.930+0000] {processor.py:175} INFO - Processing /home/airflow/.local/lib/python3.7/site-packages/airflow/example_dags/example_latest_only.py took 0.122 seconds
[2023-04-23T12:19:23.014+0000] {processor.py:153} INFO - Started process (PID=96) to work on /home/airflow/.local/lib/python3.7/site-packages/airflow/example_dags/example_latest_only.py
[2023-04-23T12:19:23.016+0000] {processor.py:743} INFO - Processing file /home/airflow/.local/lib/python3.7/site-packages/airflow/example_dags/example_latest_only.py for tasks to queue
[2023-04-23T12:19:23.017+0000] {logging_mixin.py:137} INFO - [2023-04-23T12:19:23.016+0000] {dagbag.py:532} INFO - Filling up the DagBag from /home/airflow/.local/lib/python3.7/site-packages/airflow/example_dags/example_latest_only.py
[2023-04-23T12:19:23.068+0000] {processor.py:753} INFO - DAG(s) dict_keys(['latest_only']) retrieved from /home/airflow/.local/lib/python3.7/site-packages/airflow/example_dags/example_latest_only.py
[2023-04-23T12:19:23.664+0000] {logging_mixin.py:137} INFO - [2023-04-23T12:19:23.649+0000] {dag.py:2705} INFO - Sync 1 DAGs
[2023-04-23T12:19:47.851+0000] {processor.py:153} INFO - Started process (PID=43) to work on /home/airflow/.local/lib/python3.7/site-packages/airflow/example_dags/example_latest_only.py
[2023-04-23T12:19:47.852+0000] {processor.py:743} INFO - Processing file /home/airflow/.local/lib/python3.7/site-packages/airflow/example_dags/example_latest_only.py for tasks to queue
[2023-04-23T12:19:47.860+0000] {logging_mixin.py:137} INFO - [2023-04-23T12:19:47.860+0000] {dagbag.py:532} INFO - Filling up the DagBag from /home/airflow/.local/lib/python3.7/site-packages/airflow/example_dags/example_latest_only.py
[2023-04-23T12:19:47.955+0000] {processor.py:753} INFO - DAG(s) dict_keys(['latest_only']) retrieved from /home/airflow/.local/lib/python3.7/site-packages/airflow/example_dags/example_latest_only.py
[2023-04-23T12:19:48.037+0000] {logging_mixin.py:137} INFO - [2023-04-23T12:19:48.037+0000] {dag.py:2705} INFO - Sync 1 DAGs
[2023-04-23T12:19:48.114+0000] {logging_mixin.py:137} INFO - [2023-04-23T12:19:48.114+0000] {dag.py:3456} INFO - Setting next_dagrun for latest_only to 2023-04-23T08:19:48.111978+00:00, run_after=2023-04-23T12:19:48.111978+00:00
[2023-04-23T12:19:48.138+0000] {processor.py:175} INFO - Processing /home/airflow/.local/lib/python3.7/site-packages/airflow/example_dags/example_latest_only.py took 0.314 seconds
[2023-04-23T12:21:04.321+0000] {processor.py:153} INFO - Started process (PID=43) to work on /home/airflow/.local/lib/python3.7/site-packages/airflow/example_dags/example_latest_only.py
[2023-04-23T12:21:04.321+0000] {processor.py:743} INFO - Processing file /home/airflow/.local/lib/python3.7/site-packages/airflow/example_dags/example_latest_only.py for tasks to queue
[2023-04-23T12:21:04.327+0000] {logging_mixin.py:137} INFO - [2023-04-23T12:21:04.327+0000] {dagbag.py:532} INFO - Filling up the DagBag from /home/airflow/.local/lib/python3.7/site-packages/airflow/example_dags/example_latest_only.py
[2023-04-23T12:21:04.371+0000] {processor.py:753} INFO - DAG(s) dict_keys(['latest_only']) retrieved from /home/airflow/.local/lib/python3.7/site-packages/airflow/example_dags/example_latest_only.py
[2023-04-23T12:21:04.442+0000] {logging_mixin.py:137} INFO - [2023-04-23T12:21:04.442+0000] {dag.py:2705} INFO - Sync 1 DAGs
[2023-04-23T12:21:04.510+0000] {logging_mixin.py:137} INFO - [2023-04-23T12:21:04.510+0000] {dag.py:3456} INFO - Setting next_dagrun for latest_only to 2023-04-23T08:21:04.510577+00:00, run_after=2023-04-23T12:21:04.510577+00:00
[2023-04-23T12:21:04.547+0000] {processor.py:175} INFO - Processing /home/airflow/.local/lib/python3.7/site-packages/airflow/example_dags/example_latest_only.py took 0.233 seconds
[2023-04-23T12:21:42.811+0000] {processor.py:153} INFO - Started process (PID=43) to work on /home/airflow/.local/lib/python3.7/site-packages/airflow/example_dags/example_latest_only.py
[2023-04-23T12:21:42.812+0000] {processor.py:743} INFO - Processing file /home/airflow/.local/lib/python3.7/site-packages/airflow/example_dags/example_latest_only.py for tasks to queue
[2023-04-23T12:21:42.813+0000] {logging_mixin.py:137} INFO - [2023-04-23T12:21:42.813+0000] {dagbag.py:532} INFO - Filling up the DagBag from /home/airflow/.local/lib/python3.7/site-packages/airflow/example_dags/example_latest_only.py
[2023-04-23T12:21:42.880+0000] {processor.py:753} INFO - DAG(s) dict_keys(['latest_only']) retrieved from /home/airflow/.local/lib/python3.7/site-packages/airflow/example_dags/example_latest_only.py
[2023-04-23T12:21:42.944+0000] {logging_mixin.py:137} INFO - [2023-04-23T12:21:42.944+0000] {dag.py:2705} INFO - Sync 1 DAGs
[2023-04-23T12:21:42.995+0000] {logging_mixin.py:137} INFO - [2023-04-23T12:21:42.994+0000] {dag.py:3456} INFO - Setting next_dagrun for latest_only to 2023-04-23T08:21:42.988244+00:00, run_after=2023-04-23T12:21:42.988244+00:00
[2023-04-23T12:21:43.020+0000] {processor.py:175} INFO - Processing /home/airflow/.local/lib/python3.7/site-packages/airflow/example_dags/example_latest_only.py took 0.215 seconds
[2023-04-23T12:23:25.892+0000] {processor.py:153} INFO - Started process (PID=43) to work on /home/airflow/.local/lib/python3.7/site-packages/airflow/example_dags/example_latest_only.py
[2023-04-23T12:23:25.893+0000] {processor.py:743} INFO - Processing file /home/airflow/.local/lib/python3.7/site-packages/airflow/example_dags/example_latest_only.py for tasks to queue
[2023-04-23T12:23:25.894+0000] {logging_mixin.py:137} INFO - [2023-04-23T12:23:25.894+0000] {dagbag.py:532} INFO - Filling up the DagBag from /home/airflow/.local/lib/python3.7/site-packages/airflow/example_dags/example_latest_only.py
[2023-04-23T12:23:25.935+0000] {processor.py:753} INFO - DAG(s) dict_keys(['latest_only']) retrieved from /home/airflow/.local/lib/python3.7/site-packages/airflow/example_dags/example_latest_only.py
[2023-04-23T12:23:26.092+0000] {logging_mixin.py:137} INFO - [2023-04-23T12:23:26.092+0000] {dag.py:2705} INFO - Sync 1 DAGs
[2023-04-23T12:23:26.170+0000] {logging_mixin.py:137} INFO - [2023-04-23T12:23:26.170+0000] {dag.py:3456} INFO - Setting next_dagrun for latest_only to 2023-04-23T08:23:26.169866+00:00, run_after=2023-04-23T12:23:26.169866+00:00
[2023-04-23T12:23:26.241+0000] {processor.py:175} INFO - Processing /home/airflow/.local/lib/python3.7/site-packages/airflow/example_dags/example_latest_only.py took 0.352 seconds
[2023-04-23T12:24:06.965+0000] {processor.py:153} INFO - Started process (PID=43) to work on /home/airflow/.local/lib/python3.7/site-packages/airflow/example_dags/example_latest_only.py
[2023-04-23T12:24:06.971+0000] {processor.py:743} INFO - Processing file /home/airflow/.local/lib/python3.7/site-packages/airflow/example_dags/example_latest_only.py for tasks to queue
[2023-04-23T12:24:06.972+0000] {logging_mixin.py:137} INFO - [2023-04-23T12:24:06.972+0000] {dagbag.py:532} INFO - Filling up the DagBag from /home/airflow/.local/lib/python3.7/site-packages/airflow/example_dags/example_latest_only.py
[2023-04-23T12:24:07.012+0000] {processor.py:753} INFO - DAG(s) dict_keys(['latest_only']) retrieved from /home/airflow/.local/lib/python3.7/site-packages/airflow/example_dags/example_latest_only.py
[2023-04-23T12:24:07.045+0000] {logging_mixin.py:137} INFO - [2023-04-23T12:24:07.045+0000] {dag.py:2705} INFO - Sync 1 DAGs
[2023-04-23T12:24:07.072+0000] {logging_mixin.py:137} INFO - [2023-04-23T12:24:07.072+0000] {dag.py:3456} INFO - Setting next_dagrun for latest_only to 2023-04-23T08:24:07.072266+00:00, run_after=2023-04-23T12:24:07.072266+00:00
[2023-04-23T12:24:07.106+0000] {processor.py:175} INFO - Processing /home/airflow/.local/lib/python3.7/site-packages/airflow/example_dags/example_latest_only.py took 0.145 seconds
[2023-04-23T12:25:33.750+0000] {processor.py:153} INFO - Started process (PID=43) to work on /home/airflow/.local/lib/python3.7/site-packages/airflow/example_dags/example_latest_only.py
[2023-04-23T12:25:33.754+0000] {processor.py:743} INFO - Processing file /home/airflow/.local/lib/python3.7/site-packages/airflow/example_dags/example_latest_only.py for tasks to queue
[2023-04-23T12:25:33.755+0000] {logging_mixin.py:137} INFO - [2023-04-23T12:25:33.755+0000] {dagbag.py:532} INFO - Filling up the DagBag from /home/airflow/.local/lib/python3.7/site-packages/airflow/example_dags/example_latest_only.py
[2023-04-23T12:25:33.787+0000] {processor.py:753} INFO - DAG(s) dict_keys(['latest_only']) retrieved from /home/airflow/.local/lib/python3.7/site-packages/airflow/example_dags/example_latest_only.py
[2023-04-23T12:25:33.834+0000] {logging_mixin.py:137} INFO - [2023-04-23T12:25:33.834+0000] {dag.py:2705} INFO - Sync 1 DAGs
[2023-04-23T12:25:33.899+0000] {logging_mixin.py:137} INFO - [2023-04-23T12:25:33.899+0000] {dag.py:3456} INFO - Setting next_dagrun for latest_only to 2023-04-23T08:25:33.899285+00:00, run_after=2023-04-23T12:25:33.899285+00:00
[2023-04-23T12:25:33.920+0000] {processor.py:175} INFO - Processing /home/airflow/.local/lib/python3.7/site-packages/airflow/example_dags/example_latest_only.py took 0.179 seconds
[2023-04-23T12:26:20.243+0000] {processor.py:153} INFO - Started process (PID=43) to work on /home/airflow/.local/lib/python3.7/site-packages/airflow/example_dags/example_latest_only.py
[2023-04-23T12:26:20.244+0000] {processor.py:743} INFO - Processing file /home/airflow/.local/lib/python3.7/site-packages/airflow/example_dags/example_latest_only.py for tasks to queue
[2023-04-23T12:26:20.245+0000] {logging_mixin.py:137} INFO - [2023-04-23T12:26:20.245+0000] {dagbag.py:532} INFO - Filling up the DagBag from /home/airflow/.local/lib/python3.7/site-packages/airflow/example_dags/example_latest_only.py
[2023-04-23T12:26:20.276+0000] {processor.py:753} INFO - DAG(s) dict_keys(['latest_only']) retrieved from /home/airflow/.local/lib/python3.7/site-packages/airflow/example_dags/example_latest_only.py
[2023-04-23T12:26:20.336+0000] {logging_mixin.py:137} INFO - [2023-04-23T12:26:20.335+0000] {dag.py:2705} INFO - Sync 1 DAGs
[2023-04-23T12:26:20.386+0000] {logging_mixin.py:137} INFO - [2023-04-23T12:26:20.385+0000] {dag.py:3456} INFO - Setting next_dagrun for latest_only to 2023-04-23T08:26:20.385725+00:00, run_after=2023-04-23T12:26:20.385725+00:00
[2023-04-23T12:26:20.425+0000] {processor.py:175} INFO - Processing /home/airflow/.local/lib/python3.7/site-packages/airflow/example_dags/example_latest_only.py took 0.195 seconds
[2023-04-23T12:27:39.673+0000] {processor.py:153} INFO - Started process (PID=45) to work on /home/airflow/.local/lib/python3.7/site-packages/airflow/example_dags/example_latest_only.py
[2023-04-23T12:27:39.678+0000] {processor.py:743} INFO - Processing file /home/airflow/.local/lib/python3.7/site-packages/airflow/example_dags/example_latest_only.py for tasks to queue
[2023-04-23T12:27:39.707+0000] {logging_mixin.py:137} INFO - [2023-04-23T12:27:39.690+0000] {dagbag.py:532} INFO - Filling up the DagBag from /home/airflow/.local/lib/python3.7/site-packages/airflow/example_dags/example_latest_only.py
[2023-04-23T12:27:41.076+0000] {processor.py:753} INFO - DAG(s) dict_keys(['latest_only']) retrieved from /home/airflow/.local/lib/python3.7/site-packages/airflow/example_dags/example_latest_only.py
[2023-04-23T12:54:15.558+0000] {processor.py:153} INFO - Started process (PID=44) to work on /home/airflow/.local/lib/python3.7/site-packages/airflow/example_dags/example_latest_only.py
[2023-04-23T12:54:15.559+0000] {processor.py:743} INFO - Processing file /home/airflow/.local/lib/python3.7/site-packages/airflow/example_dags/example_latest_only.py for tasks to queue
[2023-04-23T12:54:15.560+0000] {logging_mixin.py:137} INFO - [2023-04-23T12:54:15.560+0000] {dagbag.py:532} INFO - Filling up the DagBag from /home/airflow/.local/lib/python3.7/site-packages/airflow/example_dags/example_latest_only.py
[2023-04-23T12:54:15.608+0000] {processor.py:753} INFO - DAG(s) dict_keys(['latest_only']) retrieved from /home/airflow/.local/lib/python3.7/site-packages/airflow/example_dags/example_latest_only.py
[2023-04-23T12:54:15.647+0000] {logging_mixin.py:137} INFO - [2023-04-23T12:54:15.647+0000] {dag.py:2705} INFO - Sync 1 DAGs
[2023-04-23T12:54:15.695+0000] {logging_mixin.py:137} INFO - [2023-04-23T12:54:15.695+0000] {dag.py:3456} INFO - Setting next_dagrun for latest_only to 2023-04-23T08:54:15.695161+00:00, run_after=2023-04-23T12:54:15.695161+00:00
[2023-04-23T12:54:15.769+0000] {processor.py:175} INFO - Processing /home/airflow/.local/lib/python3.7/site-packages/airflow/example_dags/example_latest_only.py took 0.214 seconds
[2023-04-23T13:08:08.079+0000] {processor.py:153} INFO - Started process (PID=43) to work on /home/airflow/.local/lib/python3.7/site-packages/airflow/example_dags/example_latest_only.py
[2023-04-23T13:08:08.089+0000] {processor.py:743} INFO - Processing file /home/airflow/.local/lib/python3.7/site-packages/airflow/example_dags/example_latest_only.py for tasks to queue
[2023-04-23T13:08:08.091+0000] {logging_mixin.py:137} INFO - [2023-04-23T13:08:08.091+0000] {dagbag.py:532} INFO - Filling up the DagBag from /home/airflow/.local/lib/python3.7/site-packages/airflow/example_dags/example_latest_only.py
[2023-04-23T13:08:08.157+0000] {processor.py:753} INFO - DAG(s) dict_keys(['latest_only']) retrieved from /home/airflow/.local/lib/python3.7/site-packages/airflow/example_dags/example_latest_only.py
[2023-04-23T13:08:08.331+0000] {logging_mixin.py:137} INFO - [2023-04-23T13:08:08.330+0000] {dag.py:2705} INFO - Sync 1 DAGs
[2023-04-23T13:08:08.494+0000] {logging_mixin.py:137} INFO - [2023-04-23T13:08:08.492+0000] {dag.py:3456} INFO - Setting next_dagrun for latest_only to 2023-04-23T09:08:08.489785+00:00, run_after=2023-04-23T13:08:08.489785+00:00
[2023-04-23T13:08:08.590+0000] {processor.py:175} INFO - Processing /home/airflow/.local/lib/python3.7/site-packages/airflow/example_dags/example_latest_only.py took 0.513 seconds
[2023-04-23T13:42:03.043+0000] {processor.py:153} INFO - Started process (PID=45) to work on /home/airflow/.local/lib/python3.7/site-packages/airflow/example_dags/example_latest_only.py
[2023-04-23T13:42:03.048+0000] {processor.py:743} INFO - Processing file /home/airflow/.local/lib/python3.7/site-packages/airflow/example_dags/example_latest_only.py for tasks to queue
[2023-04-23T13:42:03.049+0000] {logging_mixin.py:137} INFO - [2023-04-23T13:42:03.049+0000] {dagbag.py:532} INFO - Filling up the DagBag from /home/airflow/.local/lib/python3.7/site-packages/airflow/example_dags/example_latest_only.py
[2023-04-23T13:42:03.310+0000] {processor.py:753} INFO - DAG(s) dict_keys(['latest_only']) retrieved from /home/airflow/.local/lib/python3.7/site-packages/airflow/example_dags/example_latest_only.py
[2023-04-23T13:42:19.455+0000] {processor.py:153} INFO - Started process (PID=43) to work on /home/airflow/.local/lib/python3.7/site-packages/airflow/example_dags/example_latest_only.py
[2023-04-23T13:42:19.463+0000] {processor.py:743} INFO - Processing file /home/airflow/.local/lib/python3.7/site-packages/airflow/example_dags/example_latest_only.py for tasks to queue
[2023-04-23T13:42:19.465+0000] {logging_mixin.py:137} INFO - [2023-04-23T13:42:19.465+0000] {dagbag.py:532} INFO - Filling up the DagBag from /home/airflow/.local/lib/python3.7/site-packages/airflow/example_dags/example_latest_only.py
[2023-04-23T13:42:19.531+0000] {processor.py:753} INFO - DAG(s) dict_keys(['latest_only']) retrieved from /home/airflow/.local/lib/python3.7/site-packages/airflow/example_dags/example_latest_only.py
[2023-04-23T13:42:19.676+0000] {logging_mixin.py:137} INFO - [2023-04-23T13:42:19.674+0000] {dag.py:2705} INFO - Sync 1 DAGs
[2023-04-23T13:42:19.843+0000] {logging_mixin.py:137} INFO - [2023-04-23T13:42:19.842+0000] {dag.py:3456} INFO - Setting next_dagrun for latest_only to 2023-04-23T09:42:19.840059+00:00, run_after=2023-04-23T13:42:19.840059+00:00
[2023-04-23T13:58:06.222+0000] {processor.py:175} INFO - Processing /home/airflow/.local/lib/python3.7/site-packages/airflow/example_dags/example_latest_only.py took 3.774 seconds
[2023-04-23T14:13:51.084+0000] {processor.py:153} INFO - Started process (PID=42) to work on /home/airflow/.local/lib/python3.7/site-packages/airflow/example_dags/example_latest_only.py
[2023-04-23T14:13:51.084+0000] {processor.py:743} INFO - Processing file /home/airflow/.local/lib/python3.7/site-packages/airflow/example_dags/example_latest_only.py for tasks to queue
[2023-04-23T14:13:51.085+0000] {logging_mixin.py:137} INFO - [2023-04-23T14:13:51.085+0000] {dagbag.py:532} INFO - Filling up the DagBag from /home/airflow/.local/lib/python3.7/site-packages/airflow/example_dags/example_latest_only.py
[2023-04-23T14:13:51.115+0000] {processor.py:753} INFO - DAG(s) dict_keys(['latest_only']) retrieved from /home/airflow/.local/lib/python3.7/site-packages/airflow/example_dags/example_latest_only.py
[2023-04-23T14:13:51.216+0000] {logging_mixin.py:137} INFO - [2023-04-23T14:13:51.216+0000] {dag.py:2705} INFO - Sync 1 DAGs
[2023-04-23T14:13:51.246+0000] {logging_mixin.py:137} INFO - [2023-04-23T14:13:51.246+0000] {dag.py:3456} INFO - Setting next_dagrun for latest_only to 2023-04-23T10:13:51.246714+00:00, run_after=2023-04-23T14:13:51.246714+00:00
[2023-04-23T14:13:51.261+0000] {processor.py:175} INFO - Processing /home/airflow/.local/lib/python3.7/site-packages/airflow/example_dags/example_latest_only.py took 0.181 seconds
[2023-04-23T14:29:53.644+0000] {processor.py:153} INFO - Started process (PID=43) to work on /home/airflow/.local/lib/python3.7/site-packages/airflow/example_dags/example_latest_only.py
[2023-04-23T14:29:53.646+0000] {processor.py:743} INFO - Processing file /home/airflow/.local/lib/python3.7/site-packages/airflow/example_dags/example_latest_only.py for tasks to queue
[2023-04-23T14:29:53.648+0000] {logging_mixin.py:137} INFO - [2023-04-23T14:29:53.648+0000] {dagbag.py:532} INFO - Filling up the DagBag from /home/airflow/.local/lib/python3.7/site-packages/airflow/example_dags/example_latest_only.py
[2023-04-23T14:29:53.685+0000] {processor.py:753} INFO - DAG(s) dict_keys(['latest_only']) retrieved from /home/airflow/.local/lib/python3.7/site-packages/airflow/example_dags/example_latest_only.py
[2023-04-23T14:29:53.734+0000] {logging_mixin.py:137} INFO - [2023-04-23T14:29:53.733+0000] {dag.py:2705} INFO - Sync 1 DAGs
[2023-04-23T14:29:53.799+0000] {logging_mixin.py:137} INFO - [2023-04-23T14:29:53.798+0000] {dag.py:3456} INFO - Setting next_dagrun for latest_only to 2023-04-23T10:29:53.787738+00:00, run_after=2023-04-23T14:29:53.787738+00:00
[2023-04-23T14:29:53.896+0000] {processor.py:175} INFO - Processing /home/airflow/.local/lib/python3.7/site-packages/airflow/example_dags/example_latest_only.py took 0.255 seconds
[2023-04-23T15:24:40.884+0000] {processor.py:153} INFO - Started process (PID=43) to work on /home/airflow/.local/lib/python3.7/site-packages/airflow/example_dags/example_latest_only.py
[2023-04-23T15:24:40.885+0000] {processor.py:743} INFO - Processing file /home/airflow/.local/lib/python3.7/site-packages/airflow/example_dags/example_latest_only.py for tasks to queue
[2023-04-23T15:24:40.889+0000] {logging_mixin.py:137} INFO - [2023-04-23T15:24:40.889+0000] {dagbag.py:532} INFO - Filling up the DagBag from /home/airflow/.local/lib/python3.7/site-packages/airflow/example_dags/example_latest_only.py
[2023-04-23T15:24:40.921+0000] {processor.py:753} INFO - DAG(s) dict_keys(['latest_only']) retrieved from /home/airflow/.local/lib/python3.7/site-packages/airflow/example_dags/example_latest_only.py
[2023-04-23T15:24:40.965+0000] {logging_mixin.py:137} INFO - [2023-04-23T15:24:40.965+0000] {dag.py:2705} INFO - Sync 1 DAGs
[2023-04-23T15:24:40.999+0000] {logging_mixin.py:137} INFO - [2023-04-23T15:24:40.998+0000] {dag.py:3456} INFO - Setting next_dagrun for latest_only to 2023-04-23T11:24:40.998774+00:00, run_after=2023-04-23T15:24:40.998774+00:00
[2023-04-23T15:24:41.042+0000] {processor.py:175} INFO - Processing /home/airflow/.local/lib/python3.7/site-packages/airflow/example_dags/example_latest_only.py took 0.160 seconds
[2023-04-23T15:28:46.685+0000] {processor.py:153} INFO - Started process (PID=45) to work on /home/airflow/.local/lib/python3.7/site-packages/airflow/example_dags/example_latest_only.py
[2023-04-23T15:28:46.686+0000] {processor.py:743} INFO - Processing file /home/airflow/.local/lib/python3.7/site-packages/airflow/example_dags/example_latest_only.py for tasks to queue
[2023-04-23T15:28:46.687+0000] {logging_mixin.py:137} INFO - [2023-04-23T15:28:46.686+0000] {dagbag.py:532} INFO - Filling up the DagBag from /home/airflow/.local/lib/python3.7/site-packages/airflow/example_dags/example_latest_only.py
[2023-04-23T15:28:46.716+0000] {processor.py:753} INFO - DAG(s) dict_keys(['latest_only']) retrieved from /home/airflow/.local/lib/python3.7/site-packages/airflow/example_dags/example_latest_only.py
[2023-04-23T15:28:46.750+0000] {logging_mixin.py:137} INFO - [2023-04-23T15:28:46.750+0000] {dag.py:2705} INFO - Sync 1 DAGs
[2023-04-23T15:28:46.774+0000] {logging_mixin.py:137} INFO - [2023-04-23T15:28:46.774+0000] {dag.py:3456} INFO - Setting next_dagrun for latest_only to 2023-04-23T11:28:46.774375+00:00, run_after=2023-04-23T15:28:46.774375+00:00
[2023-04-23T15:28:46.789+0000] {processor.py:175} INFO - Processing /home/airflow/.local/lib/python3.7/site-packages/airflow/example_dags/example_latest_only.py took 0.106 seconds
[2023-04-23T15:29:59.737+0000] {processor.py:153} INFO - Started process (PID=43) to work on /home/airflow/.local/lib/python3.7/site-packages/airflow/example_dags/example_latest_only.py
[2023-04-23T15:29:59.751+0000] {processor.py:743} INFO - Processing file /home/airflow/.local/lib/python3.7/site-packages/airflow/example_dags/example_latest_only.py for tasks to queue
[2023-04-23T15:29:59.754+0000] {logging_mixin.py:137} INFO - [2023-04-23T15:29:59.753+0000] {dagbag.py:532} INFO - Filling up the DagBag from /home/airflow/.local/lib/python3.7/site-packages/airflow/example_dags/example_latest_only.py
[2023-04-23T15:29:59.821+0000] {processor.py:753} INFO - DAG(s) dict_keys(['latest_only']) retrieved from /home/airflow/.local/lib/python3.7/site-packages/airflow/example_dags/example_latest_only.py
[2023-04-23T15:29:59.874+0000] {logging_mixin.py:137} INFO - [2023-04-23T15:29:59.874+0000] {dag.py:2705} INFO - Sync 1 DAGs
[2023-04-23T15:29:59.931+0000] {logging_mixin.py:137} INFO - [2023-04-23T15:29:59.931+0000] {dag.py:3456} INFO - Setting next_dagrun for latest_only to 2023-04-23T11:29:59.931288+00:00, run_after=2023-04-23T15:29:59.931288+00:00
[2023-04-23T15:29:59.986+0000] {processor.py:175} INFO - Processing /home/airflow/.local/lib/python3.7/site-packages/airflow/example_dags/example_latest_only.py took 0.251 seconds
[2023-04-23T15:30:43.140+0000] {processor.py:153} INFO - Started process (PID=43) to work on /home/airflow/.local/lib/python3.7/site-packages/airflow/example_dags/example_latest_only.py
[2023-04-23T15:30:43.141+0000] {processor.py:743} INFO - Processing file /home/airflow/.local/lib/python3.7/site-packages/airflow/example_dags/example_latest_only.py for tasks to queue
[2023-04-23T15:30:43.142+0000] {logging_mixin.py:137} INFO - [2023-04-23T15:30:43.141+0000] {dagbag.py:532} INFO - Filling up the DagBag from /home/airflow/.local/lib/python3.7/site-packages/airflow/example_dags/example_latest_only.py
[2023-04-23T15:30:43.171+0000] {processor.py:753} INFO - DAG(s) dict_keys(['latest_only']) retrieved from /home/airflow/.local/lib/python3.7/site-packages/airflow/example_dags/example_latest_only.py
[2023-04-23T15:30:43.276+0000] {logging_mixin.py:137} INFO - [2023-04-23T15:30:43.275+0000] {dag.py:2705} INFO - Sync 1 DAGs
[2023-04-23T15:30:43.324+0000] {logging_mixin.py:137} INFO - [2023-04-23T15:30:43.324+0000] {dag.py:3456} INFO - Setting next_dagrun for latest_only to 2023-04-23T11:30:43.324075+00:00, run_after=2023-04-23T15:30:43.324075+00:00
[2023-04-23T15:30:43.365+0000] {processor.py:175} INFO - Processing /home/airflow/.local/lib/python3.7/site-packages/airflow/example_dags/example_latest_only.py took 0.228 seconds
[2023-04-23T15:32:19.102+0000] {processor.py:153} INFO - Started process (PID=45) to work on /home/airflow/.local/lib/python3.7/site-packages/airflow/example_dags/example_latest_only.py
[2023-04-23T15:32:19.128+0000] {processor.py:743} INFO - Processing file /home/airflow/.local/lib/python3.7/site-packages/airflow/example_dags/example_latest_only.py for tasks to queue
[2023-04-23T15:32:19.130+0000] {logging_mixin.py:137} INFO - [2023-04-23T15:32:19.130+0000] {dagbag.py:532} INFO - Filling up the DagBag from /home/airflow/.local/lib/python3.7/site-packages/airflow/example_dags/example_latest_only.py
[2023-04-23T15:32:19.336+0000] {processor.py:753} INFO - DAG(s) dict_keys(['latest_only']) retrieved from /home/airflow/.local/lib/python3.7/site-packages/airflow/example_dags/example_latest_only.py
[2023-04-23T15:32:19.853+0000] {logging_mixin.py:137} INFO - [2023-04-23T15:32:19.851+0000] {dag.py:2705} INFO - Sync 1 DAGs
[2023-04-23T15:33:10.717+0000] {processor.py:153} INFO - Started process (PID=52) to work on /home/airflow/.local/lib/python3.7/site-packages/airflow/example_dags/example_latest_only.py
[2023-04-23T15:33:10.725+0000] {processor.py:743} INFO - Processing file /home/airflow/.local/lib/python3.7/site-packages/airflow/example_dags/example_latest_only.py for tasks to queue
[2023-04-23T15:33:10.735+0000] {logging_mixin.py:137} INFO - [2023-04-23T15:33:10.732+0000] {dagbag.py:532} INFO - Filling up the DagBag from /home/airflow/.local/lib/python3.7/site-packages/airflow/example_dags/example_latest_only.py
[2023-04-23T15:33:10.823+0000] {processor.py:753} INFO - DAG(s) dict_keys(['latest_only']) retrieved from /home/airflow/.local/lib/python3.7/site-packages/airflow/example_dags/example_latest_only.py
[2023-04-23T15:33:10.992+0000] {logging_mixin.py:137} INFO - [2023-04-23T15:33:10.988+0000] {dag.py:2705} INFO - Sync 1 DAGs
[2023-04-23T15:33:11.121+0000] {logging_mixin.py:137} INFO - [2023-04-23T15:33:11.117+0000] {dag.py:3456} INFO - Setting next_dagrun for latest_only to 2023-04-23T11:33:11.114404+00:00, run_after=2023-04-23T15:33:11.114404+00:00
[2023-04-23T15:33:11.280+0000] {processor.py:175} INFO - Processing /home/airflow/.local/lib/python3.7/site-packages/airflow/example_dags/example_latest_only.py took 0.568 seconds
[2023-04-23T15:34:02.792+0000] {processor.py:153} INFO - Started process (PID=44) to work on /home/airflow/.local/lib/python3.7/site-packages/airflow/example_dags/example_latest_only.py
[2023-04-23T15:34:02.794+0000] {processor.py:743} INFO - Processing file /home/airflow/.local/lib/python3.7/site-packages/airflow/example_dags/example_latest_only.py for tasks to queue
[2023-04-23T15:34:02.795+0000] {logging_mixin.py:137} INFO - [2023-04-23T15:34:02.795+0000] {dagbag.py:532} INFO - Filling up the DagBag from /home/airflow/.local/lib/python3.7/site-packages/airflow/example_dags/example_latest_only.py
[2023-04-23T15:34:02.813+0000] {processor.py:753} INFO - DAG(s) dict_keys(['latest_only']) retrieved from /home/airflow/.local/lib/python3.7/site-packages/airflow/example_dags/example_latest_only.py
[2023-04-23T15:34:02.851+0000] {logging_mixin.py:137} INFO - [2023-04-23T15:34:02.850+0000] {dag.py:2705} INFO - Sync 1 DAGs
[2023-04-23T15:34:02.869+0000] {logging_mixin.py:137} INFO - [2023-04-23T15:34:02.868+0000] {dag.py:3456} INFO - Setting next_dagrun for latest_only to 2023-04-23T11:34:02.868569+00:00, run_after=2023-04-23T15:34:02.868569+00:00
[2023-04-23T15:34:02.883+0000] {processor.py:175} INFO - Processing /home/airflow/.local/lib/python3.7/site-packages/airflow/example_dags/example_latest_only.py took 0.101 seconds
[2023-04-23T15:38:22.187+0000] {processor.py:153} INFO - Started process (PID=45) to work on /home/airflow/.local/lib/python3.7/site-packages/airflow/example_dags/example_latest_only.py
[2023-04-23T15:38:22.188+0000] {processor.py:743} INFO - Processing file /home/airflow/.local/lib/python3.7/site-packages/airflow/example_dags/example_latest_only.py for tasks to queue
[2023-04-23T15:38:22.190+0000] {logging_mixin.py:137} INFO - [2023-04-23T15:38:22.189+0000] {dagbag.py:532} INFO - Filling up the DagBag from /home/airflow/.local/lib/python3.7/site-packages/airflow/example_dags/example_latest_only.py
[2023-04-23T15:38:22.317+0000] {processor.py:753} INFO - DAG(s) dict_keys(['latest_only']) retrieved from /home/airflow/.local/lib/python3.7/site-packages/airflow/example_dags/example_latest_only.py
[2023-04-23T15:38:22.402+0000] {logging_mixin.py:137} INFO - [2023-04-23T15:38:22.402+0000] {dag.py:2705} INFO - Sync 1 DAGs
[2023-04-23T15:38:22.448+0000] {logging_mixin.py:137} INFO - [2023-04-23T15:38:22.447+0000] {dag.py:3456} INFO - Setting next_dagrun for latest_only to 2023-04-23T11:38:22.446916+00:00, run_after=2023-04-23T15:38:22.446916+00:00
[2023-04-23T15:38:22.520+0000] {processor.py:175} INFO - Processing /home/airflow/.local/lib/python3.7/site-packages/airflow/example_dags/example_latest_only.py took 0.338 seconds
[2023-04-23T16:24:29.260+0000] {processor.py:153} INFO - Started process (PID=45) to work on /home/airflow/.local/lib/python3.7/site-packages/airflow/example_dags/example_latest_only.py
[2023-04-23T16:24:29.263+0000] {processor.py:743} INFO - Processing file /home/airflow/.local/lib/python3.7/site-packages/airflow/example_dags/example_latest_only.py for tasks to queue
[2023-04-23T16:24:29.263+0000] {logging_mixin.py:137} INFO - [2023-04-23T16:24:29.263+0000] {dagbag.py:532} INFO - Filling up the DagBag from /home/airflow/.local/lib/python3.7/site-packages/airflow/example_dags/example_latest_only.py
[2023-04-23T16:24:29.663+0000] {processor.py:753} INFO - DAG(s) dict_keys(['latest_only']) retrieved from /home/airflow/.local/lib/python3.7/site-packages/airflow/example_dags/example_latest_only.py
[2023-04-23T16:42:03.825+0000] {processor.py:153} INFO - Started process (PID=43) to work on /home/airflow/.local/lib/python3.7/site-packages/airflow/example_dags/example_latest_only.py
[2023-04-23T16:42:03.830+0000] {processor.py:743} INFO - Processing file /home/airflow/.local/lib/python3.7/site-packages/airflow/example_dags/example_latest_only.py for tasks to queue
[2023-04-23T16:42:03.832+0000] {logging_mixin.py:137} INFO - [2023-04-23T16:42:03.832+0000] {dagbag.py:532} INFO - Filling up the DagBag from /home/airflow/.local/lib/python3.7/site-packages/airflow/example_dags/example_latest_only.py
[2023-04-23T16:42:03.920+0000] {processor.py:753} INFO - DAG(s) dict_keys(['latest_only']) retrieved from /home/airflow/.local/lib/python3.7/site-packages/airflow/example_dags/example_latest_only.py
[2023-04-23T16:42:04.060+0000] {logging_mixin.py:137} INFO - [2023-04-23T16:42:04.059+0000] {dag.py:2705} INFO - Sync 1 DAGs
[2023-04-23T16:42:04.162+0000] {logging_mixin.py:137} INFO - [2023-04-23T16:42:04.161+0000] {dag.py:3456} INFO - Setting next_dagrun for latest_only to 2023-04-23T12:42:04.160318+00:00, run_after=2023-04-23T16:42:04.160318+00:00
[2023-04-23T16:42:04.279+0000] {processor.py:175} INFO - Processing /home/airflow/.local/lib/python3.7/site-packages/airflow/example_dags/example_latest_only.py took 0.459 seconds
[2023-04-23T17:43:51.064+0000] {processor.py:153} INFO - Started process (PID=43) to work on /home/airflow/.local/lib/python3.7/site-packages/airflow/example_dags/example_latest_only.py
[2023-04-23T17:43:51.075+0000] {processor.py:743} INFO - Processing file /home/airflow/.local/lib/python3.7/site-packages/airflow/example_dags/example_latest_only.py for tasks to queue
[2023-04-23T17:43:51.076+0000] {logging_mixin.py:137} INFO - [2023-04-23T17:43:51.076+0000] {dagbag.py:532} INFO - Filling up the DagBag from /home/airflow/.local/lib/python3.7/site-packages/airflow/example_dags/example_latest_only.py
[2023-04-23T17:43:51.146+0000] {processor.py:753} INFO - DAG(s) dict_keys(['latest_only']) retrieved from /home/airflow/.local/lib/python3.7/site-packages/airflow/example_dags/example_latest_only.py
[2023-04-23T17:43:51.243+0000] {logging_mixin.py:137} INFO - [2023-04-23T17:43:51.242+0000] {dag.py:2705} INFO - Sync 1 DAGs
[2023-04-23T17:43:51.332+0000] {logging_mixin.py:137} INFO - [2023-04-23T17:43:51.330+0000] {dag.py:3456} INFO - Setting next_dagrun for latest_only to 2023-04-23T13:43:51.330464+00:00, run_after=2023-04-23T17:43:51.330464+00:00
[2023-04-23T17:43:51.417+0000] {processor.py:175} INFO - Processing /home/airflow/.local/lib/python3.7/site-packages/airflow/example_dags/example_latest_only.py took 0.375 seconds
[2023-04-23T17:44:04.540+0000] {processor.py:153} INFO - Started process (PID=43) to work on /home/airflow/.local/lib/python3.7/site-packages/airflow/example_dags/example_latest_only.py
[2023-04-23T17:44:04.542+0000] {processor.py:743} INFO - Processing file /home/airflow/.local/lib/python3.7/site-packages/airflow/example_dags/example_latest_only.py for tasks to queue
[2023-04-23T17:44:04.544+0000] {logging_mixin.py:137} INFO - [2023-04-23T17:44:04.544+0000] {dagbag.py:532} INFO - Filling up the DagBag from /home/airflow/.local/lib/python3.7/site-packages/airflow/example_dags/example_latest_only.py
[2023-04-23T17:44:04.617+0000] {processor.py:753} INFO - DAG(s) dict_keys(['latest_only']) retrieved from /home/airflow/.local/lib/python3.7/site-packages/airflow/example_dags/example_latest_only.py
[2023-04-23T17:44:04.796+0000] {logging_mixin.py:137} INFO - [2023-04-23T17:44:04.794+0000] {dag.py:2705} INFO - Sync 1 DAGs
[2023-04-23T17:44:04.963+0000] {logging_mixin.py:137} INFO - [2023-04-23T17:44:04.961+0000] {dag.py:3456} INFO - Setting next_dagrun for latest_only to 2023-04-23T13:44:04.950546+00:00, run_after=2023-04-23T17:44:04.950546+00:00
[2023-04-23T17:59:10.460+0000] {processor.py:175} INFO - Processing /home/airflow/.local/lib/python3.7/site-packages/airflow/example_dags/example_latest_only.py took 0.953 seconds
[2023-04-23T19:08:00.261+0000] {processor.py:153} INFO - Started process (PID=51) to work on /home/airflow/.local/lib/python3.7/site-packages/airflow/example_dags/example_latest_only.py
[2023-04-23T19:08:00.266+0000] {processor.py:743} INFO - Processing file /home/airflow/.local/lib/python3.7/site-packages/airflow/example_dags/example_latest_only.py for tasks to queue
[2023-04-23T19:08:00.268+0000] {logging_mixin.py:137} INFO - [2023-04-23T19:08:00.267+0000] {dagbag.py:532} INFO - Filling up the DagBag from /home/airflow/.local/lib/python3.7/site-packages/airflow/example_dags/example_latest_only.py
[2023-04-23T19:08:01.054+0000] {processor.py:753} INFO - DAG(s) dict_keys(['latest_only']) retrieved from /home/airflow/.local/lib/python3.7/site-packages/airflow/example_dags/example_latest_only.py
[2023-04-23T19:25:52.641+0000] {processor.py:153} INFO - Started process (PID=43) to work on /home/airflow/.local/lib/python3.7/site-packages/airflow/example_dags/example_latest_only.py
[2023-04-23T19:25:52.653+0000] {processor.py:743} INFO - Processing file /home/airflow/.local/lib/python3.7/site-packages/airflow/example_dags/example_latest_only.py for tasks to queue
[2023-04-23T19:25:52.653+0000] {logging_mixin.py:137} INFO - [2023-04-23T19:25:52.653+0000] {dagbag.py:532} INFO - Filling up the DagBag from /home/airflow/.local/lib/python3.7/site-packages/airflow/example_dags/example_latest_only.py
[2023-04-23T19:25:52.747+0000] {processor.py:753} INFO - DAG(s) dict_keys(['latest_only']) retrieved from /home/airflow/.local/lib/python3.7/site-packages/airflow/example_dags/example_latest_only.py
[2023-04-23T19:25:52.836+0000] {logging_mixin.py:137} INFO - [2023-04-23T19:25:52.835+0000] {dag.py:2705} INFO - Sync 1 DAGs
[2023-04-23T19:25:52.876+0000] {logging_mixin.py:137} INFO - [2023-04-23T19:25:52.876+0000] {dag.py:3456} INFO - Setting next_dagrun for latest_only to 2023-04-23T15:25:52.876120+00:00, run_after=2023-04-23T19:25:52.876120+00:00
[2023-04-23T19:25:52.944+0000] {processor.py:175} INFO - Processing /home/airflow/.local/lib/python3.7/site-packages/airflow/example_dags/example_latest_only.py took 0.305 seconds
[2023-04-23T19:26:51.244+0000] {processor.py:153} INFO - Started process (PID=42) to work on /home/airflow/.local/lib/python3.7/site-packages/airflow/example_dags/example_latest_only.py
[2023-04-23T19:26:51.245+0000] {processor.py:743} INFO - Processing file /home/airflow/.local/lib/python3.7/site-packages/airflow/example_dags/example_latest_only.py for tasks to queue
[2023-04-23T19:26:51.252+0000] {logging_mixin.py:137} INFO - [2023-04-23T19:26:51.252+0000] {dagbag.py:532} INFO - Filling up the DagBag from /home/airflow/.local/lib/python3.7/site-packages/airflow/example_dags/example_latest_only.py
[2023-04-23T19:26:51.263+0000] {processor.py:753} INFO - DAG(s) dict_keys(['latest_only']) retrieved from /home/airflow/.local/lib/python3.7/site-packages/airflow/example_dags/example_latest_only.py
[2023-04-23T19:26:51.293+0000] {logging_mixin.py:137} INFO - [2023-04-23T19:26:51.291+0000] {dag.py:2705} INFO - Sync 1 DAGs
[2023-04-23T19:26:51.329+0000] {logging_mixin.py:137} INFO - [2023-04-23T19:26:51.329+0000] {dag.py:3456} INFO - Setting next_dagrun for latest_only to 2023-04-23T15:26:51.328935+00:00, run_after=2023-04-23T19:26:51.328935+00:00
[2023-04-23T19:26:51.348+0000] {processor.py:175} INFO - Processing /home/airflow/.local/lib/python3.7/site-packages/airflow/example_dags/example_latest_only.py took 0.112 seconds
[2023-04-23T19:28:19.383+0000] {processor.py:153} INFO - Started process (PID=43) to work on /home/airflow/.local/lib/python3.7/site-packages/airflow/example_dags/example_latest_only.py
[2023-04-23T19:28:19.385+0000] {processor.py:743} INFO - Processing file /home/airflow/.local/lib/python3.7/site-packages/airflow/example_dags/example_latest_only.py for tasks to queue
[2023-04-23T19:28:19.388+0000] {logging_mixin.py:137} INFO - [2023-04-23T19:28:19.387+0000] {dagbag.py:532} INFO - Filling up the DagBag from /home/airflow/.local/lib/python3.7/site-packages/airflow/example_dags/example_latest_only.py
[2023-04-23T19:28:19.408+0000] {processor.py:753} INFO - DAG(s) dict_keys(['latest_only']) retrieved from /home/airflow/.local/lib/python3.7/site-packages/airflow/example_dags/example_latest_only.py
[2023-04-23T19:28:19.431+0000] {logging_mixin.py:137} INFO - [2023-04-23T19:28:19.431+0000] {dag.py:2705} INFO - Sync 1 DAGs
[2023-04-23T19:28:19.456+0000] {logging_mixin.py:137} INFO - [2023-04-23T19:28:19.456+0000] {dag.py:3456} INFO - Setting next_dagrun for latest_only to 2023-04-23T15:28:19.455963+00:00, run_after=2023-04-23T19:28:19.455963+00:00
[2023-04-23T19:28:19.471+0000] {processor.py:175} INFO - Processing /home/airflow/.local/lib/python3.7/site-packages/airflow/example_dags/example_latest_only.py took 0.092 seconds
[2023-04-23T19:30:35.553+0000] {processor.py:153} INFO - Started process (PID=43) to work on /home/airflow/.local/lib/python3.7/site-packages/airflow/example_dags/example_latest_only.py
[2023-04-23T19:30:35.554+0000] {processor.py:743} INFO - Processing file /home/airflow/.local/lib/python3.7/site-packages/airflow/example_dags/example_latest_only.py for tasks to queue
[2023-04-23T19:30:35.558+0000] {logging_mixin.py:137} INFO - [2023-04-23T19:30:35.558+0000] {dagbag.py:532} INFO - Filling up the DagBag from /home/airflow/.local/lib/python3.7/site-packages/airflow/example_dags/example_latest_only.py
[2023-04-23T19:30:35.572+0000] {processor.py:753} INFO - DAG(s) dict_keys(['latest_only']) retrieved from /home/airflow/.local/lib/python3.7/site-packages/airflow/example_dags/example_latest_only.py
[2023-04-23T19:30:35.591+0000] {logging_mixin.py:137} INFO - [2023-04-23T19:30:35.591+0000] {dag.py:2705} INFO - Sync 1 DAGs
[2023-04-23T19:30:35.628+0000] {logging_mixin.py:137} INFO - [2023-04-23T19:30:35.628+0000] {dag.py:3456} INFO - Setting next_dagrun for latest_only to 2023-04-23T15:30:35.628312+00:00, run_after=2023-04-23T19:30:35.628312+00:00
[2023-04-23T19:30:35.653+0000] {processor.py:175} INFO - Processing /home/airflow/.local/lib/python3.7/site-packages/airflow/example_dags/example_latest_only.py took 0.103 seconds
[2023-04-23T19:31:17.502+0000] {processor.py:153} INFO - Started process (PID=43) to work on /home/airflow/.local/lib/python3.7/site-packages/airflow/example_dags/example_latest_only.py
[2023-04-23T19:31:17.511+0000] {processor.py:743} INFO - Processing file /home/airflow/.local/lib/python3.7/site-packages/airflow/example_dags/example_latest_only.py for tasks to queue
[2023-04-23T19:31:17.513+0000] {logging_mixin.py:137} INFO - [2023-04-23T19:31:17.513+0000] {dagbag.py:532} INFO - Filling up the DagBag from /home/airflow/.local/lib/python3.7/site-packages/airflow/example_dags/example_latest_only.py
[2023-04-23T19:31:17.652+0000] {processor.py:753} INFO - DAG(s) dict_keys(['latest_only']) retrieved from /home/airflow/.local/lib/python3.7/site-packages/airflow/example_dags/example_latest_only.py
[2023-04-23T19:31:17.817+0000] {logging_mixin.py:137} INFO - [2023-04-23T19:31:17.801+0000] {dag.py:2705} INFO - Sync 1 DAGs
[2023-04-23T19:33:33.223+0000] {processor.py:153} INFO - Started process (PID=51) to work on /home/airflow/.local/lib/python3.7/site-packages/airflow/example_dags/example_latest_only.py
[2023-04-23T19:33:33.224+0000] {processor.py:743} INFO - Processing file /home/airflow/.local/lib/python3.7/site-packages/airflow/example_dags/example_latest_only.py for tasks to queue
[2023-04-23T19:33:33.225+0000] {logging_mixin.py:137} INFO - [2023-04-23T19:33:33.225+0000] {dagbag.py:532} INFO - Filling up the DagBag from /home/airflow/.local/lib/python3.7/site-packages/airflow/example_dags/example_latest_only.py
[2023-04-23T19:33:33.240+0000] {processor.py:753} INFO - DAG(s) dict_keys(['latest_only']) retrieved from /home/airflow/.local/lib/python3.7/site-packages/airflow/example_dags/example_latest_only.py
[2023-04-23T19:33:33.295+0000] {logging_mixin.py:137} INFO - [2023-04-23T19:33:33.295+0000] {dag.py:2705} INFO - Sync 1 DAGs
[2023-04-23T19:33:33.384+0000] {logging_mixin.py:137} INFO - [2023-04-23T19:33:33.383+0000] {dag.py:3456} INFO - Setting next_dagrun for latest_only to 2023-04-23T15:33:33.383778+00:00, run_after=2023-04-23T19:33:33.383778+00:00
[2023-04-23T19:33:33.404+0000] {processor.py:175} INFO - Processing /home/airflow/.local/lib/python3.7/site-packages/airflow/example_dags/example_latest_only.py took 0.185 seconds
[2023-04-23T19:35:17.738+0000] {processor.py:153} INFO - Started process (PID=43) to work on /home/airflow/.local/lib/python3.7/site-packages/airflow/example_dags/example_latest_only.py
[2023-04-23T19:35:17.741+0000] {processor.py:743} INFO - Processing file /home/airflow/.local/lib/python3.7/site-packages/airflow/example_dags/example_latest_only.py for tasks to queue
[2023-04-23T19:35:17.748+0000] {logging_mixin.py:137} INFO - [2023-04-23T19:35:17.746+0000] {dagbag.py:532} INFO - Filling up the DagBag from /home/airflow/.local/lib/python3.7/site-packages/airflow/example_dags/example_latest_only.py
[2023-04-23T19:35:17.837+0000] {processor.py:753} INFO - DAG(s) dict_keys(['latest_only']) retrieved from /home/airflow/.local/lib/python3.7/site-packages/airflow/example_dags/example_latest_only.py
[2023-04-23T19:35:17.933+0000] {logging_mixin.py:137} INFO - [2023-04-23T19:35:17.933+0000] {dag.py:2705} INFO - Sync 1 DAGs
[2023-04-23T19:35:18.000+0000] {logging_mixin.py:137} INFO - [2023-04-23T19:35:18.000+0000] {dag.py:3456} INFO - Setting next_dagrun for latest_only to 2023-04-23T15:35:17.997317+00:00, run_after=2023-04-23T19:35:17.997317+00:00
[2023-04-23T19:35:18.139+0000] {processor.py:175} INFO - Processing /home/airflow/.local/lib/python3.7/site-packages/airflow/example_dags/example_latest_only.py took 0.418 seconds
[2023-04-23T19:36:46.993+0000] {processor.py:153} INFO - Started process (PID=44) to work on /home/airflow/.local/lib/python3.7/site-packages/airflow/example_dags/example_latest_only.py
[2023-04-23T19:36:46.995+0000] {processor.py:743} INFO - Processing file /home/airflow/.local/lib/python3.7/site-packages/airflow/example_dags/example_latest_only.py for tasks to queue
[2023-04-23T19:36:46.996+0000] {logging_mixin.py:137} INFO - [2023-04-23T19:36:46.996+0000] {dagbag.py:532} INFO - Filling up the DagBag from /home/airflow/.local/lib/python3.7/site-packages/airflow/example_dags/example_latest_only.py
[2023-04-23T19:36:47.033+0000] {processor.py:753} INFO - DAG(s) dict_keys(['latest_only']) retrieved from /home/airflow/.local/lib/python3.7/site-packages/airflow/example_dags/example_latest_only.py
[2023-04-23T19:36:47.084+0000] {logging_mixin.py:137} INFO - [2023-04-23T19:36:47.083+0000] {dag.py:2705} INFO - Sync 1 DAGs
[2023-04-23T19:36:47.107+0000] {logging_mixin.py:137} INFO - [2023-04-23T19:36:47.107+0000] {dag.py:3456} INFO - Setting next_dagrun for latest_only to 2023-04-23T15:36:47.105933+00:00, run_after=2023-04-23T19:36:47.105933+00:00
[2023-04-23T19:36:47.187+0000] {processor.py:175} INFO - Processing /home/airflow/.local/lib/python3.7/site-packages/airflow/example_dags/example_latest_only.py took 0.198 seconds
[2023-04-23T19:37:37.545+0000] {processor.py:153} INFO - Started process (PID=43) to work on /home/airflow/.local/lib/python3.7/site-packages/airflow/example_dags/example_latest_only.py
[2023-04-23T19:37:37.548+0000] {processor.py:743} INFO - Processing file /home/airflow/.local/lib/python3.7/site-packages/airflow/example_dags/example_latest_only.py for tasks to queue
[2023-04-23T19:37:37.549+0000] {logging_mixin.py:137} INFO - [2023-04-23T19:37:37.549+0000] {dagbag.py:532} INFO - Filling up the DagBag from /home/airflow/.local/lib/python3.7/site-packages/airflow/example_dags/example_latest_only.py
[2023-04-23T19:37:37.587+0000] {processor.py:753} INFO - DAG(s) dict_keys(['latest_only']) retrieved from /home/airflow/.local/lib/python3.7/site-packages/airflow/example_dags/example_latest_only.py
[2023-04-23T19:37:37.618+0000] {logging_mixin.py:137} INFO - [2023-04-23T19:37:37.617+0000] {dag.py:2705} INFO - Sync 1 DAGs
[2023-04-23T19:37:37.651+0000] {logging_mixin.py:137} INFO - [2023-04-23T19:37:37.651+0000] {dag.py:3456} INFO - Setting next_dagrun for latest_only to 2023-04-23T15:37:37.651098+00:00, run_after=2023-04-23T19:37:37.651098+00:00
[2023-04-23T19:37:37.684+0000] {processor.py:175} INFO - Processing /home/airflow/.local/lib/python3.7/site-packages/airflow/example_dags/example_latest_only.py took 0.147 seconds
[2023-04-23T19:37:59.879+0000] {processor.py:153} INFO - Started process (PID=43) to work on /home/airflow/.local/lib/python3.7/site-packages/airflow/example_dags/example_latest_only.py
[2023-04-23T19:37:59.879+0000] {processor.py:743} INFO - Processing file /home/airflow/.local/lib/python3.7/site-packages/airflow/example_dags/example_latest_only.py for tasks to queue
[2023-04-23T19:37:59.880+0000] {logging_mixin.py:137} INFO - [2023-04-23T19:37:59.880+0000] {dagbag.py:532} INFO - Filling up the DagBag from /home/airflow/.local/lib/python3.7/site-packages/airflow/example_dags/example_latest_only.py
[2023-04-23T19:37:59.903+0000] {processor.py:753} INFO - DAG(s) dict_keys(['latest_only']) retrieved from /home/airflow/.local/lib/python3.7/site-packages/airflow/example_dags/example_latest_only.py
[2023-04-23T19:37:59.935+0000] {logging_mixin.py:137} INFO - [2023-04-23T19:37:59.935+0000] {dag.py:2705} INFO - Sync 1 DAGs
[2023-04-23T19:37:59.968+0000] {logging_mixin.py:137} INFO - [2023-04-23T19:37:59.968+0000] {dag.py:3456} INFO - Setting next_dagrun for latest_only to 2023-04-23T15:37:59.968354+00:00, run_after=2023-04-23T19:37:59.968354+00:00
[2023-04-23T19:37:59.999+0000] {processor.py:175} INFO - Processing /home/airflow/.local/lib/python3.7/site-packages/airflow/example_dags/example_latest_only.py took 0.123 seconds
[2023-04-23T19:38:31.002+0000] {processor.py:153} INFO - Started process (PID=42) to work on /home/airflow/.local/lib/python3.7/site-packages/airflow/example_dags/example_latest_only.py
[2023-04-23T19:38:31.003+0000] {processor.py:743} INFO - Processing file /home/airflow/.local/lib/python3.7/site-packages/airflow/example_dags/example_latest_only.py for tasks to queue
[2023-04-23T19:38:31.005+0000] {logging_mixin.py:137} INFO - [2023-04-23T19:38:31.004+0000] {dagbag.py:532} INFO - Filling up the DagBag from /home/airflow/.local/lib/python3.7/site-packages/airflow/example_dags/example_latest_only.py
[2023-04-23T19:38:31.161+0000] {processor.py:753} INFO - DAG(s) dict_keys(['latest_only']) retrieved from /home/airflow/.local/lib/python3.7/site-packages/airflow/example_dags/example_latest_only.py
[2023-04-23T19:38:31.278+0000] {logging_mixin.py:137} INFO - [2023-04-23T19:38:31.277+0000] {dag.py:2705} INFO - Sync 1 DAGs
[2023-04-23T19:38:31.352+0000] {logging_mixin.py:137} INFO - [2023-04-23T19:38:31.350+0000] {dag.py:3456} INFO - Setting next_dagrun for latest_only to 2023-04-23T15:38:31.347371+00:00, run_after=2023-04-23T19:38:31.347371+00:00
[2023-04-23T19:38:31.450+0000] {processor.py:175} INFO - Processing /home/airflow/.local/lib/python3.7/site-packages/airflow/example_dags/example_latest_only.py took 0.465 seconds
[2023-04-23T19:39:49.848+0000] {processor.py:153} INFO - Started process (PID=43) to work on /home/airflow/.local/lib/python3.7/site-packages/airflow/example_dags/example_latest_only.py
[2023-04-23T19:39:49.849+0000] {processor.py:743} INFO - Processing file /home/airflow/.local/lib/python3.7/site-packages/airflow/example_dags/example_latest_only.py for tasks to queue
[2023-04-23T19:39:49.850+0000] {logging_mixin.py:137} INFO - [2023-04-23T19:39:49.850+0000] {dagbag.py:532} INFO - Filling up the DagBag from /home/airflow/.local/lib/python3.7/site-packages/airflow/example_dags/example_latest_only.py
[2023-04-23T19:39:49.936+0000] {processor.py:753} INFO - DAG(s) dict_keys(['latest_only']) retrieved from /home/airflow/.local/lib/python3.7/site-packages/airflow/example_dags/example_latest_only.py
[2023-04-23T19:39:50.095+0000] {logging_mixin.py:137} INFO - [2023-04-23T19:39:50.081+0000] {dag.py:2705} INFO - Sync 1 DAGs
[2023-04-23T19:39:50.185+0000] {logging_mixin.py:137} INFO - [2023-04-23T19:39:50.183+0000] {dag.py:3456} INFO - Setting next_dagrun for latest_only to 2023-04-23T15:39:50.181811+00:00, run_after=2023-04-23T19:39:50.181811+00:00
[2023-04-23T19:39:51.844+0000] {processor.py:175} INFO - Processing /home/airflow/.local/lib/python3.7/site-packages/airflow/example_dags/example_latest_only.py took 2.005 seconds
[2023-04-23T19:45:29.006+0000] {processor.py:153} INFO - Started process (PID=43) to work on /home/airflow/.local/lib/python3.7/site-packages/airflow/example_dags/example_latest_only.py
[2023-04-23T19:45:29.007+0000] {processor.py:743} INFO - Processing file /home/airflow/.local/lib/python3.7/site-packages/airflow/example_dags/example_latest_only.py for tasks to queue
[2023-04-23T19:45:29.007+0000] {logging_mixin.py:137} INFO - [2023-04-23T19:45:29.007+0000] {dagbag.py:532} INFO - Filling up the DagBag from /home/airflow/.local/lib/python3.7/site-packages/airflow/example_dags/example_latest_only.py
[2023-04-23T19:45:29.018+0000] {processor.py:753} INFO - DAG(s) dict_keys(['latest_only']) retrieved from /home/airflow/.local/lib/python3.7/site-packages/airflow/example_dags/example_latest_only.py
[2023-04-23T19:45:29.046+0000] {logging_mixin.py:137} INFO - [2023-04-23T19:45:29.046+0000] {dag.py:2705} INFO - Sync 1 DAGs
[2023-04-23T19:45:29.066+0000] {logging_mixin.py:137} INFO - [2023-04-23T19:45:29.066+0000] {dag.py:3456} INFO - Setting next_dagrun for latest_only to 2023-04-23T15:45:29.066190+00:00, run_after=2023-04-23T19:45:29.066190+00:00
[2023-04-23T19:45:29.081+0000] {processor.py:175} INFO - Processing /home/airflow/.local/lib/python3.7/site-packages/airflow/example_dags/example_latest_only.py took 0.077 seconds
[2023-04-23T19:56:56.936+0000] {processor.py:153} INFO - Started process (PID=45) to work on /home/airflow/.local/lib/python3.7/site-packages/airflow/example_dags/example_latest_only.py
[2023-04-23T19:56:56.957+0000] {processor.py:743} INFO - Processing file /home/airflow/.local/lib/python3.7/site-packages/airflow/example_dags/example_latest_only.py for tasks to queue
[2023-04-23T19:56:56.959+0000] {logging_mixin.py:137} INFO - [2023-04-23T19:56:56.959+0000] {dagbag.py:532} INFO - Filling up the DagBag from /home/airflow/.local/lib/python3.7/site-packages/airflow/example_dags/example_latest_only.py
[2023-04-23T19:56:57.043+0000] {processor.py:753} INFO - DAG(s) dict_keys(['latest_only']) retrieved from /home/airflow/.local/lib/python3.7/site-packages/airflow/example_dags/example_latest_only.py
[2023-04-23T19:56:57.195+0000] {logging_mixin.py:137} INFO - [2023-04-23T19:56:57.194+0000] {dag.py:2705} INFO - Sync 1 DAGs
[2023-04-23T19:57:01.832+0000] {logging_mixin.py:137} INFO - [2023-04-23T19:57:01.832+0000] {dag.py:3456} INFO - Setting next_dagrun for latest_only to 2023-04-23T15:57:01.832134+00:00, run_after=2023-04-23T19:57:01.832134+00:00
[2023-04-23T19:57:01.894+0000] {processor.py:175} INFO - Processing /home/airflow/.local/lib/python3.7/site-packages/airflow/example_dags/example_latest_only.py took 4.968 seconds
[2023-04-23T19:57:42.645+0000] {processor.py:153} INFO - Started process (PID=43) to work on /home/airflow/.local/lib/python3.7/site-packages/airflow/example_dags/example_latest_only.py
[2023-04-23T19:57:42.647+0000] {processor.py:743} INFO - Processing file /home/airflow/.local/lib/python3.7/site-packages/airflow/example_dags/example_latest_only.py for tasks to queue
[2023-04-23T19:57:42.648+0000] {logging_mixin.py:137} INFO - [2023-04-23T19:57:42.648+0000] {dagbag.py:532} INFO - Filling up the DagBag from /home/airflow/.local/lib/python3.7/site-packages/airflow/example_dags/example_latest_only.py
[2023-04-23T19:57:42.672+0000] {processor.py:753} INFO - DAG(s) dict_keys(['latest_only']) retrieved from /home/airflow/.local/lib/python3.7/site-packages/airflow/example_dags/example_latest_only.py
[2023-04-23T19:57:42.706+0000] {logging_mixin.py:137} INFO - [2023-04-23T19:57:42.706+0000] {dag.py:2705} INFO - Sync 1 DAGs
[2023-04-23T19:57:42.732+0000] {logging_mixin.py:137} INFO - [2023-04-23T19:57:42.732+0000] {dag.py:3456} INFO - Setting next_dagrun for latest_only to 2023-04-23T15:57:42.732007+00:00, run_after=2023-04-23T19:57:42.732007+00:00
[2023-04-23T19:57:42.761+0000] {processor.py:175} INFO - Processing /home/airflow/.local/lib/python3.7/site-packages/airflow/example_dags/example_latest_only.py took 0.118 seconds
[2023-04-23T20:00:36.380+0000] {processor.py:153} INFO - Started process (PID=44) to work on /home/airflow/.local/lib/python3.7/site-packages/airflow/example_dags/example_latest_only.py
[2023-04-23T20:00:36.386+0000] {processor.py:743} INFO - Processing file /home/airflow/.local/lib/python3.7/site-packages/airflow/example_dags/example_latest_only.py for tasks to queue
[2023-04-23T20:00:36.387+0000] {logging_mixin.py:137} INFO - [2023-04-23T20:00:36.387+0000] {dagbag.py:532} INFO - Filling up the DagBag from /home/airflow/.local/lib/python3.7/site-packages/airflow/example_dags/example_latest_only.py
[2023-04-23T20:00:36.428+0000] {processor.py:753} INFO - DAG(s) dict_keys(['latest_only']) retrieved from /home/airflow/.local/lib/python3.7/site-packages/airflow/example_dags/example_latest_only.py
[2023-04-23T20:00:36.444+0000] {logging_mixin.py:137} INFO - [2023-04-23T20:00:36.444+0000] {dag.py:2705} INFO - Sync 1 DAGs
[2023-04-23T20:00:36.460+0000] {logging_mixin.py:137} INFO - [2023-04-23T20:00:36.459+0000] {dag.py:3456} INFO - Setting next_dagrun for latest_only to 2023-04-23T16:00:36.459713+00:00, run_after=2023-04-23T20:00:36.459713+00:00
[2023-04-23T20:00:36.516+0000] {processor.py:175} INFO - Processing /home/airflow/.local/lib/python3.7/site-packages/airflow/example_dags/example_latest_only.py took 0.138 seconds
[2023-04-23T20:00:59.309+0000] {processor.py:153} INFO - Started process (PID=42) to work on /home/airflow/.local/lib/python3.7/site-packages/airflow/example_dags/example_latest_only.py
[2023-04-23T20:00:59.310+0000] {processor.py:743} INFO - Processing file /home/airflow/.local/lib/python3.7/site-packages/airflow/example_dags/example_latest_only.py for tasks to queue
[2023-04-23T20:00:59.311+0000] {logging_mixin.py:137} INFO - [2023-04-23T20:00:59.311+0000] {dagbag.py:532} INFO - Filling up the DagBag from /home/airflow/.local/lib/python3.7/site-packages/airflow/example_dags/example_latest_only.py
[2023-04-23T20:00:59.346+0000] {processor.py:753} INFO - DAG(s) dict_keys(['latest_only']) retrieved from /home/airflow/.local/lib/python3.7/site-packages/airflow/example_dags/example_latest_only.py
[2023-04-23T20:00:59.374+0000] {logging_mixin.py:137} INFO - [2023-04-23T20:00:59.374+0000] {dag.py:2705} INFO - Sync 1 DAGs
[2023-04-23T20:00:59.446+0000] {logging_mixin.py:137} INFO - [2023-04-23T20:00:59.446+0000] {dag.py:3456} INFO - Setting next_dagrun for latest_only to 2023-04-23T16:00:59.445802+00:00, run_after=2023-04-23T20:00:59.445802+00:00
[2023-04-23T20:00:59.533+0000] {processor.py:175} INFO - Processing /home/airflow/.local/lib/python3.7/site-packages/airflow/example_dags/example_latest_only.py took 0.226 seconds
