[2023-04-23T01:09:47.436+0000] {processor.py:153} INFO - Started process (PID=69) to work on /home/airflow/.local/lib/python3.7/site-packages/airflow/example_dags/example_task_group.py
[2023-04-23T01:09:47.438+0000] {processor.py:743} INFO - Processing file /home/airflow/.local/lib/python3.7/site-packages/airflow/example_dags/example_task_group.py for tasks to queue
[2023-04-23T01:09:47.441+0000] {logging_mixin.py:137} INFO - [2023-04-23T01:09:47.441+0000] {dagbag.py:532} INFO - Filling up the DagBag from /home/airflow/.local/lib/python3.7/site-packages/airflow/example_dags/example_task_group.py
[2023-04-23T01:09:47.484+0000] {processor.py:753} INFO - DAG(s) dict_keys(['example_task_group']) retrieved from /home/airflow/.local/lib/python3.7/site-packages/airflow/example_dags/example_task_group.py
[2023-04-23T01:09:47.581+0000] {logging_mixin.py:137} INFO - [2023-04-23T01:09:47.580+0000] {dag.py:2705} INFO - Sync 1 DAGs
[2023-04-23T01:09:47.622+0000] {logging_mixin.py:137} INFO - [2023-04-23T01:09:47.622+0000] {dag.py:3456} INFO - Setting next_dagrun for example_task_group to 2023-04-22T01:09:47.621648+00:00, run_after=2023-04-23T01:09:47.621648+00:00
[2023-04-23T01:09:47.650+0000] {processor.py:175} INFO - Processing /home/airflow/.local/lib/python3.7/site-packages/airflow/example_dags/example_task_group.py took 0.221 seconds
[2023-04-23T05:48:43.659+0000] {processor.py:153} INFO - Started process (PID=68) to work on /home/airflow/.local/lib/python3.7/site-packages/airflow/example_dags/example_task_group.py
[2023-04-23T05:48:43.672+0000] {processor.py:743} INFO - Processing file /home/airflow/.local/lib/python3.7/site-packages/airflow/example_dags/example_task_group.py for tasks to queue
[2023-04-23T05:48:43.673+0000] {logging_mixin.py:137} INFO - [2023-04-23T05:48:43.673+0000] {dagbag.py:532} INFO - Filling up the DagBag from /home/airflow/.local/lib/python3.7/site-packages/airflow/example_dags/example_task_group.py
[2023-04-23T05:48:43.706+0000] {processor.py:753} INFO - DAG(s) dict_keys(['example_task_group']) retrieved from /home/airflow/.local/lib/python3.7/site-packages/airflow/example_dags/example_task_group.py
[2023-04-23T05:48:43.819+0000] {logging_mixin.py:137} INFO - [2023-04-23T05:48:43.819+0000] {dag.py:2705} INFO - Sync 1 DAGs
[2023-04-23T05:48:43.924+0000] {logging_mixin.py:137} INFO - [2023-04-23T05:48:43.924+0000] {dag.py:3456} INFO - Setting next_dagrun for example_task_group to 2023-04-22T05:48:43.918676+00:00, run_after=2023-04-23T05:48:43.918676+00:00
[2023-04-23T05:48:44.015+0000] {processor.py:175} INFO - Processing /home/airflow/.local/lib/python3.7/site-packages/airflow/example_dags/example_task_group.py took 0.361 seconds
[2023-04-23T11:42:59.409+0000] {processor.py:153} INFO - Started process (PID=70) to work on /home/airflow/.local/lib/python3.7/site-packages/airflow/example_dags/example_task_group.py
[2023-04-23T11:42:59.416+0000] {processor.py:743} INFO - Processing file /home/airflow/.local/lib/python3.7/site-packages/airflow/example_dags/example_task_group.py for tasks to queue
[2023-04-23T11:42:59.417+0000] {logging_mixin.py:137} INFO - [2023-04-23T11:42:59.417+0000] {dagbag.py:532} INFO - Filling up the DagBag from /home/airflow/.local/lib/python3.7/site-packages/airflow/example_dags/example_task_group.py
[2023-04-23T11:42:59.455+0000] {processor.py:753} INFO - DAG(s) dict_keys(['example_task_group']) retrieved from /home/airflow/.local/lib/python3.7/site-packages/airflow/example_dags/example_task_group.py
[2023-04-23T11:42:59.524+0000] {logging_mixin.py:137} INFO - [2023-04-23T11:42:59.523+0000] {dag.py:2705} INFO - Sync 1 DAGs
[2023-04-23T11:42:59.632+0000] {logging_mixin.py:137} INFO - [2023-04-23T11:42:59.632+0000] {dag.py:3456} INFO - Setting next_dagrun for example_task_group to 2023-04-22T11:42:59.614264+00:00, run_after=2023-04-23T11:42:59.614264+00:00
[2023-04-23T11:42:59.711+0000] {processor.py:175} INFO - Processing /home/airflow/.local/lib/python3.7/site-packages/airflow/example_dags/example_task_group.py took 0.305 seconds
[2023-04-23T11:47:52.297+0000] {processor.py:153} INFO - Started process (PID=69) to work on /home/airflow/.local/lib/python3.7/site-packages/airflow/example_dags/example_task_group.py
[2023-04-23T11:47:52.298+0000] {processor.py:743} INFO - Processing file /home/airflow/.local/lib/python3.7/site-packages/airflow/example_dags/example_task_group.py for tasks to queue
[2023-04-23T11:47:52.298+0000] {logging_mixin.py:137} INFO - [2023-04-23T11:47:52.298+0000] {dagbag.py:532} INFO - Filling up the DagBag from /home/airflow/.local/lib/python3.7/site-packages/airflow/example_dags/example_task_group.py
[2023-04-23T11:47:52.342+0000] {processor.py:753} INFO - DAG(s) dict_keys(['example_task_group']) retrieved from /home/airflow/.local/lib/python3.7/site-packages/airflow/example_dags/example_task_group.py
[2023-04-23T11:47:52.371+0000] {logging_mixin.py:137} INFO - [2023-04-23T11:47:52.370+0000] {dag.py:2705} INFO - Sync 1 DAGs
[2023-04-23T11:47:52.413+0000] {logging_mixin.py:137} INFO - [2023-04-23T11:47:52.413+0000] {dag.py:3456} INFO - Setting next_dagrun for example_task_group to 2023-04-22T11:47:52.412827+00:00, run_after=2023-04-23T11:47:52.412827+00:00
[2023-04-23T11:47:52.448+0000] {processor.py:175} INFO - Processing /home/airflow/.local/lib/python3.7/site-packages/airflow/example_dags/example_task_group.py took 0.154 seconds
[2023-04-23T11:48:57.707+0000] {processor.py:153} INFO - Started process (PID=61) to work on /home/airflow/.local/lib/python3.7/site-packages/airflow/example_dags/example_task_group.py
[2023-04-23T11:48:57.709+0000] {processor.py:743} INFO - Processing file /home/airflow/.local/lib/python3.7/site-packages/airflow/example_dags/example_task_group.py for tasks to queue
[2023-04-23T11:48:57.711+0000] {logging_mixin.py:137} INFO - [2023-04-23T11:48:57.710+0000] {dagbag.py:532} INFO - Filling up the DagBag from /home/airflow/.local/lib/python3.7/site-packages/airflow/example_dags/example_task_group.py
[2023-04-23T11:48:57.744+0000] {processor.py:753} INFO - DAG(s) dict_keys(['example_task_group']) retrieved from /home/airflow/.local/lib/python3.7/site-packages/airflow/example_dags/example_task_group.py
[2023-04-23T11:48:57.784+0000] {logging_mixin.py:137} INFO - [2023-04-23T11:48:57.784+0000] {dag.py:2705} INFO - Sync 1 DAGs
[2023-04-23T11:48:57.843+0000] {logging_mixin.py:137} INFO - [2023-04-23T11:48:57.843+0000] {dag.py:3456} INFO - Setting next_dagrun for example_task_group to 2023-04-22T11:48:57.841858+00:00, run_after=2023-04-23T11:48:57.841858+00:00
[2023-04-23T11:48:57.938+0000] {processor.py:175} INFO - Processing /home/airflow/.local/lib/python3.7/site-packages/airflow/example_dags/example_task_group.py took 0.233 seconds
[2023-04-23T11:51:34.481+0000] {processor.py:153} INFO - Started process (PID=70) to work on /home/airflow/.local/lib/python3.7/site-packages/airflow/example_dags/example_task_group.py
[2023-04-23T11:51:34.490+0000] {processor.py:743} INFO - Processing file /home/airflow/.local/lib/python3.7/site-packages/airflow/example_dags/example_task_group.py for tasks to queue
[2023-04-23T11:51:34.499+0000] {logging_mixin.py:137} INFO - [2023-04-23T11:51:34.499+0000] {dagbag.py:532} INFO - Filling up the DagBag from /home/airflow/.local/lib/python3.7/site-packages/airflow/example_dags/example_task_group.py
[2023-04-23T11:51:34.619+0000] {processor.py:753} INFO - DAG(s) dict_keys(['example_task_group']) retrieved from /home/airflow/.local/lib/python3.7/site-packages/airflow/example_dags/example_task_group.py
[2023-04-23T11:51:34.675+0000] {logging_mixin.py:137} INFO - [2023-04-23T11:51:34.674+0000] {dag.py:2705} INFO - Sync 1 DAGs
[2023-04-23T11:51:34.753+0000] {logging_mixin.py:137} INFO - [2023-04-23T11:51:34.753+0000] {dag.py:3456} INFO - Setting next_dagrun for example_task_group to 2023-04-22T11:51:34.752718+00:00, run_after=2023-04-23T11:51:34.752718+00:00
[2023-04-23T11:51:34.818+0000] {processor.py:175} INFO - Processing /home/airflow/.local/lib/python3.7/site-packages/airflow/example_dags/example_task_group.py took 0.370 seconds
[2023-04-23T11:52:28.252+0000] {processor.py:153} INFO - Started process (PID=67) to work on /home/airflow/.local/lib/python3.7/site-packages/airflow/example_dags/example_task_group.py
[2023-04-23T11:52:28.253+0000] {processor.py:743} INFO - Processing file /home/airflow/.local/lib/python3.7/site-packages/airflow/example_dags/example_task_group.py for tasks to queue
[2023-04-23T11:52:28.254+0000] {logging_mixin.py:137} INFO - [2023-04-23T11:52:28.254+0000] {dagbag.py:532} INFO - Filling up the DagBag from /home/airflow/.local/lib/python3.7/site-packages/airflow/example_dags/example_task_group.py
[2023-04-23T11:52:28.266+0000] {processor.py:753} INFO - DAG(s) dict_keys(['example_task_group']) retrieved from /home/airflow/.local/lib/python3.7/site-packages/airflow/example_dags/example_task_group.py
[2023-04-23T11:52:28.288+0000] {logging_mixin.py:137} INFO - [2023-04-23T11:52:28.287+0000] {dag.py:2705} INFO - Sync 1 DAGs
[2023-04-23T11:52:28.307+0000] {logging_mixin.py:137} INFO - [2023-04-23T11:52:28.307+0000] {dag.py:3456} INFO - Setting next_dagrun for example_task_group to 2023-04-22T11:52:28.307439+00:00, run_after=2023-04-23T11:52:28.307439+00:00
[2023-04-23T11:52:28.324+0000] {processor.py:175} INFO - Processing /home/airflow/.local/lib/python3.7/site-packages/airflow/example_dags/example_task_group.py took 0.074 seconds
[2023-04-23T11:52:49.388+0000] {processor.py:153} INFO - Started process (PID=61) to work on /home/airflow/.local/lib/python3.7/site-packages/airflow/example_dags/example_task_group.py
[2023-04-23T11:52:49.391+0000] {processor.py:743} INFO - Processing file /home/airflow/.local/lib/python3.7/site-packages/airflow/example_dags/example_task_group.py for tasks to queue
[2023-04-23T11:52:49.392+0000] {logging_mixin.py:137} INFO - [2023-04-23T11:52:49.392+0000] {dagbag.py:532} INFO - Filling up the DagBag from /home/airflow/.local/lib/python3.7/site-packages/airflow/example_dags/example_task_group.py
[2023-04-23T11:52:49.404+0000] {processor.py:753} INFO - DAG(s) dict_keys(['example_task_group']) retrieved from /home/airflow/.local/lib/python3.7/site-packages/airflow/example_dags/example_task_group.py
[2023-04-23T11:52:49.422+0000] {logging_mixin.py:137} INFO - [2023-04-23T11:52:49.421+0000] {dag.py:2705} INFO - Sync 1 DAGs
[2023-04-23T11:52:49.443+0000] {logging_mixin.py:137} INFO - [2023-04-23T11:52:49.443+0000] {dag.py:3456} INFO - Setting next_dagrun for example_task_group to 2023-04-22T11:52:49.442797+00:00, run_after=2023-04-23T11:52:49.442797+00:00
[2023-04-23T11:52:49.459+0000] {processor.py:175} INFO - Processing /home/airflow/.local/lib/python3.7/site-packages/airflow/example_dags/example_task_group.py took 0.075 seconds
[2023-04-23T11:53:45.359+0000] {processor.py:153} INFO - Started process (PID=65) to work on /home/airflow/.local/lib/python3.7/site-packages/airflow/example_dags/example_task_group.py
[2023-04-23T11:53:45.362+0000] {processor.py:743} INFO - Processing file /home/airflow/.local/lib/python3.7/site-packages/airflow/example_dags/example_task_group.py for tasks to queue
[2023-04-23T11:53:45.362+0000] {logging_mixin.py:137} INFO - [2023-04-23T11:53:45.362+0000] {dagbag.py:532} INFO - Filling up the DagBag from /home/airflow/.local/lib/python3.7/site-packages/airflow/example_dags/example_task_group.py
[2023-04-23T11:53:45.509+0000] {processor.py:753} INFO - DAG(s) dict_keys(['example_task_group']) retrieved from /home/airflow/.local/lib/python3.7/site-packages/airflow/example_dags/example_task_group.py
[2023-04-23T11:53:45.658+0000] {logging_mixin.py:137} INFO - [2023-04-23T11:53:45.657+0000] {dag.py:2705} INFO - Sync 1 DAGs
[2023-04-23T11:53:45.936+0000] {logging_mixin.py:137} INFO - [2023-04-23T11:53:45.936+0000] {dag.py:3456} INFO - Setting next_dagrun for example_task_group to 2023-04-22T11:53:45.935307+00:00, run_after=2023-04-23T11:53:45.935307+00:00
[2023-04-23T11:53:46.273+0000] {processor.py:175} INFO - Processing /home/airflow/.local/lib/python3.7/site-packages/airflow/example_dags/example_task_group.py took 0.920 seconds
[2023-04-23T11:57:12.992+0000] {processor.py:153} INFO - Started process (PID=62) to work on /home/airflow/.local/lib/python3.7/site-packages/airflow/example_dags/example_task_group.py
[2023-04-23T11:57:13.002+0000] {processor.py:743} INFO - Processing file /home/airflow/.local/lib/python3.7/site-packages/airflow/example_dags/example_task_group.py for tasks to queue
[2023-04-23T11:57:13.006+0000] {logging_mixin.py:137} INFO - [2023-04-23T11:57:13.006+0000] {dagbag.py:532} INFO - Filling up the DagBag from /home/airflow/.local/lib/python3.7/site-packages/airflow/example_dags/example_task_group.py
[2023-04-23T11:57:13.169+0000] {processor.py:753} INFO - DAG(s) dict_keys(['example_task_group']) retrieved from /home/airflow/.local/lib/python3.7/site-packages/airflow/example_dags/example_task_group.py
[2023-04-23T12:02:42.057+0000] {processor.py:153} INFO - Started process (PID=68) to work on /home/airflow/.local/lib/python3.7/site-packages/airflow/example_dags/example_task_group.py
[2023-04-23T12:02:42.061+0000] {processor.py:743} INFO - Processing file /home/airflow/.local/lib/python3.7/site-packages/airflow/example_dags/example_task_group.py for tasks to queue
[2023-04-23T12:02:42.066+0000] {logging_mixin.py:137} INFO - [2023-04-23T12:02:42.066+0000] {dagbag.py:532} INFO - Filling up the DagBag from /home/airflow/.local/lib/python3.7/site-packages/airflow/example_dags/example_task_group.py
[2023-04-23T12:02:42.158+0000] {processor.py:753} INFO - DAG(s) dict_keys(['example_task_group']) retrieved from /home/airflow/.local/lib/python3.7/site-packages/airflow/example_dags/example_task_group.py
[2023-04-23T12:02:42.202+0000] {logging_mixin.py:137} INFO - [2023-04-23T12:02:42.202+0000] {dag.py:2705} INFO - Sync 1 DAGs
[2023-04-23T12:02:42.247+0000] {logging_mixin.py:137} INFO - [2023-04-23T12:02:42.247+0000] {dag.py:3456} INFO - Setting next_dagrun for example_task_group to 2023-04-22T12:02:42.247635+00:00, run_after=2023-04-23T12:02:42.247635+00:00
[2023-04-23T12:02:42.305+0000] {processor.py:175} INFO - Processing /home/airflow/.local/lib/python3.7/site-packages/airflow/example_dags/example_task_group.py took 0.251 seconds
[2023-04-23T12:03:06.590+0000] {processor.py:153} INFO - Started process (PID=61) to work on /home/airflow/.local/lib/python3.7/site-packages/airflow/example_dags/example_task_group.py
[2023-04-23T12:03:06.591+0000] {processor.py:743} INFO - Processing file /home/airflow/.local/lib/python3.7/site-packages/airflow/example_dags/example_task_group.py for tasks to queue
[2023-04-23T12:03:06.592+0000] {logging_mixin.py:137} INFO - [2023-04-23T12:03:06.592+0000] {dagbag.py:532} INFO - Filling up the DagBag from /home/airflow/.local/lib/python3.7/site-packages/airflow/example_dags/example_task_group.py
[2023-04-23T12:03:06.621+0000] {processor.py:753} INFO - DAG(s) dict_keys(['example_task_group']) retrieved from /home/airflow/.local/lib/python3.7/site-packages/airflow/example_dags/example_task_group.py
[2023-04-23T12:03:06.690+0000] {logging_mixin.py:137} INFO - [2023-04-23T12:03:06.690+0000] {dag.py:2705} INFO - Sync 1 DAGs
[2023-04-23T12:03:06.711+0000] {logging_mixin.py:137} INFO - [2023-04-23T12:03:06.711+0000] {dag.py:3456} INFO - Setting next_dagrun for example_task_group to 2023-04-22T12:03:06.711132+00:00, run_after=2023-04-23T12:03:06.711132+00:00
[2023-04-23T12:03:06.732+0000] {processor.py:175} INFO - Processing /home/airflow/.local/lib/python3.7/site-packages/airflow/example_dags/example_task_group.py took 0.144 seconds
[2023-04-23T12:10:08.831+0000] {processor.py:153} INFO - Started process (PID=69) to work on /home/airflow/.local/lib/python3.7/site-packages/airflow/example_dags/example_task_group.py
[2023-04-23T12:10:08.839+0000] {processor.py:743} INFO - Processing file /home/airflow/.local/lib/python3.7/site-packages/airflow/example_dags/example_task_group.py for tasks to queue
[2023-04-23T12:10:08.840+0000] {logging_mixin.py:137} INFO - [2023-04-23T12:10:08.839+0000] {dagbag.py:532} INFO - Filling up the DagBag from /home/airflow/.local/lib/python3.7/site-packages/airflow/example_dags/example_task_group.py
[2023-04-23T12:10:08.862+0000] {processor.py:753} INFO - DAG(s) dict_keys(['example_task_group']) retrieved from /home/airflow/.local/lib/python3.7/site-packages/airflow/example_dags/example_task_group.py
[2023-04-23T12:10:08.896+0000] {logging_mixin.py:137} INFO - [2023-04-23T12:10:08.896+0000] {dag.py:2705} INFO - Sync 1 DAGs
[2023-04-23T12:10:08.941+0000] {logging_mixin.py:137} INFO - [2023-04-23T12:10:08.941+0000] {dag.py:3456} INFO - Setting next_dagrun for example_task_group to 2023-04-22T12:10:08.941059+00:00, run_after=2023-04-23T12:10:08.941059+00:00
[2023-04-23T12:10:08.988+0000] {processor.py:175} INFO - Processing /home/airflow/.local/lib/python3.7/site-packages/airflow/example_dags/example_task_group.py took 0.160 seconds
[2023-04-23T12:14:17.436+0000] {processor.py:153} INFO - Started process (PID=61) to work on /home/airflow/.local/lib/python3.7/site-packages/airflow/example_dags/example_task_group.py
[2023-04-23T12:14:17.441+0000] {processor.py:743} INFO - Processing file /home/airflow/.local/lib/python3.7/site-packages/airflow/example_dags/example_task_group.py for tasks to queue
[2023-04-23T12:14:17.443+0000] {logging_mixin.py:137} INFO - [2023-04-23T12:14:17.443+0000] {dagbag.py:532} INFO - Filling up the DagBag from /home/airflow/.local/lib/python3.7/site-packages/airflow/example_dags/example_task_group.py
[2023-04-23T12:14:17.461+0000] {processor.py:753} INFO - DAG(s) dict_keys(['example_task_group']) retrieved from /home/airflow/.local/lib/python3.7/site-packages/airflow/example_dags/example_task_group.py
[2023-04-23T12:14:17.499+0000] {logging_mixin.py:137} INFO - [2023-04-23T12:14:17.499+0000] {dag.py:2705} INFO - Sync 1 DAGs
[2023-04-23T12:14:17.568+0000] {logging_mixin.py:137} INFO - [2023-04-23T12:14:17.568+0000] {dag.py:3456} INFO - Setting next_dagrun for example_task_group to 2023-04-22T12:14:17.568317+00:00, run_after=2023-04-23T12:14:17.568317+00:00
[2023-04-23T12:14:17.615+0000] {processor.py:175} INFO - Processing /home/airflow/.local/lib/python3.7/site-packages/airflow/example_dags/example_task_group.py took 0.181 seconds
[2023-04-23T12:16:04.523+0000] {processor.py:153} INFO - Started process (PID=70) to work on /home/airflow/.local/lib/python3.7/site-packages/airflow/example_dags/example_task_group.py
[2023-04-23T12:16:04.525+0000] {processor.py:743} INFO - Processing file /home/airflow/.local/lib/python3.7/site-packages/airflow/example_dags/example_task_group.py for tasks to queue
[2023-04-23T12:16:04.527+0000] {logging_mixin.py:137} INFO - [2023-04-23T12:16:04.527+0000] {dagbag.py:532} INFO - Filling up the DagBag from /home/airflow/.local/lib/python3.7/site-packages/airflow/example_dags/example_task_group.py
[2023-04-23T12:16:04.551+0000] {processor.py:753} INFO - DAG(s) dict_keys(['example_task_group']) retrieved from /home/airflow/.local/lib/python3.7/site-packages/airflow/example_dags/example_task_group.py
[2023-04-23T12:16:04.593+0000] {logging_mixin.py:137} INFO - [2023-04-23T12:16:04.593+0000] {dag.py:2705} INFO - Sync 1 DAGs
[2023-04-23T12:16:04.651+0000] {logging_mixin.py:137} INFO - [2023-04-23T12:16:04.651+0000] {dag.py:3456} INFO - Setting next_dagrun for example_task_group to 2023-04-22T12:16:04.651660+00:00, run_after=2023-04-23T12:16:04.651660+00:00
[2023-04-23T12:16:04.694+0000] {processor.py:175} INFO - Processing /home/airflow/.local/lib/python3.7/site-packages/airflow/example_dags/example_task_group.py took 0.179 seconds
[2023-04-23T12:16:36.521+0000] {processor.py:153} INFO - Started process (PID=61) to work on /home/airflow/.local/lib/python3.7/site-packages/airflow/example_dags/example_task_group.py
[2023-04-23T12:16:36.522+0000] {processor.py:743} INFO - Processing file /home/airflow/.local/lib/python3.7/site-packages/airflow/example_dags/example_task_group.py for tasks to queue
[2023-04-23T12:16:36.524+0000] {logging_mixin.py:137} INFO - [2023-04-23T12:16:36.524+0000] {dagbag.py:532} INFO - Filling up the DagBag from /home/airflow/.local/lib/python3.7/site-packages/airflow/example_dags/example_task_group.py
[2023-04-23T12:16:36.540+0000] {processor.py:753} INFO - DAG(s) dict_keys(['example_task_group']) retrieved from /home/airflow/.local/lib/python3.7/site-packages/airflow/example_dags/example_task_group.py
[2023-04-23T12:16:36.588+0000] {logging_mixin.py:137} INFO - [2023-04-23T12:16:36.588+0000] {dag.py:2705} INFO - Sync 1 DAGs
[2023-04-23T12:16:36.622+0000] {logging_mixin.py:137} INFO - [2023-04-23T12:16:36.622+0000] {dag.py:3456} INFO - Setting next_dagrun for example_task_group to 2023-04-22T12:16:36.621903+00:00, run_after=2023-04-23T12:16:36.621903+00:00
[2023-04-23T12:16:36.648+0000] {processor.py:175} INFO - Processing /home/airflow/.local/lib/python3.7/site-packages/airflow/example_dags/example_task_group.py took 0.133 seconds
[2023-04-23T12:17:12.956+0000] {processor.py:153} INFO - Started process (PID=61) to work on /home/airflow/.local/lib/python3.7/site-packages/airflow/example_dags/example_task_group.py
[2023-04-23T12:17:12.957+0000] {processor.py:743} INFO - Processing file /home/airflow/.local/lib/python3.7/site-packages/airflow/example_dags/example_task_group.py for tasks to queue
[2023-04-23T12:17:12.957+0000] {logging_mixin.py:137} INFO - [2023-04-23T12:17:12.957+0000] {dagbag.py:532} INFO - Filling up the DagBag from /home/airflow/.local/lib/python3.7/site-packages/airflow/example_dags/example_task_group.py
[2023-04-23T12:17:12.970+0000] {processor.py:753} INFO - DAG(s) dict_keys(['example_task_group']) retrieved from /home/airflow/.local/lib/python3.7/site-packages/airflow/example_dags/example_task_group.py
[2023-04-23T12:17:12.994+0000] {logging_mixin.py:137} INFO - [2023-04-23T12:17:12.994+0000] {dag.py:2705} INFO - Sync 1 DAGs
[2023-04-23T12:17:13.029+0000] {logging_mixin.py:137} INFO - [2023-04-23T12:17:13.028+0000] {dag.py:3456} INFO - Setting next_dagrun for example_task_group to 2023-04-22T12:17:13.028771+00:00, run_after=2023-04-23T12:17:13.028771+00:00
[2023-04-23T12:17:13.085+0000] {processor.py:175} INFO - Processing /home/airflow/.local/lib/python3.7/site-packages/airflow/example_dags/example_task_group.py took 0.133 seconds
[2023-04-23T12:17:59.641+0000] {processor.py:153} INFO - Started process (PID=61) to work on /home/airflow/.local/lib/python3.7/site-packages/airflow/example_dags/example_task_group.py
[2023-04-23T12:17:59.642+0000] {processor.py:743} INFO - Processing file /home/airflow/.local/lib/python3.7/site-packages/airflow/example_dags/example_task_group.py for tasks to queue
[2023-04-23T12:17:59.643+0000] {logging_mixin.py:137} INFO - [2023-04-23T12:17:59.642+0000] {dagbag.py:532} INFO - Filling up the DagBag from /home/airflow/.local/lib/python3.7/site-packages/airflow/example_dags/example_task_group.py
[2023-04-23T12:17:59.655+0000] {processor.py:753} INFO - DAG(s) dict_keys(['example_task_group']) retrieved from /home/airflow/.local/lib/python3.7/site-packages/airflow/example_dags/example_task_group.py
[2023-04-23T12:17:59.673+0000] {logging_mixin.py:137} INFO - [2023-04-23T12:17:59.673+0000] {dag.py:2705} INFO - Sync 1 DAGs
[2023-04-23T12:17:59.703+0000] {logging_mixin.py:137} INFO - [2023-04-23T12:17:59.703+0000] {dag.py:3456} INFO - Setting next_dagrun for example_task_group to 2023-04-22T12:17:59.703475+00:00, run_after=2023-04-23T12:17:59.703475+00:00
[2023-04-23T12:17:59.721+0000] {processor.py:175} INFO - Processing /home/airflow/.local/lib/python3.7/site-packages/airflow/example_dags/example_task_group.py took 0.082 seconds
[2023-04-23T12:18:54.350+0000] {processor.py:153} INFO - Started process (PID=68) to work on /home/airflow/.local/lib/python3.7/site-packages/airflow/example_dags/example_task_group.py
[2023-04-23T12:18:54.364+0000] {processor.py:743} INFO - Processing file /home/airflow/.local/lib/python3.7/site-packages/airflow/example_dags/example_task_group.py for tasks to queue
[2023-04-23T12:18:54.365+0000] {logging_mixin.py:137} INFO - [2023-04-23T12:18:54.365+0000] {dagbag.py:532} INFO - Filling up the DagBag from /home/airflow/.local/lib/python3.7/site-packages/airflow/example_dags/example_task_group.py
[2023-04-23T12:18:54.429+0000] {processor.py:753} INFO - DAG(s) dict_keys(['example_task_group']) retrieved from /home/airflow/.local/lib/python3.7/site-packages/airflow/example_dags/example_task_group.py
[2023-04-23T12:18:54.506+0000] {logging_mixin.py:137} INFO - [2023-04-23T12:18:54.506+0000] {dag.py:2705} INFO - Sync 1 DAGs
[2023-04-23T12:18:54.565+0000] {logging_mixin.py:137} INFO - [2023-04-23T12:18:54.565+0000] {dag.py:3456} INFO - Setting next_dagrun for example_task_group to 2023-04-22T12:18:54.562180+00:00, run_after=2023-04-23T12:18:54.562180+00:00
[2023-04-23T12:18:54.615+0000] {processor.py:175} INFO - Processing /home/airflow/.local/lib/python3.7/site-packages/airflow/example_dags/example_task_group.py took 0.276 seconds
[2023-04-23T12:19:49.647+0000] {processor.py:153} INFO - Started process (PID=61) to work on /home/airflow/.local/lib/python3.7/site-packages/airflow/example_dags/example_task_group.py
[2023-04-23T12:19:49.648+0000] {processor.py:743} INFO - Processing file /home/airflow/.local/lib/python3.7/site-packages/airflow/example_dags/example_task_group.py for tasks to queue
[2023-04-23T12:19:49.650+0000] {logging_mixin.py:137} INFO - [2023-04-23T12:19:49.649+0000] {dagbag.py:532} INFO - Filling up the DagBag from /home/airflow/.local/lib/python3.7/site-packages/airflow/example_dags/example_task_group.py
[2023-04-23T12:19:49.685+0000] {processor.py:753} INFO - DAG(s) dict_keys(['example_task_group']) retrieved from /home/airflow/.local/lib/python3.7/site-packages/airflow/example_dags/example_task_group.py
[2023-04-23T12:19:49.730+0000] {logging_mixin.py:137} INFO - [2023-04-23T12:19:49.730+0000] {dag.py:2705} INFO - Sync 1 DAGs
[2023-04-23T12:19:49.783+0000] {logging_mixin.py:137} INFO - [2023-04-23T12:19:49.782+0000] {dag.py:3456} INFO - Setting next_dagrun for example_task_group to 2023-04-22T12:19:49.782661+00:00, run_after=2023-04-23T12:19:49.782661+00:00
[2023-04-23T12:19:49.818+0000] {processor.py:175} INFO - Processing /home/airflow/.local/lib/python3.7/site-packages/airflow/example_dags/example_task_group.py took 0.174 seconds
[2023-04-23T12:23:28.324+0000] {processor.py:153} INFO - Started process (PID=61) to work on /home/airflow/.local/lib/python3.7/site-packages/airflow/example_dags/example_task_group.py
[2023-04-23T12:23:28.325+0000] {processor.py:743} INFO - Processing file /home/airflow/.local/lib/python3.7/site-packages/airflow/example_dags/example_task_group.py for tasks to queue
[2023-04-23T12:23:28.326+0000] {logging_mixin.py:137} INFO - [2023-04-23T12:23:28.326+0000] {dagbag.py:532} INFO - Filling up the DagBag from /home/airflow/.local/lib/python3.7/site-packages/airflow/example_dags/example_task_group.py
[2023-04-23T12:23:28.344+0000] {processor.py:753} INFO - DAG(s) dict_keys(['example_task_group']) retrieved from /home/airflow/.local/lib/python3.7/site-packages/airflow/example_dags/example_task_group.py
[2023-04-23T12:23:28.386+0000] {logging_mixin.py:137} INFO - [2023-04-23T12:23:28.386+0000] {dag.py:2705} INFO - Sync 1 DAGs
[2023-04-23T12:23:28.426+0000] {logging_mixin.py:137} INFO - [2023-04-23T12:23:28.426+0000] {dag.py:3456} INFO - Setting next_dagrun for example_task_group to 2023-04-22T12:23:28.422680+00:00, run_after=2023-04-23T12:23:28.422680+00:00
[2023-04-23T12:23:28.479+0000] {processor.py:175} INFO - Processing /home/airflow/.local/lib/python3.7/site-packages/airflow/example_dags/example_task_group.py took 0.157 seconds
[2023-04-23T12:24:09.027+0000] {processor.py:153} INFO - Started process (PID=61) to work on /home/airflow/.local/lib/python3.7/site-packages/airflow/example_dags/example_task_group.py
[2023-04-23T12:24:09.027+0000] {processor.py:743} INFO - Processing file /home/airflow/.local/lib/python3.7/site-packages/airflow/example_dags/example_task_group.py for tasks to queue
[2023-04-23T12:24:09.028+0000] {logging_mixin.py:137} INFO - [2023-04-23T12:24:09.028+0000] {dagbag.py:532} INFO - Filling up the DagBag from /home/airflow/.local/lib/python3.7/site-packages/airflow/example_dags/example_task_group.py
[2023-04-23T12:24:09.081+0000] {processor.py:753} INFO - DAG(s) dict_keys(['example_task_group']) retrieved from /home/airflow/.local/lib/python3.7/site-packages/airflow/example_dags/example_task_group.py
[2023-04-23T12:24:09.112+0000] {logging_mixin.py:137} INFO - [2023-04-23T12:24:09.112+0000] {dag.py:2705} INFO - Sync 1 DAGs
[2023-04-23T12:24:09.155+0000] {logging_mixin.py:137} INFO - [2023-04-23T12:24:09.155+0000] {dag.py:3456} INFO - Setting next_dagrun for example_task_group to 2023-04-22T12:24:09.155276+00:00, run_after=2023-04-23T12:24:09.155276+00:00
[2023-04-23T12:24:09.189+0000] {processor.py:175} INFO - Processing /home/airflow/.local/lib/python3.7/site-packages/airflow/example_dags/example_task_group.py took 0.165 seconds
[2023-04-23T12:25:35.910+0000] {processor.py:153} INFO - Started process (PID=61) to work on /home/airflow/.local/lib/python3.7/site-packages/airflow/example_dags/example_task_group.py
[2023-04-23T12:25:35.911+0000] {processor.py:743} INFO - Processing file /home/airflow/.local/lib/python3.7/site-packages/airflow/example_dags/example_task_group.py for tasks to queue
[2023-04-23T12:25:35.918+0000] {logging_mixin.py:137} INFO - [2023-04-23T12:25:35.918+0000] {dagbag.py:532} INFO - Filling up the DagBag from /home/airflow/.local/lib/python3.7/site-packages/airflow/example_dags/example_task_group.py
[2023-04-23T12:25:35.941+0000] {processor.py:753} INFO - DAG(s) dict_keys(['example_task_group']) retrieved from /home/airflow/.local/lib/python3.7/site-packages/airflow/example_dags/example_task_group.py
[2023-04-23T12:25:35.998+0000] {logging_mixin.py:137} INFO - [2023-04-23T12:25:35.994+0000] {dag.py:2705} INFO - Sync 1 DAGs
[2023-04-23T12:25:36.038+0000] {logging_mixin.py:137} INFO - [2023-04-23T12:25:36.038+0000] {dag.py:3456} INFO - Setting next_dagrun for example_task_group to 2023-04-22T12:25:36.037899+00:00, run_after=2023-04-23T12:25:36.037899+00:00
[2023-04-23T12:25:36.072+0000] {processor.py:175} INFO - Processing /home/airflow/.local/lib/python3.7/site-packages/airflow/example_dags/example_task_group.py took 0.169 seconds
[2023-04-23T12:26:22.305+0000] {processor.py:153} INFO - Started process (PID=61) to work on /home/airflow/.local/lib/python3.7/site-packages/airflow/example_dags/example_task_group.py
[2023-04-23T12:26:22.306+0000] {processor.py:743} INFO - Processing file /home/airflow/.local/lib/python3.7/site-packages/airflow/example_dags/example_task_group.py for tasks to queue
[2023-04-23T12:26:22.307+0000] {logging_mixin.py:137} INFO - [2023-04-23T12:26:22.307+0000] {dagbag.py:532} INFO - Filling up the DagBag from /home/airflow/.local/lib/python3.7/site-packages/airflow/example_dags/example_task_group.py
[2023-04-23T12:26:22.324+0000] {processor.py:753} INFO - DAG(s) dict_keys(['example_task_group']) retrieved from /home/airflow/.local/lib/python3.7/site-packages/airflow/example_dags/example_task_group.py
[2023-04-23T12:26:22.351+0000] {logging_mixin.py:137} INFO - [2023-04-23T12:26:22.351+0000] {dag.py:2705} INFO - Sync 1 DAGs
[2023-04-23T12:26:22.386+0000] {logging_mixin.py:137} INFO - [2023-04-23T12:26:22.386+0000] {dag.py:3456} INFO - Setting next_dagrun for example_task_group to 2023-04-22T12:26:22.386367+00:00, run_after=2023-04-23T12:26:22.386367+00:00
[2023-04-23T12:26:22.430+0000] {processor.py:175} INFO - Processing /home/airflow/.local/lib/python3.7/site-packages/airflow/example_dags/example_task_group.py took 0.128 seconds
[2023-04-23T13:08:10.652+0000] {processor.py:153} INFO - Started process (PID=61) to work on /home/airflow/.local/lib/python3.7/site-packages/airflow/example_dags/example_task_group.py
[2023-04-23T13:08:10.654+0000] {processor.py:743} INFO - Processing file /home/airflow/.local/lib/python3.7/site-packages/airflow/example_dags/example_task_group.py for tasks to queue
[2023-04-23T13:08:10.654+0000] {logging_mixin.py:137} INFO - [2023-04-23T13:08:10.654+0000] {dagbag.py:532} INFO - Filling up the DagBag from /home/airflow/.local/lib/python3.7/site-packages/airflow/example_dags/example_task_group.py
[2023-04-23T13:08:10.675+0000] {processor.py:753} INFO - DAG(s) dict_keys(['example_task_group']) retrieved from /home/airflow/.local/lib/python3.7/site-packages/airflow/example_dags/example_task_group.py
[2023-04-23T13:08:10.700+0000] {logging_mixin.py:137} INFO - [2023-04-23T13:08:10.700+0000] {dag.py:2705} INFO - Sync 1 DAGs
[2023-04-23T13:08:10.736+0000] {logging_mixin.py:137} INFO - [2023-04-23T13:08:10.736+0000] {dag.py:3456} INFO - Setting next_dagrun for example_task_group to 2023-04-22T13:08:10.736476+00:00, run_after=2023-04-23T13:08:10.736476+00:00
[2023-04-23T13:08:10.753+0000] {processor.py:175} INFO - Processing /home/airflow/.local/lib/python3.7/site-packages/airflow/example_dags/example_task_group.py took 0.102 seconds
[2023-04-23T14:13:53.288+0000] {processor.py:153} INFO - Started process (PID=60) to work on /home/airflow/.local/lib/python3.7/site-packages/airflow/example_dags/example_task_group.py
[2023-04-23T14:13:53.289+0000] {processor.py:743} INFO - Processing file /home/airflow/.local/lib/python3.7/site-packages/airflow/example_dags/example_task_group.py for tasks to queue
[2023-04-23T14:13:53.289+0000] {logging_mixin.py:137} INFO - [2023-04-23T14:13:53.289+0000] {dagbag.py:532} INFO - Filling up the DagBag from /home/airflow/.local/lib/python3.7/site-packages/airflow/example_dags/example_task_group.py
[2023-04-23T14:13:53.363+0000] {processor.py:753} INFO - DAG(s) dict_keys(['example_task_group']) retrieved from /home/airflow/.local/lib/python3.7/site-packages/airflow/example_dags/example_task_group.py
[2023-04-23T14:13:53.447+0000] {logging_mixin.py:137} INFO - [2023-04-23T14:13:53.447+0000] {dag.py:2705} INFO - Sync 1 DAGs
[2023-04-23T14:13:53.527+0000] {logging_mixin.py:137} INFO - [2023-04-23T14:13:53.526+0000] {dag.py:3456} INFO - Setting next_dagrun for example_task_group to 2023-04-22T14:13:53.523744+00:00, run_after=2023-04-23T14:13:53.523744+00:00
[2023-04-23T14:13:53.603+0000] {processor.py:175} INFO - Processing /home/airflow/.local/lib/python3.7/site-packages/airflow/example_dags/example_task_group.py took 0.317 seconds
[2023-04-23T15:24:42.385+0000] {processor.py:153} INFO - Started process (PID=61) to work on /home/airflow/.local/lib/python3.7/site-packages/airflow/example_dags/example_task_group.py
[2023-04-23T15:24:42.386+0000] {processor.py:743} INFO - Processing file /home/airflow/.local/lib/python3.7/site-packages/airflow/example_dags/example_task_group.py for tasks to queue
[2023-04-23T15:24:42.386+0000] {logging_mixin.py:137} INFO - [2023-04-23T15:24:42.386+0000] {dagbag.py:532} INFO - Filling up the DagBag from /home/airflow/.local/lib/python3.7/site-packages/airflow/example_dags/example_task_group.py
[2023-04-23T15:24:42.398+0000] {processor.py:753} INFO - DAG(s) dict_keys(['example_task_group']) retrieved from /home/airflow/.local/lib/python3.7/site-packages/airflow/example_dags/example_task_group.py
[2023-04-23T15:24:42.446+0000] {logging_mixin.py:137} INFO - [2023-04-23T15:24:42.446+0000] {dag.py:2705} INFO - Sync 1 DAGs
[2023-04-23T15:24:42.492+0000] {logging_mixin.py:137} INFO - [2023-04-23T15:24:42.492+0000] {dag.py:3456} INFO - Setting next_dagrun for example_task_group to 2023-04-22T15:24:42.492086+00:00, run_after=2023-04-23T15:24:42.492086+00:00
[2023-04-23T15:24:42.505+0000] {processor.py:175} INFO - Processing /home/airflow/.local/lib/python3.7/site-packages/airflow/example_dags/example_task_group.py took 0.123 seconds
[2023-04-23T15:28:49.054+0000] {processor.py:153} INFO - Started process (PID=70) to work on /home/airflow/.local/lib/python3.7/site-packages/airflow/example_dags/example_task_group.py
[2023-04-23T15:28:49.055+0000] {processor.py:743} INFO - Processing file /home/airflow/.local/lib/python3.7/site-packages/airflow/example_dags/example_task_group.py for tasks to queue
[2023-04-23T15:28:49.056+0000] {logging_mixin.py:137} INFO - [2023-04-23T15:28:49.056+0000] {dagbag.py:532} INFO - Filling up the DagBag from /home/airflow/.local/lib/python3.7/site-packages/airflow/example_dags/example_task_group.py
[2023-04-23T15:28:49.085+0000] {processor.py:753} INFO - DAG(s) dict_keys(['example_task_group']) retrieved from /home/airflow/.local/lib/python3.7/site-packages/airflow/example_dags/example_task_group.py
[2023-04-23T15:28:49.152+0000] {logging_mixin.py:137} INFO - [2023-04-23T15:28:49.152+0000] {dag.py:2705} INFO - Sync 1 DAGs
[2023-04-23T15:28:49.182+0000] {logging_mixin.py:137} INFO - [2023-04-23T15:28:49.182+0000] {dag.py:3456} INFO - Setting next_dagrun for example_task_group to 2023-04-22T15:28:49.181899+00:00, run_after=2023-04-23T15:28:49.181899+00:00
[2023-04-23T15:28:49.212+0000] {processor.py:175} INFO - Processing /home/airflow/.local/lib/python3.7/site-packages/airflow/example_dags/example_task_group.py took 0.161 seconds
[2023-04-23T15:30:10.642+0000] {processor.py:153} INFO - Started process (PID=61) to work on /home/airflow/.local/lib/python3.7/site-packages/airflow/example_dags/example_task_group.py
[2023-04-23T15:30:10.650+0000] {processor.py:743} INFO - Processing file /home/airflow/.local/lib/python3.7/site-packages/airflow/example_dags/example_task_group.py for tasks to queue
[2023-04-23T15:30:10.652+0000] {logging_mixin.py:137} INFO - [2023-04-23T15:30:10.651+0000] {dagbag.py:532} INFO - Filling up the DagBag from /home/airflow/.local/lib/python3.7/site-packages/airflow/example_dags/example_task_group.py
[2023-04-23T15:30:10.691+0000] {processor.py:753} INFO - DAG(s) dict_keys(['example_task_group']) retrieved from /home/airflow/.local/lib/python3.7/site-packages/airflow/example_dags/example_task_group.py
[2023-04-23T15:30:10.777+0000] {logging_mixin.py:137} INFO - [2023-04-23T15:30:10.776+0000] {dag.py:2705} INFO - Sync 1 DAGs
[2023-04-23T15:30:10.818+0000] {logging_mixin.py:137} INFO - [2023-04-23T15:30:10.818+0000] {dag.py:3456} INFO - Setting next_dagrun for example_task_group to 2023-04-22T15:30:10.817940+00:00, run_after=2023-04-23T15:30:10.817940+00:00
[2023-04-23T15:30:10.845+0000] {processor.py:175} INFO - Processing /home/airflow/.local/lib/python3.7/site-packages/airflow/example_dags/example_task_group.py took 0.207 seconds
[2023-04-23T15:30:45.708+0000] {processor.py:153} INFO - Started process (PID=61) to work on /home/airflow/.local/lib/python3.7/site-packages/airflow/example_dags/example_task_group.py
[2023-04-23T15:30:45.710+0000] {processor.py:743} INFO - Processing file /home/airflow/.local/lib/python3.7/site-packages/airflow/example_dags/example_task_group.py for tasks to queue
[2023-04-23T15:30:45.711+0000] {logging_mixin.py:137} INFO - [2023-04-23T15:30:45.710+0000] {dagbag.py:532} INFO - Filling up the DagBag from /home/airflow/.local/lib/python3.7/site-packages/airflow/example_dags/example_task_group.py
[2023-04-23T15:30:45.735+0000] {processor.py:753} INFO - DAG(s) dict_keys(['example_task_group']) retrieved from /home/airflow/.local/lib/python3.7/site-packages/airflow/example_dags/example_task_group.py
[2023-04-23T15:30:45.769+0000] {logging_mixin.py:137} INFO - [2023-04-23T15:30:45.769+0000] {dag.py:2705} INFO - Sync 1 DAGs
[2023-04-23T15:30:45.796+0000] {logging_mixin.py:137} INFO - [2023-04-23T15:30:45.796+0000] {dag.py:3456} INFO - Setting next_dagrun for example_task_group to 2023-04-22T15:30:45.796023+00:00, run_after=2023-04-23T15:30:45.796023+00:00
[2023-04-23T15:30:45.814+0000] {processor.py:175} INFO - Processing /home/airflow/.local/lib/python3.7/site-packages/airflow/example_dags/example_task_group.py took 0.111 seconds
[2023-04-23T15:38:24.709+0000] {processor.py:153} INFO - Started process (PID=63) to work on /home/airflow/.local/lib/python3.7/site-packages/airflow/example_dags/example_task_group.py
[2023-04-23T15:38:24.712+0000] {processor.py:743} INFO - Processing file /home/airflow/.local/lib/python3.7/site-packages/airflow/example_dags/example_task_group.py for tasks to queue
[2023-04-23T15:38:24.716+0000] {logging_mixin.py:137} INFO - [2023-04-23T15:38:24.716+0000] {dagbag.py:532} INFO - Filling up the DagBag from /home/airflow/.local/lib/python3.7/site-packages/airflow/example_dags/example_task_group.py
[2023-04-23T15:38:24.778+0000] {processor.py:753} INFO - DAG(s) dict_keys(['example_task_group']) retrieved from /home/airflow/.local/lib/python3.7/site-packages/airflow/example_dags/example_task_group.py
[2023-04-23T15:38:24.841+0000] {logging_mixin.py:137} INFO - [2023-04-23T15:38:24.841+0000] {dag.py:2705} INFO - Sync 1 DAGs
[2023-04-23T15:38:24.890+0000] {logging_mixin.py:137} INFO - [2023-04-23T15:38:24.890+0000] {dag.py:3456} INFO - Setting next_dagrun for example_task_group to 2023-04-22T15:38:24.890050+00:00, run_after=2023-04-23T15:38:24.890050+00:00
[2023-04-23T15:38:24.939+0000] {processor.py:175} INFO - Processing /home/airflow/.local/lib/python3.7/site-packages/airflow/example_dags/example_task_group.py took 0.243 seconds
[2023-04-23T19:25:56.140+0000] {processor.py:153} INFO - Started process (PID=61) to work on /home/airflow/.local/lib/python3.7/site-packages/airflow/example_dags/example_task_group.py
[2023-04-23T19:25:56.141+0000] {processor.py:743} INFO - Processing file /home/airflow/.local/lib/python3.7/site-packages/airflow/example_dags/example_task_group.py for tasks to queue
[2023-04-23T19:25:56.142+0000] {logging_mixin.py:137} INFO - [2023-04-23T19:25:56.142+0000] {dagbag.py:532} INFO - Filling up the DagBag from /home/airflow/.local/lib/python3.7/site-packages/airflow/example_dags/example_task_group.py
[2023-04-23T19:25:56.173+0000] {processor.py:753} INFO - DAG(s) dict_keys(['example_task_group']) retrieved from /home/airflow/.local/lib/python3.7/site-packages/airflow/example_dags/example_task_group.py
[2023-04-23T19:25:56.195+0000] {logging_mixin.py:137} INFO - [2023-04-23T19:25:56.195+0000] {dag.py:2705} INFO - Sync 1 DAGs
[2023-04-23T19:25:56.211+0000] {logging_mixin.py:137} INFO - [2023-04-23T19:25:56.211+0000] {dag.py:3456} INFO - Setting next_dagrun for example_task_group to 2023-04-22T19:25:56.211118+00:00, run_after=2023-04-23T19:25:56.211118+00:00
[2023-04-23T19:25:56.265+0000] {processor.py:175} INFO - Processing /home/airflow/.local/lib/python3.7/site-packages/airflow/example_dags/example_task_group.py took 0.130 seconds
[2023-04-23T19:26:53.816+0000] {processor.py:153} INFO - Started process (PID=60) to work on /home/airflow/.local/lib/python3.7/site-packages/airflow/example_dags/example_task_group.py
[2023-04-23T19:26:53.818+0000] {processor.py:743} INFO - Processing file /home/airflow/.local/lib/python3.7/site-packages/airflow/example_dags/example_task_group.py for tasks to queue
[2023-04-23T19:26:53.822+0000] {logging_mixin.py:137} INFO - [2023-04-23T19:26:53.821+0000] {dagbag.py:532} INFO - Filling up the DagBag from /home/airflow/.local/lib/python3.7/site-packages/airflow/example_dags/example_task_group.py
[2023-04-23T19:26:53.956+0000] {processor.py:753} INFO - DAG(s) dict_keys(['example_task_group']) retrieved from /home/airflow/.local/lib/python3.7/site-packages/airflow/example_dags/example_task_group.py
[2023-04-23T19:26:54.074+0000] {logging_mixin.py:137} INFO - [2023-04-23T19:26:54.073+0000] {dag.py:2705} INFO - Sync 1 DAGs
[2023-04-23T19:26:54.179+0000] {logging_mixin.py:137} INFO - [2023-04-23T19:26:54.179+0000] {dag.py:3456} INFO - Setting next_dagrun for example_task_group to 2023-04-22T19:26:54.177864+00:00, run_after=2023-04-23T19:26:54.177864+00:00
[2023-04-23T19:26:54.318+0000] {processor.py:175} INFO - Processing /home/airflow/.local/lib/python3.7/site-packages/airflow/example_dags/example_task_group.py took 0.506 seconds
[2023-04-23T19:30:38.948+0000] {processor.py:153} INFO - Started process (PID=61) to work on /home/airflow/.local/lib/python3.7/site-packages/airflow/example_dags/example_task_group.py
[2023-04-23T19:30:38.951+0000] {processor.py:743} INFO - Processing file /home/airflow/.local/lib/python3.7/site-packages/airflow/example_dags/example_task_group.py for tasks to queue
[2023-04-23T19:30:38.956+0000] {logging_mixin.py:137} INFO - [2023-04-23T19:30:38.956+0000] {dagbag.py:532} INFO - Filling up the DagBag from /home/airflow/.local/lib/python3.7/site-packages/airflow/example_dags/example_task_group.py
[2023-04-23T19:30:38.985+0000] {processor.py:753} INFO - DAG(s) dict_keys(['example_task_group']) retrieved from /home/airflow/.local/lib/python3.7/site-packages/airflow/example_dags/example_task_group.py
[2023-04-23T19:30:39.056+0000] {logging_mixin.py:137} INFO - [2023-04-23T19:30:39.056+0000] {dag.py:2705} INFO - Sync 1 DAGs
[2023-04-23T19:30:39.148+0000] {logging_mixin.py:137} INFO - [2023-04-23T19:30:39.148+0000] {dag.py:3456} INFO - Setting next_dagrun for example_task_group to 2023-04-22T19:30:39.140569+00:00, run_after=2023-04-23T19:30:39.140569+00:00
[2023-04-23T19:30:39.224+0000] {processor.py:175} INFO - Processing /home/airflow/.local/lib/python3.7/site-packages/airflow/example_dags/example_task_group.py took 0.282 seconds
[2023-04-23T19:37:40.307+0000] {processor.py:153} INFO - Started process (PID=61) to work on /home/airflow/.local/lib/python3.7/site-packages/airflow/example_dags/example_task_group.py
[2023-04-23T19:37:40.313+0000] {processor.py:743} INFO - Processing file /home/airflow/.local/lib/python3.7/site-packages/airflow/example_dags/example_task_group.py for tasks to queue
[2023-04-23T19:37:40.317+0000] {logging_mixin.py:137} INFO - [2023-04-23T19:37:40.316+0000] {dagbag.py:532} INFO - Filling up the DagBag from /home/airflow/.local/lib/python3.7/site-packages/airflow/example_dags/example_task_group.py
[2023-04-23T19:37:40.342+0000] {processor.py:753} INFO - DAG(s) dict_keys(['example_task_group']) retrieved from /home/airflow/.local/lib/python3.7/site-packages/airflow/example_dags/example_task_group.py
[2023-04-23T19:37:40.390+0000] {logging_mixin.py:137} INFO - [2023-04-23T19:37:40.387+0000] {dag.py:2705} INFO - Sync 1 DAGs
[2023-04-23T19:37:40.442+0000] {logging_mixin.py:137} INFO - [2023-04-23T19:37:40.442+0000] {dag.py:3456} INFO - Setting next_dagrun for example_task_group to 2023-04-22T19:37:40.442156+00:00, run_after=2023-04-23T19:37:40.442156+00:00
[2023-04-23T19:37:40.498+0000] {processor.py:175} INFO - Processing /home/airflow/.local/lib/python3.7/site-packages/airflow/example_dags/example_task_group.py took 0.193 seconds
[2023-04-23T19:38:01.716+0000] {processor.py:153} INFO - Started process (PID=61) to work on /home/airflow/.local/lib/python3.7/site-packages/airflow/example_dags/example_task_group.py
[2023-04-23T19:38:01.719+0000] {processor.py:743} INFO - Processing file /home/airflow/.local/lib/python3.7/site-packages/airflow/example_dags/example_task_group.py for tasks to queue
[2023-04-23T19:38:01.720+0000] {logging_mixin.py:137} INFO - [2023-04-23T19:38:01.720+0000] {dagbag.py:532} INFO - Filling up the DagBag from /home/airflow/.local/lib/python3.7/site-packages/airflow/example_dags/example_task_group.py
[2023-04-23T19:38:01.745+0000] {processor.py:753} INFO - DAG(s) dict_keys(['example_task_group']) retrieved from /home/airflow/.local/lib/python3.7/site-packages/airflow/example_dags/example_task_group.py
[2023-04-23T19:38:01.791+0000] {logging_mixin.py:137} INFO - [2023-04-23T19:38:01.791+0000] {dag.py:2705} INFO - Sync 1 DAGs
[2023-04-23T19:38:01.831+0000] {logging_mixin.py:137} INFO - [2023-04-23T19:38:01.831+0000] {dag.py:3456} INFO - Setting next_dagrun for example_task_group to 2023-04-22T19:38:01.827824+00:00, run_after=2023-04-23T19:38:01.827824+00:00
[2023-04-23T19:38:01.859+0000] {processor.py:175} INFO - Processing /home/airflow/.local/lib/python3.7/site-packages/airflow/example_dags/example_task_group.py took 0.147 seconds
[2023-04-23T19:38:34.007+0000] {processor.py:153} INFO - Started process (PID=60) to work on /home/airflow/.local/lib/python3.7/site-packages/airflow/example_dags/example_task_group.py
[2023-04-23T19:38:34.008+0000] {processor.py:743} INFO - Processing file /home/airflow/.local/lib/python3.7/site-packages/airflow/example_dags/example_task_group.py for tasks to queue
[2023-04-23T19:38:34.009+0000] {logging_mixin.py:137} INFO - [2023-04-23T19:38:34.009+0000] {dagbag.py:532} INFO - Filling up the DagBag from /home/airflow/.local/lib/python3.7/site-packages/airflow/example_dags/example_task_group.py
[2023-04-23T19:38:34.032+0000] {processor.py:753} INFO - DAG(s) dict_keys(['example_task_group']) retrieved from /home/airflow/.local/lib/python3.7/site-packages/airflow/example_dags/example_task_group.py
[2023-04-23T19:38:34.156+0000] {logging_mixin.py:137} INFO - [2023-04-23T19:38:34.156+0000] {dag.py:2705} INFO - Sync 1 DAGs
[2023-04-23T19:38:34.204+0000] {logging_mixin.py:137} INFO - [2023-04-23T19:38:34.204+0000] {dag.py:3456} INFO - Setting next_dagrun for example_task_group to 2023-04-22T19:38:34.204473+00:00, run_after=2023-04-23T19:38:34.204473+00:00
[2023-04-23T19:38:34.235+0000] {processor.py:175} INFO - Processing /home/airflow/.local/lib/python3.7/site-packages/airflow/example_dags/example_task_group.py took 0.231 seconds
[2023-04-23T19:39:54.789+0000] {processor.py:153} INFO - Started process (PID=61) to work on /home/airflow/.local/lib/python3.7/site-packages/airflow/example_dags/example_task_group.py
[2023-04-23T19:39:54.792+0000] {processor.py:743} INFO - Processing file /home/airflow/.local/lib/python3.7/site-packages/airflow/example_dags/example_task_group.py for tasks to queue
[2023-04-23T19:39:54.799+0000] {logging_mixin.py:137} INFO - [2023-04-23T19:39:54.798+0000] {dagbag.py:532} INFO - Filling up the DagBag from /home/airflow/.local/lib/python3.7/site-packages/airflow/example_dags/example_task_group.py
[2023-04-23T19:39:54.903+0000] {processor.py:753} INFO - DAG(s) dict_keys(['example_task_group']) retrieved from /home/airflow/.local/lib/python3.7/site-packages/airflow/example_dags/example_task_group.py
[2023-04-23T19:39:55.077+0000] {logging_mixin.py:137} INFO - [2023-04-23T19:39:55.074+0000] {dag.py:2705} INFO - Sync 1 DAGs
[2023-04-23T19:39:55.231+0000] {logging_mixin.py:137} INFO - [2023-04-23T19:39:55.230+0000] {dag.py:3456} INFO - Setting next_dagrun for example_task_group to 2023-04-22T19:39:55.228474+00:00, run_after=2023-04-23T19:39:55.228474+00:00
[2023-04-23T19:39:55.463+0000] {processor.py:175} INFO - Processing /home/airflow/.local/lib/python3.7/site-packages/airflow/example_dags/example_task_group.py took 0.684 seconds
[2023-04-23T19:45:31.646+0000] {processor.py:153} INFO - Started process (PID=61) to work on /home/airflow/.local/lib/python3.7/site-packages/airflow/example_dags/example_task_group.py
[2023-04-23T19:45:31.647+0000] {processor.py:743} INFO - Processing file /home/airflow/.local/lib/python3.7/site-packages/airflow/example_dags/example_task_group.py for tasks to queue
[2023-04-23T19:45:31.648+0000] {logging_mixin.py:137} INFO - [2023-04-23T19:45:31.648+0000] {dagbag.py:532} INFO - Filling up the DagBag from /home/airflow/.local/lib/python3.7/site-packages/airflow/example_dags/example_task_group.py
[2023-04-23T19:45:31.690+0000] {processor.py:753} INFO - DAG(s) dict_keys(['example_task_group']) retrieved from /home/airflow/.local/lib/python3.7/site-packages/airflow/example_dags/example_task_group.py
[2023-04-23T19:45:31.723+0000] {logging_mixin.py:137} INFO - [2023-04-23T19:45:31.723+0000] {dag.py:2705} INFO - Sync 1 DAGs
[2023-04-23T19:45:31.767+0000] {logging_mixin.py:137} INFO - [2023-04-23T19:45:31.767+0000] {dag.py:3456} INFO - Setting next_dagrun for example_task_group to 2023-04-22T19:45:31.767493+00:00, run_after=2023-04-23T19:45:31.767493+00:00
[2023-04-23T19:45:31.794+0000] {processor.py:175} INFO - Processing /home/airflow/.local/lib/python3.7/site-packages/airflow/example_dags/example_task_group.py took 0.163 seconds
[2023-04-23T19:57:05.967+0000] {processor.py:153} INFO - Started process (PID=70) to work on /home/airflow/.local/lib/python3.7/site-packages/airflow/example_dags/example_task_group.py
[2023-04-23T19:57:05.973+0000] {processor.py:743} INFO - Processing file /home/airflow/.local/lib/python3.7/site-packages/airflow/example_dags/example_task_group.py for tasks to queue
[2023-04-23T19:57:05.973+0000] {logging_mixin.py:137} INFO - [2023-04-23T19:57:05.973+0000] {dagbag.py:532} INFO - Filling up the DagBag from /home/airflow/.local/lib/python3.7/site-packages/airflow/example_dags/example_task_group.py
[2023-04-23T19:57:06.070+0000] {processor.py:753} INFO - DAG(s) dict_keys(['example_task_group']) retrieved from /home/airflow/.local/lib/python3.7/site-packages/airflow/example_dags/example_task_group.py
[2023-04-23T19:57:06.159+0000] {logging_mixin.py:137} INFO - [2023-04-23T19:57:06.158+0000] {dag.py:2705} INFO - Sync 1 DAGs
[2023-04-23T19:57:06.208+0000] {logging_mixin.py:137} INFO - [2023-04-23T19:57:06.208+0000] {dag.py:3456} INFO - Setting next_dagrun for example_task_group to 2023-04-22T19:57:06.207174+00:00, run_after=2023-04-23T19:57:06.207174+00:00
[2023-04-23T19:57:06.280+0000] {processor.py:175} INFO - Processing /home/airflow/.local/lib/python3.7/site-packages/airflow/example_dags/example_task_group.py took 0.323 seconds
[2023-04-23T20:00:38.307+0000] {processor.py:153} INFO - Started process (PID=62) to work on /home/airflow/.local/lib/python3.7/site-packages/airflow/example_dags/example_task_group.py
[2023-04-23T20:00:38.308+0000] {processor.py:743} INFO - Processing file /home/airflow/.local/lib/python3.7/site-packages/airflow/example_dags/example_task_group.py for tasks to queue
[2023-04-23T20:00:38.309+0000] {logging_mixin.py:137} INFO - [2023-04-23T20:00:38.309+0000] {dagbag.py:532} INFO - Filling up the DagBag from /home/airflow/.local/lib/python3.7/site-packages/airflow/example_dags/example_task_group.py
[2023-04-23T20:00:38.387+0000] {processor.py:753} INFO - DAG(s) dict_keys(['example_task_group']) retrieved from /home/airflow/.local/lib/python3.7/site-packages/airflow/example_dags/example_task_group.py
[2023-04-23T20:00:38.495+0000] {logging_mixin.py:137} INFO - [2023-04-23T20:00:38.493+0000] {dag.py:2705} INFO - Sync 1 DAGs
[2023-04-23T20:00:38.605+0000] {logging_mixin.py:137} INFO - [2023-04-23T20:00:38.605+0000] {dag.py:3456} INFO - Setting next_dagrun for example_task_group to 2023-04-22T20:00:38.600222+00:00, run_after=2023-04-23T20:00:38.600222+00:00
[2023-04-23T20:00:38.753+0000] {processor.py:175} INFO - Processing /home/airflow/.local/lib/python3.7/site-packages/airflow/example_dags/example_task_group.py took 0.448 seconds
