[2023-04-23T01:09:48.531+0000] {processor.py:153} INFO - Started process (PID=77) to work on /home/airflow/.local/lib/python3.7/site-packages/airflow/example_dags/example_short_circuit_decorator.py
[2023-04-23T01:09:48.538+0000] {processor.py:743} INFO - Processing file /home/airflow/.local/lib/python3.7/site-packages/airflow/example_dags/example_short_circuit_decorator.py for tasks to queue
[2023-04-23T01:09:48.538+0000] {logging_mixin.py:137} INFO - [2023-04-23T01:09:48.538+0000] {dagbag.py:532} INFO - Filling up the DagBag from /home/airflow/.local/lib/python3.7/site-packages/airflow/example_dags/example_short_circuit_decorator.py
[2023-04-23T01:09:48.601+0000] {processor.py:753} INFO - DAG(s) dict_keys(['example_short_circuit_decorator']) retrieved from /home/airflow/.local/lib/python3.7/site-packages/airflow/example_dags/example_short_circuit_decorator.py
[2023-04-23T01:09:48.706+0000] {logging_mixin.py:137} INFO - [2023-04-23T01:09:48.704+0000] {dag.py:2705} INFO - Sync 1 DAGs
[2023-04-23T01:09:48.766+0000] {logging_mixin.py:137} INFO - [2023-04-23T01:09:48.766+0000] {dag.py:3456} INFO - Setting next_dagrun for example_short_circuit_decorator to 2023-04-22T01:09:48.761018+00:00, run_after=2023-04-23T01:09:48.761018+00:00
[2023-04-23T01:09:48.797+0000] {processor.py:175} INFO - Processing /home/airflow/.local/lib/python3.7/site-packages/airflow/example_dags/example_short_circuit_decorator.py took 0.269 seconds
[2023-04-23T05:48:49.426+0000] {processor.py:153} INFO - Started process (PID=76) to work on /home/airflow/.local/lib/python3.7/site-packages/airflow/example_dags/example_short_circuit_decorator.py
[2023-04-23T05:48:49.432+0000] {processor.py:743} INFO - Processing file /home/airflow/.local/lib/python3.7/site-packages/airflow/example_dags/example_short_circuit_decorator.py for tasks to queue
[2023-04-23T05:48:49.436+0000] {logging_mixin.py:137} INFO - [2023-04-23T05:48:49.435+0000] {dagbag.py:532} INFO - Filling up the DagBag from /home/airflow/.local/lib/python3.7/site-packages/airflow/example_dags/example_short_circuit_decorator.py
[2023-04-23T05:48:49.627+0000] {processor.py:753} INFO - DAG(s) dict_keys(['example_short_circuit_decorator']) retrieved from /home/airflow/.local/lib/python3.7/site-packages/airflow/example_dags/example_short_circuit_decorator.py
[2023-04-23T05:48:49.771+0000] {logging_mixin.py:137} INFO - [2023-04-23T05:48:49.768+0000] {dag.py:2705} INFO - Sync 1 DAGs
[2023-04-23T05:48:49.930+0000] {logging_mixin.py:137} INFO - [2023-04-23T05:48:49.895+0000] {dag.py:3456} INFO - Setting next_dagrun for example_short_circuit_decorator to 2023-04-22T05:48:49.876813+00:00, run_after=2023-04-23T05:48:49.876813+00:00
[2023-04-23T11:43:01.843+0000] {processor.py:153} INFO - Started process (PID=78) to work on /home/airflow/.local/lib/python3.7/site-packages/airflow/example_dags/example_short_circuit_decorator.py
[2023-04-23T11:43:01.845+0000] {processor.py:743} INFO - Processing file /home/airflow/.local/lib/python3.7/site-packages/airflow/example_dags/example_short_circuit_decorator.py for tasks to queue
[2023-04-23T11:43:01.846+0000] {logging_mixin.py:137} INFO - [2023-04-23T11:43:01.846+0000] {dagbag.py:532} INFO - Filling up the DagBag from /home/airflow/.local/lib/python3.7/site-packages/airflow/example_dags/example_short_circuit_decorator.py
[2023-04-23T11:43:01.953+0000] {processor.py:753} INFO - DAG(s) dict_keys(['example_short_circuit_decorator']) retrieved from /home/airflow/.local/lib/python3.7/site-packages/airflow/example_dags/example_short_circuit_decorator.py
[2023-04-23T11:43:02.119+0000] {logging_mixin.py:137} INFO - [2023-04-23T11:43:02.119+0000] {dag.py:2705} INFO - Sync 1 DAGs
[2023-04-23T11:43:02.233+0000] {logging_mixin.py:137} INFO - [2023-04-23T11:43:02.233+0000] {dag.py:3456} INFO - Setting next_dagrun for example_short_circuit_decorator to 2023-04-22T11:43:02.228589+00:00, run_after=2023-04-23T11:43:02.228589+00:00
[2023-04-23T11:43:02.350+0000] {processor.py:175} INFO - Processing /home/airflow/.local/lib/python3.7/site-packages/airflow/example_dags/example_short_circuit_decorator.py took 0.531 seconds
[2023-04-23T11:47:53.870+0000] {processor.py:153} INFO - Started process (PID=77) to work on /home/airflow/.local/lib/python3.7/site-packages/airflow/example_dags/example_short_circuit_decorator.py
[2023-04-23T11:47:53.882+0000] {processor.py:743} INFO - Processing file /home/airflow/.local/lib/python3.7/site-packages/airflow/example_dags/example_short_circuit_decorator.py for tasks to queue
[2023-04-23T11:47:53.887+0000] {logging_mixin.py:137} INFO - [2023-04-23T11:47:53.883+0000] {dagbag.py:532} INFO - Filling up the DagBag from /home/airflow/.local/lib/python3.7/site-packages/airflow/example_dags/example_short_circuit_decorator.py
[2023-04-23T11:47:54.098+0000] {processor.py:753} INFO - DAG(s) dict_keys(['example_short_circuit_decorator']) retrieved from /home/airflow/.local/lib/python3.7/site-packages/airflow/example_dags/example_short_circuit_decorator.py
[2023-04-23T11:47:54.332+0000] {logging_mixin.py:137} INFO - [2023-04-23T11:47:54.328+0000] {dag.py:2705} INFO - Sync 1 DAGs
[2023-04-23T11:47:54.595+0000] {logging_mixin.py:137} INFO - [2023-04-23T11:47:54.594+0000] {dag.py:3456} INFO - Setting next_dagrun for example_short_circuit_decorator to 2023-04-22T11:47:54.591538+00:00, run_after=2023-04-23T11:47:54.591538+00:00
[2023-04-23T11:49:17.552+0000] {processor.py:153} INFO - Started process (PID=77) to work on /home/airflow/.local/lib/python3.7/site-packages/airflow/example_dags/example_short_circuit_decorator.py
[2023-04-23T11:49:17.700+0000] {processor.py:743} INFO - Processing file /home/airflow/.local/lib/python3.7/site-packages/airflow/example_dags/example_short_circuit_decorator.py for tasks to queue
[2023-04-23T11:49:18.449+0000] {logging_mixin.py:137} INFO - [2023-04-23T11:49:18.048+0000] {dagbag.py:532} INFO - Filling up the DagBag from /home/airflow/.local/lib/python3.7/site-packages/airflow/example_dags/example_short_circuit_decorator.py
[2023-04-23T11:49:19.893+0000] {processor.py:753} INFO - DAG(s) dict_keys(['example_short_circuit_decorator']) retrieved from /home/airflow/.local/lib/python3.7/site-packages/airflow/example_dags/example_short_circuit_decorator.py
[2023-04-23T11:51:35.649+0000] {processor.py:153} INFO - Started process (PID=78) to work on /home/airflow/.local/lib/python3.7/site-packages/airflow/example_dags/example_short_circuit_decorator.py
[2023-04-23T11:51:35.650+0000] {processor.py:743} INFO - Processing file /home/airflow/.local/lib/python3.7/site-packages/airflow/example_dags/example_short_circuit_decorator.py for tasks to queue
[2023-04-23T11:51:35.651+0000] {logging_mixin.py:137} INFO - [2023-04-23T11:51:35.650+0000] {dagbag.py:532} INFO - Filling up the DagBag from /home/airflow/.local/lib/python3.7/site-packages/airflow/example_dags/example_short_circuit_decorator.py
[2023-04-23T11:51:35.693+0000] {processor.py:753} INFO - DAG(s) dict_keys(['example_short_circuit_decorator']) retrieved from /home/airflow/.local/lib/python3.7/site-packages/airflow/example_dags/example_short_circuit_decorator.py
[2023-04-23T11:51:35.740+0000] {logging_mixin.py:137} INFO - [2023-04-23T11:51:35.740+0000] {dag.py:2705} INFO - Sync 1 DAGs
[2023-04-23T11:51:35.784+0000] {logging_mixin.py:137} INFO - [2023-04-23T11:51:35.784+0000] {dag.py:3456} INFO - Setting next_dagrun for example_short_circuit_decorator to 2023-04-22T11:51:35.784166+00:00, run_after=2023-04-23T11:51:35.784166+00:00
[2023-04-23T11:51:35.815+0000] {processor.py:175} INFO - Processing /home/airflow/.local/lib/python3.7/site-packages/airflow/example_dags/example_short_circuit_decorator.py took 0.168 seconds
[2023-04-23T11:52:29.473+0000] {processor.py:153} INFO - Started process (PID=75) to work on /home/airflow/.local/lib/python3.7/site-packages/airflow/example_dags/example_short_circuit_decorator.py
[2023-04-23T11:52:29.474+0000] {processor.py:743} INFO - Processing file /home/airflow/.local/lib/python3.7/site-packages/airflow/example_dags/example_short_circuit_decorator.py for tasks to queue
[2023-04-23T11:52:29.475+0000] {logging_mixin.py:137} INFO - [2023-04-23T11:52:29.475+0000] {dagbag.py:532} INFO - Filling up the DagBag from /home/airflow/.local/lib/python3.7/site-packages/airflow/example_dags/example_short_circuit_decorator.py
[2023-04-23T11:52:29.527+0000] {processor.py:753} INFO - DAG(s) dict_keys(['example_short_circuit_decorator']) retrieved from /home/airflow/.local/lib/python3.7/site-packages/airflow/example_dags/example_short_circuit_decorator.py
[2023-04-23T11:52:29.567+0000] {logging_mixin.py:137} INFO - [2023-04-23T11:52:29.566+0000] {dag.py:2705} INFO - Sync 1 DAGs
[2023-04-23T11:52:29.600+0000] {logging_mixin.py:137} INFO - [2023-04-23T11:52:29.600+0000] {dag.py:3456} INFO - Setting next_dagrun for example_short_circuit_decorator to 2023-04-22T11:52:29.599788+00:00, run_after=2023-04-23T11:52:29.599788+00:00
[2023-04-23T11:52:29.621+0000] {processor.py:175} INFO - Processing /home/airflow/.local/lib/python3.7/site-packages/airflow/example_dags/example_short_circuit_decorator.py took 0.152 seconds
[2023-04-23T11:52:50.041+0000] {processor.py:153} INFO - Started process (PID=69) to work on /home/airflow/.local/lib/python3.7/site-packages/airflow/example_dags/example_short_circuit_decorator.py
[2023-04-23T11:52:50.042+0000] {processor.py:743} INFO - Processing file /home/airflow/.local/lib/python3.7/site-packages/airflow/example_dags/example_short_circuit_decorator.py for tasks to queue
[2023-04-23T11:52:50.042+0000] {logging_mixin.py:137} INFO - [2023-04-23T11:52:50.042+0000] {dagbag.py:532} INFO - Filling up the DagBag from /home/airflow/.local/lib/python3.7/site-packages/airflow/example_dags/example_short_circuit_decorator.py
[2023-04-23T11:52:50.064+0000] {processor.py:753} INFO - DAG(s) dict_keys(['example_short_circuit_decorator']) retrieved from /home/airflow/.local/lib/python3.7/site-packages/airflow/example_dags/example_short_circuit_decorator.py
[2023-04-23T11:52:50.105+0000] {logging_mixin.py:137} INFO - [2023-04-23T11:52:50.104+0000] {dag.py:2705} INFO - Sync 1 DAGs
[2023-04-23T11:52:50.139+0000] {logging_mixin.py:137} INFO - [2023-04-23T11:52:50.139+0000] {dag.py:3456} INFO - Setting next_dagrun for example_short_circuit_decorator to 2023-04-22T11:52:50.138863+00:00, run_after=2023-04-23T11:52:50.138863+00:00
[2023-04-23T11:52:50.174+0000] {processor.py:175} INFO - Processing /home/airflow/.local/lib/python3.7/site-packages/airflow/example_dags/example_short_circuit_decorator.py took 0.135 seconds
[2023-04-23T12:02:43.551+0000] {processor.py:153} INFO - Started process (PID=76) to work on /home/airflow/.local/lib/python3.7/site-packages/airflow/example_dags/example_short_circuit_decorator.py
[2023-04-23T12:02:43.564+0000] {processor.py:743} INFO - Processing file /home/airflow/.local/lib/python3.7/site-packages/airflow/example_dags/example_short_circuit_decorator.py for tasks to queue
[2023-04-23T12:02:43.566+0000] {logging_mixin.py:137} INFO - [2023-04-23T12:02:43.566+0000] {dagbag.py:532} INFO - Filling up the DagBag from /home/airflow/.local/lib/python3.7/site-packages/airflow/example_dags/example_short_circuit_decorator.py
[2023-04-23T12:02:43.635+0000] {processor.py:753} INFO - DAG(s) dict_keys(['example_short_circuit_decorator']) retrieved from /home/airflow/.local/lib/python3.7/site-packages/airflow/example_dags/example_short_circuit_decorator.py
[2023-04-23T12:02:43.683+0000] {logging_mixin.py:137} INFO - [2023-04-23T12:02:43.683+0000] {dag.py:2705} INFO - Sync 1 DAGs
[2023-04-23T12:02:43.762+0000] {logging_mixin.py:137} INFO - [2023-04-23T12:02:43.762+0000] {dag.py:3456} INFO - Setting next_dagrun for example_short_circuit_decorator to 2023-04-22T12:02:43.762547+00:00, run_after=2023-04-23T12:02:43.762547+00:00
[2023-04-23T12:02:43.824+0000] {processor.py:175} INFO - Processing /home/airflow/.local/lib/python3.7/site-packages/airflow/example_dags/example_short_circuit_decorator.py took 0.275 seconds
[2023-04-23T12:03:07.456+0000] {processor.py:153} INFO - Started process (PID=69) to work on /home/airflow/.local/lib/python3.7/site-packages/airflow/example_dags/example_short_circuit_decorator.py
[2023-04-23T12:03:07.458+0000] {processor.py:743} INFO - Processing file /home/airflow/.local/lib/python3.7/site-packages/airflow/example_dags/example_short_circuit_decorator.py for tasks to queue
[2023-04-23T12:03:07.459+0000] {logging_mixin.py:137} INFO - [2023-04-23T12:03:07.459+0000] {dagbag.py:532} INFO - Filling up the DagBag from /home/airflow/.local/lib/python3.7/site-packages/airflow/example_dags/example_short_circuit_decorator.py
[2023-04-23T12:03:07.508+0000] {processor.py:753} INFO - DAG(s) dict_keys(['example_short_circuit_decorator']) retrieved from /home/airflow/.local/lib/python3.7/site-packages/airflow/example_dags/example_short_circuit_decorator.py
[2023-04-23T12:03:07.577+0000] {logging_mixin.py:137} INFO - [2023-04-23T12:03:07.577+0000] {dag.py:2705} INFO - Sync 1 DAGs
[2023-04-23T12:03:07.615+0000] {logging_mixin.py:137} INFO - [2023-04-23T12:03:07.615+0000] {dag.py:3456} INFO - Setting next_dagrun for example_short_circuit_decorator to 2023-04-22T12:03:07.614906+00:00, run_after=2023-04-23T12:03:07.614906+00:00
[2023-04-23T12:03:07.676+0000] {processor.py:175} INFO - Processing /home/airflow/.local/lib/python3.7/site-packages/airflow/example_dags/example_short_circuit_decorator.py took 0.224 seconds
[2023-04-23T12:10:09.602+0000] {processor.py:153} INFO - Started process (PID=77) to work on /home/airflow/.local/lib/python3.7/site-packages/airflow/example_dags/example_short_circuit_decorator.py
[2023-04-23T12:10:09.604+0000] {processor.py:743} INFO - Processing file /home/airflow/.local/lib/python3.7/site-packages/airflow/example_dags/example_short_circuit_decorator.py for tasks to queue
[2023-04-23T12:10:09.606+0000] {logging_mixin.py:137} INFO - [2023-04-23T12:10:09.605+0000] {dagbag.py:532} INFO - Filling up the DagBag from /home/airflow/.local/lib/python3.7/site-packages/airflow/example_dags/example_short_circuit_decorator.py
[2023-04-23T12:10:09.633+0000] {processor.py:753} INFO - DAG(s) dict_keys(['example_short_circuit_decorator']) retrieved from /home/airflow/.local/lib/python3.7/site-packages/airflow/example_dags/example_short_circuit_decorator.py
[2023-04-23T12:10:09.671+0000] {logging_mixin.py:137} INFO - [2023-04-23T12:10:09.670+0000] {dag.py:2705} INFO - Sync 1 DAGs
[2023-04-23T12:10:09.720+0000] {logging_mixin.py:137} INFO - [2023-04-23T12:10:09.720+0000] {dag.py:3456} INFO - Setting next_dagrun for example_short_circuit_decorator to 2023-04-22T12:10:09.720576+00:00, run_after=2023-04-23T12:10:09.720576+00:00
[2023-04-23T12:10:09.750+0000] {processor.py:175} INFO - Processing /home/airflow/.local/lib/python3.7/site-packages/airflow/example_dags/example_short_circuit_decorator.py took 0.151 seconds
[2023-04-23T12:14:18.302+0000] {processor.py:153} INFO - Started process (PID=69) to work on /home/airflow/.local/lib/python3.7/site-packages/airflow/example_dags/example_short_circuit_decorator.py
[2023-04-23T12:14:18.306+0000] {processor.py:743} INFO - Processing file /home/airflow/.local/lib/python3.7/site-packages/airflow/example_dags/example_short_circuit_decorator.py for tasks to queue
[2023-04-23T12:14:18.309+0000] {logging_mixin.py:137} INFO - [2023-04-23T12:14:18.308+0000] {dagbag.py:532} INFO - Filling up the DagBag from /home/airflow/.local/lib/python3.7/site-packages/airflow/example_dags/example_short_circuit_decorator.py
[2023-04-23T12:14:18.353+0000] {processor.py:753} INFO - DAG(s) dict_keys(['example_short_circuit_decorator']) retrieved from /home/airflow/.local/lib/python3.7/site-packages/airflow/example_dags/example_short_circuit_decorator.py
[2023-04-23T12:14:18.426+0000] {logging_mixin.py:137} INFO - [2023-04-23T12:14:18.426+0000] {dag.py:2705} INFO - Sync 1 DAGs
[2023-04-23T12:14:18.541+0000] {logging_mixin.py:137} INFO - [2023-04-23T12:14:18.540+0000] {dag.py:3456} INFO - Setting next_dagrun for example_short_circuit_decorator to 2023-04-22T12:14:18.539259+00:00, run_after=2023-04-23T12:14:18.539259+00:00
[2023-04-23T12:14:18.605+0000] {processor.py:175} INFO - Processing /home/airflow/.local/lib/python3.7/site-packages/airflow/example_dags/example_short_circuit_decorator.py took 0.313 seconds
[2023-04-23T12:16:05.580+0000] {processor.py:153} INFO - Started process (PID=78) to work on /home/airflow/.local/lib/python3.7/site-packages/airflow/example_dags/example_short_circuit_decorator.py
[2023-04-23T12:16:05.589+0000] {processor.py:743} INFO - Processing file /home/airflow/.local/lib/python3.7/site-packages/airflow/example_dags/example_short_circuit_decorator.py for tasks to queue
[2023-04-23T12:16:05.595+0000] {logging_mixin.py:137} INFO - [2023-04-23T12:16:05.595+0000] {dagbag.py:532} INFO - Filling up the DagBag from /home/airflow/.local/lib/python3.7/site-packages/airflow/example_dags/example_short_circuit_decorator.py
[2023-04-23T12:16:05.749+0000] {processor.py:753} INFO - DAG(s) dict_keys(['example_short_circuit_decorator']) retrieved from /home/airflow/.local/lib/python3.7/site-packages/airflow/example_dags/example_short_circuit_decorator.py
[2023-04-23T12:16:05.906+0000] {logging_mixin.py:137} INFO - [2023-04-23T12:16:05.906+0000] {dag.py:2705} INFO - Sync 1 DAGs
[2023-04-23T12:16:06.002+0000] {logging_mixin.py:137} INFO - [2023-04-23T12:16:05.999+0000] {dag.py:3456} INFO - Setting next_dagrun for example_short_circuit_decorator to 2023-04-22T12:16:05.988695+00:00, run_after=2023-04-23T12:16:05.988695+00:00
[2023-04-23T12:16:06.115+0000] {processor.py:175} INFO - Processing /home/airflow/.local/lib/python3.7/site-packages/airflow/example_dags/example_short_circuit_decorator.py took 0.538 seconds
[2023-04-23T12:16:37.312+0000] {processor.py:153} INFO - Started process (PID=69) to work on /home/airflow/.local/lib/python3.7/site-packages/airflow/example_dags/example_short_circuit_decorator.py
[2023-04-23T12:16:37.312+0000] {processor.py:743} INFO - Processing file /home/airflow/.local/lib/python3.7/site-packages/airflow/example_dags/example_short_circuit_decorator.py for tasks to queue
[2023-04-23T12:16:37.317+0000] {logging_mixin.py:137} INFO - [2023-04-23T12:16:37.317+0000] {dagbag.py:532} INFO - Filling up the DagBag from /home/airflow/.local/lib/python3.7/site-packages/airflow/example_dags/example_short_circuit_decorator.py
[2023-04-23T12:16:37.355+0000] {processor.py:753} INFO - DAG(s) dict_keys(['example_short_circuit_decorator']) retrieved from /home/airflow/.local/lib/python3.7/site-packages/airflow/example_dags/example_short_circuit_decorator.py
[2023-04-23T12:16:37.387+0000] {logging_mixin.py:137} INFO - [2023-04-23T12:16:37.387+0000] {dag.py:2705} INFO - Sync 1 DAGs
[2023-04-23T12:16:37.408+0000] {logging_mixin.py:137} INFO - [2023-04-23T12:16:37.407+0000] {dag.py:3456} INFO - Setting next_dagrun for example_short_circuit_decorator to 2023-04-22T12:16:37.407729+00:00, run_after=2023-04-23T12:16:37.407729+00:00
[2023-04-23T12:16:37.421+0000] {processor.py:175} INFO - Processing /home/airflow/.local/lib/python3.7/site-packages/airflow/example_dags/example_short_circuit_decorator.py took 0.112 seconds
[2023-04-23T12:17:13.697+0000] {processor.py:153} INFO - Started process (PID=69) to work on /home/airflow/.local/lib/python3.7/site-packages/airflow/example_dags/example_short_circuit_decorator.py
[2023-04-23T12:17:13.704+0000] {processor.py:743} INFO - Processing file /home/airflow/.local/lib/python3.7/site-packages/airflow/example_dags/example_short_circuit_decorator.py for tasks to queue
[2023-04-23T12:17:13.705+0000] {logging_mixin.py:137} INFO - [2023-04-23T12:17:13.704+0000] {dagbag.py:532} INFO - Filling up the DagBag from /home/airflow/.local/lib/python3.7/site-packages/airflow/example_dags/example_short_circuit_decorator.py
[2023-04-23T12:17:13.727+0000] {processor.py:753} INFO - DAG(s) dict_keys(['example_short_circuit_decorator']) retrieved from /home/airflow/.local/lib/python3.7/site-packages/airflow/example_dags/example_short_circuit_decorator.py
[2023-04-23T12:17:13.758+0000] {logging_mixin.py:137} INFO - [2023-04-23T12:17:13.758+0000] {dag.py:2705} INFO - Sync 1 DAGs
[2023-04-23T12:17:13.783+0000] {logging_mixin.py:137} INFO - [2023-04-23T12:17:13.783+0000] {dag.py:3456} INFO - Setting next_dagrun for example_short_circuit_decorator to 2023-04-22T12:17:13.782665+00:00, run_after=2023-04-23T12:17:13.782665+00:00
[2023-04-23T12:17:13.798+0000] {processor.py:175} INFO - Processing /home/airflow/.local/lib/python3.7/site-packages/airflow/example_dags/example_short_circuit_decorator.py took 0.104 seconds
[2023-04-23T12:18:00.407+0000] {processor.py:153} INFO - Started process (PID=69) to work on /home/airflow/.local/lib/python3.7/site-packages/airflow/example_dags/example_short_circuit_decorator.py
[2023-04-23T12:18:00.416+0000] {processor.py:743} INFO - Processing file /home/airflow/.local/lib/python3.7/site-packages/airflow/example_dags/example_short_circuit_decorator.py for tasks to queue
[2023-04-23T12:18:00.419+0000] {logging_mixin.py:137} INFO - [2023-04-23T12:18:00.418+0000] {dagbag.py:532} INFO - Filling up the DagBag from /home/airflow/.local/lib/python3.7/site-packages/airflow/example_dags/example_short_circuit_decorator.py
[2023-04-23T12:18:00.454+0000] {processor.py:753} INFO - DAG(s) dict_keys(['example_short_circuit_decorator']) retrieved from /home/airflow/.local/lib/python3.7/site-packages/airflow/example_dags/example_short_circuit_decorator.py
[2023-04-23T12:18:00.515+0000] {logging_mixin.py:137} INFO - [2023-04-23T12:18:00.514+0000] {dag.py:2705} INFO - Sync 1 DAGs
[2023-04-23T12:18:00.600+0000] {logging_mixin.py:137} INFO - [2023-04-23T12:18:00.594+0000] {dag.py:3456} INFO - Setting next_dagrun for example_short_circuit_decorator to 2023-04-22T12:18:00.588397+00:00, run_after=2023-04-23T12:18:00.588397+00:00
[2023-04-23T12:18:00.630+0000] {processor.py:175} INFO - Processing /home/airflow/.local/lib/python3.7/site-packages/airflow/example_dags/example_short_circuit_decorator.py took 0.226 seconds
[2023-04-23T12:18:55.425+0000] {processor.py:153} INFO - Started process (PID=76) to work on /home/airflow/.local/lib/python3.7/site-packages/airflow/example_dags/example_short_circuit_decorator.py
[2023-04-23T12:18:55.427+0000] {processor.py:743} INFO - Processing file /home/airflow/.local/lib/python3.7/site-packages/airflow/example_dags/example_short_circuit_decorator.py for tasks to queue
[2023-04-23T12:18:55.428+0000] {logging_mixin.py:137} INFO - [2023-04-23T12:18:55.428+0000] {dagbag.py:532} INFO - Filling up the DagBag from /home/airflow/.local/lib/python3.7/site-packages/airflow/example_dags/example_short_circuit_decorator.py
[2023-04-23T12:18:55.465+0000] {processor.py:753} INFO - DAG(s) dict_keys(['example_short_circuit_decorator']) retrieved from /home/airflow/.local/lib/python3.7/site-packages/airflow/example_dags/example_short_circuit_decorator.py
[2023-04-23T12:18:55.507+0000] {logging_mixin.py:137} INFO - [2023-04-23T12:18:55.507+0000] {dag.py:2705} INFO - Sync 1 DAGs
[2023-04-23T12:18:55.544+0000] {logging_mixin.py:137} INFO - [2023-04-23T12:18:55.544+0000] {dag.py:3456} INFO - Setting next_dagrun for example_short_circuit_decorator to 2023-04-22T12:18:55.544063+00:00, run_after=2023-04-23T12:18:55.544063+00:00
[2023-04-23T12:18:55.576+0000] {processor.py:175} INFO - Processing /home/airflow/.local/lib/python3.7/site-packages/airflow/example_dags/example_short_circuit_decorator.py took 0.158 seconds
[2023-04-23T12:19:50.386+0000] {processor.py:153} INFO - Started process (PID=69) to work on /home/airflow/.local/lib/python3.7/site-packages/airflow/example_dags/example_short_circuit_decorator.py
[2023-04-23T12:19:50.387+0000] {processor.py:743} INFO - Processing file /home/airflow/.local/lib/python3.7/site-packages/airflow/example_dags/example_short_circuit_decorator.py for tasks to queue
[2023-04-23T12:19:50.388+0000] {logging_mixin.py:137} INFO - [2023-04-23T12:19:50.388+0000] {dagbag.py:532} INFO - Filling up the DagBag from /home/airflow/.local/lib/python3.7/site-packages/airflow/example_dags/example_short_circuit_decorator.py
[2023-04-23T12:19:50.428+0000] {processor.py:753} INFO - DAG(s) dict_keys(['example_short_circuit_decorator']) retrieved from /home/airflow/.local/lib/python3.7/site-packages/airflow/example_dags/example_short_circuit_decorator.py
[2023-04-23T12:19:50.474+0000] {logging_mixin.py:137} INFO - [2023-04-23T12:19:50.473+0000] {dag.py:2705} INFO - Sync 1 DAGs
[2023-04-23T12:19:50.512+0000] {logging_mixin.py:137} INFO - [2023-04-23T12:19:50.512+0000] {dag.py:3456} INFO - Setting next_dagrun for example_short_circuit_decorator to 2023-04-22T12:19:50.512325+00:00, run_after=2023-04-23T12:19:50.512325+00:00
[2023-04-23T12:19:50.533+0000] {processor.py:175} INFO - Processing /home/airflow/.local/lib/python3.7/site-packages/airflow/example_dags/example_short_circuit_decorator.py took 0.149 seconds
[2023-04-23T12:23:29.102+0000] {processor.py:153} INFO - Started process (PID=69) to work on /home/airflow/.local/lib/python3.7/site-packages/airflow/example_dags/example_short_circuit_decorator.py
[2023-04-23T12:23:29.104+0000] {processor.py:743} INFO - Processing file /home/airflow/.local/lib/python3.7/site-packages/airflow/example_dags/example_short_circuit_decorator.py for tasks to queue
[2023-04-23T12:23:29.107+0000] {logging_mixin.py:137} INFO - [2023-04-23T12:23:29.106+0000] {dagbag.py:532} INFO - Filling up the DagBag from /home/airflow/.local/lib/python3.7/site-packages/airflow/example_dags/example_short_circuit_decorator.py
[2023-04-23T12:23:29.168+0000] {processor.py:753} INFO - DAG(s) dict_keys(['example_short_circuit_decorator']) retrieved from /home/airflow/.local/lib/python3.7/site-packages/airflow/example_dags/example_short_circuit_decorator.py
[2023-04-23T12:23:29.225+0000] {logging_mixin.py:137} INFO - [2023-04-23T12:23:29.225+0000] {dag.py:2705} INFO - Sync 1 DAGs
[2023-04-23T12:23:29.265+0000] {logging_mixin.py:137} INFO - [2023-04-23T12:23:29.265+0000] {dag.py:3456} INFO - Setting next_dagrun for example_short_circuit_decorator to 2023-04-22T12:23:29.263865+00:00, run_after=2023-04-23T12:23:29.263865+00:00
[2023-04-23T12:23:29.290+0000] {processor.py:175} INFO - Processing /home/airflow/.local/lib/python3.7/site-packages/airflow/example_dags/example_short_circuit_decorator.py took 0.190 seconds
[2023-04-23T12:24:09.841+0000] {processor.py:153} INFO - Started process (PID=69) to work on /home/airflow/.local/lib/python3.7/site-packages/airflow/example_dags/example_short_circuit_decorator.py
[2023-04-23T12:24:09.842+0000] {processor.py:743} INFO - Processing file /home/airflow/.local/lib/python3.7/site-packages/airflow/example_dags/example_short_circuit_decorator.py for tasks to queue
[2023-04-23T12:24:09.843+0000] {logging_mixin.py:137} INFO - [2023-04-23T12:24:09.843+0000] {dagbag.py:532} INFO - Filling up the DagBag from /home/airflow/.local/lib/python3.7/site-packages/airflow/example_dags/example_short_circuit_decorator.py
[2023-04-23T12:24:09.866+0000] {processor.py:753} INFO - DAG(s) dict_keys(['example_short_circuit_decorator']) retrieved from /home/airflow/.local/lib/python3.7/site-packages/airflow/example_dags/example_short_circuit_decorator.py
[2023-04-23T12:24:09.889+0000] {logging_mixin.py:137} INFO - [2023-04-23T12:24:09.889+0000] {dag.py:2705} INFO - Sync 1 DAGs
[2023-04-23T12:24:09.926+0000] {logging_mixin.py:137} INFO - [2023-04-23T12:24:09.926+0000] {dag.py:3456} INFO - Setting next_dagrun for example_short_circuit_decorator to 2023-04-22T12:24:09.925583+00:00, run_after=2023-04-23T12:24:09.925583+00:00
[2023-04-23T12:24:09.939+0000] {processor.py:175} INFO - Processing /home/airflow/.local/lib/python3.7/site-packages/airflow/example_dags/example_short_circuit_decorator.py took 0.102 seconds
[2023-04-23T12:25:36.566+0000] {processor.py:153} INFO - Started process (PID=69) to work on /home/airflow/.local/lib/python3.7/site-packages/airflow/example_dags/example_short_circuit_decorator.py
[2023-04-23T12:25:36.569+0000] {processor.py:743} INFO - Processing file /home/airflow/.local/lib/python3.7/site-packages/airflow/example_dags/example_short_circuit_decorator.py for tasks to queue
[2023-04-23T12:25:36.569+0000] {logging_mixin.py:137} INFO - [2023-04-23T12:25:36.569+0000] {dagbag.py:532} INFO - Filling up the DagBag from /home/airflow/.local/lib/python3.7/site-packages/airflow/example_dags/example_short_circuit_decorator.py
[2023-04-23T12:25:36.614+0000] {processor.py:753} INFO - DAG(s) dict_keys(['example_short_circuit_decorator']) retrieved from /home/airflow/.local/lib/python3.7/site-packages/airflow/example_dags/example_short_circuit_decorator.py
[2023-04-23T12:25:36.633+0000] {logging_mixin.py:137} INFO - [2023-04-23T12:25:36.633+0000] {dag.py:2705} INFO - Sync 1 DAGs
[2023-04-23T12:25:36.662+0000] {logging_mixin.py:137} INFO - [2023-04-23T12:25:36.662+0000] {dag.py:3456} INFO - Setting next_dagrun for example_short_circuit_decorator to 2023-04-22T12:25:36.661946+00:00, run_after=2023-04-23T12:25:36.661946+00:00
[2023-04-23T12:25:36.707+0000] {processor.py:175} INFO - Processing /home/airflow/.local/lib/python3.7/site-packages/airflow/example_dags/example_short_circuit_decorator.py took 0.147 seconds
[2023-04-23T12:26:23.290+0000] {processor.py:153} INFO - Started process (PID=69) to work on /home/airflow/.local/lib/python3.7/site-packages/airflow/example_dags/example_short_circuit_decorator.py
[2023-04-23T12:26:23.290+0000] {processor.py:743} INFO - Processing file /home/airflow/.local/lib/python3.7/site-packages/airflow/example_dags/example_short_circuit_decorator.py for tasks to queue
[2023-04-23T12:26:23.291+0000] {logging_mixin.py:137} INFO - [2023-04-23T12:26:23.291+0000] {dagbag.py:532} INFO - Filling up the DagBag from /home/airflow/.local/lib/python3.7/site-packages/airflow/example_dags/example_short_circuit_decorator.py
[2023-04-23T12:26:23.341+0000] {processor.py:753} INFO - DAG(s) dict_keys(['example_short_circuit_decorator']) retrieved from /home/airflow/.local/lib/python3.7/site-packages/airflow/example_dags/example_short_circuit_decorator.py
[2023-04-23T12:26:23.402+0000] {logging_mixin.py:137} INFO - [2023-04-23T12:26:23.401+0000] {dag.py:2705} INFO - Sync 1 DAGs
[2023-04-23T12:26:23.468+0000] {logging_mixin.py:137} INFO - [2023-04-23T12:26:23.468+0000] {dag.py:3456} INFO - Setting next_dagrun for example_short_circuit_decorator to 2023-04-22T12:26:23.467933+00:00, run_after=2023-04-23T12:26:23.467933+00:00
[2023-04-23T12:26:23.499+0000] {processor.py:175} INFO - Processing /home/airflow/.local/lib/python3.7/site-packages/airflow/example_dags/example_short_circuit_decorator.py took 0.212 seconds
[2023-04-23T13:08:11.295+0000] {processor.py:153} INFO - Started process (PID=69) to work on /home/airflow/.local/lib/python3.7/site-packages/airflow/example_dags/example_short_circuit_decorator.py
[2023-04-23T13:08:11.298+0000] {processor.py:743} INFO - Processing file /home/airflow/.local/lib/python3.7/site-packages/airflow/example_dags/example_short_circuit_decorator.py for tasks to queue
[2023-04-23T13:08:11.300+0000] {logging_mixin.py:137} INFO - [2023-04-23T13:08:11.300+0000] {dagbag.py:532} INFO - Filling up the DagBag from /home/airflow/.local/lib/python3.7/site-packages/airflow/example_dags/example_short_circuit_decorator.py
[2023-04-23T13:08:11.342+0000] {processor.py:753} INFO - DAG(s) dict_keys(['example_short_circuit_decorator']) retrieved from /home/airflow/.local/lib/python3.7/site-packages/airflow/example_dags/example_short_circuit_decorator.py
[2023-04-23T13:08:11.379+0000] {logging_mixin.py:137} INFO - [2023-04-23T13:08:11.379+0000] {dag.py:2705} INFO - Sync 1 DAGs
[2023-04-23T13:08:11.415+0000] {logging_mixin.py:137} INFO - [2023-04-23T13:08:11.415+0000] {dag.py:3456} INFO - Setting next_dagrun for example_short_circuit_decorator to 2023-04-22T13:08:11.415028+00:00, run_after=2023-04-23T13:08:11.415028+00:00
[2023-04-23T13:08:11.438+0000] {processor.py:175} INFO - Processing /home/airflow/.local/lib/python3.7/site-packages/airflow/example_dags/example_short_circuit_decorator.py took 0.145 seconds
[2023-04-23T14:14:02.265+0000] {processor.py:153} INFO - Started process (PID=76) to work on /home/airflow/.local/lib/python3.7/site-packages/airflow/example_dags/example_short_circuit_decorator.py
[2023-04-23T14:14:02.279+0000] {processor.py:743} INFO - Processing file /home/airflow/.local/lib/python3.7/site-packages/airflow/example_dags/example_short_circuit_decorator.py for tasks to queue
[2023-04-23T14:14:02.279+0000] {logging_mixin.py:137} INFO - [2023-04-23T14:14:02.279+0000] {dagbag.py:532} INFO - Filling up the DagBag from /home/airflow/.local/lib/python3.7/site-packages/airflow/example_dags/example_short_circuit_decorator.py
[2023-04-23T15:24:43.038+0000] {processor.py:153} INFO - Started process (PID=69) to work on /home/airflow/.local/lib/python3.7/site-packages/airflow/example_dags/example_short_circuit_decorator.py
[2023-04-23T15:24:43.042+0000] {processor.py:743} INFO - Processing file /home/airflow/.local/lib/python3.7/site-packages/airflow/example_dags/example_short_circuit_decorator.py for tasks to queue
[2023-04-23T15:24:43.043+0000] {logging_mixin.py:137} INFO - [2023-04-23T15:24:43.043+0000] {dagbag.py:532} INFO - Filling up the DagBag from /home/airflow/.local/lib/python3.7/site-packages/airflow/example_dags/example_short_circuit_decorator.py
[2023-04-23T15:24:43.083+0000] {processor.py:753} INFO - DAG(s) dict_keys(['example_short_circuit_decorator']) retrieved from /home/airflow/.local/lib/python3.7/site-packages/airflow/example_dags/example_short_circuit_decorator.py
[2023-04-23T15:24:43.126+0000] {logging_mixin.py:137} INFO - [2023-04-23T15:24:43.126+0000] {dag.py:2705} INFO - Sync 1 DAGs
[2023-04-23T15:24:43.149+0000] {logging_mixin.py:137} INFO - [2023-04-23T15:24:43.149+0000] {dag.py:3456} INFO - Setting next_dagrun for example_short_circuit_decorator to 2023-04-22T15:24:43.148549+00:00, run_after=2023-04-23T15:24:43.148549+00:00
[2023-04-23T15:24:43.230+0000] {processor.py:175} INFO - Processing /home/airflow/.local/lib/python3.7/site-packages/airflow/example_dags/example_short_circuit_decorator.py took 0.195 seconds
[2023-04-23T15:28:49.931+0000] {processor.py:153} INFO - Started process (PID=78) to work on /home/airflow/.local/lib/python3.7/site-packages/airflow/example_dags/example_short_circuit_decorator.py
[2023-04-23T15:28:49.936+0000] {processor.py:743} INFO - Processing file /home/airflow/.local/lib/python3.7/site-packages/airflow/example_dags/example_short_circuit_decorator.py for tasks to queue
[2023-04-23T15:28:49.937+0000] {logging_mixin.py:137} INFO - [2023-04-23T15:28:49.937+0000] {dagbag.py:532} INFO - Filling up the DagBag from /home/airflow/.local/lib/python3.7/site-packages/airflow/example_dags/example_short_circuit_decorator.py
[2023-04-23T15:28:50.020+0000] {processor.py:753} INFO - DAG(s) dict_keys(['example_short_circuit_decorator']) retrieved from /home/airflow/.local/lib/python3.7/site-packages/airflow/example_dags/example_short_circuit_decorator.py
[2023-04-23T15:28:50.086+0000] {logging_mixin.py:137} INFO - [2023-04-23T15:28:50.086+0000] {dag.py:2705} INFO - Sync 1 DAGs
[2023-04-23T15:28:50.131+0000] {logging_mixin.py:137} INFO - [2023-04-23T15:28:50.131+0000] {dag.py:3456} INFO - Setting next_dagrun for example_short_circuit_decorator to 2023-04-22T15:28:50.131045+00:00, run_after=2023-04-23T15:28:50.131045+00:00
[2023-04-23T15:28:50.159+0000] {processor.py:175} INFO - Processing /home/airflow/.local/lib/python3.7/site-packages/airflow/example_dags/example_short_circuit_decorator.py took 0.234 seconds
[2023-04-23T15:30:11.821+0000] {processor.py:153} INFO - Started process (PID=69) to work on /home/airflow/.local/lib/python3.7/site-packages/airflow/example_dags/example_short_circuit_decorator.py
[2023-04-23T15:30:11.828+0000] {processor.py:743} INFO - Processing file /home/airflow/.local/lib/python3.7/site-packages/airflow/example_dags/example_short_circuit_decorator.py for tasks to queue
[2023-04-23T15:30:11.829+0000] {logging_mixin.py:137} INFO - [2023-04-23T15:30:11.829+0000] {dagbag.py:532} INFO - Filling up the DagBag from /home/airflow/.local/lib/python3.7/site-packages/airflow/example_dags/example_short_circuit_decorator.py
[2023-04-23T15:30:11.939+0000] {processor.py:753} INFO - DAG(s) dict_keys(['example_short_circuit_decorator']) retrieved from /home/airflow/.local/lib/python3.7/site-packages/airflow/example_dags/example_short_circuit_decorator.py
[2023-04-23T15:30:12.017+0000] {logging_mixin.py:137} INFO - [2023-04-23T15:30:12.017+0000] {dag.py:2705} INFO - Sync 1 DAGs
[2023-04-23T15:30:12.076+0000] {logging_mixin.py:137} INFO - [2023-04-23T15:30:12.076+0000] {dag.py:3456} INFO - Setting next_dagrun for example_short_circuit_decorator to 2023-04-22T15:30:12.076296+00:00, run_after=2023-04-23T15:30:12.076296+00:00
[2023-04-23T15:30:12.113+0000] {processor.py:175} INFO - Processing /home/airflow/.local/lib/python3.7/site-packages/airflow/example_dags/example_short_circuit_decorator.py took 0.296 seconds
[2023-04-23T15:30:46.662+0000] {processor.py:153} INFO - Started process (PID=69) to work on /home/airflow/.local/lib/python3.7/site-packages/airflow/example_dags/example_short_circuit_decorator.py
[2023-04-23T15:30:46.665+0000] {processor.py:743} INFO - Processing file /home/airflow/.local/lib/python3.7/site-packages/airflow/example_dags/example_short_circuit_decorator.py for tasks to queue
[2023-04-23T15:30:46.669+0000] {logging_mixin.py:137} INFO - [2023-04-23T15:30:46.668+0000] {dagbag.py:532} INFO - Filling up the DagBag from /home/airflow/.local/lib/python3.7/site-packages/airflow/example_dags/example_short_circuit_decorator.py
[2023-04-23T15:30:46.698+0000] {processor.py:753} INFO - DAG(s) dict_keys(['example_short_circuit_decorator']) retrieved from /home/airflow/.local/lib/python3.7/site-packages/airflow/example_dags/example_short_circuit_decorator.py
[2023-04-23T15:30:46.739+0000] {logging_mixin.py:137} INFO - [2023-04-23T15:30:46.738+0000] {dag.py:2705} INFO - Sync 1 DAGs
[2023-04-23T15:30:46.818+0000] {logging_mixin.py:137} INFO - [2023-04-23T15:30:46.818+0000] {dag.py:3456} INFO - Setting next_dagrun for example_short_circuit_decorator to 2023-04-22T15:30:46.816513+00:00, run_after=2023-04-23T15:30:46.816513+00:00
[2023-04-23T15:30:46.869+0000] {processor.py:175} INFO - Processing /home/airflow/.local/lib/python3.7/site-packages/airflow/example_dags/example_short_circuit_decorator.py took 0.209 seconds
[2023-04-23T15:38:25.694+0000] {processor.py:153} INFO - Started process (PID=71) to work on /home/airflow/.local/lib/python3.7/site-packages/airflow/example_dags/example_short_circuit_decorator.py
[2023-04-23T15:38:25.694+0000] {processor.py:743} INFO - Processing file /home/airflow/.local/lib/python3.7/site-packages/airflow/example_dags/example_short_circuit_decorator.py for tasks to queue
[2023-04-23T15:38:25.696+0000] {logging_mixin.py:137} INFO - [2023-04-23T15:38:25.696+0000] {dagbag.py:532} INFO - Filling up the DagBag from /home/airflow/.local/lib/python3.7/site-packages/airflow/example_dags/example_short_circuit_decorator.py
[2023-04-23T15:38:25.724+0000] {processor.py:753} INFO - DAG(s) dict_keys(['example_short_circuit_decorator']) retrieved from /home/airflow/.local/lib/python3.7/site-packages/airflow/example_dags/example_short_circuit_decorator.py
[2023-04-23T15:38:25.763+0000] {logging_mixin.py:137} INFO - [2023-04-23T15:38:25.763+0000] {dag.py:2705} INFO - Sync 1 DAGs
[2023-04-23T15:38:25.790+0000] {logging_mixin.py:137} INFO - [2023-04-23T15:38:25.789+0000] {dag.py:3456} INFO - Setting next_dagrun for example_short_circuit_decorator to 2023-04-22T15:38:25.788350+00:00, run_after=2023-04-23T15:38:25.788350+00:00
[2023-04-23T15:38:25.812+0000] {processor.py:175} INFO - Processing /home/airflow/.local/lib/python3.7/site-packages/airflow/example_dags/example_short_circuit_decorator.py took 0.121 seconds
[2023-04-23T19:25:56.864+0000] {processor.py:153} INFO - Started process (PID=69) to work on /home/airflow/.local/lib/python3.7/site-packages/airflow/example_dags/example_short_circuit_decorator.py
[2023-04-23T19:25:56.870+0000] {processor.py:743} INFO - Processing file /home/airflow/.local/lib/python3.7/site-packages/airflow/example_dags/example_short_circuit_decorator.py for tasks to queue
[2023-04-23T19:25:56.871+0000] {logging_mixin.py:137} INFO - [2023-04-23T19:25:56.871+0000] {dagbag.py:532} INFO - Filling up the DagBag from /home/airflow/.local/lib/python3.7/site-packages/airflow/example_dags/example_short_circuit_decorator.py
[2023-04-23T19:25:56.915+0000] {processor.py:753} INFO - DAG(s) dict_keys(['example_short_circuit_decorator']) retrieved from /home/airflow/.local/lib/python3.7/site-packages/airflow/example_dags/example_short_circuit_decorator.py
[2023-04-23T19:25:56.952+0000] {logging_mixin.py:137} INFO - [2023-04-23T19:25:56.942+0000] {dag.py:2705} INFO - Sync 1 DAGs
[2023-04-23T19:25:57.033+0000] {logging_mixin.py:137} INFO - [2023-04-23T19:25:57.032+0000] {dag.py:3456} INFO - Setting next_dagrun for example_short_circuit_decorator to 2023-04-22T19:25:57.022289+00:00, run_after=2023-04-23T19:25:57.022289+00:00
[2023-04-23T19:25:57.085+0000] {processor.py:175} INFO - Processing /home/airflow/.local/lib/python3.7/site-packages/airflow/example_dags/example_short_circuit_decorator.py took 0.223 seconds
[2023-04-23T19:30:40.100+0000] {processor.py:153} INFO - Started process (PID=69) to work on /home/airflow/.local/lib/python3.7/site-packages/airflow/example_dags/example_short_circuit_decorator.py
[2023-04-23T19:30:40.101+0000] {processor.py:743} INFO - Processing file /home/airflow/.local/lib/python3.7/site-packages/airflow/example_dags/example_short_circuit_decorator.py for tasks to queue
[2023-04-23T19:30:40.102+0000] {logging_mixin.py:137} INFO - [2023-04-23T19:30:40.102+0000] {dagbag.py:532} INFO - Filling up the DagBag from /home/airflow/.local/lib/python3.7/site-packages/airflow/example_dags/example_short_circuit_decorator.py
[2023-04-23T19:30:40.171+0000] {processor.py:753} INFO - DAG(s) dict_keys(['example_short_circuit_decorator']) retrieved from /home/airflow/.local/lib/python3.7/site-packages/airflow/example_dags/example_short_circuit_decorator.py
[2023-04-23T19:30:40.293+0000] {logging_mixin.py:137} INFO - [2023-04-23T19:30:40.293+0000] {dag.py:2705} INFO - Sync 1 DAGs
[2023-04-23T19:30:40.350+0000] {logging_mixin.py:137} INFO - [2023-04-23T19:30:40.350+0000] {dag.py:3456} INFO - Setting next_dagrun for example_short_circuit_decorator to 2023-04-22T19:30:40.350062+00:00, run_after=2023-04-23T19:30:40.350062+00:00
[2023-04-23T19:30:40.399+0000] {processor.py:175} INFO - Processing /home/airflow/.local/lib/python3.7/site-packages/airflow/example_dags/example_short_circuit_decorator.py took 0.303 seconds
[2023-04-23T19:37:41.339+0000] {processor.py:153} INFO - Started process (PID=76) to work on /home/airflow/.local/lib/python3.7/site-packages/airflow/example_dags/example_short_circuit_decorator.py
[2023-04-23T19:37:41.343+0000] {processor.py:743} INFO - Processing file /home/airflow/.local/lib/python3.7/site-packages/airflow/example_dags/example_short_circuit_decorator.py for tasks to queue
[2023-04-23T19:37:41.343+0000] {logging_mixin.py:137} INFO - [2023-04-23T19:37:41.343+0000] {dagbag.py:532} INFO - Filling up the DagBag from /home/airflow/.local/lib/python3.7/site-packages/airflow/example_dags/example_short_circuit_decorator.py
[2023-04-23T19:37:41.384+0000] {processor.py:753} INFO - DAG(s) dict_keys(['example_short_circuit_decorator']) retrieved from /home/airflow/.local/lib/python3.7/site-packages/airflow/example_dags/example_short_circuit_decorator.py
[2023-04-23T19:37:41.459+0000] {logging_mixin.py:137} INFO - [2023-04-23T19:37:41.458+0000] {dag.py:2705} INFO - Sync 1 DAGs
[2023-04-23T19:37:41.540+0000] {logging_mixin.py:137} INFO - [2023-04-23T19:37:41.540+0000] {dag.py:3456} INFO - Setting next_dagrun for example_short_circuit_decorator to 2023-04-22T19:37:41.539980+00:00, run_after=2023-04-23T19:37:41.539980+00:00
[2023-04-23T19:37:41.570+0000] {processor.py:175} INFO - Processing /home/airflow/.local/lib/python3.7/site-packages/airflow/example_dags/example_short_circuit_decorator.py took 0.233 seconds
[2023-04-23T19:38:07.993+0000] {processor.py:153} INFO - Started process (PID=69) to work on /home/airflow/.local/lib/python3.7/site-packages/airflow/example_dags/example_short_circuit_decorator.py
[2023-04-23T19:38:07.999+0000] {processor.py:743} INFO - Processing file /home/airflow/.local/lib/python3.7/site-packages/airflow/example_dags/example_short_circuit_decorator.py for tasks to queue
[2023-04-23T19:38:08.003+0000] {logging_mixin.py:137} INFO - [2023-04-23T19:38:08.002+0000] {dagbag.py:532} INFO - Filling up the DagBag from /home/airflow/.local/lib/python3.7/site-packages/airflow/example_dags/example_short_circuit_decorator.py
[2023-04-23T19:38:08.323+0000] {processor.py:753} INFO - DAG(s) dict_keys(['example_short_circuit_decorator']) retrieved from /home/airflow/.local/lib/python3.7/site-packages/airflow/example_dags/example_short_circuit_decorator.py
[2023-04-23T19:38:12.781+0000] {logging_mixin.py:137} INFO - [2023-04-23T19:38:12.776+0000] {dag.py:2705} INFO - Sync 1 DAGs
[2023-04-23T19:38:34.823+0000] {processor.py:153} INFO - Started process (PID=68) to work on /home/airflow/.local/lib/python3.7/site-packages/airflow/example_dags/example_short_circuit_decorator.py
[2023-04-23T19:38:34.824+0000] {processor.py:743} INFO - Processing file /home/airflow/.local/lib/python3.7/site-packages/airflow/example_dags/example_short_circuit_decorator.py for tasks to queue
[2023-04-23T19:38:34.825+0000] {logging_mixin.py:137} INFO - [2023-04-23T19:38:34.825+0000] {dagbag.py:532} INFO - Filling up the DagBag from /home/airflow/.local/lib/python3.7/site-packages/airflow/example_dags/example_short_circuit_decorator.py
[2023-04-23T19:38:34.872+0000] {processor.py:753} INFO - DAG(s) dict_keys(['example_short_circuit_decorator']) retrieved from /home/airflow/.local/lib/python3.7/site-packages/airflow/example_dags/example_short_circuit_decorator.py
[2023-04-23T19:38:34.914+0000] {logging_mixin.py:137} INFO - [2023-04-23T19:38:34.914+0000] {dag.py:2705} INFO - Sync 1 DAGs
[2023-04-23T19:38:34.959+0000] {logging_mixin.py:137} INFO - [2023-04-23T19:38:34.959+0000] {dag.py:3456} INFO - Setting next_dagrun for example_short_circuit_decorator to 2023-04-22T19:38:34.958884+00:00, run_after=2023-04-23T19:38:34.958884+00:00
[2023-04-23T19:38:34.984+0000] {processor.py:175} INFO - Processing /home/airflow/.local/lib/python3.7/site-packages/airflow/example_dags/example_short_circuit_decorator.py took 0.167 seconds
[2023-04-23T19:39:56.989+0000] {processor.py:153} INFO - Started process (PID=69) to work on /home/airflow/.local/lib/python3.7/site-packages/airflow/example_dags/example_short_circuit_decorator.py
[2023-04-23T19:39:57.008+0000] {processor.py:743} INFO - Processing file /home/airflow/.local/lib/python3.7/site-packages/airflow/example_dags/example_short_circuit_decorator.py for tasks to queue
[2023-04-23T19:39:57.010+0000] {logging_mixin.py:137} INFO - [2023-04-23T19:39:57.010+0000] {dagbag.py:532} INFO - Filling up the DagBag from /home/airflow/.local/lib/python3.7/site-packages/airflow/example_dags/example_short_circuit_decorator.py
[2023-04-23T19:39:57.230+0000] {processor.py:753} INFO - DAG(s) dict_keys(['example_short_circuit_decorator']) retrieved from /home/airflow/.local/lib/python3.7/site-packages/airflow/example_dags/example_short_circuit_decorator.py
[2023-04-23T19:39:57.368+0000] {logging_mixin.py:137} INFO - [2023-04-23T19:39:57.364+0000] {dag.py:2705} INFO - Sync 1 DAGs
[2023-04-23T19:39:57.446+0000] {logging_mixin.py:137} INFO - [2023-04-23T19:39:57.446+0000] {dag.py:3456} INFO - Setting next_dagrun for example_short_circuit_decorator to 2023-04-22T19:39:57.443312+00:00, run_after=2023-04-23T19:39:57.443312+00:00
[2023-04-23T19:39:57.518+0000] {processor.py:175} INFO - Processing /home/airflow/.local/lib/python3.7/site-packages/airflow/example_dags/example_short_circuit_decorator.py took 0.533 seconds
[2023-04-23T19:45:32.527+0000] {processor.py:153} INFO - Started process (PID=69) to work on /home/airflow/.local/lib/python3.7/site-packages/airflow/example_dags/example_short_circuit_decorator.py
[2023-04-23T19:45:32.533+0000] {processor.py:743} INFO - Processing file /home/airflow/.local/lib/python3.7/site-packages/airflow/example_dags/example_short_circuit_decorator.py for tasks to queue
[2023-04-23T19:45:32.534+0000] {logging_mixin.py:137} INFO - [2023-04-23T19:45:32.534+0000] {dagbag.py:532} INFO - Filling up the DagBag from /home/airflow/.local/lib/python3.7/site-packages/airflow/example_dags/example_short_circuit_decorator.py
[2023-04-23T19:45:32.578+0000] {processor.py:753} INFO - DAG(s) dict_keys(['example_short_circuit_decorator']) retrieved from /home/airflow/.local/lib/python3.7/site-packages/airflow/example_dags/example_short_circuit_decorator.py
[2023-04-23T19:45:32.615+0000] {logging_mixin.py:137} INFO - [2023-04-23T19:45:32.614+0000] {dag.py:2705} INFO - Sync 1 DAGs
[2023-04-23T19:45:32.645+0000] {logging_mixin.py:137} INFO - [2023-04-23T19:45:32.645+0000] {dag.py:3456} INFO - Setting next_dagrun for example_short_circuit_decorator to 2023-04-22T19:45:32.645563+00:00, run_after=2023-04-23T19:45:32.645563+00:00
[2023-04-23T19:45:32.662+0000] {processor.py:175} INFO - Processing /home/airflow/.local/lib/python3.7/site-packages/airflow/example_dags/example_short_circuit_decorator.py took 0.137 seconds
[2023-04-23T19:57:14.812+0000] {processor.py:153} INFO - Started process (PID=78) to work on /home/airflow/.local/lib/python3.7/site-packages/airflow/example_dags/example_short_circuit_decorator.py
[2023-04-23T19:57:14.815+0000] {processor.py:743} INFO - Processing file /home/airflow/.local/lib/python3.7/site-packages/airflow/example_dags/example_short_circuit_decorator.py for tasks to queue
[2023-04-23T19:57:14.816+0000] {logging_mixin.py:137} INFO - [2023-04-23T19:57:14.816+0000] {dagbag.py:532} INFO - Filling up the DagBag from /home/airflow/.local/lib/python3.7/site-packages/airflow/example_dags/example_short_circuit_decorator.py
[2023-04-23T19:57:16.395+0000] {processor.py:753} INFO - DAG(s) dict_keys(['example_short_circuit_decorator']) retrieved from /home/airflow/.local/lib/python3.7/site-packages/airflow/example_dags/example_short_circuit_decorator.py
