[2023-04-23T01:09:46.821+0000] {processor.py:153} INFO - Started process (PID=64) to work on /home/airflow/.local/lib/python3.7/site-packages/airflow/example_dags/example_trigger_target_dag.py
[2023-04-23T01:09:46.826+0000] {processor.py:743} INFO - Processing file /home/airflow/.local/lib/python3.7/site-packages/airflow/example_dags/example_trigger_target_dag.py for tasks to queue
[2023-04-23T01:09:46.827+0000] {logging_mixin.py:137} INFO - [2023-04-23T01:09:46.827+0000] {dagbag.py:532} INFO - Filling up the DagBag from /home/airflow/.local/lib/python3.7/site-packages/airflow/example_dags/example_trigger_target_dag.py
[2023-04-23T01:09:46.902+0000] {processor.py:753} INFO - DAG(s) dict_keys(['example_trigger_target_dag']) retrieved from /home/airflow/.local/lib/python3.7/site-packages/airflow/example_dags/example_trigger_target_dag.py
[2023-04-23T01:09:47.021+0000] {logging_mixin.py:137} INFO - [2023-04-23T01:09:47.020+0000] {dag.py:2705} INFO - Sync 1 DAGs
[2023-04-23T01:09:47.150+0000] {logging_mixin.py:137} INFO - [2023-04-23T01:09:47.149+0000] {dag.py:3456} INFO - Setting next_dagrun for example_trigger_target_dag to None, run_after=None
[2023-04-23T01:09:47.189+0000] {processor.py:175} INFO - Processing /home/airflow/.local/lib/python3.7/site-packages/airflow/example_dags/example_trigger_target_dag.py took 0.375 seconds
[2023-04-23T05:48:42.609+0000] {processor.py:153} INFO - Started process (PID=63) to work on /home/airflow/.local/lib/python3.7/site-packages/airflow/example_dags/example_trigger_target_dag.py
[2023-04-23T05:48:42.620+0000] {processor.py:743} INFO - Processing file /home/airflow/.local/lib/python3.7/site-packages/airflow/example_dags/example_trigger_target_dag.py for tasks to queue
[2023-04-23T05:48:42.621+0000] {logging_mixin.py:137} INFO - [2023-04-23T05:48:42.621+0000] {dagbag.py:532} INFO - Filling up the DagBag from /home/airflow/.local/lib/python3.7/site-packages/airflow/example_dags/example_trigger_target_dag.py
[2023-04-23T05:48:42.715+0000] {processor.py:753} INFO - DAG(s) dict_keys(['example_trigger_target_dag']) retrieved from /home/airflow/.local/lib/python3.7/site-packages/airflow/example_dags/example_trigger_target_dag.py
[2023-04-23T05:48:42.836+0000] {logging_mixin.py:137} INFO - [2023-04-23T05:48:42.836+0000] {dag.py:2705} INFO - Sync 1 DAGs
[2023-04-23T05:48:42.941+0000] {logging_mixin.py:137} INFO - [2023-04-23T05:48:42.940+0000] {dag.py:3456} INFO - Setting next_dagrun for example_trigger_target_dag to None, run_after=None
[2023-04-23T05:48:42.978+0000] {processor.py:175} INFO - Processing /home/airflow/.local/lib/python3.7/site-packages/airflow/example_dags/example_trigger_target_dag.py took 0.371 seconds
[2023-04-23T11:42:57.675+0000] {processor.py:153} INFO - Started process (PID=65) to work on /home/airflow/.local/lib/python3.7/site-packages/airflow/example_dags/example_trigger_target_dag.py
[2023-04-23T11:42:57.676+0000] {processor.py:743} INFO - Processing file /home/airflow/.local/lib/python3.7/site-packages/airflow/example_dags/example_trigger_target_dag.py for tasks to queue
[2023-04-23T11:42:57.678+0000] {logging_mixin.py:137} INFO - [2023-04-23T11:42:57.678+0000] {dagbag.py:532} INFO - Filling up the DagBag from /home/airflow/.local/lib/python3.7/site-packages/airflow/example_dags/example_trigger_target_dag.py
[2023-04-23T11:42:57.753+0000] {processor.py:753} INFO - DAG(s) dict_keys(['example_trigger_target_dag']) retrieved from /home/airflow/.local/lib/python3.7/site-packages/airflow/example_dags/example_trigger_target_dag.py
[2023-04-23T11:42:57.895+0000] {logging_mixin.py:137} INFO - [2023-04-23T11:42:57.893+0000] {dag.py:2705} INFO - Sync 1 DAGs
[2023-04-23T11:42:58.109+0000] {logging_mixin.py:137} INFO - [2023-04-23T11:42:58.107+0000] {dag.py:3456} INFO - Setting next_dagrun for example_trigger_target_dag to None, run_after=None
[2023-04-23T11:42:58.479+0000] {processor.py:175} INFO - Processing /home/airflow/.local/lib/python3.7/site-packages/airflow/example_dags/example_trigger_target_dag.py took 0.809 seconds
[2023-04-23T11:47:51.438+0000] {processor.py:153} INFO - Started process (PID=64) to work on /home/airflow/.local/lib/python3.7/site-packages/airflow/example_dags/example_trigger_target_dag.py
[2023-04-23T11:47:51.441+0000] {processor.py:743} INFO - Processing file /home/airflow/.local/lib/python3.7/site-packages/airflow/example_dags/example_trigger_target_dag.py for tasks to queue
[2023-04-23T11:47:51.447+0000] {logging_mixin.py:137} INFO - [2023-04-23T11:47:51.447+0000] {dagbag.py:532} INFO - Filling up the DagBag from /home/airflow/.local/lib/python3.7/site-packages/airflow/example_dags/example_trigger_target_dag.py
[2023-04-23T11:47:51.522+0000] {processor.py:753} INFO - DAG(s) dict_keys(['example_trigger_target_dag']) retrieved from /home/airflow/.local/lib/python3.7/site-packages/airflow/example_dags/example_trigger_target_dag.py
[2023-04-23T11:47:51.557+0000] {logging_mixin.py:137} INFO - [2023-04-23T11:47:51.557+0000] {dag.py:2705} INFO - Sync 1 DAGs
[2023-04-23T11:47:51.609+0000] {logging_mixin.py:137} INFO - [2023-04-23T11:47:51.609+0000] {dag.py:3456} INFO - Setting next_dagrun for example_trigger_target_dag to None, run_after=None
[2023-04-23T11:47:51.650+0000] {processor.py:175} INFO - Processing /home/airflow/.local/lib/python3.7/site-packages/airflow/example_dags/example_trigger_target_dag.py took 0.214 seconds
[2023-04-23T11:48:56.928+0000] {processor.py:153} INFO - Started process (PID=56) to work on /home/airflow/.local/lib/python3.7/site-packages/airflow/example_dags/example_trigger_target_dag.py
[2023-04-23T11:48:56.934+0000] {processor.py:743} INFO - Processing file /home/airflow/.local/lib/python3.7/site-packages/airflow/example_dags/example_trigger_target_dag.py for tasks to queue
[2023-04-23T11:48:56.934+0000] {logging_mixin.py:137} INFO - [2023-04-23T11:48:56.934+0000] {dagbag.py:532} INFO - Filling up the DagBag from /home/airflow/.local/lib/python3.7/site-packages/airflow/example_dags/example_trigger_target_dag.py
[2023-04-23T11:48:56.995+0000] {processor.py:753} INFO - DAG(s) dict_keys(['example_trigger_target_dag']) retrieved from /home/airflow/.local/lib/python3.7/site-packages/airflow/example_dags/example_trigger_target_dag.py
[2023-04-23T11:48:57.051+0000] {logging_mixin.py:137} INFO - [2023-04-23T11:48:57.051+0000] {dag.py:2705} INFO - Sync 1 DAGs
[2023-04-23T11:48:57.103+0000] {logging_mixin.py:137} INFO - [2023-04-23T11:48:57.100+0000] {dag.py:3456} INFO - Setting next_dagrun for example_trigger_target_dag to None, run_after=None
[2023-04-23T11:48:57.157+0000] {processor.py:175} INFO - Processing /home/airflow/.local/lib/python3.7/site-packages/airflow/example_dags/example_trigger_target_dag.py took 0.240 seconds
[2023-04-23T11:51:33.237+0000] {processor.py:153} INFO - Started process (PID=65) to work on /home/airflow/.local/lib/python3.7/site-packages/airflow/example_dags/example_trigger_target_dag.py
[2023-04-23T11:51:33.244+0000] {processor.py:743} INFO - Processing file /home/airflow/.local/lib/python3.7/site-packages/airflow/example_dags/example_trigger_target_dag.py for tasks to queue
[2023-04-23T11:51:33.244+0000] {logging_mixin.py:137} INFO - [2023-04-23T11:51:33.244+0000] {dagbag.py:532} INFO - Filling up the DagBag from /home/airflow/.local/lib/python3.7/site-packages/airflow/example_dags/example_trigger_target_dag.py
[2023-04-23T11:51:33.349+0000] {processor.py:753} INFO - DAG(s) dict_keys(['example_trigger_target_dag']) retrieved from /home/airflow/.local/lib/python3.7/site-packages/airflow/example_dags/example_trigger_target_dag.py
[2023-04-23T11:51:33.464+0000] {logging_mixin.py:137} INFO - [2023-04-23T11:51:33.463+0000] {dag.py:2705} INFO - Sync 1 DAGs
[2023-04-23T11:51:33.515+0000] {logging_mixin.py:137} INFO - [2023-04-23T11:51:33.512+0000] {dag.py:3456} INFO - Setting next_dagrun for example_trigger_target_dag to None, run_after=None
[2023-04-23T11:51:33.570+0000] {processor.py:175} INFO - Processing /home/airflow/.local/lib/python3.7/site-packages/airflow/example_dags/example_trigger_target_dag.py took 0.339 seconds
[2023-04-23T11:52:27.668+0000] {processor.py:153} INFO - Started process (PID=62) to work on /home/airflow/.local/lib/python3.7/site-packages/airflow/example_dags/example_trigger_target_dag.py
[2023-04-23T11:52:27.669+0000] {processor.py:743} INFO - Processing file /home/airflow/.local/lib/python3.7/site-packages/airflow/example_dags/example_trigger_target_dag.py for tasks to queue
[2023-04-23T11:52:27.670+0000] {logging_mixin.py:137} INFO - [2023-04-23T11:52:27.670+0000] {dagbag.py:532} INFO - Filling up the DagBag from /home/airflow/.local/lib/python3.7/site-packages/airflow/example_dags/example_trigger_target_dag.py
[2023-04-23T11:52:27.698+0000] {processor.py:753} INFO - DAG(s) dict_keys(['example_trigger_target_dag']) retrieved from /home/airflow/.local/lib/python3.7/site-packages/airflow/example_dags/example_trigger_target_dag.py
[2023-04-23T11:52:27.742+0000] {logging_mixin.py:137} INFO - [2023-04-23T11:52:27.742+0000] {dag.py:2705} INFO - Sync 1 DAGs
[2023-04-23T11:52:27.781+0000] {logging_mixin.py:137} INFO - [2023-04-23T11:52:27.781+0000] {dag.py:3456} INFO - Setting next_dagrun for example_trigger_target_dag to None, run_after=None
[2023-04-23T11:52:27.825+0000] {processor.py:175} INFO - Processing /home/airflow/.local/lib/python3.7/site-packages/airflow/example_dags/example_trigger_target_dag.py took 0.166 seconds
[2023-04-23T11:52:48.935+0000] {processor.py:153} INFO - Started process (PID=56) to work on /home/airflow/.local/lib/python3.7/site-packages/airflow/example_dags/example_trigger_target_dag.py
[2023-04-23T11:52:48.938+0000] {processor.py:743} INFO - Processing file /home/airflow/.local/lib/python3.7/site-packages/airflow/example_dags/example_trigger_target_dag.py for tasks to queue
[2023-04-23T11:52:48.942+0000] {logging_mixin.py:137} INFO - [2023-04-23T11:52:48.941+0000] {dagbag.py:532} INFO - Filling up the DagBag from /home/airflow/.local/lib/python3.7/site-packages/airflow/example_dags/example_trigger_target_dag.py
[2023-04-23T11:52:49.066+0000] {processor.py:753} INFO - DAG(s) dict_keys(['example_trigger_target_dag']) retrieved from /home/airflow/.local/lib/python3.7/site-packages/airflow/example_dags/example_trigger_target_dag.py
[2023-04-23T11:52:49.128+0000] {logging_mixin.py:137} INFO - [2023-04-23T11:52:49.128+0000] {dag.py:2705} INFO - Sync 1 DAGs
[2023-04-23T11:52:49.180+0000] {logging_mixin.py:137} INFO - [2023-04-23T11:52:49.180+0000] {dag.py:3456} INFO - Setting next_dagrun for example_trigger_target_dag to None, run_after=None
[2023-04-23T11:52:49.214+0000] {processor.py:175} INFO - Processing /home/airflow/.local/lib/python3.7/site-packages/airflow/example_dags/example_trigger_target_dag.py took 0.293 seconds
[2023-04-23T11:53:43.863+0000] {processor.py:153} INFO - Started process (PID=60) to work on /home/airflow/.local/lib/python3.7/site-packages/airflow/example_dags/example_trigger_target_dag.py
[2023-04-23T11:53:43.871+0000] {processor.py:743} INFO - Processing file /home/airflow/.local/lib/python3.7/site-packages/airflow/example_dags/example_trigger_target_dag.py for tasks to queue
[2023-04-23T11:53:43.872+0000] {logging_mixin.py:137} INFO - [2023-04-23T11:53:43.872+0000] {dagbag.py:532} INFO - Filling up the DagBag from /home/airflow/.local/lib/python3.7/site-packages/airflow/example_dags/example_trigger_target_dag.py
[2023-04-23T11:53:43.968+0000] {processor.py:753} INFO - DAG(s) dict_keys(['example_trigger_target_dag']) retrieved from /home/airflow/.local/lib/python3.7/site-packages/airflow/example_dags/example_trigger_target_dag.py
[2023-04-23T11:53:44.059+0000] {logging_mixin.py:137} INFO - [2023-04-23T11:53:44.059+0000] {dag.py:2705} INFO - Sync 1 DAGs
[2023-04-23T11:53:44.162+0000] {logging_mixin.py:137} INFO - [2023-04-23T11:53:44.162+0000] {dag.py:3456} INFO - Setting next_dagrun for example_trigger_target_dag to None, run_after=None
[2023-04-23T11:53:44.269+0000] {processor.py:175} INFO - Processing /home/airflow/.local/lib/python3.7/site-packages/airflow/example_dags/example_trigger_target_dag.py took 0.410 seconds
[2023-04-23T11:57:07.110+0000] {processor.py:153} INFO - Started process (PID=57) to work on /home/airflow/.local/lib/python3.7/site-packages/airflow/example_dags/example_trigger_target_dag.py
[2023-04-23T11:57:07.112+0000] {processor.py:743} INFO - Processing file /home/airflow/.local/lib/python3.7/site-packages/airflow/example_dags/example_trigger_target_dag.py for tasks to queue
[2023-04-23T11:57:07.113+0000] {logging_mixin.py:137} INFO - [2023-04-23T11:57:07.113+0000] {dagbag.py:532} INFO - Filling up the DagBag from /home/airflow/.local/lib/python3.7/site-packages/airflow/example_dags/example_trigger_target_dag.py
[2023-04-23T11:57:07.237+0000] {processor.py:753} INFO - DAG(s) dict_keys(['example_trigger_target_dag']) retrieved from /home/airflow/.local/lib/python3.7/site-packages/airflow/example_dags/example_trigger_target_dag.py
[2023-04-23T11:57:07.391+0000] {logging_mixin.py:137} INFO - [2023-04-23T11:57:07.390+0000] {dag.py:2705} INFO - Sync 1 DAGs
[2023-04-23T11:57:07.635+0000] {logging_mixin.py:137} INFO - [2023-04-23T11:57:07.633+0000] {dag.py:3456} INFO - Setting next_dagrun for example_trigger_target_dag to None, run_after=None
[2023-04-23T11:57:07.759+0000] {processor.py:175} INFO - Processing /home/airflow/.local/lib/python3.7/site-packages/airflow/example_dags/example_trigger_target_dag.py took 0.660 seconds
[2023-04-23T12:02:41.401+0000] {processor.py:153} INFO - Started process (PID=63) to work on /home/airflow/.local/lib/python3.7/site-packages/airflow/example_dags/example_trigger_target_dag.py
[2023-04-23T12:02:41.407+0000] {processor.py:743} INFO - Processing file /home/airflow/.local/lib/python3.7/site-packages/airflow/example_dags/example_trigger_target_dag.py for tasks to queue
[2023-04-23T12:02:41.409+0000] {logging_mixin.py:137} INFO - [2023-04-23T12:02:41.409+0000] {dagbag.py:532} INFO - Filling up the DagBag from /home/airflow/.local/lib/python3.7/site-packages/airflow/example_dags/example_trigger_target_dag.py
[2023-04-23T12:02:41.478+0000] {processor.py:753} INFO - DAG(s) dict_keys(['example_trigger_target_dag']) retrieved from /home/airflow/.local/lib/python3.7/site-packages/airflow/example_dags/example_trigger_target_dag.py
[2023-04-23T12:02:41.505+0000] {logging_mixin.py:137} INFO - [2023-04-23T12:02:41.505+0000] {dag.py:2705} INFO - Sync 1 DAGs
[2023-04-23T12:02:41.548+0000] {logging_mixin.py:137} INFO - [2023-04-23T12:02:41.548+0000] {dag.py:3456} INFO - Setting next_dagrun for example_trigger_target_dag to None, run_after=None
[2023-04-23T12:02:41.576+0000] {processor.py:175} INFO - Processing /home/airflow/.local/lib/python3.7/site-packages/airflow/example_dags/example_trigger_target_dag.py took 0.179 seconds
[2023-04-23T12:03:06.037+0000] {processor.py:153} INFO - Started process (PID=56) to work on /home/airflow/.local/lib/python3.7/site-packages/airflow/example_dags/example_trigger_target_dag.py
[2023-04-23T12:03:06.038+0000] {processor.py:743} INFO - Processing file /home/airflow/.local/lib/python3.7/site-packages/airflow/example_dags/example_trigger_target_dag.py for tasks to queue
[2023-04-23T12:03:06.039+0000] {logging_mixin.py:137} INFO - [2023-04-23T12:03:06.039+0000] {dagbag.py:532} INFO - Filling up the DagBag from /home/airflow/.local/lib/python3.7/site-packages/airflow/example_dags/example_trigger_target_dag.py
[2023-04-23T12:03:06.077+0000] {processor.py:753} INFO - DAG(s) dict_keys(['example_trigger_target_dag']) retrieved from /home/airflow/.local/lib/python3.7/site-packages/airflow/example_dags/example_trigger_target_dag.py
[2023-04-23T12:03:06.119+0000] {logging_mixin.py:137} INFO - [2023-04-23T12:03:06.119+0000] {dag.py:2705} INFO - Sync 1 DAGs
[2023-04-23T12:03:06.162+0000] {logging_mixin.py:137} INFO - [2023-04-23T12:03:06.162+0000] {dag.py:3456} INFO - Setting next_dagrun for example_trigger_target_dag to None, run_after=None
[2023-04-23T12:03:06.178+0000] {processor.py:175} INFO - Processing /home/airflow/.local/lib/python3.7/site-packages/airflow/example_dags/example_trigger_target_dag.py took 0.144 seconds
[2023-04-23T12:10:08.427+0000] {processor.py:153} INFO - Started process (PID=64) to work on /home/airflow/.local/lib/python3.7/site-packages/airflow/example_dags/example_trigger_target_dag.py
[2023-04-23T12:10:08.442+0000] {processor.py:743} INFO - Processing file /home/airflow/.local/lib/python3.7/site-packages/airflow/example_dags/example_trigger_target_dag.py for tasks to queue
[2023-04-23T12:10:08.443+0000] {logging_mixin.py:137} INFO - [2023-04-23T12:10:08.443+0000] {dagbag.py:532} INFO - Filling up the DagBag from /home/airflow/.local/lib/python3.7/site-packages/airflow/example_dags/example_trigger_target_dag.py
[2023-04-23T12:10:08.480+0000] {processor.py:753} INFO - DAG(s) dict_keys(['example_trigger_target_dag']) retrieved from /home/airflow/.local/lib/python3.7/site-packages/airflow/example_dags/example_trigger_target_dag.py
[2023-04-23T12:10:08.523+0000] {logging_mixin.py:137} INFO - [2023-04-23T12:10:08.523+0000] {dag.py:2705} INFO - Sync 1 DAGs
[2023-04-23T12:10:08.561+0000] {logging_mixin.py:137} INFO - [2023-04-23T12:10:08.561+0000] {dag.py:3456} INFO - Setting next_dagrun for example_trigger_target_dag to None, run_after=None
[2023-04-23T12:10:08.584+0000] {processor.py:175} INFO - Processing /home/airflow/.local/lib/python3.7/site-packages/airflow/example_dags/example_trigger_target_dag.py took 0.161 seconds
[2023-04-23T12:14:16.763+0000] {processor.py:153} INFO - Started process (PID=56) to work on /home/airflow/.local/lib/python3.7/site-packages/airflow/example_dags/example_trigger_target_dag.py
[2023-04-23T12:14:16.764+0000] {processor.py:743} INFO - Processing file /home/airflow/.local/lib/python3.7/site-packages/airflow/example_dags/example_trigger_target_dag.py for tasks to queue
[2023-04-23T12:14:16.767+0000] {logging_mixin.py:137} INFO - [2023-04-23T12:14:16.767+0000] {dagbag.py:532} INFO - Filling up the DagBag from /home/airflow/.local/lib/python3.7/site-packages/airflow/example_dags/example_trigger_target_dag.py
[2023-04-23T12:14:16.808+0000] {processor.py:753} INFO - DAG(s) dict_keys(['example_trigger_target_dag']) retrieved from /home/airflow/.local/lib/python3.7/site-packages/airflow/example_dags/example_trigger_target_dag.py
[2023-04-23T12:14:16.887+0000] {logging_mixin.py:137} INFO - [2023-04-23T12:14:16.885+0000] {dag.py:2705} INFO - Sync 1 DAGs
[2023-04-23T12:14:16.996+0000] {logging_mixin.py:137} INFO - [2023-04-23T12:14:16.996+0000] {dag.py:3456} INFO - Setting next_dagrun for example_trigger_target_dag to None, run_after=None
[2023-04-23T12:14:17.066+0000] {processor.py:175} INFO - Processing /home/airflow/.local/lib/python3.7/site-packages/airflow/example_dags/example_trigger_target_dag.py took 0.323 seconds
[2023-04-23T12:16:03.678+0000] {processor.py:153} INFO - Started process (PID=65) to work on /home/airflow/.local/lib/python3.7/site-packages/airflow/example_dags/example_trigger_target_dag.py
[2023-04-23T12:16:03.681+0000] {processor.py:743} INFO - Processing file /home/airflow/.local/lib/python3.7/site-packages/airflow/example_dags/example_trigger_target_dag.py for tasks to queue
[2023-04-23T12:16:03.681+0000] {logging_mixin.py:137} INFO - [2023-04-23T12:16:03.681+0000] {dagbag.py:532} INFO - Filling up the DagBag from /home/airflow/.local/lib/python3.7/site-packages/airflow/example_dags/example_trigger_target_dag.py
[2023-04-23T12:16:03.816+0000] {processor.py:753} INFO - DAG(s) dict_keys(['example_trigger_target_dag']) retrieved from /home/airflow/.local/lib/python3.7/site-packages/airflow/example_dags/example_trigger_target_dag.py
[2023-04-23T12:16:03.937+0000] {logging_mixin.py:137} INFO - [2023-04-23T12:16:03.936+0000] {dag.py:2705} INFO - Sync 1 DAGs
[2023-04-23T12:16:04.035+0000] {logging_mixin.py:137} INFO - [2023-04-23T12:16:04.035+0000] {dag.py:3456} INFO - Setting next_dagrun for example_trigger_target_dag to None, run_after=None
[2023-04-23T12:16:04.079+0000] {processor.py:175} INFO - Processing /home/airflow/.local/lib/python3.7/site-packages/airflow/example_dags/example_trigger_target_dag.py took 0.406 seconds
[2023-04-23T12:16:36.022+0000] {processor.py:153} INFO - Started process (PID=56) to work on /home/airflow/.local/lib/python3.7/site-packages/airflow/example_dags/example_trigger_target_dag.py
[2023-04-23T12:16:36.023+0000] {processor.py:743} INFO - Processing file /home/airflow/.local/lib/python3.7/site-packages/airflow/example_dags/example_trigger_target_dag.py for tasks to queue
[2023-04-23T12:16:36.024+0000] {logging_mixin.py:137} INFO - [2023-04-23T12:16:36.024+0000] {dagbag.py:532} INFO - Filling up the DagBag from /home/airflow/.local/lib/python3.7/site-packages/airflow/example_dags/example_trigger_target_dag.py
[2023-04-23T12:16:36.049+0000] {processor.py:753} INFO - DAG(s) dict_keys(['example_trigger_target_dag']) retrieved from /home/airflow/.local/lib/python3.7/site-packages/airflow/example_dags/example_trigger_target_dag.py
[2023-04-23T12:16:36.082+0000] {logging_mixin.py:137} INFO - [2023-04-23T12:16:36.082+0000] {dag.py:2705} INFO - Sync 1 DAGs
[2023-04-23T12:16:36.106+0000] {logging_mixin.py:137} INFO - [2023-04-23T12:16:36.105+0000] {dag.py:3456} INFO - Setting next_dagrun for example_trigger_target_dag to None, run_after=None
[2023-04-23T12:16:36.159+0000] {processor.py:175} INFO - Processing /home/airflow/.local/lib/python3.7/site-packages/airflow/example_dags/example_trigger_target_dag.py took 0.142 seconds
[2023-04-23T12:17:12.368+0000] {processor.py:153} INFO - Started process (PID=56) to work on /home/airflow/.local/lib/python3.7/site-packages/airflow/example_dags/example_trigger_target_dag.py
[2023-04-23T12:17:12.370+0000] {processor.py:743} INFO - Processing file /home/airflow/.local/lib/python3.7/site-packages/airflow/example_dags/example_trigger_target_dag.py for tasks to queue
[2023-04-23T12:17:12.372+0000] {logging_mixin.py:137} INFO - [2023-04-23T12:17:12.371+0000] {dagbag.py:532} INFO - Filling up the DagBag from /home/airflow/.local/lib/python3.7/site-packages/airflow/example_dags/example_trigger_target_dag.py
[2023-04-23T12:17:12.426+0000] {processor.py:753} INFO - DAG(s) dict_keys(['example_trigger_target_dag']) retrieved from /home/airflow/.local/lib/python3.7/site-packages/airflow/example_dags/example_trigger_target_dag.py
[2023-04-23T12:17:12.483+0000] {logging_mixin.py:137} INFO - [2023-04-23T12:17:12.483+0000] {dag.py:2705} INFO - Sync 1 DAGs
[2023-04-23T12:17:12.538+0000] {logging_mixin.py:137} INFO - [2023-04-23T12:17:12.538+0000] {dag.py:3456} INFO - Setting next_dagrun for example_trigger_target_dag to None, run_after=None
[2023-04-23T12:17:12.551+0000] {processor.py:175} INFO - Processing /home/airflow/.local/lib/python3.7/site-packages/airflow/example_dags/example_trigger_target_dag.py took 0.192 seconds
[2023-04-23T12:17:59.293+0000] {processor.py:153} INFO - Started process (PID=56) to work on /home/airflow/.local/lib/python3.7/site-packages/airflow/example_dags/example_trigger_target_dag.py
[2023-04-23T12:17:59.300+0000] {processor.py:743} INFO - Processing file /home/airflow/.local/lib/python3.7/site-packages/airflow/example_dags/example_trigger_target_dag.py for tasks to queue
[2023-04-23T12:17:59.302+0000] {logging_mixin.py:137} INFO - [2023-04-23T12:17:59.302+0000] {dagbag.py:532} INFO - Filling up the DagBag from /home/airflow/.local/lib/python3.7/site-packages/airflow/example_dags/example_trigger_target_dag.py
[2023-04-23T12:17:59.353+0000] {processor.py:753} INFO - DAG(s) dict_keys(['example_trigger_target_dag']) retrieved from /home/airflow/.local/lib/python3.7/site-packages/airflow/example_dags/example_trigger_target_dag.py
[2023-04-23T12:17:59.417+0000] {logging_mixin.py:137} INFO - [2023-04-23T12:17:59.416+0000] {dag.py:2705} INFO - Sync 1 DAGs
[2023-04-23T12:17:59.445+0000] {logging_mixin.py:137} INFO - [2023-04-23T12:17:59.445+0000] {dag.py:3456} INFO - Setting next_dagrun for example_trigger_target_dag to None, run_after=None
[2023-04-23T12:17:59.497+0000] {processor.py:175} INFO - Processing /home/airflow/.local/lib/python3.7/site-packages/airflow/example_dags/example_trigger_target_dag.py took 0.215 seconds
[2023-04-23T12:18:53.192+0000] {processor.py:153} INFO - Started process (PID=63) to work on /home/airflow/.local/lib/python3.7/site-packages/airflow/example_dags/example_trigger_target_dag.py
[2023-04-23T12:18:53.194+0000] {processor.py:743} INFO - Processing file /home/airflow/.local/lib/python3.7/site-packages/airflow/example_dags/example_trigger_target_dag.py for tasks to queue
[2023-04-23T12:18:53.196+0000] {logging_mixin.py:137} INFO - [2023-04-23T12:18:53.196+0000] {dagbag.py:532} INFO - Filling up the DagBag from /home/airflow/.local/lib/python3.7/site-packages/airflow/example_dags/example_trigger_target_dag.py
[2023-04-23T12:18:53.240+0000] {processor.py:753} INFO - DAG(s) dict_keys(['example_trigger_target_dag']) retrieved from /home/airflow/.local/lib/python3.7/site-packages/airflow/example_dags/example_trigger_target_dag.py
[2023-04-23T12:18:53.286+0000] {logging_mixin.py:137} INFO - [2023-04-23T12:18:53.286+0000] {dag.py:2705} INFO - Sync 1 DAGs
[2023-04-23T12:18:53.338+0000] {logging_mixin.py:137} INFO - [2023-04-23T12:18:53.338+0000] {dag.py:3456} INFO - Setting next_dagrun for example_trigger_target_dag to None, run_after=None
[2023-04-23T12:18:53.388+0000] {processor.py:175} INFO - Processing /home/airflow/.local/lib/python3.7/site-packages/airflow/example_dags/example_trigger_target_dag.py took 0.202 seconds
[2023-04-23T12:19:49.147+0000] {processor.py:153} INFO - Started process (PID=56) to work on /home/airflow/.local/lib/python3.7/site-packages/airflow/example_dags/example_trigger_target_dag.py
[2023-04-23T12:19:49.149+0000] {processor.py:743} INFO - Processing file /home/airflow/.local/lib/python3.7/site-packages/airflow/example_dags/example_trigger_target_dag.py for tasks to queue
[2023-04-23T12:19:49.151+0000] {logging_mixin.py:137} INFO - [2023-04-23T12:19:49.151+0000] {dagbag.py:532} INFO - Filling up the DagBag from /home/airflow/.local/lib/python3.7/site-packages/airflow/example_dags/example_trigger_target_dag.py
[2023-04-23T12:19:49.176+0000] {processor.py:753} INFO - DAG(s) dict_keys(['example_trigger_target_dag']) retrieved from /home/airflow/.local/lib/python3.7/site-packages/airflow/example_dags/example_trigger_target_dag.py
[2023-04-23T12:19:49.228+0000] {logging_mixin.py:137} INFO - [2023-04-23T12:19:49.228+0000] {dag.py:2705} INFO - Sync 1 DAGs
[2023-04-23T12:19:49.257+0000] {logging_mixin.py:137} INFO - [2023-04-23T12:19:49.257+0000] {dag.py:3456} INFO - Setting next_dagrun for example_trigger_target_dag to None, run_after=None
[2023-04-23T12:19:49.301+0000] {processor.py:175} INFO - Processing /home/airflow/.local/lib/python3.7/site-packages/airflow/example_dags/example_trigger_target_dag.py took 0.158 seconds
[2023-04-23T12:21:06.585+0000] {processor.py:153} INFO - Started process (PID=56) to work on /home/airflow/.local/lib/python3.7/site-packages/airflow/example_dags/example_trigger_target_dag.py
[2023-04-23T12:21:06.590+0000] {processor.py:743} INFO - Processing file /home/airflow/.local/lib/python3.7/site-packages/airflow/example_dags/example_trigger_target_dag.py for tasks to queue
[2023-04-23T12:21:06.592+0000] {logging_mixin.py:137} INFO - [2023-04-23T12:21:06.592+0000] {dagbag.py:532} INFO - Filling up the DagBag from /home/airflow/.local/lib/python3.7/site-packages/airflow/example_dags/example_trigger_target_dag.py
[2023-04-23T12:21:06.744+0000] {processor.py:753} INFO - DAG(s) dict_keys(['example_trigger_target_dag']) retrieved from /home/airflow/.local/lib/python3.7/site-packages/airflow/example_dags/example_trigger_target_dag.py
[2023-04-23T12:21:06.990+0000] {logging_mixin.py:137} INFO - [2023-04-23T12:21:06.978+0000] {dag.py:2705} INFO - Sync 1 DAGs
[2023-04-23T12:21:08.748+0000] {logging_mixin.py:137} INFO - [2023-04-23T12:21:08.747+0000] {dag.py:3456} INFO - Setting next_dagrun for example_trigger_target_dag to None, run_after=None
[2023-04-23T12:21:08.839+0000] {processor.py:175} INFO - Processing /home/airflow/.local/lib/python3.7/site-packages/airflow/example_dags/example_trigger_target_dag.py took 2.262 seconds
[2023-04-23T12:21:47.932+0000] {processor.py:153} INFO - Started process (PID=56) to work on /home/airflow/.local/lib/python3.7/site-packages/airflow/example_dags/example_trigger_target_dag.py
[2023-04-23T12:21:47.934+0000] {processor.py:743} INFO - Processing file /home/airflow/.local/lib/python3.7/site-packages/airflow/example_dags/example_trigger_target_dag.py for tasks to queue
[2023-04-23T12:21:47.938+0000] {logging_mixin.py:137} INFO - [2023-04-23T12:21:47.938+0000] {dagbag.py:532} INFO - Filling up the DagBag from /home/airflow/.local/lib/python3.7/site-packages/airflow/example_dags/example_trigger_target_dag.py
[2023-04-23T12:21:48.152+0000] {processor.py:753} INFO - DAG(s) dict_keys(['example_trigger_target_dag']) retrieved from /home/airflow/.local/lib/python3.7/site-packages/airflow/example_dags/example_trigger_target_dag.py
[2023-04-23T12:21:51.021+0000] {logging_mixin.py:137} INFO - [2023-04-23T12:21:51.011+0000] {dag.py:2705} INFO - Sync 1 DAGs
[2023-04-23T12:23:27.866+0000] {processor.py:153} INFO - Started process (PID=56) to work on /home/airflow/.local/lib/python3.7/site-packages/airflow/example_dags/example_trigger_target_dag.py
[2023-04-23T12:23:27.874+0000] {processor.py:743} INFO - Processing file /home/airflow/.local/lib/python3.7/site-packages/airflow/example_dags/example_trigger_target_dag.py for tasks to queue
[2023-04-23T12:23:27.877+0000] {logging_mixin.py:137} INFO - [2023-04-23T12:23:27.877+0000] {dagbag.py:532} INFO - Filling up the DagBag from /home/airflow/.local/lib/python3.7/site-packages/airflow/example_dags/example_trigger_target_dag.py
[2023-04-23T12:23:27.923+0000] {processor.py:753} INFO - DAG(s) dict_keys(['example_trigger_target_dag']) retrieved from /home/airflow/.local/lib/python3.7/site-packages/airflow/example_dags/example_trigger_target_dag.py
[2023-04-23T12:23:27.995+0000] {logging_mixin.py:137} INFO - [2023-04-23T12:23:27.995+0000] {dag.py:2705} INFO - Sync 1 DAGs
[2023-04-23T12:23:28.020+0000] {logging_mixin.py:137} INFO - [2023-04-23T12:23:28.020+0000] {dag.py:3456} INFO - Setting next_dagrun for example_trigger_target_dag to None, run_after=None
[2023-04-23T12:23:28.035+0000] {processor.py:175} INFO - Processing /home/airflow/.local/lib/python3.7/site-packages/airflow/example_dags/example_trigger_target_dag.py took 0.184 seconds
[2023-04-23T12:24:08.505+0000] {processor.py:153} INFO - Started process (PID=56) to work on /home/airflow/.local/lib/python3.7/site-packages/airflow/example_dags/example_trigger_target_dag.py
[2023-04-23T12:24:08.506+0000] {processor.py:743} INFO - Processing file /home/airflow/.local/lib/python3.7/site-packages/airflow/example_dags/example_trigger_target_dag.py for tasks to queue
[2023-04-23T12:24:08.507+0000] {logging_mixin.py:137} INFO - [2023-04-23T12:24:08.507+0000] {dagbag.py:532} INFO - Filling up the DagBag from /home/airflow/.local/lib/python3.7/site-packages/airflow/example_dags/example_trigger_target_dag.py
[2023-04-23T12:24:08.531+0000] {processor.py:753} INFO - DAG(s) dict_keys(['example_trigger_target_dag']) retrieved from /home/airflow/.local/lib/python3.7/site-packages/airflow/example_dags/example_trigger_target_dag.py
[2023-04-23T12:24:08.550+0000] {logging_mixin.py:137} INFO - [2023-04-23T12:24:08.549+0000] {dag.py:2705} INFO - Sync 1 DAGs
[2023-04-23T12:24:08.569+0000] {logging_mixin.py:137} INFO - [2023-04-23T12:24:08.569+0000] {dag.py:3456} INFO - Setting next_dagrun for example_trigger_target_dag to None, run_after=None
[2023-04-23T12:24:08.594+0000] {processor.py:175} INFO - Processing /home/airflow/.local/lib/python3.7/site-packages/airflow/example_dags/example_trigger_target_dag.py took 0.094 seconds
[2023-04-23T12:25:35.412+0000] {processor.py:153} INFO - Started process (PID=56) to work on /home/airflow/.local/lib/python3.7/site-packages/airflow/example_dags/example_trigger_target_dag.py
[2023-04-23T12:25:35.416+0000] {processor.py:743} INFO - Processing file /home/airflow/.local/lib/python3.7/site-packages/airflow/example_dags/example_trigger_target_dag.py for tasks to queue
[2023-04-23T12:25:35.417+0000] {logging_mixin.py:137} INFO - [2023-04-23T12:25:35.417+0000] {dagbag.py:532} INFO - Filling up the DagBag from /home/airflow/.local/lib/python3.7/site-packages/airflow/example_dags/example_trigger_target_dag.py
[2023-04-23T12:25:35.430+0000] {processor.py:753} INFO - DAG(s) dict_keys(['example_trigger_target_dag']) retrieved from /home/airflow/.local/lib/python3.7/site-packages/airflow/example_dags/example_trigger_target_dag.py
[2023-04-23T12:25:35.447+0000] {logging_mixin.py:137} INFO - [2023-04-23T12:25:35.446+0000] {dag.py:2705} INFO - Sync 1 DAGs
[2023-04-23T12:25:35.462+0000] {logging_mixin.py:137} INFO - [2023-04-23T12:25:35.462+0000] {dag.py:3456} INFO - Setting next_dagrun for example_trigger_target_dag to None, run_after=None
[2023-04-23T12:25:35.605+0000] {processor.py:175} INFO - Processing /home/airflow/.local/lib/python3.7/site-packages/airflow/example_dags/example_trigger_target_dag.py took 0.195 seconds
[2023-04-23T12:26:21.677+0000] {processor.py:153} INFO - Started process (PID=56) to work on /home/airflow/.local/lib/python3.7/site-packages/airflow/example_dags/example_trigger_target_dag.py
[2023-04-23T12:26:21.682+0000] {processor.py:743} INFO - Processing file /home/airflow/.local/lib/python3.7/site-packages/airflow/example_dags/example_trigger_target_dag.py for tasks to queue
[2023-04-23T12:26:21.683+0000] {logging_mixin.py:137} INFO - [2023-04-23T12:26:21.683+0000] {dagbag.py:532} INFO - Filling up the DagBag from /home/airflow/.local/lib/python3.7/site-packages/airflow/example_dags/example_trigger_target_dag.py
[2023-04-23T12:26:21.710+0000] {processor.py:753} INFO - DAG(s) dict_keys(['example_trigger_target_dag']) retrieved from /home/airflow/.local/lib/python3.7/site-packages/airflow/example_dags/example_trigger_target_dag.py
[2023-04-23T12:26:21.738+0000] {logging_mixin.py:137} INFO - [2023-04-23T12:26:21.737+0000] {dag.py:2705} INFO - Sync 1 DAGs
[2023-04-23T12:26:21.786+0000] {logging_mixin.py:137} INFO - [2023-04-23T12:26:21.786+0000] {dag.py:3456} INFO - Setting next_dagrun for example_trigger_target_dag to None, run_after=None
[2023-04-23T12:26:21.828+0000] {processor.py:175} INFO - Processing /home/airflow/.local/lib/python3.7/site-packages/airflow/example_dags/example_trigger_target_dag.py took 0.156 seconds
[2023-04-23T13:08:09.859+0000] {processor.py:153} INFO - Started process (PID=56) to work on /home/airflow/.local/lib/python3.7/site-packages/airflow/example_dags/example_trigger_target_dag.py
[2023-04-23T13:08:09.860+0000] {processor.py:743} INFO - Processing file /home/airflow/.local/lib/python3.7/site-packages/airflow/example_dags/example_trigger_target_dag.py for tasks to queue
[2023-04-23T13:08:09.861+0000] {logging_mixin.py:137} INFO - [2023-04-23T13:08:09.861+0000] {dagbag.py:532} INFO - Filling up the DagBag from /home/airflow/.local/lib/python3.7/site-packages/airflow/example_dags/example_trigger_target_dag.py
[2023-04-23T13:08:09.902+0000] {processor.py:753} INFO - DAG(s) dict_keys(['example_trigger_target_dag']) retrieved from /home/airflow/.local/lib/python3.7/site-packages/airflow/example_dags/example_trigger_target_dag.py
[2023-04-23T13:08:09.941+0000] {logging_mixin.py:137} INFO - [2023-04-23T13:08:09.941+0000] {dag.py:2705} INFO - Sync 1 DAGs
[2023-04-23T13:08:09.980+0000] {logging_mixin.py:137} INFO - [2023-04-23T13:08:09.980+0000] {dag.py:3456} INFO - Setting next_dagrun for example_trigger_target_dag to None, run_after=None
[2023-04-23T13:08:10.016+0000] {processor.py:175} INFO - Processing /home/airflow/.local/lib/python3.7/site-packages/airflow/example_dags/example_trigger_target_dag.py took 0.159 seconds
[2023-04-23T14:13:52.279+0000] {processor.py:153} INFO - Started process (PID=55) to work on /home/airflow/.local/lib/python3.7/site-packages/airflow/example_dags/example_trigger_target_dag.py
[2023-04-23T14:13:52.279+0000] {processor.py:743} INFO - Processing file /home/airflow/.local/lib/python3.7/site-packages/airflow/example_dags/example_trigger_target_dag.py for tasks to queue
[2023-04-23T14:13:52.280+0000] {logging_mixin.py:137} INFO - [2023-04-23T14:13:52.280+0000] {dagbag.py:532} INFO - Filling up the DagBag from /home/airflow/.local/lib/python3.7/site-packages/airflow/example_dags/example_trigger_target_dag.py
[2023-04-23T14:13:52.376+0000] {processor.py:753} INFO - DAG(s) dict_keys(['example_trigger_target_dag']) retrieved from /home/airflow/.local/lib/python3.7/site-packages/airflow/example_dags/example_trigger_target_dag.py
[2023-04-23T14:13:52.468+0000] {logging_mixin.py:137} INFO - [2023-04-23T14:13:52.467+0000] {dag.py:2705} INFO - Sync 1 DAGs
[2023-04-23T14:13:52.577+0000] {logging_mixin.py:137} INFO - [2023-04-23T14:13:52.574+0000] {dag.py:3456} INFO - Setting next_dagrun for example_trigger_target_dag to None, run_after=None
[2023-04-23T14:13:52.716+0000] {processor.py:175} INFO - Processing /home/airflow/.local/lib/python3.7/site-packages/airflow/example_dags/example_trigger_target_dag.py took 0.440 seconds
[2023-04-23T15:24:41.954+0000] {processor.py:153} INFO - Started process (PID=56) to work on /home/airflow/.local/lib/python3.7/site-packages/airflow/example_dags/example_trigger_target_dag.py
[2023-04-23T15:24:41.959+0000] {processor.py:743} INFO - Processing file /home/airflow/.local/lib/python3.7/site-packages/airflow/example_dags/example_trigger_target_dag.py for tasks to queue
[2023-04-23T15:24:41.961+0000] {logging_mixin.py:137} INFO - [2023-04-23T15:24:41.960+0000] {dagbag.py:532} INFO - Filling up the DagBag from /home/airflow/.local/lib/python3.7/site-packages/airflow/example_dags/example_trigger_target_dag.py
[2023-04-23T15:24:41.995+0000] {processor.py:753} INFO - DAG(s) dict_keys(['example_trigger_target_dag']) retrieved from /home/airflow/.local/lib/python3.7/site-packages/airflow/example_dags/example_trigger_target_dag.py
[2023-04-23T15:24:42.023+0000] {logging_mixin.py:137} INFO - [2023-04-23T15:24:42.022+0000] {dag.py:2705} INFO - Sync 1 DAGs
[2023-04-23T15:24:42.043+0000] {logging_mixin.py:137} INFO - [2023-04-23T15:24:42.043+0000] {dag.py:3456} INFO - Setting next_dagrun for example_trigger_target_dag to None, run_after=None
[2023-04-23T15:24:42.071+0000] {processor.py:175} INFO - Processing /home/airflow/.local/lib/python3.7/site-packages/airflow/example_dags/example_trigger_target_dag.py took 0.122 seconds
[2023-04-23T15:28:48.493+0000] {processor.py:153} INFO - Started process (PID=65) to work on /home/airflow/.local/lib/python3.7/site-packages/airflow/example_dags/example_trigger_target_dag.py
[2023-04-23T15:28:48.504+0000] {processor.py:743} INFO - Processing file /home/airflow/.local/lib/python3.7/site-packages/airflow/example_dags/example_trigger_target_dag.py for tasks to queue
[2023-04-23T15:28:48.505+0000] {logging_mixin.py:137} INFO - [2023-04-23T15:28:48.505+0000] {dagbag.py:532} INFO - Filling up the DagBag from /home/airflow/.local/lib/python3.7/site-packages/airflow/example_dags/example_trigger_target_dag.py
[2023-04-23T15:28:48.523+0000] {processor.py:753} INFO - DAG(s) dict_keys(['example_trigger_target_dag']) retrieved from /home/airflow/.local/lib/python3.7/site-packages/airflow/example_dags/example_trigger_target_dag.py
[2023-04-23T15:28:48.541+0000] {logging_mixin.py:137} INFO - [2023-04-23T15:28:48.540+0000] {dag.py:2705} INFO - Sync 1 DAGs
[2023-04-23T15:28:48.564+0000] {logging_mixin.py:137} INFO - [2023-04-23T15:28:48.563+0000] {dag.py:3456} INFO - Setting next_dagrun for example_trigger_target_dag to None, run_after=None
[2023-04-23T15:28:48.583+0000] {processor.py:175} INFO - Processing /home/airflow/.local/lib/python3.7/site-packages/airflow/example_dags/example_trigger_target_dag.py took 0.092 seconds
[2023-04-23T15:30:09.945+0000] {processor.py:153} INFO - Started process (PID=56) to work on /home/airflow/.local/lib/python3.7/site-packages/airflow/example_dags/example_trigger_target_dag.py
[2023-04-23T15:30:09.946+0000] {processor.py:743} INFO - Processing file /home/airflow/.local/lib/python3.7/site-packages/airflow/example_dags/example_trigger_target_dag.py for tasks to queue
[2023-04-23T15:30:09.947+0000] {logging_mixin.py:137} INFO - [2023-04-23T15:30:09.947+0000] {dagbag.py:532} INFO - Filling up the DagBag from /home/airflow/.local/lib/python3.7/site-packages/airflow/example_dags/example_trigger_target_dag.py
[2023-04-23T15:30:09.987+0000] {processor.py:753} INFO - DAG(s) dict_keys(['example_trigger_target_dag']) retrieved from /home/airflow/.local/lib/python3.7/site-packages/airflow/example_dags/example_trigger_target_dag.py
[2023-04-23T15:30:10.049+0000] {logging_mixin.py:137} INFO - [2023-04-23T15:30:10.049+0000] {dag.py:2705} INFO - Sync 1 DAGs
[2023-04-23T15:30:10.101+0000] {logging_mixin.py:137} INFO - [2023-04-23T15:30:10.101+0000] {dag.py:3456} INFO - Setting next_dagrun for example_trigger_target_dag to None, run_after=None
[2023-04-23T15:30:10.188+0000] {processor.py:175} INFO - Processing /home/airflow/.local/lib/python3.7/site-packages/airflow/example_dags/example_trigger_target_dag.py took 0.247 seconds
[2023-04-23T15:30:45.059+0000] {processor.py:153} INFO - Started process (PID=56) to work on /home/airflow/.local/lib/python3.7/site-packages/airflow/example_dags/example_trigger_target_dag.py
[2023-04-23T15:30:45.060+0000] {processor.py:743} INFO - Processing file /home/airflow/.local/lib/python3.7/site-packages/airflow/example_dags/example_trigger_target_dag.py for tasks to queue
[2023-04-23T15:30:45.067+0000] {logging_mixin.py:137} INFO - [2023-04-23T15:30:45.067+0000] {dagbag.py:532} INFO - Filling up the DagBag from /home/airflow/.local/lib/python3.7/site-packages/airflow/example_dags/example_trigger_target_dag.py
[2023-04-23T15:30:45.116+0000] {processor.py:753} INFO - DAG(s) dict_keys(['example_trigger_target_dag']) retrieved from /home/airflow/.local/lib/python3.7/site-packages/airflow/example_dags/example_trigger_target_dag.py
[2023-04-23T15:30:45.168+0000] {logging_mixin.py:137} INFO - [2023-04-23T15:30:45.167+0000] {dag.py:2705} INFO - Sync 1 DAGs
[2023-04-23T15:30:45.240+0000] {logging_mixin.py:137} INFO - [2023-04-23T15:30:45.240+0000] {dag.py:3456} INFO - Setting next_dagrun for example_trigger_target_dag to None, run_after=None
[2023-04-23T15:30:45.289+0000] {processor.py:175} INFO - Processing /home/airflow/.local/lib/python3.7/site-packages/airflow/example_dags/example_trigger_target_dag.py took 0.234 seconds
[2023-04-23T15:38:23.920+0000] {processor.py:153} INFO - Started process (PID=58) to work on /home/airflow/.local/lib/python3.7/site-packages/airflow/example_dags/example_trigger_target_dag.py
[2023-04-23T15:38:23.921+0000] {processor.py:743} INFO - Processing file /home/airflow/.local/lib/python3.7/site-packages/airflow/example_dags/example_trigger_target_dag.py for tasks to queue
[2023-04-23T15:38:23.929+0000] {logging_mixin.py:137} INFO - [2023-04-23T15:38:23.928+0000] {dagbag.py:532} INFO - Filling up the DagBag from /home/airflow/.local/lib/python3.7/site-packages/airflow/example_dags/example_trigger_target_dag.py
[2023-04-23T15:38:23.976+0000] {processor.py:753} INFO - DAG(s) dict_keys(['example_trigger_target_dag']) retrieved from /home/airflow/.local/lib/python3.7/site-packages/airflow/example_dags/example_trigger_target_dag.py
[2023-04-23T15:38:24.044+0000] {logging_mixin.py:137} INFO - [2023-04-23T15:38:24.043+0000] {dag.py:2705} INFO - Sync 1 DAGs
[2023-04-23T15:38:24.157+0000] {logging_mixin.py:137} INFO - [2023-04-23T15:38:24.157+0000] {dag.py:3456} INFO - Setting next_dagrun for example_trigger_target_dag to None, run_after=None
[2023-04-23T15:38:24.204+0000] {processor.py:175} INFO - Processing /home/airflow/.local/lib/python3.7/site-packages/airflow/example_dags/example_trigger_target_dag.py took 0.286 seconds
[2023-04-23T19:25:55.598+0000] {processor.py:153} INFO - Started process (PID=56) to work on /home/airflow/.local/lib/python3.7/site-packages/airflow/example_dags/example_trigger_target_dag.py
[2023-04-23T19:25:55.600+0000] {processor.py:743} INFO - Processing file /home/airflow/.local/lib/python3.7/site-packages/airflow/example_dags/example_trigger_target_dag.py for tasks to queue
[2023-04-23T19:25:55.608+0000] {logging_mixin.py:137} INFO - [2023-04-23T19:25:55.607+0000] {dagbag.py:532} INFO - Filling up the DagBag from /home/airflow/.local/lib/python3.7/site-packages/airflow/example_dags/example_trigger_target_dag.py
[2023-04-23T19:25:55.679+0000] {processor.py:753} INFO - DAG(s) dict_keys(['example_trigger_target_dag']) retrieved from /home/airflow/.local/lib/python3.7/site-packages/airflow/example_dags/example_trigger_target_dag.py
[2023-04-23T19:25:55.700+0000] {logging_mixin.py:137} INFO - [2023-04-23T19:25:55.700+0000] {dag.py:2705} INFO - Sync 1 DAGs
[2023-04-23T19:25:55.716+0000] {logging_mixin.py:137} INFO - [2023-04-23T19:25:55.716+0000] {dag.py:3456} INFO - Setting next_dagrun for example_trigger_target_dag to None, run_after=None
[2023-04-23T19:25:55.725+0000] {processor.py:175} INFO - Processing /home/airflow/.local/lib/python3.7/site-packages/airflow/example_dags/example_trigger_target_dag.py took 0.142 seconds
[2023-04-23T19:26:52.648+0000] {processor.py:153} INFO - Started process (PID=55) to work on /home/airflow/.local/lib/python3.7/site-packages/airflow/example_dags/example_trigger_target_dag.py
[2023-04-23T19:26:52.649+0000] {processor.py:743} INFO - Processing file /home/airflow/.local/lib/python3.7/site-packages/airflow/example_dags/example_trigger_target_dag.py for tasks to queue
[2023-04-23T19:26:52.650+0000] {logging_mixin.py:137} INFO - [2023-04-23T19:26:52.649+0000] {dagbag.py:532} INFO - Filling up the DagBag from /home/airflow/.local/lib/python3.7/site-packages/airflow/example_dags/example_trigger_target_dag.py
[2023-04-23T19:26:52.784+0000] {processor.py:753} INFO - DAG(s) dict_keys(['example_trigger_target_dag']) retrieved from /home/airflow/.local/lib/python3.7/site-packages/airflow/example_dags/example_trigger_target_dag.py
[2023-04-23T19:26:52.875+0000] {logging_mixin.py:137} INFO - [2023-04-23T19:26:52.873+0000] {dag.py:2705} INFO - Sync 1 DAGs
[2023-04-23T19:26:52.912+0000] {logging_mixin.py:137} INFO - [2023-04-23T19:26:52.911+0000] {dag.py:3456} INFO - Setting next_dagrun for example_trigger_target_dag to None, run_after=None
[2023-04-23T19:26:52.952+0000] {processor.py:175} INFO - Processing /home/airflow/.local/lib/python3.7/site-packages/airflow/example_dags/example_trigger_target_dag.py took 0.313 seconds
[2023-04-23T19:30:37.933+0000] {processor.py:153} INFO - Started process (PID=56) to work on /home/airflow/.local/lib/python3.7/site-packages/airflow/example_dags/example_trigger_target_dag.py
[2023-04-23T19:30:37.934+0000] {processor.py:743} INFO - Processing file /home/airflow/.local/lib/python3.7/site-packages/airflow/example_dags/example_trigger_target_dag.py for tasks to queue
[2023-04-23T19:30:37.935+0000] {logging_mixin.py:137} INFO - [2023-04-23T19:30:37.935+0000] {dagbag.py:532} INFO - Filling up the DagBag from /home/airflow/.local/lib/python3.7/site-packages/airflow/example_dags/example_trigger_target_dag.py
[2023-04-23T19:30:37.983+0000] {processor.py:753} INFO - DAG(s) dict_keys(['example_trigger_target_dag']) retrieved from /home/airflow/.local/lib/python3.7/site-packages/airflow/example_dags/example_trigger_target_dag.py
[2023-04-23T19:30:38.008+0000] {logging_mixin.py:137} INFO - [2023-04-23T19:30:38.008+0000] {dag.py:2705} INFO - Sync 1 DAGs
[2023-04-23T19:30:38.047+0000] {logging_mixin.py:137} INFO - [2023-04-23T19:30:38.047+0000] {dag.py:3456} INFO - Setting next_dagrun for example_trigger_target_dag to None, run_after=None
[2023-04-23T19:30:38.081+0000] {processor.py:175} INFO - Processing /home/airflow/.local/lib/python3.7/site-packages/airflow/example_dags/example_trigger_target_dag.py took 0.150 seconds
[2023-04-23T19:33:42.292+0000] {processor.py:153} INFO - Started process (PID=64) to work on /home/airflow/.local/lib/python3.7/site-packages/airflow/example_dags/example_trigger_target_dag.py
[2023-04-23T19:33:42.296+0000] {processor.py:743} INFO - Processing file /home/airflow/.local/lib/python3.7/site-packages/airflow/example_dags/example_trigger_target_dag.py for tasks to queue
[2023-04-23T19:33:42.297+0000] {logging_mixin.py:137} INFO - [2023-04-23T19:33:42.297+0000] {dagbag.py:532} INFO - Filling up the DagBag from /home/airflow/.local/lib/python3.7/site-packages/airflow/example_dags/example_trigger_target_dag.py
[2023-04-23T19:33:43.146+0000] {processor.py:753} INFO - DAG(s) dict_keys(['example_trigger_target_dag']) retrieved from /home/airflow/.local/lib/python3.7/site-packages/airflow/example_dags/example_trigger_target_dag.py
[2023-04-23T19:37:39.662+0000] {processor.py:153} INFO - Started process (PID=56) to work on /home/airflow/.local/lib/python3.7/site-packages/airflow/example_dags/example_trigger_target_dag.py
[2023-04-23T19:37:39.665+0000] {processor.py:743} INFO - Processing file /home/airflow/.local/lib/python3.7/site-packages/airflow/example_dags/example_trigger_target_dag.py for tasks to queue
[2023-04-23T19:37:39.666+0000] {logging_mixin.py:137} INFO - [2023-04-23T19:37:39.665+0000] {dagbag.py:532} INFO - Filling up the DagBag from /home/airflow/.local/lib/python3.7/site-packages/airflow/example_dags/example_trigger_target_dag.py
[2023-04-23T19:37:39.698+0000] {processor.py:753} INFO - DAG(s) dict_keys(['example_trigger_target_dag']) retrieved from /home/airflow/.local/lib/python3.7/site-packages/airflow/example_dags/example_trigger_target_dag.py
[2023-04-23T19:37:39.721+0000] {logging_mixin.py:137} INFO - [2023-04-23T19:37:39.721+0000] {dag.py:2705} INFO - Sync 1 DAGs
[2023-04-23T19:37:39.744+0000] {logging_mixin.py:137} INFO - [2023-04-23T19:37:39.743+0000] {dag.py:3456} INFO - Setting next_dagrun for example_trigger_target_dag to None, run_after=None
[2023-04-23T19:37:39.760+0000] {processor.py:175} INFO - Processing /home/airflow/.local/lib/python3.7/site-packages/airflow/example_dags/example_trigger_target_dag.py took 0.101 seconds
[2023-04-23T19:38:00.990+0000] {processor.py:153} INFO - Started process (PID=56) to work on /home/airflow/.local/lib/python3.7/site-packages/airflow/example_dags/example_trigger_target_dag.py
[2023-04-23T19:38:01.000+0000] {processor.py:743} INFO - Processing file /home/airflow/.local/lib/python3.7/site-packages/airflow/example_dags/example_trigger_target_dag.py for tasks to queue
[2023-04-23T19:38:01.000+0000] {logging_mixin.py:137} INFO - [2023-04-23T19:38:01.000+0000] {dagbag.py:532} INFO - Filling up the DagBag from /home/airflow/.local/lib/python3.7/site-packages/airflow/example_dags/example_trigger_target_dag.py
[2023-04-23T19:38:01.028+0000] {processor.py:753} INFO - DAG(s) dict_keys(['example_trigger_target_dag']) retrieved from /home/airflow/.local/lib/python3.7/site-packages/airflow/example_dags/example_trigger_target_dag.py
[2023-04-23T19:38:01.071+0000] {logging_mixin.py:137} INFO - [2023-04-23T19:38:01.071+0000] {dag.py:2705} INFO - Sync 1 DAGs
[2023-04-23T19:38:01.123+0000] {logging_mixin.py:137} INFO - [2023-04-23T19:38:01.123+0000] {dag.py:3456} INFO - Setting next_dagrun for example_trigger_target_dag to None, run_after=None
[2023-04-23T19:38:01.176+0000] {processor.py:175} INFO - Processing /home/airflow/.local/lib/python3.7/site-packages/airflow/example_dags/example_trigger_target_dag.py took 0.191 seconds
[2023-04-23T19:38:33.413+0000] {processor.py:153} INFO - Started process (PID=55) to work on /home/airflow/.local/lib/python3.7/site-packages/airflow/example_dags/example_trigger_target_dag.py
[2023-04-23T19:38:33.419+0000] {processor.py:743} INFO - Processing file /home/airflow/.local/lib/python3.7/site-packages/airflow/example_dags/example_trigger_target_dag.py for tasks to queue
[2023-04-23T19:38:33.420+0000] {logging_mixin.py:137} INFO - [2023-04-23T19:38:33.420+0000] {dagbag.py:532} INFO - Filling up the DagBag from /home/airflow/.local/lib/python3.7/site-packages/airflow/example_dags/example_trigger_target_dag.py
[2023-04-23T19:38:33.448+0000] {processor.py:753} INFO - DAG(s) dict_keys(['example_trigger_target_dag']) retrieved from /home/airflow/.local/lib/python3.7/site-packages/airflow/example_dags/example_trigger_target_dag.py
[2023-04-23T19:38:33.489+0000] {logging_mixin.py:137} INFO - [2023-04-23T19:38:33.489+0000] {dag.py:2705} INFO - Sync 1 DAGs
[2023-04-23T19:38:33.547+0000] {logging_mixin.py:137} INFO - [2023-04-23T19:38:33.547+0000] {dag.py:3456} INFO - Setting next_dagrun for example_trigger_target_dag to None, run_after=None
[2023-04-23T19:38:33.575+0000] {processor.py:175} INFO - Processing /home/airflow/.local/lib/python3.7/site-packages/airflow/example_dags/example_trigger_target_dag.py took 0.166 seconds
[2023-04-23T19:39:53.721+0000] {processor.py:153} INFO - Started process (PID=56) to work on /home/airflow/.local/lib/python3.7/site-packages/airflow/example_dags/example_trigger_target_dag.py
[2023-04-23T19:39:53.722+0000] {processor.py:743} INFO - Processing file /home/airflow/.local/lib/python3.7/site-packages/airflow/example_dags/example_trigger_target_dag.py for tasks to queue
[2023-04-23T19:39:53.723+0000] {logging_mixin.py:137} INFO - [2023-04-23T19:39:53.723+0000] {dagbag.py:532} INFO - Filling up the DagBag from /home/airflow/.local/lib/python3.7/site-packages/airflow/example_dags/example_trigger_target_dag.py
[2023-04-23T19:39:53.779+0000] {processor.py:753} INFO - DAG(s) dict_keys(['example_trigger_target_dag']) retrieved from /home/airflow/.local/lib/python3.7/site-packages/airflow/example_dags/example_trigger_target_dag.py
[2023-04-23T19:39:53.805+0000] {logging_mixin.py:137} INFO - [2023-04-23T19:39:53.805+0000] {dag.py:2705} INFO - Sync 1 DAGs
[2023-04-23T19:39:53.829+0000] {logging_mixin.py:137} INFO - [2023-04-23T19:39:53.829+0000] {dag.py:3456} INFO - Setting next_dagrun for example_trigger_target_dag to None, run_after=None
[2023-04-23T19:39:53.884+0000] {processor.py:175} INFO - Processing /home/airflow/.local/lib/python3.7/site-packages/airflow/example_dags/example_trigger_target_dag.py took 0.168 seconds
[2023-04-23T19:45:30.714+0000] {processor.py:153} INFO - Started process (PID=56) to work on /home/airflow/.local/lib/python3.7/site-packages/airflow/example_dags/example_trigger_target_dag.py
[2023-04-23T19:45:30.731+0000] {processor.py:743} INFO - Processing file /home/airflow/.local/lib/python3.7/site-packages/airflow/example_dags/example_trigger_target_dag.py for tasks to queue
[2023-04-23T19:45:30.735+0000] {logging_mixin.py:137} INFO - [2023-04-23T19:45:30.735+0000] {dagbag.py:532} INFO - Filling up the DagBag from /home/airflow/.local/lib/python3.7/site-packages/airflow/example_dags/example_trigger_target_dag.py
[2023-04-23T19:45:30.908+0000] {processor.py:753} INFO - DAG(s) dict_keys(['example_trigger_target_dag']) retrieved from /home/airflow/.local/lib/python3.7/site-packages/airflow/example_dags/example_trigger_target_dag.py
[2023-04-23T19:45:30.990+0000] {logging_mixin.py:137} INFO - [2023-04-23T19:45:30.989+0000] {dag.py:2705} INFO - Sync 1 DAGs
[2023-04-23T19:45:31.062+0000] {logging_mixin.py:137} INFO - [2023-04-23T19:45:31.061+0000] {dag.py:3456} INFO - Setting next_dagrun for example_trigger_target_dag to None, run_after=None
[2023-04-23T19:45:31.105+0000] {processor.py:175} INFO - Processing /home/airflow/.local/lib/python3.7/site-packages/airflow/example_dags/example_trigger_target_dag.py took 0.406 seconds
[2023-04-23T19:57:04.366+0000] {processor.py:153} INFO - Started process (PID=58) to work on /home/airflow/.local/lib/python3.7/site-packages/airflow/example_dags/example_trigger_target_dag.py
[2023-04-23T19:57:04.375+0000] {processor.py:743} INFO - Processing file /home/airflow/.local/lib/python3.7/site-packages/airflow/example_dags/example_trigger_target_dag.py for tasks to queue
[2023-04-23T19:57:04.377+0000] {logging_mixin.py:137} INFO - [2023-04-23T19:57:04.376+0000] {dagbag.py:532} INFO - Filling up the DagBag from /home/airflow/.local/lib/python3.7/site-packages/airflow/example_dags/example_trigger_target_dag.py
[2023-04-23T19:57:04.434+0000] {processor.py:753} INFO - DAG(s) dict_keys(['example_trigger_target_dag']) retrieved from /home/airflow/.local/lib/python3.7/site-packages/airflow/example_dags/example_trigger_target_dag.py
[2023-04-23T19:57:04.558+0000] {logging_mixin.py:137} INFO - [2023-04-23T19:57:04.555+0000] {dag.py:2705} INFO - Sync 1 DAGs
[2023-04-23T19:57:04.618+0000] {logging_mixin.py:137} INFO - [2023-04-23T19:57:04.618+0000] {dag.py:3456} INFO - Setting next_dagrun for example_trigger_target_dag to None, run_after=None
[2023-04-23T19:57:04.722+0000] {processor.py:175} INFO - Processing /home/airflow/.local/lib/python3.7/site-packages/airflow/example_dags/example_trigger_target_dag.py took 0.358 seconds
[2023-04-23T20:00:37.633+0000] {processor.py:153} INFO - Started process (PID=57) to work on /home/airflow/.local/lib/python3.7/site-packages/airflow/example_dags/example_trigger_target_dag.py
[2023-04-23T20:00:37.633+0000] {processor.py:743} INFO - Processing file /home/airflow/.local/lib/python3.7/site-packages/airflow/example_dags/example_trigger_target_dag.py for tasks to queue
[2023-04-23T20:00:37.634+0000] {logging_mixin.py:137} INFO - [2023-04-23T20:00:37.633+0000] {dagbag.py:532} INFO - Filling up the DagBag from /home/airflow/.local/lib/python3.7/site-packages/airflow/example_dags/example_trigger_target_dag.py
[2023-04-23T20:00:37.692+0000] {processor.py:753} INFO - DAG(s) dict_keys(['example_trigger_target_dag']) retrieved from /home/airflow/.local/lib/python3.7/site-packages/airflow/example_dags/example_trigger_target_dag.py
[2023-04-23T20:00:37.734+0000] {logging_mixin.py:137} INFO - [2023-04-23T20:00:37.734+0000] {dag.py:2705} INFO - Sync 1 DAGs
[2023-04-23T20:00:37.765+0000] {logging_mixin.py:137} INFO - [2023-04-23T20:00:37.765+0000] {dag.py:3456} INFO - Setting next_dagrun for example_trigger_target_dag to None, run_after=None
[2023-04-23T20:00:37.790+0000] {processor.py:175} INFO - Processing /home/airflow/.local/lib/python3.7/site-packages/airflow/example_dags/example_trigger_target_dag.py took 0.162 seconds
