[2023-04-23T01:09:44.077+0000] {processor.py:153} INFO - Started process (PID=53) to work on /home/airflow/.local/lib/python3.7/site-packages/airflow/example_dags/example_branch_operator.py
[2023-04-23T01:09:44.078+0000] {processor.py:743} INFO - Processing file /home/airflow/.local/lib/python3.7/site-packages/airflow/example_dags/example_branch_operator.py for tasks to queue
[2023-04-23T01:09:44.083+0000] {logging_mixin.py:137} INFO - [2023-04-23T01:09:44.083+0000] {dagbag.py:532} INFO - Filling up the DagBag from /home/airflow/.local/lib/python3.7/site-packages/airflow/example_dags/example_branch_operator.py
[2023-04-23T01:09:44.141+0000] {processor.py:753} INFO - DAG(s) dict_keys(['example_branch_operator']) retrieved from /home/airflow/.local/lib/python3.7/site-packages/airflow/example_dags/example_branch_operator.py
[2023-04-23T01:09:44.265+0000] {logging_mixin.py:137} INFO - [2023-04-23T01:09:44.251+0000] {dag.py:2705} INFO - Sync 1 DAGs
[2023-04-23T01:09:44.367+0000] {logging_mixin.py:137} INFO - [2023-04-23T01:09:44.366+0000] {dag.py:3456} INFO - Setting next_dagrun for example_branch_operator to 2023-04-22T00:00:00+00:00, run_after=2023-04-23T00:00:00+00:00
[2023-04-23T01:09:44.433+0000] {processor.py:175} INFO - Processing /home/airflow/.local/lib/python3.7/site-packages/airflow/example_dags/example_branch_operator.py took 0.358 seconds
[2023-04-23T02:24:07.331+0000] {processor.py:153} INFO - Started process (PID=57) to work on /home/airflow/.local/lib/python3.7/site-packages/airflow/example_dags/example_branch_operator.py
[2023-04-23T02:24:07.342+0000] {processor.py:743} INFO - Processing file /home/airflow/.local/lib/python3.7/site-packages/airflow/example_dags/example_branch_operator.py for tasks to queue
[2023-04-23T02:24:07.346+0000] {logging_mixin.py:137} INFO - [2023-04-23T02:24:07.346+0000] {dagbag.py:532} INFO - Filling up the DagBag from /home/airflow/.local/lib/python3.7/site-packages/airflow/example_dags/example_branch_operator.py
[2023-04-23T02:24:07.460+0000] {processor.py:753} INFO - DAG(s) dict_keys(['example_branch_operator']) retrieved from /home/airflow/.local/lib/python3.7/site-packages/airflow/example_dags/example_branch_operator.py
[2023-04-23T02:24:07.559+0000] {logging_mixin.py:137} INFO - [2023-04-23T02:24:07.559+0000] {dag.py:2705} INFO - Sync 1 DAGs
[2023-04-23T02:24:07.630+0000] {logging_mixin.py:137} INFO - [2023-04-23T02:24:07.629+0000] {dag.py:3456} INFO - Setting next_dagrun for example_branch_operator to 2023-04-22T00:00:00+00:00, run_after=2023-04-23T00:00:00+00:00
[2023-04-23T02:24:07.733+0000] {processor.py:175} INFO - Processing /home/airflow/.local/lib/python3.7/site-packages/airflow/example_dags/example_branch_operator.py took 0.404 seconds
[2023-04-23T05:31:18.002+0000] {processor.py:153} INFO - Started process (PID=52) to work on /home/airflow/.local/lib/python3.7/site-packages/airflow/example_dags/example_branch_operator.py
[2023-04-23T05:31:18.004+0000] {processor.py:743} INFO - Processing file /home/airflow/.local/lib/python3.7/site-packages/airflow/example_dags/example_branch_operator.py for tasks to queue
[2023-04-23T05:31:18.009+0000] {logging_mixin.py:137} INFO - [2023-04-23T05:31:18.007+0000] {dagbag.py:532} INFO - Filling up the DagBag from /home/airflow/.local/lib/python3.7/site-packages/airflow/example_dags/example_branch_operator.py
[2023-04-23T05:31:18.081+0000] {processor.py:753} INFO - DAG(s) dict_keys(['example_branch_operator']) retrieved from /home/airflow/.local/lib/python3.7/site-packages/airflow/example_dags/example_branch_operator.py
[2023-04-23T05:31:18.150+0000] {logging_mixin.py:137} INFO - [2023-04-23T05:31:18.150+0000] {dag.py:2705} INFO - Sync 1 DAGs
[2023-04-23T05:31:18.221+0000] {logging_mixin.py:137} INFO - [2023-04-23T05:31:18.220+0000] {dag.py:3456} INFO - Setting next_dagrun for example_branch_operator to 2023-04-22T00:00:00+00:00, run_after=2023-04-23T00:00:00+00:00
[2023-04-23T05:31:18.288+0000] {processor.py:175} INFO - Processing /home/airflow/.local/lib/python3.7/site-packages/airflow/example_dags/example_branch_operator.py took 0.287 seconds
[2023-04-23T07:36:14.098+0000] {processor.py:153} INFO - Started process (PID=53) to work on /home/airflow/.local/lib/python3.7/site-packages/airflow/example_dags/example_branch_operator.py
[2023-04-23T07:36:14.100+0000] {processor.py:743} INFO - Processing file /home/airflow/.local/lib/python3.7/site-packages/airflow/example_dags/example_branch_operator.py for tasks to queue
[2023-04-23T07:36:14.102+0000] {logging_mixin.py:137} INFO - [2023-04-23T07:36:14.102+0000] {dagbag.py:532} INFO - Filling up the DagBag from /home/airflow/.local/lib/python3.7/site-packages/airflow/example_dags/example_branch_operator.py
[2023-04-23T07:36:14.261+0000] {processor.py:753} INFO - DAG(s) dict_keys(['example_branch_operator']) retrieved from /home/airflow/.local/lib/python3.7/site-packages/airflow/example_dags/example_branch_operator.py
[2023-04-23T07:36:14.414+0000] {logging_mixin.py:137} INFO - [2023-04-23T07:36:14.412+0000] {dag.py:2705} INFO - Sync 1 DAGs
[2023-04-23T07:36:14.504+0000] {logging_mixin.py:137} INFO - [2023-04-23T07:36:14.504+0000] {dag.py:3456} INFO - Setting next_dagrun for example_branch_operator to 2023-04-22T00:00:00+00:00, run_after=2023-04-23T00:00:00+00:00
[2023-04-23T07:36:14.567+0000] {processor.py:175} INFO - Processing /home/airflow/.local/lib/python3.7/site-packages/airflow/example_dags/example_branch_operator.py took 0.485 seconds
[2023-04-23T07:53:36.004+0000] {processor.py:153} INFO - Started process (PID=45) to work on /home/airflow/.local/lib/python3.7/site-packages/airflow/example_dags/example_branch_operator.py
[2023-04-23T07:53:36.011+0000] {processor.py:743} INFO - Processing file /home/airflow/.local/lib/python3.7/site-packages/airflow/example_dags/example_branch_operator.py for tasks to queue
[2023-04-23T07:53:36.011+0000] {logging_mixin.py:137} INFO - [2023-04-23T07:53:36.011+0000] {dagbag.py:532} INFO - Filling up the DagBag from /home/airflow/.local/lib/python3.7/site-packages/airflow/example_dags/example_branch_operator.py
[2023-04-23T07:53:36.103+0000] {processor.py:753} INFO - DAG(s) dict_keys(['example_branch_operator']) retrieved from /home/airflow/.local/lib/python3.7/site-packages/airflow/example_dags/example_branch_operator.py
[2023-04-23T07:53:36.143+0000] {logging_mixin.py:137} INFO - [2023-04-23T07:53:36.143+0000] {dag.py:2705} INFO - Sync 1 DAGs
[2023-04-23T07:53:36.170+0000] {logging_mixin.py:137} INFO - [2023-04-23T07:53:36.169+0000] {dag.py:3456} INFO - Setting next_dagrun for example_branch_operator to 2023-04-22T00:00:00+00:00, run_after=2023-04-23T00:00:00+00:00
[2023-04-23T07:53:36.214+0000] {processor.py:175} INFO - Processing /home/airflow/.local/lib/python3.7/site-packages/airflow/example_dags/example_branch_operator.py took 0.213 seconds
[2023-04-23T11:40:45.201+0000] {processor.py:153} INFO - Started process (PID=52) to work on /home/airflow/.local/lib/python3.7/site-packages/airflow/example_dags/example_branch_operator.py
[2023-04-23T11:40:45.221+0000] {processor.py:743} INFO - Processing file /home/airflow/.local/lib/python3.7/site-packages/airflow/example_dags/example_branch_operator.py for tasks to queue
[2023-04-23T11:40:45.248+0000] {logging_mixin.py:137} INFO - [2023-04-23T11:40:45.229+0000] {dagbag.py:532} INFO - Filling up the DagBag from /home/airflow/.local/lib/python3.7/site-packages/airflow/example_dags/example_branch_operator.py
[2023-04-23T11:40:47.144+0000] {processor.py:753} INFO - DAG(s) dict_keys(['example_branch_operator']) retrieved from /home/airflow/.local/lib/python3.7/site-packages/airflow/example_dags/example_branch_operator.py
[2023-04-23T11:42:55.949+0000] {processor.py:153} INFO - Started process (PID=54) to work on /home/airflow/.local/lib/python3.7/site-packages/airflow/example_dags/example_branch_operator.py
[2023-04-23T11:42:55.950+0000] {processor.py:743} INFO - Processing file /home/airflow/.local/lib/python3.7/site-packages/airflow/example_dags/example_branch_operator.py for tasks to queue
[2023-04-23T11:42:55.956+0000] {logging_mixin.py:137} INFO - [2023-04-23T11:42:55.956+0000] {dagbag.py:532} INFO - Filling up the DagBag from /home/airflow/.local/lib/python3.7/site-packages/airflow/example_dags/example_branch_operator.py
[2023-04-23T11:42:56.038+0000] {processor.py:753} INFO - DAG(s) dict_keys(['example_branch_operator']) retrieved from /home/airflow/.local/lib/python3.7/site-packages/airflow/example_dags/example_branch_operator.py
[2023-04-23T11:42:56.097+0000] {logging_mixin.py:137} INFO - [2023-04-23T11:42:56.097+0000] {dag.py:2705} INFO - Sync 1 DAGs
[2023-04-23T11:42:56.136+0000] {logging_mixin.py:137} INFO - [2023-04-23T11:42:56.136+0000] {dag.py:3456} INFO - Setting next_dagrun for example_branch_operator to 2023-04-22T00:00:00+00:00, run_after=2023-04-23T00:00:00+00:00
[2023-04-23T11:42:56.166+0000] {processor.py:175} INFO - Processing /home/airflow/.local/lib/python3.7/site-packages/airflow/example_dags/example_branch_operator.py took 0.224 seconds
[2023-04-23T11:44:15.277+0000] {processor.py:153} INFO - Started process (PID=51) to work on /home/airflow/.local/lib/python3.7/site-packages/airflow/example_dags/example_branch_operator.py
[2023-04-23T11:44:15.314+0000] {processor.py:743} INFO - Processing file /home/airflow/.local/lib/python3.7/site-packages/airflow/example_dags/example_branch_operator.py for tasks to queue
[2023-04-23T11:44:15.376+0000] {logging_mixin.py:137} INFO - [2023-04-23T11:44:15.365+0000] {dagbag.py:532} INFO - Filling up the DagBag from /home/airflow/.local/lib/python3.7/site-packages/airflow/example_dags/example_branch_operator.py
[2023-04-23T11:44:17.244+0000] {processor.py:753} INFO - DAG(s) dict_keys(['example_branch_operator']) retrieved from /home/airflow/.local/lib/python3.7/site-packages/airflow/example_dags/example_branch_operator.py
[2023-04-23T11:45:37.604+0000] {processor.py:153} INFO - Started process (PID=51) to work on /home/airflow/.local/lib/python3.7/site-packages/airflow/example_dags/example_branch_operator.py
[2023-04-23T11:45:37.620+0000] {processor.py:743} INFO - Processing file /home/airflow/.local/lib/python3.7/site-packages/airflow/example_dags/example_branch_operator.py for tasks to queue
[2023-04-23T11:45:37.622+0000] {logging_mixin.py:137} INFO - [2023-04-23T11:45:37.622+0000] {dagbag.py:532} INFO - Filling up the DagBag from /home/airflow/.local/lib/python3.7/site-packages/airflow/example_dags/example_branch_operator.py
[2023-04-23T11:45:38.390+0000] {processor.py:753} INFO - DAG(s) dict_keys(['example_branch_operator']) retrieved from /home/airflow/.local/lib/python3.7/site-packages/airflow/example_dags/example_branch_operator.py
[2023-04-23T11:47:50.026+0000] {processor.py:153} INFO - Started process (PID=53) to work on /home/airflow/.local/lib/python3.7/site-packages/airflow/example_dags/example_branch_operator.py
[2023-04-23T11:47:50.027+0000] {processor.py:743} INFO - Processing file /home/airflow/.local/lib/python3.7/site-packages/airflow/example_dags/example_branch_operator.py for tasks to queue
[2023-04-23T11:47:50.031+0000] {logging_mixin.py:137} INFO - [2023-04-23T11:47:50.031+0000] {dagbag.py:532} INFO - Filling up the DagBag from /home/airflow/.local/lib/python3.7/site-packages/airflow/example_dags/example_branch_operator.py
[2023-04-23T11:47:50.084+0000] {processor.py:753} INFO - DAG(s) dict_keys(['example_branch_operator']) retrieved from /home/airflow/.local/lib/python3.7/site-packages/airflow/example_dags/example_branch_operator.py
[2023-04-23T11:47:50.130+0000] {logging_mixin.py:137} INFO - [2023-04-23T11:47:50.129+0000] {dag.py:2705} INFO - Sync 1 DAGs
[2023-04-23T11:47:50.154+0000] {logging_mixin.py:137} INFO - [2023-04-23T11:47:50.153+0000] {dag.py:3456} INFO - Setting next_dagrun for example_branch_operator to 2023-04-22T00:00:00+00:00, run_after=2023-04-23T00:00:00+00:00
[2023-04-23T11:47:50.174+0000] {processor.py:175} INFO - Processing /home/airflow/.local/lib/python3.7/site-packages/airflow/example_dags/example_branch_operator.py took 0.155 seconds
[2023-04-23T11:48:55.384+0000] {processor.py:153} INFO - Started process (PID=45) to work on /home/airflow/.local/lib/python3.7/site-packages/airflow/example_dags/example_branch_operator.py
[2023-04-23T11:48:55.385+0000] {processor.py:743} INFO - Processing file /home/airflow/.local/lib/python3.7/site-packages/airflow/example_dags/example_branch_operator.py for tasks to queue
[2023-04-23T11:48:55.385+0000] {logging_mixin.py:137} INFO - [2023-04-23T11:48:55.385+0000] {dagbag.py:532} INFO - Filling up the DagBag from /home/airflow/.local/lib/python3.7/site-packages/airflow/example_dags/example_branch_operator.py
[2023-04-23T11:48:55.431+0000] {processor.py:753} INFO - DAG(s) dict_keys(['example_branch_operator']) retrieved from /home/airflow/.local/lib/python3.7/site-packages/airflow/example_dags/example_branch_operator.py
[2023-04-23T11:48:55.474+0000] {logging_mixin.py:137} INFO - [2023-04-23T11:48:55.474+0000] {dag.py:2705} INFO - Sync 1 DAGs
[2023-04-23T11:48:55.527+0000] {logging_mixin.py:137} INFO - [2023-04-23T11:48:55.527+0000] {dag.py:3456} INFO - Setting next_dagrun for example_branch_operator to 2023-04-22T00:00:00+00:00, run_after=2023-04-23T00:00:00+00:00
[2023-04-23T11:48:55.569+0000] {processor.py:175} INFO - Processing /home/airflow/.local/lib/python3.7/site-packages/airflow/example_dags/example_branch_operator.py took 0.208 seconds
[2023-04-23T11:51:30.796+0000] {processor.py:153} INFO - Started process (PID=53) to work on /home/airflow/.local/lib/python3.7/site-packages/airflow/example_dags/example_branch_operator.py
[2023-04-23T11:51:30.797+0000] {processor.py:743} INFO - Processing file /home/airflow/.local/lib/python3.7/site-packages/airflow/example_dags/example_branch_operator.py for tasks to queue
[2023-04-23T11:51:30.801+0000] {logging_mixin.py:137} INFO - [2023-04-23T11:51:30.801+0000] {dagbag.py:532} INFO - Filling up the DagBag from /home/airflow/.local/lib/python3.7/site-packages/airflow/example_dags/example_branch_operator.py
[2023-04-23T11:51:30.911+0000] {processor.py:753} INFO - DAG(s) dict_keys(['example_branch_operator']) retrieved from /home/airflow/.local/lib/python3.7/site-packages/airflow/example_dags/example_branch_operator.py
[2023-04-23T11:51:31.102+0000] {logging_mixin.py:137} INFO - [2023-04-23T11:51:31.102+0000] {dag.py:2705} INFO - Sync 1 DAGs
[2023-04-23T11:51:31.221+0000] {logging_mixin.py:137} INFO - [2023-04-23T11:51:31.221+0000] {dag.py:3456} INFO - Setting next_dagrun for example_branch_operator to 2023-04-22T00:00:00+00:00, run_after=2023-04-23T00:00:00+00:00
[2023-04-23T11:51:31.276+0000] {processor.py:175} INFO - Processing /home/airflow/.local/lib/python3.7/site-packages/airflow/example_dags/example_branch_operator.py took 0.494 seconds
[2023-04-23T11:52:26.529+0000] {processor.py:153} INFO - Started process (PID=51) to work on /home/airflow/.local/lib/python3.7/site-packages/airflow/example_dags/example_branch_operator.py
[2023-04-23T11:52:26.530+0000] {processor.py:743} INFO - Processing file /home/airflow/.local/lib/python3.7/site-packages/airflow/example_dags/example_branch_operator.py for tasks to queue
[2023-04-23T11:52:26.531+0000] {logging_mixin.py:137} INFO - [2023-04-23T11:52:26.531+0000] {dagbag.py:532} INFO - Filling up the DagBag from /home/airflow/.local/lib/python3.7/site-packages/airflow/example_dags/example_branch_operator.py
[2023-04-23T11:52:26.587+0000] {processor.py:753} INFO - DAG(s) dict_keys(['example_branch_operator']) retrieved from /home/airflow/.local/lib/python3.7/site-packages/airflow/example_dags/example_branch_operator.py
[2023-04-23T11:52:26.629+0000] {logging_mixin.py:137} INFO - [2023-04-23T11:52:26.629+0000] {dag.py:2705} INFO - Sync 1 DAGs
[2023-04-23T11:52:26.678+0000] {logging_mixin.py:137} INFO - [2023-04-23T11:52:26.677+0000] {dag.py:3456} INFO - Setting next_dagrun for example_branch_operator to 2023-04-22T00:00:00+00:00, run_after=2023-04-23T00:00:00+00:00
[2023-04-23T11:52:26.746+0000] {processor.py:175} INFO - Processing /home/airflow/.local/lib/python3.7/site-packages/airflow/example_dags/example_branch_operator.py took 0.222 seconds
[2023-04-23T11:52:47.787+0000] {processor.py:153} INFO - Started process (PID=45) to work on /home/airflow/.local/lib/python3.7/site-packages/airflow/example_dags/example_branch_operator.py
[2023-04-23T11:52:47.792+0000] {processor.py:743} INFO - Processing file /home/airflow/.local/lib/python3.7/site-packages/airflow/example_dags/example_branch_operator.py for tasks to queue
[2023-04-23T11:52:47.794+0000] {logging_mixin.py:137} INFO - [2023-04-23T11:52:47.794+0000] {dagbag.py:532} INFO - Filling up the DagBag from /home/airflow/.local/lib/python3.7/site-packages/airflow/example_dags/example_branch_operator.py
[2023-04-23T11:52:47.830+0000] {processor.py:753} INFO - DAG(s) dict_keys(['example_branch_operator']) retrieved from /home/airflow/.local/lib/python3.7/site-packages/airflow/example_dags/example_branch_operator.py
[2023-04-23T11:52:47.869+0000] {logging_mixin.py:137} INFO - [2023-04-23T11:52:47.869+0000] {dag.py:2705} INFO - Sync 1 DAGs
[2023-04-23T11:52:47.896+0000] {logging_mixin.py:137} INFO - [2023-04-23T11:52:47.896+0000] {dag.py:3456} INFO - Setting next_dagrun for example_branch_operator to 2023-04-22T00:00:00+00:00, run_after=2023-04-23T00:00:00+00:00
[2023-04-23T11:52:47.910+0000] {processor.py:175} INFO - Processing /home/airflow/.local/lib/python3.7/site-packages/airflow/example_dags/example_branch_operator.py took 0.126 seconds
[2023-04-23T11:53:41.538+0000] {processor.py:153} INFO - Started process (PID=49) to work on /home/airflow/.local/lib/python3.7/site-packages/airflow/example_dags/example_branch_operator.py
[2023-04-23T11:53:41.548+0000] {processor.py:743} INFO - Processing file /home/airflow/.local/lib/python3.7/site-packages/airflow/example_dags/example_branch_operator.py for tasks to queue
[2023-04-23T11:53:41.552+0000] {logging_mixin.py:137} INFO - [2023-04-23T11:53:41.551+0000] {dagbag.py:532} INFO - Filling up the DagBag from /home/airflow/.local/lib/python3.7/site-packages/airflow/example_dags/example_branch_operator.py
[2023-04-23T11:53:41.597+0000] {processor.py:753} INFO - DAG(s) dict_keys(['example_branch_operator']) retrieved from /home/airflow/.local/lib/python3.7/site-packages/airflow/example_dags/example_branch_operator.py
[2023-04-23T11:53:41.661+0000] {logging_mixin.py:137} INFO - [2023-04-23T11:53:41.661+0000] {dag.py:2705} INFO - Sync 1 DAGs
[2023-04-23T11:53:41.828+0000] {logging_mixin.py:137} INFO - [2023-04-23T11:53:41.828+0000] {dag.py:3456} INFO - Setting next_dagrun for example_branch_operator to 2023-04-22T00:00:00+00:00, run_after=2023-04-23T00:00:00+00:00
[2023-04-23T11:53:41.949+0000] {processor.py:175} INFO - Processing /home/airflow/.local/lib/python3.7/site-packages/airflow/example_dags/example_branch_operator.py took 0.416 seconds
[2023-04-23T11:57:05.669+0000] {processor.py:153} INFO - Started process (PID=46) to work on /home/airflow/.local/lib/python3.7/site-packages/airflow/example_dags/example_branch_operator.py
[2023-04-23T11:57:05.670+0000] {processor.py:743} INFO - Processing file /home/airflow/.local/lib/python3.7/site-packages/airflow/example_dags/example_branch_operator.py for tasks to queue
[2023-04-23T11:57:05.671+0000] {logging_mixin.py:137} INFO - [2023-04-23T11:57:05.671+0000] {dagbag.py:532} INFO - Filling up the DagBag from /home/airflow/.local/lib/python3.7/site-packages/airflow/example_dags/example_branch_operator.py
[2023-04-23T11:57:05.702+0000] {processor.py:753} INFO - DAG(s) dict_keys(['example_branch_operator']) retrieved from /home/airflow/.local/lib/python3.7/site-packages/airflow/example_dags/example_branch_operator.py
[2023-04-23T11:57:05.740+0000] {logging_mixin.py:137} INFO - [2023-04-23T11:57:05.740+0000] {dag.py:2705} INFO - Sync 1 DAGs
[2023-04-23T11:57:05.790+0000] {logging_mixin.py:137} INFO - [2023-04-23T11:57:05.790+0000] {dag.py:3456} INFO - Setting next_dagrun for example_branch_operator to 2023-04-22T00:00:00+00:00, run_after=2023-04-23T00:00:00+00:00
[2023-04-23T11:57:05.827+0000] {processor.py:175} INFO - Processing /home/airflow/.local/lib/python3.7/site-packages/airflow/example_dags/example_branch_operator.py took 0.161 seconds
[2023-04-23T12:02:39.321+0000] {processor.py:153} INFO - Started process (PID=51) to work on /home/airflow/.local/lib/python3.7/site-packages/airflow/example_dags/example_branch_operator.py
[2023-04-23T12:02:39.327+0000] {processor.py:743} INFO - Processing file /home/airflow/.local/lib/python3.7/site-packages/airflow/example_dags/example_branch_operator.py for tasks to queue
[2023-04-23T12:02:39.329+0000] {logging_mixin.py:137} INFO - [2023-04-23T12:02:39.329+0000] {dagbag.py:532} INFO - Filling up the DagBag from /home/airflow/.local/lib/python3.7/site-packages/airflow/example_dags/example_branch_operator.py
[2023-04-23T12:02:39.503+0000] {processor.py:753} INFO - DAG(s) dict_keys(['example_branch_operator']) retrieved from /home/airflow/.local/lib/python3.7/site-packages/airflow/example_dags/example_branch_operator.py
[2023-04-23T12:02:40.011+0000] {logging_mixin.py:137} INFO - [2023-04-23T12:02:40.011+0000] {dag.py:2705} INFO - Sync 1 DAGs
[2023-04-23T12:02:40.121+0000] {logging_mixin.py:137} INFO - [2023-04-23T12:02:40.121+0000] {dag.py:3456} INFO - Setting next_dagrun for example_branch_operator to 2023-04-22T00:00:00+00:00, run_after=2023-04-23T00:00:00+00:00
[2023-04-23T12:02:40.137+0000] {processor.py:175} INFO - Processing /home/airflow/.local/lib/python3.7/site-packages/airflow/example_dags/example_branch_operator.py took 0.835 seconds
[2023-04-23T12:03:05.098+0000] {processor.py:153} INFO - Started process (PID=45) to work on /home/airflow/.local/lib/python3.7/site-packages/airflow/example_dags/example_branch_operator.py
[2023-04-23T12:03:05.103+0000] {processor.py:743} INFO - Processing file /home/airflow/.local/lib/python3.7/site-packages/airflow/example_dags/example_branch_operator.py for tasks to queue
[2023-04-23T12:03:05.104+0000] {logging_mixin.py:137} INFO - [2023-04-23T12:03:05.104+0000] {dagbag.py:532} INFO - Filling up the DagBag from /home/airflow/.local/lib/python3.7/site-packages/airflow/example_dags/example_branch_operator.py
[2023-04-23T12:03:05.137+0000] {processor.py:753} INFO - DAG(s) dict_keys(['example_branch_operator']) retrieved from /home/airflow/.local/lib/python3.7/site-packages/airflow/example_dags/example_branch_operator.py
[2023-04-23T12:03:05.156+0000] {logging_mixin.py:137} INFO - [2023-04-23T12:03:05.155+0000] {dag.py:2705} INFO - Sync 1 DAGs
[2023-04-23T12:03:05.193+0000] {logging_mixin.py:137} INFO - [2023-04-23T12:03:05.193+0000] {dag.py:3456} INFO - Setting next_dagrun for example_branch_operator to 2023-04-22T00:00:00+00:00, run_after=2023-04-23T00:00:00+00:00
[2023-04-23T12:03:05.212+0000] {processor.py:175} INFO - Processing /home/airflow/.local/lib/python3.7/site-packages/airflow/example_dags/example_branch_operator.py took 0.117 seconds
[2023-04-23T12:03:31.680+0000] {processor.py:153} INFO - Started process (PID=100) to work on /home/airflow/.local/lib/python3.7/site-packages/airflow/example_dags/example_branch_operator.py
[2023-04-23T12:03:31.686+0000] {processor.py:743} INFO - Processing file /home/airflow/.local/lib/python3.7/site-packages/airflow/example_dags/example_branch_operator.py for tasks to queue
[2023-04-23T12:03:31.687+0000] {logging_mixin.py:137} INFO - [2023-04-23T12:03:31.687+0000] {dagbag.py:532} INFO - Filling up the DagBag from /home/airflow/.local/lib/python3.7/site-packages/airflow/example_dags/example_branch_operator.py
[2023-04-23T12:03:32.125+0000] {processor.py:753} INFO - DAG(s) dict_keys(['example_branch_operator']) retrieved from /home/airflow/.local/lib/python3.7/site-packages/airflow/example_dags/example_branch_operator.py
[2023-04-23T12:05:37.450+0000] {processor.py:153} INFO - Started process (PID=46) to work on /home/airflow/.local/lib/python3.7/site-packages/airflow/example_dags/example_branch_operator.py
[2023-04-23T12:05:37.451+0000] {processor.py:743} INFO - Processing file /home/airflow/.local/lib/python3.7/site-packages/airflow/example_dags/example_branch_operator.py for tasks to queue
[2023-04-23T12:05:37.453+0000] {logging_mixin.py:137} INFO - [2023-04-23T12:05:37.452+0000] {dagbag.py:532} INFO - Filling up the DagBag from /home/airflow/.local/lib/python3.7/site-packages/airflow/example_dags/example_branch_operator.py
[2023-04-23T12:05:37.530+0000] {processor.py:753} INFO - DAG(s) dict_keys(['example_branch_operator']) retrieved from /home/airflow/.local/lib/python3.7/site-packages/airflow/example_dags/example_branch_operator.py
[2023-04-23T12:05:39.435+0000] {logging_mixin.py:137} INFO - [2023-04-23T12:05:39.428+0000] {dag.py:2705} INFO - Sync 1 DAGs
[2023-04-23T12:05:39.953+0000] {logging_mixin.py:137} INFO - [2023-04-23T12:05:39.950+0000] {dag.py:3456} INFO - Setting next_dagrun for example_branch_operator to 2023-04-22T00:00:00+00:00, run_after=2023-04-23T00:00:00+00:00
[2023-04-23T12:08:33.742+0000] {processor.py:153} INFO - Started process (PID=45) to work on /home/airflow/.local/lib/python3.7/site-packages/airflow/example_dags/example_branch_operator.py
[2023-04-23T12:08:33.743+0000] {processor.py:743} INFO - Processing file /home/airflow/.local/lib/python3.7/site-packages/airflow/example_dags/example_branch_operator.py for tasks to queue
[2023-04-23T12:08:33.744+0000] {logging_mixin.py:137} INFO - [2023-04-23T12:08:33.744+0000] {dagbag.py:532} INFO - Filling up the DagBag from /home/airflow/.local/lib/python3.7/site-packages/airflow/example_dags/example_branch_operator.py
[2023-04-23T12:08:33.951+0000] {processor.py:753} INFO - DAG(s) dict_keys(['example_branch_operator']) retrieved from /home/airflow/.local/lib/python3.7/site-packages/airflow/example_dags/example_branch_operator.py
[2023-04-23T12:08:34.888+0000] {logging_mixin.py:137} INFO - [2023-04-23T12:08:34.884+0000] {dag.py:2705} INFO - Sync 1 DAGs
[2023-04-23T12:10:07.379+0000] {processor.py:153} INFO - Started process (PID=53) to work on /home/airflow/.local/lib/python3.7/site-packages/airflow/example_dags/example_branch_operator.py
[2023-04-23T12:10:07.380+0000] {processor.py:743} INFO - Processing file /home/airflow/.local/lib/python3.7/site-packages/airflow/example_dags/example_branch_operator.py for tasks to queue
[2023-04-23T12:10:07.385+0000] {logging_mixin.py:137} INFO - [2023-04-23T12:10:07.385+0000] {dagbag.py:532} INFO - Filling up the DagBag from /home/airflow/.local/lib/python3.7/site-packages/airflow/example_dags/example_branch_operator.py
[2023-04-23T12:10:07.431+0000] {processor.py:753} INFO - DAG(s) dict_keys(['example_branch_operator']) retrieved from /home/airflow/.local/lib/python3.7/site-packages/airflow/example_dags/example_branch_operator.py
[2023-04-23T12:10:07.481+0000] {logging_mixin.py:137} INFO - [2023-04-23T12:10:07.481+0000] {dag.py:2705} INFO - Sync 1 DAGs
[2023-04-23T12:10:07.517+0000] {logging_mixin.py:137} INFO - [2023-04-23T12:10:07.517+0000] {dag.py:3456} INFO - Setting next_dagrun for example_branch_operator to 2023-04-22T00:00:00+00:00, run_after=2023-04-23T00:00:00+00:00
[2023-04-23T12:10:07.556+0000] {processor.py:175} INFO - Processing /home/airflow/.local/lib/python3.7/site-packages/airflow/example_dags/example_branch_operator.py took 0.185 seconds
[2023-04-23T12:10:53.386+0000] {processor.py:153} INFO - Started process (PID=45) to work on /home/airflow/.local/lib/python3.7/site-packages/airflow/example_dags/example_branch_operator.py
[2023-04-23T12:10:53.389+0000] {processor.py:743} INFO - Processing file /home/airflow/.local/lib/python3.7/site-packages/airflow/example_dags/example_branch_operator.py for tasks to queue
[2023-04-23T12:10:53.391+0000] {logging_mixin.py:137} INFO - [2023-04-23T12:10:53.391+0000] {dagbag.py:532} INFO - Filling up the DagBag from /home/airflow/.local/lib/python3.7/site-packages/airflow/example_dags/example_branch_operator.py
[2023-04-23T12:10:53.516+0000] {processor.py:753} INFO - DAG(s) dict_keys(['example_branch_operator']) retrieved from /home/airflow/.local/lib/python3.7/site-packages/airflow/example_dags/example_branch_operator.py
[2023-04-23T12:10:53.628+0000] {logging_mixin.py:137} INFO - [2023-04-23T12:10:53.627+0000] {dag.py:2705} INFO - Sync 1 DAGs
[2023-04-23T12:10:53.695+0000] {logging_mixin.py:137} INFO - [2023-04-23T12:10:53.695+0000] {dag.py:3456} INFO - Setting next_dagrun for example_branch_operator to 2023-04-22T00:00:00+00:00, run_after=2023-04-23T00:00:00+00:00
[2023-04-23T12:10:53.955+0000] {processor.py:175} INFO - Processing /home/airflow/.local/lib/python3.7/site-packages/airflow/example_dags/example_branch_operator.py took 0.574 seconds
[2023-04-23T12:12:43.706+0000] {processor.py:153} INFO - Started process (PID=45) to work on /home/airflow/.local/lib/python3.7/site-packages/airflow/example_dags/example_branch_operator.py
[2023-04-23T12:12:43.707+0000] {processor.py:743} INFO - Processing file /home/airflow/.local/lib/python3.7/site-packages/airflow/example_dags/example_branch_operator.py for tasks to queue
[2023-04-23T12:12:43.709+0000] {logging_mixin.py:137} INFO - [2023-04-23T12:12:43.709+0000] {dagbag.py:532} INFO - Filling up the DagBag from /home/airflow/.local/lib/python3.7/site-packages/airflow/example_dags/example_branch_operator.py
[2023-04-23T12:12:43.820+0000] {processor.py:753} INFO - DAG(s) dict_keys(['example_branch_operator']) retrieved from /home/airflow/.local/lib/python3.7/site-packages/airflow/example_dags/example_branch_operator.py
[2023-04-23T12:12:44.068+0000] {logging_mixin.py:137} INFO - [2023-04-23T12:12:44.068+0000] {dag.py:2705} INFO - Sync 1 DAGs
[2023-04-23T12:12:44.317+0000] {logging_mixin.py:137} INFO - [2023-04-23T12:12:44.315+0000] {dag.py:3456} INFO - Setting next_dagrun for example_branch_operator to 2023-04-22T00:00:00+00:00, run_after=2023-04-23T00:00:00+00:00
[2023-04-23T12:12:44.460+0000] {processor.py:175} INFO - Processing /home/airflow/.local/lib/python3.7/site-packages/airflow/example_dags/example_branch_operator.py took 0.759 seconds
[2023-04-23T12:14:15.393+0000] {processor.py:153} INFO - Started process (PID=45) to work on /home/airflow/.local/lib/python3.7/site-packages/airflow/example_dags/example_branch_operator.py
[2023-04-23T12:14:15.394+0000] {processor.py:743} INFO - Processing file /home/airflow/.local/lib/python3.7/site-packages/airflow/example_dags/example_branch_operator.py for tasks to queue
[2023-04-23T12:14:15.394+0000] {logging_mixin.py:137} INFO - [2023-04-23T12:14:15.394+0000] {dagbag.py:532} INFO - Filling up the DagBag from /home/airflow/.local/lib/python3.7/site-packages/airflow/example_dags/example_branch_operator.py
[2023-04-23T12:14:15.417+0000] {processor.py:753} INFO - DAG(s) dict_keys(['example_branch_operator']) retrieved from /home/airflow/.local/lib/python3.7/site-packages/airflow/example_dags/example_branch_operator.py
[2023-04-23T12:14:15.466+0000] {logging_mixin.py:137} INFO - [2023-04-23T12:14:15.465+0000] {dag.py:2705} INFO - Sync 1 DAGs
[2023-04-23T12:14:15.505+0000] {logging_mixin.py:137} INFO - [2023-04-23T12:14:15.505+0000] {dag.py:3456} INFO - Setting next_dagrun for example_branch_operator to 2023-04-22T00:00:00+00:00, run_after=2023-04-23T00:00:00+00:00
[2023-04-23T12:14:15.531+0000] {processor.py:175} INFO - Processing /home/airflow/.local/lib/python3.7/site-packages/airflow/example_dags/example_branch_operator.py took 0.141 seconds
[2023-04-23T12:15:16.817+0000] {processor.py:153} INFO - Started process (PID=47) to work on /home/airflow/.local/lib/python3.7/site-packages/airflow/example_dags/example_branch_operator.py
[2023-04-23T12:15:16.819+0000] {processor.py:743} INFO - Processing file /home/airflow/.local/lib/python3.7/site-packages/airflow/example_dags/example_branch_operator.py for tasks to queue
[2023-04-23T12:15:16.819+0000] {logging_mixin.py:137} INFO - [2023-04-23T12:15:16.819+0000] {dagbag.py:532} INFO - Filling up the DagBag from /home/airflow/.local/lib/python3.7/site-packages/airflow/example_dags/example_branch_operator.py
[2023-04-23T12:15:16.849+0000] {processor.py:753} INFO - DAG(s) dict_keys(['example_branch_operator']) retrieved from /home/airflow/.local/lib/python3.7/site-packages/airflow/example_dags/example_branch_operator.py
[2023-04-23T12:15:16.895+0000] {logging_mixin.py:137} INFO - [2023-04-23T12:15:16.895+0000] {dag.py:2705} INFO - Sync 1 DAGs
[2023-04-23T12:15:16.947+0000] {logging_mixin.py:137} INFO - [2023-04-23T12:15:16.946+0000] {dag.py:3456} INFO - Setting next_dagrun for example_branch_operator to 2023-04-22T00:00:00+00:00, run_after=2023-04-23T00:00:00+00:00
[2023-04-23T12:15:17.010+0000] {processor.py:175} INFO - Processing /home/airflow/.local/lib/python3.7/site-packages/airflow/example_dags/example_branch_operator.py took 0.198 seconds
[2023-04-23T12:16:01.895+0000] {processor.py:153} INFO - Started process (PID=54) to work on /home/airflow/.local/lib/python3.7/site-packages/airflow/example_dags/example_branch_operator.py
[2023-04-23T12:16:01.904+0000] {processor.py:743} INFO - Processing file /home/airflow/.local/lib/python3.7/site-packages/airflow/example_dags/example_branch_operator.py for tasks to queue
[2023-04-23T12:16:01.904+0000] {logging_mixin.py:137} INFO - [2023-04-23T12:16:01.904+0000] {dagbag.py:532} INFO - Filling up the DagBag from /home/airflow/.local/lib/python3.7/site-packages/airflow/example_dags/example_branch_operator.py
[2023-04-23T12:16:01.935+0000] {processor.py:753} INFO - DAG(s) dict_keys(['example_branch_operator']) retrieved from /home/airflow/.local/lib/python3.7/site-packages/airflow/example_dags/example_branch_operator.py
[2023-04-23T12:16:01.986+0000] {logging_mixin.py:137} INFO - [2023-04-23T12:16:01.986+0000] {dag.py:2705} INFO - Sync 1 DAGs
[2023-04-23T12:16:02.027+0000] {logging_mixin.py:137} INFO - [2023-04-23T12:16:02.027+0000] {dag.py:3456} INFO - Setting next_dagrun for example_branch_operator to 2023-04-22T00:00:00+00:00, run_after=2023-04-23T00:00:00+00:00
[2023-04-23T12:16:02.057+0000] {processor.py:175} INFO - Processing /home/airflow/.local/lib/python3.7/site-packages/airflow/example_dags/example_branch_operator.py took 0.165 seconds
[2023-04-23T12:16:35.019+0000] {processor.py:153} INFO - Started process (PID=45) to work on /home/airflow/.local/lib/python3.7/site-packages/airflow/example_dags/example_branch_operator.py
[2023-04-23T12:16:35.021+0000] {processor.py:743} INFO - Processing file /home/airflow/.local/lib/python3.7/site-packages/airflow/example_dags/example_branch_operator.py for tasks to queue
[2023-04-23T12:16:35.023+0000] {logging_mixin.py:137} INFO - [2023-04-23T12:16:35.023+0000] {dagbag.py:532} INFO - Filling up the DagBag from /home/airflow/.local/lib/python3.7/site-packages/airflow/example_dags/example_branch_operator.py
[2023-04-23T12:16:35.046+0000] {processor.py:753} INFO - DAG(s) dict_keys(['example_branch_operator']) retrieved from /home/airflow/.local/lib/python3.7/site-packages/airflow/example_dags/example_branch_operator.py
[2023-04-23T12:16:35.075+0000] {logging_mixin.py:137} INFO - [2023-04-23T12:16:35.075+0000] {dag.py:2705} INFO - Sync 1 DAGs
[2023-04-23T12:16:35.125+0000] {logging_mixin.py:137} INFO - [2023-04-23T12:16:35.125+0000] {dag.py:3456} INFO - Setting next_dagrun for example_branch_operator to 2023-04-22T00:00:00+00:00, run_after=2023-04-23T00:00:00+00:00
[2023-04-23T12:16:35.141+0000] {processor.py:175} INFO - Processing /home/airflow/.local/lib/python3.7/site-packages/airflow/example_dags/example_branch_operator.py took 0.129 seconds
[2023-04-23T12:17:11.063+0000] {processor.py:153} INFO - Started process (PID=45) to work on /home/airflow/.local/lib/python3.7/site-packages/airflow/example_dags/example_branch_operator.py
[2023-04-23T12:17:11.064+0000] {processor.py:743} INFO - Processing file /home/airflow/.local/lib/python3.7/site-packages/airflow/example_dags/example_branch_operator.py for tasks to queue
[2023-04-23T12:17:11.065+0000] {logging_mixin.py:137} INFO - [2023-04-23T12:17:11.065+0000] {dagbag.py:532} INFO - Filling up the DagBag from /home/airflow/.local/lib/python3.7/site-packages/airflow/example_dags/example_branch_operator.py
[2023-04-23T12:17:11.093+0000] {processor.py:753} INFO - DAG(s) dict_keys(['example_branch_operator']) retrieved from /home/airflow/.local/lib/python3.7/site-packages/airflow/example_dags/example_branch_operator.py
[2023-04-23T12:17:11.145+0000] {logging_mixin.py:137} INFO - [2023-04-23T12:17:11.145+0000] {dag.py:2705} INFO - Sync 1 DAGs
[2023-04-23T12:17:11.175+0000] {logging_mixin.py:137} INFO - [2023-04-23T12:17:11.175+0000] {dag.py:3456} INFO - Setting next_dagrun for example_branch_operator to 2023-04-22T00:00:00+00:00, run_after=2023-04-23T00:00:00+00:00
[2023-04-23T12:17:11.192+0000] {processor.py:175} INFO - Processing /home/airflow/.local/lib/python3.7/site-packages/airflow/example_dags/example_branch_operator.py took 0.132 seconds
[2023-04-23T12:17:58.173+0000] {processor.py:153} INFO - Started process (PID=45) to work on /home/airflow/.local/lib/python3.7/site-packages/airflow/example_dags/example_branch_operator.py
[2023-04-23T12:17:58.177+0000] {processor.py:743} INFO - Processing file /home/airflow/.local/lib/python3.7/site-packages/airflow/example_dags/example_branch_operator.py for tasks to queue
[2023-04-23T12:17:58.178+0000] {logging_mixin.py:137} INFO - [2023-04-23T12:17:58.178+0000] {dagbag.py:532} INFO - Filling up the DagBag from /home/airflow/.local/lib/python3.7/site-packages/airflow/example_dags/example_branch_operator.py
[2023-04-23T12:17:58.209+0000] {processor.py:753} INFO - DAG(s) dict_keys(['example_branch_operator']) retrieved from /home/airflow/.local/lib/python3.7/site-packages/airflow/example_dags/example_branch_operator.py
[2023-04-23T12:17:58.271+0000] {logging_mixin.py:137} INFO - [2023-04-23T12:17:58.271+0000] {dag.py:2705} INFO - Sync 1 DAGs
[2023-04-23T12:17:58.337+0000] {logging_mixin.py:137} INFO - [2023-04-23T12:17:58.337+0000] {dag.py:3456} INFO - Setting next_dagrun for example_branch_operator to 2023-04-22T00:00:00+00:00, run_after=2023-04-23T00:00:00+00:00
[2023-04-23T12:17:58.373+0000] {processor.py:175} INFO - Processing /home/airflow/.local/lib/python3.7/site-packages/airflow/example_dags/example_branch_operator.py took 0.202 seconds
[2023-04-23T12:18:51.957+0000] {processor.py:153} INFO - Started process (PID=45) to work on /home/airflow/.local/lib/python3.7/site-packages/airflow/example_dags/example_branch_operator.py
[2023-04-23T12:18:51.964+0000] {processor.py:743} INFO - Processing file /home/airflow/.local/lib/python3.7/site-packages/airflow/example_dags/example_branch_operator.py for tasks to queue
[2023-04-23T12:18:51.966+0000] {logging_mixin.py:137} INFO - [2023-04-23T12:18:51.966+0000] {dagbag.py:532} INFO - Filling up the DagBag from /home/airflow/.local/lib/python3.7/site-packages/airflow/example_dags/example_branch_operator.py
[2023-04-23T12:18:52.028+0000] {processor.py:753} INFO - DAG(s) dict_keys(['example_branch_operator']) retrieved from /home/airflow/.local/lib/python3.7/site-packages/airflow/example_dags/example_branch_operator.py
[2023-04-23T12:18:52.071+0000] {logging_mixin.py:137} INFO - [2023-04-23T12:18:52.070+0000] {dag.py:2705} INFO - Sync 1 DAGs
[2023-04-23T12:18:52.108+0000] {logging_mixin.py:137} INFO - [2023-04-23T12:18:52.108+0000] {dag.py:3456} INFO - Setting next_dagrun for example_branch_operator to 2023-04-22T00:00:00+00:00, run_after=2023-04-23T00:00:00+00:00
[2023-04-23T12:18:52.136+0000] {processor.py:175} INFO - Processing /home/airflow/.local/lib/python3.7/site-packages/airflow/example_dags/example_branch_operator.py took 0.188 seconds
[2023-04-23T12:19:36.163+0000] {processor.py:153} INFO - Started process (PID=105) to work on /home/airflow/.local/lib/python3.7/site-packages/airflow/example_dags/example_branch_operator.py
[2023-04-23T12:19:36.182+0000] {processor.py:743} INFO - Processing file /home/airflow/.local/lib/python3.7/site-packages/airflow/example_dags/example_branch_operator.py for tasks to queue
[2023-04-23T12:19:36.211+0000] {logging_mixin.py:137} INFO - [2023-04-23T12:19:36.191+0000] {dagbag.py:532} INFO - Filling up the DagBag from /home/airflow/.local/lib/python3.7/site-packages/airflow/example_dags/example_branch_operator.py
[2023-04-23T12:19:48.166+0000] {processor.py:153} INFO - Started process (PID=45) to work on /home/airflow/.local/lib/python3.7/site-packages/airflow/example_dags/example_branch_operator.py
[2023-04-23T12:19:48.167+0000] {processor.py:743} INFO - Processing file /home/airflow/.local/lib/python3.7/site-packages/airflow/example_dags/example_branch_operator.py for tasks to queue
[2023-04-23T12:19:48.168+0000] {logging_mixin.py:137} INFO - [2023-04-23T12:19:48.168+0000] {dagbag.py:532} INFO - Filling up the DagBag from /home/airflow/.local/lib/python3.7/site-packages/airflow/example_dags/example_branch_operator.py
[2023-04-23T12:19:48.220+0000] {processor.py:753} INFO - DAG(s) dict_keys(['example_branch_operator']) retrieved from /home/airflow/.local/lib/python3.7/site-packages/airflow/example_dags/example_branch_operator.py
[2023-04-23T12:19:48.263+0000] {logging_mixin.py:137} INFO - [2023-04-23T12:19:48.263+0000] {dag.py:2705} INFO - Sync 1 DAGs
[2023-04-23T12:19:48.299+0000] {logging_mixin.py:137} INFO - [2023-04-23T12:19:48.299+0000] {dag.py:3456} INFO - Setting next_dagrun for example_branch_operator to 2023-04-22T00:00:00+00:00, run_after=2023-04-23T00:00:00+00:00
[2023-04-23T12:19:48.349+0000] {processor.py:175} INFO - Processing /home/airflow/.local/lib/python3.7/site-packages/airflow/example_dags/example_branch_operator.py took 0.186 seconds
[2023-04-23T12:21:04.572+0000] {processor.py:153} INFO - Started process (PID=45) to work on /home/airflow/.local/lib/python3.7/site-packages/airflow/example_dags/example_branch_operator.py
[2023-04-23T12:21:04.574+0000] {processor.py:743} INFO - Processing file /home/airflow/.local/lib/python3.7/site-packages/airflow/example_dags/example_branch_operator.py for tasks to queue
[2023-04-23T12:21:04.577+0000] {logging_mixin.py:137} INFO - [2023-04-23T12:21:04.577+0000] {dagbag.py:532} INFO - Filling up the DagBag from /home/airflow/.local/lib/python3.7/site-packages/airflow/example_dags/example_branch_operator.py
[2023-04-23T12:21:04.631+0000] {processor.py:753} INFO - DAG(s) dict_keys(['example_branch_operator']) retrieved from /home/airflow/.local/lib/python3.7/site-packages/airflow/example_dags/example_branch_operator.py
[2023-04-23T12:21:04.688+0000] {logging_mixin.py:137} INFO - [2023-04-23T12:21:04.688+0000] {dag.py:2705} INFO - Sync 1 DAGs
[2023-04-23T12:21:04.755+0000] {logging_mixin.py:137} INFO - [2023-04-23T12:21:04.753+0000] {dag.py:3456} INFO - Setting next_dagrun for example_branch_operator to 2023-04-22T00:00:00+00:00, run_after=2023-04-23T00:00:00+00:00
[2023-04-23T12:21:04.844+0000] {processor.py:175} INFO - Processing /home/airflow/.local/lib/python3.7/site-packages/airflow/example_dags/example_branch_operator.py took 0.279 seconds
[2023-04-23T12:21:43.049+0000] {processor.py:153} INFO - Started process (PID=45) to work on /home/airflow/.local/lib/python3.7/site-packages/airflow/example_dags/example_branch_operator.py
[2023-04-23T12:21:43.053+0000] {processor.py:743} INFO - Processing file /home/airflow/.local/lib/python3.7/site-packages/airflow/example_dags/example_branch_operator.py for tasks to queue
[2023-04-23T12:21:43.054+0000] {logging_mixin.py:137} INFO - [2023-04-23T12:21:43.054+0000] {dagbag.py:532} INFO - Filling up the DagBag from /home/airflow/.local/lib/python3.7/site-packages/airflow/example_dags/example_branch_operator.py
[2023-04-23T12:21:43.104+0000] {processor.py:753} INFO - DAG(s) dict_keys(['example_branch_operator']) retrieved from /home/airflow/.local/lib/python3.7/site-packages/airflow/example_dags/example_branch_operator.py
[2023-04-23T12:21:43.127+0000] {logging_mixin.py:137} INFO - [2023-04-23T12:21:43.127+0000] {dag.py:2705} INFO - Sync 1 DAGs
[2023-04-23T12:21:43.158+0000] {logging_mixin.py:137} INFO - [2023-04-23T12:21:43.158+0000] {dag.py:3456} INFO - Setting next_dagrun for example_branch_operator to 2023-04-22T00:00:00+00:00, run_after=2023-04-23T00:00:00+00:00
[2023-04-23T12:21:43.173+0000] {processor.py:175} INFO - Processing /home/airflow/.local/lib/python3.7/site-packages/airflow/example_dags/example_branch_operator.py took 0.127 seconds
[2023-04-23T12:23:26.309+0000] {processor.py:153} INFO - Started process (PID=45) to work on /home/airflow/.local/lib/python3.7/site-packages/airflow/example_dags/example_branch_operator.py
[2023-04-23T12:23:26.311+0000] {processor.py:743} INFO - Processing file /home/airflow/.local/lib/python3.7/site-packages/airflow/example_dags/example_branch_operator.py for tasks to queue
[2023-04-23T12:23:26.313+0000] {logging_mixin.py:137} INFO - [2023-04-23T12:23:26.313+0000] {dagbag.py:532} INFO - Filling up the DagBag from /home/airflow/.local/lib/python3.7/site-packages/airflow/example_dags/example_branch_operator.py
[2023-04-23T12:23:26.403+0000] {processor.py:753} INFO - DAG(s) dict_keys(['example_branch_operator']) retrieved from /home/airflow/.local/lib/python3.7/site-packages/airflow/example_dags/example_branch_operator.py
[2023-04-23T12:23:26.456+0000] {logging_mixin.py:137} INFO - [2023-04-23T12:23:26.456+0000] {dag.py:2705} INFO - Sync 1 DAGs
[2023-04-23T12:23:26.525+0000] {logging_mixin.py:137} INFO - [2023-04-23T12:23:26.525+0000] {dag.py:3456} INFO - Setting next_dagrun for example_branch_operator to 2023-04-22T00:00:00+00:00, run_after=2023-04-23T00:00:00+00:00
[2023-04-23T12:23:26.577+0000] {processor.py:175} INFO - Processing /home/airflow/.local/lib/python3.7/site-packages/airflow/example_dags/example_branch_operator.py took 0.272 seconds
[2023-04-23T12:24:07.145+0000] {processor.py:153} INFO - Started process (PID=45) to work on /home/airflow/.local/lib/python3.7/site-packages/airflow/example_dags/example_branch_operator.py
[2023-04-23T12:24:07.154+0000] {processor.py:743} INFO - Processing file /home/airflow/.local/lib/python3.7/site-packages/airflow/example_dags/example_branch_operator.py for tasks to queue
[2023-04-23T12:24:07.155+0000] {logging_mixin.py:137} INFO - [2023-04-23T12:24:07.154+0000] {dagbag.py:532} INFO - Filling up the DagBag from /home/airflow/.local/lib/python3.7/site-packages/airflow/example_dags/example_branch_operator.py
[2023-04-23T12:24:07.191+0000] {processor.py:753} INFO - DAG(s) dict_keys(['example_branch_operator']) retrieved from /home/airflow/.local/lib/python3.7/site-packages/airflow/example_dags/example_branch_operator.py
[2023-04-23T12:24:07.233+0000] {logging_mixin.py:137} INFO - [2023-04-23T12:24:07.233+0000] {dag.py:2705} INFO - Sync 1 DAGs
[2023-04-23T12:24:07.264+0000] {logging_mixin.py:137} INFO - [2023-04-23T12:24:07.264+0000] {dag.py:3456} INFO - Setting next_dagrun for example_branch_operator to 2023-04-22T00:00:00+00:00, run_after=2023-04-23T00:00:00+00:00
[2023-04-23T12:24:07.289+0000] {processor.py:175} INFO - Processing /home/airflow/.local/lib/python3.7/site-packages/airflow/example_dags/example_branch_operator.py took 0.146 seconds
[2023-04-23T12:25:33.946+0000] {processor.py:153} INFO - Started process (PID=45) to work on /home/airflow/.local/lib/python3.7/site-packages/airflow/example_dags/example_branch_operator.py
[2023-04-23T12:25:33.950+0000] {processor.py:743} INFO - Processing file /home/airflow/.local/lib/python3.7/site-packages/airflow/example_dags/example_branch_operator.py for tasks to queue
[2023-04-23T12:25:33.951+0000] {logging_mixin.py:137} INFO - [2023-04-23T12:25:33.951+0000] {dagbag.py:532} INFO - Filling up the DagBag from /home/airflow/.local/lib/python3.7/site-packages/airflow/example_dags/example_branch_operator.py
[2023-04-23T12:25:34.020+0000] {processor.py:753} INFO - DAG(s) dict_keys(['example_branch_operator']) retrieved from /home/airflow/.local/lib/python3.7/site-packages/airflow/example_dags/example_branch_operator.py
[2023-04-23T12:25:34.072+0000] {logging_mixin.py:137} INFO - [2023-04-23T12:25:34.071+0000] {dag.py:2705} INFO - Sync 1 DAGs
[2023-04-23T12:25:34.123+0000] {logging_mixin.py:137} INFO - [2023-04-23T12:25:34.122+0000] {dag.py:3456} INFO - Setting next_dagrun for example_branch_operator to 2023-04-22T00:00:00+00:00, run_after=2023-04-23T00:00:00+00:00
[2023-04-23T12:25:34.192+0000] {processor.py:175} INFO - Processing /home/airflow/.local/lib/python3.7/site-packages/airflow/example_dags/example_branch_operator.py took 0.251 seconds
[2023-04-23T12:26:20.449+0000] {processor.py:153} INFO - Started process (PID=45) to work on /home/airflow/.local/lib/python3.7/site-packages/airflow/example_dags/example_branch_operator.py
[2023-04-23T12:26:20.451+0000] {processor.py:743} INFO - Processing file /home/airflow/.local/lib/python3.7/site-packages/airflow/example_dags/example_branch_operator.py for tasks to queue
[2023-04-23T12:26:20.455+0000] {logging_mixin.py:137} INFO - [2023-04-23T12:26:20.455+0000] {dagbag.py:532} INFO - Filling up the DagBag from /home/airflow/.local/lib/python3.7/site-packages/airflow/example_dags/example_branch_operator.py
[2023-04-23T12:26:20.479+0000] {processor.py:753} INFO - DAG(s) dict_keys(['example_branch_operator']) retrieved from /home/airflow/.local/lib/python3.7/site-packages/airflow/example_dags/example_branch_operator.py
[2023-04-23T12:26:20.517+0000] {logging_mixin.py:137} INFO - [2023-04-23T12:26:20.517+0000] {dag.py:2705} INFO - Sync 1 DAGs
[2023-04-23T12:26:20.573+0000] {logging_mixin.py:137} INFO - [2023-04-23T12:26:20.573+0000] {dag.py:3456} INFO - Setting next_dagrun for example_branch_operator to 2023-04-22T00:00:00+00:00, run_after=2023-04-23T00:00:00+00:00
[2023-04-23T12:26:20.622+0000] {processor.py:175} INFO - Processing /home/airflow/.local/lib/python3.7/site-packages/airflow/example_dags/example_branch_operator.py took 0.176 seconds
[2023-04-23T12:54:15.838+0000] {processor.py:153} INFO - Started process (PID=46) to work on /home/airflow/.local/lib/python3.7/site-packages/airflow/example_dags/example_branch_operator.py
[2023-04-23T12:54:15.842+0000] {processor.py:743} INFO - Processing file /home/airflow/.local/lib/python3.7/site-packages/airflow/example_dags/example_branch_operator.py for tasks to queue
[2023-04-23T12:54:15.842+0000] {logging_mixin.py:137} INFO - [2023-04-23T12:54:15.842+0000] {dagbag.py:532} INFO - Filling up the DagBag from /home/airflow/.local/lib/python3.7/site-packages/airflow/example_dags/example_branch_operator.py
[2023-04-23T12:54:15.973+0000] {processor.py:753} INFO - DAG(s) dict_keys(['example_branch_operator']) retrieved from /home/airflow/.local/lib/python3.7/site-packages/airflow/example_dags/example_branch_operator.py
[2023-04-23T12:54:16.398+0000] {logging_mixin.py:137} INFO - [2023-04-23T12:54:16.397+0000] {dag.py:2705} INFO - Sync 1 DAGs
[2023-04-23T12:54:16.494+0000] {logging_mixin.py:137} INFO - [2023-04-23T12:54:16.494+0000] {dag.py:3456} INFO - Setting next_dagrun for example_branch_operator to 2023-04-22T00:00:00+00:00, run_after=2023-04-23T00:00:00+00:00
[2023-04-23T13:08:08.836+0000] {processor.py:153} INFO - Started process (PID=45) to work on /home/airflow/.local/lib/python3.7/site-packages/airflow/example_dags/example_branch_operator.py
[2023-04-23T13:08:08.844+0000] {processor.py:743} INFO - Processing file /home/airflow/.local/lib/python3.7/site-packages/airflow/example_dags/example_branch_operator.py for tasks to queue
[2023-04-23T13:08:08.845+0000] {logging_mixin.py:137} INFO - [2023-04-23T13:08:08.845+0000] {dagbag.py:532} INFO - Filling up the DagBag from /home/airflow/.local/lib/python3.7/site-packages/airflow/example_dags/example_branch_operator.py
[2023-04-23T13:08:08.921+0000] {processor.py:753} INFO - DAG(s) dict_keys(['example_branch_operator']) retrieved from /home/airflow/.local/lib/python3.7/site-packages/airflow/example_dags/example_branch_operator.py
[2023-04-23T13:08:08.975+0000] {logging_mixin.py:137} INFO - [2023-04-23T13:08:08.975+0000] {dag.py:2705} INFO - Sync 1 DAGs
[2023-04-23T13:08:09.020+0000] {logging_mixin.py:137} INFO - [2023-04-23T13:08:09.020+0000] {dag.py:3456} INFO - Setting next_dagrun for example_branch_operator to 2023-04-22T00:00:00+00:00, run_after=2023-04-23T00:00:00+00:00
[2023-04-23T13:08:09.068+0000] {processor.py:175} INFO - Processing /home/airflow/.local/lib/python3.7/site-packages/airflow/example_dags/example_branch_operator.py took 0.234 seconds
[2023-04-23T13:58:06.457+0000] {processor.py:153} INFO - Started process (PID=45) to work on /home/airflow/.local/lib/python3.7/site-packages/airflow/example_dags/example_branch_operator.py
[2023-04-23T13:58:06.463+0000] {processor.py:743} INFO - Processing file /home/airflow/.local/lib/python3.7/site-packages/airflow/example_dags/example_branch_operator.py for tasks to queue
[2023-04-23T13:58:06.466+0000] {logging_mixin.py:137} INFO - [2023-04-23T13:58:06.466+0000] {dagbag.py:532} INFO - Filling up the DagBag from /home/airflow/.local/lib/python3.7/site-packages/airflow/example_dags/example_branch_operator.py
[2023-04-23T13:58:06.560+0000] {processor.py:753} INFO - DAG(s) dict_keys(['example_branch_operator']) retrieved from /home/airflow/.local/lib/python3.7/site-packages/airflow/example_dags/example_branch_operator.py
[2023-04-23T13:58:06.852+0000] {logging_mixin.py:137} INFO - [2023-04-23T13:58:06.846+0000] {dag.py:2705} INFO - Sync 1 DAGs
[2023-04-23T14:13:51.284+0000] {processor.py:153} INFO - Started process (PID=44) to work on /home/airflow/.local/lib/python3.7/site-packages/airflow/example_dags/example_branch_operator.py
[2023-04-23T14:13:51.288+0000] {processor.py:743} INFO - Processing file /home/airflow/.local/lib/python3.7/site-packages/airflow/example_dags/example_branch_operator.py for tasks to queue
[2023-04-23T14:13:51.289+0000] {logging_mixin.py:137} INFO - [2023-04-23T14:13:51.289+0000] {dagbag.py:532} INFO - Filling up the DagBag from /home/airflow/.local/lib/python3.7/site-packages/airflow/example_dags/example_branch_operator.py
[2023-04-23T14:13:51.350+0000] {processor.py:753} INFO - DAG(s) dict_keys(['example_branch_operator']) retrieved from /home/airflow/.local/lib/python3.7/site-packages/airflow/example_dags/example_branch_operator.py
[2023-04-23T14:13:51.392+0000] {logging_mixin.py:137} INFO - [2023-04-23T14:13:51.392+0000] {dag.py:2705} INFO - Sync 1 DAGs
[2023-04-23T14:13:51.431+0000] {logging_mixin.py:137} INFO - [2023-04-23T14:13:51.431+0000] {dag.py:3456} INFO - Setting next_dagrun for example_branch_operator to 2023-04-22T00:00:00+00:00, run_after=2023-04-23T00:00:00+00:00
[2023-04-23T14:13:51.449+0000] {processor.py:175} INFO - Processing /home/airflow/.local/lib/python3.7/site-packages/airflow/example_dags/example_branch_operator.py took 0.167 seconds
[2023-04-23T14:29:53.992+0000] {processor.py:153} INFO - Started process (PID=45) to work on /home/airflow/.local/lib/python3.7/site-packages/airflow/example_dags/example_branch_operator.py
[2023-04-23T14:29:53.994+0000] {processor.py:743} INFO - Processing file /home/airflow/.local/lib/python3.7/site-packages/airflow/example_dags/example_branch_operator.py for tasks to queue
[2023-04-23T14:29:54.001+0000] {logging_mixin.py:137} INFO - [2023-04-23T14:29:54.000+0000] {dagbag.py:532} INFO - Filling up the DagBag from /home/airflow/.local/lib/python3.7/site-packages/airflow/example_dags/example_branch_operator.py
[2023-04-23T14:29:54.165+0000] {processor.py:753} INFO - DAG(s) dict_keys(['example_branch_operator']) retrieved from /home/airflow/.local/lib/python3.7/site-packages/airflow/example_dags/example_branch_operator.py
[2023-04-23T14:29:55.102+0000] {logging_mixin.py:137} INFO - [2023-04-23T14:29:55.100+0000] {dag.py:2705} INFO - Sync 1 DAGs
[2023-04-23T14:29:55.222+0000] {logging_mixin.py:137} INFO - [2023-04-23T14:29:55.217+0000] {dag.py:3456} INFO - Setting next_dagrun for example_branch_operator to 2023-04-22T00:00:00+00:00, run_after=2023-04-23T00:00:00+00:00
[2023-04-23T14:29:55.660+0000] {processor.py:175} INFO - Processing /home/airflow/.local/lib/python3.7/site-packages/airflow/example_dags/example_branch_operator.py took 1.705 seconds
[2023-04-23T15:24:41.069+0000] {processor.py:153} INFO - Started process (PID=45) to work on /home/airflow/.local/lib/python3.7/site-packages/airflow/example_dags/example_branch_operator.py
[2023-04-23T15:24:41.070+0000] {processor.py:743} INFO - Processing file /home/airflow/.local/lib/python3.7/site-packages/airflow/example_dags/example_branch_operator.py for tasks to queue
[2023-04-23T15:24:41.071+0000] {logging_mixin.py:137} INFO - [2023-04-23T15:24:41.071+0000] {dagbag.py:532} INFO - Filling up the DagBag from /home/airflow/.local/lib/python3.7/site-packages/airflow/example_dags/example_branch_operator.py
[2023-04-23T15:24:41.106+0000] {processor.py:753} INFO - DAG(s) dict_keys(['example_branch_operator']) retrieved from /home/airflow/.local/lib/python3.7/site-packages/airflow/example_dags/example_branch_operator.py
[2023-04-23T15:24:41.149+0000] {logging_mixin.py:137} INFO - [2023-04-23T15:24:41.145+0000] {dag.py:2705} INFO - Sync 1 DAGs
[2023-04-23T15:24:41.213+0000] {logging_mixin.py:137} INFO - [2023-04-23T15:24:41.213+0000] {dag.py:3456} INFO - Setting next_dagrun for example_branch_operator to 2023-04-22T00:00:00+00:00, run_after=2023-04-23T00:00:00+00:00
[2023-04-23T15:24:41.233+0000] {processor.py:175} INFO - Processing /home/airflow/.local/lib/python3.7/site-packages/airflow/example_dags/example_branch_operator.py took 0.169 seconds
[2023-04-23T15:28:46.919+0000] {processor.py:153} INFO - Started process (PID=47) to work on /home/airflow/.local/lib/python3.7/site-packages/airflow/example_dags/example_branch_operator.py
[2023-04-23T15:28:46.920+0000] {processor.py:743} INFO - Processing file /home/airflow/.local/lib/python3.7/site-packages/airflow/example_dags/example_branch_operator.py for tasks to queue
[2023-04-23T15:28:46.921+0000] {logging_mixin.py:137} INFO - [2023-04-23T15:28:46.921+0000] {dagbag.py:532} INFO - Filling up the DagBag from /home/airflow/.local/lib/python3.7/site-packages/airflow/example_dags/example_branch_operator.py
[2023-04-23T15:28:46.938+0000] {processor.py:753} INFO - DAG(s) dict_keys(['example_branch_operator']) retrieved from /home/airflow/.local/lib/python3.7/site-packages/airflow/example_dags/example_branch_operator.py
[2023-04-23T15:28:46.983+0000] {logging_mixin.py:137} INFO - [2023-04-23T15:28:46.983+0000] {dag.py:2705} INFO - Sync 1 DAGs
[2023-04-23T15:28:47.007+0000] {logging_mixin.py:137} INFO - [2023-04-23T15:28:47.007+0000] {dag.py:3456} INFO - Setting next_dagrun for example_branch_operator to 2023-04-22T00:00:00+00:00, run_after=2023-04-23T00:00:00+00:00
[2023-04-23T15:28:47.045+0000] {processor.py:175} INFO - Processing /home/airflow/.local/lib/python3.7/site-packages/airflow/example_dags/example_branch_operator.py took 0.128 seconds
[2023-04-23T15:30:00.017+0000] {processor.py:153} INFO - Started process (PID=45) to work on /home/airflow/.local/lib/python3.7/site-packages/airflow/example_dags/example_branch_operator.py
[2023-04-23T15:30:00.020+0000] {processor.py:743} INFO - Processing file /home/airflow/.local/lib/python3.7/site-packages/airflow/example_dags/example_branch_operator.py for tasks to queue
[2023-04-23T15:30:00.023+0000] {logging_mixin.py:137} INFO - [2023-04-23T15:30:00.022+0000] {dagbag.py:532} INFO - Filling up the DagBag from /home/airflow/.local/lib/python3.7/site-packages/airflow/example_dags/example_branch_operator.py
[2023-04-23T15:30:00.073+0000] {processor.py:753} INFO - DAG(s) dict_keys(['example_branch_operator']) retrieved from /home/airflow/.local/lib/python3.7/site-packages/airflow/example_dags/example_branch_operator.py
[2023-04-23T15:30:00.130+0000] {logging_mixin.py:137} INFO - [2023-04-23T15:30:00.130+0000] {dag.py:2705} INFO - Sync 1 DAGs
[2023-04-23T15:30:00.204+0000] {logging_mixin.py:137} INFO - [2023-04-23T15:30:00.203+0000] {dag.py:3456} INFO - Setting next_dagrun for example_branch_operator to 2023-04-22T00:00:00+00:00, run_after=2023-04-23T00:00:00+00:00
[2023-04-23T15:30:00.423+0000] {processor.py:175} INFO - Processing /home/airflow/.local/lib/python3.7/site-packages/airflow/example_dags/example_branch_operator.py took 0.409 seconds
[2023-04-23T15:30:43.583+0000] {processor.py:153} INFO - Started process (PID=45) to work on /home/airflow/.local/lib/python3.7/site-packages/airflow/example_dags/example_branch_operator.py
[2023-04-23T15:30:43.588+0000] {processor.py:743} INFO - Processing file /home/airflow/.local/lib/python3.7/site-packages/airflow/example_dags/example_branch_operator.py for tasks to queue
[2023-04-23T15:30:43.590+0000] {logging_mixin.py:137} INFO - [2023-04-23T15:30:43.589+0000] {dagbag.py:532} INFO - Filling up the DagBag from /home/airflow/.local/lib/python3.7/site-packages/airflow/example_dags/example_branch_operator.py
[2023-04-23T15:30:43.689+0000] {processor.py:753} INFO - DAG(s) dict_keys(['example_branch_operator']) retrieved from /home/airflow/.local/lib/python3.7/site-packages/airflow/example_dags/example_branch_operator.py
[2023-04-23T15:30:43.763+0000] {logging_mixin.py:137} INFO - [2023-04-23T15:30:43.756+0000] {dag.py:2705} INFO - Sync 1 DAGs
[2023-04-23T15:30:43.827+0000] {logging_mixin.py:137} INFO - [2023-04-23T15:30:43.826+0000] {dag.py:3456} INFO - Setting next_dagrun for example_branch_operator to 2023-04-22T00:00:00+00:00, run_after=2023-04-23T00:00:00+00:00
[2023-04-23T15:30:43.876+0000] {processor.py:175} INFO - Processing /home/airflow/.local/lib/python3.7/site-packages/airflow/example_dags/example_branch_operator.py took 0.298 seconds
[2023-04-23T15:33:11.704+0000] {processor.py:153} INFO - Started process (PID=54) to work on /home/airflow/.local/lib/python3.7/site-packages/airflow/example_dags/example_branch_operator.py
[2023-04-23T15:33:11.717+0000] {processor.py:743} INFO - Processing file /home/airflow/.local/lib/python3.7/site-packages/airflow/example_dags/example_branch_operator.py for tasks to queue
[2023-04-23T15:33:11.719+0000] {logging_mixin.py:137} INFO - [2023-04-23T15:33:11.719+0000] {dagbag.py:532} INFO - Filling up the DagBag from /home/airflow/.local/lib/python3.7/site-packages/airflow/example_dags/example_branch_operator.py
[2023-04-23T15:33:11.809+0000] {processor.py:753} INFO - DAG(s) dict_keys(['example_branch_operator']) retrieved from /home/airflow/.local/lib/python3.7/site-packages/airflow/example_dags/example_branch_operator.py
[2023-04-23T15:33:12.152+0000] {logging_mixin.py:137} INFO - [2023-04-23T15:33:12.152+0000] {dag.py:2705} INFO - Sync 1 DAGs
[2023-04-23T15:33:12.416+0000] {logging_mixin.py:137} INFO - [2023-04-23T15:33:12.413+0000] {dag.py:3456} INFO - Setting next_dagrun for example_branch_operator to 2023-04-22T00:00:00+00:00, run_after=2023-04-23T00:00:00+00:00
[2023-04-23T15:33:16.058+0000] {processor.py:175} INFO - Processing /home/airflow/.local/lib/python3.7/site-packages/airflow/example_dags/example_branch_operator.py took 4.357 seconds
[2023-04-23T15:34:02.990+0000] {processor.py:153} INFO - Started process (PID=46) to work on /home/airflow/.local/lib/python3.7/site-packages/airflow/example_dags/example_branch_operator.py
[2023-04-23T15:34:02.991+0000] {processor.py:743} INFO - Processing file /home/airflow/.local/lib/python3.7/site-packages/airflow/example_dags/example_branch_operator.py for tasks to queue
[2023-04-23T15:34:02.992+0000] {logging_mixin.py:137} INFO - [2023-04-23T15:34:02.991+0000] {dagbag.py:532} INFO - Filling up the DagBag from /home/airflow/.local/lib/python3.7/site-packages/airflow/example_dags/example_branch_operator.py
[2023-04-23T15:34:03.036+0000] {processor.py:753} INFO - DAG(s) dict_keys(['example_branch_operator']) retrieved from /home/airflow/.local/lib/python3.7/site-packages/airflow/example_dags/example_branch_operator.py
[2023-04-23T15:34:03.122+0000] {logging_mixin.py:137} INFO - [2023-04-23T15:34:03.121+0000] {dag.py:2705} INFO - Sync 1 DAGs
[2023-04-23T15:34:03.187+0000] {logging_mixin.py:137} INFO - [2023-04-23T15:34:03.187+0000] {dag.py:3456} INFO - Setting next_dagrun for example_branch_operator to 2023-04-22T00:00:00+00:00, run_after=2023-04-23T00:00:00+00:00
[2023-04-23T15:34:03.264+0000] {processor.py:175} INFO - Processing /home/airflow/.local/lib/python3.7/site-packages/airflow/example_dags/example_branch_operator.py took 0.276 seconds
[2023-04-23T15:38:22.555+0000] {processor.py:153} INFO - Started process (PID=47) to work on /home/airflow/.local/lib/python3.7/site-packages/airflow/example_dags/example_branch_operator.py
[2023-04-23T15:38:22.556+0000] {processor.py:743} INFO - Processing file /home/airflow/.local/lib/python3.7/site-packages/airflow/example_dags/example_branch_operator.py for tasks to queue
[2023-04-23T15:38:22.556+0000] {logging_mixin.py:137} INFO - [2023-04-23T15:38:22.556+0000] {dagbag.py:532} INFO - Filling up the DagBag from /home/airflow/.local/lib/python3.7/site-packages/airflow/example_dags/example_branch_operator.py
[2023-04-23T15:38:22.577+0000] {processor.py:753} INFO - DAG(s) dict_keys(['example_branch_operator']) retrieved from /home/airflow/.local/lib/python3.7/site-packages/airflow/example_dags/example_branch_operator.py
[2023-04-23T15:38:22.595+0000] {logging_mixin.py:137} INFO - [2023-04-23T15:38:22.595+0000] {dag.py:2705} INFO - Sync 1 DAGs
[2023-04-23T15:38:22.611+0000] {logging_mixin.py:137} INFO - [2023-04-23T15:38:22.611+0000] {dag.py:3456} INFO - Setting next_dagrun for example_branch_operator to 2023-04-22T00:00:00+00:00, run_after=2023-04-23T00:00:00+00:00
[2023-04-23T15:38:22.620+0000] {processor.py:175} INFO - Processing /home/airflow/.local/lib/python3.7/site-packages/airflow/example_dags/example_branch_operator.py took 0.068 seconds
[2023-04-23T16:42:04.357+0000] {processor.py:153} INFO - Started process (PID=45) to work on /home/airflow/.local/lib/python3.7/site-packages/airflow/example_dags/example_branch_operator.py
[2023-04-23T16:42:04.360+0000] {processor.py:743} INFO - Processing file /home/airflow/.local/lib/python3.7/site-packages/airflow/example_dags/example_branch_operator.py for tasks to queue
[2023-04-23T16:42:04.360+0000] {logging_mixin.py:137} INFO - [2023-04-23T16:42:04.360+0000] {dagbag.py:532} INFO - Filling up the DagBag from /home/airflow/.local/lib/python3.7/site-packages/airflow/example_dags/example_branch_operator.py
[2023-04-23T16:42:04.514+0000] {processor.py:753} INFO - DAG(s) dict_keys(['example_branch_operator']) retrieved from /home/airflow/.local/lib/python3.7/site-packages/airflow/example_dags/example_branch_operator.py
[2023-04-23T16:42:07.263+0000] {logging_mixin.py:137} INFO - [2023-04-23T16:42:07.262+0000] {dag.py:2705} INFO - Sync 1 DAGs
[2023-04-23T16:42:07.375+0000] {logging_mixin.py:137} INFO - [2023-04-23T16:42:07.375+0000] {dag.py:3456} INFO - Setting next_dagrun for example_branch_operator to 2023-04-22T00:00:00+00:00, run_after=2023-04-23T00:00:00+00:00
[2023-04-23T16:42:07.486+0000] {processor.py:175} INFO - Processing /home/airflow/.local/lib/python3.7/site-packages/airflow/example_dags/example_branch_operator.py took 3.135 seconds
[2023-04-23T17:43:51.476+0000] {processor.py:153} INFO - Started process (PID=45) to work on /home/airflow/.local/lib/python3.7/site-packages/airflow/example_dags/example_branch_operator.py
[2023-04-23T17:43:51.478+0000] {processor.py:743} INFO - Processing file /home/airflow/.local/lib/python3.7/site-packages/airflow/example_dags/example_branch_operator.py for tasks to queue
[2023-04-23T17:43:51.485+0000] {logging_mixin.py:137} INFO - [2023-04-23T17:43:51.485+0000] {dagbag.py:532} INFO - Filling up the DagBag from /home/airflow/.local/lib/python3.7/site-packages/airflow/example_dags/example_branch_operator.py
[2023-04-23T17:43:51.557+0000] {processor.py:753} INFO - DAG(s) dict_keys(['example_branch_operator']) retrieved from /home/airflow/.local/lib/python3.7/site-packages/airflow/example_dags/example_branch_operator.py
[2023-04-23T17:43:51.637+0000] {logging_mixin.py:137} INFO - [2023-04-23T17:43:51.637+0000] {dag.py:2705} INFO - Sync 1 DAGs
[2023-04-23T17:43:51.754+0000] {logging_mixin.py:137} INFO - [2023-04-23T17:43:51.746+0000] {dag.py:3456} INFO - Setting next_dagrun for example_branch_operator to 2023-04-22T00:00:00+00:00, run_after=2023-04-23T00:00:00+00:00
[2023-04-23T17:43:51.862+0000] {processor.py:175} INFO - Processing /home/airflow/.local/lib/python3.7/site-packages/airflow/example_dags/example_branch_operator.py took 0.388 seconds
[2023-04-23T17:59:10.673+0000] {processor.py:153} INFO - Started process (PID=45) to work on /home/airflow/.local/lib/python3.7/site-packages/airflow/example_dags/example_branch_operator.py
[2023-04-23T17:59:10.674+0000] {processor.py:743} INFO - Processing file /home/airflow/.local/lib/python3.7/site-packages/airflow/example_dags/example_branch_operator.py for tasks to queue
[2023-04-23T17:59:10.675+0000] {logging_mixin.py:137} INFO - [2023-04-23T17:59:10.675+0000] {dagbag.py:532} INFO - Filling up the DagBag from /home/airflow/.local/lib/python3.7/site-packages/airflow/example_dags/example_branch_operator.py
[2023-04-23T17:59:10.805+0000] {processor.py:753} INFO - DAG(s) dict_keys(['example_branch_operator']) retrieved from /home/airflow/.local/lib/python3.7/site-packages/airflow/example_dags/example_branch_operator.py
[2023-04-23T17:59:10.943+0000] {logging_mixin.py:137} INFO - [2023-04-23T17:59:10.942+0000] {dag.py:2705} INFO - Sync 1 DAGs
[2023-04-23T17:59:11.076+0000] {logging_mixin.py:137} INFO - [2023-04-23T17:59:11.076+0000] {dag.py:3456} INFO - Setting next_dagrun for example_branch_operator to 2023-04-22T00:00:00+00:00, run_after=2023-04-23T00:00:00+00:00
[2023-04-23T17:59:11.459+0000] {processor.py:175} INFO - Processing /home/airflow/.local/lib/python3.7/site-packages/airflow/example_dags/example_branch_operator.py took 0.788 seconds
[2023-04-23T19:25:52.970+0000] {processor.py:153} INFO - Started process (PID=45) to work on /home/airflow/.local/lib/python3.7/site-packages/airflow/example_dags/example_branch_operator.py
[2023-04-23T19:25:52.974+0000] {processor.py:743} INFO - Processing file /home/airflow/.local/lib/python3.7/site-packages/airflow/example_dags/example_branch_operator.py for tasks to queue
[2023-04-23T19:25:52.977+0000] {logging_mixin.py:137} INFO - [2023-04-23T19:25:52.977+0000] {dagbag.py:532} INFO - Filling up the DagBag from /home/airflow/.local/lib/python3.7/site-packages/airflow/example_dags/example_branch_operator.py
[2023-04-23T19:25:53.007+0000] {processor.py:753} INFO - DAG(s) dict_keys(['example_branch_operator']) retrieved from /home/airflow/.local/lib/python3.7/site-packages/airflow/example_dags/example_branch_operator.py
[2023-04-23T19:25:53.046+0000] {logging_mixin.py:137} INFO - [2023-04-23T19:25:53.045+0000] {dag.py:2705} INFO - Sync 1 DAGs
[2023-04-23T19:25:53.086+0000] {logging_mixin.py:137} INFO - [2023-04-23T19:25:53.086+0000] {dag.py:3456} INFO - Setting next_dagrun for example_branch_operator to 2023-04-22T00:00:00+00:00, run_after=2023-04-23T00:00:00+00:00
[2023-04-23T19:25:53.105+0000] {processor.py:175} INFO - Processing /home/airflow/.local/lib/python3.7/site-packages/airflow/example_dags/example_branch_operator.py took 0.138 seconds
[2023-04-23T19:26:51.376+0000] {processor.py:153} INFO - Started process (PID=44) to work on /home/airflow/.local/lib/python3.7/site-packages/airflow/example_dags/example_branch_operator.py
[2023-04-23T19:26:51.379+0000] {processor.py:743} INFO - Processing file /home/airflow/.local/lib/python3.7/site-packages/airflow/example_dags/example_branch_operator.py for tasks to queue
[2023-04-23T19:26:51.384+0000] {logging_mixin.py:137} INFO - [2023-04-23T19:26:51.384+0000] {dagbag.py:532} INFO - Filling up the DagBag from /home/airflow/.local/lib/python3.7/site-packages/airflow/example_dags/example_branch_operator.py
[2023-04-23T19:26:51.428+0000] {processor.py:753} INFO - DAG(s) dict_keys(['example_branch_operator']) retrieved from /home/airflow/.local/lib/python3.7/site-packages/airflow/example_dags/example_branch_operator.py
[2023-04-23T19:26:51.463+0000] {logging_mixin.py:137} INFO - [2023-04-23T19:26:51.463+0000] {dag.py:2705} INFO - Sync 1 DAGs
[2023-04-23T19:26:51.508+0000] {logging_mixin.py:137} INFO - [2023-04-23T19:26:51.508+0000] {dag.py:3456} INFO - Setting next_dagrun for example_branch_operator to 2023-04-22T00:00:00+00:00, run_after=2023-04-23T00:00:00+00:00
[2023-04-23T19:26:51.538+0000] {processor.py:175} INFO - Processing /home/airflow/.local/lib/python3.7/site-packages/airflow/example_dags/example_branch_operator.py took 0.164 seconds
[2023-04-23T19:28:19.501+0000] {processor.py:153} INFO - Started process (PID=45) to work on /home/airflow/.local/lib/python3.7/site-packages/airflow/example_dags/example_branch_operator.py
[2023-04-23T19:28:19.504+0000] {processor.py:743} INFO - Processing file /home/airflow/.local/lib/python3.7/site-packages/airflow/example_dags/example_branch_operator.py for tasks to queue
[2023-04-23T19:28:19.505+0000] {logging_mixin.py:137} INFO - [2023-04-23T19:28:19.505+0000] {dagbag.py:532} INFO - Filling up the DagBag from /home/airflow/.local/lib/python3.7/site-packages/airflow/example_dags/example_branch_operator.py
[2023-04-23T19:28:19.539+0000] {processor.py:753} INFO - DAG(s) dict_keys(['example_branch_operator']) retrieved from /home/airflow/.local/lib/python3.7/site-packages/airflow/example_dags/example_branch_operator.py
[2023-04-23T19:28:19.590+0000] {logging_mixin.py:137} INFO - [2023-04-23T19:28:19.590+0000] {dag.py:2705} INFO - Sync 1 DAGs
[2023-04-23T19:28:19.640+0000] {logging_mixin.py:137} INFO - [2023-04-23T19:28:19.640+0000] {dag.py:3456} INFO - Setting next_dagrun for example_branch_operator to 2023-04-22T00:00:00+00:00, run_after=2023-04-23T00:00:00+00:00
[2023-04-23T19:28:19.677+0000] {processor.py:175} INFO - Processing /home/airflow/.local/lib/python3.7/site-packages/airflow/example_dags/example_branch_operator.py took 0.178 seconds
[2023-04-23T19:30:35.749+0000] {processor.py:153} INFO - Started process (PID=45) to work on /home/airflow/.local/lib/python3.7/site-packages/airflow/example_dags/example_branch_operator.py
[2023-04-23T19:30:35.754+0000] {processor.py:743} INFO - Processing file /home/airflow/.local/lib/python3.7/site-packages/airflow/example_dags/example_branch_operator.py for tasks to queue
[2023-04-23T19:30:35.766+0000] {logging_mixin.py:137} INFO - [2023-04-23T19:30:35.765+0000] {dagbag.py:532} INFO - Filling up the DagBag from /home/airflow/.local/lib/python3.7/site-packages/airflow/example_dags/example_branch_operator.py
[2023-04-23T19:30:35.807+0000] {processor.py:753} INFO - DAG(s) dict_keys(['example_branch_operator']) retrieved from /home/airflow/.local/lib/python3.7/site-packages/airflow/example_dags/example_branch_operator.py
[2023-04-23T19:30:35.869+0000] {logging_mixin.py:137} INFO - [2023-04-23T19:30:35.869+0000] {dag.py:2705} INFO - Sync 1 DAGs
[2023-04-23T19:30:35.914+0000] {logging_mixin.py:137} INFO - [2023-04-23T19:30:35.914+0000] {dag.py:3456} INFO - Setting next_dagrun for example_branch_operator to 2023-04-22T00:00:00+00:00, run_after=2023-04-23T00:00:00+00:00
[2023-04-23T19:30:35.952+0000] {processor.py:175} INFO - Processing /home/airflow/.local/lib/python3.7/site-packages/airflow/example_dags/example_branch_operator.py took 0.206 seconds
[2023-04-23T19:31:25.287+0000] {processor.py:153} INFO - Started process (PID=50) to work on /home/airflow/.local/lib/python3.7/site-packages/airflow/example_dags/example_branch_operator.py
[2023-04-23T19:31:25.291+0000] {processor.py:743} INFO - Processing file /home/airflow/.local/lib/python3.7/site-packages/airflow/example_dags/example_branch_operator.py for tasks to queue
[2023-04-23T19:31:25.346+0000] {logging_mixin.py:137} INFO - [2023-04-23T19:31:25.306+0000] {dagbag.py:532} INFO - Filling up the DagBag from /home/airflow/.local/lib/python3.7/site-packages/airflow/example_dags/example_branch_operator.py
[2023-04-23T19:31:26.294+0000] {processor.py:753} INFO - DAG(s) dict_keys(['example_branch_operator']) retrieved from /home/airflow/.local/lib/python3.7/site-packages/airflow/example_dags/example_branch_operator.py
[2023-04-23T19:33:33.550+0000] {processor.py:153} INFO - Started process (PID=53) to work on /home/airflow/.local/lib/python3.7/site-packages/airflow/example_dags/example_branch_operator.py
[2023-04-23T19:33:33.557+0000] {processor.py:743} INFO - Processing file /home/airflow/.local/lib/python3.7/site-packages/airflow/example_dags/example_branch_operator.py for tasks to queue
[2023-04-23T19:33:33.558+0000] {logging_mixin.py:137} INFO - [2023-04-23T19:33:33.558+0000] {dagbag.py:532} INFO - Filling up the DagBag from /home/airflow/.local/lib/python3.7/site-packages/airflow/example_dags/example_branch_operator.py
[2023-04-23T19:33:33.578+0000] {processor.py:753} INFO - DAG(s) dict_keys(['example_branch_operator']) retrieved from /home/airflow/.local/lib/python3.7/site-packages/airflow/example_dags/example_branch_operator.py
[2023-04-23T19:33:33.618+0000] {logging_mixin.py:137} INFO - [2023-04-23T19:33:33.618+0000] {dag.py:2705} INFO - Sync 1 DAGs
[2023-04-23T19:33:33.669+0000] {logging_mixin.py:137} INFO - [2023-04-23T19:33:33.668+0000] {dag.py:3456} INFO - Setting next_dagrun for example_branch_operator to 2023-04-22T00:00:00+00:00, run_after=2023-04-23T00:00:00+00:00
[2023-04-23T19:33:33.735+0000] {processor.py:175} INFO - Processing /home/airflow/.local/lib/python3.7/site-packages/airflow/example_dags/example_branch_operator.py took 0.188 seconds
[2023-04-23T19:35:18.361+0000] {processor.py:153} INFO - Started process (PID=51) to work on /home/airflow/.local/lib/python3.7/site-packages/airflow/example_dags/example_branch_operator.py
[2023-04-23T19:35:18.397+0000] {processor.py:743} INFO - Processing file /home/airflow/.local/lib/python3.7/site-packages/airflow/example_dags/example_branch_operator.py for tasks to queue
[2023-04-23T19:35:18.417+0000] {logging_mixin.py:137} INFO - [2023-04-23T19:35:18.416+0000] {dagbag.py:532} INFO - Filling up the DagBag from /home/airflow/.local/lib/python3.7/site-packages/airflow/example_dags/example_branch_operator.py
[2023-04-23T19:35:18.664+0000] {processor.py:753} INFO - DAG(s) dict_keys(['example_branch_operator']) retrieved from /home/airflow/.local/lib/python3.7/site-packages/airflow/example_dags/example_branch_operator.py
[2023-04-23T19:35:18.939+0000] {logging_mixin.py:137} INFO - [2023-04-23T19:35:18.936+0000] {dag.py:2705} INFO - Sync 1 DAGs
[2023-04-23T19:35:19.975+0000] {logging_mixin.py:137} INFO - [2023-04-23T19:35:19.975+0000] {dag.py:3456} INFO - Setting next_dagrun for example_branch_operator to 2023-04-22T00:00:00+00:00, run_after=2023-04-23T00:00:00+00:00
[2023-04-23T19:36:47.415+0000] {processor.py:153} INFO - Started process (PID=46) to work on /home/airflow/.local/lib/python3.7/site-packages/airflow/example_dags/example_branch_operator.py
[2023-04-23T19:36:47.417+0000] {processor.py:743} INFO - Processing file /home/airflow/.local/lib/python3.7/site-packages/airflow/example_dags/example_branch_operator.py for tasks to queue
[2023-04-23T19:36:47.418+0000] {logging_mixin.py:137} INFO - [2023-04-23T19:36:47.418+0000] {dagbag.py:532} INFO - Filling up the DagBag from /home/airflow/.local/lib/python3.7/site-packages/airflow/example_dags/example_branch_operator.py
[2023-04-23T19:36:47.495+0000] {processor.py:753} INFO - DAG(s) dict_keys(['example_branch_operator']) retrieved from /home/airflow/.local/lib/python3.7/site-packages/airflow/example_dags/example_branch_operator.py
[2023-04-23T19:36:47.773+0000] {logging_mixin.py:137} INFO - [2023-04-23T19:36:47.767+0000] {dag.py:2705} INFO - Sync 1 DAGs
[2023-04-23T19:37:37.783+0000] {processor.py:153} INFO - Started process (PID=45) to work on /home/airflow/.local/lib/python3.7/site-packages/airflow/example_dags/example_branch_operator.py
[2023-04-23T19:37:37.798+0000] {processor.py:743} INFO - Processing file /home/airflow/.local/lib/python3.7/site-packages/airflow/example_dags/example_branch_operator.py for tasks to queue
[2023-04-23T19:37:37.799+0000] {logging_mixin.py:137} INFO - [2023-04-23T19:37:37.799+0000] {dagbag.py:532} INFO - Filling up the DagBag from /home/airflow/.local/lib/python3.7/site-packages/airflow/example_dags/example_branch_operator.py
[2023-04-23T19:37:37.849+0000] {processor.py:753} INFO - DAG(s) dict_keys(['example_branch_operator']) retrieved from /home/airflow/.local/lib/python3.7/site-packages/airflow/example_dags/example_branch_operator.py
[2023-04-23T19:37:37.915+0000] {logging_mixin.py:137} INFO - [2023-04-23T19:37:37.915+0000] {dag.py:2705} INFO - Sync 1 DAGs
[2023-04-23T19:37:38.001+0000] {logging_mixin.py:137} INFO - [2023-04-23T19:37:37.999+0000] {dag.py:3456} INFO - Setting next_dagrun for example_branch_operator to 2023-04-22T00:00:00+00:00, run_after=2023-04-23T00:00:00+00:00
[2023-04-23T19:37:38.058+0000] {processor.py:175} INFO - Processing /home/airflow/.local/lib/python3.7/site-packages/airflow/example_dags/example_branch_operator.py took 0.277 seconds
[2023-04-23T19:38:00.026+0000] {processor.py:153} INFO - Started process (PID=45) to work on /home/airflow/.local/lib/python3.7/site-packages/airflow/example_dags/example_branch_operator.py
[2023-04-23T19:38:00.027+0000] {processor.py:743} INFO - Processing file /home/airflow/.local/lib/python3.7/site-packages/airflow/example_dags/example_branch_operator.py for tasks to queue
[2023-04-23T19:38:00.028+0000] {logging_mixin.py:137} INFO - [2023-04-23T19:38:00.028+0000] {dagbag.py:532} INFO - Filling up the DagBag from /home/airflow/.local/lib/python3.7/site-packages/airflow/example_dags/example_branch_operator.py
[2023-04-23T19:38:00.042+0000] {processor.py:753} INFO - DAG(s) dict_keys(['example_branch_operator']) retrieved from /home/airflow/.local/lib/python3.7/site-packages/airflow/example_dags/example_branch_operator.py
[2023-04-23T19:38:00.063+0000] {logging_mixin.py:137} INFO - [2023-04-23T19:38:00.063+0000] {dag.py:2705} INFO - Sync 1 DAGs
[2023-04-23T19:38:00.083+0000] {logging_mixin.py:137} INFO - [2023-04-23T19:38:00.083+0000] {dag.py:3456} INFO - Setting next_dagrun for example_branch_operator to 2023-04-22T00:00:00+00:00, run_after=2023-04-23T00:00:00+00:00
[2023-04-23T19:38:00.130+0000] {processor.py:175} INFO - Processing /home/airflow/.local/lib/python3.7/site-packages/airflow/example_dags/example_branch_operator.py took 0.107 seconds
[2023-04-23T19:38:31.510+0000] {processor.py:153} INFO - Started process (PID=44) to work on /home/airflow/.local/lib/python3.7/site-packages/airflow/example_dags/example_branch_operator.py
[2023-04-23T19:38:31.526+0000] {processor.py:743} INFO - Processing file /home/airflow/.local/lib/python3.7/site-packages/airflow/example_dags/example_branch_operator.py for tasks to queue
[2023-04-23T19:38:31.529+0000] {logging_mixin.py:137} INFO - [2023-04-23T19:38:31.528+0000] {dagbag.py:532} INFO - Filling up the DagBag from /home/airflow/.local/lib/python3.7/site-packages/airflow/example_dags/example_branch_operator.py
[2023-04-23T19:38:31.877+0000] {processor.py:753} INFO - DAG(s) dict_keys(['example_branch_operator']) retrieved from /home/airflow/.local/lib/python3.7/site-packages/airflow/example_dags/example_branch_operator.py
[2023-04-23T19:38:31.956+0000] {logging_mixin.py:137} INFO - [2023-04-23T19:38:31.955+0000] {dag.py:2705} INFO - Sync 1 DAGs
[2023-04-23T19:38:31.980+0000] {logging_mixin.py:137} INFO - [2023-04-23T19:38:31.980+0000] {dag.py:3456} INFO - Setting next_dagrun for example_branch_operator to 2023-04-22T00:00:00+00:00, run_after=2023-04-23T00:00:00+00:00
[2023-04-23T19:38:32.006+0000] {processor.py:175} INFO - Processing /home/airflow/.local/lib/python3.7/site-packages/airflow/example_dags/example_branch_operator.py took 0.512 seconds
[2023-04-23T19:39:51.975+0000] {processor.py:153} INFO - Started process (PID=45) to work on /home/airflow/.local/lib/python3.7/site-packages/airflow/example_dags/example_branch_operator.py
[2023-04-23T19:39:51.980+0000] {processor.py:743} INFO - Processing file /home/airflow/.local/lib/python3.7/site-packages/airflow/example_dags/example_branch_operator.py for tasks to queue
[2023-04-23T19:39:51.981+0000] {logging_mixin.py:137} INFO - [2023-04-23T19:39:51.981+0000] {dagbag.py:532} INFO - Filling up the DagBag from /home/airflow/.local/lib/python3.7/site-packages/airflow/example_dags/example_branch_operator.py
[2023-04-23T19:39:52.095+0000] {processor.py:753} INFO - DAG(s) dict_keys(['example_branch_operator']) retrieved from /home/airflow/.local/lib/python3.7/site-packages/airflow/example_dags/example_branch_operator.py
[2023-04-23T19:39:52.223+0000] {logging_mixin.py:137} INFO - [2023-04-23T19:39:52.220+0000] {dag.py:2705} INFO - Sync 1 DAGs
[2023-04-23T19:39:52.348+0000] {logging_mixin.py:137} INFO - [2023-04-23T19:39:52.348+0000] {dag.py:3456} INFO - Setting next_dagrun for example_branch_operator to 2023-04-22T00:00:00+00:00, run_after=2023-04-23T00:00:00+00:00
[2023-04-23T19:39:52.413+0000] {processor.py:175} INFO - Processing /home/airflow/.local/lib/python3.7/site-packages/airflow/example_dags/example_branch_operator.py took 0.441 seconds
[2023-04-23T19:45:29.107+0000] {processor.py:153} INFO - Started process (PID=45) to work on /home/airflow/.local/lib/python3.7/site-packages/airflow/example_dags/example_branch_operator.py
[2023-04-23T19:45:29.110+0000] {processor.py:743} INFO - Processing file /home/airflow/.local/lib/python3.7/site-packages/airflow/example_dags/example_branch_operator.py for tasks to queue
[2023-04-23T19:45:29.115+0000] {logging_mixin.py:137} INFO - [2023-04-23T19:45:29.115+0000] {dagbag.py:532} INFO - Filling up the DagBag from /home/airflow/.local/lib/python3.7/site-packages/airflow/example_dags/example_branch_operator.py
[2023-04-23T19:45:29.132+0000] {processor.py:753} INFO - DAG(s) dict_keys(['example_branch_operator']) retrieved from /home/airflow/.local/lib/python3.7/site-packages/airflow/example_dags/example_branch_operator.py
[2023-04-23T19:45:29.167+0000] {logging_mixin.py:137} INFO - [2023-04-23T19:45:29.167+0000] {dag.py:2705} INFO - Sync 1 DAGs
[2023-04-23T19:45:29.190+0000] {logging_mixin.py:137} INFO - [2023-04-23T19:45:29.190+0000] {dag.py:3456} INFO - Setting next_dagrun for example_branch_operator to 2023-04-22T00:00:00+00:00, run_after=2023-04-23T00:00:00+00:00
[2023-04-23T19:45:29.230+0000] {processor.py:175} INFO - Processing /home/airflow/.local/lib/python3.7/site-packages/airflow/example_dags/example_branch_operator.py took 0.125 seconds
[2023-04-23T19:57:01.942+0000] {processor.py:153} INFO - Started process (PID=47) to work on /home/airflow/.local/lib/python3.7/site-packages/airflow/example_dags/example_branch_operator.py
[2023-04-23T19:57:01.951+0000] {processor.py:743} INFO - Processing file /home/airflow/.local/lib/python3.7/site-packages/airflow/example_dags/example_branch_operator.py for tasks to queue
[2023-04-23T19:57:01.952+0000] {logging_mixin.py:137} INFO - [2023-04-23T19:57:01.952+0000] {dagbag.py:532} INFO - Filling up the DagBag from /home/airflow/.local/lib/python3.7/site-packages/airflow/example_dags/example_branch_operator.py
[2023-04-23T19:57:02.016+0000] {processor.py:753} INFO - DAG(s) dict_keys(['example_branch_operator']) retrieved from /home/airflow/.local/lib/python3.7/site-packages/airflow/example_dags/example_branch_operator.py
[2023-04-23T19:57:02.193+0000] {logging_mixin.py:137} INFO - [2023-04-23T19:57:02.193+0000] {dag.py:2705} INFO - Sync 1 DAGs
[2023-04-23T19:57:02.246+0000] {logging_mixin.py:137} INFO - [2023-04-23T19:57:02.246+0000] {dag.py:3456} INFO - Setting next_dagrun for example_branch_operator to 2023-04-22T00:00:00+00:00, run_after=2023-04-23T00:00:00+00:00
[2023-04-23T19:57:02.276+0000] {processor.py:175} INFO - Processing /home/airflow/.local/lib/python3.7/site-packages/airflow/example_dags/example_branch_operator.py took 0.337 seconds
[2023-04-23T19:57:42.783+0000] {processor.py:153} INFO - Started process (PID=45) to work on /home/airflow/.local/lib/python3.7/site-packages/airflow/example_dags/example_branch_operator.py
[2023-04-23T19:57:42.784+0000] {processor.py:743} INFO - Processing file /home/airflow/.local/lib/python3.7/site-packages/airflow/example_dags/example_branch_operator.py for tasks to queue
[2023-04-23T19:57:42.785+0000] {logging_mixin.py:137} INFO - [2023-04-23T19:57:42.785+0000] {dagbag.py:532} INFO - Filling up the DagBag from /home/airflow/.local/lib/python3.7/site-packages/airflow/example_dags/example_branch_operator.py
[2023-04-23T19:57:42.813+0000] {processor.py:753} INFO - DAG(s) dict_keys(['example_branch_operator']) retrieved from /home/airflow/.local/lib/python3.7/site-packages/airflow/example_dags/example_branch_operator.py
[2023-04-23T19:57:42.859+0000] {logging_mixin.py:137} INFO - [2023-04-23T19:57:42.859+0000] {dag.py:2705} INFO - Sync 1 DAGs
[2023-04-23T19:57:42.895+0000] {logging_mixin.py:137} INFO - [2023-04-23T19:57:42.894+0000] {dag.py:3456} INFO - Setting next_dagrun for example_branch_operator to 2023-04-22T00:00:00+00:00, run_after=2023-04-23T00:00:00+00:00
[2023-04-23T19:57:42.912+0000] {processor.py:175} INFO - Processing /home/airflow/.local/lib/python3.7/site-packages/airflow/example_dags/example_branch_operator.py took 0.131 seconds
[2023-04-23T20:00:36.552+0000] {processor.py:153} INFO - Started process (PID=46) to work on /home/airflow/.local/lib/python3.7/site-packages/airflow/example_dags/example_branch_operator.py
[2023-04-23T20:00:36.555+0000] {processor.py:743} INFO - Processing file /home/airflow/.local/lib/python3.7/site-packages/airflow/example_dags/example_branch_operator.py for tasks to queue
[2023-04-23T20:00:36.556+0000] {logging_mixin.py:137} INFO - [2023-04-23T20:00:36.556+0000] {dagbag.py:532} INFO - Filling up the DagBag from /home/airflow/.local/lib/python3.7/site-packages/airflow/example_dags/example_branch_operator.py
[2023-04-23T20:00:36.584+0000] {processor.py:753} INFO - DAG(s) dict_keys(['example_branch_operator']) retrieved from /home/airflow/.local/lib/python3.7/site-packages/airflow/example_dags/example_branch_operator.py
[2023-04-23T20:00:36.601+0000] {logging_mixin.py:137} INFO - [2023-04-23T20:00:36.600+0000] {dag.py:2705} INFO - Sync 1 DAGs
[2023-04-23T20:00:36.619+0000] {logging_mixin.py:137} INFO - [2023-04-23T20:00:36.619+0000] {dag.py:3456} INFO - Setting next_dagrun for example_branch_operator to 2023-04-22T00:00:00+00:00, run_after=2023-04-23T00:00:00+00:00
[2023-04-23T20:00:36.635+0000] {processor.py:175} INFO - Processing /home/airflow/.local/lib/python3.7/site-packages/airflow/example_dags/example_branch_operator.py took 0.084 seconds
[2023-04-23T20:00:59.583+0000] {processor.py:153} INFO - Started process (PID=44) to work on /home/airflow/.local/lib/python3.7/site-packages/airflow/example_dags/example_branch_operator.py
[2023-04-23T20:00:59.584+0000] {processor.py:743} INFO - Processing file /home/airflow/.local/lib/python3.7/site-packages/airflow/example_dags/example_branch_operator.py for tasks to queue
[2023-04-23T20:00:59.584+0000] {logging_mixin.py:137} INFO - [2023-04-23T20:00:59.584+0000] {dagbag.py:532} INFO - Filling up the DagBag from /home/airflow/.local/lib/python3.7/site-packages/airflow/example_dags/example_branch_operator.py
[2023-04-23T20:00:59.612+0000] {processor.py:753} INFO - DAG(s) dict_keys(['example_branch_operator']) retrieved from /home/airflow/.local/lib/python3.7/site-packages/airflow/example_dags/example_branch_operator.py
[2023-04-23T20:00:59.640+0000] {logging_mixin.py:137} INFO - [2023-04-23T20:00:59.640+0000] {dag.py:2705} INFO - Sync 1 DAGs
[2023-04-23T20:00:59.659+0000] {logging_mixin.py:137} INFO - [2023-04-23T20:00:59.659+0000] {dag.py:3456} INFO - Setting next_dagrun for example_branch_operator to 2023-04-22T00:00:00+00:00, run_after=2023-04-23T00:00:00+00:00
[2023-04-23T20:00:59.673+0000] {processor.py:175} INFO - Processing /home/airflow/.local/lib/python3.7/site-packages/airflow/example_dags/example_branch_operator.py took 0.093 seconds
