[2023-04-23T01:09:48.841+0000] {processor.py:153} INFO - Started process (PID=79) to work on /home/airflow/.local/lib/python3.7/site-packages/airflow/example_dags/example_short_circuit_operator.py
[2023-04-23T01:09:48.843+0000] {processor.py:743} INFO - Processing file /home/airflow/.local/lib/python3.7/site-packages/airflow/example_dags/example_short_circuit_operator.py for tasks to queue
[2023-04-23T01:09:48.844+0000] {logging_mixin.py:137} INFO - [2023-04-23T01:09:48.844+0000] {dagbag.py:532} INFO - Filling up the DagBag from /home/airflow/.local/lib/python3.7/site-packages/airflow/example_dags/example_short_circuit_operator.py
[2023-04-23T01:09:48.898+0000] {processor.py:753} INFO - DAG(s) dict_keys(['example_short_circuit_operator']) retrieved from /home/airflow/.local/lib/python3.7/site-packages/airflow/example_dags/example_short_circuit_operator.py
[2023-04-23T01:09:48.993+0000] {logging_mixin.py:137} INFO - [2023-04-23T01:09:48.993+0000] {dag.py:2705} INFO - Sync 1 DAGs
[2023-04-23T01:09:49.049+0000] {logging_mixin.py:137} INFO - [2023-04-23T01:09:49.048+0000] {dag.py:3456} INFO - Setting next_dagrun for example_short_circuit_operator to 2023-04-22T01:09:49.046865+00:00, run_after=2023-04-23T01:09:49.046865+00:00
[2023-04-23T01:09:49.097+0000] {processor.py:175} INFO - Processing /home/airflow/.local/lib/python3.7/site-packages/airflow/example_dags/example_short_circuit_operator.py took 0.258 seconds
[2023-04-23T05:57:29.150+0000] {processor.py:153} INFO - Started process (PID=84) to work on /home/airflow/.local/lib/python3.7/site-packages/airflow/example_dags/example_short_circuit_operator.py
[2023-04-23T05:57:29.176+0000] {processor.py:743} INFO - Processing file /home/airflow/.local/lib/python3.7/site-packages/airflow/example_dags/example_short_circuit_operator.py for tasks to queue
[2023-04-23T05:57:29.205+0000] {logging_mixin.py:137} INFO - [2023-04-23T05:57:29.205+0000] {dagbag.py:532} INFO - Filling up the DagBag from /home/airflow/.local/lib/python3.7/site-packages/airflow/example_dags/example_short_circuit_operator.py
[2023-04-23T11:43:02.440+0000] {processor.py:153} INFO - Started process (PID=80) to work on /home/airflow/.local/lib/python3.7/site-packages/airflow/example_dags/example_short_circuit_operator.py
[2023-04-23T11:43:02.442+0000] {processor.py:743} INFO - Processing file /home/airflow/.local/lib/python3.7/site-packages/airflow/example_dags/example_short_circuit_operator.py for tasks to queue
[2023-04-23T11:43:02.443+0000] {logging_mixin.py:137} INFO - [2023-04-23T11:43:02.443+0000] {dagbag.py:532} INFO - Filling up the DagBag from /home/airflow/.local/lib/python3.7/site-packages/airflow/example_dags/example_short_circuit_operator.py
[2023-04-23T11:43:02.519+0000] {processor.py:753} INFO - DAG(s) dict_keys(['example_short_circuit_operator']) retrieved from /home/airflow/.local/lib/python3.7/site-packages/airflow/example_dags/example_short_circuit_operator.py
[2023-04-23T11:43:02.696+0000] {logging_mixin.py:137} INFO - [2023-04-23T11:43:02.689+0000] {dag.py:2705} INFO - Sync 1 DAGs
[2023-04-23T11:43:02.882+0000] {logging_mixin.py:137} INFO - [2023-04-23T11:43:02.861+0000] {dag.py:3456} INFO - Setting next_dagrun for example_short_circuit_operator to 2023-04-22T11:43:02.858781+00:00, run_after=2023-04-23T11:43:02.858781+00:00
[2023-04-23T11:43:02.972+0000] {processor.py:175} INFO - Processing /home/airflow/.local/lib/python3.7/site-packages/airflow/example_dags/example_short_circuit_operator.py took 0.538 seconds
[2023-04-23T11:47:59.374+0000] {processor.py:153} INFO - Started process (PID=79) to work on /home/airflow/.local/lib/python3.7/site-packages/airflow/example_dags/example_short_circuit_operator.py
[2023-04-23T11:47:59.378+0000] {processor.py:743} INFO - Processing file /home/airflow/.local/lib/python3.7/site-packages/airflow/example_dags/example_short_circuit_operator.py for tasks to queue
[2023-04-23T11:47:59.379+0000] {logging_mixin.py:137} INFO - [2023-04-23T11:47:59.379+0000] {dagbag.py:532} INFO - Filling up the DagBag from /home/airflow/.local/lib/python3.7/site-packages/airflow/example_dags/example_short_circuit_operator.py
[2023-04-23T11:47:59.735+0000] {processor.py:753} INFO - DAG(s) dict_keys(['example_short_circuit_operator']) retrieved from /home/airflow/.local/lib/python3.7/site-packages/airflow/example_dags/example_short_circuit_operator.py
[2023-04-23T11:48:00.847+0000] {logging_mixin.py:137} INFO - [2023-04-23T11:48:00.843+0000] {dag.py:2705} INFO - Sync 1 DAGs
[2023-04-23T11:51:35.851+0000] {processor.py:153} INFO - Started process (PID=80) to work on /home/airflow/.local/lib/python3.7/site-packages/airflow/example_dags/example_short_circuit_operator.py
[2023-04-23T11:51:35.860+0000] {processor.py:743} INFO - Processing file /home/airflow/.local/lib/python3.7/site-packages/airflow/example_dags/example_short_circuit_operator.py for tasks to queue
[2023-04-23T11:51:35.861+0000] {logging_mixin.py:137} INFO - [2023-04-23T11:51:35.861+0000] {dagbag.py:532} INFO - Filling up the DagBag from /home/airflow/.local/lib/python3.7/site-packages/airflow/example_dags/example_short_circuit_operator.py
[2023-04-23T11:51:35.885+0000] {processor.py:753} INFO - DAG(s) dict_keys(['example_short_circuit_operator']) retrieved from /home/airflow/.local/lib/python3.7/site-packages/airflow/example_dags/example_short_circuit_operator.py
[2023-04-23T11:51:35.927+0000] {logging_mixin.py:137} INFO - [2023-04-23T11:51:35.927+0000] {dag.py:2705} INFO - Sync 1 DAGs
[2023-04-23T11:51:35.978+0000] {logging_mixin.py:137} INFO - [2023-04-23T11:51:35.977+0000] {dag.py:3456} INFO - Setting next_dagrun for example_short_circuit_operator to 2023-04-22T11:51:35.977779+00:00, run_after=2023-04-23T11:51:35.977779+00:00
[2023-04-23T11:51:36.015+0000] {processor.py:175} INFO - Processing /home/airflow/.local/lib/python3.7/site-packages/airflow/example_dags/example_short_circuit_operator.py took 0.166 seconds
[2023-04-23T11:52:29.656+0000] {processor.py:153} INFO - Started process (PID=77) to work on /home/airflow/.local/lib/python3.7/site-packages/airflow/example_dags/example_short_circuit_operator.py
[2023-04-23T11:52:29.661+0000] {processor.py:743} INFO - Processing file /home/airflow/.local/lib/python3.7/site-packages/airflow/example_dags/example_short_circuit_operator.py for tasks to queue
[2023-04-23T11:52:29.661+0000] {logging_mixin.py:137} INFO - [2023-04-23T11:52:29.661+0000] {dagbag.py:532} INFO - Filling up the DagBag from /home/airflow/.local/lib/python3.7/site-packages/airflow/example_dags/example_short_circuit_operator.py
[2023-04-23T11:52:29.682+0000] {processor.py:753} INFO - DAG(s) dict_keys(['example_short_circuit_operator']) retrieved from /home/airflow/.local/lib/python3.7/site-packages/airflow/example_dags/example_short_circuit_operator.py
[2023-04-23T11:52:29.754+0000] {logging_mixin.py:137} INFO - [2023-04-23T11:52:29.754+0000] {dag.py:2705} INFO - Sync 1 DAGs
[2023-04-23T11:52:29.842+0000] {logging_mixin.py:137} INFO - [2023-04-23T11:52:29.842+0000] {dag.py:3456} INFO - Setting next_dagrun for example_short_circuit_operator to 2023-04-22T11:52:29.842203+00:00, run_after=2023-04-23T11:52:29.842203+00:00
[2023-04-23T11:52:29.905+0000] {processor.py:175} INFO - Processing /home/airflow/.local/lib/python3.7/site-packages/airflow/example_dags/example_short_circuit_operator.py took 0.254 seconds
[2023-04-23T11:52:50.234+0000] {processor.py:153} INFO - Started process (PID=71) to work on /home/airflow/.local/lib/python3.7/site-packages/airflow/example_dags/example_short_circuit_operator.py
[2023-04-23T11:52:50.237+0000] {processor.py:743} INFO - Processing file /home/airflow/.local/lib/python3.7/site-packages/airflow/example_dags/example_short_circuit_operator.py for tasks to queue
[2023-04-23T11:52:50.238+0000] {logging_mixin.py:137} INFO - [2023-04-23T11:52:50.238+0000] {dagbag.py:532} INFO - Filling up the DagBag from /home/airflow/.local/lib/python3.7/site-packages/airflow/example_dags/example_short_circuit_operator.py
[2023-04-23T11:52:50.254+0000] {processor.py:753} INFO - DAG(s) dict_keys(['example_short_circuit_operator']) retrieved from /home/airflow/.local/lib/python3.7/site-packages/airflow/example_dags/example_short_circuit_operator.py
[2023-04-23T11:52:50.273+0000] {logging_mixin.py:137} INFO - [2023-04-23T11:52:50.273+0000] {dag.py:2705} INFO - Sync 1 DAGs
[2023-04-23T11:52:50.292+0000] {logging_mixin.py:137} INFO - [2023-04-23T11:52:50.292+0000] {dag.py:3456} INFO - Setting next_dagrun for example_short_circuit_operator to 2023-04-22T11:52:50.291951+00:00, run_after=2023-04-23T11:52:50.291951+00:00
[2023-04-23T11:52:50.316+0000] {processor.py:175} INFO - Processing /home/airflow/.local/lib/python3.7/site-packages/airflow/example_dags/example_short_circuit_operator.py took 0.097 seconds
[2023-04-23T12:02:43.853+0000] {processor.py:153} INFO - Started process (PID=78) to work on /home/airflow/.local/lib/python3.7/site-packages/airflow/example_dags/example_short_circuit_operator.py
[2023-04-23T12:02:43.854+0000] {processor.py:743} INFO - Processing file /home/airflow/.local/lib/python3.7/site-packages/airflow/example_dags/example_short_circuit_operator.py for tasks to queue
[2023-04-23T12:02:43.855+0000] {logging_mixin.py:137} INFO - [2023-04-23T12:02:43.855+0000] {dagbag.py:532} INFO - Filling up the DagBag from /home/airflow/.local/lib/python3.7/site-packages/airflow/example_dags/example_short_circuit_operator.py
[2023-04-23T12:02:43.885+0000] {processor.py:753} INFO - DAG(s) dict_keys(['example_short_circuit_operator']) retrieved from /home/airflow/.local/lib/python3.7/site-packages/airflow/example_dags/example_short_circuit_operator.py
[2023-04-23T12:02:43.923+0000] {logging_mixin.py:137} INFO - [2023-04-23T12:02:43.923+0000] {dag.py:2705} INFO - Sync 1 DAGs
[2023-04-23T12:02:44.024+0000] {logging_mixin.py:137} INFO - [2023-04-23T12:02:44.023+0000] {dag.py:3456} INFO - Setting next_dagrun for example_short_circuit_operator to 2023-04-22T12:02:44.023808+00:00, run_after=2023-04-23T12:02:44.023808+00:00
[2023-04-23T12:02:44.111+0000] {processor.py:175} INFO - Processing /home/airflow/.local/lib/python3.7/site-packages/airflow/example_dags/example_short_circuit_operator.py took 0.260 seconds
[2023-04-23T12:03:07.719+0000] {processor.py:153} INFO - Started process (PID=71) to work on /home/airflow/.local/lib/python3.7/site-packages/airflow/example_dags/example_short_circuit_operator.py
[2023-04-23T12:03:07.724+0000] {processor.py:743} INFO - Processing file /home/airflow/.local/lib/python3.7/site-packages/airflow/example_dags/example_short_circuit_operator.py for tasks to queue
[2023-04-23T12:03:07.725+0000] {logging_mixin.py:137} INFO - [2023-04-23T12:03:07.725+0000] {dagbag.py:532} INFO - Filling up the DagBag from /home/airflow/.local/lib/python3.7/site-packages/airflow/example_dags/example_short_circuit_operator.py
[2023-04-23T12:03:07.838+0000] {processor.py:753} INFO - DAG(s) dict_keys(['example_short_circuit_operator']) retrieved from /home/airflow/.local/lib/python3.7/site-packages/airflow/example_dags/example_short_circuit_operator.py
[2023-04-23T12:03:07.918+0000] {logging_mixin.py:137} INFO - [2023-04-23T12:03:07.917+0000] {dag.py:2705} INFO - Sync 1 DAGs
[2023-04-23T12:03:07.997+0000] {logging_mixin.py:137} INFO - [2023-04-23T12:03:07.996+0000] {dag.py:3456} INFO - Setting next_dagrun for example_short_circuit_operator to 2023-04-22T12:03:07.994716+00:00, run_after=2023-04-23T12:03:07.994716+00:00
[2023-04-23T12:03:08.103+0000] {processor.py:175} INFO - Processing /home/airflow/.local/lib/python3.7/site-packages/airflow/example_dags/example_short_circuit_operator.py took 0.397 seconds
[2023-04-23T12:10:09.790+0000] {processor.py:153} INFO - Started process (PID=79) to work on /home/airflow/.local/lib/python3.7/site-packages/airflow/example_dags/example_short_circuit_operator.py
[2023-04-23T12:10:09.791+0000] {processor.py:743} INFO - Processing file /home/airflow/.local/lib/python3.7/site-packages/airflow/example_dags/example_short_circuit_operator.py for tasks to queue
[2023-04-23T12:10:09.792+0000] {logging_mixin.py:137} INFO - [2023-04-23T12:10:09.792+0000] {dagbag.py:532} INFO - Filling up the DagBag from /home/airflow/.local/lib/python3.7/site-packages/airflow/example_dags/example_short_circuit_operator.py
[2023-04-23T12:10:09.817+0000] {processor.py:753} INFO - DAG(s) dict_keys(['example_short_circuit_operator']) retrieved from /home/airflow/.local/lib/python3.7/site-packages/airflow/example_dags/example_short_circuit_operator.py
[2023-04-23T12:10:09.839+0000] {logging_mixin.py:137} INFO - [2023-04-23T12:10:09.839+0000] {dag.py:2705} INFO - Sync 1 DAGs
[2023-04-23T12:10:09.862+0000] {logging_mixin.py:137} INFO - [2023-04-23T12:10:09.862+0000] {dag.py:3456} INFO - Setting next_dagrun for example_short_circuit_operator to 2023-04-22T12:10:09.861749+00:00, run_after=2023-04-23T12:10:09.861749+00:00
[2023-04-23T12:10:09.893+0000] {processor.py:175} INFO - Processing /home/airflow/.local/lib/python3.7/site-packages/airflow/example_dags/example_short_circuit_operator.py took 0.107 seconds
[2023-04-23T12:14:18.706+0000] {processor.py:153} INFO - Started process (PID=71) to work on /home/airflow/.local/lib/python3.7/site-packages/airflow/example_dags/example_short_circuit_operator.py
[2023-04-23T12:14:18.709+0000] {processor.py:743} INFO - Processing file /home/airflow/.local/lib/python3.7/site-packages/airflow/example_dags/example_short_circuit_operator.py for tasks to queue
[2023-04-23T12:14:18.711+0000] {logging_mixin.py:137} INFO - [2023-04-23T12:14:18.710+0000] {dagbag.py:532} INFO - Filling up the DagBag from /home/airflow/.local/lib/python3.7/site-packages/airflow/example_dags/example_short_circuit_operator.py
[2023-04-23T12:14:18.831+0000] {processor.py:753} INFO - DAG(s) dict_keys(['example_short_circuit_operator']) retrieved from /home/airflow/.local/lib/python3.7/site-packages/airflow/example_dags/example_short_circuit_operator.py
[2023-04-23T12:14:18.935+0000] {logging_mixin.py:137} INFO - [2023-04-23T12:14:18.935+0000] {dag.py:2705} INFO - Sync 1 DAGs
[2023-04-23T12:14:18.998+0000] {logging_mixin.py:137} INFO - [2023-04-23T12:14:18.997+0000] {dag.py:3456} INFO - Setting next_dagrun for example_short_circuit_operator to 2023-04-22T12:14:18.995996+00:00, run_after=2023-04-23T12:14:18.995996+00:00
[2023-04-23T12:14:19.055+0000] {processor.py:175} INFO - Processing /home/airflow/.local/lib/python3.7/site-packages/airflow/example_dags/example_short_circuit_operator.py took 0.357 seconds
[2023-04-23T12:16:06.206+0000] {processor.py:153} INFO - Started process (PID=80) to work on /home/airflow/.local/lib/python3.7/site-packages/airflow/example_dags/example_short_circuit_operator.py
[2023-04-23T12:16:06.208+0000] {processor.py:743} INFO - Processing file /home/airflow/.local/lib/python3.7/site-packages/airflow/example_dags/example_short_circuit_operator.py for tasks to queue
[2023-04-23T12:16:06.209+0000] {logging_mixin.py:137} INFO - [2023-04-23T12:16:06.208+0000] {dagbag.py:532} INFO - Filling up the DagBag from /home/airflow/.local/lib/python3.7/site-packages/airflow/example_dags/example_short_circuit_operator.py
[2023-04-23T12:16:06.352+0000] {processor.py:753} INFO - DAG(s) dict_keys(['example_short_circuit_operator']) retrieved from /home/airflow/.local/lib/python3.7/site-packages/airflow/example_dags/example_short_circuit_operator.py
[2023-04-23T12:16:10.574+0000] {logging_mixin.py:137} INFO - [2023-04-23T12:16:10.573+0000] {dag.py:2705} INFO - Sync 1 DAGs
[2023-04-23T12:16:37.440+0000] {processor.py:153} INFO - Started process (PID=71) to work on /home/airflow/.local/lib/python3.7/site-packages/airflow/example_dags/example_short_circuit_operator.py
[2023-04-23T12:16:37.440+0000] {processor.py:743} INFO - Processing file /home/airflow/.local/lib/python3.7/site-packages/airflow/example_dags/example_short_circuit_operator.py for tasks to queue
[2023-04-23T12:16:37.441+0000] {logging_mixin.py:137} INFO - [2023-04-23T12:16:37.441+0000] {dagbag.py:532} INFO - Filling up the DagBag from /home/airflow/.local/lib/python3.7/site-packages/airflow/example_dags/example_short_circuit_operator.py
[2023-04-23T12:16:37.454+0000] {processor.py:753} INFO - DAG(s) dict_keys(['example_short_circuit_operator']) retrieved from /home/airflow/.local/lib/python3.7/site-packages/airflow/example_dags/example_short_circuit_operator.py
[2023-04-23T12:16:37.475+0000] {logging_mixin.py:137} INFO - [2023-04-23T12:16:37.475+0000] {dag.py:2705} INFO - Sync 1 DAGs
[2023-04-23T12:16:37.496+0000] {logging_mixin.py:137} INFO - [2023-04-23T12:16:37.495+0000] {dag.py:3456} INFO - Setting next_dagrun for example_short_circuit_operator to 2023-04-22T12:16:37.495466+00:00, run_after=2023-04-23T12:16:37.495466+00:00
[2023-04-23T12:16:37.509+0000] {processor.py:175} INFO - Processing /home/airflow/.local/lib/python3.7/site-packages/airflow/example_dags/example_short_circuit_operator.py took 0.072 seconds
[2023-04-23T12:17:13.819+0000] {processor.py:153} INFO - Started process (PID=71) to work on /home/airflow/.local/lib/python3.7/site-packages/airflow/example_dags/example_short_circuit_operator.py
[2023-04-23T12:17:13.819+0000] {processor.py:743} INFO - Processing file /home/airflow/.local/lib/python3.7/site-packages/airflow/example_dags/example_short_circuit_operator.py for tasks to queue
[2023-04-23T12:17:13.820+0000] {logging_mixin.py:137} INFO - [2023-04-23T12:17:13.820+0000] {dagbag.py:532} INFO - Filling up the DagBag from /home/airflow/.local/lib/python3.7/site-packages/airflow/example_dags/example_short_circuit_operator.py
[2023-04-23T12:17:13.834+0000] {processor.py:753} INFO - DAG(s) dict_keys(['example_short_circuit_operator']) retrieved from /home/airflow/.local/lib/python3.7/site-packages/airflow/example_dags/example_short_circuit_operator.py
[2023-04-23T12:17:13.859+0000] {logging_mixin.py:137} INFO - [2023-04-23T12:17:13.859+0000] {dag.py:2705} INFO - Sync 1 DAGs
[2023-04-23T12:17:13.880+0000] {logging_mixin.py:137} INFO - [2023-04-23T12:17:13.880+0000] {dag.py:3456} INFO - Setting next_dagrun for example_short_circuit_operator to 2023-04-22T12:17:13.880256+00:00, run_after=2023-04-23T12:17:13.880256+00:00
[2023-04-23T12:17:13.896+0000] {processor.py:175} INFO - Processing /home/airflow/.local/lib/python3.7/site-packages/airflow/example_dags/example_short_circuit_operator.py took 0.080 seconds
[2023-04-23T12:18:00.608+0000] {processor.py:153} INFO - Started process (PID=71) to work on /home/airflow/.local/lib/python3.7/site-packages/airflow/example_dags/example_short_circuit_operator.py
[2023-04-23T12:18:00.610+0000] {processor.py:743} INFO - Processing file /home/airflow/.local/lib/python3.7/site-packages/airflow/example_dags/example_short_circuit_operator.py for tasks to queue
[2023-04-23T12:18:00.612+0000] {logging_mixin.py:137} INFO - [2023-04-23T12:18:00.612+0000] {dagbag.py:532} INFO - Filling up the DagBag from /home/airflow/.local/lib/python3.7/site-packages/airflow/example_dags/example_short_circuit_operator.py
[2023-04-23T12:18:00.666+0000] {processor.py:753} INFO - DAG(s) dict_keys(['example_short_circuit_operator']) retrieved from /home/airflow/.local/lib/python3.7/site-packages/airflow/example_dags/example_short_circuit_operator.py
[2023-04-23T12:18:00.694+0000] {logging_mixin.py:137} INFO - [2023-04-23T12:18:00.694+0000] {dag.py:2705} INFO - Sync 1 DAGs
[2023-04-23T12:18:00.774+0000] {logging_mixin.py:137} INFO - [2023-04-23T12:18:00.774+0000] {dag.py:3456} INFO - Setting next_dagrun for example_short_circuit_operator to 2023-04-22T12:18:00.773284+00:00, run_after=2023-04-23T12:18:00.773284+00:00
[2023-04-23T12:18:00.811+0000] {processor.py:175} INFO - Processing /home/airflow/.local/lib/python3.7/site-packages/airflow/example_dags/example_short_circuit_operator.py took 0.206 seconds
[2023-04-23T12:18:55.602+0000] {processor.py:153} INFO - Started process (PID=78) to work on /home/airflow/.local/lib/python3.7/site-packages/airflow/example_dags/example_short_circuit_operator.py
[2023-04-23T12:18:55.607+0000] {processor.py:743} INFO - Processing file /home/airflow/.local/lib/python3.7/site-packages/airflow/example_dags/example_short_circuit_operator.py for tasks to queue
[2023-04-23T12:18:55.608+0000] {logging_mixin.py:137} INFO - [2023-04-23T12:18:55.608+0000] {dagbag.py:532} INFO - Filling up the DagBag from /home/airflow/.local/lib/python3.7/site-packages/airflow/example_dags/example_short_circuit_operator.py
[2023-04-23T12:18:55.627+0000] {processor.py:753} INFO - DAG(s) dict_keys(['example_short_circuit_operator']) retrieved from /home/airflow/.local/lib/python3.7/site-packages/airflow/example_dags/example_short_circuit_operator.py
[2023-04-23T12:18:55.663+0000] {logging_mixin.py:137} INFO - [2023-04-23T12:18:55.662+0000] {dag.py:2705} INFO - Sync 1 DAGs
[2023-04-23T12:18:55.720+0000] {logging_mixin.py:137} INFO - [2023-04-23T12:18:55.720+0000] {dag.py:3456} INFO - Setting next_dagrun for example_short_circuit_operator to 2023-04-22T12:18:55.720131+00:00, run_after=2023-04-23T12:18:55.720131+00:00
[2023-04-23T12:18:55.754+0000] {processor.py:175} INFO - Processing /home/airflow/.local/lib/python3.7/site-packages/airflow/example_dags/example_short_circuit_operator.py took 0.154 seconds
[2023-04-23T12:19:50.551+0000] {processor.py:153} INFO - Started process (PID=71) to work on /home/airflow/.local/lib/python3.7/site-packages/airflow/example_dags/example_short_circuit_operator.py
[2023-04-23T12:19:50.552+0000] {processor.py:743} INFO - Processing file /home/airflow/.local/lib/python3.7/site-packages/airflow/example_dags/example_short_circuit_operator.py for tasks to queue
[2023-04-23T12:19:50.553+0000] {logging_mixin.py:137} INFO - [2023-04-23T12:19:50.552+0000] {dagbag.py:532} INFO - Filling up the DagBag from /home/airflow/.local/lib/python3.7/site-packages/airflow/example_dags/example_short_circuit_operator.py
[2023-04-23T12:19:50.565+0000] {processor.py:753} INFO - DAG(s) dict_keys(['example_short_circuit_operator']) retrieved from /home/airflow/.local/lib/python3.7/site-packages/airflow/example_dags/example_short_circuit_operator.py
[2023-04-23T12:19:50.585+0000] {logging_mixin.py:137} INFO - [2023-04-23T12:19:50.585+0000] {dag.py:2705} INFO - Sync 1 DAGs
[2023-04-23T12:19:50.604+0000] {logging_mixin.py:137} INFO - [2023-04-23T12:19:50.604+0000] {dag.py:3456} INFO - Setting next_dagrun for example_short_circuit_operator to 2023-04-22T12:19:50.604576+00:00, run_after=2023-04-23T12:19:50.604576+00:00
[2023-04-23T12:19:50.619+0000] {processor.py:175} INFO - Processing /home/airflow/.local/lib/python3.7/site-packages/airflow/example_dags/example_short_circuit_operator.py took 0.070 seconds
[2023-04-23T12:23:29.321+0000] {processor.py:153} INFO - Started process (PID=71) to work on /home/airflow/.local/lib/python3.7/site-packages/airflow/example_dags/example_short_circuit_operator.py
[2023-04-23T12:23:29.322+0000] {processor.py:743} INFO - Processing file /home/airflow/.local/lib/python3.7/site-packages/airflow/example_dags/example_short_circuit_operator.py for tasks to queue
[2023-04-23T12:23:29.323+0000] {logging_mixin.py:137} INFO - [2023-04-23T12:23:29.323+0000] {dagbag.py:532} INFO - Filling up the DagBag from /home/airflow/.local/lib/python3.7/site-packages/airflow/example_dags/example_short_circuit_operator.py
[2023-04-23T12:23:29.363+0000] {processor.py:753} INFO - DAG(s) dict_keys(['example_short_circuit_operator']) retrieved from /home/airflow/.local/lib/python3.7/site-packages/airflow/example_dags/example_short_circuit_operator.py
[2023-04-23T12:23:29.442+0000] {logging_mixin.py:137} INFO - [2023-04-23T12:23:29.441+0000] {dag.py:2705} INFO - Sync 1 DAGs
[2023-04-23T12:23:29.495+0000] {logging_mixin.py:137} INFO - [2023-04-23T12:23:29.493+0000] {dag.py:3456} INFO - Setting next_dagrun for example_short_circuit_operator to 2023-04-22T12:23:29.493291+00:00, run_after=2023-04-23T12:23:29.493291+00:00
[2023-04-23T12:23:29.572+0000] {processor.py:175} INFO - Processing /home/airflow/.local/lib/python3.7/site-packages/airflow/example_dags/example_short_circuit_operator.py took 0.254 seconds
[2023-04-23T12:24:10.016+0000] {processor.py:153} INFO - Started process (PID=71) to work on /home/airflow/.local/lib/python3.7/site-packages/airflow/example_dags/example_short_circuit_operator.py
[2023-04-23T12:24:10.017+0000] {processor.py:743} INFO - Processing file /home/airflow/.local/lib/python3.7/site-packages/airflow/example_dags/example_short_circuit_operator.py for tasks to queue
[2023-04-23T12:24:10.018+0000] {logging_mixin.py:137} INFO - [2023-04-23T12:24:10.018+0000] {dagbag.py:532} INFO - Filling up the DagBag from /home/airflow/.local/lib/python3.7/site-packages/airflow/example_dags/example_short_circuit_operator.py
[2023-04-23T12:24:10.043+0000] {processor.py:753} INFO - DAG(s) dict_keys(['example_short_circuit_operator']) retrieved from /home/airflow/.local/lib/python3.7/site-packages/airflow/example_dags/example_short_circuit_operator.py
[2023-04-23T12:24:10.082+0000] {logging_mixin.py:137} INFO - [2023-04-23T12:24:10.081+0000] {dag.py:2705} INFO - Sync 1 DAGs
[2023-04-23T12:24:10.124+0000] {logging_mixin.py:137} INFO - [2023-04-23T12:24:10.124+0000] {dag.py:3456} INFO - Setting next_dagrun for example_short_circuit_operator to 2023-04-22T12:24:10.124493+00:00, run_after=2023-04-23T12:24:10.124493+00:00
[2023-04-23T12:24:10.188+0000] {processor.py:175} INFO - Processing /home/airflow/.local/lib/python3.7/site-packages/airflow/example_dags/example_short_circuit_operator.py took 0.176 seconds
[2023-04-23T12:25:36.761+0000] {processor.py:153} INFO - Started process (PID=71) to work on /home/airflow/.local/lib/python3.7/site-packages/airflow/example_dags/example_short_circuit_operator.py
[2023-04-23T12:25:36.762+0000] {processor.py:743} INFO - Processing file /home/airflow/.local/lib/python3.7/site-packages/airflow/example_dags/example_short_circuit_operator.py for tasks to queue
[2023-04-23T12:25:36.763+0000] {logging_mixin.py:137} INFO - [2023-04-23T12:25:36.763+0000] {dagbag.py:532} INFO - Filling up the DagBag from /home/airflow/.local/lib/python3.7/site-packages/airflow/example_dags/example_short_circuit_operator.py
[2023-04-23T12:25:36.813+0000] {processor.py:753} INFO - DAG(s) dict_keys(['example_short_circuit_operator']) retrieved from /home/airflow/.local/lib/python3.7/site-packages/airflow/example_dags/example_short_circuit_operator.py
[2023-04-23T12:25:36.840+0000] {logging_mixin.py:137} INFO - [2023-04-23T12:25:36.840+0000] {dag.py:2705} INFO - Sync 1 DAGs
[2023-04-23T12:25:36.861+0000] {logging_mixin.py:137} INFO - [2023-04-23T12:25:36.861+0000] {dag.py:3456} INFO - Setting next_dagrun for example_short_circuit_operator to 2023-04-22T12:25:36.859956+00:00, run_after=2023-04-23T12:25:36.859956+00:00
[2023-04-23T12:25:36.901+0000] {processor.py:175} INFO - Processing /home/airflow/.local/lib/python3.7/site-packages/airflow/example_dags/example_short_circuit_operator.py took 0.147 seconds
[2023-04-23T12:26:23.529+0000] {processor.py:153} INFO - Started process (PID=71) to work on /home/airflow/.local/lib/python3.7/site-packages/airflow/example_dags/example_short_circuit_operator.py
[2023-04-23T12:26:23.531+0000] {processor.py:743} INFO - Processing file /home/airflow/.local/lib/python3.7/site-packages/airflow/example_dags/example_short_circuit_operator.py for tasks to queue
[2023-04-23T12:26:23.534+0000] {logging_mixin.py:137} INFO - [2023-04-23T12:26:23.534+0000] {dagbag.py:532} INFO - Filling up the DagBag from /home/airflow/.local/lib/python3.7/site-packages/airflow/example_dags/example_short_circuit_operator.py
[2023-04-23T12:26:23.559+0000] {processor.py:753} INFO - DAG(s) dict_keys(['example_short_circuit_operator']) retrieved from /home/airflow/.local/lib/python3.7/site-packages/airflow/example_dags/example_short_circuit_operator.py
[2023-04-23T12:26:23.605+0000] {logging_mixin.py:137} INFO - [2023-04-23T12:26:23.605+0000] {dag.py:2705} INFO - Sync 1 DAGs
[2023-04-23T12:26:23.641+0000] {logging_mixin.py:137} INFO - [2023-04-23T12:26:23.641+0000] {dag.py:3456} INFO - Setting next_dagrun for example_short_circuit_operator to 2023-04-22T12:26:23.640425+00:00, run_after=2023-04-23T12:26:23.640425+00:00
[2023-04-23T12:26:23.669+0000] {processor.py:175} INFO - Processing /home/airflow/.local/lib/python3.7/site-packages/airflow/example_dags/example_short_circuit_operator.py took 0.146 seconds
[2023-04-23T13:08:11.462+0000] {processor.py:153} INFO - Started process (PID=71) to work on /home/airflow/.local/lib/python3.7/site-packages/airflow/example_dags/example_short_circuit_operator.py
[2023-04-23T13:08:11.463+0000] {processor.py:743} INFO - Processing file /home/airflow/.local/lib/python3.7/site-packages/airflow/example_dags/example_short_circuit_operator.py for tasks to queue
[2023-04-23T13:08:11.463+0000] {logging_mixin.py:137} INFO - [2023-04-23T13:08:11.463+0000] {dagbag.py:532} INFO - Filling up the DagBag from /home/airflow/.local/lib/python3.7/site-packages/airflow/example_dags/example_short_circuit_operator.py
[2023-04-23T13:08:11.490+0000] {processor.py:753} INFO - DAG(s) dict_keys(['example_short_circuit_operator']) retrieved from /home/airflow/.local/lib/python3.7/site-packages/airflow/example_dags/example_short_circuit_operator.py
[2023-04-23T13:08:11.521+0000] {logging_mixin.py:137} INFO - [2023-04-23T13:08:11.521+0000] {dag.py:2705} INFO - Sync 1 DAGs
[2023-04-23T13:08:11.544+0000] {logging_mixin.py:137} INFO - [2023-04-23T13:08:11.544+0000] {dag.py:3456} INFO - Setting next_dagrun for example_short_circuit_operator to 2023-04-22T13:08:11.544066+00:00, run_after=2023-04-23T13:08:11.544066+00:00
[2023-04-23T13:08:11.560+0000] {processor.py:175} INFO - Processing /home/airflow/.local/lib/python3.7/site-packages/airflow/example_dags/example_short_circuit_operator.py took 0.101 seconds
[2023-04-23T15:24:43.527+0000] {processor.py:153} INFO - Started process (PID=71) to work on /home/airflow/.local/lib/python3.7/site-packages/airflow/example_dags/example_short_circuit_operator.py
[2023-04-23T15:24:43.529+0000] {processor.py:743} INFO - Processing file /home/airflow/.local/lib/python3.7/site-packages/airflow/example_dags/example_short_circuit_operator.py for tasks to queue
[2023-04-23T15:24:43.540+0000] {logging_mixin.py:137} INFO - [2023-04-23T15:24:43.540+0000] {dagbag.py:532} INFO - Filling up the DagBag from /home/airflow/.local/lib/python3.7/site-packages/airflow/example_dags/example_short_circuit_operator.py
[2023-04-23T15:24:43.647+0000] {processor.py:753} INFO - DAG(s) dict_keys(['example_short_circuit_operator']) retrieved from /home/airflow/.local/lib/python3.7/site-packages/airflow/example_dags/example_short_circuit_operator.py
[2023-04-23T15:24:43.782+0000] {logging_mixin.py:137} INFO - [2023-04-23T15:24:43.781+0000] {dag.py:2705} INFO - Sync 1 DAGs
[2023-04-23T15:24:43.933+0000] {logging_mixin.py:137} INFO - [2023-04-23T15:24:43.926+0000] {dag.py:3456} INFO - Setting next_dagrun for example_short_circuit_operator to 2023-04-22T15:24:43.921455+00:00, run_after=2023-04-23T15:24:43.921455+00:00
[2023-04-23T15:24:44.023+0000] {processor.py:175} INFO - Processing /home/airflow/.local/lib/python3.7/site-packages/airflow/example_dags/example_short_circuit_operator.py took 0.517 seconds
[2023-04-23T15:28:50.201+0000] {processor.py:153} INFO - Started process (PID=80) to work on /home/airflow/.local/lib/python3.7/site-packages/airflow/example_dags/example_short_circuit_operator.py
[2023-04-23T15:28:50.202+0000] {processor.py:743} INFO - Processing file /home/airflow/.local/lib/python3.7/site-packages/airflow/example_dags/example_short_circuit_operator.py for tasks to queue
[2023-04-23T15:28:50.204+0000] {logging_mixin.py:137} INFO - [2023-04-23T15:28:50.204+0000] {dagbag.py:532} INFO - Filling up the DagBag from /home/airflow/.local/lib/python3.7/site-packages/airflow/example_dags/example_short_circuit_operator.py
[2023-04-23T15:28:50.225+0000] {processor.py:753} INFO - DAG(s) dict_keys(['example_short_circuit_operator']) retrieved from /home/airflow/.local/lib/python3.7/site-packages/airflow/example_dags/example_short_circuit_operator.py
[2023-04-23T15:28:50.264+0000] {logging_mixin.py:137} INFO - [2023-04-23T15:28:50.264+0000] {dag.py:2705} INFO - Sync 1 DAGs
[2023-04-23T15:28:50.283+0000] {logging_mixin.py:137} INFO - [2023-04-23T15:28:50.283+0000] {dag.py:3456} INFO - Setting next_dagrun for example_short_circuit_operator to 2023-04-22T15:28:50.283570+00:00, run_after=2023-04-23T15:28:50.283570+00:00
[2023-04-23T15:28:50.296+0000] {processor.py:175} INFO - Processing /home/airflow/.local/lib/python3.7/site-packages/airflow/example_dags/example_short_circuit_operator.py took 0.109 seconds
[2023-04-23T15:30:12.155+0000] {processor.py:153} INFO - Started process (PID=71) to work on /home/airflow/.local/lib/python3.7/site-packages/airflow/example_dags/example_short_circuit_operator.py
[2023-04-23T15:30:12.163+0000] {processor.py:743} INFO - Processing file /home/airflow/.local/lib/python3.7/site-packages/airflow/example_dags/example_short_circuit_operator.py for tasks to queue
[2023-04-23T15:30:12.164+0000] {logging_mixin.py:137} INFO - [2023-04-23T15:30:12.164+0000] {dagbag.py:532} INFO - Filling up the DagBag from /home/airflow/.local/lib/python3.7/site-packages/airflow/example_dags/example_short_circuit_operator.py
[2023-04-23T15:30:12.211+0000] {processor.py:753} INFO - DAG(s) dict_keys(['example_short_circuit_operator']) retrieved from /home/airflow/.local/lib/python3.7/site-packages/airflow/example_dags/example_short_circuit_operator.py
[2023-04-23T15:30:12.275+0000] {logging_mixin.py:137} INFO - [2023-04-23T15:30:12.275+0000] {dag.py:2705} INFO - Sync 1 DAGs
[2023-04-23T15:30:12.330+0000] {logging_mixin.py:137} INFO - [2023-04-23T15:30:12.330+0000] {dag.py:3456} INFO - Setting next_dagrun for example_short_circuit_operator to 2023-04-22T15:30:12.330211+00:00, run_after=2023-04-23T15:30:12.330211+00:00
[2023-04-23T15:30:12.363+0000] {processor.py:175} INFO - Processing /home/airflow/.local/lib/python3.7/site-packages/airflow/example_dags/example_short_circuit_operator.py took 0.213 seconds
[2023-04-23T15:30:46.953+0000] {processor.py:153} INFO - Started process (PID=71) to work on /home/airflow/.local/lib/python3.7/site-packages/airflow/example_dags/example_short_circuit_operator.py
[2023-04-23T15:30:46.954+0000] {processor.py:743} INFO - Processing file /home/airflow/.local/lib/python3.7/site-packages/airflow/example_dags/example_short_circuit_operator.py for tasks to queue
[2023-04-23T15:30:46.955+0000] {logging_mixin.py:137} INFO - [2023-04-23T15:30:46.955+0000] {dagbag.py:532} INFO - Filling up the DagBag from /home/airflow/.local/lib/python3.7/site-packages/airflow/example_dags/example_short_circuit_operator.py
[2023-04-23T15:30:46.970+0000] {processor.py:753} INFO - DAG(s) dict_keys(['example_short_circuit_operator']) retrieved from /home/airflow/.local/lib/python3.7/site-packages/airflow/example_dags/example_short_circuit_operator.py
[2023-04-23T15:30:47.037+0000] {logging_mixin.py:137} INFO - [2023-04-23T15:30:47.037+0000] {dag.py:2705} INFO - Sync 1 DAGs
[2023-04-23T15:30:47.105+0000] {logging_mixin.py:137} INFO - [2023-04-23T15:30:47.102+0000] {dag.py:3456} INFO - Setting next_dagrun for example_short_circuit_operator to 2023-04-22T15:30:47.089295+00:00, run_after=2023-04-23T15:30:47.089295+00:00
[2023-04-23T15:30:47.147+0000] {processor.py:175} INFO - Processing /home/airflow/.local/lib/python3.7/site-packages/airflow/example_dags/example_short_circuit_operator.py took 0.196 seconds
[2023-04-23T15:38:25.857+0000] {processor.py:153} INFO - Started process (PID=73) to work on /home/airflow/.local/lib/python3.7/site-packages/airflow/example_dags/example_short_circuit_operator.py
[2023-04-23T15:38:25.857+0000] {processor.py:743} INFO - Processing file /home/airflow/.local/lib/python3.7/site-packages/airflow/example_dags/example_short_circuit_operator.py for tasks to queue
[2023-04-23T15:38:25.858+0000] {logging_mixin.py:137} INFO - [2023-04-23T15:38:25.858+0000] {dagbag.py:532} INFO - Filling up the DagBag from /home/airflow/.local/lib/python3.7/site-packages/airflow/example_dags/example_short_circuit_operator.py
[2023-04-23T15:38:25.879+0000] {processor.py:753} INFO - DAG(s) dict_keys(['example_short_circuit_operator']) retrieved from /home/airflow/.local/lib/python3.7/site-packages/airflow/example_dags/example_short_circuit_operator.py
[2023-04-23T15:38:25.896+0000] {logging_mixin.py:137} INFO - [2023-04-23T15:38:25.896+0000] {dag.py:2705} INFO - Sync 1 DAGs
[2023-04-23T15:38:25.912+0000] {logging_mixin.py:137} INFO - [2023-04-23T15:38:25.912+0000] {dag.py:3456} INFO - Setting next_dagrun for example_short_circuit_operator to 2023-04-22T15:38:25.912143+00:00, run_after=2023-04-23T15:38:25.912143+00:00
[2023-04-23T15:38:25.923+0000] {processor.py:175} INFO - Processing /home/airflow/.local/lib/python3.7/site-packages/airflow/example_dags/example_short_circuit_operator.py took 0.068 seconds
[2023-04-23T19:25:57.187+0000] {processor.py:153} INFO - Started process (PID=71) to work on /home/airflow/.local/lib/python3.7/site-packages/airflow/example_dags/example_short_circuit_operator.py
[2023-04-23T19:25:57.191+0000] {processor.py:743} INFO - Processing file /home/airflow/.local/lib/python3.7/site-packages/airflow/example_dags/example_short_circuit_operator.py for tasks to queue
[2023-04-23T19:25:57.191+0000] {logging_mixin.py:137} INFO - [2023-04-23T19:25:57.191+0000] {dagbag.py:532} INFO - Filling up the DagBag from /home/airflow/.local/lib/python3.7/site-packages/airflow/example_dags/example_short_circuit_operator.py
[2023-04-23T19:25:57.218+0000] {processor.py:753} INFO - DAG(s) dict_keys(['example_short_circuit_operator']) retrieved from /home/airflow/.local/lib/python3.7/site-packages/airflow/example_dags/example_short_circuit_operator.py
[2023-04-23T19:25:57.383+0000] {logging_mixin.py:137} INFO - [2023-04-23T19:25:57.374+0000] {dag.py:2705} INFO - Sync 1 DAGs
[2023-04-23T19:25:57.480+0000] {logging_mixin.py:137} INFO - [2023-04-23T19:25:57.480+0000] {dag.py:3456} INFO - Setting next_dagrun for example_short_circuit_operator to 2023-04-22T19:25:57.479771+00:00, run_after=2023-04-23T19:25:57.479771+00:00
[2023-04-23T19:25:57.967+0000] {processor.py:175} INFO - Processing /home/airflow/.local/lib/python3.7/site-packages/airflow/example_dags/example_short_circuit_operator.py took 0.804 seconds
[2023-04-23T19:30:40.447+0000] {processor.py:153} INFO - Started process (PID=71) to work on /home/airflow/.local/lib/python3.7/site-packages/airflow/example_dags/example_short_circuit_operator.py
[2023-04-23T19:30:40.456+0000] {processor.py:743} INFO - Processing file /home/airflow/.local/lib/python3.7/site-packages/airflow/example_dags/example_short_circuit_operator.py for tasks to queue
[2023-04-23T19:30:40.460+0000] {logging_mixin.py:137} INFO - [2023-04-23T19:30:40.459+0000] {dagbag.py:532} INFO - Filling up the DagBag from /home/airflow/.local/lib/python3.7/site-packages/airflow/example_dags/example_short_circuit_operator.py
[2023-04-23T19:30:40.510+0000] {processor.py:753} INFO - DAG(s) dict_keys(['example_short_circuit_operator']) retrieved from /home/airflow/.local/lib/python3.7/site-packages/airflow/example_dags/example_short_circuit_operator.py
[2023-04-23T19:30:40.601+0000] {logging_mixin.py:137} INFO - [2023-04-23T19:30:40.601+0000] {dag.py:2705} INFO - Sync 1 DAGs
[2023-04-23T19:30:40.677+0000] {logging_mixin.py:137} INFO - [2023-04-23T19:30:40.677+0000] {dag.py:3456} INFO - Setting next_dagrun for example_short_circuit_operator to 2023-04-22T19:30:40.672987+00:00, run_after=2023-04-23T19:30:40.672987+00:00
[2023-04-23T19:30:40.747+0000] {processor.py:175} INFO - Processing /home/airflow/.local/lib/python3.7/site-packages/airflow/example_dags/example_short_circuit_operator.py took 0.305 seconds
[2023-04-23T19:37:41.611+0000] {processor.py:153} INFO - Started process (PID=78) to work on /home/airflow/.local/lib/python3.7/site-packages/airflow/example_dags/example_short_circuit_operator.py
[2023-04-23T19:37:41.612+0000] {processor.py:743} INFO - Processing file /home/airflow/.local/lib/python3.7/site-packages/airflow/example_dags/example_short_circuit_operator.py for tasks to queue
[2023-04-23T19:37:41.615+0000] {logging_mixin.py:137} INFO - [2023-04-23T19:37:41.615+0000] {dagbag.py:532} INFO - Filling up the DagBag from /home/airflow/.local/lib/python3.7/site-packages/airflow/example_dags/example_short_circuit_operator.py
[2023-04-23T19:37:41.632+0000] {processor.py:753} INFO - DAG(s) dict_keys(['example_short_circuit_operator']) retrieved from /home/airflow/.local/lib/python3.7/site-packages/airflow/example_dags/example_short_circuit_operator.py
[2023-04-23T19:37:41.685+0000] {logging_mixin.py:137} INFO - [2023-04-23T19:37:41.685+0000] {dag.py:2705} INFO - Sync 1 DAGs
[2023-04-23T19:37:41.721+0000] {logging_mixin.py:137} INFO - [2023-04-23T19:37:41.721+0000] {dag.py:3456} INFO - Setting next_dagrun for example_short_circuit_operator to 2023-04-22T19:37:41.721313+00:00, run_after=2023-04-23T19:37:41.721313+00:00
[2023-04-23T19:37:41.749+0000] {processor.py:175} INFO - Processing /home/airflow/.local/lib/python3.7/site-packages/airflow/example_dags/example_short_circuit_operator.py took 0.140 seconds
[2023-04-23T19:38:18.383+0000] {processor.py:153} INFO - Started process (PID=71) to work on /home/airflow/.local/lib/python3.7/site-packages/airflow/example_dags/example_short_circuit_operator.py
[2023-04-23T19:38:18.385+0000] {processor.py:743} INFO - Processing file /home/airflow/.local/lib/python3.7/site-packages/airflow/example_dags/example_short_circuit_operator.py for tasks to queue
[2023-04-23T19:38:18.387+0000] {logging_mixin.py:137} INFO - [2023-04-23T19:38:18.387+0000] {dagbag.py:532} INFO - Filling up the DagBag from /home/airflow/.local/lib/python3.7/site-packages/airflow/example_dags/example_short_circuit_operator.py
[2023-04-23T19:38:35.017+0000] {processor.py:153} INFO - Started process (PID=70) to work on /home/airflow/.local/lib/python3.7/site-packages/airflow/example_dags/example_short_circuit_operator.py
[2023-04-23T19:38:35.018+0000] {processor.py:743} INFO - Processing file /home/airflow/.local/lib/python3.7/site-packages/airflow/example_dags/example_short_circuit_operator.py for tasks to queue
[2023-04-23T19:38:35.019+0000] {logging_mixin.py:137} INFO - [2023-04-23T19:38:35.019+0000] {dagbag.py:532} INFO - Filling up the DagBag from /home/airflow/.local/lib/python3.7/site-packages/airflow/example_dags/example_short_circuit_operator.py
[2023-04-23T19:38:35.046+0000] {processor.py:753} INFO - DAG(s) dict_keys(['example_short_circuit_operator']) retrieved from /home/airflow/.local/lib/python3.7/site-packages/airflow/example_dags/example_short_circuit_operator.py
[2023-04-23T19:38:35.120+0000] {logging_mixin.py:137} INFO - [2023-04-23T19:38:35.119+0000] {dag.py:2705} INFO - Sync 1 DAGs
[2023-04-23T19:38:35.173+0000] {logging_mixin.py:137} INFO - [2023-04-23T19:38:35.169+0000] {dag.py:3456} INFO - Setting next_dagrun for example_short_circuit_operator to 2023-04-22T19:38:35.168833+00:00, run_after=2023-04-23T19:38:35.168833+00:00
[2023-04-23T19:38:35.217+0000] {processor.py:175} INFO - Processing /home/airflow/.local/lib/python3.7/site-packages/airflow/example_dags/example_short_circuit_operator.py took 0.203 seconds
[2023-04-23T19:39:57.796+0000] {processor.py:153} INFO - Started process (PID=71) to work on /home/airflow/.local/lib/python3.7/site-packages/airflow/example_dags/example_short_circuit_operator.py
[2023-04-23T19:39:57.802+0000] {processor.py:743} INFO - Processing file /home/airflow/.local/lib/python3.7/site-packages/airflow/example_dags/example_short_circuit_operator.py for tasks to queue
[2023-04-23T19:39:57.803+0000] {logging_mixin.py:137} INFO - [2023-04-23T19:39:57.803+0000] {dagbag.py:532} INFO - Filling up the DagBag from /home/airflow/.local/lib/python3.7/site-packages/airflow/example_dags/example_short_circuit_operator.py
[2023-04-23T19:39:57.896+0000] {processor.py:753} INFO - DAG(s) dict_keys(['example_short_circuit_operator']) retrieved from /home/airflow/.local/lib/python3.7/site-packages/airflow/example_dags/example_short_circuit_operator.py
[2023-04-23T19:39:58.134+0000] {logging_mixin.py:137} INFO - [2023-04-23T19:39:58.134+0000] {dag.py:2705} INFO - Sync 1 DAGs
[2023-04-23T19:39:58.341+0000] {logging_mixin.py:137} INFO - [2023-04-23T19:39:58.340+0000] {dag.py:3456} INFO - Setting next_dagrun for example_short_circuit_operator to 2023-04-22T19:39:58.333477+00:00, run_after=2023-04-23T19:39:58.333477+00:00
[2023-04-23T19:39:58.441+0000] {processor.py:175} INFO - Processing /home/airflow/.local/lib/python3.7/site-packages/airflow/example_dags/example_short_circuit_operator.py took 0.654 seconds
[2023-04-23T19:45:32.690+0000] {processor.py:153} INFO - Started process (PID=71) to work on /home/airflow/.local/lib/python3.7/site-packages/airflow/example_dags/example_short_circuit_operator.py
[2023-04-23T19:45:32.691+0000] {processor.py:743} INFO - Processing file /home/airflow/.local/lib/python3.7/site-packages/airflow/example_dags/example_short_circuit_operator.py for tasks to queue
[2023-04-23T19:45:32.693+0000] {logging_mixin.py:137} INFO - [2023-04-23T19:45:32.693+0000] {dagbag.py:532} INFO - Filling up the DagBag from /home/airflow/.local/lib/python3.7/site-packages/airflow/example_dags/example_short_circuit_operator.py
[2023-04-23T19:45:32.722+0000] {processor.py:753} INFO - DAG(s) dict_keys(['example_short_circuit_operator']) retrieved from /home/airflow/.local/lib/python3.7/site-packages/airflow/example_dags/example_short_circuit_operator.py
[2023-04-23T19:45:32.754+0000] {logging_mixin.py:137} INFO - [2023-04-23T19:45:32.754+0000] {dag.py:2705} INFO - Sync 1 DAGs
[2023-04-23T19:45:32.770+0000] {logging_mixin.py:137} INFO - [2023-04-23T19:45:32.770+0000] {dag.py:3456} INFO - Setting next_dagrun for example_short_circuit_operator to 2023-04-22T19:45:32.770222+00:00, run_after=2023-04-23T19:45:32.770222+00:00
[2023-04-23T19:45:32.780+0000] {processor.py:175} INFO - Processing /home/airflow/.local/lib/python3.7/site-packages/airflow/example_dags/example_short_circuit_operator.py took 0.097 seconds
