[2023-04-23T01:09:48.459+0000] {processor.py:153} INFO - Started process (PID=76) to work on /home/airflow/.local/lib/python3.7/site-packages/airflow/example_dags/example_dag_decorator.py
[2023-04-23T01:09:48.469+0000] {processor.py:743} INFO - Processing file /home/airflow/.local/lib/python3.7/site-packages/airflow/example_dags/example_dag_decorator.py for tasks to queue
[2023-04-23T01:09:48.471+0000] {logging_mixin.py:137} INFO - [2023-04-23T01:09:48.471+0000] {dagbag.py:532} INFO - Filling up the DagBag from /home/airflow/.local/lib/python3.7/site-packages/airflow/example_dags/example_dag_decorator.py
[2023-04-23T01:09:48.562+0000] {logging_mixin.py:137} INFO - [2023-04-23T01:09:48.562+0000] {taskmixin.py:211} WARNING - Dependency <Task(_PythonDecoratedOperator): prepare_email>, send_email already registered for DAG: example_dag_decorator
[2023-04-23T01:09:48.565+0000] {logging_mixin.py:137} INFO - [2023-04-23T01:09:48.564+0000] {taskmixin.py:211} WARNING - Dependency <Task(EmailOperator): send_email>, prepare_email already registered for DAG: example_dag_decorator
[2023-04-23T01:09:48.609+0000] {processor.py:753} INFO - DAG(s) dict_keys(['example_dag_decorator']) retrieved from /home/airflow/.local/lib/python3.7/site-packages/airflow/example_dags/example_dag_decorator.py
[2023-04-23T01:09:48.749+0000] {logging_mixin.py:137} INFO - [2023-04-23T01:09:48.749+0000] {dag.py:2705} INFO - Sync 1 DAGs
[2023-04-23T01:09:48.785+0000] {logging_mixin.py:137} INFO - [2023-04-23T01:09:48.785+0000] {dag.py:3456} INFO - Setting next_dagrun for example_dag_decorator to None, run_after=None
[2023-04-23T01:09:48.816+0000] {processor.py:175} INFO - Processing /home/airflow/.local/lib/python3.7/site-packages/airflow/example_dags/example_dag_decorator.py took 0.372 seconds
[2023-04-23T05:48:48.967+0000] {processor.py:153} INFO - Started process (PID=75) to work on /home/airflow/.local/lib/python3.7/site-packages/airflow/example_dags/example_dag_decorator.py
[2023-04-23T05:48:48.974+0000] {processor.py:743} INFO - Processing file /home/airflow/.local/lib/python3.7/site-packages/airflow/example_dags/example_dag_decorator.py for tasks to queue
[2023-04-23T05:48:48.979+0000] {logging_mixin.py:137} INFO - [2023-04-23T05:48:48.979+0000] {dagbag.py:532} INFO - Filling up the DagBag from /home/airflow/.local/lib/python3.7/site-packages/airflow/example_dags/example_dag_decorator.py
[2023-04-23T05:48:49.031+0000] {logging_mixin.py:137} INFO - [2023-04-23T05:48:49.030+0000] {taskmixin.py:211} WARNING - Dependency <Task(_PythonDecoratedOperator): prepare_email>, send_email already registered for DAG: example_dag_decorator
[2023-04-23T05:48:49.033+0000] {logging_mixin.py:137} INFO - [2023-04-23T05:48:49.033+0000] {taskmixin.py:211} WARNING - Dependency <Task(EmailOperator): send_email>, prepare_email already registered for DAG: example_dag_decorator
[2023-04-23T05:48:49.087+0000] {processor.py:753} INFO - DAG(s) dict_keys(['example_dag_decorator']) retrieved from /home/airflow/.local/lib/python3.7/site-packages/airflow/example_dags/example_dag_decorator.py
[2023-04-23T05:48:49.310+0000] {logging_mixin.py:137} INFO - [2023-04-23T05:48:49.310+0000] {dag.py:2705} INFO - Sync 1 DAGs
[2023-04-23T05:48:49.396+0000] {logging_mixin.py:137} INFO - [2023-04-23T05:48:49.396+0000] {dag.py:3456} INFO - Setting next_dagrun for example_dag_decorator to None, run_after=None
[2023-04-23T05:48:49.524+0000] {processor.py:175} INFO - Processing /home/airflow/.local/lib/python3.7/site-packages/airflow/example_dags/example_dag_decorator.py took 0.558 seconds
[2023-04-23T11:43:01.369+0000] {processor.py:153} INFO - Started process (PID=77) to work on /home/airflow/.local/lib/python3.7/site-packages/airflow/example_dags/example_dag_decorator.py
[2023-04-23T11:43:01.374+0000] {processor.py:743} INFO - Processing file /home/airflow/.local/lib/python3.7/site-packages/airflow/example_dags/example_dag_decorator.py for tasks to queue
[2023-04-23T11:43:01.379+0000] {logging_mixin.py:137} INFO - [2023-04-23T11:43:01.378+0000] {dagbag.py:532} INFO - Filling up the DagBag from /home/airflow/.local/lib/python3.7/site-packages/airflow/example_dags/example_dag_decorator.py
[2023-04-23T11:43:01.470+0000] {logging_mixin.py:137} INFO - [2023-04-23T11:43:01.470+0000] {taskmixin.py:211} WARNING - Dependency <Task(_PythonDecoratedOperator): prepare_email>, send_email already registered for DAG: example_dag_decorator
[2023-04-23T11:43:01.472+0000] {logging_mixin.py:137} INFO - [2023-04-23T11:43:01.472+0000] {taskmixin.py:211} WARNING - Dependency <Task(EmailOperator): send_email>, prepare_email already registered for DAG: example_dag_decorator
[2023-04-23T11:43:01.533+0000] {processor.py:753} INFO - DAG(s) dict_keys(['example_dag_decorator']) retrieved from /home/airflow/.local/lib/python3.7/site-packages/airflow/example_dags/example_dag_decorator.py
[2023-04-23T11:43:01.652+0000] {logging_mixin.py:137} INFO - [2023-04-23T11:43:01.652+0000] {dag.py:2705} INFO - Sync 1 DAGs
[2023-04-23T11:43:01.731+0000] {logging_mixin.py:137} INFO - [2023-04-23T11:43:01.730+0000] {dag.py:3456} INFO - Setting next_dagrun for example_dag_decorator to None, run_after=None
[2023-04-23T11:43:01.811+0000] {processor.py:175} INFO - Processing /home/airflow/.local/lib/python3.7/site-packages/airflow/example_dags/example_dag_decorator.py took 0.446 seconds
[2023-04-23T11:47:53.228+0000] {processor.py:153} INFO - Started process (PID=76) to work on /home/airflow/.local/lib/python3.7/site-packages/airflow/example_dags/example_dag_decorator.py
[2023-04-23T11:47:53.231+0000] {processor.py:743} INFO - Processing file /home/airflow/.local/lib/python3.7/site-packages/airflow/example_dags/example_dag_decorator.py for tasks to queue
[2023-04-23T11:47:53.232+0000] {logging_mixin.py:137} INFO - [2023-04-23T11:47:53.232+0000] {dagbag.py:532} INFO - Filling up the DagBag from /home/airflow/.local/lib/python3.7/site-packages/airflow/example_dags/example_dag_decorator.py
[2023-04-23T11:47:53.276+0000] {logging_mixin.py:137} INFO - [2023-04-23T11:47:53.275+0000] {taskmixin.py:211} WARNING - Dependency <Task(_PythonDecoratedOperator): prepare_email>, send_email already registered for DAG: example_dag_decorator
[2023-04-23T11:47:53.276+0000] {logging_mixin.py:137} INFO - [2023-04-23T11:47:53.276+0000] {taskmixin.py:211} WARNING - Dependency <Task(EmailOperator): send_email>, prepare_email already registered for DAG: example_dag_decorator
[2023-04-23T11:47:53.316+0000] {processor.py:753} INFO - DAG(s) dict_keys(['example_dag_decorator']) retrieved from /home/airflow/.local/lib/python3.7/site-packages/airflow/example_dags/example_dag_decorator.py
[2023-04-23T11:47:53.623+0000] {logging_mixin.py:137} INFO - [2023-04-23T11:47:53.617+0000] {dag.py:2705} INFO - Sync 1 DAGs
[2023-04-23T11:47:53.712+0000] {logging_mixin.py:137} INFO - [2023-04-23T11:47:53.710+0000] {dag.py:3456} INFO - Setting next_dagrun for example_dag_decorator to None, run_after=None
[2023-04-23T11:47:53.873+0000] {processor.py:175} INFO - Processing /home/airflow/.local/lib/python3.7/site-packages/airflow/example_dags/example_dag_decorator.py took 0.661 seconds
[2023-04-23T11:49:07.446+0000] {processor.py:153} INFO - Started process (PID=76) to work on /home/airflow/.local/lib/python3.7/site-packages/airflow/example_dags/example_dag_decorator.py
[2023-04-23T11:49:07.455+0000] {processor.py:743} INFO - Processing file /home/airflow/.local/lib/python3.7/site-packages/airflow/example_dags/example_dag_decorator.py for tasks to queue
[2023-04-23T11:49:07.466+0000] {logging_mixin.py:137} INFO - [2023-04-23T11:49:07.464+0000] {dagbag.py:532} INFO - Filling up the DagBag from /home/airflow/.local/lib/python3.7/site-packages/airflow/example_dags/example_dag_decorator.py
[2023-04-23T11:49:13.629+0000] {logging_mixin.py:137} INFO - [2023-04-23T11:49:11.327+0000] {taskmixin.py:211} WARNING - Dependency <Task(_PythonDecoratedOperator): prepare_email>, send_email already registered for DAG: example_dag_decorator
[2023-04-23T11:49:13.764+0000] {logging_mixin.py:137} INFO - [2023-04-23T11:49:13.701+0000] {taskmixin.py:211} WARNING - Dependency <Task(EmailOperator): send_email>, prepare_email already registered for DAG: example_dag_decorator
[2023-04-23T11:49:17.434+0000] {processor.py:753} INFO - DAG(s) dict_keys(['example_dag_decorator']) retrieved from /home/airflow/.local/lib/python3.7/site-packages/airflow/example_dags/example_dag_decorator.py
[2023-04-23T11:51:35.557+0000] {processor.py:153} INFO - Started process (PID=77) to work on /home/airflow/.local/lib/python3.7/site-packages/airflow/example_dags/example_dag_decorator.py
[2023-04-23T11:51:35.561+0000] {processor.py:743} INFO - Processing file /home/airflow/.local/lib/python3.7/site-packages/airflow/example_dags/example_dag_decorator.py for tasks to queue
[2023-04-23T11:51:35.562+0000] {logging_mixin.py:137} INFO - [2023-04-23T11:51:35.562+0000] {dagbag.py:532} INFO - Filling up the DagBag from /home/airflow/.local/lib/python3.7/site-packages/airflow/example_dags/example_dag_decorator.py
[2023-04-23T11:51:35.595+0000] {logging_mixin.py:137} INFO - [2023-04-23T11:51:35.595+0000] {taskmixin.py:211} WARNING - Dependency <Task(_PythonDecoratedOperator): prepare_email>, send_email already registered for DAG: example_dag_decorator
[2023-04-23T11:51:35.597+0000] {logging_mixin.py:137} INFO - [2023-04-23T11:51:35.597+0000] {taskmixin.py:211} WARNING - Dependency <Task(EmailOperator): send_email>, prepare_email already registered for DAG: example_dag_decorator
[2023-04-23T11:51:35.617+0000] {processor.py:753} INFO - DAG(s) dict_keys(['example_dag_decorator']) retrieved from /home/airflow/.local/lib/python3.7/site-packages/airflow/example_dags/example_dag_decorator.py
[2023-04-23T11:51:35.732+0000] {logging_mixin.py:137} INFO - [2023-04-23T11:51:35.729+0000] {dag.py:2705} INFO - Sync 1 DAGs
[2023-04-23T11:51:35.771+0000] {logging_mixin.py:137} INFO - [2023-04-23T11:51:35.771+0000] {dag.py:3456} INFO - Setting next_dagrun for example_dag_decorator to None, run_after=None
[2023-04-23T11:51:35.803+0000] {processor.py:175} INFO - Processing /home/airflow/.local/lib/python3.7/site-packages/airflow/example_dags/example_dag_decorator.py took 0.248 seconds
[2023-04-23T11:52:29.062+0000] {processor.py:153} INFO - Started process (PID=74) to work on /home/airflow/.local/lib/python3.7/site-packages/airflow/example_dags/example_dag_decorator.py
[2023-04-23T11:52:29.065+0000] {processor.py:743} INFO - Processing file /home/airflow/.local/lib/python3.7/site-packages/airflow/example_dags/example_dag_decorator.py for tasks to queue
[2023-04-23T11:52:29.066+0000] {logging_mixin.py:137} INFO - [2023-04-23T11:52:29.066+0000] {dagbag.py:532} INFO - Filling up the DagBag from /home/airflow/.local/lib/python3.7/site-packages/airflow/example_dags/example_dag_decorator.py
[2023-04-23T11:52:29.117+0000] {logging_mixin.py:137} INFO - [2023-04-23T11:52:29.116+0000] {taskmixin.py:211} WARNING - Dependency <Task(_PythonDecoratedOperator): prepare_email>, send_email already registered for DAG: example_dag_decorator
[2023-04-23T11:52:29.117+0000] {logging_mixin.py:137} INFO - [2023-04-23T11:52:29.117+0000] {taskmixin.py:211} WARNING - Dependency <Task(EmailOperator): send_email>, prepare_email already registered for DAG: example_dag_decorator
[2023-04-23T11:52:29.164+0000] {processor.py:753} INFO - DAG(s) dict_keys(['example_dag_decorator']) retrieved from /home/airflow/.local/lib/python3.7/site-packages/airflow/example_dags/example_dag_decorator.py
[2023-04-23T11:52:29.280+0000] {logging_mixin.py:137} INFO - [2023-04-23T11:52:29.280+0000] {dag.py:2705} INFO - Sync 1 DAGs
[2023-04-23T11:52:29.334+0000] {logging_mixin.py:137} INFO - [2023-04-23T11:52:29.334+0000] {dag.py:3456} INFO - Setting next_dagrun for example_dag_decorator to None, run_after=None
[2023-04-23T11:52:29.366+0000] {processor.py:175} INFO - Processing /home/airflow/.local/lib/python3.7/site-packages/airflow/example_dags/example_dag_decorator.py took 0.314 seconds
[2023-04-23T11:52:49.966+0000] {processor.py:153} INFO - Started process (PID=68) to work on /home/airflow/.local/lib/python3.7/site-packages/airflow/example_dags/example_dag_decorator.py
[2023-04-23T11:52:49.969+0000] {processor.py:743} INFO - Processing file /home/airflow/.local/lib/python3.7/site-packages/airflow/example_dags/example_dag_decorator.py for tasks to queue
[2023-04-23T11:52:49.971+0000] {logging_mixin.py:137} INFO - [2023-04-23T11:52:49.971+0000] {dagbag.py:532} INFO - Filling up the DagBag from /home/airflow/.local/lib/python3.7/site-packages/airflow/example_dags/example_dag_decorator.py
[2023-04-23T11:52:50.022+0000] {logging_mixin.py:137} INFO - [2023-04-23T11:52:50.022+0000] {taskmixin.py:211} WARNING - Dependency <Task(_PythonDecoratedOperator): prepare_email>, send_email already registered for DAG: example_dag_decorator
[2023-04-23T11:52:50.026+0000] {logging_mixin.py:137} INFO - [2023-04-23T11:52:50.026+0000] {taskmixin.py:211} WARNING - Dependency <Task(EmailOperator): send_email>, prepare_email already registered for DAG: example_dag_decorator
[2023-04-23T11:52:50.049+0000] {processor.py:753} INFO - DAG(s) dict_keys(['example_dag_decorator']) retrieved from /home/airflow/.local/lib/python3.7/site-packages/airflow/example_dags/example_dag_decorator.py
[2023-04-23T11:52:50.074+0000] {logging_mixin.py:137} INFO - [2023-04-23T11:52:50.074+0000] {dag.py:2705} INFO - Sync 1 DAGs
[2023-04-23T11:52:50.106+0000] {logging_mixin.py:137} INFO - [2023-04-23T11:52:50.106+0000] {dag.py:3456} INFO - Setting next_dagrun for example_dag_decorator to None, run_after=None
[2023-04-23T11:52:50.140+0000] {processor.py:175} INFO - Processing /home/airflow/.local/lib/python3.7/site-packages/airflow/example_dags/example_dag_decorator.py took 0.176 seconds
[2023-04-23T12:02:43.068+0000] {processor.py:153} INFO - Started process (PID=75) to work on /home/airflow/.local/lib/python3.7/site-packages/airflow/example_dags/example_dag_decorator.py
[2023-04-23T12:02:43.072+0000] {processor.py:743} INFO - Processing file /home/airflow/.local/lib/python3.7/site-packages/airflow/example_dags/example_dag_decorator.py for tasks to queue
[2023-04-23T12:02:43.088+0000] {logging_mixin.py:137} INFO - [2023-04-23T12:02:43.088+0000] {dagbag.py:532} INFO - Filling up the DagBag from /home/airflow/.local/lib/python3.7/site-packages/airflow/example_dags/example_dag_decorator.py
[2023-04-23T12:02:43.167+0000] {logging_mixin.py:137} INFO - [2023-04-23T12:02:43.167+0000] {taskmixin.py:211} WARNING - Dependency <Task(_PythonDecoratedOperator): prepare_email>, send_email already registered for DAG: example_dag_decorator
[2023-04-23T12:02:43.167+0000] {logging_mixin.py:137} INFO - [2023-04-23T12:02:43.167+0000] {taskmixin.py:211} WARNING - Dependency <Task(EmailOperator): send_email>, prepare_email already registered for DAG: example_dag_decorator
[2023-04-23T12:02:43.192+0000] {processor.py:753} INFO - DAG(s) dict_keys(['example_dag_decorator']) retrieved from /home/airflow/.local/lib/python3.7/site-packages/airflow/example_dags/example_dag_decorator.py
[2023-04-23T12:02:43.478+0000] {logging_mixin.py:137} INFO - [2023-04-23T12:02:43.477+0000] {dag.py:2705} INFO - Sync 1 DAGs
[2023-04-23T12:02:43.537+0000] {logging_mixin.py:137} INFO - [2023-04-23T12:02:43.537+0000] {dag.py:3456} INFO - Setting next_dagrun for example_dag_decorator to None, run_after=None
[2023-04-23T12:02:43.616+0000] {processor.py:175} INFO - Processing /home/airflow/.local/lib/python3.7/site-packages/airflow/example_dags/example_dag_decorator.py took 0.555 seconds
[2023-04-23T12:03:07.349+0000] {processor.py:153} INFO - Started process (PID=68) to work on /home/airflow/.local/lib/python3.7/site-packages/airflow/example_dags/example_dag_decorator.py
[2023-04-23T12:03:07.350+0000] {processor.py:743} INFO - Processing file /home/airflow/.local/lib/python3.7/site-packages/airflow/example_dags/example_dag_decorator.py for tasks to queue
[2023-04-23T12:03:07.351+0000] {logging_mixin.py:137} INFO - [2023-04-23T12:03:07.350+0000] {dagbag.py:532} INFO - Filling up the DagBag from /home/airflow/.local/lib/python3.7/site-packages/airflow/example_dags/example_dag_decorator.py
[2023-04-23T12:03:07.425+0000] {logging_mixin.py:137} INFO - [2023-04-23T12:03:07.425+0000] {taskmixin.py:211} WARNING - Dependency <Task(_PythonDecoratedOperator): prepare_email>, send_email already registered for DAG: example_dag_decorator
[2023-04-23T12:03:07.426+0000] {logging_mixin.py:137} INFO - [2023-04-23T12:03:07.426+0000] {taskmixin.py:211} WARNING - Dependency <Task(EmailOperator): send_email>, prepare_email already registered for DAG: example_dag_decorator
[2023-04-23T12:03:07.509+0000] {processor.py:753} INFO - DAG(s) dict_keys(['example_dag_decorator']) retrieved from /home/airflow/.local/lib/python3.7/site-packages/airflow/example_dags/example_dag_decorator.py
[2023-04-23T12:03:07.543+0000] {logging_mixin.py:137} INFO - [2023-04-23T12:03:07.543+0000] {dag.py:2705} INFO - Sync 1 DAGs
[2023-04-23T12:03:07.574+0000] {logging_mixin.py:137} INFO - [2023-04-23T12:03:07.574+0000] {dag.py:3456} INFO - Setting next_dagrun for example_dag_decorator to None, run_after=None
[2023-04-23T12:03:07.609+0000] {processor.py:175} INFO - Processing /home/airflow/.local/lib/python3.7/site-packages/airflow/example_dags/example_dag_decorator.py took 0.262 seconds
[2023-04-23T12:10:09.430+0000] {processor.py:153} INFO - Started process (PID=76) to work on /home/airflow/.local/lib/python3.7/site-packages/airflow/example_dags/example_dag_decorator.py
[2023-04-23T12:10:09.431+0000] {processor.py:743} INFO - Processing file /home/airflow/.local/lib/python3.7/site-packages/airflow/example_dags/example_dag_decorator.py for tasks to queue
[2023-04-23T12:10:09.432+0000] {logging_mixin.py:137} INFO - [2023-04-23T12:10:09.432+0000] {dagbag.py:532} INFO - Filling up the DagBag from /home/airflow/.local/lib/python3.7/site-packages/airflow/example_dags/example_dag_decorator.py
[2023-04-23T12:10:09.445+0000] {logging_mixin.py:137} INFO - [2023-04-23T12:10:09.445+0000] {taskmixin.py:211} WARNING - Dependency <Task(_PythonDecoratedOperator): prepare_email>, send_email already registered for DAG: example_dag_decorator
[2023-04-23T12:10:09.445+0000] {logging_mixin.py:137} INFO - [2023-04-23T12:10:09.445+0000] {taskmixin.py:211} WARNING - Dependency <Task(EmailOperator): send_email>, prepare_email already registered for DAG: example_dag_decorator
[2023-04-23T12:10:09.454+0000] {processor.py:753} INFO - DAG(s) dict_keys(['example_dag_decorator']) retrieved from /home/airflow/.local/lib/python3.7/site-packages/airflow/example_dags/example_dag_decorator.py
[2023-04-23T12:10:09.523+0000] {logging_mixin.py:137} INFO - [2023-04-23T12:10:09.522+0000] {dag.py:2705} INFO - Sync 1 DAGs
[2023-04-23T12:10:09.548+0000] {logging_mixin.py:137} INFO - [2023-04-23T12:10:09.548+0000] {dag.py:3456} INFO - Setting next_dagrun for example_dag_decorator to None, run_after=None
[2023-04-23T12:10:09.563+0000] {processor.py:175} INFO - Processing /home/airflow/.local/lib/python3.7/site-packages/airflow/example_dags/example_dag_decorator.py took 0.135 seconds
[2023-04-23T12:14:18.237+0000] {processor.py:153} INFO - Started process (PID=68) to work on /home/airflow/.local/lib/python3.7/site-packages/airflow/example_dags/example_dag_decorator.py
[2023-04-23T12:14:18.238+0000] {processor.py:743} INFO - Processing file /home/airflow/.local/lib/python3.7/site-packages/airflow/example_dags/example_dag_decorator.py for tasks to queue
[2023-04-23T12:14:18.239+0000] {logging_mixin.py:137} INFO - [2023-04-23T12:14:18.239+0000] {dagbag.py:532} INFO - Filling up the DagBag from /home/airflow/.local/lib/python3.7/site-packages/airflow/example_dags/example_dag_decorator.py
[2023-04-23T12:14:18.258+0000] {logging_mixin.py:137} INFO - [2023-04-23T12:14:18.257+0000] {taskmixin.py:211} WARNING - Dependency <Task(_PythonDecoratedOperator): prepare_email>, send_email already registered for DAG: example_dag_decorator
[2023-04-23T12:14:18.258+0000] {logging_mixin.py:137} INFO - [2023-04-23T12:14:18.258+0000] {taskmixin.py:211} WARNING - Dependency <Task(EmailOperator): send_email>, prepare_email already registered for DAG: example_dag_decorator
[2023-04-23T12:14:18.274+0000] {processor.py:753} INFO - DAG(s) dict_keys(['example_dag_decorator']) retrieved from /home/airflow/.local/lib/python3.7/site-packages/airflow/example_dags/example_dag_decorator.py
[2023-04-23T12:14:18.340+0000] {logging_mixin.py:137} INFO - [2023-04-23T12:14:18.340+0000] {dag.py:2705} INFO - Sync 1 DAGs
[2023-04-23T12:14:18.372+0000] {logging_mixin.py:137} INFO - [2023-04-23T12:14:18.372+0000] {dag.py:3456} INFO - Setting next_dagrun for example_dag_decorator to None, run_after=None
[2023-04-23T12:14:18.403+0000] {processor.py:175} INFO - Processing /home/airflow/.local/lib/python3.7/site-packages/airflow/example_dags/example_dag_decorator.py took 0.168 seconds
[2023-04-23T12:16:05.290+0000] {processor.py:153} INFO - Started process (PID=77) to work on /home/airflow/.local/lib/python3.7/site-packages/airflow/example_dags/example_dag_decorator.py
[2023-04-23T12:16:05.297+0000] {processor.py:743} INFO - Processing file /home/airflow/.local/lib/python3.7/site-packages/airflow/example_dags/example_dag_decorator.py for tasks to queue
[2023-04-23T12:16:05.298+0000] {logging_mixin.py:137} INFO - [2023-04-23T12:16:05.298+0000] {dagbag.py:532} INFO - Filling up the DagBag from /home/airflow/.local/lib/python3.7/site-packages/airflow/example_dags/example_dag_decorator.py
[2023-04-23T12:16:05.336+0000] {logging_mixin.py:137} INFO - [2023-04-23T12:16:05.336+0000] {taskmixin.py:211} WARNING - Dependency <Task(_PythonDecoratedOperator): prepare_email>, send_email already registered for DAG: example_dag_decorator
[2023-04-23T12:16:05.340+0000] {logging_mixin.py:137} INFO - [2023-04-23T12:16:05.339+0000] {taskmixin.py:211} WARNING - Dependency <Task(EmailOperator): send_email>, prepare_email already registered for DAG: example_dag_decorator
[2023-04-23T12:16:05.430+0000] {processor.py:753} INFO - DAG(s) dict_keys(['example_dag_decorator']) retrieved from /home/airflow/.local/lib/python3.7/site-packages/airflow/example_dags/example_dag_decorator.py
[2023-04-23T12:16:05.640+0000] {logging_mixin.py:137} INFO - [2023-04-23T12:16:05.639+0000] {dag.py:2705} INFO - Sync 1 DAGs
[2023-04-23T12:16:05.717+0000] {logging_mixin.py:137} INFO - [2023-04-23T12:16:05.717+0000] {dag.py:3456} INFO - Setting next_dagrun for example_dag_decorator to None, run_after=None
[2023-04-23T12:16:05.801+0000] {processor.py:175} INFO - Processing /home/airflow/.local/lib/python3.7/site-packages/airflow/example_dags/example_dag_decorator.py took 0.514 seconds
[2023-04-23T12:16:37.159+0000] {processor.py:153} INFO - Started process (PID=68) to work on /home/airflow/.local/lib/python3.7/site-packages/airflow/example_dags/example_dag_decorator.py
[2023-04-23T12:16:37.160+0000] {processor.py:743} INFO - Processing file /home/airflow/.local/lib/python3.7/site-packages/airflow/example_dags/example_dag_decorator.py for tasks to queue
[2023-04-23T12:16:37.160+0000] {logging_mixin.py:137} INFO - [2023-04-23T12:16:37.160+0000] {dagbag.py:532} INFO - Filling up the DagBag from /home/airflow/.local/lib/python3.7/site-packages/airflow/example_dags/example_dag_decorator.py
[2023-04-23T12:16:37.174+0000] {logging_mixin.py:137} INFO - [2023-04-23T12:16:37.174+0000] {taskmixin.py:211} WARNING - Dependency <Task(_PythonDecoratedOperator): prepare_email>, send_email already registered for DAG: example_dag_decorator
[2023-04-23T12:16:37.174+0000] {logging_mixin.py:137} INFO - [2023-04-23T12:16:37.174+0000] {taskmixin.py:211} WARNING - Dependency <Task(EmailOperator): send_email>, prepare_email already registered for DAG: example_dag_decorator
[2023-04-23T12:16:37.186+0000] {processor.py:753} INFO - DAG(s) dict_keys(['example_dag_decorator']) retrieved from /home/airflow/.local/lib/python3.7/site-packages/airflow/example_dags/example_dag_decorator.py
[2023-04-23T12:16:37.298+0000] {logging_mixin.py:137} INFO - [2023-04-23T12:16:37.297+0000] {dag.py:2705} INFO - Sync 1 DAGs
[2023-04-23T12:16:37.336+0000] {logging_mixin.py:137} INFO - [2023-04-23T12:16:37.336+0000] {dag.py:3456} INFO - Setting next_dagrun for example_dag_decorator to None, run_after=None
[2023-04-23T12:16:37.361+0000] {processor.py:175} INFO - Processing /home/airflow/.local/lib/python3.7/site-packages/airflow/example_dags/example_dag_decorator.py took 0.205 seconds
[2023-04-23T12:17:13.506+0000] {processor.py:153} INFO - Started process (PID=68) to work on /home/airflow/.local/lib/python3.7/site-packages/airflow/example_dags/example_dag_decorator.py
[2023-04-23T12:17:13.507+0000] {processor.py:743} INFO - Processing file /home/airflow/.local/lib/python3.7/site-packages/airflow/example_dags/example_dag_decorator.py for tasks to queue
[2023-04-23T12:17:13.508+0000] {logging_mixin.py:137} INFO - [2023-04-23T12:17:13.508+0000] {dagbag.py:532} INFO - Filling up the DagBag from /home/airflow/.local/lib/python3.7/site-packages/airflow/example_dags/example_dag_decorator.py
[2023-04-23T12:17:13.525+0000] {logging_mixin.py:137} INFO - [2023-04-23T12:17:13.525+0000] {taskmixin.py:211} WARNING - Dependency <Task(_PythonDecoratedOperator): prepare_email>, send_email already registered for DAG: example_dag_decorator
[2023-04-23T12:17:13.528+0000] {logging_mixin.py:137} INFO - [2023-04-23T12:17:13.526+0000] {taskmixin.py:211} WARNING - Dependency <Task(EmailOperator): send_email>, prepare_email already registered for DAG: example_dag_decorator
[2023-04-23T12:17:13.568+0000] {processor.py:753} INFO - DAG(s) dict_keys(['example_dag_decorator']) retrieved from /home/airflow/.local/lib/python3.7/site-packages/airflow/example_dags/example_dag_decorator.py
[2023-04-23T12:17:13.640+0000] {logging_mixin.py:137} INFO - [2023-04-23T12:17:13.640+0000] {dag.py:2705} INFO - Sync 1 DAGs
[2023-04-23T12:17:13.662+0000] {logging_mixin.py:137} INFO - [2023-04-23T12:17:13.662+0000] {dag.py:3456} INFO - Setting next_dagrun for example_dag_decorator to None, run_after=None
[2023-04-23T12:17:13.698+0000] {processor.py:175} INFO - Processing /home/airflow/.local/lib/python3.7/site-packages/airflow/example_dags/example_dag_decorator.py took 0.195 seconds
[2023-04-23T12:18:00.207+0000] {processor.py:153} INFO - Started process (PID=68) to work on /home/airflow/.local/lib/python3.7/site-packages/airflow/example_dags/example_dag_decorator.py
[2023-04-23T12:18:00.208+0000] {processor.py:743} INFO - Processing file /home/airflow/.local/lib/python3.7/site-packages/airflow/example_dags/example_dag_decorator.py for tasks to queue
[2023-04-23T12:18:00.209+0000] {logging_mixin.py:137} INFO - [2023-04-23T12:18:00.209+0000] {dagbag.py:532} INFO - Filling up the DagBag from /home/airflow/.local/lib/python3.7/site-packages/airflow/example_dags/example_dag_decorator.py
[2023-04-23T12:18:00.232+0000] {logging_mixin.py:137} INFO - [2023-04-23T12:18:00.232+0000] {taskmixin.py:211} WARNING - Dependency <Task(_PythonDecoratedOperator): prepare_email>, send_email already registered for DAG: example_dag_decorator
[2023-04-23T12:18:00.233+0000] {logging_mixin.py:137} INFO - [2023-04-23T12:18:00.232+0000] {taskmixin.py:211} WARNING - Dependency <Task(EmailOperator): send_email>, prepare_email already registered for DAG: example_dag_decorator
[2023-04-23T12:18:00.261+0000] {processor.py:753} INFO - DAG(s) dict_keys(['example_dag_decorator']) retrieved from /home/airflow/.local/lib/python3.7/site-packages/airflow/example_dags/example_dag_decorator.py
[2023-04-23T12:18:00.334+0000] {logging_mixin.py:137} INFO - [2023-04-23T12:18:00.334+0000] {dag.py:2705} INFO - Sync 1 DAGs
[2023-04-23T12:18:00.381+0000] {logging_mixin.py:137} INFO - [2023-04-23T12:18:00.381+0000] {dag.py:3456} INFO - Setting next_dagrun for example_dag_decorator to None, run_after=None
[2023-04-23T12:18:00.419+0000] {processor.py:175} INFO - Processing /home/airflow/.local/lib/python3.7/site-packages/airflow/example_dags/example_dag_decorator.py took 0.214 seconds
[2023-04-23T12:18:55.262+0000] {processor.py:153} INFO - Started process (PID=75) to work on /home/airflow/.local/lib/python3.7/site-packages/airflow/example_dags/example_dag_decorator.py
[2023-04-23T12:18:55.265+0000] {processor.py:743} INFO - Processing file /home/airflow/.local/lib/python3.7/site-packages/airflow/example_dags/example_dag_decorator.py for tasks to queue
[2023-04-23T12:18:55.274+0000] {logging_mixin.py:137} INFO - [2023-04-23T12:18:55.274+0000] {dagbag.py:532} INFO - Filling up the DagBag from /home/airflow/.local/lib/python3.7/site-packages/airflow/example_dags/example_dag_decorator.py
[2023-04-23T12:18:55.297+0000] {logging_mixin.py:137} INFO - [2023-04-23T12:18:55.297+0000] {taskmixin.py:211} WARNING - Dependency <Task(_PythonDecoratedOperator): prepare_email>, send_email already registered for DAG: example_dag_decorator
[2023-04-23T12:18:55.297+0000] {logging_mixin.py:137} INFO - [2023-04-23T12:18:55.297+0000] {taskmixin.py:211} WARNING - Dependency <Task(EmailOperator): send_email>, prepare_email already registered for DAG: example_dag_decorator
[2023-04-23T12:18:55.318+0000] {processor.py:753} INFO - DAG(s) dict_keys(['example_dag_decorator']) retrieved from /home/airflow/.local/lib/python3.7/site-packages/airflow/example_dags/example_dag_decorator.py
[2023-04-23T12:18:55.421+0000] {logging_mixin.py:137} INFO - [2023-04-23T12:18:55.421+0000] {dag.py:2705} INFO - Sync 1 DAGs
[2023-04-23T12:18:55.458+0000] {logging_mixin.py:137} INFO - [2023-04-23T12:18:55.457+0000] {dag.py:3456} INFO - Setting next_dagrun for example_dag_decorator to None, run_after=None
[2023-04-23T12:18:55.482+0000] {processor.py:175} INFO - Processing /home/airflow/.local/lib/python3.7/site-packages/airflow/example_dags/example_dag_decorator.py took 0.222 seconds
[2023-04-23T12:19:50.273+0000] {processor.py:153} INFO - Started process (PID=68) to work on /home/airflow/.local/lib/python3.7/site-packages/airflow/example_dags/example_dag_decorator.py
[2023-04-23T12:19:50.274+0000] {processor.py:743} INFO - Processing file /home/airflow/.local/lib/python3.7/site-packages/airflow/example_dags/example_dag_decorator.py for tasks to queue
[2023-04-23T12:19:50.275+0000] {logging_mixin.py:137} INFO - [2023-04-23T12:19:50.275+0000] {dagbag.py:532} INFO - Filling up the DagBag from /home/airflow/.local/lib/python3.7/site-packages/airflow/example_dags/example_dag_decorator.py
[2023-04-23T12:19:50.296+0000] {logging_mixin.py:137} INFO - [2023-04-23T12:19:50.295+0000] {taskmixin.py:211} WARNING - Dependency <Task(_PythonDecoratedOperator): prepare_email>, send_email already registered for DAG: example_dag_decorator
[2023-04-23T12:19:50.301+0000] {logging_mixin.py:137} INFO - [2023-04-23T12:19:50.301+0000] {taskmixin.py:211} WARNING - Dependency <Task(EmailOperator): send_email>, prepare_email already registered for DAG: example_dag_decorator
[2023-04-23T12:19:50.319+0000] {processor.py:753} INFO - DAG(s) dict_keys(['example_dag_decorator']) retrieved from /home/airflow/.local/lib/python3.7/site-packages/airflow/example_dags/example_dag_decorator.py
[2023-04-23T12:19:50.435+0000] {logging_mixin.py:137} INFO - [2023-04-23T12:19:50.435+0000] {dag.py:2705} INFO - Sync 1 DAGs
[2023-04-23T12:19:50.474+0000] {logging_mixin.py:137} INFO - [2023-04-23T12:19:50.474+0000] {dag.py:3456} INFO - Setting next_dagrun for example_dag_decorator to None, run_after=None
[2023-04-23T12:19:50.505+0000] {processor.py:175} INFO - Processing /home/airflow/.local/lib/python3.7/site-packages/airflow/example_dags/example_dag_decorator.py took 0.234 seconds
[2023-04-23T12:23:28.926+0000] {processor.py:153} INFO - Started process (PID=68) to work on /home/airflow/.local/lib/python3.7/site-packages/airflow/example_dags/example_dag_decorator.py
[2023-04-23T12:23:28.928+0000] {processor.py:743} INFO - Processing file /home/airflow/.local/lib/python3.7/site-packages/airflow/example_dags/example_dag_decorator.py for tasks to queue
[2023-04-23T12:23:28.928+0000] {logging_mixin.py:137} INFO - [2023-04-23T12:23:28.928+0000] {dagbag.py:532} INFO - Filling up the DagBag from /home/airflow/.local/lib/python3.7/site-packages/airflow/example_dags/example_dag_decorator.py
[2023-04-23T12:23:28.941+0000] {logging_mixin.py:137} INFO - [2023-04-23T12:23:28.941+0000] {taskmixin.py:211} WARNING - Dependency <Task(_PythonDecoratedOperator): prepare_email>, send_email already registered for DAG: example_dag_decorator
[2023-04-23T12:23:28.942+0000] {logging_mixin.py:137} INFO - [2023-04-23T12:23:28.941+0000] {taskmixin.py:211} WARNING - Dependency <Task(EmailOperator): send_email>, prepare_email already registered for DAG: example_dag_decorator
[2023-04-23T12:23:28.975+0000] {processor.py:753} INFO - DAG(s) dict_keys(['example_dag_decorator']) retrieved from /home/airflow/.local/lib/python3.7/site-packages/airflow/example_dags/example_dag_decorator.py
[2023-04-23T12:23:29.080+0000] {logging_mixin.py:137} INFO - [2023-04-23T12:23:29.079+0000] {dag.py:2705} INFO - Sync 1 DAGs
[2023-04-23T12:23:29.112+0000] {logging_mixin.py:137} INFO - [2023-04-23T12:23:29.112+0000] {dag.py:3456} INFO - Setting next_dagrun for example_dag_decorator to None, run_after=None
[2023-04-23T12:23:29.126+0000] {processor.py:175} INFO - Processing /home/airflow/.local/lib/python3.7/site-packages/airflow/example_dags/example_dag_decorator.py took 0.203 seconds
[2023-04-23T12:24:09.682+0000] {processor.py:153} INFO - Started process (PID=68) to work on /home/airflow/.local/lib/python3.7/site-packages/airflow/example_dags/example_dag_decorator.py
[2023-04-23T12:24:09.683+0000] {processor.py:743} INFO - Processing file /home/airflow/.local/lib/python3.7/site-packages/airflow/example_dags/example_dag_decorator.py for tasks to queue
[2023-04-23T12:24:09.684+0000] {logging_mixin.py:137} INFO - [2023-04-23T12:24:09.684+0000] {dagbag.py:532} INFO - Filling up the DagBag from /home/airflow/.local/lib/python3.7/site-packages/airflow/example_dags/example_dag_decorator.py
[2023-04-23T12:24:09.701+0000] {logging_mixin.py:137} INFO - [2023-04-23T12:24:09.701+0000] {taskmixin.py:211} WARNING - Dependency <Task(_PythonDecoratedOperator): prepare_email>, send_email already registered for DAG: example_dag_decorator
[2023-04-23T12:24:09.701+0000] {logging_mixin.py:137} INFO - [2023-04-23T12:24:09.701+0000] {taskmixin.py:211} WARNING - Dependency <Task(EmailOperator): send_email>, prepare_email already registered for DAG: example_dag_decorator
[2023-04-23T12:24:09.714+0000] {processor.py:753} INFO - DAG(s) dict_keys(['example_dag_decorator']) retrieved from /home/airflow/.local/lib/python3.7/site-packages/airflow/example_dags/example_dag_decorator.py
[2023-04-23T12:24:09.851+0000] {logging_mixin.py:137} INFO - [2023-04-23T12:24:09.851+0000] {dag.py:2705} INFO - Sync 1 DAGs
[2023-04-23T12:24:09.896+0000] {logging_mixin.py:137} INFO - [2023-04-23T12:24:09.896+0000] {dag.py:3456} INFO - Setting next_dagrun for example_dag_decorator to None, run_after=None
[2023-04-23T12:24:09.942+0000] {processor.py:175} INFO - Processing /home/airflow/.local/lib/python3.7/site-packages/airflow/example_dags/example_dag_decorator.py took 0.263 seconds
[2023-04-23T12:25:36.433+0000] {processor.py:153} INFO - Started process (PID=68) to work on /home/airflow/.local/lib/python3.7/site-packages/airflow/example_dags/example_dag_decorator.py
[2023-04-23T12:25:36.434+0000] {processor.py:743} INFO - Processing file /home/airflow/.local/lib/python3.7/site-packages/airflow/example_dags/example_dag_decorator.py for tasks to queue
[2023-04-23T12:25:36.444+0000] {logging_mixin.py:137} INFO - [2023-04-23T12:25:36.444+0000] {dagbag.py:532} INFO - Filling up the DagBag from /home/airflow/.local/lib/python3.7/site-packages/airflow/example_dags/example_dag_decorator.py
[2023-04-23T12:25:36.461+0000] {logging_mixin.py:137} INFO - [2023-04-23T12:25:36.461+0000] {taskmixin.py:211} WARNING - Dependency <Task(_PythonDecoratedOperator): prepare_email>, send_email already registered for DAG: example_dag_decorator
[2023-04-23T12:25:36.461+0000] {logging_mixin.py:137} INFO - [2023-04-23T12:25:36.461+0000] {taskmixin.py:211} WARNING - Dependency <Task(EmailOperator): send_email>, prepare_email already registered for DAG: example_dag_decorator
[2023-04-23T12:25:36.472+0000] {processor.py:753} INFO - DAG(s) dict_keys(['example_dag_decorator']) retrieved from /home/airflow/.local/lib/python3.7/site-packages/airflow/example_dags/example_dag_decorator.py
[2023-04-23T12:25:36.540+0000] {logging_mixin.py:137} INFO - [2023-04-23T12:25:36.539+0000] {dag.py:2705} INFO - Sync 1 DAGs
[2023-04-23T12:25:36.562+0000] {logging_mixin.py:137} INFO - [2023-04-23T12:25:36.562+0000] {dag.py:3456} INFO - Setting next_dagrun for example_dag_decorator to None, run_after=None
[2023-04-23T12:25:36.577+0000] {processor.py:175} INFO - Processing /home/airflow/.local/lib/python3.7/site-packages/airflow/example_dags/example_dag_decorator.py took 0.150 seconds
[2023-04-23T12:26:23.282+0000] {processor.py:153} INFO - Started process (PID=68) to work on /home/airflow/.local/lib/python3.7/site-packages/airflow/example_dags/example_dag_decorator.py
[2023-04-23T12:26:23.283+0000] {processor.py:743} INFO - Processing file /home/airflow/.local/lib/python3.7/site-packages/airflow/example_dags/example_dag_decorator.py for tasks to queue
[2023-04-23T12:26:23.285+0000] {logging_mixin.py:137} INFO - [2023-04-23T12:26:23.285+0000] {dagbag.py:532} INFO - Filling up the DagBag from /home/airflow/.local/lib/python3.7/site-packages/airflow/example_dags/example_dag_decorator.py
[2023-04-23T12:26:23.309+0000] {logging_mixin.py:137} INFO - [2023-04-23T12:26:23.309+0000] {taskmixin.py:211} WARNING - Dependency <Task(_PythonDecoratedOperator): prepare_email>, send_email already registered for DAG: example_dag_decorator
[2023-04-23T12:26:23.309+0000] {logging_mixin.py:137} INFO - [2023-04-23T12:26:23.309+0000] {taskmixin.py:211} WARNING - Dependency <Task(EmailOperator): send_email>, prepare_email already registered for DAG: example_dag_decorator
[2023-04-23T12:26:23.331+0000] {processor.py:753} INFO - DAG(s) dict_keys(['example_dag_decorator']) retrieved from /home/airflow/.local/lib/python3.7/site-packages/airflow/example_dags/example_dag_decorator.py
[2023-04-23T12:26:23.421+0000] {logging_mixin.py:137} INFO - [2023-04-23T12:26:23.421+0000] {dag.py:2705} INFO - Sync 1 DAGs
[2023-04-23T12:26:23.439+0000] {logging_mixin.py:137} INFO - [2023-04-23T12:26:23.439+0000] {dag.py:3456} INFO - Setting next_dagrun for example_dag_decorator to None, run_after=None
[2023-04-23T12:26:23.476+0000] {processor.py:175} INFO - Processing /home/airflow/.local/lib/python3.7/site-packages/airflow/example_dags/example_dag_decorator.py took 0.197 seconds
[2023-04-23T13:08:11.192+0000] {processor.py:153} INFO - Started process (PID=68) to work on /home/airflow/.local/lib/python3.7/site-packages/airflow/example_dags/example_dag_decorator.py
[2023-04-23T13:08:11.197+0000] {processor.py:743} INFO - Processing file /home/airflow/.local/lib/python3.7/site-packages/airflow/example_dags/example_dag_decorator.py for tasks to queue
[2023-04-23T13:08:11.198+0000] {logging_mixin.py:137} INFO - [2023-04-23T13:08:11.198+0000] {dagbag.py:532} INFO - Filling up the DagBag from /home/airflow/.local/lib/python3.7/site-packages/airflow/example_dags/example_dag_decorator.py
[2023-04-23T13:08:11.216+0000] {logging_mixin.py:137} INFO - [2023-04-23T13:08:11.216+0000] {taskmixin.py:211} WARNING - Dependency <Task(_PythonDecoratedOperator): prepare_email>, send_email already registered for DAG: example_dag_decorator
[2023-04-23T13:08:11.216+0000] {logging_mixin.py:137} INFO - [2023-04-23T13:08:11.216+0000] {taskmixin.py:211} WARNING - Dependency <Task(EmailOperator): send_email>, prepare_email already registered for DAG: example_dag_decorator
[2023-04-23T13:08:11.237+0000] {processor.py:753} INFO - DAG(s) dict_keys(['example_dag_decorator']) retrieved from /home/airflow/.local/lib/python3.7/site-packages/airflow/example_dags/example_dag_decorator.py
[2023-04-23T13:08:11.301+0000] {logging_mixin.py:137} INFO - [2023-04-23T13:08:11.301+0000] {dag.py:2705} INFO - Sync 1 DAGs
[2023-04-23T13:08:11.314+0000] {logging_mixin.py:137} INFO - [2023-04-23T13:08:11.314+0000] {dag.py:3456} INFO - Setting next_dagrun for example_dag_decorator to None, run_after=None
[2023-04-23T13:08:11.329+0000] {processor.py:175} INFO - Processing /home/airflow/.local/lib/python3.7/site-packages/airflow/example_dags/example_dag_decorator.py took 0.139 seconds
[2023-04-23T14:14:00.912+0000] {processor.py:153} INFO - Started process (PID=74) to work on /home/airflow/.local/lib/python3.7/site-packages/airflow/example_dags/example_dag_decorator.py
[2023-04-23T14:14:00.944+0000] {processor.py:743} INFO - Processing file /home/airflow/.local/lib/python3.7/site-packages/airflow/example_dags/example_dag_decorator.py for tasks to queue
[2023-04-23T14:14:00.965+0000] {logging_mixin.py:137} INFO - [2023-04-23T14:14:00.958+0000] {dagbag.py:532} INFO - Filling up the DagBag from /home/airflow/.local/lib/python3.7/site-packages/airflow/example_dags/example_dag_decorator.py
[2023-04-23T14:14:02.402+0000] {logging_mixin.py:137} INFO - [2023-04-23T14:14:02.385+0000] {taskmixin.py:211} WARNING - Dependency <Task(_PythonDecoratedOperator): prepare_email>, send_email already registered for DAG: example_dag_decorator
[2023-04-23T14:14:02.544+0000] {logging_mixin.py:137} INFO - [2023-04-23T14:14:02.470+0000] {taskmixin.py:211} WARNING - Dependency <Task(EmailOperator): send_email>, prepare_email already registered for DAG: example_dag_decorator
[2023-04-23T15:24:43.042+0000] {processor.py:153} INFO - Started process (PID=68) to work on /home/airflow/.local/lib/python3.7/site-packages/airflow/example_dags/example_dag_decorator.py
[2023-04-23T15:24:43.044+0000] {processor.py:743} INFO - Processing file /home/airflow/.local/lib/python3.7/site-packages/airflow/example_dags/example_dag_decorator.py for tasks to queue
[2023-04-23T15:24:43.046+0000] {logging_mixin.py:137} INFO - [2023-04-23T15:24:43.046+0000] {dagbag.py:532} INFO - Filling up the DagBag from /home/airflow/.local/lib/python3.7/site-packages/airflow/example_dags/example_dag_decorator.py
[2023-04-23T15:24:43.071+0000] {logging_mixin.py:137} INFO - [2023-04-23T15:24:43.071+0000] {taskmixin.py:211} WARNING - Dependency <Task(_PythonDecoratedOperator): prepare_email>, send_email already registered for DAG: example_dag_decorator
[2023-04-23T15:24:43.071+0000] {logging_mixin.py:137} INFO - [2023-04-23T15:24:43.071+0000] {taskmixin.py:211} WARNING - Dependency <Task(EmailOperator): send_email>, prepare_email already registered for DAG: example_dag_decorator
[2023-04-23T15:24:43.088+0000] {processor.py:753} INFO - DAG(s) dict_keys(['example_dag_decorator']) retrieved from /home/airflow/.local/lib/python3.7/site-packages/airflow/example_dags/example_dag_decorator.py
[2023-04-23T15:24:43.232+0000] {logging_mixin.py:137} INFO - [2023-04-23T15:24:43.230+0000] {dag.py:2705} INFO - Sync 1 DAGs
[2023-04-23T15:24:43.329+0000] {logging_mixin.py:137} INFO - [2023-04-23T15:24:43.329+0000] {dag.py:3456} INFO - Setting next_dagrun for example_dag_decorator to None, run_after=None
[2023-04-23T15:24:43.461+0000] {processor.py:175} INFO - Processing /home/airflow/.local/lib/python3.7/site-packages/airflow/example_dags/example_dag_decorator.py took 0.422 seconds
[2023-04-23T15:28:49.676+0000] {processor.py:153} INFO - Started process (PID=77) to work on /home/airflow/.local/lib/python3.7/site-packages/airflow/example_dags/example_dag_decorator.py
[2023-04-23T15:28:49.677+0000] {processor.py:743} INFO - Processing file /home/airflow/.local/lib/python3.7/site-packages/airflow/example_dags/example_dag_decorator.py for tasks to queue
[2023-04-23T15:28:49.681+0000] {logging_mixin.py:137} INFO - [2023-04-23T15:28:49.680+0000] {dagbag.py:532} INFO - Filling up the DagBag from /home/airflow/.local/lib/python3.7/site-packages/airflow/example_dags/example_dag_decorator.py
[2023-04-23T15:28:49.712+0000] {logging_mixin.py:137} INFO - [2023-04-23T15:28:49.712+0000] {taskmixin.py:211} WARNING - Dependency <Task(_PythonDecoratedOperator): prepare_email>, send_email already registered for DAG: example_dag_decorator
[2023-04-23T15:28:49.712+0000] {logging_mixin.py:137} INFO - [2023-04-23T15:28:49.712+0000] {taskmixin.py:211} WARNING - Dependency <Task(EmailOperator): send_email>, prepare_email already registered for DAG: example_dag_decorator
[2023-04-23T15:28:49.758+0000] {processor.py:753} INFO - DAG(s) dict_keys(['example_dag_decorator']) retrieved from /home/airflow/.local/lib/python3.7/site-packages/airflow/example_dags/example_dag_decorator.py
[2023-04-23T15:28:49.867+0000] {logging_mixin.py:137} INFO - [2023-04-23T15:28:49.867+0000] {dag.py:2705} INFO - Sync 1 DAGs
[2023-04-23T15:28:49.889+0000] {logging_mixin.py:137} INFO - [2023-04-23T15:28:49.889+0000] {dag.py:3456} INFO - Setting next_dagrun for example_dag_decorator to None, run_after=None
[2023-04-23T15:28:49.918+0000] {processor.py:175} INFO - Processing /home/airflow/.local/lib/python3.7/site-packages/airflow/example_dags/example_dag_decorator.py took 0.248 seconds
[2023-04-23T15:30:11.625+0000] {processor.py:153} INFO - Started process (PID=68) to work on /home/airflow/.local/lib/python3.7/site-packages/airflow/example_dags/example_dag_decorator.py
[2023-04-23T15:30:11.626+0000] {processor.py:743} INFO - Processing file /home/airflow/.local/lib/python3.7/site-packages/airflow/example_dags/example_dag_decorator.py for tasks to queue
[2023-04-23T15:30:11.627+0000] {logging_mixin.py:137} INFO - [2023-04-23T15:30:11.627+0000] {dagbag.py:532} INFO - Filling up the DagBag from /home/airflow/.local/lib/python3.7/site-packages/airflow/example_dags/example_dag_decorator.py
[2023-04-23T15:30:11.651+0000] {logging_mixin.py:137} INFO - [2023-04-23T15:30:11.651+0000] {taskmixin.py:211} WARNING - Dependency <Task(_PythonDecoratedOperator): prepare_email>, send_email already registered for DAG: example_dag_decorator
[2023-04-23T15:30:11.651+0000] {logging_mixin.py:137} INFO - [2023-04-23T15:30:11.651+0000] {taskmixin.py:211} WARNING - Dependency <Task(EmailOperator): send_email>, prepare_email already registered for DAG: example_dag_decorator
[2023-04-23T15:30:11.675+0000] {processor.py:753} INFO - DAG(s) dict_keys(['example_dag_decorator']) retrieved from /home/airflow/.local/lib/python3.7/site-packages/airflow/example_dags/example_dag_decorator.py
[2023-04-23T15:30:11.783+0000] {logging_mixin.py:137} INFO - [2023-04-23T15:30:11.783+0000] {dag.py:2705} INFO - Sync 1 DAGs
[2023-04-23T15:30:11.843+0000] {logging_mixin.py:137} INFO - [2023-04-23T15:30:11.843+0000] {dag.py:3456} INFO - Setting next_dagrun for example_dag_decorator to None, run_after=None
[2023-04-23T15:30:11.939+0000] {processor.py:175} INFO - Processing /home/airflow/.local/lib/python3.7/site-packages/airflow/example_dags/example_dag_decorator.py took 0.318 seconds
[2023-04-23T15:30:46.625+0000] {processor.py:153} INFO - Started process (PID=68) to work on /home/airflow/.local/lib/python3.7/site-packages/airflow/example_dags/example_dag_decorator.py
[2023-04-23T15:30:46.626+0000] {processor.py:743} INFO - Processing file /home/airflow/.local/lib/python3.7/site-packages/airflow/example_dags/example_dag_decorator.py for tasks to queue
[2023-04-23T15:30:46.626+0000] {logging_mixin.py:137} INFO - [2023-04-23T15:30:46.626+0000] {dagbag.py:532} INFO - Filling up the DagBag from /home/airflow/.local/lib/python3.7/site-packages/airflow/example_dags/example_dag_decorator.py
[2023-04-23T15:30:46.668+0000] {logging_mixin.py:137} INFO - [2023-04-23T15:30:46.668+0000] {taskmixin.py:211} WARNING - Dependency <Task(_PythonDecoratedOperator): prepare_email>, send_email already registered for DAG: example_dag_decorator
[2023-04-23T15:30:46.669+0000] {logging_mixin.py:137} INFO - [2023-04-23T15:30:46.669+0000] {taskmixin.py:211} WARNING - Dependency <Task(EmailOperator): send_email>, prepare_email already registered for DAG: example_dag_decorator
[2023-04-23T15:30:46.721+0000] {processor.py:753} INFO - DAG(s) dict_keys(['example_dag_decorator']) retrieved from /home/airflow/.local/lib/python3.7/site-packages/airflow/example_dags/example_dag_decorator.py
[2023-04-23T15:30:46.856+0000] {logging_mixin.py:137} INFO - [2023-04-23T15:30:46.856+0000] {dag.py:2705} INFO - Sync 1 DAGs
[2023-04-23T15:30:46.910+0000] {logging_mixin.py:137} INFO - [2023-04-23T15:30:46.909+0000] {dag.py:3456} INFO - Setting next_dagrun for example_dag_decorator to None, run_after=None
[2023-04-23T15:30:46.937+0000] {processor.py:175} INFO - Processing /home/airflow/.local/lib/python3.7/site-packages/airflow/example_dags/example_dag_decorator.py took 0.314 seconds
[2023-04-23T15:38:25.398+0000] {processor.py:153} INFO - Started process (PID=70) to work on /home/airflow/.local/lib/python3.7/site-packages/airflow/example_dags/example_dag_decorator.py
[2023-04-23T15:38:25.399+0000] {processor.py:743} INFO - Processing file /home/airflow/.local/lib/python3.7/site-packages/airflow/example_dags/example_dag_decorator.py for tasks to queue
[2023-04-23T15:38:25.400+0000] {logging_mixin.py:137} INFO - [2023-04-23T15:38:25.400+0000] {dagbag.py:532} INFO - Filling up the DagBag from /home/airflow/.local/lib/python3.7/site-packages/airflow/example_dags/example_dag_decorator.py
[2023-04-23T15:38:25.413+0000] {logging_mixin.py:137} INFO - [2023-04-23T15:38:25.412+0000] {taskmixin.py:211} WARNING - Dependency <Task(_PythonDecoratedOperator): prepare_email>, send_email already registered for DAG: example_dag_decorator
[2023-04-23T15:38:25.413+0000] {logging_mixin.py:137} INFO - [2023-04-23T15:38:25.413+0000] {taskmixin.py:211} WARNING - Dependency <Task(EmailOperator): send_email>, prepare_email already registered for DAG: example_dag_decorator
[2023-04-23T15:38:25.440+0000] {processor.py:753} INFO - DAG(s) dict_keys(['example_dag_decorator']) retrieved from /home/airflow/.local/lib/python3.7/site-packages/airflow/example_dags/example_dag_decorator.py
[2023-04-23T15:38:25.544+0000] {logging_mixin.py:137} INFO - [2023-04-23T15:38:25.541+0000] {dag.py:2705} INFO - Sync 1 DAGs
[2023-04-23T15:38:25.622+0000] {logging_mixin.py:137} INFO - [2023-04-23T15:38:25.622+0000] {dag.py:3456} INFO - Setting next_dagrun for example_dag_decorator to None, run_after=None
[2023-04-23T15:38:25.670+0000] {processor.py:175} INFO - Processing /home/airflow/.local/lib/python3.7/site-packages/airflow/example_dags/example_dag_decorator.py took 0.274 seconds
[2023-04-23T19:25:56.798+0000] {processor.py:153} INFO - Started process (PID=68) to work on /home/airflow/.local/lib/python3.7/site-packages/airflow/example_dags/example_dag_decorator.py
[2023-04-23T19:25:56.799+0000] {processor.py:743} INFO - Processing file /home/airflow/.local/lib/python3.7/site-packages/airflow/example_dags/example_dag_decorator.py for tasks to queue
[2023-04-23T19:25:56.800+0000] {logging_mixin.py:137} INFO - [2023-04-23T19:25:56.800+0000] {dagbag.py:532} INFO - Filling up the DagBag from /home/airflow/.local/lib/python3.7/site-packages/airflow/example_dags/example_dag_decorator.py
[2023-04-23T19:25:56.823+0000] {logging_mixin.py:137} INFO - [2023-04-23T19:25:56.823+0000] {taskmixin.py:211} WARNING - Dependency <Task(_PythonDecoratedOperator): prepare_email>, send_email already registered for DAG: example_dag_decorator
[2023-04-23T19:25:56.823+0000] {logging_mixin.py:137} INFO - [2023-04-23T19:25:56.823+0000] {taskmixin.py:211} WARNING - Dependency <Task(EmailOperator): send_email>, prepare_email already registered for DAG: example_dag_decorator
[2023-04-23T19:25:56.837+0000] {processor.py:753} INFO - DAG(s) dict_keys(['example_dag_decorator']) retrieved from /home/airflow/.local/lib/python3.7/site-packages/airflow/example_dags/example_dag_decorator.py
[2023-04-23T19:25:56.947+0000] {logging_mixin.py:137} INFO - [2023-04-23T19:25:56.947+0000] {dag.py:2705} INFO - Sync 1 DAGs
[2023-04-23T19:25:56.983+0000] {logging_mixin.py:137} INFO - [2023-04-23T19:25:56.983+0000] {dag.py:3456} INFO - Setting next_dagrun for example_dag_decorator to None, run_after=None
[2023-04-23T19:25:57.081+0000] {processor.py:175} INFO - Processing /home/airflow/.local/lib/python3.7/site-packages/airflow/example_dags/example_dag_decorator.py took 0.274 seconds
[2023-04-23T19:27:05.076+0000] {processor.py:153} INFO - Started process (PID=67) to work on /home/airflow/.local/lib/python3.7/site-packages/airflow/example_dags/example_dag_decorator.py
[2023-04-23T19:27:05.078+0000] {processor.py:743} INFO - Processing file /home/airflow/.local/lib/python3.7/site-packages/airflow/example_dags/example_dag_decorator.py for tasks to queue
[2023-04-23T19:30:39.899+0000] {processor.py:153} INFO - Started process (PID=68) to work on /home/airflow/.local/lib/python3.7/site-packages/airflow/example_dags/example_dag_decorator.py
[2023-04-23T19:30:39.916+0000] {processor.py:743} INFO - Processing file /home/airflow/.local/lib/python3.7/site-packages/airflow/example_dags/example_dag_decorator.py for tasks to queue
[2023-04-23T19:30:39.917+0000] {logging_mixin.py:137} INFO - [2023-04-23T19:30:39.917+0000] {dagbag.py:532} INFO - Filling up the DagBag from /home/airflow/.local/lib/python3.7/site-packages/airflow/example_dags/example_dag_decorator.py
[2023-04-23T19:30:39.942+0000] {logging_mixin.py:137} INFO - [2023-04-23T19:30:39.942+0000] {taskmixin.py:211} WARNING - Dependency <Task(_PythonDecoratedOperator): prepare_email>, send_email already registered for DAG: example_dag_decorator
[2023-04-23T19:30:39.953+0000] {logging_mixin.py:137} INFO - [2023-04-23T19:30:39.949+0000] {taskmixin.py:211} WARNING - Dependency <Task(EmailOperator): send_email>, prepare_email already registered for DAG: example_dag_decorator
[2023-04-23T19:30:39.975+0000] {processor.py:753} INFO - DAG(s) dict_keys(['example_dag_decorator']) retrieved from /home/airflow/.local/lib/python3.7/site-packages/airflow/example_dags/example_dag_decorator.py
[2023-04-23T19:30:40.131+0000] {logging_mixin.py:137} INFO - [2023-04-23T19:30:40.131+0000] {dag.py:2705} INFO - Sync 1 DAGs
[2023-04-23T19:30:40.214+0000] {logging_mixin.py:137} INFO - [2023-04-23T19:30:40.213+0000] {dag.py:3456} INFO - Setting next_dagrun for example_dag_decorator to None, run_after=None
[2023-04-23T19:30:40.296+0000] {processor.py:175} INFO - Processing /home/airflow/.local/lib/python3.7/site-packages/airflow/example_dags/example_dag_decorator.py took 0.404 seconds
[2023-04-23T19:37:41.140+0000] {processor.py:153} INFO - Started process (PID=75) to work on /home/airflow/.local/lib/python3.7/site-packages/airflow/example_dags/example_dag_decorator.py
[2023-04-23T19:37:41.145+0000] {processor.py:743} INFO - Processing file /home/airflow/.local/lib/python3.7/site-packages/airflow/example_dags/example_dag_decorator.py for tasks to queue
[2023-04-23T19:37:41.146+0000] {logging_mixin.py:137} INFO - [2023-04-23T19:37:41.146+0000] {dagbag.py:532} INFO - Filling up the DagBag from /home/airflow/.local/lib/python3.7/site-packages/airflow/example_dags/example_dag_decorator.py
[2023-04-23T19:37:41.170+0000] {logging_mixin.py:137} INFO - [2023-04-23T19:37:41.170+0000] {taskmixin.py:211} WARNING - Dependency <Task(_PythonDecoratedOperator): prepare_email>, send_email already registered for DAG: example_dag_decorator
[2023-04-23T19:37:41.170+0000] {logging_mixin.py:137} INFO - [2023-04-23T19:37:41.170+0000] {taskmixin.py:211} WARNING - Dependency <Task(EmailOperator): send_email>, prepare_email already registered for DAG: example_dag_decorator
[2023-04-23T19:37:41.194+0000] {processor.py:753} INFO - DAG(s) dict_keys(['example_dag_decorator']) retrieved from /home/airflow/.local/lib/python3.7/site-packages/airflow/example_dags/example_dag_decorator.py
[2023-04-23T19:37:41.371+0000] {logging_mixin.py:137} INFO - [2023-04-23T19:37:41.371+0000] {dag.py:2705} INFO - Sync 1 DAGs
[2023-04-23T19:37:41.403+0000] {logging_mixin.py:137} INFO - [2023-04-23T19:37:41.403+0000] {dag.py:3456} INFO - Setting next_dagrun for example_dag_decorator to None, run_after=None
[2023-04-23T19:37:41.426+0000] {processor.py:175} INFO - Processing /home/airflow/.local/lib/python3.7/site-packages/airflow/example_dags/example_dag_decorator.py took 0.297 seconds
[2023-04-23T19:38:07.857+0000] {processor.py:153} INFO - Started process (PID=68) to work on /home/airflow/.local/lib/python3.7/site-packages/airflow/example_dags/example_dag_decorator.py
[2023-04-23T19:38:07.866+0000] {processor.py:743} INFO - Processing file /home/airflow/.local/lib/python3.7/site-packages/airflow/example_dags/example_dag_decorator.py for tasks to queue
[2023-04-23T19:38:07.886+0000] {logging_mixin.py:137} INFO - [2023-04-23T19:38:07.883+0000] {dagbag.py:532} INFO - Filling up the DagBag from /home/airflow/.local/lib/python3.7/site-packages/airflow/example_dags/example_dag_decorator.py
[2023-04-23T19:38:08.199+0000] {logging_mixin.py:137} INFO - [2023-04-23T19:38:08.180+0000] {taskmixin.py:211} WARNING - Dependency <Task(_PythonDecoratedOperator): prepare_email>, send_email already registered for DAG: example_dag_decorator
[2023-04-23T19:38:08.200+0000] {logging_mixin.py:137} INFO - [2023-04-23T19:38:08.200+0000] {taskmixin.py:211} WARNING - Dependency <Task(EmailOperator): send_email>, prepare_email already registered for DAG: example_dag_decorator
[2023-04-23T19:38:08.405+0000] {processor.py:753} INFO - DAG(s) dict_keys(['example_dag_decorator']) retrieved from /home/airflow/.local/lib/python3.7/site-packages/airflow/example_dags/example_dag_decorator.py
[2023-04-23T19:38:34.629+0000] {processor.py:153} INFO - Started process (PID=67) to work on /home/airflow/.local/lib/python3.7/site-packages/airflow/example_dags/example_dag_decorator.py
[2023-04-23T19:38:34.633+0000] {processor.py:743} INFO - Processing file /home/airflow/.local/lib/python3.7/site-packages/airflow/example_dags/example_dag_decorator.py for tasks to queue
[2023-04-23T19:38:34.639+0000] {logging_mixin.py:137} INFO - [2023-04-23T19:38:34.639+0000] {dagbag.py:532} INFO - Filling up the DagBag from /home/airflow/.local/lib/python3.7/site-packages/airflow/example_dags/example_dag_decorator.py
[2023-04-23T19:38:34.668+0000] {logging_mixin.py:137} INFO - [2023-04-23T19:38:34.667+0000] {taskmixin.py:211} WARNING - Dependency <Task(_PythonDecoratedOperator): prepare_email>, send_email already registered for DAG: example_dag_decorator
[2023-04-23T19:38:34.668+0000] {logging_mixin.py:137} INFO - [2023-04-23T19:38:34.668+0000] {taskmixin.py:211} WARNING - Dependency <Task(EmailOperator): send_email>, prepare_email already registered for DAG: example_dag_decorator
[2023-04-23T19:38:34.693+0000] {processor.py:753} INFO - DAG(s) dict_keys(['example_dag_decorator']) retrieved from /home/airflow/.local/lib/python3.7/site-packages/airflow/example_dags/example_dag_decorator.py
[2023-04-23T19:38:34.804+0000] {logging_mixin.py:137} INFO - [2023-04-23T19:38:34.803+0000] {dag.py:2705} INFO - Sync 1 DAGs
[2023-04-23T19:38:34.841+0000] {logging_mixin.py:137} INFO - [2023-04-23T19:38:34.841+0000] {dag.py:3456} INFO - Setting next_dagrun for example_dag_decorator to None, run_after=None
[2023-04-23T19:38:34.875+0000] {processor.py:175} INFO - Processing /home/airflow/.local/lib/python3.7/site-packages/airflow/example_dags/example_dag_decorator.py took 0.249 seconds
[2023-04-23T19:39:56.972+0000] {processor.py:153} INFO - Started process (PID=68) to work on /home/airflow/.local/lib/python3.7/site-packages/airflow/example_dags/example_dag_decorator.py
[2023-04-23T19:39:56.977+0000] {processor.py:743} INFO - Processing file /home/airflow/.local/lib/python3.7/site-packages/airflow/example_dags/example_dag_decorator.py for tasks to queue
[2023-04-23T19:39:56.978+0000] {logging_mixin.py:137} INFO - [2023-04-23T19:39:56.978+0000] {dagbag.py:532} INFO - Filling up the DagBag from /home/airflow/.local/lib/python3.7/site-packages/airflow/example_dags/example_dag_decorator.py
[2023-04-23T19:39:57.039+0000] {logging_mixin.py:137} INFO - [2023-04-23T19:39:57.039+0000] {taskmixin.py:211} WARNING - Dependency <Task(_PythonDecoratedOperator): prepare_email>, send_email already registered for DAG: example_dag_decorator
[2023-04-23T19:39:57.061+0000] {logging_mixin.py:137} INFO - [2023-04-23T19:39:57.061+0000] {taskmixin.py:211} WARNING - Dependency <Task(EmailOperator): send_email>, prepare_email already registered for DAG: example_dag_decorator
[2023-04-23T19:39:57.175+0000] {processor.py:753} INFO - DAG(s) dict_keys(['example_dag_decorator']) retrieved from /home/airflow/.local/lib/python3.7/site-packages/airflow/example_dags/example_dag_decorator.py
[2023-04-23T19:39:57.498+0000] {logging_mixin.py:137} INFO - [2023-04-23T19:39:57.498+0000] {dag.py:2705} INFO - Sync 1 DAGs
[2023-04-23T19:39:57.619+0000] {logging_mixin.py:137} INFO - [2023-04-23T19:39:57.618+0000] {dag.py:3456} INFO - Setting next_dagrun for example_dag_decorator to None, run_after=None
[2023-04-23T19:39:57.716+0000] {processor.py:175} INFO - Processing /home/airflow/.local/lib/python3.7/site-packages/airflow/example_dags/example_dag_decorator.py took 0.754 seconds
[2023-04-23T19:45:32.330+0000] {processor.py:153} INFO - Started process (PID=68) to work on /home/airflow/.local/lib/python3.7/site-packages/airflow/example_dags/example_dag_decorator.py
[2023-04-23T19:45:32.336+0000] {processor.py:743} INFO - Processing file /home/airflow/.local/lib/python3.7/site-packages/airflow/example_dags/example_dag_decorator.py for tasks to queue
[2023-04-23T19:45:32.338+0000] {logging_mixin.py:137} INFO - [2023-04-23T19:45:32.338+0000] {dagbag.py:532} INFO - Filling up the DagBag from /home/airflow/.local/lib/python3.7/site-packages/airflow/example_dags/example_dag_decorator.py
[2023-04-23T19:45:32.380+0000] {logging_mixin.py:137} INFO - [2023-04-23T19:45:32.380+0000] {taskmixin.py:211} WARNING - Dependency <Task(_PythonDecoratedOperator): prepare_email>, send_email already registered for DAG: example_dag_decorator
[2023-04-23T19:45:32.399+0000] {logging_mixin.py:137} INFO - [2023-04-23T19:45:32.399+0000] {taskmixin.py:211} WARNING - Dependency <Task(EmailOperator): send_email>, prepare_email already registered for DAG: example_dag_decorator
[2023-04-23T19:45:32.416+0000] {processor.py:753} INFO - DAG(s) dict_keys(['example_dag_decorator']) retrieved from /home/airflow/.local/lib/python3.7/site-packages/airflow/example_dags/example_dag_decorator.py
[2023-04-23T19:45:32.566+0000] {logging_mixin.py:137} INFO - [2023-04-23T19:45:32.566+0000] {dag.py:2705} INFO - Sync 1 DAGs
[2023-04-23T19:45:32.596+0000] {logging_mixin.py:137} INFO - [2023-04-23T19:45:32.596+0000] {dag.py:3456} INFO - Setting next_dagrun for example_dag_decorator to None, run_after=None
[2023-04-23T19:45:32.626+0000] {processor.py:175} INFO - Processing /home/airflow/.local/lib/python3.7/site-packages/airflow/example_dags/example_dag_decorator.py took 0.300 seconds
[2023-04-23T19:57:07.647+0000] {processor.py:153} INFO - Started process (PID=77) to work on /home/airflow/.local/lib/python3.7/site-packages/airflow/example_dags/example_dag_decorator.py
[2023-04-23T19:57:07.663+0000] {processor.py:743} INFO - Processing file /home/airflow/.local/lib/python3.7/site-packages/airflow/example_dags/example_dag_decorator.py for tasks to queue
[2023-04-23T19:57:07.666+0000] {logging_mixin.py:137} INFO - [2023-04-23T19:57:07.666+0000] {dagbag.py:532} INFO - Filling up the DagBag from /home/airflow/.local/lib/python3.7/site-packages/airflow/example_dags/example_dag_decorator.py
[2023-04-23T19:57:07.734+0000] {logging_mixin.py:137} INFO - [2023-04-23T19:57:07.734+0000] {taskmixin.py:211} WARNING - Dependency <Task(_PythonDecoratedOperator): prepare_email>, send_email already registered for DAG: example_dag_decorator
[2023-04-23T19:57:07.744+0000] {logging_mixin.py:137} INFO - [2023-04-23T19:57:07.743+0000] {taskmixin.py:211} WARNING - Dependency <Task(EmailOperator): send_email>, prepare_email already registered for DAG: example_dag_decorator
[2023-04-23T19:57:07.804+0000] {processor.py:753} INFO - DAG(s) dict_keys(['example_dag_decorator']) retrieved from /home/airflow/.local/lib/python3.7/site-packages/airflow/example_dags/example_dag_decorator.py
