[2023-04-23T01:09:44.890+0000] {processor.py:153} INFO - Started process (PID=56) to work on /home/airflow/.local/lib/python3.7/site-packages/airflow/example_dags/example_nested_branch_dag.py
[2023-04-23T01:09:44.893+0000] {processor.py:743} INFO - Processing file /home/airflow/.local/lib/python3.7/site-packages/airflow/example_dags/example_nested_branch_dag.py for tasks to queue
[2023-04-23T01:09:44.897+0000] {logging_mixin.py:137} INFO - [2023-04-23T01:09:44.897+0000] {dagbag.py:532} INFO - Filling up the DagBag from /home/airflow/.local/lib/python3.7/site-packages/airflow/example_dags/example_nested_branch_dag.py
[2023-04-23T01:09:45.037+0000] {processor.py:753} INFO - DAG(s) dict_keys(['example_nested_branch_dag']) retrieved from /home/airflow/.local/lib/python3.7/site-packages/airflow/example_dags/example_nested_branch_dag.py
[2023-04-23T01:09:45.209+0000] {logging_mixin.py:137} INFO - [2023-04-23T01:09:45.209+0000] {dag.py:2705} INFO - Sync 1 DAGs
[2023-04-23T01:09:45.334+0000] {logging_mixin.py:137} INFO - [2023-04-23T01:09:45.334+0000] {dag.py:3456} INFO - Setting next_dagrun for example_nested_branch_dag to 2023-04-22T00:00:00+00:00, run_after=2023-04-23T00:00:00+00:00
[2023-04-23T01:09:45.392+0000] {processor.py:175} INFO - Processing /home/airflow/.local/lib/python3.7/site-packages/airflow/example_dags/example_nested_branch_dag.py took 0.528 seconds
[2023-04-23T02:24:08.059+0000] {processor.py:153} INFO - Started process (PID=60) to work on /home/airflow/.local/lib/python3.7/site-packages/airflow/example_dags/example_nested_branch_dag.py
[2023-04-23T02:24:08.062+0000] {processor.py:743} INFO - Processing file /home/airflow/.local/lib/python3.7/site-packages/airflow/example_dags/example_nested_branch_dag.py for tasks to queue
[2023-04-23T02:24:08.063+0000] {logging_mixin.py:137} INFO - [2023-04-23T02:24:08.063+0000] {dagbag.py:532} INFO - Filling up the DagBag from /home/airflow/.local/lib/python3.7/site-packages/airflow/example_dags/example_nested_branch_dag.py
[2023-04-23T02:24:08.298+0000] {processor.py:753} INFO - DAG(s) dict_keys(['example_nested_branch_dag']) retrieved from /home/airflow/.local/lib/python3.7/site-packages/airflow/example_dags/example_nested_branch_dag.py
[2023-04-23T02:24:08.430+0000] {logging_mixin.py:137} INFO - [2023-04-23T02:24:08.429+0000] {dag.py:2705} INFO - Sync 1 DAGs
[2023-04-23T02:24:08.566+0000] {logging_mixin.py:137} INFO - [2023-04-23T02:24:08.566+0000] {dag.py:3456} INFO - Setting next_dagrun for example_nested_branch_dag to 2023-04-22T00:00:00+00:00, run_after=2023-04-23T00:00:00+00:00
[2023-04-23T05:31:18.592+0000] {processor.py:153} INFO - Started process (PID=55) to work on /home/airflow/.local/lib/python3.7/site-packages/airflow/example_dags/example_nested_branch_dag.py
[2023-04-23T05:31:18.597+0000] {processor.py:743} INFO - Processing file /home/airflow/.local/lib/python3.7/site-packages/airflow/example_dags/example_nested_branch_dag.py for tasks to queue
[2023-04-23T05:31:18.597+0000] {logging_mixin.py:137} INFO - [2023-04-23T05:31:18.597+0000] {dagbag.py:532} INFO - Filling up the DagBag from /home/airflow/.local/lib/python3.7/site-packages/airflow/example_dags/example_nested_branch_dag.py
[2023-04-23T05:31:18.805+0000] {processor.py:753} INFO - DAG(s) dict_keys(['example_nested_branch_dag']) retrieved from /home/airflow/.local/lib/python3.7/site-packages/airflow/example_dags/example_nested_branch_dag.py
[2023-04-23T05:31:18.936+0000] {logging_mixin.py:137} INFO - [2023-04-23T05:31:18.936+0000] {dag.py:2705} INFO - Sync 1 DAGs
[2023-04-23T05:31:19.046+0000] {logging_mixin.py:137} INFO - [2023-04-23T05:31:19.042+0000] {dag.py:3456} INFO - Setting next_dagrun for example_nested_branch_dag to 2023-04-22T00:00:00+00:00, run_after=2023-04-23T00:00:00+00:00
[2023-04-23T05:31:19.103+0000] {processor.py:175} INFO - Processing /home/airflow/.local/lib/python3.7/site-packages/airflow/example_dags/example_nested_branch_dag.py took 0.520 seconds
[2023-04-23T07:36:15.108+0000] {processor.py:153} INFO - Started process (PID=56) to work on /home/airflow/.local/lib/python3.7/site-packages/airflow/example_dags/example_nested_branch_dag.py
[2023-04-23T07:36:15.115+0000] {processor.py:743} INFO - Processing file /home/airflow/.local/lib/python3.7/site-packages/airflow/example_dags/example_nested_branch_dag.py for tasks to queue
[2023-04-23T07:36:15.118+0000] {logging_mixin.py:137} INFO - [2023-04-23T07:36:15.117+0000] {dagbag.py:532} INFO - Filling up the DagBag from /home/airflow/.local/lib/python3.7/site-packages/airflow/example_dags/example_nested_branch_dag.py
[2023-04-23T07:36:15.248+0000] {processor.py:753} INFO - DAG(s) dict_keys(['example_nested_branch_dag']) retrieved from /home/airflow/.local/lib/python3.7/site-packages/airflow/example_dags/example_nested_branch_dag.py
[2023-04-23T07:36:15.356+0000] {logging_mixin.py:137} INFO - [2023-04-23T07:36:15.356+0000] {dag.py:2705} INFO - Sync 1 DAGs
[2023-04-23T07:36:15.454+0000] {logging_mixin.py:137} INFO - [2023-04-23T07:36:15.453+0000] {dag.py:3456} INFO - Setting next_dagrun for example_nested_branch_dag to 2023-04-22T00:00:00+00:00, run_after=2023-04-23T00:00:00+00:00
[2023-04-23T07:36:15.541+0000] {processor.py:175} INFO - Processing /home/airflow/.local/lib/python3.7/site-packages/airflow/example_dags/example_nested_branch_dag.py took 0.436 seconds
[2023-04-23T07:53:36.475+0000] {processor.py:153} INFO - Started process (PID=48) to work on /home/airflow/.local/lib/python3.7/site-packages/airflow/example_dags/example_nested_branch_dag.py
[2023-04-23T07:53:36.476+0000] {processor.py:743} INFO - Processing file /home/airflow/.local/lib/python3.7/site-packages/airflow/example_dags/example_nested_branch_dag.py for tasks to queue
[2023-04-23T07:53:36.476+0000] {logging_mixin.py:137} INFO - [2023-04-23T07:53:36.476+0000] {dagbag.py:532} INFO - Filling up the DagBag from /home/airflow/.local/lib/python3.7/site-packages/airflow/example_dags/example_nested_branch_dag.py
[2023-04-23T07:53:36.526+0000] {processor.py:753} INFO - DAG(s) dict_keys(['example_nested_branch_dag']) retrieved from /home/airflow/.local/lib/python3.7/site-packages/airflow/example_dags/example_nested_branch_dag.py
[2023-04-23T07:53:36.613+0000] {logging_mixin.py:137} INFO - [2023-04-23T07:53:36.612+0000] {dag.py:2705} INFO - Sync 1 DAGs
[2023-04-23T07:53:36.748+0000] {logging_mixin.py:137} INFO - [2023-04-23T07:53:36.748+0000] {dag.py:3456} INFO - Setting next_dagrun for example_nested_branch_dag to 2023-04-22T00:00:00+00:00, run_after=2023-04-23T00:00:00+00:00
[2023-04-23T07:53:36.917+0000] {processor.py:175} INFO - Processing /home/airflow/.local/lib/python3.7/site-packages/airflow/example_dags/example_nested_branch_dag.py took 0.440 seconds
[2023-04-23T11:42:56.352+0000] {processor.py:153} INFO - Started process (PID=57) to work on /home/airflow/.local/lib/python3.7/site-packages/airflow/example_dags/example_nested_branch_dag.py
[2023-04-23T11:42:56.353+0000] {processor.py:743} INFO - Processing file /home/airflow/.local/lib/python3.7/site-packages/airflow/example_dags/example_nested_branch_dag.py for tasks to queue
[2023-04-23T11:42:56.354+0000] {logging_mixin.py:137} INFO - [2023-04-23T11:42:56.354+0000] {dagbag.py:532} INFO - Filling up the DagBag from /home/airflow/.local/lib/python3.7/site-packages/airflow/example_dags/example_nested_branch_dag.py
[2023-04-23T11:42:56.457+0000] {processor.py:753} INFO - DAG(s) dict_keys(['example_nested_branch_dag']) retrieved from /home/airflow/.local/lib/python3.7/site-packages/airflow/example_dags/example_nested_branch_dag.py
[2023-04-23T11:42:56.524+0000] {logging_mixin.py:137} INFO - [2023-04-23T11:42:56.524+0000] {dag.py:2705} INFO - Sync 1 DAGs
[2023-04-23T11:42:56.566+0000] {logging_mixin.py:137} INFO - [2023-04-23T11:42:56.566+0000] {dag.py:3456} INFO - Setting next_dagrun for example_nested_branch_dag to 2023-04-22T00:00:00+00:00, run_after=2023-04-23T00:00:00+00:00
[2023-04-23T11:42:56.593+0000] {processor.py:175} INFO - Processing /home/airflow/.local/lib/python3.7/site-packages/airflow/example_dags/example_nested_branch_dag.py took 0.252 seconds
[2023-04-23T11:47:50.504+0000] {processor.py:153} INFO - Started process (PID=56) to work on /home/airflow/.local/lib/python3.7/site-packages/airflow/example_dags/example_nested_branch_dag.py
[2023-04-23T11:47:50.505+0000] {processor.py:743} INFO - Processing file /home/airflow/.local/lib/python3.7/site-packages/airflow/example_dags/example_nested_branch_dag.py for tasks to queue
[2023-04-23T11:47:50.505+0000] {logging_mixin.py:137} INFO - [2023-04-23T11:47:50.505+0000] {dagbag.py:532} INFO - Filling up the DagBag from /home/airflow/.local/lib/python3.7/site-packages/airflow/example_dags/example_nested_branch_dag.py
[2023-04-23T11:47:50.536+0000] {processor.py:753} INFO - DAG(s) dict_keys(['example_nested_branch_dag']) retrieved from /home/airflow/.local/lib/python3.7/site-packages/airflow/example_dags/example_nested_branch_dag.py
[2023-04-23T11:47:50.563+0000] {logging_mixin.py:137} INFO - [2023-04-23T11:47:50.563+0000] {dag.py:2705} INFO - Sync 1 DAGs
[2023-04-23T11:47:50.588+0000] {logging_mixin.py:137} INFO - [2023-04-23T11:47:50.588+0000] {dag.py:3456} INFO - Setting next_dagrun for example_nested_branch_dag to 2023-04-22T00:00:00+00:00, run_after=2023-04-23T00:00:00+00:00
[2023-04-23T11:47:50.608+0000] {processor.py:175} INFO - Processing /home/airflow/.local/lib/python3.7/site-packages/airflow/example_dags/example_nested_branch_dag.py took 0.112 seconds
[2023-04-23T11:48:55.819+0000] {processor.py:153} INFO - Started process (PID=48) to work on /home/airflow/.local/lib/python3.7/site-packages/airflow/example_dags/example_nested_branch_dag.py
[2023-04-23T11:48:55.821+0000] {processor.py:743} INFO - Processing file /home/airflow/.local/lib/python3.7/site-packages/airflow/example_dags/example_nested_branch_dag.py for tasks to queue
[2023-04-23T11:48:55.825+0000] {logging_mixin.py:137} INFO - [2023-04-23T11:48:55.825+0000] {dagbag.py:532} INFO - Filling up the DagBag from /home/airflow/.local/lib/python3.7/site-packages/airflow/example_dags/example_nested_branch_dag.py
[2023-04-23T11:48:55.887+0000] {processor.py:753} INFO - DAG(s) dict_keys(['example_nested_branch_dag']) retrieved from /home/airflow/.local/lib/python3.7/site-packages/airflow/example_dags/example_nested_branch_dag.py
[2023-04-23T11:48:55.930+0000] {logging_mixin.py:137} INFO - [2023-04-23T11:48:55.930+0000] {dag.py:2705} INFO - Sync 1 DAGs
[2023-04-23T11:48:55.982+0000] {logging_mixin.py:137} INFO - [2023-04-23T11:48:55.982+0000] {dag.py:3456} INFO - Setting next_dagrun for example_nested_branch_dag to 2023-04-22T00:00:00+00:00, run_after=2023-04-23T00:00:00+00:00
[2023-04-23T11:48:56.014+0000] {processor.py:175} INFO - Processing /home/airflow/.local/lib/python3.7/site-packages/airflow/example_dags/example_nested_branch_dag.py took 0.198 seconds
[2023-04-23T11:51:31.712+0000] {processor.py:153} INFO - Started process (PID=57) to work on /home/airflow/.local/lib/python3.7/site-packages/airflow/example_dags/example_nested_branch_dag.py
[2023-04-23T11:51:31.720+0000] {processor.py:743} INFO - Processing file /home/airflow/.local/lib/python3.7/site-packages/airflow/example_dags/example_nested_branch_dag.py for tasks to queue
[2023-04-23T11:51:31.726+0000] {logging_mixin.py:137} INFO - [2023-04-23T11:51:31.725+0000] {dagbag.py:532} INFO - Filling up the DagBag from /home/airflow/.local/lib/python3.7/site-packages/airflow/example_dags/example_nested_branch_dag.py
[2023-04-23T11:51:31.779+0000] {processor.py:753} INFO - DAG(s) dict_keys(['example_nested_branch_dag']) retrieved from /home/airflow/.local/lib/python3.7/site-packages/airflow/example_dags/example_nested_branch_dag.py
[2023-04-23T11:51:31.823+0000] {logging_mixin.py:137} INFO - [2023-04-23T11:51:31.823+0000] {dag.py:2705} INFO - Sync 1 DAGs
[2023-04-23T11:51:31.926+0000] {logging_mixin.py:137} INFO - [2023-04-23T11:51:31.926+0000] {dag.py:3456} INFO - Setting next_dagrun for example_nested_branch_dag to 2023-04-22T00:00:00+00:00, run_after=2023-04-23T00:00:00+00:00
[2023-04-23T11:51:31.986+0000] {processor.py:175} INFO - Processing /home/airflow/.local/lib/python3.7/site-packages/airflow/example_dags/example_nested_branch_dag.py took 0.277 seconds
[2023-04-23T11:52:26.999+0000] {processor.py:153} INFO - Started process (PID=54) to work on /home/airflow/.local/lib/python3.7/site-packages/airflow/example_dags/example_nested_branch_dag.py
[2023-04-23T11:52:27.000+0000] {processor.py:743} INFO - Processing file /home/airflow/.local/lib/python3.7/site-packages/airflow/example_dags/example_nested_branch_dag.py for tasks to queue
[2023-04-23T11:52:27.001+0000] {logging_mixin.py:137} INFO - [2023-04-23T11:52:27.001+0000] {dagbag.py:532} INFO - Filling up the DagBag from /home/airflow/.local/lib/python3.7/site-packages/airflow/example_dags/example_nested_branch_dag.py
[2023-04-23T11:52:27.022+0000] {processor.py:753} INFO - DAG(s) dict_keys(['example_nested_branch_dag']) retrieved from /home/airflow/.local/lib/python3.7/site-packages/airflow/example_dags/example_nested_branch_dag.py
[2023-04-23T11:52:27.044+0000] {logging_mixin.py:137} INFO - [2023-04-23T11:52:27.044+0000] {dag.py:2705} INFO - Sync 1 DAGs
[2023-04-23T11:52:27.073+0000] {logging_mixin.py:137} INFO - [2023-04-23T11:52:27.073+0000] {dag.py:3456} INFO - Setting next_dagrun for example_nested_branch_dag to 2023-04-22T00:00:00+00:00, run_after=2023-04-23T00:00:00+00:00
[2023-04-23T11:52:27.099+0000] {processor.py:175} INFO - Processing /home/airflow/.local/lib/python3.7/site-packages/airflow/example_dags/example_nested_branch_dag.py took 0.111 seconds
[2023-04-23T11:52:48.084+0000] {processor.py:153} INFO - Started process (PID=48) to work on /home/airflow/.local/lib/python3.7/site-packages/airflow/example_dags/example_nested_branch_dag.py
[2023-04-23T11:52:48.086+0000] {processor.py:743} INFO - Processing file /home/airflow/.local/lib/python3.7/site-packages/airflow/example_dags/example_nested_branch_dag.py for tasks to queue
[2023-04-23T11:52:48.087+0000] {logging_mixin.py:137} INFO - [2023-04-23T11:52:48.087+0000] {dagbag.py:532} INFO - Filling up the DagBag from /home/airflow/.local/lib/python3.7/site-packages/airflow/example_dags/example_nested_branch_dag.py
[2023-04-23T11:52:48.112+0000] {processor.py:753} INFO - DAG(s) dict_keys(['example_nested_branch_dag']) retrieved from /home/airflow/.local/lib/python3.7/site-packages/airflow/example_dags/example_nested_branch_dag.py
[2023-04-23T11:52:48.158+0000] {logging_mixin.py:137} INFO - [2023-04-23T11:52:48.157+0000] {dag.py:2705} INFO - Sync 1 DAGs
[2023-04-23T11:52:48.218+0000] {logging_mixin.py:137} INFO - [2023-04-23T11:52:48.218+0000] {dag.py:3456} INFO - Setting next_dagrun for example_nested_branch_dag to 2023-04-22T00:00:00+00:00, run_after=2023-04-23T00:00:00+00:00
[2023-04-23T11:52:48.239+0000] {processor.py:175} INFO - Processing /home/airflow/.local/lib/python3.7/site-packages/airflow/example_dags/example_nested_branch_dag.py took 0.157 seconds
[2023-04-23T11:53:42.429+0000] {processor.py:153} INFO - Started process (PID=52) to work on /home/airflow/.local/lib/python3.7/site-packages/airflow/example_dags/example_nested_branch_dag.py
[2023-04-23T11:53:42.430+0000] {processor.py:743} INFO - Processing file /home/airflow/.local/lib/python3.7/site-packages/airflow/example_dags/example_nested_branch_dag.py for tasks to queue
[2023-04-23T11:53:42.434+0000] {logging_mixin.py:137} INFO - [2023-04-23T11:53:42.434+0000] {dagbag.py:532} INFO - Filling up the DagBag from /home/airflow/.local/lib/python3.7/site-packages/airflow/example_dags/example_nested_branch_dag.py
[2023-04-23T11:53:42.480+0000] {processor.py:753} INFO - DAG(s) dict_keys(['example_nested_branch_dag']) retrieved from /home/airflow/.local/lib/python3.7/site-packages/airflow/example_dags/example_nested_branch_dag.py
[2023-04-23T11:53:42.514+0000] {logging_mixin.py:137} INFO - [2023-04-23T11:53:42.514+0000] {dag.py:2705} INFO - Sync 1 DAGs
[2023-04-23T11:53:42.555+0000] {logging_mixin.py:137} INFO - [2023-04-23T11:53:42.555+0000] {dag.py:3456} INFO - Setting next_dagrun for example_nested_branch_dag to 2023-04-22T00:00:00+00:00, run_after=2023-04-23T00:00:00+00:00
[2023-04-23T11:53:42.579+0000] {processor.py:175} INFO - Processing /home/airflow/.local/lib/python3.7/site-packages/airflow/example_dags/example_nested_branch_dag.py took 0.153 seconds
[2023-04-23T11:57:06.002+0000] {processor.py:153} INFO - Started process (PID=49) to work on /home/airflow/.local/lib/python3.7/site-packages/airflow/example_dags/example_nested_branch_dag.py
[2023-04-23T11:57:06.003+0000] {processor.py:743} INFO - Processing file /home/airflow/.local/lib/python3.7/site-packages/airflow/example_dags/example_nested_branch_dag.py for tasks to queue
[2023-04-23T11:57:06.007+0000] {logging_mixin.py:137} INFO - [2023-04-23T11:57:06.007+0000] {dagbag.py:532} INFO - Filling up the DagBag from /home/airflow/.local/lib/python3.7/site-packages/airflow/example_dags/example_nested_branch_dag.py
[2023-04-23T11:57:06.110+0000] {processor.py:753} INFO - DAG(s) dict_keys(['example_nested_branch_dag']) retrieved from /home/airflow/.local/lib/python3.7/site-packages/airflow/example_dags/example_nested_branch_dag.py
[2023-04-23T11:57:06.154+0000] {logging_mixin.py:137} INFO - [2023-04-23T11:57:06.154+0000] {dag.py:2705} INFO - Sync 1 DAGs
[2023-04-23T11:57:06.222+0000] {logging_mixin.py:137} INFO - [2023-04-23T11:57:06.221+0000] {dag.py:3456} INFO - Setting next_dagrun for example_nested_branch_dag to 2023-04-22T00:00:00+00:00, run_after=2023-04-23T00:00:00+00:00
[2023-04-23T11:57:06.268+0000] {processor.py:175} INFO - Processing /home/airflow/.local/lib/python3.7/site-packages/airflow/example_dags/example_nested_branch_dag.py took 0.284 seconds
[2023-04-23T12:02:40.466+0000] {processor.py:153} INFO - Started process (PID=55) to work on /home/airflow/.local/lib/python3.7/site-packages/airflow/example_dags/example_nested_branch_dag.py
[2023-04-23T12:02:40.467+0000] {processor.py:743} INFO - Processing file /home/airflow/.local/lib/python3.7/site-packages/airflow/example_dags/example_nested_branch_dag.py for tasks to queue
[2023-04-23T12:02:40.469+0000] {logging_mixin.py:137} INFO - [2023-04-23T12:02:40.469+0000] {dagbag.py:532} INFO - Filling up the DagBag from /home/airflow/.local/lib/python3.7/site-packages/airflow/example_dags/example_nested_branch_dag.py
[2023-04-23T12:02:40.529+0000] {processor.py:753} INFO - DAG(s) dict_keys(['example_nested_branch_dag']) retrieved from /home/airflow/.local/lib/python3.7/site-packages/airflow/example_dags/example_nested_branch_dag.py
[2023-04-23T12:02:40.576+0000] {logging_mixin.py:137} INFO - [2023-04-23T12:02:40.576+0000] {dag.py:2705} INFO - Sync 1 DAGs
[2023-04-23T12:02:40.611+0000] {logging_mixin.py:137} INFO - [2023-04-23T12:02:40.611+0000] {dag.py:3456} INFO - Setting next_dagrun for example_nested_branch_dag to 2023-04-22T00:00:00+00:00, run_after=2023-04-23T00:00:00+00:00
[2023-04-23T12:02:40.641+0000] {processor.py:175} INFO - Processing /home/airflow/.local/lib/python3.7/site-packages/airflow/example_dags/example_nested_branch_dag.py took 0.179 seconds
[2023-04-23T12:03:05.428+0000] {processor.py:153} INFO - Started process (PID=48) to work on /home/airflow/.local/lib/python3.7/site-packages/airflow/example_dags/example_nested_branch_dag.py
[2023-04-23T12:03:05.432+0000] {processor.py:743} INFO - Processing file /home/airflow/.local/lib/python3.7/site-packages/airflow/example_dags/example_nested_branch_dag.py for tasks to queue
[2023-04-23T12:03:05.433+0000] {logging_mixin.py:137} INFO - [2023-04-23T12:03:05.433+0000] {dagbag.py:532} INFO - Filling up the DagBag from /home/airflow/.local/lib/python3.7/site-packages/airflow/example_dags/example_nested_branch_dag.py
[2023-04-23T12:03:05.474+0000] {processor.py:753} INFO - DAG(s) dict_keys(['example_nested_branch_dag']) retrieved from /home/airflow/.local/lib/python3.7/site-packages/airflow/example_dags/example_nested_branch_dag.py
[2023-04-23T12:03:05.520+0000] {logging_mixin.py:137} INFO - [2023-04-23T12:03:05.520+0000] {dag.py:2705} INFO - Sync 1 DAGs
[2023-04-23T12:03:05.553+0000] {logging_mixin.py:137} INFO - [2023-04-23T12:03:05.553+0000] {dag.py:3456} INFO - Setting next_dagrun for example_nested_branch_dag to 2023-04-22T00:00:00+00:00, run_after=2023-04-23T00:00:00+00:00
[2023-04-23T12:03:05.565+0000] {processor.py:175} INFO - Processing /home/airflow/.local/lib/python3.7/site-packages/airflow/example_dags/example_nested_branch_dag.py took 0.145 seconds
[2023-04-23T12:03:42.870+0000] {processor.py:153} INFO - Started process (PID=103) to work on /home/airflow/.local/lib/python3.7/site-packages/airflow/example_dags/example_nested_branch_dag.py
[2023-04-23T12:03:42.909+0000] {processor.py:743} INFO - Processing file /home/airflow/.local/lib/python3.7/site-packages/airflow/example_dags/example_nested_branch_dag.py for tasks to queue
[2023-04-23T12:03:43.073+0000] {logging_mixin.py:137} INFO - [2023-04-23T12:03:42.986+0000] {dagbag.py:532} INFO - Filling up the DagBag from /home/airflow/.local/lib/python3.7/site-packages/airflow/example_dags/example_nested_branch_dag.py
[2023-04-23T12:03:48.190+0000] {processor.py:753} INFO - DAG(s) dict_keys(['example_nested_branch_dag']) retrieved from /home/airflow/.local/lib/python3.7/site-packages/airflow/example_dags/example_nested_branch_dag.py
[2023-04-23T12:08:35.315+0000] {processor.py:153} INFO - Started process (PID=48) to work on /home/airflow/.local/lib/python3.7/site-packages/airflow/example_dags/example_nested_branch_dag.py
[2023-04-23T12:08:35.321+0000] {processor.py:743} INFO - Processing file /home/airflow/.local/lib/python3.7/site-packages/airflow/example_dags/example_nested_branch_dag.py for tasks to queue
[2023-04-23T12:08:35.322+0000] {logging_mixin.py:137} INFO - [2023-04-23T12:08:35.322+0000] {dagbag.py:532} INFO - Filling up the DagBag from /home/airflow/.local/lib/python3.7/site-packages/airflow/example_dags/example_nested_branch_dag.py
[2023-04-23T12:08:35.516+0000] {processor.py:753} INFO - DAG(s) dict_keys(['example_nested_branch_dag']) retrieved from /home/airflow/.local/lib/python3.7/site-packages/airflow/example_dags/example_nested_branch_dag.py
[2023-04-23T12:10:07.644+0000] {processor.py:153} INFO - Started process (PID=56) to work on /home/airflow/.local/lib/python3.7/site-packages/airflow/example_dags/example_nested_branch_dag.py
[2023-04-23T12:10:07.649+0000] {processor.py:743} INFO - Processing file /home/airflow/.local/lib/python3.7/site-packages/airflow/example_dags/example_nested_branch_dag.py for tasks to queue
[2023-04-23T12:10:07.649+0000] {logging_mixin.py:137} INFO - [2023-04-23T12:10:07.649+0000] {dagbag.py:532} INFO - Filling up the DagBag from /home/airflow/.local/lib/python3.7/site-packages/airflow/example_dags/example_nested_branch_dag.py
[2023-04-23T12:10:07.705+0000] {processor.py:753} INFO - DAG(s) dict_keys(['example_nested_branch_dag']) retrieved from /home/airflow/.local/lib/python3.7/site-packages/airflow/example_dags/example_nested_branch_dag.py
[2023-04-23T12:10:07.740+0000] {logging_mixin.py:137} INFO - [2023-04-23T12:10:07.740+0000] {dag.py:2705} INFO - Sync 1 DAGs
[2023-04-23T12:10:07.796+0000] {logging_mixin.py:137} INFO - [2023-04-23T12:10:07.795+0000] {dag.py:3456} INFO - Setting next_dagrun for example_nested_branch_dag to 2023-04-22T00:00:00+00:00, run_after=2023-04-23T00:00:00+00:00
[2023-04-23T12:10:07.830+0000] {processor.py:175} INFO - Processing /home/airflow/.local/lib/python3.7/site-packages/airflow/example_dags/example_nested_branch_dag.py took 0.189 seconds
[2023-04-23T12:10:54.188+0000] {processor.py:153} INFO - Started process (PID=48) to work on /home/airflow/.local/lib/python3.7/site-packages/airflow/example_dags/example_nested_branch_dag.py
[2023-04-23T12:10:54.191+0000] {processor.py:743} INFO - Processing file /home/airflow/.local/lib/python3.7/site-packages/airflow/example_dags/example_nested_branch_dag.py for tasks to queue
[2023-04-23T12:10:54.193+0000] {logging_mixin.py:137} INFO - [2023-04-23T12:10:54.193+0000] {dagbag.py:532} INFO - Filling up the DagBag from /home/airflow/.local/lib/python3.7/site-packages/airflow/example_dags/example_nested_branch_dag.py
[2023-04-23T12:10:54.389+0000] {processor.py:753} INFO - DAG(s) dict_keys(['example_nested_branch_dag']) retrieved from /home/airflow/.local/lib/python3.7/site-packages/airflow/example_dags/example_nested_branch_dag.py
[2023-04-23T12:10:54.636+0000] {logging_mixin.py:137} INFO - [2023-04-23T12:10:54.631+0000] {dag.py:2705} INFO - Sync 1 DAGs
[2023-04-23T12:10:54.871+0000] {logging_mixin.py:137} INFO - [2023-04-23T12:10:54.867+0000] {dag.py:3456} INFO - Setting next_dagrun for example_nested_branch_dag to 2023-04-22T00:00:00+00:00, run_after=2023-04-23T00:00:00+00:00
[2023-04-23T12:10:55.396+0000] {processor.py:175} INFO - Processing /home/airflow/.local/lib/python3.7/site-packages/airflow/example_dags/example_nested_branch_dag.py took 1.223 seconds
[2023-04-23T12:12:54.104+0000] {processor.py:153} INFO - Started process (PID=48) to work on /home/airflow/.local/lib/python3.7/site-packages/airflow/example_dags/example_nested_branch_dag.py
[2023-04-23T12:12:54.110+0000] {processor.py:743} INFO - Processing file /home/airflow/.local/lib/python3.7/site-packages/airflow/example_dags/example_nested_branch_dag.py for tasks to queue
[2023-04-23T12:12:54.131+0000] {logging_mixin.py:137} INFO - [2023-04-23T12:12:54.131+0000] {dagbag.py:532} INFO - Filling up the DagBag from /home/airflow/.local/lib/python3.7/site-packages/airflow/example_dags/example_nested_branch_dag.py
[2023-04-23T12:12:54.743+0000] {processor.py:753} INFO - DAG(s) dict_keys(['example_nested_branch_dag']) retrieved from /home/airflow/.local/lib/python3.7/site-packages/airflow/example_dags/example_nested_branch_dag.py
[2023-04-23T12:14:15.708+0000] {processor.py:153} INFO - Started process (PID=48) to work on /home/airflow/.local/lib/python3.7/site-packages/airflow/example_dags/example_nested_branch_dag.py
[2023-04-23T12:14:15.711+0000] {processor.py:743} INFO - Processing file /home/airflow/.local/lib/python3.7/site-packages/airflow/example_dags/example_nested_branch_dag.py for tasks to queue
[2023-04-23T12:14:15.713+0000] {logging_mixin.py:137} INFO - [2023-04-23T12:14:15.713+0000] {dagbag.py:532} INFO - Filling up the DagBag from /home/airflow/.local/lib/python3.7/site-packages/airflow/example_dags/example_nested_branch_dag.py
[2023-04-23T12:14:15.746+0000] {processor.py:753} INFO - DAG(s) dict_keys(['example_nested_branch_dag']) retrieved from /home/airflow/.local/lib/python3.7/site-packages/airflow/example_dags/example_nested_branch_dag.py
[2023-04-23T12:14:15.783+0000] {logging_mixin.py:137} INFO - [2023-04-23T12:14:15.783+0000] {dag.py:2705} INFO - Sync 1 DAGs
[2023-04-23T12:14:15.822+0000] {logging_mixin.py:137} INFO - [2023-04-23T12:14:15.822+0000] {dag.py:3456} INFO - Setting next_dagrun for example_nested_branch_dag to 2023-04-22T00:00:00+00:00, run_after=2023-04-23T00:00:00+00:00
[2023-04-23T12:14:15.908+0000] {processor.py:175} INFO - Processing /home/airflow/.local/lib/python3.7/site-packages/airflow/example_dags/example_nested_branch_dag.py took 0.203 seconds
[2023-04-23T12:15:17.376+0000] {processor.py:153} INFO - Started process (PID=50) to work on /home/airflow/.local/lib/python3.7/site-packages/airflow/example_dags/example_nested_branch_dag.py
[2023-04-23T12:15:17.379+0000] {processor.py:743} INFO - Processing file /home/airflow/.local/lib/python3.7/site-packages/airflow/example_dags/example_nested_branch_dag.py for tasks to queue
[2023-04-23T12:15:17.380+0000] {logging_mixin.py:137} INFO - [2023-04-23T12:15:17.380+0000] {dagbag.py:532} INFO - Filling up the DagBag from /home/airflow/.local/lib/python3.7/site-packages/airflow/example_dags/example_nested_branch_dag.py
[2023-04-23T12:15:17.486+0000] {processor.py:753} INFO - DAG(s) dict_keys(['example_nested_branch_dag']) retrieved from /home/airflow/.local/lib/python3.7/site-packages/airflow/example_dags/example_nested_branch_dag.py
[2023-04-23T12:15:17.593+0000] {logging_mixin.py:137} INFO - [2023-04-23T12:15:17.592+0000] {dag.py:2705} INFO - Sync 1 DAGs
[2023-04-23T12:15:17.740+0000] {logging_mixin.py:137} INFO - [2023-04-23T12:15:17.739+0000] {dag.py:3456} INFO - Setting next_dagrun for example_nested_branch_dag to 2023-04-22T00:00:00+00:00, run_after=2023-04-23T00:00:00+00:00
[2023-04-23T12:15:18.164+0000] {processor.py:175} INFO - Processing /home/airflow/.local/lib/python3.7/site-packages/airflow/example_dags/example_nested_branch_dag.py took 0.792 seconds
[2023-04-23T12:16:02.279+0000] {processor.py:153} INFO - Started process (PID=57) to work on /home/airflow/.local/lib/python3.7/site-packages/airflow/example_dags/example_nested_branch_dag.py
[2023-04-23T12:16:02.281+0000] {processor.py:743} INFO - Processing file /home/airflow/.local/lib/python3.7/site-packages/airflow/example_dags/example_nested_branch_dag.py for tasks to queue
[2023-04-23T12:16:02.284+0000] {logging_mixin.py:137} INFO - [2023-04-23T12:16:02.284+0000] {dagbag.py:532} INFO - Filling up the DagBag from /home/airflow/.local/lib/python3.7/site-packages/airflow/example_dags/example_nested_branch_dag.py
[2023-04-23T12:16:02.347+0000] {processor.py:753} INFO - DAG(s) dict_keys(['example_nested_branch_dag']) retrieved from /home/airflow/.local/lib/python3.7/site-packages/airflow/example_dags/example_nested_branch_dag.py
[2023-04-23T12:16:02.408+0000] {logging_mixin.py:137} INFO - [2023-04-23T12:16:02.407+0000] {dag.py:2705} INFO - Sync 1 DAGs
[2023-04-23T12:16:02.458+0000] {logging_mixin.py:137} INFO - [2023-04-23T12:16:02.458+0000] {dag.py:3456} INFO - Setting next_dagrun for example_nested_branch_dag to 2023-04-22T00:00:00+00:00, run_after=2023-04-23T00:00:00+00:00
[2023-04-23T12:16:02.527+0000] {processor.py:175} INFO - Processing /home/airflow/.local/lib/python3.7/site-packages/airflow/example_dags/example_nested_branch_dag.py took 0.250 seconds
[2023-04-23T12:16:35.309+0000] {processor.py:153} INFO - Started process (PID=48) to work on /home/airflow/.local/lib/python3.7/site-packages/airflow/example_dags/example_nested_branch_dag.py
[2023-04-23T12:16:35.310+0000] {processor.py:743} INFO - Processing file /home/airflow/.local/lib/python3.7/site-packages/airflow/example_dags/example_nested_branch_dag.py for tasks to queue
[2023-04-23T12:16:35.311+0000] {logging_mixin.py:137} INFO - [2023-04-23T12:16:35.311+0000] {dagbag.py:532} INFO - Filling up the DagBag from /home/airflow/.local/lib/python3.7/site-packages/airflow/example_dags/example_nested_branch_dag.py
[2023-04-23T12:16:35.333+0000] {processor.py:753} INFO - DAG(s) dict_keys(['example_nested_branch_dag']) retrieved from /home/airflow/.local/lib/python3.7/site-packages/airflow/example_dags/example_nested_branch_dag.py
[2023-04-23T12:16:35.354+0000] {logging_mixin.py:137} INFO - [2023-04-23T12:16:35.354+0000] {dag.py:2705} INFO - Sync 1 DAGs
[2023-04-23T12:16:35.389+0000] {logging_mixin.py:137} INFO - [2023-04-23T12:16:35.389+0000] {dag.py:3456} INFO - Setting next_dagrun for example_nested_branch_dag to 2023-04-22T00:00:00+00:00, run_after=2023-04-23T00:00:00+00:00
[2023-04-23T12:16:35.407+0000] {processor.py:175} INFO - Processing /home/airflow/.local/lib/python3.7/site-packages/airflow/example_dags/example_nested_branch_dag.py took 0.100 seconds
[2023-04-23T12:17:11.379+0000] {processor.py:153} INFO - Started process (PID=48) to work on /home/airflow/.local/lib/python3.7/site-packages/airflow/example_dags/example_nested_branch_dag.py
[2023-04-23T12:17:11.381+0000] {processor.py:743} INFO - Processing file /home/airflow/.local/lib/python3.7/site-packages/airflow/example_dags/example_nested_branch_dag.py for tasks to queue
[2023-04-23T12:17:11.382+0000] {logging_mixin.py:137} INFO - [2023-04-23T12:17:11.381+0000] {dagbag.py:532} INFO - Filling up the DagBag from /home/airflow/.local/lib/python3.7/site-packages/airflow/example_dags/example_nested_branch_dag.py
[2023-04-23T12:17:11.463+0000] {processor.py:753} INFO - DAG(s) dict_keys(['example_nested_branch_dag']) retrieved from /home/airflow/.local/lib/python3.7/site-packages/airflow/example_dags/example_nested_branch_dag.py
[2023-04-23T12:17:11.497+0000] {logging_mixin.py:137} INFO - [2023-04-23T12:17:11.497+0000] {dag.py:2705} INFO - Sync 1 DAGs
[2023-04-23T12:17:11.550+0000] {logging_mixin.py:137} INFO - [2023-04-23T12:17:11.550+0000] {dag.py:3456} INFO - Setting next_dagrun for example_nested_branch_dag to 2023-04-22T00:00:00+00:00, run_after=2023-04-23T00:00:00+00:00
[2023-04-23T12:17:11.566+0000] {processor.py:175} INFO - Processing /home/airflow/.local/lib/python3.7/site-packages/airflow/example_dags/example_nested_branch_dag.py took 0.190 seconds
[2023-04-23T12:17:58.479+0000] {processor.py:153} INFO - Started process (PID=48) to work on /home/airflow/.local/lib/python3.7/site-packages/airflow/example_dags/example_nested_branch_dag.py
[2023-04-23T12:17:58.481+0000] {processor.py:743} INFO - Processing file /home/airflow/.local/lib/python3.7/site-packages/airflow/example_dags/example_nested_branch_dag.py for tasks to queue
[2023-04-23T12:17:58.485+0000] {logging_mixin.py:137} INFO - [2023-04-23T12:17:58.485+0000] {dagbag.py:532} INFO - Filling up the DagBag from /home/airflow/.local/lib/python3.7/site-packages/airflow/example_dags/example_nested_branch_dag.py
[2023-04-23T12:17:58.510+0000] {processor.py:753} INFO - DAG(s) dict_keys(['example_nested_branch_dag']) retrieved from /home/airflow/.local/lib/python3.7/site-packages/airflow/example_dags/example_nested_branch_dag.py
[2023-04-23T12:17:58.530+0000] {logging_mixin.py:137} INFO - [2023-04-23T12:17:58.530+0000] {dag.py:2705} INFO - Sync 1 DAGs
[2023-04-23T12:17:58.551+0000] {logging_mixin.py:137} INFO - [2023-04-23T12:17:58.550+0000] {dag.py:3456} INFO - Setting next_dagrun for example_nested_branch_dag to 2023-04-22T00:00:00+00:00, run_after=2023-04-23T00:00:00+00:00
[2023-04-23T12:17:58.564+0000] {processor.py:175} INFO - Processing /home/airflow/.local/lib/python3.7/site-packages/airflow/example_dags/example_nested_branch_dag.py took 0.088 seconds
[2023-04-23T12:18:52.310+0000] {processor.py:153} INFO - Started process (PID=48) to work on /home/airflow/.local/lib/python3.7/site-packages/airflow/example_dags/example_nested_branch_dag.py
[2023-04-23T12:18:52.311+0000] {processor.py:743} INFO - Processing file /home/airflow/.local/lib/python3.7/site-packages/airflow/example_dags/example_nested_branch_dag.py for tasks to queue
[2023-04-23T12:18:52.311+0000] {logging_mixin.py:137} INFO - [2023-04-23T12:18:52.311+0000] {dagbag.py:532} INFO - Filling up the DagBag from /home/airflow/.local/lib/python3.7/site-packages/airflow/example_dags/example_nested_branch_dag.py
[2023-04-23T12:18:52.358+0000] {processor.py:753} INFO - DAG(s) dict_keys(['example_nested_branch_dag']) retrieved from /home/airflow/.local/lib/python3.7/site-packages/airflow/example_dags/example_nested_branch_dag.py
[2023-04-23T12:18:52.382+0000] {logging_mixin.py:137} INFO - [2023-04-23T12:18:52.382+0000] {dag.py:2705} INFO - Sync 1 DAGs
[2023-04-23T12:18:52.407+0000] {logging_mixin.py:137} INFO - [2023-04-23T12:18:52.407+0000] {dag.py:3456} INFO - Setting next_dagrun for example_nested_branch_dag to 2023-04-22T00:00:00+00:00, run_after=2023-04-23T00:00:00+00:00
[2023-04-23T12:18:52.423+0000] {processor.py:175} INFO - Processing /home/airflow/.local/lib/python3.7/site-packages/airflow/example_dags/example_nested_branch_dag.py took 0.115 seconds
[2023-04-23T12:19:48.369+0000] {processor.py:153} INFO - Started process (PID=48) to work on /home/airflow/.local/lib/python3.7/site-packages/airflow/example_dags/example_nested_branch_dag.py
[2023-04-23T12:19:48.377+0000] {processor.py:743} INFO - Processing file /home/airflow/.local/lib/python3.7/site-packages/airflow/example_dags/example_nested_branch_dag.py for tasks to queue
[2023-04-23T12:19:48.378+0000] {logging_mixin.py:137} INFO - [2023-04-23T12:19:48.378+0000] {dagbag.py:532} INFO - Filling up the DagBag from /home/airflow/.local/lib/python3.7/site-packages/airflow/example_dags/example_nested_branch_dag.py
[2023-04-23T12:19:48.423+0000] {processor.py:753} INFO - DAG(s) dict_keys(['example_nested_branch_dag']) retrieved from /home/airflow/.local/lib/python3.7/site-packages/airflow/example_dags/example_nested_branch_dag.py
[2023-04-23T12:19:48.478+0000] {logging_mixin.py:137} INFO - [2023-04-23T12:19:48.478+0000] {dag.py:2705} INFO - Sync 1 DAGs
[2023-04-23T12:19:48.519+0000] {logging_mixin.py:137} INFO - [2023-04-23T12:19:48.519+0000] {dag.py:3456} INFO - Setting next_dagrun for example_nested_branch_dag to 2023-04-22T00:00:00+00:00, run_after=2023-04-23T00:00:00+00:00
[2023-04-23T12:19:48.552+0000] {processor.py:175} INFO - Processing /home/airflow/.local/lib/python3.7/site-packages/airflow/example_dags/example_nested_branch_dag.py took 0.185 seconds
[2023-04-23T12:21:05.197+0000] {processor.py:153} INFO - Started process (PID=48) to work on /home/airflow/.local/lib/python3.7/site-packages/airflow/example_dags/example_nested_branch_dag.py
[2023-04-23T12:21:05.198+0000] {processor.py:743} INFO - Processing file /home/airflow/.local/lib/python3.7/site-packages/airflow/example_dags/example_nested_branch_dag.py for tasks to queue
[2023-04-23T12:21:05.198+0000] {logging_mixin.py:137} INFO - [2023-04-23T12:21:05.198+0000] {dagbag.py:532} INFO - Filling up the DagBag from /home/airflow/.local/lib/python3.7/site-packages/airflow/example_dags/example_nested_branch_dag.py
[2023-04-23T12:21:05.283+0000] {processor.py:753} INFO - DAG(s) dict_keys(['example_nested_branch_dag']) retrieved from /home/airflow/.local/lib/python3.7/site-packages/airflow/example_dags/example_nested_branch_dag.py
[2023-04-23T12:21:05.344+0000] {logging_mixin.py:137} INFO - [2023-04-23T12:21:05.344+0000] {dag.py:2705} INFO - Sync 1 DAGs
[2023-04-23T12:21:05.442+0000] {logging_mixin.py:137} INFO - [2023-04-23T12:21:05.442+0000] {dag.py:3456} INFO - Setting next_dagrun for example_nested_branch_dag to 2023-04-22T00:00:00+00:00, run_after=2023-04-23T00:00:00+00:00
[2023-04-23T12:21:05.480+0000] {processor.py:175} INFO - Processing /home/airflow/.local/lib/python3.7/site-packages/airflow/example_dags/example_nested_branch_dag.py took 0.286 seconds
[2023-04-23T12:21:43.374+0000] {processor.py:153} INFO - Started process (PID=48) to work on /home/airflow/.local/lib/python3.7/site-packages/airflow/example_dags/example_nested_branch_dag.py
[2023-04-23T12:21:43.382+0000] {processor.py:743} INFO - Processing file /home/airflow/.local/lib/python3.7/site-packages/airflow/example_dags/example_nested_branch_dag.py for tasks to queue
[2023-04-23T12:21:43.383+0000] {logging_mixin.py:137} INFO - [2023-04-23T12:21:43.383+0000] {dagbag.py:532} INFO - Filling up the DagBag from /home/airflow/.local/lib/python3.7/site-packages/airflow/example_dags/example_nested_branch_dag.py
[2023-04-23T12:21:43.508+0000] {processor.py:753} INFO - DAG(s) dict_keys(['example_nested_branch_dag']) retrieved from /home/airflow/.local/lib/python3.7/site-packages/airflow/example_dags/example_nested_branch_dag.py
[2023-04-23T12:21:43.648+0000] {logging_mixin.py:137} INFO - [2023-04-23T12:21:43.647+0000] {dag.py:2705} INFO - Sync 1 DAGs
[2023-04-23T12:21:43.683+0000] {logging_mixin.py:137} INFO - [2023-04-23T12:21:43.683+0000] {dag.py:3456} INFO - Setting next_dagrun for example_nested_branch_dag to 2023-04-22T00:00:00+00:00, run_after=2023-04-23T00:00:00+00:00
[2023-04-23T12:21:43.714+0000] {processor.py:175} INFO - Processing /home/airflow/.local/lib/python3.7/site-packages/airflow/example_dags/example_nested_branch_dag.py took 0.342 seconds
[2023-04-23T12:23:27.024+0000] {processor.py:153} INFO - Started process (PID=48) to work on /home/airflow/.local/lib/python3.7/site-packages/airflow/example_dags/example_nested_branch_dag.py
[2023-04-23T12:23:27.025+0000] {processor.py:743} INFO - Processing file /home/airflow/.local/lib/python3.7/site-packages/airflow/example_dags/example_nested_branch_dag.py for tasks to queue
[2023-04-23T12:23:27.026+0000] {logging_mixin.py:137} INFO - [2023-04-23T12:23:27.026+0000] {dagbag.py:532} INFO - Filling up the DagBag from /home/airflow/.local/lib/python3.7/site-packages/airflow/example_dags/example_nested_branch_dag.py
[2023-04-23T12:23:27.072+0000] {processor.py:753} INFO - DAG(s) dict_keys(['example_nested_branch_dag']) retrieved from /home/airflow/.local/lib/python3.7/site-packages/airflow/example_dags/example_nested_branch_dag.py
[2023-04-23T12:23:27.100+0000] {logging_mixin.py:137} INFO - [2023-04-23T12:23:27.100+0000] {dag.py:2705} INFO - Sync 1 DAGs
[2023-04-23T12:23:27.135+0000] {logging_mixin.py:137} INFO - [2023-04-23T12:23:27.135+0000] {dag.py:3456} INFO - Setting next_dagrun for example_nested_branch_dag to 2023-04-22T00:00:00+00:00, run_after=2023-04-23T00:00:00+00:00
[2023-04-23T12:23:27.158+0000] {processor.py:175} INFO - Processing /home/airflow/.local/lib/python3.7/site-packages/airflow/example_dags/example_nested_branch_dag.py took 0.138 seconds
[2023-04-23T12:24:07.656+0000] {processor.py:153} INFO - Started process (PID=48) to work on /home/airflow/.local/lib/python3.7/site-packages/airflow/example_dags/example_nested_branch_dag.py
[2023-04-23T12:24:07.657+0000] {processor.py:743} INFO - Processing file /home/airflow/.local/lib/python3.7/site-packages/airflow/example_dags/example_nested_branch_dag.py for tasks to queue
[2023-04-23T12:24:07.658+0000] {logging_mixin.py:137} INFO - [2023-04-23T12:24:07.658+0000] {dagbag.py:532} INFO - Filling up the DagBag from /home/airflow/.local/lib/python3.7/site-packages/airflow/example_dags/example_nested_branch_dag.py
[2023-04-23T12:24:07.743+0000] {processor.py:753} INFO - DAG(s) dict_keys(['example_nested_branch_dag']) retrieved from /home/airflow/.local/lib/python3.7/site-packages/airflow/example_dags/example_nested_branch_dag.py
[2023-04-23T12:24:07.836+0000] {logging_mixin.py:137} INFO - [2023-04-23T12:24:07.835+0000] {dag.py:2705} INFO - Sync 1 DAGs
[2023-04-23T12:24:07.929+0000] {logging_mixin.py:137} INFO - [2023-04-23T12:24:07.929+0000] {dag.py:3456} INFO - Setting next_dagrun for example_nested_branch_dag to 2023-04-22T00:00:00+00:00, run_after=2023-04-23T00:00:00+00:00
[2023-04-23T12:24:07.948+0000] {processor.py:175} INFO - Processing /home/airflow/.local/lib/python3.7/site-packages/airflow/example_dags/example_nested_branch_dag.py took 0.301 seconds
[2023-04-23T12:25:34.476+0000] {processor.py:153} INFO - Started process (PID=48) to work on /home/airflow/.local/lib/python3.7/site-packages/airflow/example_dags/example_nested_branch_dag.py
[2023-04-23T12:25:34.477+0000] {processor.py:743} INFO - Processing file /home/airflow/.local/lib/python3.7/site-packages/airflow/example_dags/example_nested_branch_dag.py for tasks to queue
[2023-04-23T12:25:34.478+0000] {logging_mixin.py:137} INFO - [2023-04-23T12:25:34.478+0000] {dagbag.py:532} INFO - Filling up the DagBag from /home/airflow/.local/lib/python3.7/site-packages/airflow/example_dags/example_nested_branch_dag.py
[2023-04-23T12:25:34.532+0000] {processor.py:753} INFO - DAG(s) dict_keys(['example_nested_branch_dag']) retrieved from /home/airflow/.local/lib/python3.7/site-packages/airflow/example_dags/example_nested_branch_dag.py
[2023-04-23T12:25:34.594+0000] {logging_mixin.py:137} INFO - [2023-04-23T12:25:34.594+0000] {dag.py:2705} INFO - Sync 1 DAGs
[2023-04-23T12:25:34.630+0000] {logging_mixin.py:137} INFO - [2023-04-23T12:25:34.630+0000] {dag.py:3456} INFO - Setting next_dagrun for example_nested_branch_dag to 2023-04-22T00:00:00+00:00, run_after=2023-04-23T00:00:00+00:00
[2023-04-23T12:25:34.673+0000] {processor.py:175} INFO - Processing /home/airflow/.local/lib/python3.7/site-packages/airflow/example_dags/example_nested_branch_dag.py took 0.200 seconds
[2023-04-23T12:26:20.783+0000] {processor.py:153} INFO - Started process (PID=48) to work on /home/airflow/.local/lib/python3.7/site-packages/airflow/example_dags/example_nested_branch_dag.py
[2023-04-23T12:26:20.784+0000] {processor.py:743} INFO - Processing file /home/airflow/.local/lib/python3.7/site-packages/airflow/example_dags/example_nested_branch_dag.py for tasks to queue
[2023-04-23T12:26:20.785+0000] {logging_mixin.py:137} INFO - [2023-04-23T12:26:20.785+0000] {dagbag.py:532} INFO - Filling up the DagBag from /home/airflow/.local/lib/python3.7/site-packages/airflow/example_dags/example_nested_branch_dag.py
[2023-04-23T12:26:20.807+0000] {processor.py:753} INFO - DAG(s) dict_keys(['example_nested_branch_dag']) retrieved from /home/airflow/.local/lib/python3.7/site-packages/airflow/example_dags/example_nested_branch_dag.py
[2023-04-23T12:26:20.831+0000] {logging_mixin.py:137} INFO - [2023-04-23T12:26:20.831+0000] {dag.py:2705} INFO - Sync 1 DAGs
[2023-04-23T12:26:20.852+0000] {logging_mixin.py:137} INFO - [2023-04-23T12:26:20.852+0000] {dag.py:3456} INFO - Setting next_dagrun for example_nested_branch_dag to 2023-04-22T00:00:00+00:00, run_after=2023-04-23T00:00:00+00:00
[2023-04-23T12:26:20.864+0000] {processor.py:175} INFO - Processing /home/airflow/.local/lib/python3.7/site-packages/airflow/example_dags/example_nested_branch_dag.py took 0.084 seconds
[2023-04-23T12:54:22.356+0000] {processor.py:153} INFO - Started process (PID=56) to work on /home/airflow/.local/lib/python3.7/site-packages/airflow/example_dags/example_nested_branch_dag.py
[2023-04-23T12:54:22.368+0000] {processor.py:743} INFO - Processing file /home/airflow/.local/lib/python3.7/site-packages/airflow/example_dags/example_nested_branch_dag.py for tasks to queue
[2023-04-23T12:54:22.381+0000] {logging_mixin.py:137} INFO - [2023-04-23T12:54:22.381+0000] {dagbag.py:532} INFO - Filling up the DagBag from /home/airflow/.local/lib/python3.7/site-packages/airflow/example_dags/example_nested_branch_dag.py
[2023-04-23T12:54:23.483+0000] {processor.py:753} INFO - DAG(s) dict_keys(['example_nested_branch_dag']) retrieved from /home/airflow/.local/lib/python3.7/site-packages/airflow/example_dags/example_nested_branch_dag.py
[2023-04-23T12:54:23.630+0000] {logging_mixin.py:137} INFO - [2023-04-23T12:54:23.628+0000] {dag.py:2705} INFO - Sync 1 DAGs
[2023-04-23T12:54:23.751+0000] {logging_mixin.py:137} INFO - [2023-04-23T12:54:23.731+0000] {dag.py:3456} INFO - Setting next_dagrun for example_nested_branch_dag to 2023-04-22T00:00:00+00:00, run_after=2023-04-23T00:00:00+00:00
[2023-04-23T12:54:23.837+0000] {processor.py:175} INFO - Processing /home/airflow/.local/lib/python3.7/site-packages/airflow/example_dags/example_nested_branch_dag.py took 1.519 seconds
[2023-04-23T13:08:09.174+0000] {processor.py:153} INFO - Started process (PID=48) to work on /home/airflow/.local/lib/python3.7/site-packages/airflow/example_dags/example_nested_branch_dag.py
[2023-04-23T13:08:09.175+0000] {processor.py:743} INFO - Processing file /home/airflow/.local/lib/python3.7/site-packages/airflow/example_dags/example_nested_branch_dag.py for tasks to queue
[2023-04-23T13:08:09.176+0000] {logging_mixin.py:137} INFO - [2023-04-23T13:08:09.176+0000] {dagbag.py:532} INFO - Filling up the DagBag from /home/airflow/.local/lib/python3.7/site-packages/airflow/example_dags/example_nested_branch_dag.py
[2023-04-23T13:08:09.218+0000] {processor.py:753} INFO - DAG(s) dict_keys(['example_nested_branch_dag']) retrieved from /home/airflow/.local/lib/python3.7/site-packages/airflow/example_dags/example_nested_branch_dag.py
[2023-04-23T13:08:09.260+0000] {logging_mixin.py:137} INFO - [2023-04-23T13:08:09.259+0000] {dag.py:2705} INFO - Sync 1 DAGs
[2023-04-23T13:08:09.283+0000] {logging_mixin.py:137} INFO - [2023-04-23T13:08:09.283+0000] {dag.py:3456} INFO - Setting next_dagrun for example_nested_branch_dag to 2023-04-22T00:00:00+00:00, run_after=2023-04-23T00:00:00+00:00
[2023-04-23T13:08:09.301+0000] {processor.py:175} INFO - Processing /home/airflow/.local/lib/python3.7/site-packages/airflow/example_dags/example_nested_branch_dag.py took 0.128 seconds
[2023-04-23T13:58:08.664+0000] {processor.py:153} INFO - Started process (PID=48) to work on /home/airflow/.local/lib/python3.7/site-packages/airflow/example_dags/example_nested_branch_dag.py
[2023-04-23T13:58:08.683+0000] {processor.py:743} INFO - Processing file /home/airflow/.local/lib/python3.7/site-packages/airflow/example_dags/example_nested_branch_dag.py for tasks to queue
[2023-04-23T13:58:08.684+0000] {logging_mixin.py:137} INFO - [2023-04-23T13:58:08.684+0000] {dagbag.py:532} INFO - Filling up the DagBag from /home/airflow/.local/lib/python3.7/site-packages/airflow/example_dags/example_nested_branch_dag.py
[2023-04-23T13:58:08.914+0000] {processor.py:753} INFO - DAG(s) dict_keys(['example_nested_branch_dag']) retrieved from /home/airflow/.local/lib/python3.7/site-packages/airflow/example_dags/example_nested_branch_dag.py
[2023-04-23T14:13:51.610+0000] {processor.py:153} INFO - Started process (PID=47) to work on /home/airflow/.local/lib/python3.7/site-packages/airflow/example_dags/example_nested_branch_dag.py
[2023-04-23T14:13:51.614+0000] {processor.py:743} INFO - Processing file /home/airflow/.local/lib/python3.7/site-packages/airflow/example_dags/example_nested_branch_dag.py for tasks to queue
[2023-04-23T14:13:51.616+0000] {logging_mixin.py:137} INFO - [2023-04-23T14:13:51.616+0000] {dagbag.py:532} INFO - Filling up the DagBag from /home/airflow/.local/lib/python3.7/site-packages/airflow/example_dags/example_nested_branch_dag.py
[2023-04-23T14:13:51.649+0000] {processor.py:753} INFO - DAG(s) dict_keys(['example_nested_branch_dag']) retrieved from /home/airflow/.local/lib/python3.7/site-packages/airflow/example_dags/example_nested_branch_dag.py
[2023-04-23T14:13:51.666+0000] {logging_mixin.py:137} INFO - [2023-04-23T14:13:51.666+0000] {dag.py:2705} INFO - Sync 1 DAGs
[2023-04-23T14:13:51.683+0000] {logging_mixin.py:137} INFO - [2023-04-23T14:13:51.683+0000] {dag.py:3456} INFO - Setting next_dagrun for example_nested_branch_dag to 2023-04-22T00:00:00+00:00, run_after=2023-04-23T00:00:00+00:00
[2023-04-23T14:13:51.692+0000] {processor.py:175} INFO - Processing /home/airflow/.local/lib/python3.7/site-packages/airflow/example_dags/example_nested_branch_dag.py took 0.093 seconds
[2023-04-23T14:29:55.857+0000] {processor.py:153} INFO - Started process (PID=48) to work on /home/airflow/.local/lib/python3.7/site-packages/airflow/example_dags/example_nested_branch_dag.py
[2023-04-23T14:29:55.860+0000] {processor.py:743} INFO - Processing file /home/airflow/.local/lib/python3.7/site-packages/airflow/example_dags/example_nested_branch_dag.py for tasks to queue
[2023-04-23T14:29:55.861+0000] {logging_mixin.py:137} INFO - [2023-04-23T14:29:55.861+0000] {dagbag.py:532} INFO - Filling up the DagBag from /home/airflow/.local/lib/python3.7/site-packages/airflow/example_dags/example_nested_branch_dag.py
[2023-04-23T14:29:57.260+0000] {processor.py:753} INFO - DAG(s) dict_keys(['example_nested_branch_dag']) retrieved from /home/airflow/.local/lib/python3.7/site-packages/airflow/example_dags/example_nested_branch_dag.py
[2023-04-23T15:24:41.333+0000] {processor.py:153} INFO - Started process (PID=48) to work on /home/airflow/.local/lib/python3.7/site-packages/airflow/example_dags/example_nested_branch_dag.py
[2023-04-23T15:24:41.333+0000] {processor.py:743} INFO - Processing file /home/airflow/.local/lib/python3.7/site-packages/airflow/example_dags/example_nested_branch_dag.py for tasks to queue
[2023-04-23T15:24:41.334+0000] {logging_mixin.py:137} INFO - [2023-04-23T15:24:41.334+0000] {dagbag.py:532} INFO - Filling up the DagBag from /home/airflow/.local/lib/python3.7/site-packages/airflow/example_dags/example_nested_branch_dag.py
[2023-04-23T15:24:41.354+0000] {processor.py:753} INFO - DAG(s) dict_keys(['example_nested_branch_dag']) retrieved from /home/airflow/.local/lib/python3.7/site-packages/airflow/example_dags/example_nested_branch_dag.py
[2023-04-23T15:24:41.406+0000] {logging_mixin.py:137} INFO - [2023-04-23T15:24:41.406+0000] {dag.py:2705} INFO - Sync 1 DAGs
[2023-04-23T15:24:41.425+0000] {logging_mixin.py:137} INFO - [2023-04-23T15:24:41.425+0000] {dag.py:3456} INFO - Setting next_dagrun for example_nested_branch_dag to 2023-04-22T00:00:00+00:00, run_after=2023-04-23T00:00:00+00:00
[2023-04-23T15:24:41.453+0000] {processor.py:175} INFO - Processing /home/airflow/.local/lib/python3.7/site-packages/airflow/example_dags/example_nested_branch_dag.py took 0.123 seconds
[2023-04-23T15:28:47.465+0000] {processor.py:153} INFO - Started process (PID=56) to work on /home/airflow/.local/lib/python3.7/site-packages/airflow/example_dags/example_nested_branch_dag.py
[2023-04-23T15:28:47.467+0000] {processor.py:743} INFO - Processing file /home/airflow/.local/lib/python3.7/site-packages/airflow/example_dags/example_nested_branch_dag.py for tasks to queue
[2023-04-23T15:28:47.469+0000] {logging_mixin.py:137} INFO - [2023-04-23T15:28:47.468+0000] {dagbag.py:532} INFO - Filling up the DagBag from /home/airflow/.local/lib/python3.7/site-packages/airflow/example_dags/example_nested_branch_dag.py
[2023-04-23T15:28:47.587+0000] {processor.py:753} INFO - DAG(s) dict_keys(['example_nested_branch_dag']) retrieved from /home/airflow/.local/lib/python3.7/site-packages/airflow/example_dags/example_nested_branch_dag.py
[2023-04-23T15:28:47.686+0000] {logging_mixin.py:137} INFO - [2023-04-23T15:28:47.686+0000] {dag.py:2705} INFO - Sync 1 DAGs
[2023-04-23T15:28:47.780+0000] {logging_mixin.py:137} INFO - [2023-04-23T15:28:47.780+0000] {dag.py:3456} INFO - Setting next_dagrun for example_nested_branch_dag to 2023-04-22T00:00:00+00:00, run_after=2023-04-23T00:00:00+00:00
[2023-04-23T15:28:47.823+0000] {processor.py:175} INFO - Processing /home/airflow/.local/lib/python3.7/site-packages/airflow/example_dags/example_nested_branch_dag.py took 0.366 seconds
[2023-04-23T15:30:08.894+0000] {processor.py:153} INFO - Started process (PID=48) to work on /home/airflow/.local/lib/python3.7/site-packages/airflow/example_dags/example_nested_branch_dag.py
[2023-04-23T15:30:08.899+0000] {processor.py:743} INFO - Processing file /home/airflow/.local/lib/python3.7/site-packages/airflow/example_dags/example_nested_branch_dag.py for tasks to queue
[2023-04-23T15:30:08.901+0000] {logging_mixin.py:137} INFO - [2023-04-23T15:30:08.901+0000] {dagbag.py:532} INFO - Filling up the DagBag from /home/airflow/.local/lib/python3.7/site-packages/airflow/example_dags/example_nested_branch_dag.py
[2023-04-23T15:30:08.957+0000] {processor.py:753} INFO - DAG(s) dict_keys(['example_nested_branch_dag']) retrieved from /home/airflow/.local/lib/python3.7/site-packages/airflow/example_dags/example_nested_branch_dag.py
[2023-04-23T15:30:08.993+0000] {logging_mixin.py:137} INFO - [2023-04-23T15:30:08.992+0000] {dag.py:2705} INFO - Sync 1 DAGs
[2023-04-23T15:30:09.061+0000] {logging_mixin.py:137} INFO - [2023-04-23T15:30:09.060+0000] {dag.py:3456} INFO - Setting next_dagrun for example_nested_branch_dag to 2023-04-22T00:00:00+00:00, run_after=2023-04-23T00:00:00+00:00
[2023-04-23T15:30:09.084+0000] {processor.py:175} INFO - Processing /home/airflow/.local/lib/python3.7/site-packages/airflow/example_dags/example_nested_branch_dag.py took 0.192 seconds
[2023-04-23T15:30:44.066+0000] {processor.py:153} INFO - Started process (PID=48) to work on /home/airflow/.local/lib/python3.7/site-packages/airflow/example_dags/example_nested_branch_dag.py
[2023-04-23T15:30:44.070+0000] {processor.py:743} INFO - Processing file /home/airflow/.local/lib/python3.7/site-packages/airflow/example_dags/example_nested_branch_dag.py for tasks to queue
[2023-04-23T15:30:44.071+0000] {logging_mixin.py:137} INFO - [2023-04-23T15:30:44.070+0000] {dagbag.py:532} INFO - Filling up the DagBag from /home/airflow/.local/lib/python3.7/site-packages/airflow/example_dags/example_nested_branch_dag.py
[2023-04-23T15:30:44.103+0000] {processor.py:753} INFO - DAG(s) dict_keys(['example_nested_branch_dag']) retrieved from /home/airflow/.local/lib/python3.7/site-packages/airflow/example_dags/example_nested_branch_dag.py
[2023-04-23T15:30:44.130+0000] {logging_mixin.py:137} INFO - [2023-04-23T15:30:44.130+0000] {dag.py:2705} INFO - Sync 1 DAGs
[2023-04-23T15:30:44.198+0000] {logging_mixin.py:137} INFO - [2023-04-23T15:30:44.187+0000] {dag.py:3456} INFO - Setting next_dagrun for example_nested_branch_dag to 2023-04-22T00:00:00+00:00, run_after=2023-04-23T00:00:00+00:00
[2023-04-23T15:30:44.237+0000] {processor.py:175} INFO - Processing /home/airflow/.local/lib/python3.7/site-packages/airflow/example_dags/example_nested_branch_dag.py took 0.173 seconds
[2023-04-23T15:33:16.967+0000] {processor.py:153} INFO - Started process (PID=57) to work on /home/airflow/.local/lib/python3.7/site-packages/airflow/example_dags/example_nested_branch_dag.py
[2023-04-23T15:33:16.971+0000] {processor.py:743} INFO - Processing file /home/airflow/.local/lib/python3.7/site-packages/airflow/example_dags/example_nested_branch_dag.py for tasks to queue
[2023-04-23T15:33:16.975+0000] {logging_mixin.py:137} INFO - [2023-04-23T15:33:16.975+0000] {dagbag.py:532} INFO - Filling up the DagBag from /home/airflow/.local/lib/python3.7/site-packages/airflow/example_dags/example_nested_branch_dag.py
[2023-04-23T15:33:17.223+0000] {processor.py:753} INFO - DAG(s) dict_keys(['example_nested_branch_dag']) retrieved from /home/airflow/.local/lib/python3.7/site-packages/airflow/example_dags/example_nested_branch_dag.py
[2023-04-23T15:34:03.680+0000] {processor.py:153} INFO - Started process (PID=49) to work on /home/airflow/.local/lib/python3.7/site-packages/airflow/example_dags/example_nested_branch_dag.py
[2023-04-23T15:34:03.681+0000] {processor.py:743} INFO - Processing file /home/airflow/.local/lib/python3.7/site-packages/airflow/example_dags/example_nested_branch_dag.py for tasks to queue
[2023-04-23T15:34:03.681+0000] {logging_mixin.py:137} INFO - [2023-04-23T15:34:03.681+0000] {dagbag.py:532} INFO - Filling up the DagBag from /home/airflow/.local/lib/python3.7/site-packages/airflow/example_dags/example_nested_branch_dag.py
[2023-04-23T15:34:03.781+0000] {processor.py:753} INFO - DAG(s) dict_keys(['example_nested_branch_dag']) retrieved from /home/airflow/.local/lib/python3.7/site-packages/airflow/example_dags/example_nested_branch_dag.py
[2023-04-23T15:34:04.045+0000] {logging_mixin.py:137} INFO - [2023-04-23T15:34:04.040+0000] {dag.py:2705} INFO - Sync 1 DAGs
[2023-04-23T15:34:04.260+0000] {logging_mixin.py:137} INFO - [2023-04-23T15:34:04.260+0000] {dag.py:3456} INFO - Setting next_dagrun for example_nested_branch_dag to 2023-04-22T00:00:00+00:00, run_after=2023-04-23T00:00:00+00:00
[2023-04-23T15:38:22.777+0000] {processor.py:153} INFO - Started process (PID=50) to work on /home/airflow/.local/lib/python3.7/site-packages/airflow/example_dags/example_nested_branch_dag.py
[2023-04-23T15:38:22.779+0000] {processor.py:743} INFO - Processing file /home/airflow/.local/lib/python3.7/site-packages/airflow/example_dags/example_nested_branch_dag.py for tasks to queue
[2023-04-23T15:38:22.786+0000] {logging_mixin.py:137} INFO - [2023-04-23T15:38:22.785+0000] {dagbag.py:532} INFO - Filling up the DagBag from /home/airflow/.local/lib/python3.7/site-packages/airflow/example_dags/example_nested_branch_dag.py
[2023-04-23T15:38:22.832+0000] {processor.py:753} INFO - DAG(s) dict_keys(['example_nested_branch_dag']) retrieved from /home/airflow/.local/lib/python3.7/site-packages/airflow/example_dags/example_nested_branch_dag.py
[2023-04-23T15:38:22.863+0000] {logging_mixin.py:137} INFO - [2023-04-23T15:38:22.863+0000] {dag.py:2705} INFO - Sync 1 DAGs
[2023-04-23T15:38:22.894+0000] {logging_mixin.py:137} INFO - [2023-04-23T15:38:22.894+0000] {dag.py:3456} INFO - Setting next_dagrun for example_nested_branch_dag to 2023-04-22T00:00:00+00:00, run_after=2023-04-23T00:00:00+00:00
[2023-04-23T15:38:22.903+0000] {processor.py:175} INFO - Processing /home/airflow/.local/lib/python3.7/site-packages/airflow/example_dags/example_nested_branch_dag.py took 0.128 seconds
[2023-04-23T16:42:08.037+0000] {processor.py:153} INFO - Started process (PID=48) to work on /home/airflow/.local/lib/python3.7/site-packages/airflow/example_dags/example_nested_branch_dag.py
[2023-04-23T16:42:08.039+0000] {processor.py:743} INFO - Processing file /home/airflow/.local/lib/python3.7/site-packages/airflow/example_dags/example_nested_branch_dag.py for tasks to queue
[2023-04-23T16:42:08.041+0000] {logging_mixin.py:137} INFO - [2023-04-23T16:42:08.041+0000] {dagbag.py:532} INFO - Filling up the DagBag from /home/airflow/.local/lib/python3.7/site-packages/airflow/example_dags/example_nested_branch_dag.py
[2023-04-23T16:42:08.109+0000] {processor.py:753} INFO - DAG(s) dict_keys(['example_nested_branch_dag']) retrieved from /home/airflow/.local/lib/python3.7/site-packages/airflow/example_dags/example_nested_branch_dag.py
[2023-04-23T16:42:08.159+0000] {logging_mixin.py:137} INFO - [2023-04-23T16:42:08.159+0000] {dag.py:2705} INFO - Sync 1 DAGs
[2023-04-23T16:42:08.201+0000] {logging_mixin.py:137} INFO - [2023-04-23T16:42:08.201+0000] {dag.py:3456} INFO - Setting next_dagrun for example_nested_branch_dag to 2023-04-22T00:00:00+00:00, run_after=2023-04-23T00:00:00+00:00
[2023-04-23T16:42:08.251+0000] {processor.py:175} INFO - Processing /home/airflow/.local/lib/python3.7/site-packages/airflow/example_dags/example_nested_branch_dag.py took 0.216 seconds
[2023-04-23T17:43:52.571+0000] {processor.py:153} INFO - Started process (PID=48) to work on /home/airflow/.local/lib/python3.7/site-packages/airflow/example_dags/example_nested_branch_dag.py
[2023-04-23T17:43:52.575+0000] {processor.py:743} INFO - Processing file /home/airflow/.local/lib/python3.7/site-packages/airflow/example_dags/example_nested_branch_dag.py for tasks to queue
[2023-04-23T17:43:52.576+0000] {logging_mixin.py:137} INFO - [2023-04-23T17:43:52.576+0000] {dagbag.py:532} INFO - Filling up the DagBag from /home/airflow/.local/lib/python3.7/site-packages/airflow/example_dags/example_nested_branch_dag.py
[2023-04-23T17:43:52.834+0000] {processor.py:753} INFO - DAG(s) dict_keys(['example_nested_branch_dag']) retrieved from /home/airflow/.local/lib/python3.7/site-packages/airflow/example_dags/example_nested_branch_dag.py
[2023-04-23T17:59:15.449+0000] {processor.py:153} INFO - Started process (PID=48) to work on /home/airflow/.local/lib/python3.7/site-packages/airflow/example_dags/example_nested_branch_dag.py
[2023-04-23T17:59:15.451+0000] {processor.py:743} INFO - Processing file /home/airflow/.local/lib/python3.7/site-packages/airflow/example_dags/example_nested_branch_dag.py for tasks to queue
[2023-04-23T17:59:15.452+0000] {logging_mixin.py:137} INFO - [2023-04-23T17:59:15.451+0000] {dagbag.py:532} INFO - Filling up the DagBag from /home/airflow/.local/lib/python3.7/site-packages/airflow/example_dags/example_nested_branch_dag.py
[2023-04-23T17:59:15.815+0000] {processor.py:753} INFO - DAG(s) dict_keys(['example_nested_branch_dag']) retrieved from /home/airflow/.local/lib/python3.7/site-packages/airflow/example_dags/example_nested_branch_dag.py
[2023-04-23T17:59:23.541+0000] {logging_mixin.py:137} INFO - [2023-04-23T17:59:23.494+0000] {dag.py:2705} INFO - Sync 1 DAGs
[2023-04-23T19:25:53.296+0000] {processor.py:153} INFO - Started process (PID=48) to work on /home/airflow/.local/lib/python3.7/site-packages/airflow/example_dags/example_nested_branch_dag.py
[2023-04-23T19:25:53.296+0000] {processor.py:743} INFO - Processing file /home/airflow/.local/lib/python3.7/site-packages/airflow/example_dags/example_nested_branch_dag.py for tasks to queue
[2023-04-23T19:25:53.297+0000] {logging_mixin.py:137} INFO - [2023-04-23T19:25:53.297+0000] {dagbag.py:532} INFO - Filling up the DagBag from /home/airflow/.local/lib/python3.7/site-packages/airflow/example_dags/example_nested_branch_dag.py
[2023-04-23T19:25:53.340+0000] {processor.py:753} INFO - DAG(s) dict_keys(['example_nested_branch_dag']) retrieved from /home/airflow/.local/lib/python3.7/site-packages/airflow/example_dags/example_nested_branch_dag.py
[2023-04-23T19:25:53.385+0000] {logging_mixin.py:137} INFO - [2023-04-23T19:25:53.385+0000] {dag.py:2705} INFO - Sync 1 DAGs
[2023-04-23T19:25:53.418+0000] {logging_mixin.py:137} INFO - [2023-04-23T19:25:53.418+0000] {dag.py:3456} INFO - Setting next_dagrun for example_nested_branch_dag to 2023-04-22T00:00:00+00:00, run_after=2023-04-23T00:00:00+00:00
[2023-04-23T19:25:53.440+0000] {processor.py:175} INFO - Processing /home/airflow/.local/lib/python3.7/site-packages/airflow/example_dags/example_nested_branch_dag.py took 0.151 seconds
[2023-04-23T19:26:51.709+0000] {processor.py:153} INFO - Started process (PID=47) to work on /home/airflow/.local/lib/python3.7/site-packages/airflow/example_dags/example_nested_branch_dag.py
[2023-04-23T19:26:51.710+0000] {processor.py:743} INFO - Processing file /home/airflow/.local/lib/python3.7/site-packages/airflow/example_dags/example_nested_branch_dag.py for tasks to queue
[2023-04-23T19:26:51.710+0000] {logging_mixin.py:137} INFO - [2023-04-23T19:26:51.710+0000] {dagbag.py:532} INFO - Filling up the DagBag from /home/airflow/.local/lib/python3.7/site-packages/airflow/example_dags/example_nested_branch_dag.py
[2023-04-23T19:26:51.731+0000] {processor.py:753} INFO - DAG(s) dict_keys(['example_nested_branch_dag']) retrieved from /home/airflow/.local/lib/python3.7/site-packages/airflow/example_dags/example_nested_branch_dag.py
[2023-04-23T19:26:51.749+0000] {logging_mixin.py:137} INFO - [2023-04-23T19:26:51.749+0000] {dag.py:2705} INFO - Sync 1 DAGs
[2023-04-23T19:26:51.767+0000] {logging_mixin.py:137} INFO - [2023-04-23T19:26:51.767+0000] {dag.py:3456} INFO - Setting next_dagrun for example_nested_branch_dag to 2023-04-22T00:00:00+00:00, run_after=2023-04-23T00:00:00+00:00
[2023-04-23T19:26:51.780+0000] {processor.py:175} INFO - Processing /home/airflow/.local/lib/python3.7/site-packages/airflow/example_dags/example_nested_branch_dag.py took 0.073 seconds
[2023-04-23T19:28:19.971+0000] {processor.py:153} INFO - Started process (PID=48) to work on /home/airflow/.local/lib/python3.7/site-packages/airflow/example_dags/example_nested_branch_dag.py
[2023-04-23T19:28:19.975+0000] {processor.py:743} INFO - Processing file /home/airflow/.local/lib/python3.7/site-packages/airflow/example_dags/example_nested_branch_dag.py for tasks to queue
[2023-04-23T19:28:19.985+0000] {logging_mixin.py:137} INFO - [2023-04-23T19:28:19.978+0000] {dagbag.py:532} INFO - Filling up the DagBag from /home/airflow/.local/lib/python3.7/site-packages/airflow/example_dags/example_nested_branch_dag.py
[2023-04-23T19:28:20.110+0000] {processor.py:753} INFO - DAG(s) dict_keys(['example_nested_branch_dag']) retrieved from /home/airflow/.local/lib/python3.7/site-packages/airflow/example_dags/example_nested_branch_dag.py
[2023-04-23T19:28:20.205+0000] {logging_mixin.py:137} INFO - [2023-04-23T19:28:20.205+0000] {dag.py:2705} INFO - Sync 1 DAGs
[2023-04-23T19:28:20.289+0000] {logging_mixin.py:137} INFO - [2023-04-23T19:28:20.288+0000] {dag.py:3456} INFO - Setting next_dagrun for example_nested_branch_dag to 2023-04-22T00:00:00+00:00, run_after=2023-04-23T00:00:00+00:00
[2023-04-23T19:28:20.356+0000] {processor.py:175} INFO - Processing /home/airflow/.local/lib/python3.7/site-packages/airflow/example_dags/example_nested_branch_dag.py took 0.388 seconds
[2023-04-23T19:30:36.353+0000] {processor.py:153} INFO - Started process (PID=48) to work on /home/airflow/.local/lib/python3.7/site-packages/airflow/example_dags/example_nested_branch_dag.py
[2023-04-23T19:30:36.359+0000] {processor.py:743} INFO - Processing file /home/airflow/.local/lib/python3.7/site-packages/airflow/example_dags/example_nested_branch_dag.py for tasks to queue
[2023-04-23T19:30:36.368+0000] {logging_mixin.py:137} INFO - [2023-04-23T19:30:36.365+0000] {dagbag.py:532} INFO - Filling up the DagBag from /home/airflow/.local/lib/python3.7/site-packages/airflow/example_dags/example_nested_branch_dag.py
[2023-04-23T19:30:36.464+0000] {processor.py:753} INFO - DAG(s) dict_keys(['example_nested_branch_dag']) retrieved from /home/airflow/.local/lib/python3.7/site-packages/airflow/example_dags/example_nested_branch_dag.py
[2023-04-23T19:30:36.570+0000] {logging_mixin.py:137} INFO - [2023-04-23T19:30:36.570+0000] {dag.py:2705} INFO - Sync 1 DAGs
[2023-04-23T19:30:36.714+0000] {logging_mixin.py:137} INFO - [2023-04-23T19:30:36.714+0000] {dag.py:3456} INFO - Setting next_dagrun for example_nested_branch_dag to 2023-04-22T00:00:00+00:00, run_after=2023-04-23T00:00:00+00:00
[2023-04-23T19:30:36.854+0000] {processor.py:175} INFO - Processing /home/airflow/.local/lib/python3.7/site-packages/airflow/example_dags/example_nested_branch_dag.py took 0.519 seconds
[2023-04-23T19:33:33.890+0000] {processor.py:153} INFO - Started process (PID=56) to work on /home/airflow/.local/lib/python3.7/site-packages/airflow/example_dags/example_nested_branch_dag.py
[2023-04-23T19:33:33.893+0000] {processor.py:743} INFO - Processing file /home/airflow/.local/lib/python3.7/site-packages/airflow/example_dags/example_nested_branch_dag.py for tasks to queue
[2023-04-23T19:33:33.894+0000] {logging_mixin.py:137} INFO - [2023-04-23T19:33:33.894+0000] {dagbag.py:532} INFO - Filling up the DagBag from /home/airflow/.local/lib/python3.7/site-packages/airflow/example_dags/example_nested_branch_dag.py
[2023-04-23T19:33:33.972+0000] {processor.py:753} INFO - DAG(s) dict_keys(['example_nested_branch_dag']) retrieved from /home/airflow/.local/lib/python3.7/site-packages/airflow/example_dags/example_nested_branch_dag.py
[2023-04-23T19:33:34.059+0000] {logging_mixin.py:137} INFO - [2023-04-23T19:33:34.058+0000] {dag.py:2705} INFO - Sync 1 DAGs
[2023-04-23T19:33:34.145+0000] {logging_mixin.py:137} INFO - [2023-04-23T19:33:34.139+0000] {dag.py:3456} INFO - Setting next_dagrun for example_nested_branch_dag to 2023-04-22T00:00:00+00:00, run_after=2023-04-23T00:00:00+00:00
[2023-04-23T19:33:34.242+0000] {processor.py:175} INFO - Processing /home/airflow/.local/lib/python3.7/site-packages/airflow/example_dags/example_nested_branch_dag.py took 0.355 seconds
[2023-04-23T19:36:53.690+0000] {processor.py:153} INFO - Started process (PID=55) to work on /home/airflow/.local/lib/python3.7/site-packages/airflow/example_dags/example_nested_branch_dag.py
[2023-04-23T19:36:53.691+0000] {processor.py:743} INFO - Processing file /home/airflow/.local/lib/python3.7/site-packages/airflow/example_dags/example_nested_branch_dag.py for tasks to queue
[2023-04-23T19:36:53.692+0000] {logging_mixin.py:137} INFO - [2023-04-23T19:36:53.692+0000] {dagbag.py:532} INFO - Filling up the DagBag from /home/airflow/.local/lib/python3.7/site-packages/airflow/example_dags/example_nested_branch_dag.py
[2023-04-23T19:36:53.887+0000] {processor.py:753} INFO - DAG(s) dict_keys(['example_nested_branch_dag']) retrieved from /home/airflow/.local/lib/python3.7/site-packages/airflow/example_dags/example_nested_branch_dag.py
[2023-04-23T19:36:54.398+0000] {logging_mixin.py:137} INFO - [2023-04-23T19:36:54.397+0000] {dag.py:2705} INFO - Sync 1 DAGs
[2023-04-23T19:37:38.379+0000] {processor.py:153} INFO - Started process (PID=48) to work on /home/airflow/.local/lib/python3.7/site-packages/airflow/example_dags/example_nested_branch_dag.py
[2023-04-23T19:37:38.380+0000] {processor.py:743} INFO - Processing file /home/airflow/.local/lib/python3.7/site-packages/airflow/example_dags/example_nested_branch_dag.py for tasks to queue
[2023-04-23T19:37:38.381+0000] {logging_mixin.py:137} INFO - [2023-04-23T19:37:38.380+0000] {dagbag.py:532} INFO - Filling up the DagBag from /home/airflow/.local/lib/python3.7/site-packages/airflow/example_dags/example_nested_branch_dag.py
[2023-04-23T19:37:38.470+0000] {processor.py:753} INFO - DAG(s) dict_keys(['example_nested_branch_dag']) retrieved from /home/airflow/.local/lib/python3.7/site-packages/airflow/example_dags/example_nested_branch_dag.py
[2023-04-23T19:37:38.543+0000] {logging_mixin.py:137} INFO - [2023-04-23T19:37:38.543+0000] {dag.py:2705} INFO - Sync 1 DAGs
[2023-04-23T19:37:38.570+0000] {logging_mixin.py:137} INFO - [2023-04-23T19:37:38.570+0000] {dag.py:3456} INFO - Setting next_dagrun for example_nested_branch_dag to 2023-04-22T00:00:00+00:00, run_after=2023-04-23T00:00:00+00:00
[2023-04-23T19:37:38.590+0000] {processor.py:175} INFO - Processing /home/airflow/.local/lib/python3.7/site-packages/airflow/example_dags/example_nested_branch_dag.py took 0.215 seconds
[2023-04-23T19:38:00.393+0000] {processor.py:153} INFO - Started process (PID=48) to work on /home/airflow/.local/lib/python3.7/site-packages/airflow/example_dags/example_nested_branch_dag.py
[2023-04-23T19:38:00.394+0000] {processor.py:743} INFO - Processing file /home/airflow/.local/lib/python3.7/site-packages/airflow/example_dags/example_nested_branch_dag.py for tasks to queue
[2023-04-23T19:38:00.395+0000] {logging_mixin.py:137} INFO - [2023-04-23T19:38:00.395+0000] {dagbag.py:532} INFO - Filling up the DagBag from /home/airflow/.local/lib/python3.7/site-packages/airflow/example_dags/example_nested_branch_dag.py
[2023-04-23T19:38:00.438+0000] {processor.py:753} INFO - DAG(s) dict_keys(['example_nested_branch_dag']) retrieved from /home/airflow/.local/lib/python3.7/site-packages/airflow/example_dags/example_nested_branch_dag.py
[2023-04-23T19:38:00.464+0000] {logging_mixin.py:137} INFO - [2023-04-23T19:38:00.464+0000] {dag.py:2705} INFO - Sync 1 DAGs
[2023-04-23T19:38:00.506+0000] {logging_mixin.py:137} INFO - [2023-04-23T19:38:00.506+0000] {dag.py:3456} INFO - Setting next_dagrun for example_nested_branch_dag to 2023-04-22T00:00:00+00:00, run_after=2023-04-23T00:00:00+00:00
[2023-04-23T19:38:00.526+0000] {processor.py:175} INFO - Processing /home/airflow/.local/lib/python3.7/site-packages/airflow/example_dags/example_nested_branch_dag.py took 0.135 seconds
[2023-04-23T19:38:32.395+0000] {processor.py:153} INFO - Started process (PID=47) to work on /home/airflow/.local/lib/python3.7/site-packages/airflow/example_dags/example_nested_branch_dag.py
[2023-04-23T19:38:32.397+0000] {processor.py:743} INFO - Processing file /home/airflow/.local/lib/python3.7/site-packages/airflow/example_dags/example_nested_branch_dag.py for tasks to queue
[2023-04-23T19:38:32.407+0000] {logging_mixin.py:137} INFO - [2023-04-23T19:38:32.407+0000] {dagbag.py:532} INFO - Filling up the DagBag from /home/airflow/.local/lib/python3.7/site-packages/airflow/example_dags/example_nested_branch_dag.py
[2023-04-23T19:38:32.433+0000] {processor.py:753} INFO - DAG(s) dict_keys(['example_nested_branch_dag']) retrieved from /home/airflow/.local/lib/python3.7/site-packages/airflow/example_dags/example_nested_branch_dag.py
[2023-04-23T19:38:32.486+0000] {logging_mixin.py:137} INFO - [2023-04-23T19:38:32.486+0000] {dag.py:2705} INFO - Sync 1 DAGs
[2023-04-23T19:38:32.528+0000] {logging_mixin.py:137} INFO - [2023-04-23T19:38:32.528+0000] {dag.py:3456} INFO - Setting next_dagrun for example_nested_branch_dag to 2023-04-22T00:00:00+00:00, run_after=2023-04-23T00:00:00+00:00
[2023-04-23T19:38:32.559+0000] {processor.py:175} INFO - Processing /home/airflow/.local/lib/python3.7/site-packages/airflow/example_dags/example_nested_branch_dag.py took 0.168 seconds
[2023-04-23T19:39:52.728+0000] {processor.py:153} INFO - Started process (PID=48) to work on /home/airflow/.local/lib/python3.7/site-packages/airflow/example_dags/example_nested_branch_dag.py
[2023-04-23T19:39:52.731+0000] {processor.py:743} INFO - Processing file /home/airflow/.local/lib/python3.7/site-packages/airflow/example_dags/example_nested_branch_dag.py for tasks to queue
[2023-04-23T19:39:52.741+0000] {logging_mixin.py:137} INFO - [2023-04-23T19:39:52.734+0000] {dagbag.py:532} INFO - Filling up the DagBag from /home/airflow/.local/lib/python3.7/site-packages/airflow/example_dags/example_nested_branch_dag.py
[2023-04-23T19:39:52.790+0000] {processor.py:753} INFO - DAG(s) dict_keys(['example_nested_branch_dag']) retrieved from /home/airflow/.local/lib/python3.7/site-packages/airflow/example_dags/example_nested_branch_dag.py
[2023-04-23T19:39:52.814+0000] {logging_mixin.py:137} INFO - [2023-04-23T19:39:52.813+0000] {dag.py:2705} INFO - Sync 1 DAGs
[2023-04-23T19:39:52.867+0000] {logging_mixin.py:137} INFO - [2023-04-23T19:39:52.866+0000] {dag.py:3456} INFO - Setting next_dagrun for example_nested_branch_dag to 2023-04-22T00:00:00+00:00, run_after=2023-04-23T00:00:00+00:00
[2023-04-23T19:39:52.894+0000] {processor.py:175} INFO - Processing /home/airflow/.local/lib/python3.7/site-packages/airflow/example_dags/example_nested_branch_dag.py took 0.171 seconds
[2023-04-23T19:45:29.432+0000] {processor.py:153} INFO - Started process (PID=48) to work on /home/airflow/.local/lib/python3.7/site-packages/airflow/example_dags/example_nested_branch_dag.py
[2023-04-23T19:45:29.433+0000] {processor.py:743} INFO - Processing file /home/airflow/.local/lib/python3.7/site-packages/airflow/example_dags/example_nested_branch_dag.py for tasks to queue
[2023-04-23T19:45:29.436+0000] {logging_mixin.py:137} INFO - [2023-04-23T19:45:29.435+0000] {dagbag.py:532} INFO - Filling up the DagBag from /home/airflow/.local/lib/python3.7/site-packages/airflow/example_dags/example_nested_branch_dag.py
[2023-04-23T19:45:29.466+0000] {processor.py:753} INFO - DAG(s) dict_keys(['example_nested_branch_dag']) retrieved from /home/airflow/.local/lib/python3.7/site-packages/airflow/example_dags/example_nested_branch_dag.py
[2023-04-23T19:45:29.501+0000] {logging_mixin.py:137} INFO - [2023-04-23T19:45:29.501+0000] {dag.py:2705} INFO - Sync 1 DAGs
[2023-04-23T19:45:29.522+0000] {logging_mixin.py:137} INFO - [2023-04-23T19:45:29.521+0000] {dag.py:3456} INFO - Setting next_dagrun for example_nested_branch_dag to 2023-04-22T00:00:00+00:00, run_after=2023-04-23T00:00:00+00:00
[2023-04-23T19:45:29.537+0000] {processor.py:175} INFO - Processing /home/airflow/.local/lib/python3.7/site-packages/airflow/example_dags/example_nested_branch_dag.py took 0.114 seconds
[2023-04-23T19:57:02.637+0000] {processor.py:153} INFO - Started process (PID=50) to work on /home/airflow/.local/lib/python3.7/site-packages/airflow/example_dags/example_nested_branch_dag.py
[2023-04-23T19:57:02.658+0000] {processor.py:743} INFO - Processing file /home/airflow/.local/lib/python3.7/site-packages/airflow/example_dags/example_nested_branch_dag.py for tasks to queue
[2023-04-23T19:57:02.665+0000] {logging_mixin.py:137} INFO - [2023-04-23T19:57:02.665+0000] {dagbag.py:532} INFO - Filling up the DagBag from /home/airflow/.local/lib/python3.7/site-packages/airflow/example_dags/example_nested_branch_dag.py
[2023-04-23T19:57:02.723+0000] {processor.py:753} INFO - DAG(s) dict_keys(['example_nested_branch_dag']) retrieved from /home/airflow/.local/lib/python3.7/site-packages/airflow/example_dags/example_nested_branch_dag.py
[2023-04-23T19:57:02.827+0000] {logging_mixin.py:137} INFO - [2023-04-23T19:57:02.827+0000] {dag.py:2705} INFO - Sync 1 DAGs
[2023-04-23T19:57:02.923+0000] {logging_mixin.py:137} INFO - [2023-04-23T19:57:02.923+0000] {dag.py:3456} INFO - Setting next_dagrun for example_nested_branch_dag to 2023-04-22T00:00:00+00:00, run_after=2023-04-23T00:00:00+00:00
[2023-04-23T19:57:02.996+0000] {processor.py:175} INFO - Processing /home/airflow/.local/lib/python3.7/site-packages/airflow/example_dags/example_nested_branch_dag.py took 0.361 seconds
[2023-04-23T19:57:43.191+0000] {processor.py:153} INFO - Started process (PID=48) to work on /home/airflow/.local/lib/python3.7/site-packages/airflow/example_dags/example_nested_branch_dag.py
[2023-04-23T19:57:43.193+0000] {processor.py:743} INFO - Processing file /home/airflow/.local/lib/python3.7/site-packages/airflow/example_dags/example_nested_branch_dag.py for tasks to queue
[2023-04-23T19:57:43.194+0000] {logging_mixin.py:137} INFO - [2023-04-23T19:57:43.193+0000] {dagbag.py:532} INFO - Filling up the DagBag from /home/airflow/.local/lib/python3.7/site-packages/airflow/example_dags/example_nested_branch_dag.py
[2023-04-23T19:57:43.299+0000] {processor.py:753} INFO - DAG(s) dict_keys(['example_nested_branch_dag']) retrieved from /home/airflow/.local/lib/python3.7/site-packages/airflow/example_dags/example_nested_branch_dag.py
[2023-04-23T19:57:43.365+0000] {logging_mixin.py:137} INFO - [2023-04-23T19:57:43.365+0000] {dag.py:2705} INFO - Sync 1 DAGs
[2023-04-23T19:57:43.421+0000] {logging_mixin.py:137} INFO - [2023-04-23T19:57:43.421+0000] {dag.py:3456} INFO - Setting next_dagrun for example_nested_branch_dag to 2023-04-22T00:00:00+00:00, run_after=2023-04-23T00:00:00+00:00
[2023-04-23T20:00:36.778+0000] {processor.py:153} INFO - Started process (PID=49) to work on /home/airflow/.local/lib/python3.7/site-packages/airflow/example_dags/example_nested_branch_dag.py
[2023-04-23T20:00:36.779+0000] {processor.py:743} INFO - Processing file /home/airflow/.local/lib/python3.7/site-packages/airflow/example_dags/example_nested_branch_dag.py for tasks to queue
[2023-04-23T20:00:36.779+0000] {logging_mixin.py:137} INFO - [2023-04-23T20:00:36.779+0000] {dagbag.py:532} INFO - Filling up the DagBag from /home/airflow/.local/lib/python3.7/site-packages/airflow/example_dags/example_nested_branch_dag.py
[2023-04-23T20:00:36.835+0000] {processor.py:753} INFO - DAG(s) dict_keys(['example_nested_branch_dag']) retrieved from /home/airflow/.local/lib/python3.7/site-packages/airflow/example_dags/example_nested_branch_dag.py
[2023-04-23T20:00:36.886+0000] {logging_mixin.py:137} INFO - [2023-04-23T20:00:36.886+0000] {dag.py:2705} INFO - Sync 1 DAGs
[2023-04-23T20:00:36.923+0000] {logging_mixin.py:137} INFO - [2023-04-23T20:00:36.923+0000] {dag.py:3456} INFO - Setting next_dagrun for example_nested_branch_dag to 2023-04-22T00:00:00+00:00, run_after=2023-04-23T00:00:00+00:00
[2023-04-23T20:00:36.950+0000] {processor.py:175} INFO - Processing /home/airflow/.local/lib/python3.7/site-packages/airflow/example_dags/example_nested_branch_dag.py took 0.177 seconds
[2023-04-23T20:01:02.239+0000] {processor.py:153} INFO - Started process (PID=47) to work on /home/airflow/.local/lib/python3.7/site-packages/airflow/example_dags/example_nested_branch_dag.py
[2023-04-23T20:01:02.259+0000] {processor.py:743} INFO - Processing file /home/airflow/.local/lib/python3.7/site-packages/airflow/example_dags/example_nested_branch_dag.py for tasks to queue
[2023-04-23T20:01:02.262+0000] {logging_mixin.py:137} INFO - [2023-04-23T20:01:02.261+0000] {dagbag.py:532} INFO - Filling up the DagBag from /home/airflow/.local/lib/python3.7/site-packages/airflow/example_dags/example_nested_branch_dag.py
[2023-04-23T20:01:02.586+0000] {processor.py:753} INFO - DAG(s) dict_keys(['example_nested_branch_dag']) retrieved from /home/airflow/.local/lib/python3.7/site-packages/airflow/example_dags/example_nested_branch_dag.py
[2023-04-23T20:01:04.833+0000] {logging_mixin.py:137} INFO - [2023-04-23T20:01:04.805+0000] {dag.py:2705} INFO - Sync 1 DAGs
