[2023-04-23T01:09:47.626+0000] {processor.py:153} INFO - Started process (PID=70) to work on /home/airflow/.local/lib/python3.7/site-packages/airflow/example_dags/example_sensor_decorator.py
[2023-04-23T01:09:47.628+0000] {processor.py:743} INFO - Processing file /home/airflow/.local/lib/python3.7/site-packages/airflow/example_dags/example_sensor_decorator.py for tasks to queue
[2023-04-23T01:09:47.629+0000] {logging_mixin.py:137} INFO - [2023-04-23T01:09:47.629+0000] {dagbag.py:532} INFO - Filling up the DagBag from /home/airflow/.local/lib/python3.7/site-packages/airflow/example_dags/example_sensor_decorator.py
[2023-04-23T01:09:47.694+0000] {processor.py:753} INFO - DAG(s) dict_keys(['example_sensor_decorator']) retrieved from /home/airflow/.local/lib/python3.7/site-packages/airflow/example_dags/example_sensor_decorator.py
[2023-04-23T01:09:47.732+0000] {logging_mixin.py:137} INFO - [2023-04-23T01:09:47.732+0000] {dag.py:2705} INFO - Sync 1 DAGs
[2023-04-23T01:09:47.795+0000] {logging_mixin.py:137} INFO - [2023-04-23T01:09:47.795+0000] {dag.py:3456} INFO - Setting next_dagrun for example_sensor_decorator to None, run_after=None
[2023-04-23T01:09:47.830+0000] {processor.py:175} INFO - Processing /home/airflow/.local/lib/python3.7/site-packages/airflow/example_dags/example_sensor_decorator.py took 0.207 seconds
[2023-04-23T05:48:44.054+0000] {processor.py:153} INFO - Started process (PID=69) to work on /home/airflow/.local/lib/python3.7/site-packages/airflow/example_dags/example_sensor_decorator.py
[2023-04-23T05:48:44.057+0000] {processor.py:743} INFO - Processing file /home/airflow/.local/lib/python3.7/site-packages/airflow/example_dags/example_sensor_decorator.py for tasks to queue
[2023-04-23T05:48:44.059+0000] {logging_mixin.py:137} INFO - [2023-04-23T05:48:44.058+0000] {dagbag.py:532} INFO - Filling up the DagBag from /home/airflow/.local/lib/python3.7/site-packages/airflow/example_dags/example_sensor_decorator.py
[2023-04-23T05:48:44.146+0000] {processor.py:753} INFO - DAG(s) dict_keys(['example_sensor_decorator']) retrieved from /home/airflow/.local/lib/python3.7/site-packages/airflow/example_dags/example_sensor_decorator.py
[2023-04-23T05:48:44.258+0000] {logging_mixin.py:137} INFO - [2023-04-23T05:48:44.258+0000] {dag.py:2705} INFO - Sync 1 DAGs
[2023-04-23T05:48:44.351+0000] {logging_mixin.py:137} INFO - [2023-04-23T05:48:44.351+0000] {dag.py:3456} INFO - Setting next_dagrun for example_sensor_decorator to None, run_after=None
[2023-04-23T05:48:44.432+0000] {processor.py:175} INFO - Processing /home/airflow/.local/lib/python3.7/site-packages/airflow/example_dags/example_sensor_decorator.py took 0.398 seconds
[2023-04-23T11:42:59.761+0000] {processor.py:153} INFO - Started process (PID=71) to work on /home/airflow/.local/lib/python3.7/site-packages/airflow/example_dags/example_sensor_decorator.py
[2023-04-23T11:42:59.769+0000] {processor.py:743} INFO - Processing file /home/airflow/.local/lib/python3.7/site-packages/airflow/example_dags/example_sensor_decorator.py for tasks to queue
[2023-04-23T11:42:59.774+0000] {logging_mixin.py:137} INFO - [2023-04-23T11:42:59.774+0000] {dagbag.py:532} INFO - Filling up the DagBag from /home/airflow/.local/lib/python3.7/site-packages/airflow/example_dags/example_sensor_decorator.py
[2023-04-23T11:42:59.873+0000] {processor.py:753} INFO - DAG(s) dict_keys(['example_sensor_decorator']) retrieved from /home/airflow/.local/lib/python3.7/site-packages/airflow/example_dags/example_sensor_decorator.py
[2023-04-23T11:42:59.961+0000] {logging_mixin.py:137} INFO - [2023-04-23T11:42:59.960+0000] {dag.py:2705} INFO - Sync 1 DAGs
[2023-04-23T11:43:00.009+0000] {logging_mixin.py:137} INFO - [2023-04-23T11:43:00.009+0000] {dag.py:3456} INFO - Setting next_dagrun for example_sensor_decorator to None, run_after=None
[2023-04-23T11:43:00.054+0000] {processor.py:175} INFO - Processing /home/airflow/.local/lib/python3.7/site-packages/airflow/example_dags/example_sensor_decorator.py took 0.297 seconds
[2023-04-23T11:47:52.476+0000] {processor.py:153} INFO - Started process (PID=70) to work on /home/airflow/.local/lib/python3.7/site-packages/airflow/example_dags/example_sensor_decorator.py
[2023-04-23T11:47:52.482+0000] {processor.py:743} INFO - Processing file /home/airflow/.local/lib/python3.7/site-packages/airflow/example_dags/example_sensor_decorator.py for tasks to queue
[2023-04-23T11:47:52.485+0000] {logging_mixin.py:137} INFO - [2023-04-23T11:47:52.485+0000] {dagbag.py:532} INFO - Filling up the DagBag from /home/airflow/.local/lib/python3.7/site-packages/airflow/example_dags/example_sensor_decorator.py
[2023-04-23T11:47:52.514+0000] {processor.py:753} INFO - DAG(s) dict_keys(['example_sensor_decorator']) retrieved from /home/airflow/.local/lib/python3.7/site-packages/airflow/example_dags/example_sensor_decorator.py
[2023-04-23T11:47:52.559+0000] {logging_mixin.py:137} INFO - [2023-04-23T11:47:52.559+0000] {dag.py:2705} INFO - Sync 1 DAGs
[2023-04-23T11:47:52.613+0000] {logging_mixin.py:137} INFO - [2023-04-23T11:47:52.613+0000] {dag.py:3456} INFO - Setting next_dagrun for example_sensor_decorator to None, run_after=None
[2023-04-23T11:47:52.696+0000] {processor.py:175} INFO - Processing /home/airflow/.local/lib/python3.7/site-packages/airflow/example_dags/example_sensor_decorator.py took 0.223 seconds
[2023-04-23T11:48:58.033+0000] {processor.py:153} INFO - Started process (PID=62) to work on /home/airflow/.local/lib/python3.7/site-packages/airflow/example_dags/example_sensor_decorator.py
[2023-04-23T11:48:58.037+0000] {processor.py:743} INFO - Processing file /home/airflow/.local/lib/python3.7/site-packages/airflow/example_dags/example_sensor_decorator.py for tasks to queue
[2023-04-23T11:48:58.037+0000] {logging_mixin.py:137} INFO - [2023-04-23T11:48:58.037+0000] {dagbag.py:532} INFO - Filling up the DagBag from /home/airflow/.local/lib/python3.7/site-packages/airflow/example_dags/example_sensor_decorator.py
[2023-04-23T11:48:58.133+0000] {processor.py:753} INFO - DAG(s) dict_keys(['example_sensor_decorator']) retrieved from /home/airflow/.local/lib/python3.7/site-packages/airflow/example_dags/example_sensor_decorator.py
[2023-04-23T11:48:58.210+0000] {logging_mixin.py:137} INFO - [2023-04-23T11:48:58.210+0000] {dag.py:2705} INFO - Sync 1 DAGs
[2023-04-23T11:48:58.276+0000] {logging_mixin.py:137} INFO - [2023-04-23T11:48:58.276+0000] {dag.py:3456} INFO - Setting next_dagrun for example_sensor_decorator to None, run_after=None
[2023-04-23T11:48:58.360+0000] {processor.py:175} INFO - Processing /home/airflow/.local/lib/python3.7/site-packages/airflow/example_dags/example_sensor_decorator.py took 0.342 seconds
[2023-04-23T11:51:34.861+0000] {processor.py:153} INFO - Started process (PID=71) to work on /home/airflow/.local/lib/python3.7/site-packages/airflow/example_dags/example_sensor_decorator.py
[2023-04-23T11:51:34.864+0000] {processor.py:743} INFO - Processing file /home/airflow/.local/lib/python3.7/site-packages/airflow/example_dags/example_sensor_decorator.py for tasks to queue
[2023-04-23T11:51:34.865+0000] {logging_mixin.py:137} INFO - [2023-04-23T11:51:34.865+0000] {dagbag.py:532} INFO - Filling up the DagBag from /home/airflow/.local/lib/python3.7/site-packages/airflow/example_dags/example_sensor_decorator.py
[2023-04-23T11:51:34.918+0000] {processor.py:753} INFO - DAG(s) dict_keys(['example_sensor_decorator']) retrieved from /home/airflow/.local/lib/python3.7/site-packages/airflow/example_dags/example_sensor_decorator.py
[2023-04-23T11:51:34.963+0000] {logging_mixin.py:137} INFO - [2023-04-23T11:51:34.962+0000] {dag.py:2705} INFO - Sync 1 DAGs
[2023-04-23T11:51:35.023+0000] {logging_mixin.py:137} INFO - [2023-04-23T11:51:35.022+0000] {dag.py:3456} INFO - Setting next_dagrun for example_sensor_decorator to None, run_after=None
[2023-04-23T11:51:35.056+0000] {processor.py:175} INFO - Processing /home/airflow/.local/lib/python3.7/site-packages/airflow/example_dags/example_sensor_decorator.py took 0.197 seconds
[2023-04-23T11:52:28.344+0000] {processor.py:153} INFO - Started process (PID=68) to work on /home/airflow/.local/lib/python3.7/site-packages/airflow/example_dags/example_sensor_decorator.py
[2023-04-23T11:52:28.349+0000] {processor.py:743} INFO - Processing file /home/airflow/.local/lib/python3.7/site-packages/airflow/example_dags/example_sensor_decorator.py for tasks to queue
[2023-04-23T11:52:28.350+0000] {logging_mixin.py:137} INFO - [2023-04-23T11:52:28.350+0000] {dagbag.py:532} INFO - Filling up the DagBag from /home/airflow/.local/lib/python3.7/site-packages/airflow/example_dags/example_sensor_decorator.py
[2023-04-23T11:52:28.424+0000] {processor.py:753} INFO - DAG(s) dict_keys(['example_sensor_decorator']) retrieved from /home/airflow/.local/lib/python3.7/site-packages/airflow/example_dags/example_sensor_decorator.py
[2023-04-23T11:52:28.442+0000] {logging_mixin.py:137} INFO - [2023-04-23T11:52:28.442+0000] {dag.py:2705} INFO - Sync 1 DAGs
[2023-04-23T11:52:28.464+0000] {logging_mixin.py:137} INFO - [2023-04-23T11:52:28.464+0000] {dag.py:3456} INFO - Setting next_dagrun for example_sensor_decorator to None, run_after=None
[2023-04-23T11:52:28.479+0000] {processor.py:175} INFO - Processing /home/airflow/.local/lib/python3.7/site-packages/airflow/example_dags/example_sensor_decorator.py took 0.137 seconds
[2023-04-23T11:52:49.481+0000] {processor.py:153} INFO - Started process (PID=62) to work on /home/airflow/.local/lib/python3.7/site-packages/airflow/example_dags/example_sensor_decorator.py
[2023-04-23T11:52:49.482+0000] {processor.py:743} INFO - Processing file /home/airflow/.local/lib/python3.7/site-packages/airflow/example_dags/example_sensor_decorator.py for tasks to queue
[2023-04-23T11:52:49.483+0000] {logging_mixin.py:137} INFO - [2023-04-23T11:52:49.483+0000] {dagbag.py:532} INFO - Filling up the DagBag from /home/airflow/.local/lib/python3.7/site-packages/airflow/example_dags/example_sensor_decorator.py
[2023-04-23T11:52:49.520+0000] {processor.py:753} INFO - DAG(s) dict_keys(['example_sensor_decorator']) retrieved from /home/airflow/.local/lib/python3.7/site-packages/airflow/example_dags/example_sensor_decorator.py
[2023-04-23T11:52:49.552+0000] {logging_mixin.py:137} INFO - [2023-04-23T11:52:49.552+0000] {dag.py:2705} INFO - Sync 1 DAGs
[2023-04-23T11:52:49.595+0000] {logging_mixin.py:137} INFO - [2023-04-23T11:52:49.595+0000] {dag.py:3456} INFO - Setting next_dagrun for example_sensor_decorator to None, run_after=None
[2023-04-23T11:52:49.632+0000] {processor.py:175} INFO - Processing /home/airflow/.local/lib/python3.7/site-packages/airflow/example_dags/example_sensor_decorator.py took 0.158 seconds
[2023-04-23T11:53:46.347+0000] {processor.py:153} INFO - Started process (PID=66) to work on /home/airflow/.local/lib/python3.7/site-packages/airflow/example_dags/example_sensor_decorator.py
[2023-04-23T11:53:46.354+0000] {processor.py:743} INFO - Processing file /home/airflow/.local/lib/python3.7/site-packages/airflow/example_dags/example_sensor_decorator.py for tasks to queue
[2023-04-23T11:53:46.355+0000] {logging_mixin.py:137} INFO - [2023-04-23T11:53:46.355+0000] {dagbag.py:532} INFO - Filling up the DagBag from /home/airflow/.local/lib/python3.7/site-packages/airflow/example_dags/example_sensor_decorator.py
[2023-04-23T11:53:46.589+0000] {processor.py:753} INFO - DAG(s) dict_keys(['example_sensor_decorator']) retrieved from /home/airflow/.local/lib/python3.7/site-packages/airflow/example_dags/example_sensor_decorator.py
[2023-04-23T11:57:14.800+0000] {processor.py:153} INFO - Started process (PID=71) to work on /home/airflow/.local/lib/python3.7/site-packages/airflow/example_dags/example_sensor_decorator.py
[2023-04-23T11:57:14.810+0000] {processor.py:743} INFO - Processing file /home/airflow/.local/lib/python3.7/site-packages/airflow/example_dags/example_sensor_decorator.py for tasks to queue
[2023-04-23T11:57:14.811+0000] {logging_mixin.py:137} INFO - [2023-04-23T11:57:14.811+0000] {dagbag.py:532} INFO - Filling up the DagBag from /home/airflow/.local/lib/python3.7/site-packages/airflow/example_dags/example_sensor_decorator.py
[2023-04-23T11:57:16.093+0000] {processor.py:753} INFO - DAG(s) dict_keys(['example_sensor_decorator']) retrieved from /home/airflow/.local/lib/python3.7/site-packages/airflow/example_dags/example_sensor_decorator.py
[2023-04-23T12:02:42.150+0000] {processor.py:153} INFO - Started process (PID=69) to work on /home/airflow/.local/lib/python3.7/site-packages/airflow/example_dags/example_sensor_decorator.py
[2023-04-23T12:02:42.158+0000] {processor.py:743} INFO - Processing file /home/airflow/.local/lib/python3.7/site-packages/airflow/example_dags/example_sensor_decorator.py for tasks to queue
[2023-04-23T12:02:42.159+0000] {logging_mixin.py:137} INFO - [2023-04-23T12:02:42.159+0000] {dagbag.py:532} INFO - Filling up the DagBag from /home/airflow/.local/lib/python3.7/site-packages/airflow/example_dags/example_sensor_decorator.py
[2023-04-23T12:02:42.199+0000] {processor.py:753} INFO - DAG(s) dict_keys(['example_sensor_decorator']) retrieved from /home/airflow/.local/lib/python3.7/site-packages/airflow/example_dags/example_sensor_decorator.py
[2023-04-23T12:02:42.246+0000] {logging_mixin.py:137} INFO - [2023-04-23T12:02:42.246+0000] {dag.py:2705} INFO - Sync 1 DAGs
[2023-04-23T12:02:42.319+0000] {logging_mixin.py:137} INFO - [2023-04-23T12:02:42.319+0000] {dag.py:3456} INFO - Setting next_dagrun for example_sensor_decorator to None, run_after=None
[2023-04-23T12:02:42.396+0000] {processor.py:175} INFO - Processing /home/airflow/.local/lib/python3.7/site-packages/airflow/example_dags/example_sensor_decorator.py took 0.248 seconds
[2023-04-23T12:03:06.696+0000] {processor.py:153} INFO - Started process (PID=62) to work on /home/airflow/.local/lib/python3.7/site-packages/airflow/example_dags/example_sensor_decorator.py
[2023-04-23T12:03:06.700+0000] {processor.py:743} INFO - Processing file /home/airflow/.local/lib/python3.7/site-packages/airflow/example_dags/example_sensor_decorator.py for tasks to queue
[2023-04-23T12:03:06.702+0000] {logging_mixin.py:137} INFO - [2023-04-23T12:03:06.702+0000] {dagbag.py:532} INFO - Filling up the DagBag from /home/airflow/.local/lib/python3.7/site-packages/airflow/example_dags/example_sensor_decorator.py
[2023-04-23T12:03:06.752+0000] {processor.py:753} INFO - DAG(s) dict_keys(['example_sensor_decorator']) retrieved from /home/airflow/.local/lib/python3.7/site-packages/airflow/example_dags/example_sensor_decorator.py
[2023-04-23T12:03:06.785+0000] {logging_mixin.py:137} INFO - [2023-04-23T12:03:06.785+0000] {dag.py:2705} INFO - Sync 1 DAGs
[2023-04-23T12:03:06.804+0000] {logging_mixin.py:137} INFO - [2023-04-23T12:03:06.804+0000] {dag.py:3456} INFO - Setting next_dagrun for example_sensor_decorator to None, run_after=None
[2023-04-23T12:03:06.825+0000] {processor.py:175} INFO - Processing /home/airflow/.local/lib/python3.7/site-packages/airflow/example_dags/example_sensor_decorator.py took 0.134 seconds
[2023-04-23T12:10:08.968+0000] {processor.py:153} INFO - Started process (PID=70) to work on /home/airflow/.local/lib/python3.7/site-packages/airflow/example_dags/example_sensor_decorator.py
[2023-04-23T12:10:08.971+0000] {processor.py:743} INFO - Processing file /home/airflow/.local/lib/python3.7/site-packages/airflow/example_dags/example_sensor_decorator.py for tasks to queue
[2023-04-23T12:10:08.973+0000] {logging_mixin.py:137} INFO - [2023-04-23T12:10:08.972+0000] {dagbag.py:532} INFO - Filling up the DagBag from /home/airflow/.local/lib/python3.7/site-packages/airflow/example_dags/example_sensor_decorator.py
[2023-04-23T12:10:09.008+0000] {processor.py:753} INFO - DAG(s) dict_keys(['example_sensor_decorator']) retrieved from /home/airflow/.local/lib/python3.7/site-packages/airflow/example_dags/example_sensor_decorator.py
[2023-04-23T12:10:09.032+0000] {logging_mixin.py:137} INFO - [2023-04-23T12:10:09.031+0000] {dag.py:2705} INFO - Sync 1 DAGs
[2023-04-23T12:10:09.080+0000] {logging_mixin.py:137} INFO - [2023-04-23T12:10:09.080+0000] {dag.py:3456} INFO - Setting next_dagrun for example_sensor_decorator to None, run_after=None
[2023-04-23T12:10:09.104+0000] {processor.py:175} INFO - Processing /home/airflow/.local/lib/python3.7/site-packages/airflow/example_dags/example_sensor_decorator.py took 0.139 seconds
[2023-04-23T12:14:17.657+0000] {processor.py:153} INFO - Started process (PID=62) to work on /home/airflow/.local/lib/python3.7/site-packages/airflow/example_dags/example_sensor_decorator.py
[2023-04-23T12:14:17.658+0000] {processor.py:743} INFO - Processing file /home/airflow/.local/lib/python3.7/site-packages/airflow/example_dags/example_sensor_decorator.py for tasks to queue
[2023-04-23T12:14:17.660+0000] {logging_mixin.py:137} INFO - [2023-04-23T12:14:17.660+0000] {dagbag.py:532} INFO - Filling up the DagBag from /home/airflow/.local/lib/python3.7/site-packages/airflow/example_dags/example_sensor_decorator.py
[2023-04-23T12:14:17.706+0000] {processor.py:753} INFO - DAG(s) dict_keys(['example_sensor_decorator']) retrieved from /home/airflow/.local/lib/python3.7/site-packages/airflow/example_dags/example_sensor_decorator.py
[2023-04-23T12:14:17.746+0000] {logging_mixin.py:137} INFO - [2023-04-23T12:14:17.746+0000] {dag.py:2705} INFO - Sync 1 DAGs
[2023-04-23T12:14:17.794+0000] {logging_mixin.py:137} INFO - [2023-04-23T12:14:17.792+0000] {dag.py:3456} INFO - Setting next_dagrun for example_sensor_decorator to None, run_after=None
[2023-04-23T12:14:17.839+0000] {processor.py:175} INFO - Processing /home/airflow/.local/lib/python3.7/site-packages/airflow/example_dags/example_sensor_decorator.py took 0.185 seconds
[2023-04-23T12:16:04.588+0000] {processor.py:153} INFO - Started process (PID=71) to work on /home/airflow/.local/lib/python3.7/site-packages/airflow/example_dags/example_sensor_decorator.py
[2023-04-23T12:16:04.591+0000] {processor.py:743} INFO - Processing file /home/airflow/.local/lib/python3.7/site-packages/airflow/example_dags/example_sensor_decorator.py for tasks to queue
[2023-04-23T12:16:04.592+0000] {logging_mixin.py:137} INFO - [2023-04-23T12:16:04.592+0000] {dagbag.py:532} INFO - Filling up the DagBag from /home/airflow/.local/lib/python3.7/site-packages/airflow/example_dags/example_sensor_decorator.py
[2023-04-23T12:16:04.647+0000] {processor.py:753} INFO - DAG(s) dict_keys(['example_sensor_decorator']) retrieved from /home/airflow/.local/lib/python3.7/site-packages/airflow/example_dags/example_sensor_decorator.py
[2023-04-23T12:16:04.692+0000] {logging_mixin.py:137} INFO - [2023-04-23T12:16:04.691+0000] {dag.py:2705} INFO - Sync 1 DAGs
[2023-04-23T12:16:04.734+0000] {logging_mixin.py:137} INFO - [2023-04-23T12:16:04.734+0000] {dag.py:3456} INFO - Setting next_dagrun for example_sensor_decorator to None, run_after=None
[2023-04-23T12:16:04.766+0000] {processor.py:175} INFO - Processing /home/airflow/.local/lib/python3.7/site-packages/airflow/example_dags/example_sensor_decorator.py took 0.181 seconds
[2023-04-23T12:16:36.675+0000] {processor.py:153} INFO - Started process (PID=62) to work on /home/airflow/.local/lib/python3.7/site-packages/airflow/example_dags/example_sensor_decorator.py
[2023-04-23T12:16:36.678+0000] {processor.py:743} INFO - Processing file /home/airflow/.local/lib/python3.7/site-packages/airflow/example_dags/example_sensor_decorator.py for tasks to queue
[2023-04-23T12:16:36.681+0000] {logging_mixin.py:137} INFO - [2023-04-23T12:16:36.681+0000] {dagbag.py:532} INFO - Filling up the DagBag from /home/airflow/.local/lib/python3.7/site-packages/airflow/example_dags/example_sensor_decorator.py
[2023-04-23T12:16:36.734+0000] {processor.py:753} INFO - DAG(s) dict_keys(['example_sensor_decorator']) retrieved from /home/airflow/.local/lib/python3.7/site-packages/airflow/example_dags/example_sensor_decorator.py
[2023-04-23T12:16:36.771+0000] {logging_mixin.py:137} INFO - [2023-04-23T12:16:36.771+0000] {dag.py:2705} INFO - Sync 1 DAGs
[2023-04-23T12:16:36.818+0000] {logging_mixin.py:137} INFO - [2023-04-23T12:16:36.818+0000] {dag.py:3456} INFO - Setting next_dagrun for example_sensor_decorator to None, run_after=None
[2023-04-23T12:16:36.846+0000] {processor.py:175} INFO - Processing /home/airflow/.local/lib/python3.7/site-packages/airflow/example_dags/example_sensor_decorator.py took 0.174 seconds
[2023-04-23T12:17:12.953+0000] {processor.py:153} INFO - Started process (PID=62) to work on /home/airflow/.local/lib/python3.7/site-packages/airflow/example_dags/example_sensor_decorator.py
[2023-04-23T12:17:12.955+0000] {processor.py:743} INFO - Processing file /home/airflow/.local/lib/python3.7/site-packages/airflow/example_dags/example_sensor_decorator.py for tasks to queue
[2023-04-23T12:17:12.963+0000] {logging_mixin.py:137} INFO - [2023-04-23T12:17:12.957+0000] {dagbag.py:532} INFO - Filling up the DagBag from /home/airflow/.local/lib/python3.7/site-packages/airflow/example_dags/example_sensor_decorator.py
[2023-04-23T12:17:13.022+0000] {processor.py:753} INFO - DAG(s) dict_keys(['example_sensor_decorator']) retrieved from /home/airflow/.local/lib/python3.7/site-packages/airflow/example_dags/example_sensor_decorator.py
[2023-04-23T12:17:13.066+0000] {logging_mixin.py:137} INFO - [2023-04-23T12:17:13.065+0000] {dag.py:2705} INFO - Sync 1 DAGs
[2023-04-23T12:17:13.130+0000] {logging_mixin.py:137} INFO - [2023-04-23T12:17:13.130+0000] {dag.py:3456} INFO - Setting next_dagrun for example_sensor_decorator to None, run_after=None
[2023-04-23T12:17:13.149+0000] {processor.py:175} INFO - Processing /home/airflow/.local/lib/python3.7/site-packages/airflow/example_dags/example_sensor_decorator.py took 0.200 seconds
[2023-04-23T12:17:59.741+0000] {processor.py:153} INFO - Started process (PID=62) to work on /home/airflow/.local/lib/python3.7/site-packages/airflow/example_dags/example_sensor_decorator.py
[2023-04-23T12:17:59.742+0000] {processor.py:743} INFO - Processing file /home/airflow/.local/lib/python3.7/site-packages/airflow/example_dags/example_sensor_decorator.py for tasks to queue
[2023-04-23T12:17:59.742+0000] {logging_mixin.py:137} INFO - [2023-04-23T12:17:59.742+0000] {dagbag.py:532} INFO - Filling up the DagBag from /home/airflow/.local/lib/python3.7/site-packages/airflow/example_dags/example_sensor_decorator.py
[2023-04-23T12:17:59.763+0000] {processor.py:753} INFO - DAG(s) dict_keys(['example_sensor_decorator']) retrieved from /home/airflow/.local/lib/python3.7/site-packages/airflow/example_dags/example_sensor_decorator.py
[2023-04-23T12:17:59.799+0000] {logging_mixin.py:137} INFO - [2023-04-23T12:17:59.798+0000] {dag.py:2705} INFO - Sync 1 DAGs
[2023-04-23T12:17:59.843+0000] {logging_mixin.py:137} INFO - [2023-04-23T12:17:59.843+0000] {dag.py:3456} INFO - Setting next_dagrun for example_sensor_decorator to None, run_after=None
[2023-04-23T12:17:59.871+0000] {processor.py:175} INFO - Processing /home/airflow/.local/lib/python3.7/site-packages/airflow/example_dags/example_sensor_decorator.py took 0.133 seconds
[2023-04-23T12:18:54.375+0000] {processor.py:153} INFO - Started process (PID=69) to work on /home/airflow/.local/lib/python3.7/site-packages/airflow/example_dags/example_sensor_decorator.py
[2023-04-23T12:18:54.377+0000] {processor.py:743} INFO - Processing file /home/airflow/.local/lib/python3.7/site-packages/airflow/example_dags/example_sensor_decorator.py for tasks to queue
[2023-04-23T12:18:54.378+0000] {logging_mixin.py:137} INFO - [2023-04-23T12:18:54.378+0000] {dagbag.py:532} INFO - Filling up the DagBag from /home/airflow/.local/lib/python3.7/site-packages/airflow/example_dags/example_sensor_decorator.py
[2023-04-23T12:18:54.434+0000] {processor.py:753} INFO - DAG(s) dict_keys(['example_sensor_decorator']) retrieved from /home/airflow/.local/lib/python3.7/site-packages/airflow/example_dags/example_sensor_decorator.py
[2023-04-23T12:18:54.505+0000] {logging_mixin.py:137} INFO - [2023-04-23T12:18:54.505+0000] {dag.py:2705} INFO - Sync 1 DAGs
[2023-04-23T12:18:54.561+0000] {logging_mixin.py:137} INFO - [2023-04-23T12:18:54.561+0000] {dag.py:3456} INFO - Setting next_dagrun for example_sensor_decorator to None, run_after=None
[2023-04-23T12:18:54.600+0000] {processor.py:175} INFO - Processing /home/airflow/.local/lib/python3.7/site-packages/airflow/example_dags/example_sensor_decorator.py took 0.229 seconds
[2023-04-23T12:19:49.827+0000] {processor.py:153} INFO - Started process (PID=62) to work on /home/airflow/.local/lib/python3.7/site-packages/airflow/example_dags/example_sensor_decorator.py
[2023-04-23T12:19:49.828+0000] {processor.py:743} INFO - Processing file /home/airflow/.local/lib/python3.7/site-packages/airflow/example_dags/example_sensor_decorator.py for tasks to queue
[2023-04-23T12:19:49.831+0000] {logging_mixin.py:137} INFO - [2023-04-23T12:19:49.831+0000] {dagbag.py:532} INFO - Filling up the DagBag from /home/airflow/.local/lib/python3.7/site-packages/airflow/example_dags/example_sensor_decorator.py
[2023-04-23T12:19:49.913+0000] {processor.py:753} INFO - DAG(s) dict_keys(['example_sensor_decorator']) retrieved from /home/airflow/.local/lib/python3.7/site-packages/airflow/example_dags/example_sensor_decorator.py
[2023-04-23T12:19:49.961+0000] {logging_mixin.py:137} INFO - [2023-04-23T12:19:49.961+0000] {dag.py:2705} INFO - Sync 1 DAGs
[2023-04-23T12:19:49.998+0000] {logging_mixin.py:137} INFO - [2023-04-23T12:19:49.997+0000] {dag.py:3456} INFO - Setting next_dagrun for example_sensor_decorator to None, run_after=None
[2023-04-23T12:19:50.011+0000] {processor.py:175} INFO - Processing /home/airflow/.local/lib/python3.7/site-packages/airflow/example_dags/example_sensor_decorator.py took 0.186 seconds
[2023-04-23T12:23:28.430+0000] {processor.py:153} INFO - Started process (PID=62) to work on /home/airflow/.local/lib/python3.7/site-packages/airflow/example_dags/example_sensor_decorator.py
[2023-04-23T12:23:28.430+0000] {processor.py:743} INFO - Processing file /home/airflow/.local/lib/python3.7/site-packages/airflow/example_dags/example_sensor_decorator.py for tasks to queue
[2023-04-23T12:23:28.431+0000] {logging_mixin.py:137} INFO - [2023-04-23T12:23:28.431+0000] {dagbag.py:532} INFO - Filling up the DagBag from /home/airflow/.local/lib/python3.7/site-packages/airflow/example_dags/example_sensor_decorator.py
[2023-04-23T12:23:28.458+0000] {processor.py:753} INFO - DAG(s) dict_keys(['example_sensor_decorator']) retrieved from /home/airflow/.local/lib/python3.7/site-packages/airflow/example_dags/example_sensor_decorator.py
[2023-04-23T12:23:28.491+0000] {logging_mixin.py:137} INFO - [2023-04-23T12:23:28.491+0000] {dag.py:2705} INFO - Sync 1 DAGs
[2023-04-23T12:23:28.515+0000] {logging_mixin.py:137} INFO - [2023-04-23T12:23:28.515+0000] {dag.py:3456} INFO - Setting next_dagrun for example_sensor_decorator to None, run_after=None
[2023-04-23T12:23:28.589+0000] {processor.py:175} INFO - Processing /home/airflow/.local/lib/python3.7/site-packages/airflow/example_dags/example_sensor_decorator.py took 0.166 seconds
[2023-04-23T12:24:09.118+0000] {processor.py:153} INFO - Started process (PID=62) to work on /home/airflow/.local/lib/python3.7/site-packages/airflow/example_dags/example_sensor_decorator.py
[2023-04-23T12:24:09.121+0000] {processor.py:743} INFO - Processing file /home/airflow/.local/lib/python3.7/site-packages/airflow/example_dags/example_sensor_decorator.py for tasks to queue
[2023-04-23T12:24:09.122+0000] {logging_mixin.py:137} INFO - [2023-04-23T12:24:09.122+0000] {dagbag.py:532} INFO - Filling up the DagBag from /home/airflow/.local/lib/python3.7/site-packages/airflow/example_dags/example_sensor_decorator.py
[2023-04-23T12:24:09.154+0000] {processor.py:753} INFO - DAG(s) dict_keys(['example_sensor_decorator']) retrieved from /home/airflow/.local/lib/python3.7/site-packages/airflow/example_dags/example_sensor_decorator.py
[2023-04-23T12:24:09.186+0000] {logging_mixin.py:137} INFO - [2023-04-23T12:24:09.186+0000] {dag.py:2705} INFO - Sync 1 DAGs
[2023-04-23T12:24:09.227+0000] {logging_mixin.py:137} INFO - [2023-04-23T12:24:09.227+0000] {dag.py:3456} INFO - Setting next_dagrun for example_sensor_decorator to None, run_after=None
[2023-04-23T12:24:09.247+0000] {processor.py:175} INFO - Processing /home/airflow/.local/lib/python3.7/site-packages/airflow/example_dags/example_sensor_decorator.py took 0.134 seconds
[2023-04-23T12:25:35.997+0000] {processor.py:153} INFO - Started process (PID=62) to work on /home/airflow/.local/lib/python3.7/site-packages/airflow/example_dags/example_sensor_decorator.py
[2023-04-23T12:25:35.998+0000] {processor.py:743} INFO - Processing file /home/airflow/.local/lib/python3.7/site-packages/airflow/example_dags/example_sensor_decorator.py for tasks to queue
[2023-04-23T12:25:35.999+0000] {logging_mixin.py:137} INFO - [2023-04-23T12:25:35.999+0000] {dagbag.py:532} INFO - Filling up the DagBag from /home/airflow/.local/lib/python3.7/site-packages/airflow/example_dags/example_sensor_decorator.py
[2023-04-23T12:25:36.032+0000] {processor.py:753} INFO - DAG(s) dict_keys(['example_sensor_decorator']) retrieved from /home/airflow/.local/lib/python3.7/site-packages/airflow/example_dags/example_sensor_decorator.py
[2023-04-23T12:25:36.061+0000] {logging_mixin.py:137} INFO - [2023-04-23T12:25:36.060+0000] {dag.py:2705} INFO - Sync 1 DAGs
[2023-04-23T12:25:36.092+0000] {logging_mixin.py:137} INFO - [2023-04-23T12:25:36.092+0000] {dag.py:3456} INFO - Setting next_dagrun for example_sensor_decorator to None, run_after=None
[2023-04-23T12:25:36.122+0000] {processor.py:175} INFO - Processing /home/airflow/.local/lib/python3.7/site-packages/airflow/example_dags/example_sensor_decorator.py took 0.127 seconds
[2023-04-23T12:26:22.482+0000] {processor.py:153} INFO - Started process (PID=62) to work on /home/airflow/.local/lib/python3.7/site-packages/airflow/example_dags/example_sensor_decorator.py
[2023-04-23T12:26:22.482+0000] {processor.py:743} INFO - Processing file /home/airflow/.local/lib/python3.7/site-packages/airflow/example_dags/example_sensor_decorator.py for tasks to queue
[2023-04-23T12:26:22.484+0000] {logging_mixin.py:137} INFO - [2023-04-23T12:26:22.483+0000] {dagbag.py:532} INFO - Filling up the DagBag from /home/airflow/.local/lib/python3.7/site-packages/airflow/example_dags/example_sensor_decorator.py
[2023-04-23T12:26:22.510+0000] {processor.py:753} INFO - DAG(s) dict_keys(['example_sensor_decorator']) retrieved from /home/airflow/.local/lib/python3.7/site-packages/airflow/example_dags/example_sensor_decorator.py
[2023-04-23T12:26:22.575+0000] {logging_mixin.py:137} INFO - [2023-04-23T12:26:22.574+0000] {dag.py:2705} INFO - Sync 1 DAGs
[2023-04-23T12:26:22.607+0000] {logging_mixin.py:137} INFO - [2023-04-23T12:26:22.607+0000] {dag.py:3456} INFO - Setting next_dagrun for example_sensor_decorator to None, run_after=None
[2023-04-23T12:26:22.661+0000] {processor.py:175} INFO - Processing /home/airflow/.local/lib/python3.7/site-packages/airflow/example_dags/example_sensor_decorator.py took 0.183 seconds
[2023-04-23T13:08:10.747+0000] {processor.py:153} INFO - Started process (PID=62) to work on /home/airflow/.local/lib/python3.7/site-packages/airflow/example_dags/example_sensor_decorator.py
[2023-04-23T13:08:10.749+0000] {processor.py:743} INFO - Processing file /home/airflow/.local/lib/python3.7/site-packages/airflow/example_dags/example_sensor_decorator.py for tasks to queue
[2023-04-23T13:08:10.750+0000] {logging_mixin.py:137} INFO - [2023-04-23T13:08:10.750+0000] {dagbag.py:532} INFO - Filling up the DagBag from /home/airflow/.local/lib/python3.7/site-packages/airflow/example_dags/example_sensor_decorator.py
[2023-04-23T13:08:10.778+0000] {processor.py:753} INFO - DAG(s) dict_keys(['example_sensor_decorator']) retrieved from /home/airflow/.local/lib/python3.7/site-packages/airflow/example_dags/example_sensor_decorator.py
[2023-04-23T13:08:10.852+0000] {logging_mixin.py:137} INFO - [2023-04-23T13:08:10.852+0000] {dag.py:2705} INFO - Sync 1 DAGs
[2023-04-23T13:08:10.896+0000] {logging_mixin.py:137} INFO - [2023-04-23T13:08:10.896+0000] {dag.py:3456} INFO - Setting next_dagrun for example_sensor_decorator to None, run_after=None
[2023-04-23T13:08:10.932+0000] {processor.py:175} INFO - Processing /home/airflow/.local/lib/python3.7/site-packages/airflow/example_dags/example_sensor_decorator.py took 0.187 seconds
[2023-04-23T14:13:53.695+0000] {processor.py:153} INFO - Started process (PID=61) to work on /home/airflow/.local/lib/python3.7/site-packages/airflow/example_dags/example_sensor_decorator.py
[2023-04-23T14:13:53.702+0000] {processor.py:743} INFO - Processing file /home/airflow/.local/lib/python3.7/site-packages/airflow/example_dags/example_sensor_decorator.py for tasks to queue
[2023-04-23T14:13:53.703+0000] {logging_mixin.py:137} INFO - [2023-04-23T14:13:53.703+0000] {dagbag.py:532} INFO - Filling up the DagBag from /home/airflow/.local/lib/python3.7/site-packages/airflow/example_dags/example_sensor_decorator.py
[2023-04-23T14:13:53.814+0000] {processor.py:753} INFO - DAG(s) dict_keys(['example_sensor_decorator']) retrieved from /home/airflow/.local/lib/python3.7/site-packages/airflow/example_dags/example_sensor_decorator.py
[2023-04-23T14:13:53.958+0000] {logging_mixin.py:137} INFO - [2023-04-23T14:13:53.953+0000] {dag.py:2705} INFO - Sync 1 DAGs
[2023-04-23T14:13:54.060+0000] {logging_mixin.py:137} INFO - [2023-04-23T14:13:54.054+0000] {dag.py:3456} INFO - Setting next_dagrun for example_sensor_decorator to None, run_after=None
[2023-04-23T14:13:54.273+0000] {processor.py:175} INFO - Processing /home/airflow/.local/lib/python3.7/site-packages/airflow/example_dags/example_sensor_decorator.py took 0.584 seconds
[2023-04-23T15:24:42.526+0000] {processor.py:153} INFO - Started process (PID=62) to work on /home/airflow/.local/lib/python3.7/site-packages/airflow/example_dags/example_sensor_decorator.py
[2023-04-23T15:24:42.526+0000] {processor.py:743} INFO - Processing file /home/airflow/.local/lib/python3.7/site-packages/airflow/example_dags/example_sensor_decorator.py for tasks to queue
[2023-04-23T15:24:42.527+0000] {logging_mixin.py:137} INFO - [2023-04-23T15:24:42.527+0000] {dagbag.py:532} INFO - Filling up the DagBag from /home/airflow/.local/lib/python3.7/site-packages/airflow/example_dags/example_sensor_decorator.py
[2023-04-23T15:24:42.553+0000] {processor.py:753} INFO - DAG(s) dict_keys(['example_sensor_decorator']) retrieved from /home/airflow/.local/lib/python3.7/site-packages/airflow/example_dags/example_sensor_decorator.py
[2023-04-23T15:24:42.573+0000] {logging_mixin.py:137} INFO - [2023-04-23T15:24:42.573+0000] {dag.py:2705} INFO - Sync 1 DAGs
[2023-04-23T15:24:42.593+0000] {logging_mixin.py:137} INFO - [2023-04-23T15:24:42.593+0000] {dag.py:3456} INFO - Setting next_dagrun for example_sensor_decorator to None, run_after=None
[2023-04-23T15:24:42.606+0000] {processor.py:175} INFO - Processing /home/airflow/.local/lib/python3.7/site-packages/airflow/example_dags/example_sensor_decorator.py took 0.083 seconds
[2023-04-23T15:28:49.069+0000] {processor.py:153} INFO - Started process (PID=71) to work on /home/airflow/.local/lib/python3.7/site-packages/airflow/example_dags/example_sensor_decorator.py
[2023-04-23T15:28:49.071+0000] {processor.py:743} INFO - Processing file /home/airflow/.local/lib/python3.7/site-packages/airflow/example_dags/example_sensor_decorator.py for tasks to queue
[2023-04-23T15:28:49.075+0000] {logging_mixin.py:137} INFO - [2023-04-23T15:28:49.075+0000] {dagbag.py:532} INFO - Filling up the DagBag from /home/airflow/.local/lib/python3.7/site-packages/airflow/example_dags/example_sensor_decorator.py
[2023-04-23T15:28:49.106+0000] {processor.py:753} INFO - DAG(s) dict_keys(['example_sensor_decorator']) retrieved from /home/airflow/.local/lib/python3.7/site-packages/airflow/example_dags/example_sensor_decorator.py
[2023-04-23T15:28:49.135+0000] {logging_mixin.py:137} INFO - [2023-04-23T15:28:49.135+0000] {dag.py:2705} INFO - Sync 1 DAGs
[2023-04-23T15:28:49.195+0000] {logging_mixin.py:137} INFO - [2023-04-23T15:28:49.194+0000] {dag.py:3456} INFO - Setting next_dagrun for example_sensor_decorator to None, run_after=None
[2023-04-23T15:28:49.231+0000] {processor.py:175} INFO - Processing /home/airflow/.local/lib/python3.7/site-packages/airflow/example_dags/example_sensor_decorator.py took 0.165 seconds
[2023-04-23T15:30:10.814+0000] {processor.py:153} INFO - Started process (PID=62) to work on /home/airflow/.local/lib/python3.7/site-packages/airflow/example_dags/example_sensor_decorator.py
[2023-04-23T15:30:10.819+0000] {processor.py:743} INFO - Processing file /home/airflow/.local/lib/python3.7/site-packages/airflow/example_dags/example_sensor_decorator.py for tasks to queue
[2023-04-23T15:30:10.822+0000] {logging_mixin.py:137} INFO - [2023-04-23T15:30:10.820+0000] {dagbag.py:532} INFO - Filling up the DagBag from /home/airflow/.local/lib/python3.7/site-packages/airflow/example_dags/example_sensor_decorator.py
[2023-04-23T15:30:10.877+0000] {processor.py:753} INFO - DAG(s) dict_keys(['example_sensor_decorator']) retrieved from /home/airflow/.local/lib/python3.7/site-packages/airflow/example_dags/example_sensor_decorator.py
[2023-04-23T15:30:10.928+0000] {logging_mixin.py:137} INFO - [2023-04-23T15:30:10.927+0000] {dag.py:2705} INFO - Sync 1 DAGs
[2023-04-23T15:30:11.038+0000] {logging_mixin.py:137} INFO - [2023-04-23T15:30:11.037+0000] {dag.py:3456} INFO - Setting next_dagrun for example_sensor_decorator to None, run_after=None
[2023-04-23T15:30:11.085+0000] {processor.py:175} INFO - Processing /home/airflow/.local/lib/python3.7/site-packages/airflow/example_dags/example_sensor_decorator.py took 0.274 seconds
[2023-04-23T15:30:45.860+0000] {processor.py:153} INFO - Started process (PID=62) to work on /home/airflow/.local/lib/python3.7/site-packages/airflow/example_dags/example_sensor_decorator.py
[2023-04-23T15:30:45.861+0000] {processor.py:743} INFO - Processing file /home/airflow/.local/lib/python3.7/site-packages/airflow/example_dags/example_sensor_decorator.py for tasks to queue
[2023-04-23T15:30:45.862+0000] {logging_mixin.py:137} INFO - [2023-04-23T15:30:45.862+0000] {dagbag.py:532} INFO - Filling up the DagBag from /home/airflow/.local/lib/python3.7/site-packages/airflow/example_dags/example_sensor_decorator.py
[2023-04-23T15:30:45.913+0000] {processor.py:753} INFO - DAG(s) dict_keys(['example_sensor_decorator']) retrieved from /home/airflow/.local/lib/python3.7/site-packages/airflow/example_dags/example_sensor_decorator.py
[2023-04-23T15:30:45.950+0000] {logging_mixin.py:137} INFO - [2023-04-23T15:30:45.949+0000] {dag.py:2705} INFO - Sync 1 DAGs
[2023-04-23T15:30:46.010+0000] {logging_mixin.py:137} INFO - [2023-04-23T15:30:46.010+0000] {dag.py:3456} INFO - Setting next_dagrun for example_sensor_decorator to None, run_after=None
[2023-04-23T15:30:46.080+0000] {processor.py:175} INFO - Processing /home/airflow/.local/lib/python3.7/site-packages/airflow/example_dags/example_sensor_decorator.py took 0.231 seconds
[2023-04-23T15:38:24.801+0000] {processor.py:153} INFO - Started process (PID=64) to work on /home/airflow/.local/lib/python3.7/site-packages/airflow/example_dags/example_sensor_decorator.py
[2023-04-23T15:38:24.807+0000] {processor.py:743} INFO - Processing file /home/airflow/.local/lib/python3.7/site-packages/airflow/example_dags/example_sensor_decorator.py for tasks to queue
[2023-04-23T15:38:24.813+0000] {logging_mixin.py:137} INFO - [2023-04-23T15:38:24.813+0000] {dagbag.py:532} INFO - Filling up the DagBag from /home/airflow/.local/lib/python3.7/site-packages/airflow/example_dags/example_sensor_decorator.py
[2023-04-23T15:38:24.878+0000] {processor.py:753} INFO - DAG(s) dict_keys(['example_sensor_decorator']) retrieved from /home/airflow/.local/lib/python3.7/site-packages/airflow/example_dags/example_sensor_decorator.py
[2023-04-23T15:38:24.912+0000] {logging_mixin.py:137} INFO - [2023-04-23T15:38:24.911+0000] {dag.py:2705} INFO - Sync 1 DAGs
[2023-04-23T15:38:24.945+0000] {logging_mixin.py:137} INFO - [2023-04-23T15:38:24.945+0000] {dag.py:3456} INFO - Setting next_dagrun for example_sensor_decorator to None, run_after=None
[2023-04-23T15:38:24.956+0000] {processor.py:175} INFO - Processing /home/airflow/.local/lib/python3.7/site-packages/airflow/example_dags/example_sensor_decorator.py took 0.159 seconds
[2023-04-23T19:25:56.179+0000] {processor.py:153} INFO - Started process (PID=62) to work on /home/airflow/.local/lib/python3.7/site-packages/airflow/example_dags/example_sensor_decorator.py
[2023-04-23T19:25:56.180+0000] {processor.py:743} INFO - Processing file /home/airflow/.local/lib/python3.7/site-packages/airflow/example_dags/example_sensor_decorator.py for tasks to queue
[2023-04-23T19:25:56.182+0000] {logging_mixin.py:137} INFO - [2023-04-23T19:25:56.182+0000] {dagbag.py:532} INFO - Filling up the DagBag from /home/airflow/.local/lib/python3.7/site-packages/airflow/example_dags/example_sensor_decorator.py
[2023-04-23T19:25:56.264+0000] {processor.py:753} INFO - DAG(s) dict_keys(['example_sensor_decorator']) retrieved from /home/airflow/.local/lib/python3.7/site-packages/airflow/example_dags/example_sensor_decorator.py
[2023-04-23T19:25:56.311+0000] {logging_mixin.py:137} INFO - [2023-04-23T19:25:56.311+0000] {dag.py:2705} INFO - Sync 1 DAGs
[2023-04-23T19:25:56.369+0000] {logging_mixin.py:137} INFO - [2023-04-23T19:25:56.368+0000] {dag.py:3456} INFO - Setting next_dagrun for example_sensor_decorator to None, run_after=None
[2023-04-23T19:25:56.428+0000] {processor.py:175} INFO - Processing /home/airflow/.local/lib/python3.7/site-packages/airflow/example_dags/example_sensor_decorator.py took 0.251 seconds
[2023-04-23T19:26:53.930+0000] {processor.py:153} INFO - Started process (PID=61) to work on /home/airflow/.local/lib/python3.7/site-packages/airflow/example_dags/example_sensor_decorator.py
[2023-04-23T19:26:53.932+0000] {processor.py:743} INFO - Processing file /home/airflow/.local/lib/python3.7/site-packages/airflow/example_dags/example_sensor_decorator.py for tasks to queue
[2023-04-23T19:26:53.933+0000] {logging_mixin.py:137} INFO - [2023-04-23T19:26:53.933+0000] {dagbag.py:532} INFO - Filling up the DagBag from /home/airflow/.local/lib/python3.7/site-packages/airflow/example_dags/example_sensor_decorator.py
[2023-04-23T19:26:54.046+0000] {processor.py:753} INFO - DAG(s) dict_keys(['example_sensor_decorator']) retrieved from /home/airflow/.local/lib/python3.7/site-packages/airflow/example_dags/example_sensor_decorator.py
[2023-04-23T19:26:54.173+0000] {logging_mixin.py:137} INFO - [2023-04-23T19:26:54.168+0000] {dag.py:2705} INFO - Sync 1 DAGs
[2023-04-23T19:26:54.347+0000] {logging_mixin.py:137} INFO - [2023-04-23T19:26:54.347+0000] {dag.py:3456} INFO - Setting next_dagrun for example_sensor_decorator to None, run_after=None
[2023-04-23T19:26:54.406+0000] {processor.py:175} INFO - Processing /home/airflow/.local/lib/python3.7/site-packages/airflow/example_dags/example_sensor_decorator.py took 0.481 seconds
[2023-04-23T19:30:38.946+0000] {processor.py:153} INFO - Started process (PID=62) to work on /home/airflow/.local/lib/python3.7/site-packages/airflow/example_dags/example_sensor_decorator.py
[2023-04-23T19:30:38.950+0000] {processor.py:743} INFO - Processing file /home/airflow/.local/lib/python3.7/site-packages/airflow/example_dags/example_sensor_decorator.py for tasks to queue
[2023-04-23T19:30:38.951+0000] {logging_mixin.py:137} INFO - [2023-04-23T19:30:38.951+0000] {dagbag.py:532} INFO - Filling up the DagBag from /home/airflow/.local/lib/python3.7/site-packages/airflow/example_dags/example_sensor_decorator.py
[2023-04-23T19:30:39.053+0000] {processor.py:753} INFO - DAG(s) dict_keys(['example_sensor_decorator']) retrieved from /home/airflow/.local/lib/python3.7/site-packages/airflow/example_dags/example_sensor_decorator.py
[2023-04-23T19:30:39.174+0000] {logging_mixin.py:137} INFO - [2023-04-23T19:30:39.174+0000] {dag.py:2705} INFO - Sync 1 DAGs
[2023-04-23T19:30:39.272+0000] {logging_mixin.py:137} INFO - [2023-04-23T19:30:39.272+0000] {dag.py:3456} INFO - Setting next_dagrun for example_sensor_decorator to None, run_after=None
[2023-04-23T19:30:39.349+0000] {processor.py:175} INFO - Processing /home/airflow/.local/lib/python3.7/site-packages/airflow/example_dags/example_sensor_decorator.py took 0.416 seconds
[2023-04-23T19:37:40.534+0000] {processor.py:153} INFO - Started process (PID=62) to work on /home/airflow/.local/lib/python3.7/site-packages/airflow/example_dags/example_sensor_decorator.py
[2023-04-23T19:37:40.537+0000] {processor.py:743} INFO - Processing file /home/airflow/.local/lib/python3.7/site-packages/airflow/example_dags/example_sensor_decorator.py for tasks to queue
[2023-04-23T19:37:40.538+0000] {logging_mixin.py:137} INFO - [2023-04-23T19:37:40.538+0000] {dagbag.py:532} INFO - Filling up the DagBag from /home/airflow/.local/lib/python3.7/site-packages/airflow/example_dags/example_sensor_decorator.py
[2023-04-23T19:37:40.565+0000] {processor.py:753} INFO - DAG(s) dict_keys(['example_sensor_decorator']) retrieved from /home/airflow/.local/lib/python3.7/site-packages/airflow/example_dags/example_sensor_decorator.py
[2023-04-23T19:37:40.587+0000] {logging_mixin.py:137} INFO - [2023-04-23T19:37:40.587+0000] {dag.py:2705} INFO - Sync 1 DAGs
[2023-04-23T19:37:40.611+0000] {logging_mixin.py:137} INFO - [2023-04-23T19:37:40.611+0000] {dag.py:3456} INFO - Setting next_dagrun for example_sensor_decorator to None, run_after=None
[2023-04-23T19:37:40.650+0000] {processor.py:175} INFO - Processing /home/airflow/.local/lib/python3.7/site-packages/airflow/example_dags/example_sensor_decorator.py took 0.119 seconds
[2023-04-23T19:38:01.721+0000] {processor.py:153} INFO - Started process (PID=62) to work on /home/airflow/.local/lib/python3.7/site-packages/airflow/example_dags/example_sensor_decorator.py
[2023-04-23T19:38:01.722+0000] {processor.py:743} INFO - Processing file /home/airflow/.local/lib/python3.7/site-packages/airflow/example_dags/example_sensor_decorator.py for tasks to queue
[2023-04-23T19:38:01.722+0000] {logging_mixin.py:137} INFO - [2023-04-23T19:38:01.722+0000] {dagbag.py:532} INFO - Filling up the DagBag from /home/airflow/.local/lib/python3.7/site-packages/airflow/example_dags/example_sensor_decorator.py
[2023-04-23T19:38:01.766+0000] {processor.py:753} INFO - DAG(s) dict_keys(['example_sensor_decorator']) retrieved from /home/airflow/.local/lib/python3.7/site-packages/airflow/example_dags/example_sensor_decorator.py
[2023-04-23T19:38:01.815+0000] {logging_mixin.py:137} INFO - [2023-04-23T19:38:01.815+0000] {dag.py:2705} INFO - Sync 1 DAGs
[2023-04-23T19:38:01.843+0000] {logging_mixin.py:137} INFO - [2023-04-23T19:38:01.842+0000] {dag.py:3456} INFO - Setting next_dagrun for example_sensor_decorator to None, run_after=None
[2023-04-23T19:38:01.872+0000] {processor.py:175} INFO - Processing /home/airflow/.local/lib/python3.7/site-packages/airflow/example_dags/example_sensor_decorator.py took 0.155 seconds
[2023-04-23T19:38:34.068+0000] {processor.py:153} INFO - Started process (PID=61) to work on /home/airflow/.local/lib/python3.7/site-packages/airflow/example_dags/example_sensor_decorator.py
[2023-04-23T19:38:34.074+0000] {processor.py:743} INFO - Processing file /home/airflow/.local/lib/python3.7/site-packages/airflow/example_dags/example_sensor_decorator.py for tasks to queue
[2023-04-23T19:38:34.075+0000] {logging_mixin.py:137} INFO - [2023-04-23T19:38:34.075+0000] {dagbag.py:532} INFO - Filling up the DagBag from /home/airflow/.local/lib/python3.7/site-packages/airflow/example_dags/example_sensor_decorator.py
[2023-04-23T19:38:34.095+0000] {processor.py:753} INFO - DAG(s) dict_keys(['example_sensor_decorator']) retrieved from /home/airflow/.local/lib/python3.7/site-packages/airflow/example_dags/example_sensor_decorator.py
[2023-04-23T19:38:34.118+0000] {logging_mixin.py:137} INFO - [2023-04-23T19:38:34.117+0000] {dag.py:2705} INFO - Sync 1 DAGs
[2023-04-23T19:38:34.179+0000] {logging_mixin.py:137} INFO - [2023-04-23T19:38:34.179+0000] {dag.py:3456} INFO - Setting next_dagrun for example_sensor_decorator to None, run_after=None
[2023-04-23T19:38:34.206+0000] {processor.py:175} INFO - Processing /home/airflow/.local/lib/python3.7/site-packages/airflow/example_dags/example_sensor_decorator.py took 0.155 seconds
[2023-04-23T19:39:54.839+0000] {processor.py:153} INFO - Started process (PID=62) to work on /home/airflow/.local/lib/python3.7/site-packages/airflow/example_dags/example_sensor_decorator.py
[2023-04-23T19:39:54.857+0000] {processor.py:743} INFO - Processing file /home/airflow/.local/lib/python3.7/site-packages/airflow/example_dags/example_sensor_decorator.py for tasks to queue
[2023-04-23T19:39:54.859+0000] {logging_mixin.py:137} INFO - [2023-04-23T19:39:54.858+0000] {dagbag.py:532} INFO - Filling up the DagBag from /home/airflow/.local/lib/python3.7/site-packages/airflow/example_dags/example_sensor_decorator.py
[2023-04-23T19:39:54.959+0000] {processor.py:753} INFO - DAG(s) dict_keys(['example_sensor_decorator']) retrieved from /home/airflow/.local/lib/python3.7/site-packages/airflow/example_dags/example_sensor_decorator.py
[2023-04-23T19:39:55.076+0000] {logging_mixin.py:137} INFO - [2023-04-23T19:39:55.074+0000] {dag.py:2705} INFO - Sync 1 DAGs
[2023-04-23T19:39:55.245+0000] {logging_mixin.py:137} INFO - [2023-04-23T19:39:55.244+0000] {dag.py:3456} INFO - Setting next_dagrun for example_sensor_decorator to None, run_after=None
[2023-04-23T19:39:55.463+0000] {processor.py:175} INFO - Processing /home/airflow/.local/lib/python3.7/site-packages/airflow/example_dags/example_sensor_decorator.py took 0.626 seconds
[2023-04-23T19:45:31.660+0000] {processor.py:153} INFO - Started process (PID=62) to work on /home/airflow/.local/lib/python3.7/site-packages/airflow/example_dags/example_sensor_decorator.py
[2023-04-23T19:45:31.662+0000] {processor.py:743} INFO - Processing file /home/airflow/.local/lib/python3.7/site-packages/airflow/example_dags/example_sensor_decorator.py for tasks to queue
[2023-04-23T19:45:31.666+0000] {logging_mixin.py:137} INFO - [2023-04-23T19:45:31.665+0000] {dagbag.py:532} INFO - Filling up the DagBag from /home/airflow/.local/lib/python3.7/site-packages/airflow/example_dags/example_sensor_decorator.py
[2023-04-23T19:45:31.717+0000] {processor.py:753} INFO - DAG(s) dict_keys(['example_sensor_decorator']) retrieved from /home/airflow/.local/lib/python3.7/site-packages/airflow/example_dags/example_sensor_decorator.py
[2023-04-23T19:45:31.746+0000] {logging_mixin.py:137} INFO - [2023-04-23T19:45:31.746+0000] {dag.py:2705} INFO - Sync 1 DAGs
[2023-04-23T19:45:31.778+0000] {logging_mixin.py:137} INFO - [2023-04-23T19:45:31.778+0000] {dag.py:3456} INFO - Setting next_dagrun for example_sensor_decorator to None, run_after=None
[2023-04-23T19:45:31.812+0000] {processor.py:175} INFO - Processing /home/airflow/.local/lib/python3.7/site-packages/airflow/example_dags/example_sensor_decorator.py took 0.154 seconds
[2023-04-23T19:57:06.015+0000] {processor.py:153} INFO - Started process (PID=71) to work on /home/airflow/.local/lib/python3.7/site-packages/airflow/example_dags/example_sensor_decorator.py
[2023-04-23T19:57:06.030+0000] {processor.py:743} INFO - Processing file /home/airflow/.local/lib/python3.7/site-packages/airflow/example_dags/example_sensor_decorator.py for tasks to queue
[2023-04-23T19:57:06.032+0000] {logging_mixin.py:137} INFO - [2023-04-23T19:57:06.032+0000] {dagbag.py:532} INFO - Filling up the DagBag from /home/airflow/.local/lib/python3.7/site-packages/airflow/example_dags/example_sensor_decorator.py
[2023-04-23T19:57:06.174+0000] {processor.py:753} INFO - DAG(s) dict_keys(['example_sensor_decorator']) retrieved from /home/airflow/.local/lib/python3.7/site-packages/airflow/example_dags/example_sensor_decorator.py
[2023-04-23T19:57:06.356+0000] {logging_mixin.py:137} INFO - [2023-04-23T19:57:06.349+0000] {dag.py:2705} INFO - Sync 1 DAGs
[2023-04-23T19:57:06.506+0000] {logging_mixin.py:137} INFO - [2023-04-23T19:57:06.497+0000] {dag.py:3456} INFO - Setting next_dagrun for example_sensor_decorator to None, run_after=None
[2023-04-23T19:57:06.642+0000] {processor.py:175} INFO - Processing /home/airflow/.local/lib/python3.7/site-packages/airflow/example_dags/example_sensor_decorator.py took 0.630 seconds
[2023-04-23T20:00:38.305+0000] {processor.py:153} INFO - Started process (PID=63) to work on /home/airflow/.local/lib/python3.7/site-packages/airflow/example_dags/example_sensor_decorator.py
[2023-04-23T20:00:38.308+0000] {processor.py:743} INFO - Processing file /home/airflow/.local/lib/python3.7/site-packages/airflow/example_dags/example_sensor_decorator.py for tasks to queue
[2023-04-23T20:00:38.310+0000] {logging_mixin.py:137} INFO - [2023-04-23T20:00:38.310+0000] {dagbag.py:532} INFO - Filling up the DagBag from /home/airflow/.local/lib/python3.7/site-packages/airflow/example_dags/example_sensor_decorator.py
[2023-04-23T20:00:38.380+0000] {processor.py:753} INFO - DAG(s) dict_keys(['example_sensor_decorator']) retrieved from /home/airflow/.local/lib/python3.7/site-packages/airflow/example_dags/example_sensor_decorator.py
[2023-04-23T20:00:38.495+0000] {logging_mixin.py:137} INFO - [2023-04-23T20:00:38.492+0000] {dag.py:2705} INFO - Sync 1 DAGs
[2023-04-23T20:00:38.604+0000] {logging_mixin.py:137} INFO - [2023-04-23T20:00:38.600+0000] {dag.py:3456} INFO - Setting next_dagrun for example_sensor_decorator to None, run_after=None
[2023-04-23T20:00:38.753+0000] {processor.py:175} INFO - Processing /home/airflow/.local/lib/python3.7/site-packages/airflow/example_dags/example_sensor_decorator.py took 0.456 seconds
