[2023-04-23T01:09:47.699+0000] {processor.py:153} INFO - Started process (PID=71) to work on /home/airflow/.local/lib/python3.7/site-packages/airflow/example_dags/tutorial_dag.py
[2023-04-23T01:09:47.701+0000] {processor.py:743} INFO - Processing file /home/airflow/.local/lib/python3.7/site-packages/airflow/example_dags/tutorial_dag.py for tasks to queue
[2023-04-23T01:09:47.703+0000] {logging_mixin.py:137} INFO - [2023-04-23T01:09:47.703+0000] {dagbag.py:532} INFO - Filling up the DagBag from /home/airflow/.local/lib/python3.7/site-packages/airflow/example_dags/tutorial_dag.py
[2023-04-23T01:09:47.713+0000] {processor.py:753} INFO - DAG(s) dict_keys(['tutorial_dag']) retrieved from /home/airflow/.local/lib/python3.7/site-packages/airflow/example_dags/tutorial_dag.py
[2023-04-23T01:09:47.773+0000] {logging_mixin.py:137} INFO - [2023-04-23T01:09:47.772+0000] {dag.py:2705} INFO - Sync 1 DAGs
[2023-04-23T01:09:47.833+0000] {logging_mixin.py:137} INFO - [2023-04-23T01:09:47.833+0000] {dag.py:3456} INFO - Setting next_dagrun for tutorial_dag to None, run_after=None
[2023-04-23T01:09:47.868+0000] {processor.py:175} INFO - Processing /home/airflow/.local/lib/python3.7/site-packages/airflow/example_dags/tutorial_dag.py took 0.171 seconds
[2023-04-23T05:48:44.079+0000] {processor.py:153} INFO - Started process (PID=70) to work on /home/airflow/.local/lib/python3.7/site-packages/airflow/example_dags/tutorial_dag.py
[2023-04-23T05:48:44.080+0000] {processor.py:743} INFO - Processing file /home/airflow/.local/lib/python3.7/site-packages/airflow/example_dags/tutorial_dag.py for tasks to queue
[2023-04-23T05:48:44.085+0000] {logging_mixin.py:137} INFO - [2023-04-23T05:48:44.085+0000] {dagbag.py:532} INFO - Filling up the DagBag from /home/airflow/.local/lib/python3.7/site-packages/airflow/example_dags/tutorial_dag.py
[2023-04-23T05:48:44.149+0000] {processor.py:753} INFO - DAG(s) dict_keys(['tutorial_dag']) retrieved from /home/airflow/.local/lib/python3.7/site-packages/airflow/example_dags/tutorial_dag.py
[2023-04-23T05:48:44.293+0000] {logging_mixin.py:137} INFO - [2023-04-23T05:48:44.293+0000] {dag.py:2705} INFO - Sync 1 DAGs
[2023-04-23T05:48:44.392+0000] {logging_mixin.py:137} INFO - [2023-04-23T05:48:44.392+0000] {dag.py:3456} INFO - Setting next_dagrun for tutorial_dag to None, run_after=None
[2023-04-23T05:48:44.497+0000] {processor.py:175} INFO - Processing /home/airflow/.local/lib/python3.7/site-packages/airflow/example_dags/tutorial_dag.py took 0.420 seconds
[2023-04-23T11:42:59.812+0000] {processor.py:153} INFO - Started process (PID=72) to work on /home/airflow/.local/lib/python3.7/site-packages/airflow/example_dags/tutorial_dag.py
[2023-04-23T11:42:59.817+0000] {processor.py:743} INFO - Processing file /home/airflow/.local/lib/python3.7/site-packages/airflow/example_dags/tutorial_dag.py for tasks to queue
[2023-04-23T11:42:59.820+0000] {logging_mixin.py:137} INFO - [2023-04-23T11:42:59.820+0000] {dagbag.py:532} INFO - Filling up the DagBag from /home/airflow/.local/lib/python3.7/site-packages/airflow/example_dags/tutorial_dag.py
[2023-04-23T11:42:59.880+0000] {processor.py:753} INFO - DAG(s) dict_keys(['tutorial_dag']) retrieved from /home/airflow/.local/lib/python3.7/site-packages/airflow/example_dags/tutorial_dag.py
[2023-04-23T11:42:59.974+0000] {logging_mixin.py:137} INFO - [2023-04-23T11:42:59.974+0000] {dag.py:2705} INFO - Sync 1 DAGs
[2023-04-23T11:43:00.087+0000] {logging_mixin.py:137} INFO - [2023-04-23T11:43:00.087+0000] {dag.py:3456} INFO - Setting next_dagrun for tutorial_dag to None, run_after=None
[2023-04-23T11:43:00.183+0000] {processor.py:175} INFO - Processing /home/airflow/.local/lib/python3.7/site-packages/airflow/example_dags/tutorial_dag.py took 0.374 seconds
[2023-04-23T11:47:52.480+0000] {processor.py:153} INFO - Started process (PID=71) to work on /home/airflow/.local/lib/python3.7/site-packages/airflow/example_dags/tutorial_dag.py
[2023-04-23T11:47:52.481+0000] {processor.py:743} INFO - Processing file /home/airflow/.local/lib/python3.7/site-packages/airflow/example_dags/tutorial_dag.py for tasks to queue
[2023-04-23T11:47:52.484+0000] {logging_mixin.py:137} INFO - [2023-04-23T11:47:52.484+0000] {dagbag.py:532} INFO - Filling up the DagBag from /home/airflow/.local/lib/python3.7/site-packages/airflow/example_dags/tutorial_dag.py
[2023-04-23T11:47:52.520+0000] {processor.py:753} INFO - DAG(s) dict_keys(['tutorial_dag']) retrieved from /home/airflow/.local/lib/python3.7/site-packages/airflow/example_dags/tutorial_dag.py
[2023-04-23T11:47:52.557+0000] {logging_mixin.py:137} INFO - [2023-04-23T11:47:52.557+0000] {dag.py:2705} INFO - Sync 1 DAGs
[2023-04-23T11:47:52.581+0000] {logging_mixin.py:137} INFO - [2023-04-23T11:47:52.581+0000] {dag.py:3456} INFO - Setting next_dagrun for tutorial_dag to None, run_after=None
[2023-04-23T11:47:52.655+0000] {processor.py:175} INFO - Processing /home/airflow/.local/lib/python3.7/site-packages/airflow/example_dags/tutorial_dag.py took 0.178 seconds
[2023-04-23T11:48:58.046+0000] {processor.py:153} INFO - Started process (PID=63) to work on /home/airflow/.local/lib/python3.7/site-packages/airflow/example_dags/tutorial_dag.py
[2023-04-23T11:48:58.048+0000] {processor.py:743} INFO - Processing file /home/airflow/.local/lib/python3.7/site-packages/airflow/example_dags/tutorial_dag.py for tasks to queue
[2023-04-23T11:48:58.050+0000] {logging_mixin.py:137} INFO - [2023-04-23T11:48:58.050+0000] {dagbag.py:532} INFO - Filling up the DagBag from /home/airflow/.local/lib/python3.7/site-packages/airflow/example_dags/tutorial_dag.py
[2023-04-23T11:48:58.138+0000] {processor.py:753} INFO - DAG(s) dict_keys(['tutorial_dag']) retrieved from /home/airflow/.local/lib/python3.7/site-packages/airflow/example_dags/tutorial_dag.py
[2023-04-23T11:48:58.201+0000] {logging_mixin.py:137} INFO - [2023-04-23T11:48:58.201+0000] {dag.py:2705} INFO - Sync 1 DAGs
[2023-04-23T11:48:58.265+0000] {logging_mixin.py:137} INFO - [2023-04-23T11:48:58.264+0000] {dag.py:3456} INFO - Setting next_dagrun for tutorial_dag to None, run_after=None
[2023-04-23T11:48:58.364+0000] {processor.py:175} INFO - Processing /home/airflow/.local/lib/python3.7/site-packages/airflow/example_dags/tutorial_dag.py took 0.320 seconds
[2023-04-23T11:51:35.073+0000] {processor.py:153} INFO - Started process (PID=72) to work on /home/airflow/.local/lib/python3.7/site-packages/airflow/example_dags/tutorial_dag.py
[2023-04-23T11:51:35.074+0000] {processor.py:743} INFO - Processing file /home/airflow/.local/lib/python3.7/site-packages/airflow/example_dags/tutorial_dag.py for tasks to queue
[2023-04-23T11:51:35.075+0000] {logging_mixin.py:137} INFO - [2023-04-23T11:51:35.075+0000] {dagbag.py:532} INFO - Filling up the DagBag from /home/airflow/.local/lib/python3.7/site-packages/airflow/example_dags/tutorial_dag.py
[2023-04-23T11:51:35.091+0000] {processor.py:753} INFO - DAG(s) dict_keys(['tutorial_dag']) retrieved from /home/airflow/.local/lib/python3.7/site-packages/airflow/example_dags/tutorial_dag.py
[2023-04-23T11:51:35.154+0000] {logging_mixin.py:137} INFO - [2023-04-23T11:51:35.154+0000] {dag.py:2705} INFO - Sync 1 DAGs
[2023-04-23T11:51:35.205+0000] {logging_mixin.py:137} INFO - [2023-04-23T11:51:35.205+0000] {dag.py:3456} INFO - Setting next_dagrun for tutorial_dag to None, run_after=None
[2023-04-23T11:51:35.231+0000] {processor.py:175} INFO - Processing /home/airflow/.local/lib/python3.7/site-packages/airflow/example_dags/tutorial_dag.py took 0.160 seconds
[2023-04-23T11:52:28.347+0000] {processor.py:153} INFO - Started process (PID=69) to work on /home/airflow/.local/lib/python3.7/site-packages/airflow/example_dags/tutorial_dag.py
[2023-04-23T11:52:28.348+0000] {processor.py:743} INFO - Processing file /home/airflow/.local/lib/python3.7/site-packages/airflow/example_dags/tutorial_dag.py for tasks to queue
[2023-04-23T11:52:28.349+0000] {logging_mixin.py:137} INFO - [2023-04-23T11:52:28.349+0000] {dagbag.py:532} INFO - Filling up the DagBag from /home/airflow/.local/lib/python3.7/site-packages/airflow/example_dags/tutorial_dag.py
[2023-04-23T11:52:28.360+0000] {processor.py:753} INFO - DAG(s) dict_keys(['tutorial_dag']) retrieved from /home/airflow/.local/lib/python3.7/site-packages/airflow/example_dags/tutorial_dag.py
[2023-04-23T11:52:28.383+0000] {logging_mixin.py:137} INFO - [2023-04-23T11:52:28.383+0000] {dag.py:2705} INFO - Sync 1 DAGs
[2023-04-23T11:52:28.403+0000] {logging_mixin.py:137} INFO - [2023-04-23T11:52:28.403+0000] {dag.py:3456} INFO - Setting next_dagrun for tutorial_dag to None, run_after=None
[2023-04-23T11:52:28.418+0000] {processor.py:175} INFO - Processing /home/airflow/.local/lib/python3.7/site-packages/airflow/example_dags/tutorial_dag.py took 0.072 seconds
[2023-04-23T11:52:49.609+0000] {processor.py:153} INFO - Started process (PID=63) to work on /home/airflow/.local/lib/python3.7/site-packages/airflow/example_dags/tutorial_dag.py
[2023-04-23T11:52:49.610+0000] {processor.py:743} INFO - Processing file /home/airflow/.local/lib/python3.7/site-packages/airflow/example_dags/tutorial_dag.py for tasks to queue
[2023-04-23T11:52:49.613+0000] {logging_mixin.py:137} INFO - [2023-04-23T11:52:49.611+0000] {dagbag.py:532} INFO - Filling up the DagBag from /home/airflow/.local/lib/python3.7/site-packages/airflow/example_dags/tutorial_dag.py
[2023-04-23T11:52:49.625+0000] {processor.py:753} INFO - DAG(s) dict_keys(['tutorial_dag']) retrieved from /home/airflow/.local/lib/python3.7/site-packages/airflow/example_dags/tutorial_dag.py
[2023-04-23T11:52:49.649+0000] {logging_mixin.py:137} INFO - [2023-04-23T11:52:49.649+0000] {dag.py:2705} INFO - Sync 1 DAGs
[2023-04-23T11:52:49.669+0000] {logging_mixin.py:137} INFO - [2023-04-23T11:52:49.669+0000] {dag.py:3456} INFO - Setting next_dagrun for tutorial_dag to None, run_after=None
[2023-04-23T11:52:49.687+0000] {processor.py:175} INFO - Processing /home/airflow/.local/lib/python3.7/site-packages/airflow/example_dags/tutorial_dag.py took 0.082 seconds
[2023-04-23T11:53:46.384+0000] {processor.py:153} INFO - Started process (PID=67) to work on /home/airflow/.local/lib/python3.7/site-packages/airflow/example_dags/tutorial_dag.py
[2023-04-23T11:53:46.414+0000] {processor.py:743} INFO - Processing file /home/airflow/.local/lib/python3.7/site-packages/airflow/example_dags/tutorial_dag.py for tasks to queue
[2023-04-23T11:53:46.415+0000] {logging_mixin.py:137} INFO - [2023-04-23T11:53:46.415+0000] {dagbag.py:532} INFO - Filling up the DagBag from /home/airflow/.local/lib/python3.7/site-packages/airflow/example_dags/tutorial_dag.py
[2023-04-23T11:53:46.621+0000] {processor.py:753} INFO - DAG(s) dict_keys(['tutorial_dag']) retrieved from /home/airflow/.local/lib/python3.7/site-packages/airflow/example_dags/tutorial_dag.py
[2023-04-23T11:53:52.844+0000] {logging_mixin.py:137} INFO - [2023-04-23T11:53:52.843+0000] {dag.py:2705} INFO - Sync 1 DAGs
[2023-04-23T11:57:23.461+0000] {processor.py:153} INFO - Started process (PID=72) to work on /home/airflow/.local/lib/python3.7/site-packages/airflow/example_dags/tutorial_dag.py
[2023-04-23T11:57:23.479+0000] {processor.py:743} INFO - Processing file /home/airflow/.local/lib/python3.7/site-packages/airflow/example_dags/tutorial_dag.py for tasks to queue
[2023-04-23T11:57:23.480+0000] {logging_mixin.py:137} INFO - [2023-04-23T11:57:23.480+0000] {dagbag.py:532} INFO - Filling up the DagBag from /home/airflow/.local/lib/python3.7/site-packages/airflow/example_dags/tutorial_dag.py
[2023-04-23T11:57:25.052+0000] {processor.py:753} INFO - DAG(s) dict_keys(['tutorial_dag']) retrieved from /home/airflow/.local/lib/python3.7/site-packages/airflow/example_dags/tutorial_dag.py
[2023-04-23T12:02:42.359+0000] {processor.py:153} INFO - Started process (PID=70) to work on /home/airflow/.local/lib/python3.7/site-packages/airflow/example_dags/tutorial_dag.py
[2023-04-23T12:02:42.365+0000] {processor.py:743} INFO - Processing file /home/airflow/.local/lib/python3.7/site-packages/airflow/example_dags/tutorial_dag.py for tasks to queue
[2023-04-23T12:02:42.385+0000] {logging_mixin.py:137} INFO - [2023-04-23T12:02:42.385+0000] {dagbag.py:532} INFO - Filling up the DagBag from /home/airflow/.local/lib/python3.7/site-packages/airflow/example_dags/tutorial_dag.py
[2023-04-23T12:02:42.409+0000] {processor.py:753} INFO - DAG(s) dict_keys(['tutorial_dag']) retrieved from /home/airflow/.local/lib/python3.7/site-packages/airflow/example_dags/tutorial_dag.py
[2023-04-23T12:02:42.522+0000] {logging_mixin.py:137} INFO - [2023-04-23T12:02:42.521+0000] {dag.py:2705} INFO - Sync 1 DAGs
[2023-04-23T12:02:42.585+0000] {logging_mixin.py:137} INFO - [2023-04-23T12:02:42.585+0000] {dag.py:3456} INFO - Setting next_dagrun for tutorial_dag to None, run_after=None
[2023-04-23T12:02:42.665+0000] {processor.py:175} INFO - Processing /home/airflow/.local/lib/python3.7/site-packages/airflow/example_dags/tutorial_dag.py took 0.309 seconds
[2023-04-23T12:03:06.757+0000] {processor.py:153} INFO - Started process (PID=63) to work on /home/airflow/.local/lib/python3.7/site-packages/airflow/example_dags/tutorial_dag.py
[2023-04-23T12:03:06.758+0000] {processor.py:743} INFO - Processing file /home/airflow/.local/lib/python3.7/site-packages/airflow/example_dags/tutorial_dag.py for tasks to queue
[2023-04-23T12:03:06.758+0000] {logging_mixin.py:137} INFO - [2023-04-23T12:03:06.758+0000] {dagbag.py:532} INFO - Filling up the DagBag from /home/airflow/.local/lib/python3.7/site-packages/airflow/example_dags/tutorial_dag.py
[2023-04-23T12:03:06.769+0000] {processor.py:753} INFO - DAG(s) dict_keys(['tutorial_dag']) retrieved from /home/airflow/.local/lib/python3.7/site-packages/airflow/example_dags/tutorial_dag.py
[2023-04-23T12:03:06.824+0000] {logging_mixin.py:137} INFO - [2023-04-23T12:03:06.824+0000] {dag.py:2705} INFO - Sync 1 DAGs
[2023-04-23T12:03:06.854+0000] {logging_mixin.py:137} INFO - [2023-04-23T12:03:06.854+0000] {dag.py:3456} INFO - Setting next_dagrun for tutorial_dag to None, run_after=None
[2023-04-23T12:03:06.884+0000] {processor.py:175} INFO - Processing /home/airflow/.local/lib/python3.7/site-packages/airflow/example_dags/tutorial_dag.py took 0.129 seconds
[2023-04-23T12:10:09.014+0000] {processor.py:153} INFO - Started process (PID=71) to work on /home/airflow/.local/lib/python3.7/site-packages/airflow/example_dags/tutorial_dag.py
[2023-04-23T12:10:09.015+0000] {processor.py:743} INFO - Processing file /home/airflow/.local/lib/python3.7/site-packages/airflow/example_dags/tutorial_dag.py for tasks to queue
[2023-04-23T12:10:09.016+0000] {logging_mixin.py:137} INFO - [2023-04-23T12:10:09.016+0000] {dagbag.py:532} INFO - Filling up the DagBag from /home/airflow/.local/lib/python3.7/site-packages/airflow/example_dags/tutorial_dag.py
[2023-04-23T12:10:09.033+0000] {processor.py:753} INFO - DAG(s) dict_keys(['tutorial_dag']) retrieved from /home/airflow/.local/lib/python3.7/site-packages/airflow/example_dags/tutorial_dag.py
[2023-04-23T12:10:09.072+0000] {logging_mixin.py:137} INFO - [2023-04-23T12:10:09.071+0000] {dag.py:2705} INFO - Sync 1 DAGs
[2023-04-23T12:10:09.115+0000] {logging_mixin.py:137} INFO - [2023-04-23T12:10:09.112+0000] {dag.py:3456} INFO - Setting next_dagrun for tutorial_dag to None, run_after=None
[2023-04-23T12:10:09.152+0000] {processor.py:175} INFO - Processing /home/airflow/.local/lib/python3.7/site-packages/airflow/example_dags/tutorial_dag.py took 0.141 seconds
[2023-04-23T12:14:17.658+0000] {processor.py:153} INFO - Started process (PID=63) to work on /home/airflow/.local/lib/python3.7/site-packages/airflow/example_dags/tutorial_dag.py
[2023-04-23T12:14:17.659+0000] {processor.py:743} INFO - Processing file /home/airflow/.local/lib/python3.7/site-packages/airflow/example_dags/tutorial_dag.py for tasks to queue
[2023-04-23T12:14:17.660+0000] {logging_mixin.py:137} INFO - [2023-04-23T12:14:17.659+0000] {dagbag.py:532} INFO - Filling up the DagBag from /home/airflow/.local/lib/python3.7/site-packages/airflow/example_dags/tutorial_dag.py
[2023-04-23T12:14:17.688+0000] {processor.py:753} INFO - DAG(s) dict_keys(['tutorial_dag']) retrieved from /home/airflow/.local/lib/python3.7/site-packages/airflow/example_dags/tutorial_dag.py
[2023-04-23T12:14:17.725+0000] {logging_mixin.py:137} INFO - [2023-04-23T12:14:17.725+0000] {dag.py:2705} INFO - Sync 1 DAGs
[2023-04-23T12:14:17.790+0000] {logging_mixin.py:137} INFO - [2023-04-23T12:14:17.790+0000] {dag.py:3456} INFO - Setting next_dagrun for tutorial_dag to None, run_after=None
[2023-04-23T12:14:17.856+0000] {processor.py:175} INFO - Processing /home/airflow/.local/lib/python3.7/site-packages/airflow/example_dags/tutorial_dag.py took 0.201 seconds
[2023-04-23T12:16:04.730+0000] {processor.py:153} INFO - Started process (PID=72) to work on /home/airflow/.local/lib/python3.7/site-packages/airflow/example_dags/tutorial_dag.py
[2023-04-23T12:16:04.733+0000] {processor.py:743} INFO - Processing file /home/airflow/.local/lib/python3.7/site-packages/airflow/example_dags/tutorial_dag.py for tasks to queue
[2023-04-23T12:16:04.735+0000] {logging_mixin.py:137} INFO - [2023-04-23T12:16:04.735+0000] {dagbag.py:532} INFO - Filling up the DagBag from /home/airflow/.local/lib/python3.7/site-packages/airflow/example_dags/tutorial_dag.py
[2023-04-23T12:16:04.756+0000] {processor.py:753} INFO - DAG(s) dict_keys(['tutorial_dag']) retrieved from /home/airflow/.local/lib/python3.7/site-packages/airflow/example_dags/tutorial_dag.py
[2023-04-23T12:16:04.802+0000] {logging_mixin.py:137} INFO - [2023-04-23T12:16:04.802+0000] {dag.py:2705} INFO - Sync 1 DAGs
[2023-04-23T12:16:04.839+0000] {logging_mixin.py:137} INFO - [2023-04-23T12:16:04.839+0000] {dag.py:3456} INFO - Setting next_dagrun for tutorial_dag to None, run_after=None
[2023-04-23T12:16:04.876+0000] {processor.py:175} INFO - Processing /home/airflow/.local/lib/python3.7/site-packages/airflow/example_dags/tutorial_dag.py took 0.148 seconds
[2023-04-23T12:16:36.726+0000] {processor.py:153} INFO - Started process (PID=63) to work on /home/airflow/.local/lib/python3.7/site-packages/airflow/example_dags/tutorial_dag.py
[2023-04-23T12:16:36.728+0000] {processor.py:743} INFO - Processing file /home/airflow/.local/lib/python3.7/site-packages/airflow/example_dags/tutorial_dag.py for tasks to queue
[2023-04-23T12:16:36.732+0000] {logging_mixin.py:137} INFO - [2023-04-23T12:16:36.732+0000] {dagbag.py:532} INFO - Filling up the DagBag from /home/airflow/.local/lib/python3.7/site-packages/airflow/example_dags/tutorial_dag.py
[2023-04-23T12:16:36.758+0000] {processor.py:753} INFO - DAG(s) dict_keys(['tutorial_dag']) retrieved from /home/airflow/.local/lib/python3.7/site-packages/airflow/example_dags/tutorial_dag.py
[2023-04-23T12:16:36.801+0000] {logging_mixin.py:137} INFO - [2023-04-23T12:16:36.801+0000] {dag.py:2705} INFO - Sync 1 DAGs
[2023-04-23T12:16:36.839+0000] {logging_mixin.py:137} INFO - [2023-04-23T12:16:36.839+0000] {dag.py:3456} INFO - Setting next_dagrun for tutorial_dag to None, run_after=None
[2023-04-23T12:16:36.876+0000] {processor.py:175} INFO - Processing /home/airflow/.local/lib/python3.7/site-packages/airflow/example_dags/tutorial_dag.py took 0.154 seconds
[2023-04-23T12:17:13.109+0000] {processor.py:153} INFO - Started process (PID=63) to work on /home/airflow/.local/lib/python3.7/site-packages/airflow/example_dags/tutorial_dag.py
[2023-04-23T12:17:13.111+0000] {processor.py:743} INFO - Processing file /home/airflow/.local/lib/python3.7/site-packages/airflow/example_dags/tutorial_dag.py for tasks to queue
[2023-04-23T12:17:13.114+0000] {logging_mixin.py:137} INFO - [2023-04-23T12:17:13.114+0000] {dagbag.py:532} INFO - Filling up the DagBag from /home/airflow/.local/lib/python3.7/site-packages/airflow/example_dags/tutorial_dag.py
[2023-04-23T12:17:13.140+0000] {processor.py:753} INFO - DAG(s) dict_keys(['tutorial_dag']) retrieved from /home/airflow/.local/lib/python3.7/site-packages/airflow/example_dags/tutorial_dag.py
[2023-04-23T12:17:13.172+0000] {logging_mixin.py:137} INFO - [2023-04-23T12:17:13.172+0000] {dag.py:2705} INFO - Sync 1 DAGs
[2023-04-23T12:17:13.195+0000] {logging_mixin.py:137} INFO - [2023-04-23T12:17:13.195+0000] {dag.py:3456} INFO - Setting next_dagrun for tutorial_dag to None, run_after=None
[2023-04-23T12:17:13.233+0000] {processor.py:175} INFO - Processing /home/airflow/.local/lib/python3.7/site-packages/airflow/example_dags/tutorial_dag.py took 0.126 seconds
[2023-04-23T12:17:59.838+0000] {processor.py:153} INFO - Started process (PID=63) to work on /home/airflow/.local/lib/python3.7/site-packages/airflow/example_dags/tutorial_dag.py
[2023-04-23T12:17:59.839+0000] {processor.py:743} INFO - Processing file /home/airflow/.local/lib/python3.7/site-packages/airflow/example_dags/tutorial_dag.py for tasks to queue
[2023-04-23T12:17:59.840+0000] {logging_mixin.py:137} INFO - [2023-04-23T12:17:59.840+0000] {dagbag.py:532} INFO - Filling up the DagBag from /home/airflow/.local/lib/python3.7/site-packages/airflow/example_dags/tutorial_dag.py
[2023-04-23T12:17:59.861+0000] {processor.py:753} INFO - DAG(s) dict_keys(['tutorial_dag']) retrieved from /home/airflow/.local/lib/python3.7/site-packages/airflow/example_dags/tutorial_dag.py
[2023-04-23T12:17:59.902+0000] {logging_mixin.py:137} INFO - [2023-04-23T12:17:59.902+0000] {dag.py:2705} INFO - Sync 1 DAGs
[2023-04-23T12:17:59.928+0000] {logging_mixin.py:137} INFO - [2023-04-23T12:17:59.928+0000] {dag.py:3456} INFO - Setting next_dagrun for tutorial_dag to None, run_after=None
[2023-04-23T12:17:59.967+0000] {processor.py:175} INFO - Processing /home/airflow/.local/lib/python3.7/site-packages/airflow/example_dags/tutorial_dag.py took 0.132 seconds
[2023-04-23T12:18:54.641+0000] {processor.py:153} INFO - Started process (PID=70) to work on /home/airflow/.local/lib/python3.7/site-packages/airflow/example_dags/tutorial_dag.py
[2023-04-23T12:18:54.645+0000] {processor.py:743} INFO - Processing file /home/airflow/.local/lib/python3.7/site-packages/airflow/example_dags/tutorial_dag.py for tasks to queue
[2023-04-23T12:18:54.646+0000] {logging_mixin.py:137} INFO - [2023-04-23T12:18:54.646+0000] {dagbag.py:532} INFO - Filling up the DagBag from /home/airflow/.local/lib/python3.7/site-packages/airflow/example_dags/tutorial_dag.py
[2023-04-23T12:18:54.675+0000] {processor.py:753} INFO - DAG(s) dict_keys(['tutorial_dag']) retrieved from /home/airflow/.local/lib/python3.7/site-packages/airflow/example_dags/tutorial_dag.py
[2023-04-23T12:18:54.702+0000] {logging_mixin.py:137} INFO - [2023-04-23T12:18:54.702+0000] {dag.py:2705} INFO - Sync 1 DAGs
[2023-04-23T12:18:54.794+0000] {logging_mixin.py:137} INFO - [2023-04-23T12:18:54.793+0000] {dag.py:3456} INFO - Setting next_dagrun for tutorial_dag to None, run_after=None
[2023-04-23T12:18:54.826+0000] {processor.py:175} INFO - Processing /home/airflow/.local/lib/python3.7/site-packages/airflow/example_dags/tutorial_dag.py took 0.189 seconds
[2023-04-23T12:19:49.838+0000] {processor.py:153} INFO - Started process (PID=63) to work on /home/airflow/.local/lib/python3.7/site-packages/airflow/example_dags/tutorial_dag.py
[2023-04-23T12:19:49.839+0000] {processor.py:743} INFO - Processing file /home/airflow/.local/lib/python3.7/site-packages/airflow/example_dags/tutorial_dag.py for tasks to queue
[2023-04-23T12:19:49.840+0000] {logging_mixin.py:137} INFO - [2023-04-23T12:19:49.839+0000] {dagbag.py:532} INFO - Filling up the DagBag from /home/airflow/.local/lib/python3.7/site-packages/airflow/example_dags/tutorial_dag.py
[2023-04-23T12:19:49.852+0000] {processor.py:753} INFO - DAG(s) dict_keys(['tutorial_dag']) retrieved from /home/airflow/.local/lib/python3.7/site-packages/airflow/example_dags/tutorial_dag.py
[2023-04-23T12:19:49.901+0000] {logging_mixin.py:137} INFO - [2023-04-23T12:19:49.901+0000] {dag.py:2705} INFO - Sync 1 DAGs
[2023-04-23T12:19:49.930+0000] {logging_mixin.py:137} INFO - [2023-04-23T12:19:49.930+0000] {dag.py:3456} INFO - Setting next_dagrun for tutorial_dag to None, run_after=None
[2023-04-23T12:19:49.944+0000] {processor.py:175} INFO - Processing /home/airflow/.local/lib/python3.7/site-packages/airflow/example_dags/tutorial_dag.py took 0.109 seconds
[2023-04-23T12:23:28.517+0000] {processor.py:153} INFO - Started process (PID=63) to work on /home/airflow/.local/lib/python3.7/site-packages/airflow/example_dags/tutorial_dag.py
[2023-04-23T12:23:28.518+0000] {processor.py:743} INFO - Processing file /home/airflow/.local/lib/python3.7/site-packages/airflow/example_dags/tutorial_dag.py for tasks to queue
[2023-04-23T12:23:28.519+0000] {logging_mixin.py:137} INFO - [2023-04-23T12:23:28.519+0000] {dagbag.py:532} INFO - Filling up the DagBag from /home/airflow/.local/lib/python3.7/site-packages/airflow/example_dags/tutorial_dag.py
[2023-04-23T12:23:28.531+0000] {processor.py:753} INFO - DAG(s) dict_keys(['tutorial_dag']) retrieved from /home/airflow/.local/lib/python3.7/site-packages/airflow/example_dags/tutorial_dag.py
[2023-04-23T12:23:28.552+0000] {logging_mixin.py:137} INFO - [2023-04-23T12:23:28.551+0000] {dag.py:2705} INFO - Sync 1 DAGs
[2023-04-23T12:23:28.572+0000] {logging_mixin.py:137} INFO - [2023-04-23T12:23:28.572+0000] {dag.py:3456} INFO - Setting next_dagrun for tutorial_dag to None, run_after=None
[2023-04-23T12:23:28.588+0000] {processor.py:175} INFO - Processing /home/airflow/.local/lib/python3.7/site-packages/airflow/example_dags/tutorial_dag.py took 0.074 seconds
[2023-04-23T12:24:09.246+0000] {processor.py:153} INFO - Started process (PID=63) to work on /home/airflow/.local/lib/python3.7/site-packages/airflow/example_dags/tutorial_dag.py
[2023-04-23T12:24:09.254+0000] {processor.py:743} INFO - Processing file /home/airflow/.local/lib/python3.7/site-packages/airflow/example_dags/tutorial_dag.py for tasks to queue
[2023-04-23T12:24:09.255+0000] {logging_mixin.py:137} INFO - [2023-04-23T12:24:09.255+0000] {dagbag.py:532} INFO - Filling up the DagBag from /home/airflow/.local/lib/python3.7/site-packages/airflow/example_dags/tutorial_dag.py
[2023-04-23T12:24:09.267+0000] {processor.py:753} INFO - DAG(s) dict_keys(['tutorial_dag']) retrieved from /home/airflow/.local/lib/python3.7/site-packages/airflow/example_dags/tutorial_dag.py
[2023-04-23T12:24:09.295+0000] {logging_mixin.py:137} INFO - [2023-04-23T12:24:09.294+0000] {dag.py:2705} INFO - Sync 1 DAGs
[2023-04-23T12:24:09.325+0000] {logging_mixin.py:137} INFO - [2023-04-23T12:24:09.325+0000] {dag.py:3456} INFO - Setting next_dagrun for tutorial_dag to None, run_after=None
[2023-04-23T12:24:09.358+0000] {processor.py:175} INFO - Processing /home/airflow/.local/lib/python3.7/site-packages/airflow/example_dags/tutorial_dag.py took 0.115 seconds
[2023-04-23T12:25:36.103+0000] {processor.py:153} INFO - Started process (PID=63) to work on /home/airflow/.local/lib/python3.7/site-packages/airflow/example_dags/tutorial_dag.py
[2023-04-23T12:25:36.105+0000] {processor.py:743} INFO - Processing file /home/airflow/.local/lib/python3.7/site-packages/airflow/example_dags/tutorial_dag.py for tasks to queue
[2023-04-23T12:25:36.107+0000] {logging_mixin.py:137} INFO - [2023-04-23T12:25:36.106+0000] {dagbag.py:532} INFO - Filling up the DagBag from /home/airflow/.local/lib/python3.7/site-packages/airflow/example_dags/tutorial_dag.py
[2023-04-23T12:25:36.121+0000] {processor.py:753} INFO - DAG(s) dict_keys(['tutorial_dag']) retrieved from /home/airflow/.local/lib/python3.7/site-packages/airflow/example_dags/tutorial_dag.py
[2023-04-23T12:25:36.152+0000] {logging_mixin.py:137} INFO - [2023-04-23T12:25:36.152+0000] {dag.py:2705} INFO - Sync 1 DAGs
[2023-04-23T12:25:36.169+0000] {logging_mixin.py:137} INFO - [2023-04-23T12:25:36.169+0000] {dag.py:3456} INFO - Setting next_dagrun for tutorial_dag to None, run_after=None
[2023-04-23T12:25:36.182+0000] {processor.py:175} INFO - Processing /home/airflow/.local/lib/python3.7/site-packages/airflow/example_dags/tutorial_dag.py took 0.081 seconds
[2023-04-23T12:26:22.499+0000] {processor.py:153} INFO - Started process (PID=63) to work on /home/airflow/.local/lib/python3.7/site-packages/airflow/example_dags/tutorial_dag.py
[2023-04-23T12:26:22.505+0000] {processor.py:743} INFO - Processing file /home/airflow/.local/lib/python3.7/site-packages/airflow/example_dags/tutorial_dag.py for tasks to queue
[2023-04-23T12:26:22.510+0000] {logging_mixin.py:137} INFO - [2023-04-23T12:26:22.509+0000] {dagbag.py:532} INFO - Filling up the DagBag from /home/airflow/.local/lib/python3.7/site-packages/airflow/example_dags/tutorial_dag.py
[2023-04-23T12:26:22.530+0000] {processor.py:753} INFO - DAG(s) dict_keys(['tutorial_dag']) retrieved from /home/airflow/.local/lib/python3.7/site-packages/airflow/example_dags/tutorial_dag.py
[2023-04-23T12:26:22.555+0000] {logging_mixin.py:137} INFO - [2023-04-23T12:26:22.555+0000] {dag.py:2705} INFO - Sync 1 DAGs
[2023-04-23T12:26:22.593+0000] {logging_mixin.py:137} INFO - [2023-04-23T12:26:22.592+0000] {dag.py:3456} INFO - Setting next_dagrun for tutorial_dag to None, run_after=None
[2023-04-23T12:26:22.639+0000] {processor.py:175} INFO - Processing /home/airflow/.local/lib/python3.7/site-packages/airflow/example_dags/tutorial_dag.py took 0.157 seconds
[2023-04-23T13:08:10.781+0000] {processor.py:153} INFO - Started process (PID=63) to work on /home/airflow/.local/lib/python3.7/site-packages/airflow/example_dags/tutorial_dag.py
[2023-04-23T13:08:10.782+0000] {processor.py:743} INFO - Processing file /home/airflow/.local/lib/python3.7/site-packages/airflow/example_dags/tutorial_dag.py for tasks to queue
[2023-04-23T13:08:10.783+0000] {logging_mixin.py:137} INFO - [2023-04-23T13:08:10.783+0000] {dagbag.py:532} INFO - Filling up the DagBag from /home/airflow/.local/lib/python3.7/site-packages/airflow/example_dags/tutorial_dag.py
[2023-04-23T13:08:10.791+0000] {processor.py:753} INFO - DAG(s) dict_keys(['tutorial_dag']) retrieved from /home/airflow/.local/lib/python3.7/site-packages/airflow/example_dags/tutorial_dag.py
[2023-04-23T13:08:10.875+0000] {logging_mixin.py:137} INFO - [2023-04-23T13:08:10.874+0000] {dag.py:2705} INFO - Sync 1 DAGs
[2023-04-23T13:08:10.890+0000] {logging_mixin.py:137} INFO - [2023-04-23T13:08:10.890+0000] {dag.py:3456} INFO - Setting next_dagrun for tutorial_dag to None, run_after=None
[2023-04-23T13:08:10.901+0000] {processor.py:175} INFO - Processing /home/airflow/.local/lib/python3.7/site-packages/airflow/example_dags/tutorial_dag.py took 0.122 seconds
[2023-04-23T14:13:53.833+0000] {processor.py:153} INFO - Started process (PID=62) to work on /home/airflow/.local/lib/python3.7/site-packages/airflow/example_dags/tutorial_dag.py
[2023-04-23T14:13:53.834+0000] {processor.py:743} INFO - Processing file /home/airflow/.local/lib/python3.7/site-packages/airflow/example_dags/tutorial_dag.py for tasks to queue
[2023-04-23T14:13:53.843+0000] {logging_mixin.py:137} INFO - [2023-04-23T14:13:53.843+0000] {dagbag.py:532} INFO - Filling up the DagBag from /home/airflow/.local/lib/python3.7/site-packages/airflow/example_dags/tutorial_dag.py
[2023-04-23T14:13:53.977+0000] {processor.py:753} INFO - DAG(s) dict_keys(['tutorial_dag']) retrieved from /home/airflow/.local/lib/python3.7/site-packages/airflow/example_dags/tutorial_dag.py
[2023-04-23T14:13:54.178+0000] {logging_mixin.py:137} INFO - [2023-04-23T14:13:54.177+0000] {dag.py:2705} INFO - Sync 1 DAGs
[2023-04-23T14:13:54.320+0000] {logging_mixin.py:137} INFO - [2023-04-23T14:13:54.318+0000] {dag.py:3456} INFO - Setting next_dagrun for tutorial_dag to None, run_after=None
[2023-04-23T14:13:54.430+0000] {processor.py:175} INFO - Processing /home/airflow/.local/lib/python3.7/site-packages/airflow/example_dags/tutorial_dag.py took 0.607 seconds
[2023-04-23T15:24:42.630+0000] {processor.py:153} INFO - Started process (PID=63) to work on /home/airflow/.local/lib/python3.7/site-packages/airflow/example_dags/tutorial_dag.py
[2023-04-23T15:24:42.632+0000] {processor.py:743} INFO - Processing file /home/airflow/.local/lib/python3.7/site-packages/airflow/example_dags/tutorial_dag.py for tasks to queue
[2023-04-23T15:24:42.638+0000] {logging_mixin.py:137} INFO - [2023-04-23T15:24:42.638+0000] {dagbag.py:532} INFO - Filling up the DagBag from /home/airflow/.local/lib/python3.7/site-packages/airflow/example_dags/tutorial_dag.py
[2023-04-23T15:24:42.652+0000] {processor.py:753} INFO - DAG(s) dict_keys(['tutorial_dag']) retrieved from /home/airflow/.local/lib/python3.7/site-packages/airflow/example_dags/tutorial_dag.py
[2023-04-23T15:24:42.683+0000] {logging_mixin.py:137} INFO - [2023-04-23T15:24:42.683+0000] {dag.py:2705} INFO - Sync 1 DAGs
[2023-04-23T15:24:42.701+0000] {logging_mixin.py:137} INFO - [2023-04-23T15:24:42.701+0000] {dag.py:3456} INFO - Setting next_dagrun for tutorial_dag to None, run_after=None
[2023-04-23T15:24:42.740+0000] {processor.py:175} INFO - Processing /home/airflow/.local/lib/python3.7/site-packages/airflow/example_dags/tutorial_dag.py took 0.112 seconds
[2023-04-23T15:28:49.247+0000] {processor.py:153} INFO - Started process (PID=72) to work on /home/airflow/.local/lib/python3.7/site-packages/airflow/example_dags/tutorial_dag.py
[2023-04-23T15:28:49.248+0000] {processor.py:743} INFO - Processing file /home/airflow/.local/lib/python3.7/site-packages/airflow/example_dags/tutorial_dag.py for tasks to queue
[2023-04-23T15:28:49.248+0000] {logging_mixin.py:137} INFO - [2023-04-23T15:28:49.248+0000] {dagbag.py:532} INFO - Filling up the DagBag from /home/airflow/.local/lib/python3.7/site-packages/airflow/example_dags/tutorial_dag.py
[2023-04-23T15:28:49.282+0000] {processor.py:753} INFO - DAG(s) dict_keys(['tutorial_dag']) retrieved from /home/airflow/.local/lib/python3.7/site-packages/airflow/example_dags/tutorial_dag.py
[2023-04-23T15:28:49.319+0000] {logging_mixin.py:137} INFO - [2023-04-23T15:28:49.319+0000] {dag.py:2705} INFO - Sync 1 DAGs
[2023-04-23T15:28:49.356+0000] {logging_mixin.py:137} INFO - [2023-04-23T15:28:49.356+0000] {dag.py:3456} INFO - Setting next_dagrun for tutorial_dag to None, run_after=None
[2023-04-23T15:28:49.402+0000] {processor.py:175} INFO - Processing /home/airflow/.local/lib/python3.7/site-packages/airflow/example_dags/tutorial_dag.py took 0.157 seconds
[2023-04-23T15:30:10.864+0000] {processor.py:153} INFO - Started process (PID=63) to work on /home/airflow/.local/lib/python3.7/site-packages/airflow/example_dags/tutorial_dag.py
[2023-04-23T15:30:10.865+0000] {processor.py:743} INFO - Processing file /home/airflow/.local/lib/python3.7/site-packages/airflow/example_dags/tutorial_dag.py for tasks to queue
[2023-04-23T15:30:10.867+0000] {logging_mixin.py:137} INFO - [2023-04-23T15:30:10.867+0000] {dagbag.py:532} INFO - Filling up the DagBag from /home/airflow/.local/lib/python3.7/site-packages/airflow/example_dags/tutorial_dag.py
[2023-04-23T15:30:10.904+0000] {processor.py:753} INFO - DAG(s) dict_keys(['tutorial_dag']) retrieved from /home/airflow/.local/lib/python3.7/site-packages/airflow/example_dags/tutorial_dag.py
[2023-04-23T15:30:11.003+0000] {logging_mixin.py:137} INFO - [2023-04-23T15:30:11.003+0000] {dag.py:2705} INFO - Sync 1 DAGs
[2023-04-23T15:30:11.074+0000] {logging_mixin.py:137} INFO - [2023-04-23T15:30:11.074+0000] {dag.py:3456} INFO - Setting next_dagrun for tutorial_dag to None, run_after=None
[2023-04-23T15:30:11.124+0000] {processor.py:175} INFO - Processing /home/airflow/.local/lib/python3.7/site-packages/airflow/example_dags/tutorial_dag.py took 0.263 seconds
[2023-04-23T15:30:45.917+0000] {processor.py:153} INFO - Started process (PID=63) to work on /home/airflow/.local/lib/python3.7/site-packages/airflow/example_dags/tutorial_dag.py
[2023-04-23T15:30:45.918+0000] {processor.py:743} INFO - Processing file /home/airflow/.local/lib/python3.7/site-packages/airflow/example_dags/tutorial_dag.py for tasks to queue
[2023-04-23T15:30:45.919+0000] {logging_mixin.py:137} INFO - [2023-04-23T15:30:45.918+0000] {dagbag.py:532} INFO - Filling up the DagBag from /home/airflow/.local/lib/python3.7/site-packages/airflow/example_dags/tutorial_dag.py
[2023-04-23T15:30:45.949+0000] {processor.py:753} INFO - DAG(s) dict_keys(['tutorial_dag']) retrieved from /home/airflow/.local/lib/python3.7/site-packages/airflow/example_dags/tutorial_dag.py
[2023-04-23T15:30:46.073+0000] {logging_mixin.py:137} INFO - [2023-04-23T15:30:46.073+0000] {dag.py:2705} INFO - Sync 1 DAGs
[2023-04-23T15:30:46.113+0000] {logging_mixin.py:137} INFO - [2023-04-23T15:30:46.113+0000] {dag.py:3456} INFO - Setting next_dagrun for tutorial_dag to None, run_after=None
[2023-04-23T15:30:46.137+0000] {processor.py:175} INFO - Processing /home/airflow/.local/lib/python3.7/site-packages/airflow/example_dags/tutorial_dag.py took 0.230 seconds
[2023-04-23T15:38:24.971+0000] {processor.py:153} INFO - Started process (PID=65) to work on /home/airflow/.local/lib/python3.7/site-packages/airflow/example_dags/tutorial_dag.py
[2023-04-23T15:38:24.971+0000] {processor.py:743} INFO - Processing file /home/airflow/.local/lib/python3.7/site-packages/airflow/example_dags/tutorial_dag.py for tasks to queue
[2023-04-23T15:38:24.972+0000] {logging_mixin.py:137} INFO - [2023-04-23T15:38:24.972+0000] {dagbag.py:532} INFO - Filling up the DagBag from /home/airflow/.local/lib/python3.7/site-packages/airflow/example_dags/tutorial_dag.py
[2023-04-23T15:38:24.981+0000] {processor.py:753} INFO - DAG(s) dict_keys(['tutorial_dag']) retrieved from /home/airflow/.local/lib/python3.7/site-packages/airflow/example_dags/tutorial_dag.py
[2023-04-23T15:38:24.999+0000] {logging_mixin.py:137} INFO - [2023-04-23T15:38:24.999+0000] {dag.py:2705} INFO - Sync 1 DAGs
[2023-04-23T15:38:25.015+0000] {logging_mixin.py:137} INFO - [2023-04-23T15:38:25.015+0000] {dag.py:3456} INFO - Setting next_dagrun for tutorial_dag to None, run_after=None
[2023-04-23T15:38:25.031+0000] {processor.py:175} INFO - Processing /home/airflow/.local/lib/python3.7/site-packages/airflow/example_dags/tutorial_dag.py took 0.062 seconds
[2023-04-23T19:25:56.305+0000] {processor.py:153} INFO - Started process (PID=63) to work on /home/airflow/.local/lib/python3.7/site-packages/airflow/example_dags/tutorial_dag.py
[2023-04-23T19:25:56.310+0000] {processor.py:743} INFO - Processing file /home/airflow/.local/lib/python3.7/site-packages/airflow/example_dags/tutorial_dag.py for tasks to queue
[2023-04-23T19:25:56.310+0000] {logging_mixin.py:137} INFO - [2023-04-23T19:25:56.310+0000] {dagbag.py:532} INFO - Filling up the DagBag from /home/airflow/.local/lib/python3.7/site-packages/airflow/example_dags/tutorial_dag.py
[2023-04-23T19:25:56.330+0000] {processor.py:753} INFO - DAG(s) dict_keys(['tutorial_dag']) retrieved from /home/airflow/.local/lib/python3.7/site-packages/airflow/example_dags/tutorial_dag.py
[2023-04-23T19:25:56.394+0000] {logging_mixin.py:137} INFO - [2023-04-23T19:25:56.392+0000] {dag.py:2705} INFO - Sync 1 DAGs
[2023-04-23T19:25:56.449+0000] {logging_mixin.py:137} INFO - [2023-04-23T19:25:56.448+0000] {dag.py:3456} INFO - Setting next_dagrun for tutorial_dag to None, run_after=None
[2023-04-23T19:25:56.473+0000] {processor.py:175} INFO - Processing /home/airflow/.local/lib/python3.7/site-packages/airflow/example_dags/tutorial_dag.py took 0.170 seconds
[2023-04-23T19:26:54.372+0000] {processor.py:153} INFO - Started process (PID=62) to work on /home/airflow/.local/lib/python3.7/site-packages/airflow/example_dags/tutorial_dag.py
[2023-04-23T19:26:54.375+0000] {processor.py:743} INFO - Processing file /home/airflow/.local/lib/python3.7/site-packages/airflow/example_dags/tutorial_dag.py for tasks to queue
[2023-04-23T19:26:54.380+0000] {logging_mixin.py:137} INFO - [2023-04-23T19:26:54.379+0000] {dagbag.py:532} INFO - Filling up the DagBag from /home/airflow/.local/lib/python3.7/site-packages/airflow/example_dags/tutorial_dag.py
[2023-04-23T19:26:54.489+0000] {processor.py:753} INFO - DAG(s) dict_keys(['tutorial_dag']) retrieved from /home/airflow/.local/lib/python3.7/site-packages/airflow/example_dags/tutorial_dag.py
[2023-04-23T19:26:54.697+0000] {logging_mixin.py:137} INFO - [2023-04-23T19:26:54.688+0000] {dag.py:2705} INFO - Sync 1 DAGs
[2023-04-23T19:26:54.890+0000] {logging_mixin.py:137} INFO - [2023-04-23T19:26:54.890+0000] {dag.py:3456} INFO - Setting next_dagrun for tutorial_dag to None, run_after=None
[2023-04-23T19:26:56.001+0000] {processor.py:175} INFO - Processing /home/airflow/.local/lib/python3.7/site-packages/airflow/example_dags/tutorial_dag.py took 1.634 seconds
[2023-04-23T19:30:39.288+0000] {processor.py:153} INFO - Started process (PID=63) to work on /home/airflow/.local/lib/python3.7/site-packages/airflow/example_dags/tutorial_dag.py
[2023-04-23T19:30:39.290+0000] {processor.py:743} INFO - Processing file /home/airflow/.local/lib/python3.7/site-packages/airflow/example_dags/tutorial_dag.py for tasks to queue
[2023-04-23T19:30:39.302+0000] {logging_mixin.py:137} INFO - [2023-04-23T19:30:39.294+0000] {dagbag.py:532} INFO - Filling up the DagBag from /home/airflow/.local/lib/python3.7/site-packages/airflow/example_dags/tutorial_dag.py
[2023-04-23T19:30:39.335+0000] {processor.py:753} INFO - DAG(s) dict_keys(['tutorial_dag']) retrieved from /home/airflow/.local/lib/python3.7/site-packages/airflow/example_dags/tutorial_dag.py
[2023-04-23T19:30:39.383+0000] {logging_mixin.py:137} INFO - [2023-04-23T19:30:39.383+0000] {dag.py:2705} INFO - Sync 1 DAGs
[2023-04-23T19:30:39.422+0000] {logging_mixin.py:137} INFO - [2023-04-23T19:30:39.421+0000] {dag.py:3456} INFO - Setting next_dagrun for tutorial_dag to None, run_after=None
[2023-04-23T19:30:39.515+0000] {processor.py:175} INFO - Processing /home/airflow/.local/lib/python3.7/site-packages/airflow/example_dags/tutorial_dag.py took 0.231 seconds
[2023-04-23T19:37:40.689+0000] {processor.py:153} INFO - Started process (PID=63) to work on /home/airflow/.local/lib/python3.7/site-packages/airflow/example_dags/tutorial_dag.py
[2023-04-23T19:37:40.691+0000] {processor.py:743} INFO - Processing file /home/airflow/.local/lib/python3.7/site-packages/airflow/example_dags/tutorial_dag.py for tasks to queue
[2023-04-23T19:37:40.692+0000] {logging_mixin.py:137} INFO - [2023-04-23T19:37:40.692+0000] {dagbag.py:532} INFO - Filling up the DagBag from /home/airflow/.local/lib/python3.7/site-packages/airflow/example_dags/tutorial_dag.py
[2023-04-23T19:37:40.743+0000] {processor.py:753} INFO - DAG(s) dict_keys(['tutorial_dag']) retrieved from /home/airflow/.local/lib/python3.7/site-packages/airflow/example_dags/tutorial_dag.py
[2023-04-23T19:37:40.801+0000] {logging_mixin.py:137} INFO - [2023-04-23T19:37:40.801+0000] {dag.py:2705} INFO - Sync 1 DAGs
[2023-04-23T19:37:40.831+0000] {logging_mixin.py:137} INFO - [2023-04-23T19:37:40.831+0000] {dag.py:3456} INFO - Setting next_dagrun for tutorial_dag to None, run_after=None
[2023-04-23T19:37:40.860+0000] {processor.py:175} INFO - Processing /home/airflow/.local/lib/python3.7/site-packages/airflow/example_dags/tutorial_dag.py took 0.181 seconds
[2023-04-23T19:38:01.896+0000] {processor.py:153} INFO - Started process (PID=63) to work on /home/airflow/.local/lib/python3.7/site-packages/airflow/example_dags/tutorial_dag.py
[2023-04-23T19:38:01.897+0000] {processor.py:743} INFO - Processing file /home/airflow/.local/lib/python3.7/site-packages/airflow/example_dags/tutorial_dag.py for tasks to queue
[2023-04-23T19:38:01.898+0000] {logging_mixin.py:137} INFO - [2023-04-23T19:38:01.898+0000] {dagbag.py:532} INFO - Filling up the DagBag from /home/airflow/.local/lib/python3.7/site-packages/airflow/example_dags/tutorial_dag.py
[2023-04-23T19:38:01.920+0000] {processor.py:753} INFO - DAG(s) dict_keys(['tutorial_dag']) retrieved from /home/airflow/.local/lib/python3.7/site-packages/airflow/example_dags/tutorial_dag.py
[2023-04-23T19:38:01.944+0000] {logging_mixin.py:137} INFO - [2023-04-23T19:38:01.944+0000] {dag.py:2705} INFO - Sync 1 DAGs
[2023-04-23T19:38:01.965+0000] {logging_mixin.py:137} INFO - [2023-04-23T19:38:01.965+0000] {dag.py:3456} INFO - Setting next_dagrun for tutorial_dag to None, run_after=None
[2023-04-23T19:38:01.987+0000] {processor.py:175} INFO - Processing /home/airflow/.local/lib/python3.7/site-packages/airflow/example_dags/tutorial_dag.py took 0.094 seconds
[2023-04-23T19:38:34.252+0000] {processor.py:153} INFO - Started process (PID=62) to work on /home/airflow/.local/lib/python3.7/site-packages/airflow/example_dags/tutorial_dag.py
[2023-04-23T19:38:34.257+0000] {processor.py:743} INFO - Processing file /home/airflow/.local/lib/python3.7/site-packages/airflow/example_dags/tutorial_dag.py for tasks to queue
[2023-04-23T19:38:34.258+0000] {logging_mixin.py:137} INFO - [2023-04-23T19:38:34.258+0000] {dagbag.py:532} INFO - Filling up the DagBag from /home/airflow/.local/lib/python3.7/site-packages/airflow/example_dags/tutorial_dag.py
[2023-04-23T19:38:34.274+0000] {processor.py:753} INFO - DAG(s) dict_keys(['tutorial_dag']) retrieved from /home/airflow/.local/lib/python3.7/site-packages/airflow/example_dags/tutorial_dag.py
[2023-04-23T19:38:34.311+0000] {logging_mixin.py:137} INFO - [2023-04-23T19:38:34.311+0000] {dag.py:2705} INFO - Sync 1 DAGs
[2023-04-23T19:38:34.353+0000] {logging_mixin.py:137} INFO - [2023-04-23T19:38:34.353+0000] {dag.py:3456} INFO - Setting next_dagrun for tutorial_dag to None, run_after=None
[2023-04-23T19:38:34.377+0000] {processor.py:175} INFO - Processing /home/airflow/.local/lib/python3.7/site-packages/airflow/example_dags/tutorial_dag.py took 0.128 seconds
[2023-04-23T19:39:55.570+0000] {processor.py:153} INFO - Started process (PID=63) to work on /home/airflow/.local/lib/python3.7/site-packages/airflow/example_dags/tutorial_dag.py
[2023-04-23T19:39:55.571+0000] {processor.py:743} INFO - Processing file /home/airflow/.local/lib/python3.7/site-packages/airflow/example_dags/tutorial_dag.py for tasks to queue
[2023-04-23T19:39:55.573+0000] {logging_mixin.py:137} INFO - [2023-04-23T19:39:55.573+0000] {dagbag.py:532} INFO - Filling up the DagBag from /home/airflow/.local/lib/python3.7/site-packages/airflow/example_dags/tutorial_dag.py
[2023-04-23T19:39:55.602+0000] {processor.py:753} INFO - DAG(s) dict_keys(['tutorial_dag']) retrieved from /home/airflow/.local/lib/python3.7/site-packages/airflow/example_dags/tutorial_dag.py
[2023-04-23T19:39:55.669+0000] {logging_mixin.py:137} INFO - [2023-04-23T19:39:55.669+0000] {dag.py:2705} INFO - Sync 1 DAGs
[2023-04-23T19:39:55.793+0000] {logging_mixin.py:137} INFO - [2023-04-23T19:39:55.791+0000] {dag.py:3456} INFO - Setting next_dagrun for tutorial_dag to None, run_after=None
[2023-04-23T19:39:55.872+0000] {processor.py:175} INFO - Processing /home/airflow/.local/lib/python3.7/site-packages/airflow/example_dags/tutorial_dag.py took 0.306 seconds
[2023-04-23T19:45:31.833+0000] {processor.py:153} INFO - Started process (PID=63) to work on /home/airflow/.local/lib/python3.7/site-packages/airflow/example_dags/tutorial_dag.py
[2023-04-23T19:45:31.834+0000] {processor.py:743} INFO - Processing file /home/airflow/.local/lib/python3.7/site-packages/airflow/example_dags/tutorial_dag.py for tasks to queue
[2023-04-23T19:45:31.835+0000] {logging_mixin.py:137} INFO - [2023-04-23T19:45:31.835+0000] {dagbag.py:532} INFO - Filling up the DagBag from /home/airflow/.local/lib/python3.7/site-packages/airflow/example_dags/tutorial_dag.py
[2023-04-23T19:45:31.847+0000] {processor.py:753} INFO - DAG(s) dict_keys(['tutorial_dag']) retrieved from /home/airflow/.local/lib/python3.7/site-packages/airflow/example_dags/tutorial_dag.py
[2023-04-23T19:45:31.891+0000] {logging_mixin.py:137} INFO - [2023-04-23T19:45:31.891+0000] {dag.py:2705} INFO - Sync 1 DAGs
[2023-04-23T19:45:31.933+0000] {logging_mixin.py:137} INFO - [2023-04-23T19:45:31.933+0000] {dag.py:3456} INFO - Setting next_dagrun for tutorial_dag to None, run_after=None
[2023-04-23T19:45:31.961+0000] {processor.py:175} INFO - Processing /home/airflow/.local/lib/python3.7/site-packages/airflow/example_dags/tutorial_dag.py took 0.130 seconds
[2023-04-23T19:57:06.409+0000] {processor.py:153} INFO - Started process (PID=72) to work on /home/airflow/.local/lib/python3.7/site-packages/airflow/example_dags/tutorial_dag.py
[2023-04-23T19:57:06.415+0000] {processor.py:743} INFO - Processing file /home/airflow/.local/lib/python3.7/site-packages/airflow/example_dags/tutorial_dag.py for tasks to queue
[2023-04-23T19:57:06.430+0000] {logging_mixin.py:137} INFO - [2023-04-23T19:57:06.430+0000] {dagbag.py:532} INFO - Filling up the DagBag from /home/airflow/.local/lib/python3.7/site-packages/airflow/example_dags/tutorial_dag.py
[2023-04-23T19:57:06.575+0000] {processor.py:753} INFO - DAG(s) dict_keys(['tutorial_dag']) retrieved from /home/airflow/.local/lib/python3.7/site-packages/airflow/example_dags/tutorial_dag.py
[2023-04-23T19:57:06.837+0000] {logging_mixin.py:137} INFO - [2023-04-23T19:57:06.837+0000] {dag.py:2705} INFO - Sync 1 DAGs
[2023-04-23T19:57:06.934+0000] {logging_mixin.py:137} INFO - [2023-04-23T19:57:06.934+0000] {dag.py:3456} INFO - Setting next_dagrun for tutorial_dag to None, run_after=None
[2023-04-23T19:57:07.034+0000] {processor.py:175} INFO - Processing /home/airflow/.local/lib/python3.7/site-packages/airflow/example_dags/tutorial_dag.py took 0.639 seconds
[2023-04-23T20:00:38.809+0000] {processor.py:153} INFO - Started process (PID=64) to work on /home/airflow/.local/lib/python3.7/site-packages/airflow/example_dags/tutorial_dag.py
[2023-04-23T20:00:38.811+0000] {processor.py:743} INFO - Processing file /home/airflow/.local/lib/python3.7/site-packages/airflow/example_dags/tutorial_dag.py for tasks to queue
[2023-04-23T20:00:38.811+0000] {logging_mixin.py:137} INFO - [2023-04-23T20:00:38.811+0000] {dagbag.py:532} INFO - Filling up the DagBag from /home/airflow/.local/lib/python3.7/site-packages/airflow/example_dags/tutorial_dag.py
[2023-04-23T20:00:38.853+0000] {processor.py:753} INFO - DAG(s) dict_keys(['tutorial_dag']) retrieved from /home/airflow/.local/lib/python3.7/site-packages/airflow/example_dags/tutorial_dag.py
[2023-04-23T20:00:38.933+0000] {logging_mixin.py:137} INFO - [2023-04-23T20:00:38.932+0000] {dag.py:2705} INFO - Sync 1 DAGs
[2023-04-23T20:00:38.969+0000] {logging_mixin.py:137} INFO - [2023-04-23T20:00:38.969+0000] {dag.py:3456} INFO - Setting next_dagrun for tutorial_dag to None, run_after=None
[2023-04-23T20:00:38.997+0000] {processor.py:175} INFO - Processing /home/airflow/.local/lib/python3.7/site-packages/airflow/example_dags/tutorial_dag.py took 0.193 seconds
