[2023-05-01T03:57:36.349+0000] {processor.py:153} INFO - Started process (PID=34) to work on /opt/airflow/dags/example-dag-basic.py
[2023-05-01T03:57:36.365+0000] {processor.py:743} INFO - Processing file /opt/airflow/dags/example-dag-basic.py for tasks to queue
[2023-05-01T03:57:36.370+0000] {logging_mixin.py:137} INFO - [2023-05-01T03:57:36.369+0000] {dagbag.py:532} INFO - Filling up the DagBag from /opt/airflow/dags/example-dag-basic.py
[2023-05-01T04:14:21.346+0000] {processor.py:153} INFO - Started process (PID=35) to work on /opt/airflow/dags/example-dag-basic.py
[2023-05-01T04:14:21.362+0000] {processor.py:743} INFO - Processing file /opt/airflow/dags/example-dag-basic.py for tasks to queue
[2023-05-01T04:14:21.384+0000] {logging_mixin.py:137} INFO - [2023-05-01T04:14:21.380+0000] {dagbag.py:532} INFO - Filling up the DagBag from /opt/airflow/dags/example-dag-basic.py
[2023-05-01T05:03:00.979+0000] {processor.py:153} INFO - Started process (PID=33) to work on /opt/airflow/dags/example-dag-basic.py
[2023-05-01T05:03:00.996+0000] {processor.py:743} INFO - Processing file /opt/airflow/dags/example-dag-basic.py for tasks to queue
[2023-05-01T05:03:01.000+0000] {logging_mixin.py:137} INFO - [2023-05-01T05:03:00.999+0000] {dagbag.py:532} INFO - Filling up the DagBag from /opt/airflow/dags/example-dag-basic.py
[2023-05-01T05:03:01.303+0000] {processor.py:753} INFO - DAG(s) dict_keys(['example_dag_basic']) retrieved from /opt/airflow/dags/example-dag-basic.py
[2023-05-01T05:03:06.784+0000] {logging_mixin.py:137} INFO - [2023-05-01T05:03:06.769+0000] {dag.py:2705} INFO - Sync 1 DAGs
[2023-05-01T06:26:39.288+0000] {processor.py:153} INFO - Started process (PID=33) to work on /opt/airflow/dags/example-dag-basic.py
[2023-05-01T06:26:39.298+0000] {processor.py:743} INFO - Processing file /opt/airflow/dags/example-dag-basic.py for tasks to queue
[2023-05-01T06:26:39.299+0000] {logging_mixin.py:137} INFO - [2023-05-01T06:26:39.299+0000] {dagbag.py:532} INFO - Filling up the DagBag from /opt/airflow/dags/example-dag-basic.py
[2023-05-01T06:26:40.495+0000] {processor.py:753} INFO - DAG(s) dict_keys(['example_dag_basic']) retrieved from /opt/airflow/dags/example-dag-basic.py
[2023-05-01T08:05:47.735+0000] {processor.py:153} INFO - Started process (PID=42) to work on /opt/airflow/dags/example-dag-basic.py
[2023-05-01T08:05:47.736+0000] {processor.py:743} INFO - Processing file /opt/airflow/dags/example-dag-basic.py for tasks to queue
[2023-05-01T08:05:47.736+0000] {logging_mixin.py:137} INFO - [2023-05-01T08:05:47.736+0000] {dagbag.py:532} INFO - Filling up the DagBag from /opt/airflow/dags/example-dag-basic.py
[2023-05-01T08:05:47.921+0000] {processor.py:753} INFO - DAG(s) dict_keys(['example_dag_basic']) retrieved from /opt/airflow/dags/example-dag-basic.py
[2023-05-01T11:41:51.599+0000] {processor.py:153} INFO - Started process (PID=43) to work on /opt/airflow/dags/example-dag-basic.py
[2023-05-01T11:41:51.614+0000] {processor.py:743} INFO - Processing file /opt/airflow/dags/example-dag-basic.py for tasks to queue
[2023-05-01T11:41:51.618+0000] {logging_mixin.py:137} INFO - [2023-05-01T11:41:51.618+0000] {dagbag.py:532} INFO - Filling up the DagBag from /opt/airflow/dags/example-dag-basic.py
[2023-05-01T11:41:51.732+0000] {processor.py:753} INFO - DAG(s) dict_keys(['example_dag_basic']) retrieved from /opt/airflow/dags/example-dag-basic.py
[2023-05-01T11:41:52.055+0000] {logging_mixin.py:137} INFO - [2023-05-01T11:41:52.055+0000] {dag.py:2705} INFO - Sync 1 DAGs
[2023-05-01T11:41:52.161+0000] {logging_mixin.py:137} INFO - [2023-05-01T11:41:52.161+0000] {dag.py:3456} INFO - Setting next_dagrun for example_dag_basic to 2023-04-30T00:00:00+00:00, run_after=2023-05-01T00:00:00+00:00
[2023-05-01T11:41:52.214+0000] {processor.py:175} INFO - Processing /opt/airflow/dags/example-dag-basic.py took 0.629 seconds
[2023-05-01T14:10:22.500+0000] {processor.py:153} INFO - Started process (PID=32) to work on /opt/airflow/dags/example-dag-basic.py
[2023-05-01T14:10:22.511+0000] {processor.py:743} INFO - Processing file /opt/airflow/dags/example-dag-basic.py for tasks to queue
[2023-05-01T14:10:22.515+0000] {logging_mixin.py:137} INFO - [2023-05-01T14:10:22.514+0000] {dagbag.py:532} INFO - Filling up the DagBag from /opt/airflow/dags/example-dag-basic.py
[2023-05-01T14:43:16.186+0000] {processor.py:153} INFO - Started process (PID=35) to work on /opt/airflow/dags/example-dag-basic.py
[2023-05-01T14:43:16.206+0000] {processor.py:743} INFO - Processing file /opt/airflow/dags/example-dag-basic.py for tasks to queue
[2023-05-01T14:43:16.237+0000] {logging_mixin.py:137} INFO - [2023-05-01T14:43:16.217+0000] {dagbag.py:532} INFO - Filling up the DagBag from /opt/airflow/dags/example-dag-basic.py
[2023-05-01T14:43:20.552+0000] {processor.py:753} INFO - DAG(s) dict_keys(['example_dag_basic']) retrieved from /opt/airflow/dags/example-dag-basic.py
[2023-05-01T17:11:48.602+0000] {processor.py:153} INFO - Started process (PID=33) to work on /opt/airflow/dags/example-dag-basic.py
[2023-05-01T17:11:48.603+0000] {processor.py:743} INFO - Processing file /opt/airflow/dags/example-dag-basic.py for tasks to queue
[2023-05-01T17:11:48.604+0000] {logging_mixin.py:137} INFO - [2023-05-01T17:11:48.604+0000] {dagbag.py:532} INFO - Filling up the DagBag from /opt/airflow/dags/example-dag-basic.py
[2023-05-01T17:11:48.680+0000] {processor.py:753} INFO - DAG(s) dict_keys(['example_dag_basic']) retrieved from /opt/airflow/dags/example-dag-basic.py
[2023-05-01T17:11:48.757+0000] {logging_mixin.py:137} INFO - [2023-05-01T17:11:48.756+0000] {dag.py:2705} INFO - Sync 1 DAGs
[2023-05-01T17:11:48.826+0000] {logging_mixin.py:137} INFO - [2023-05-01T17:11:48.826+0000] {dag.py:3456} INFO - Setting next_dagrun for example_dag_basic to 2023-04-30T00:00:00+00:00, run_after=2023-05-01T00:00:00+00:00
[2023-05-01T17:11:48.901+0000] {processor.py:175} INFO - Processing /opt/airflow/dags/example-dag-basic.py took 0.296 seconds
[2023-05-01T17:12:37.711+0000] {processor.py:153} INFO - Started process (PID=40) to work on /opt/airflow/dags/example-dag-basic.py
[2023-05-01T17:12:37.754+0000] {processor.py:743} INFO - Processing file /opt/airflow/dags/example-dag-basic.py for tasks to queue
[2023-05-01T17:12:37.800+0000] {logging_mixin.py:137} INFO - [2023-05-01T17:12:37.800+0000] {dagbag.py:532} INFO - Filling up the DagBag from /opt/airflow/dags/example-dag-basic.py
[2023-05-01T17:12:38.040+0000] {processor.py:753} INFO - DAG(s) dict_keys(['example_dag_basic']) retrieved from /opt/airflow/dags/example-dag-basic.py
[2023-05-01T17:12:38.925+0000] {logging_mixin.py:137} INFO - [2023-05-01T17:12:38.921+0000] {dag.py:2705} INFO - Sync 1 DAGs
[2023-05-01T17:13:09.186+0000] {processor.py:153} INFO - Started process (PID=33) to work on /opt/airflow/dags/example-dag-basic.py
[2023-05-01T17:13:09.199+0000] {processor.py:743} INFO - Processing file /opt/airflow/dags/example-dag-basic.py for tasks to queue
[2023-05-01T17:13:09.201+0000] {logging_mixin.py:137} INFO - [2023-05-01T17:13:09.200+0000] {dagbag.py:532} INFO - Filling up the DagBag from /opt/airflow/dags/example-dag-basic.py
[2023-05-01T17:13:09.310+0000] {processor.py:753} INFO - DAG(s) dict_keys(['example_dag_basic']) retrieved from /opt/airflow/dags/example-dag-basic.py
[2023-05-01T17:13:09.372+0000] {logging_mixin.py:137} INFO - [2023-05-01T17:13:09.372+0000] {dag.py:2705} INFO - Sync 1 DAGs
[2023-05-01T17:13:09.424+0000] {logging_mixin.py:137} INFO - [2023-05-01T17:13:09.424+0000] {dag.py:3456} INFO - Setting next_dagrun for example_dag_basic to 2023-04-30T00:00:00+00:00, run_after=2023-05-01T00:00:00+00:00
[2023-05-01T17:13:09.466+0000] {processor.py:175} INFO - Processing /opt/airflow/dags/example-dag-basic.py took 0.282 seconds
[2023-05-01T17:13:26.017+0000] {processor.py:153} INFO - Started process (PID=33) to work on /opt/airflow/dags/example-dag-basic.py
[2023-05-01T17:13:26.026+0000] {processor.py:743} INFO - Processing file /opt/airflow/dags/example-dag-basic.py for tasks to queue
[2023-05-01T17:13:26.027+0000] {logging_mixin.py:137} INFO - [2023-05-01T17:13:26.027+0000] {dagbag.py:532} INFO - Filling up the DagBag from /opt/airflow/dags/example-dag-basic.py
[2023-05-01T17:13:26.127+0000] {processor.py:753} INFO - DAG(s) dict_keys(['example_dag_basic']) retrieved from /opt/airflow/dags/example-dag-basic.py
[2023-05-01T17:13:36.556+0000] {processor.py:153} INFO - Started process (PID=34) to work on /opt/airflow/dags/example-dag-basic.py
[2023-05-01T17:13:36.557+0000] {processor.py:743} INFO - Processing file /opt/airflow/dags/example-dag-basic.py for tasks to queue
[2023-05-01T17:13:36.560+0000] {logging_mixin.py:137} INFO - [2023-05-01T17:13:36.559+0000] {dagbag.py:532} INFO - Filling up the DagBag from /opt/airflow/dags/example-dag-basic.py
[2023-05-01T17:13:55.681+0000] {processor.py:153} INFO - Started process (PID=33) to work on /opt/airflow/dags/example-dag-basic.py
[2023-05-01T17:13:55.698+0000] {processor.py:743} INFO - Processing file /opt/airflow/dags/example-dag-basic.py for tasks to queue
[2023-05-01T17:13:55.700+0000] {logging_mixin.py:137} INFO - [2023-05-01T17:13:55.700+0000] {dagbag.py:532} INFO - Filling up the DagBag from /opt/airflow/dags/example-dag-basic.py
[2023-05-01T17:13:55.873+0000] {processor.py:753} INFO - DAG(s) dict_keys(['example_dag_basic']) retrieved from /opt/airflow/dags/example-dag-basic.py
[2023-05-01T17:14:15.183+0000] {processor.py:153} INFO - Started process (PID=33) to work on /opt/airflow/dags/example-dag-basic.py
[2023-05-01T17:14:15.194+0000] {processor.py:743} INFO - Processing file /opt/airflow/dags/example-dag-basic.py for tasks to queue
[2023-05-01T17:14:15.195+0000] {logging_mixin.py:137} INFO - [2023-05-01T17:14:15.195+0000] {dagbag.py:532} INFO - Filling up the DagBag from /opt/airflow/dags/example-dag-basic.py
[2023-05-01T17:14:27.351+0000] {processor.py:153} INFO - Started process (PID=33) to work on /opt/airflow/dags/example-dag-basic.py
[2023-05-01T17:14:27.353+0000] {processor.py:743} INFO - Processing file /opt/airflow/dags/example-dag-basic.py for tasks to queue
[2023-05-01T17:14:27.356+0000] {logging_mixin.py:137} INFO - [2023-05-01T17:14:27.356+0000] {dagbag.py:532} INFO - Filling up the DagBag from /opt/airflow/dags/example-dag-basic.py
[2023-05-01T17:14:27.426+0000] {processor.py:753} INFO - DAG(s) dict_keys(['example_dag_basic']) retrieved from /opt/airflow/dags/example-dag-basic.py
[2023-05-01T17:14:28.617+0000] {logging_mixin.py:137} INFO - [2023-05-01T17:14:28.615+0000] {dag.py:2705} INFO - Sync 1 DAGs
[2023-05-01T17:14:31.449+0000] {logging_mixin.py:137} INFO - [2023-05-01T17:14:31.449+0000] {dag.py:3456} INFO - Setting next_dagrun for example_dag_basic to 2023-04-30T00:00:00+00:00, run_after=2023-05-01T00:00:00+00:00
[2023-05-01T17:14:31.495+0000] {processor.py:175} INFO - Processing /opt/airflow/dags/example-dag-basic.py took 4.149 seconds
[2023-05-01T17:15:14.116+0000] {processor.py:153} INFO - Started process (PID=33) to work on /opt/airflow/dags/example-dag-basic.py
[2023-05-01T17:15:14.123+0000] {processor.py:743} INFO - Processing file /opt/airflow/dags/example-dag-basic.py for tasks to queue
[2023-05-01T17:15:14.128+0000] {logging_mixin.py:137} INFO - [2023-05-01T17:15:14.128+0000] {dagbag.py:532} INFO - Filling up the DagBag from /opt/airflow/dags/example-dag-basic.py
[2023-05-01T17:15:23.115+0000] {processor.py:153} INFO - Started process (PID=32) to work on /opt/airflow/dags/example-dag-basic.py
[2023-05-01T17:15:23.132+0000] {processor.py:743} INFO - Processing file /opt/airflow/dags/example-dag-basic.py for tasks to queue
[2023-05-01T17:15:23.136+0000] {logging_mixin.py:137} INFO - [2023-05-01T17:15:23.134+0000] {dagbag.py:532} INFO - Filling up the DagBag from /opt/airflow/dags/example-dag-basic.py
[2023-05-01T17:15:37.156+0000] {processor.py:153} INFO - Started process (PID=33) to work on /opt/airflow/dags/example-dag-basic.py
[2023-05-01T17:15:37.159+0000] {processor.py:743} INFO - Processing file /opt/airflow/dags/example-dag-basic.py for tasks to queue
[2023-05-01T17:15:37.160+0000] {logging_mixin.py:137} INFO - [2023-05-01T17:15:37.160+0000] {dagbag.py:532} INFO - Filling up the DagBag from /opt/airflow/dags/example-dag-basic.py
[2023-05-01T17:15:37.263+0000] {processor.py:753} INFO - DAG(s) dict_keys(['example_dag_basic']) retrieved from /opt/airflow/dags/example-dag-basic.py
[2023-05-01T17:15:37.369+0000] {logging_mixin.py:137} INFO - [2023-05-01T17:15:37.369+0000] {dag.py:2705} INFO - Sync 1 DAGs
[2023-05-01T17:15:37.404+0000] {logging_mixin.py:137} INFO - [2023-05-01T17:15:37.404+0000] {dag.py:3456} INFO - Setting next_dagrun for example_dag_basic to 2023-04-30T00:00:00+00:00, run_after=2023-05-01T00:00:00+00:00
[2023-05-01T17:15:37.454+0000] {processor.py:175} INFO - Processing /opt/airflow/dags/example-dag-basic.py took 0.306 seconds
[2023-05-01T17:18:36.721+0000] {processor.py:153} INFO - Started process (PID=33) to work on /opt/airflow/dags/example-dag-basic.py
[2023-05-01T17:18:36.723+0000] {processor.py:743} INFO - Processing file /opt/airflow/dags/example-dag-basic.py for tasks to queue
[2023-05-01T17:18:36.724+0000] {logging_mixin.py:137} INFO - [2023-05-01T17:18:36.724+0000] {dagbag.py:532} INFO - Filling up the DagBag from /opt/airflow/dags/example-dag-basic.py
[2023-05-01T17:20:30.845+0000] {processor.py:153} INFO - Started process (PID=36) to work on /opt/airflow/dags/example-dag-basic.py
[2023-05-01T17:20:30.894+0000] {processor.py:743} INFO - Processing file /opt/airflow/dags/example-dag-basic.py for tasks to queue
[2023-05-01T17:20:30.935+0000] {logging_mixin.py:137} INFO - [2023-05-01T17:20:30.927+0000] {dagbag.py:532} INFO - Filling up the DagBag from /opt/airflow/dags/example-dag-basic.py
[2023-05-01T17:20:50.049+0000] {processor.py:153} INFO - Started process (PID=33) to work on /opt/airflow/dags/example-dag-basic.py
[2023-05-01T17:20:50.052+0000] {processor.py:743} INFO - Processing file /opt/airflow/dags/example-dag-basic.py for tasks to queue
[2023-05-01T17:20:50.052+0000] {logging_mixin.py:137} INFO - [2023-05-01T17:20:50.052+0000] {dagbag.py:532} INFO - Filling up the DagBag from /opt/airflow/dags/example-dag-basic.py
[2023-05-01T17:21:01.736+0000] {processor.py:153} INFO - Started process (PID=33) to work on /opt/airflow/dags/example-dag-basic.py
[2023-05-01T17:21:01.744+0000] {processor.py:743} INFO - Processing file /opt/airflow/dags/example-dag-basic.py for tasks to queue
[2023-05-01T17:21:01.746+0000] {logging_mixin.py:137} INFO - [2023-05-01T17:21:01.745+0000] {dagbag.py:532} INFO - Filling up the DagBag from /opt/airflow/dags/example-dag-basic.py
[2023-05-01T17:21:01.913+0000] {processor.py:753} INFO - DAG(s) dict_keys(['example_dag_basic']) retrieved from /opt/airflow/dags/example-dag-basic.py
[2023-05-01T17:21:13.344+0000] {processor.py:153} INFO - Started process (PID=34) to work on /opt/airflow/dags/example-dag-basic.py
[2023-05-01T17:21:13.346+0000] {processor.py:743} INFO - Processing file /opt/airflow/dags/example-dag-basic.py for tasks to queue
[2023-05-01T17:21:13.347+0000] {logging_mixin.py:137} INFO - [2023-05-01T17:21:13.347+0000] {dagbag.py:532} INFO - Filling up the DagBag from /opt/airflow/dags/example-dag-basic.py
[2023-05-01T17:21:13.419+0000] {processor.py:753} INFO - DAG(s) dict_keys(['example_dag_basic']) retrieved from /opt/airflow/dags/example-dag-basic.py
[2023-05-01T17:21:13.589+0000] {logging_mixin.py:137} INFO - [2023-05-01T17:21:13.586+0000] {dag.py:2705} INFO - Sync 1 DAGs
[2023-05-01T17:21:15.679+0000] {logging_mixin.py:137} INFO - [2023-05-01T17:21:15.665+0000] {dag.py:3456} INFO - Setting next_dagrun for example_dag_basic to 2023-04-30T00:00:00+00:00, run_after=2023-05-01T00:00:00+00:00
[2023-05-01T17:21:33.608+0000] {processor.py:153} INFO - Started process (PID=33) to work on /opt/airflow/dags/example-dag-basic.py
[2023-05-01T17:21:33.610+0000] {processor.py:743} INFO - Processing file /opt/airflow/dags/example-dag-basic.py for tasks to queue
[2023-05-01T17:21:33.611+0000] {logging_mixin.py:137} INFO - [2023-05-01T17:21:33.611+0000] {dagbag.py:532} INFO - Filling up the DagBag from /opt/airflow/dags/example-dag-basic.py
[2023-05-01T17:21:33.713+0000] {processor.py:753} INFO - DAG(s) dict_keys(['example_dag_basic']) retrieved from /opt/airflow/dags/example-dag-basic.py
[2023-05-01T17:21:33.760+0000] {logging_mixin.py:137} INFO - [2023-05-01T17:21:33.760+0000] {dag.py:2705} INFO - Sync 1 DAGs
[2023-05-01T17:21:33.796+0000] {logging_mixin.py:137} INFO - [2023-05-01T17:21:33.795+0000] {dag.py:3456} INFO - Setting next_dagrun for example_dag_basic to 2023-04-30T00:00:00+00:00, run_after=2023-05-01T00:00:00+00:00
[2023-05-01T17:21:33.916+0000] {processor.py:175} INFO - Processing /opt/airflow/dags/example-dag-basic.py took 0.316 seconds
[2023-05-01T17:22:42.894+0000] {processor.py:153} INFO - Started process (PID=35) to work on /opt/airflow/dags/example-dag-basic.py
[2023-05-01T17:22:42.903+0000] {processor.py:743} INFO - Processing file /opt/airflow/dags/example-dag-basic.py for tasks to queue
[2023-05-01T17:22:42.909+0000] {logging_mixin.py:137} INFO - [2023-05-01T17:22:42.909+0000] {dagbag.py:532} INFO - Filling up the DagBag from /opt/airflow/dags/example-dag-basic.py
[2023-05-01T17:22:43.217+0000] {processor.py:753} INFO - DAG(s) dict_keys(['example_dag_basic']) retrieved from /opt/airflow/dags/example-dag-basic.py
[2023-05-01T17:23:16.053+0000] {processor.py:153} INFO - Started process (PID=33) to work on /opt/airflow/dags/example-dag-basic.py
[2023-05-01T17:23:16.082+0000] {processor.py:743} INFO - Processing file /opt/airflow/dags/example-dag-basic.py for tasks to queue
[2023-05-01T17:23:16.088+0000] {logging_mixin.py:137} INFO - [2023-05-01T17:23:16.088+0000] {dagbag.py:532} INFO - Filling up the DagBag from /opt/airflow/dags/example-dag-basic.py
[2023-05-01T17:23:16.250+0000] {processor.py:753} INFO - DAG(s) dict_keys(['example_dag_basic']) retrieved from /opt/airflow/dags/example-dag-basic.py
[2023-05-01T17:23:16.666+0000] {logging_mixin.py:137} INFO - [2023-05-01T17:23:16.665+0000] {dag.py:2705} INFO - Sync 1 DAGs
[2023-05-01T17:23:19.751+0000] {logging_mixin.py:137} INFO - [2023-05-01T17:23:19.751+0000] {dag.py:3456} INFO - Setting next_dagrun for example_dag_basic to 2023-04-30T00:00:00+00:00, run_after=2023-05-01T00:00:00+00:00
[2023-05-01T17:23:19.845+0000] {processor.py:175} INFO - Processing /opt/airflow/dags/example-dag-basic.py took 3.823 seconds
[2023-05-01T17:23:45.144+0000] {processor.py:153} INFO - Started process (PID=39) to work on /opt/airflow/dags/example-dag-basic.py
[2023-05-01T17:23:45.148+0000] {processor.py:743} INFO - Processing file /opt/airflow/dags/example-dag-basic.py for tasks to queue
[2023-05-01T17:23:45.149+0000] {logging_mixin.py:137} INFO - [2023-05-01T17:23:45.149+0000] {dagbag.py:532} INFO - Filling up the DagBag from /opt/airflow/dags/example-dag-basic.py
[2023-05-01T17:23:45.236+0000] {processor.py:753} INFO - DAG(s) dict_keys(['example_dag_basic']) retrieved from /opt/airflow/dags/example-dag-basic.py
[2023-05-01T17:23:45.291+0000] {logging_mixin.py:137} INFO - [2023-05-01T17:23:45.290+0000] {dag.py:2705} INFO - Sync 1 DAGs
[2023-05-01T17:23:45.326+0000] {logging_mixin.py:137} INFO - [2023-05-01T17:23:45.326+0000] {dag.py:3456} INFO - Setting next_dagrun for example_dag_basic to 2023-04-30T00:00:00+00:00, run_after=2023-05-01T00:00:00+00:00
[2023-05-01T17:23:47.156+0000] {processor.py:175} INFO - Processing /opt/airflow/dags/example-dag-basic.py took 2.014 seconds
[2023-05-01T17:24:20.300+0000] {processor.py:153} INFO - Started process (PID=33) to work on /opt/airflow/dags/example-dag-basic.py
[2023-05-01T17:24:20.302+0000] {processor.py:743} INFO - Processing file /opt/airflow/dags/example-dag-basic.py for tasks to queue
[2023-05-01T17:24:20.307+0000] {logging_mixin.py:137} INFO - [2023-05-01T17:24:20.307+0000] {dagbag.py:532} INFO - Filling up the DagBag from /opt/airflow/dags/example-dag-basic.py
[2023-05-01T17:24:20.395+0000] {processor.py:753} INFO - DAG(s) dict_keys(['example_dag_basic']) retrieved from /opt/airflow/dags/example-dag-basic.py
[2023-05-01T17:24:20.574+0000] {logging_mixin.py:137} INFO - [2023-05-01T17:24:20.573+0000] {dag.py:2705} INFO - Sync 1 DAGs
[2023-05-01T17:24:32.916+0000] {processor.py:153} INFO - Started process (PID=34) to work on /opt/airflow/dags/example-dag-basic.py
[2023-05-01T17:24:32.926+0000] {processor.py:743} INFO - Processing file /opt/airflow/dags/example-dag-basic.py for tasks to queue
[2023-05-01T17:24:32.932+0000] {logging_mixin.py:137} INFO - [2023-05-01T17:24:32.932+0000] {dagbag.py:532} INFO - Filling up the DagBag from /opt/airflow/dags/example-dag-basic.py
[2023-05-01T17:24:40.565+0000] {processor.py:153} INFO - Started process (PID=33) to work on /opt/airflow/dags/example-dag-basic.py
[2023-05-01T17:24:40.577+0000] {processor.py:743} INFO - Processing file /opt/airflow/dags/example-dag-basic.py for tasks to queue
[2023-05-01T17:24:40.591+0000] {logging_mixin.py:137} INFO - [2023-05-01T17:24:40.591+0000] {dagbag.py:532} INFO - Filling up the DagBag from /opt/airflow/dags/example-dag-basic.py
[2023-05-01T17:24:58.550+0000] {processor.py:153} INFO - Started process (PID=33) to work on /opt/airflow/dags/example-dag-basic.py
[2023-05-01T17:24:58.553+0000] {processor.py:743} INFO - Processing file /opt/airflow/dags/example-dag-basic.py for tasks to queue
[2023-05-01T17:24:58.556+0000] {logging_mixin.py:137} INFO - [2023-05-01T17:24:58.556+0000] {dagbag.py:532} INFO - Filling up the DagBag from /opt/airflow/dags/example-dag-basic.py
[2023-05-01T17:25:05.747+0000] {processor.py:153} INFO - Started process (PID=34) to work on /opt/airflow/dags/example-dag-basic.py
[2023-05-01T17:25:05.747+0000] {processor.py:743} INFO - Processing file /opt/airflow/dags/example-dag-basic.py for tasks to queue
[2023-05-01T17:25:05.748+0000] {logging_mixin.py:137} INFO - [2023-05-01T17:25:05.748+0000] {dagbag.py:532} INFO - Filling up the DagBag from /opt/airflow/dags/example-dag-basic.py
[2023-05-01T17:25:05.853+0000] {processor.py:753} INFO - DAG(s) dict_keys(['example_dag_basic']) retrieved from /opt/airflow/dags/example-dag-basic.py
[2023-05-01T17:25:05.909+0000] {logging_mixin.py:137} INFO - [2023-05-01T17:25:05.909+0000] {dag.py:2705} INFO - Sync 1 DAGs
[2023-05-01T17:25:05.952+0000] {logging_mixin.py:137} INFO - [2023-05-01T17:25:05.952+0000] {dag.py:3456} INFO - Setting next_dagrun for example_dag_basic to 2023-04-30T00:00:00+00:00, run_after=2023-05-01T00:00:00+00:00
[2023-05-01T17:25:05.979+0000] {processor.py:175} INFO - Processing /opt/airflow/dags/example-dag-basic.py took 0.234 seconds
[2023-05-01T17:25:08.036+0000] {processor.py:153} INFO - Started process (PID=55) to work on /opt/airflow/dags/example-dag-basic.py
[2023-05-01T17:25:08.036+0000] {processor.py:743} INFO - Processing file /opt/airflow/dags/example-dag-basic.py for tasks to queue
[2023-05-01T17:25:08.038+0000] {logging_mixin.py:137} INFO - [2023-05-01T17:25:08.038+0000] {dagbag.py:532} INFO - Filling up the DagBag from /opt/airflow/dags/example-dag-basic.py
[2023-05-01T17:25:08.087+0000] {processor.py:753} INFO - DAG(s) dict_keys(['example_dag_basic']) retrieved from /opt/airflow/dags/example-dag-basic.py
[2023-05-01T17:25:08.127+0000] {logging_mixin.py:137} INFO - [2023-05-01T17:25:08.127+0000] {dag.py:2705} INFO - Sync 1 DAGs
[2023-05-01T17:25:17.372+0000] {processor.py:153} INFO - Started process (PID=33) to work on /opt/airflow/dags/example-dag-basic.py
[2023-05-01T17:25:17.373+0000] {processor.py:743} INFO - Processing file /opt/airflow/dags/example-dag-basic.py for tasks to queue
[2023-05-01T17:25:17.374+0000] {logging_mixin.py:137} INFO - [2023-05-01T17:25:17.374+0000] {dagbag.py:532} INFO - Filling up the DagBag from /opt/airflow/dags/example-dag-basic.py
[2023-05-01T17:25:17.445+0000] {processor.py:753} INFO - DAG(s) dict_keys(['example_dag_basic']) retrieved from /opt/airflow/dags/example-dag-basic.py
[2023-05-01T17:25:17.629+0000] {logging_mixin.py:137} INFO - [2023-05-01T17:25:17.628+0000] {dag.py:2705} INFO - Sync 1 DAGs
[2023-05-01T17:25:18.533+0000] {logging_mixin.py:137} INFO - [2023-05-01T17:25:18.533+0000] {dag.py:3456} INFO - Setting next_dagrun for example_dag_basic to 2023-04-30T00:00:00+00:00, run_after=2023-05-01T00:00:00+00:00
[2023-05-01T17:25:18.646+0000] {processor.py:175} INFO - Processing /opt/airflow/dags/example-dag-basic.py took 1.282 seconds
[2023-05-01T17:25:37.909+0000] {processor.py:153} INFO - Started process (PID=33) to work on /opt/airflow/dags/example-dag-basic.py
[2023-05-01T17:25:37.913+0000] {processor.py:743} INFO - Processing file /opt/airflow/dags/example-dag-basic.py for tasks to queue
[2023-05-01T17:25:37.917+0000] {logging_mixin.py:137} INFO - [2023-05-01T17:25:37.917+0000] {dagbag.py:532} INFO - Filling up the DagBag from /opt/airflow/dags/example-dag-basic.py
[2023-05-01T17:25:38.021+0000] {processor.py:753} INFO - DAG(s) dict_keys(['example_dag_basic']) retrieved from /opt/airflow/dags/example-dag-basic.py
[2023-05-01T17:25:43.761+0000] {logging_mixin.py:137} INFO - [2023-05-01T17:25:43.760+0000] {dag.py:2705} INFO - Sync 1 DAGs
[2023-05-01T17:25:43.802+0000] {logging_mixin.py:137} INFO - [2023-05-01T17:25:43.801+0000] {dag.py:3456} INFO - Setting next_dagrun for example_dag_basic to 2023-04-30T00:00:00+00:00, run_after=2023-05-01T00:00:00+00:00
[2023-05-01T17:26:03.139+0000] {processor.py:153} INFO - Started process (PID=34) to work on /opt/airflow/dags/example-dag-basic.py
[2023-05-01T17:26:03.141+0000] {processor.py:743} INFO - Processing file /opt/airflow/dags/example-dag-basic.py for tasks to queue
[2023-05-01T17:26:03.141+0000] {logging_mixin.py:137} INFO - [2023-05-01T17:26:03.141+0000] {dagbag.py:532} INFO - Filling up the DagBag from /opt/airflow/dags/example-dag-basic.py
[2023-05-01T17:26:03.291+0000] {processor.py:753} INFO - DAG(s) dict_keys(['example_dag_basic']) retrieved from /opt/airflow/dags/example-dag-basic.py
[2023-05-01T17:26:17.732+0000] {processor.py:153} INFO - Started process (PID=34) to work on /opt/airflow/dags/example-dag-basic.py
[2023-05-01T17:26:17.742+0000] {processor.py:743} INFO - Processing file /opt/airflow/dags/example-dag-basic.py for tasks to queue
[2023-05-01T17:26:17.745+0000] {logging_mixin.py:137} INFO - [2023-05-01T17:26:17.744+0000] {dagbag.py:532} INFO - Filling up the DagBag from /opt/airflow/dags/example-dag-basic.py
[2023-05-01T17:26:17.867+0000] {processor.py:753} INFO - DAG(s) dict_keys(['example_dag_basic']) retrieved from /opt/airflow/dags/example-dag-basic.py
[2023-05-01T17:26:18.028+0000] {logging_mixin.py:137} INFO - [2023-05-01T17:26:18.023+0000] {dag.py:2705} INFO - Sync 1 DAGs
[2023-05-01T17:26:18.399+0000] {logging_mixin.py:137} INFO - [2023-05-01T17:26:18.386+0000] {dag.py:3456} INFO - Setting next_dagrun for example_dag_basic to 2023-04-30T00:00:00+00:00, run_after=2023-05-01T00:00:00+00:00
[2023-05-01T17:31:44.626+0000] {processor.py:153} INFO - Started process (PID=32) to work on /opt/airflow/dags/example-dag-basic.py
[2023-05-01T17:31:44.627+0000] {processor.py:743} INFO - Processing file /opt/airflow/dags/example-dag-basic.py for tasks to queue
[2023-05-01T17:31:44.627+0000] {logging_mixin.py:137} INFO - [2023-05-01T17:31:44.627+0000] {dagbag.py:532} INFO - Filling up the DagBag from /opt/airflow/dags/example-dag-basic.py
[2023-05-01T17:31:44.677+0000] {processor.py:753} INFO - DAG(s) dict_keys(['example_dag_basic']) retrieved from /opt/airflow/dags/example-dag-basic.py
[2023-05-01T17:31:44.752+0000] {logging_mixin.py:137} INFO - [2023-05-01T17:31:44.751+0000] {dag.py:2705} INFO - Sync 1 DAGs
[2023-05-01T17:31:44.785+0000] {logging_mixin.py:137} INFO - [2023-05-01T17:31:44.784+0000] {dag.py:3456} INFO - Setting next_dagrun for example_dag_basic to 2023-04-30T00:00:00+00:00, run_after=2023-05-01T00:00:00+00:00
[2023-05-01T17:31:44.876+0000] {processor.py:175} INFO - Processing /opt/airflow/dags/example-dag-basic.py took 0.268 seconds
[2023-05-01T17:32:04.140+0000] {processor.py:153} INFO - Started process (PID=32) to work on /opt/airflow/dags/example-dag-basic.py
[2023-05-01T17:32:04.141+0000] {processor.py:743} INFO - Processing file /opt/airflow/dags/example-dag-basic.py for tasks to queue
[2023-05-01T17:32:04.148+0000] {logging_mixin.py:137} INFO - [2023-05-01T17:32:04.148+0000] {dagbag.py:532} INFO - Filling up the DagBag from /opt/airflow/dags/example-dag-basic.py
[2023-05-01T17:32:04.224+0000] {processor.py:753} INFO - DAG(s) dict_keys(['example_dag_basic']) retrieved from /opt/airflow/dags/example-dag-basic.py
[2023-05-01T17:32:07.416+0000] {logging_mixin.py:137} INFO - [2023-05-01T17:32:07.412+0000] {dag.py:2705} INFO - Sync 1 DAGs
[2023-05-01T17:32:41.644+0000] {processor.py:153} INFO - Started process (PID=33) to work on /opt/airflow/dags/example-dag-basic.py
[2023-05-01T17:32:41.645+0000] {processor.py:743} INFO - Processing file /opt/airflow/dags/example-dag-basic.py for tasks to queue
[2023-05-01T17:32:41.646+0000] {logging_mixin.py:137} INFO - [2023-05-01T17:32:41.646+0000] {dagbag.py:532} INFO - Filling up the DagBag from /opt/airflow/dags/example-dag-basic.py
[2023-05-01T17:32:41.699+0000] {processor.py:753} INFO - DAG(s) dict_keys(['example_dag_basic']) retrieved from /opt/airflow/dags/example-dag-basic.py
[2023-05-01T17:32:41.780+0000] {logging_mixin.py:137} INFO - [2023-05-01T17:32:41.779+0000] {dag.py:2705} INFO - Sync 1 DAGs
[2023-05-01T17:32:41.805+0000] {logging_mixin.py:137} INFO - [2023-05-01T17:32:41.805+0000] {dag.py:3456} INFO - Setting next_dagrun for example_dag_basic to 2023-04-30T00:00:00+00:00, run_after=2023-05-01T00:00:00+00:00
[2023-05-01T17:32:41.875+0000] {processor.py:175} INFO - Processing /opt/airflow/dags/example-dag-basic.py took 0.233 seconds
[2023-05-01T17:34:14.829+0000] {processor.py:153} INFO - Started process (PID=33) to work on /opt/airflow/dags/example-dag-basic.py
[2023-05-01T17:34:14.834+0000] {processor.py:743} INFO - Processing file /opt/airflow/dags/example-dag-basic.py for tasks to queue
[2023-05-01T17:34:14.837+0000] {logging_mixin.py:137} INFO - [2023-05-01T17:34:14.837+0000] {dagbag.py:532} INFO - Filling up the DagBag from /opt/airflow/dags/example-dag-basic.py
[2023-05-01T17:34:22.118+0000] {processor.py:153} INFO - Started process (PID=36) to work on /opt/airflow/dags/example-dag-basic.py
[2023-05-01T17:34:22.127+0000] {processor.py:743} INFO - Processing file /opt/airflow/dags/example-dag-basic.py for tasks to queue
[2023-05-01T17:34:22.179+0000] {logging_mixin.py:137} INFO - [2023-05-01T17:34:22.155+0000] {dagbag.py:532} INFO - Filling up the DagBag from /opt/airflow/dags/example-dag-basic.py
[2023-05-01T17:34:31.321+0000] {processor.py:153} INFO - Started process (PID=33) to work on /opt/airflow/dags/example-dag-basic.py
[2023-05-01T17:34:31.373+0000] {processor.py:743} INFO - Processing file /opt/airflow/dags/example-dag-basic.py for tasks to queue
[2023-05-01T17:34:31.460+0000] {logging_mixin.py:137} INFO - [2023-05-01T17:34:31.433+0000] {dagbag.py:532} INFO - Filling up the DagBag from /opt/airflow/dags/example-dag-basic.py
[2023-05-01T17:34:42.061+0000] {processor.py:153} INFO - Started process (PID=33) to work on /opt/airflow/dags/example-dag-basic.py
[2023-05-01T17:34:42.064+0000] {processor.py:743} INFO - Processing file /opt/airflow/dags/example-dag-basic.py for tasks to queue
[2023-05-01T17:34:42.065+0000] {logging_mixin.py:137} INFO - [2023-05-01T17:34:42.065+0000] {dagbag.py:532} INFO - Filling up the DagBag from /opt/airflow/dags/example-dag-basic.py
[2023-05-01T17:34:42.219+0000] {processor.py:753} INFO - DAG(s) dict_keys(['example_dag_basic']) retrieved from /opt/airflow/dags/example-dag-basic.py
[2023-05-01T17:34:52.595+0000] {processor.py:153} INFO - Started process (PID=34) to work on /opt/airflow/dags/example-dag-basic.py
[2023-05-01T17:34:52.596+0000] {processor.py:743} INFO - Processing file /opt/airflow/dags/example-dag-basic.py for tasks to queue
[2023-05-01T17:34:52.599+0000] {logging_mixin.py:137} INFO - [2023-05-01T17:34:52.599+0000] {dagbag.py:532} INFO - Filling up the DagBag from /opt/airflow/dags/example-dag-basic.py
[2023-05-01T17:34:52.635+0000] {processor.py:753} INFO - DAG(s) dict_keys(['example_dag_basic']) retrieved from /opt/airflow/dags/example-dag-basic.py
[2023-05-01T17:34:52.756+0000] {logging_mixin.py:137} INFO - [2023-05-01T17:34:52.755+0000] {dag.py:2705} INFO - Sync 1 DAGs
[2023-05-01T17:34:52.920+0000] {logging_mixin.py:137} INFO - [2023-05-01T17:34:52.916+0000] {dag.py:3456} INFO - Setting next_dagrun for example_dag_basic to 2023-04-30T00:00:00+00:00, run_after=2023-05-01T00:00:00+00:00
[2023-05-01T17:34:54.955+0000] {processor.py:175} INFO - Processing /opt/airflow/dags/example-dag-basic.py took 2.362 seconds
[2023-05-01T17:35:22.604+0000] {processor.py:153} INFO - Started process (PID=33) to work on /opt/airflow/dags/example-dag-basic.py
[2023-05-01T17:35:24.202+0000] {processor.py:743} INFO - Processing file /opt/airflow/dags/example-dag-basic.py for tasks to queue
[2023-05-01T17:35:32.792+0000] {processor.py:153} INFO - Started process (PID=33) to work on /opt/airflow/dags/example-dag-basic.py
[2023-05-01T17:35:32.798+0000] {processor.py:743} INFO - Processing file /opt/airflow/dags/example-dag-basic.py for tasks to queue
[2023-05-01T17:35:32.801+0000] {logging_mixin.py:137} INFO - [2023-05-01T17:35:32.801+0000] {dagbag.py:532} INFO - Filling up the DagBag from /opt/airflow/dags/example-dag-basic.py
[2023-05-01T17:35:45.604+0000] {processor.py:153} INFO - Started process (PID=33) to work on /opt/airflow/dags/example-dag-basic.py
[2023-05-01T17:35:54.032+0000] {processor.py:153} INFO - Started process (PID=34) to work on /opt/airflow/dags/example-dag-basic.py
[2023-05-01T17:35:54.039+0000] {processor.py:743} INFO - Processing file /opt/airflow/dags/example-dag-basic.py for tasks to queue
[2023-05-01T17:35:54.040+0000] {logging_mixin.py:137} INFO - [2023-05-01T17:35:54.040+0000] {dagbag.py:532} INFO - Filling up the DagBag from /opt/airflow/dags/example-dag-basic.py
[2023-05-01T17:35:55.480+0000] {processor.py:753} INFO - DAG(s) dict_keys(['example_dag_basic']) retrieved from /opt/airflow/dags/example-dag-basic.py
[2023-05-01T17:36:05.475+0000] {processor.py:153} INFO - Started process (PID=33) to work on /opt/airflow/dags/example-dag-basic.py
[2023-05-01T17:36:05.476+0000] {processor.py:743} INFO - Processing file /opt/airflow/dags/example-dag-basic.py for tasks to queue
[2023-05-01T17:36:05.482+0000] {logging_mixin.py:137} INFO - [2023-05-01T17:36:05.481+0000] {dagbag.py:532} INFO - Filling up the DagBag from /opt/airflow/dags/example-dag-basic.py
[2023-05-01T17:36:05.560+0000] {processor.py:753} INFO - DAG(s) dict_keys(['example_dag_basic']) retrieved from /opt/airflow/dags/example-dag-basic.py
[2023-05-01T17:36:06.954+0000] {logging_mixin.py:137} INFO - [2023-05-01T17:36:06.920+0000] {dag.py:2705} INFO - Sync 1 DAGs
[2023-05-01T17:36:45.624+0000] {processor.py:153} INFO - Started process (PID=33) to work on /opt/airflow/dags/example-dag-basic.py
[2023-05-01T17:36:45.649+0000] {processor.py:743} INFO - Processing file /opt/airflow/dags/example-dag-basic.py for tasks to queue
[2023-05-01T17:36:45.650+0000] {logging_mixin.py:137} INFO - [2023-05-01T17:36:45.650+0000] {dagbag.py:532} INFO - Filling up the DagBag from /opt/airflow/dags/example-dag-basic.py
[2023-05-01T17:36:45.853+0000] {processor.py:753} INFO - DAG(s) dict_keys(['example_dag_basic']) retrieved from /opt/airflow/dags/example-dag-basic.py
[2023-05-01T17:36:45.950+0000] {logging_mixin.py:137} INFO - [2023-05-01T17:36:45.950+0000] {dag.py:2705} INFO - Sync 1 DAGs
[2023-05-01T17:36:46.016+0000] {logging_mixin.py:137} INFO - [2023-05-01T17:36:46.016+0000] {dag.py:3456} INFO - Setting next_dagrun for example_dag_basic to 2023-04-30T00:00:00+00:00, run_after=2023-05-01T00:00:00+00:00
[2023-05-01T17:36:46.066+0000] {processor.py:175} INFO - Processing /opt/airflow/dags/example-dag-basic.py took 0.447 seconds
[2023-05-01T17:37:23.511+0000] {processor.py:153} INFO - Started process (PID=33) to work on /opt/airflow/dags/example-dag-basic.py
[2023-05-01T17:37:23.515+0000] {processor.py:743} INFO - Processing file /opt/airflow/dags/example-dag-basic.py for tasks to queue
[2023-05-01T17:37:23.518+0000] {logging_mixin.py:137} INFO - [2023-05-01T17:37:23.518+0000] {dagbag.py:532} INFO - Filling up the DagBag from /opt/airflow/dags/example-dag-basic.py
[2023-05-01T17:37:23.666+0000] {processor.py:753} INFO - DAG(s) dict_keys(['example_dag_basic']) retrieved from /opt/airflow/dags/example-dag-basic.py
[2023-05-01T17:37:42.123+0000] {processor.py:153} INFO - Started process (PID=34) to work on /opt/airflow/dags/example-dag-basic.py
[2023-05-01T17:37:42.124+0000] {processor.py:743} INFO - Processing file /opt/airflow/dags/example-dag-basic.py for tasks to queue
[2023-05-01T17:37:42.126+0000] {logging_mixin.py:137} INFO - [2023-05-01T17:37:42.125+0000] {dagbag.py:532} INFO - Filling up the DagBag from /opt/airflow/dags/example-dag-basic.py
[2023-05-01T17:37:42.195+0000] {processor.py:753} INFO - DAG(s) dict_keys(['example_dag_basic']) retrieved from /opt/airflow/dags/example-dag-basic.py
[2023-05-01T17:37:42.287+0000] {logging_mixin.py:137} INFO - [2023-05-01T17:37:42.287+0000] {dag.py:2705} INFO - Sync 1 DAGs
[2023-05-01T17:37:42.314+0000] {logging_mixin.py:137} INFO - [2023-05-01T17:37:42.314+0000] {dag.py:3456} INFO - Setting next_dagrun for example_dag_basic to 2023-04-30T00:00:00+00:00, run_after=2023-05-01T00:00:00+00:00
[2023-05-01T17:37:42.326+0000] {processor.py:175} INFO - Processing /opt/airflow/dags/example-dag-basic.py took 0.204 seconds
[2023-05-01T17:38:13.915+0000] {processor.py:153} INFO - Started process (PID=34) to work on /opt/airflow/dags/example-dag-basic.py
[2023-05-01T17:38:13.922+0000] {processor.py:743} INFO - Processing file /opt/airflow/dags/example-dag-basic.py for tasks to queue
[2023-05-01T17:38:13.923+0000] {logging_mixin.py:137} INFO - [2023-05-01T17:38:13.923+0000] {dagbag.py:532} INFO - Filling up the DagBag from /opt/airflow/dags/example-dag-basic.py
[2023-05-01T17:38:13.990+0000] {processor.py:753} INFO - DAG(s) dict_keys(['example_dag_basic']) retrieved from /opt/airflow/dags/example-dag-basic.py
[2023-05-01T17:38:14.044+0000] {logging_mixin.py:137} INFO - [2023-05-01T17:38:14.043+0000] {dag.py:2705} INFO - Sync 1 DAGs
[2023-05-01T17:38:14.087+0000] {logging_mixin.py:137} INFO - [2023-05-01T17:38:14.086+0000] {dag.py:3456} INFO - Setting next_dagrun for example_dag_basic to 2023-04-30T00:00:00+00:00, run_after=2023-05-01T00:00:00+00:00
[2023-05-01T17:38:14.117+0000] {processor.py:175} INFO - Processing /opt/airflow/dags/example-dag-basic.py took 0.206 seconds
[2023-05-01T17:39:04.160+0000] {processor.py:153} INFO - Started process (PID=33) to work on /opt/airflow/dags/example-dag-basic.py
[2023-05-01T17:39:04.172+0000] {processor.py:743} INFO - Processing file /opt/airflow/dags/example-dag-basic.py for tasks to queue
[2023-05-01T17:39:04.176+0000] {logging_mixin.py:137} INFO - [2023-05-01T17:39:04.176+0000] {dagbag.py:532} INFO - Filling up the DagBag from /opt/airflow/dags/example-dag-basic.py
[2023-05-01T17:39:04.276+0000] {processor.py:753} INFO - DAG(s) dict_keys(['example_dag_basic']) retrieved from /opt/airflow/dags/example-dag-basic.py
[2023-05-01T17:39:04.401+0000] {logging_mixin.py:137} INFO - [2023-05-01T17:39:04.400+0000] {dag.py:2705} INFO - Sync 1 DAGs
[2023-05-01T17:39:04.455+0000] {logging_mixin.py:137} INFO - [2023-05-01T17:39:04.455+0000] {dag.py:3456} INFO - Setting next_dagrun for example_dag_basic to 2023-04-30T00:00:00+00:00, run_after=2023-05-01T00:00:00+00:00
[2023-05-01T17:39:04.537+0000] {processor.py:175} INFO - Processing /opt/airflow/dags/example-dag-basic.py took 0.379 seconds
[2023-05-01T17:39:36.710+0000] {processor.py:153} INFO - Started process (PID=33) to work on /opt/airflow/dags/example-dag-basic.py
[2023-05-01T17:39:36.787+0000] {processor.py:743} INFO - Processing file /opt/airflow/dags/example-dag-basic.py for tasks to queue
[2023-05-01T17:39:36.988+0000] {logging_mixin.py:137} INFO - [2023-05-01T17:39:36.917+0000] {dagbag.py:532} INFO - Filling up the DagBag from /opt/airflow/dags/example-dag-basic.py
[2023-05-01T17:39:48.799+0000] {processor.py:153} INFO - Started process (PID=35) to work on /opt/airflow/dags/example-dag-basic.py
[2023-05-01T17:39:48.805+0000] {processor.py:743} INFO - Processing file /opt/airflow/dags/example-dag-basic.py for tasks to queue
[2023-05-01T17:39:48.807+0000] {logging_mixin.py:137} INFO - [2023-05-01T17:39:48.806+0000] {dagbag.py:532} INFO - Filling up the DagBag from /opt/airflow/dags/example-dag-basic.py
[2023-05-01T17:40:06.117+0000] {processor.py:153} INFO - Started process (PID=34) to work on /opt/airflow/dags/example-dag-basic.py
[2023-05-01T17:40:06.119+0000] {processor.py:743} INFO - Processing file /opt/airflow/dags/example-dag-basic.py for tasks to queue
[2023-05-01T17:40:06.120+0000] {logging_mixin.py:137} INFO - [2023-05-01T17:40:06.120+0000] {dagbag.py:532} INFO - Filling up the DagBag from /opt/airflow/dags/example-dag-basic.py
[2023-05-01T17:40:17.028+0000] {processor.py:153} INFO - Started process (PID=34) to work on /opt/airflow/dags/example-dag-basic.py
[2023-05-01T17:40:17.032+0000] {processor.py:743} INFO - Processing file /opt/airflow/dags/example-dag-basic.py for tasks to queue
[2023-05-01T17:40:17.041+0000] {logging_mixin.py:137} INFO - [2023-05-01T17:40:17.036+0000] {dagbag.py:532} INFO - Filling up the DagBag from /opt/airflow/dags/example-dag-basic.py
[2023-05-01T17:40:29.713+0000] {processor.py:153} INFO - Started process (PID=33) to work on /opt/airflow/dags/example-dag-basic.py
[2023-05-01T17:40:29.810+0000] {processor.py:743} INFO - Processing file /opt/airflow/dags/example-dag-basic.py for tasks to queue
[2023-05-01T17:40:29.991+0000] {logging_mixin.py:137} INFO - [2023-05-01T17:40:29.929+0000] {dagbag.py:532} INFO - Filling up the DagBag from /opt/airflow/dags/example-dag-basic.py
[2023-05-01T17:40:41.876+0000] {processor.py:153} INFO - Started process (PID=34) to work on /opt/airflow/dags/example-dag-basic.py
[2023-05-01T17:40:42.092+0000] {processor.py:743} INFO - Processing file /opt/airflow/dags/example-dag-basic.py for tasks to queue
[2023-05-01T17:40:42.202+0000] {logging_mixin.py:137} INFO - [2023-05-01T17:40:42.172+0000] {dagbag.py:532} INFO - Filling up the DagBag from /opt/airflow/dags/example-dag-basic.py
[2023-05-01T17:41:14.137+0000] {processor.py:153} INFO - Started process (PID=34) to work on /opt/airflow/dags/example-dag-basic.py
[2023-05-01T17:41:14.140+0000] {processor.py:743} INFO - Processing file /opt/airflow/dags/example-dag-basic.py for tasks to queue
[2023-05-01T17:41:14.142+0000] {logging_mixin.py:137} INFO - [2023-05-01T17:41:14.142+0000] {dagbag.py:532} INFO - Filling up the DagBag from /opt/airflow/dags/example-dag-basic.py
[2023-05-01T17:41:14.602+0000] {processor.py:753} INFO - DAG(s) dict_keys(['example_dag_basic']) retrieved from /opt/airflow/dags/example-dag-basic.py
[2023-05-01T17:41:31.484+0000] {processor.py:153} INFO - Started process (PID=35) to work on /opt/airflow/dags/example-dag-basic.py
[2023-05-01T17:41:31.484+0000] {processor.py:743} INFO - Processing file /opt/airflow/dags/example-dag-basic.py for tasks to queue
[2023-05-01T17:41:31.485+0000] {logging_mixin.py:137} INFO - [2023-05-01T17:41:31.485+0000] {dagbag.py:532} INFO - Filling up the DagBag from /opt/airflow/dags/example-dag-basic.py
[2023-05-01T17:41:31.552+0000] {processor.py:753} INFO - DAG(s) dict_keys(['example_dag_basic']) retrieved from /opt/airflow/dags/example-dag-basic.py
[2023-05-01T17:41:31.667+0000] {logging_mixin.py:137} INFO - [2023-05-01T17:41:31.667+0000] {dag.py:2705} INFO - Sync 1 DAGs
[2023-05-01T17:41:31.762+0000] {logging_mixin.py:137} INFO - [2023-05-01T17:41:31.757+0000] {dag.py:3456} INFO - Setting next_dagrun for example_dag_basic to 2023-04-30T00:00:00+00:00, run_after=2023-05-01T00:00:00+00:00
[2023-05-01T17:41:32.030+0000] {processor.py:175} INFO - Processing /opt/airflow/dags/example-dag-basic.py took 0.554 seconds
[2023-05-01T17:42:04.027+0000] {processor.py:153} INFO - Started process (PID=33) to work on /opt/airflow/dags/example-dag-basic.py
[2023-05-01T17:42:04.042+0000] {processor.py:743} INFO - Processing file /opt/airflow/dags/example-dag-basic.py for tasks to queue
[2023-05-01T17:42:04.049+0000] {logging_mixin.py:137} INFO - [2023-05-01T17:42:04.047+0000] {dagbag.py:532} INFO - Filling up the DagBag from /opt/airflow/dags/example-dag-basic.py
[2023-05-01T17:42:08.638+0000] {processor.py:753} INFO - DAG(s) dict_keys(['example_dag_basic']) retrieved from /opt/airflow/dags/example-dag-basic.py
[2023-05-01T17:42:20.815+0000] {processor.py:153} INFO - Started process (PID=35) to work on /opt/airflow/dags/example-dag-basic.py
[2023-05-01T17:42:20.838+0000] {processor.py:743} INFO - Processing file /opt/airflow/dags/example-dag-basic.py for tasks to queue
[2023-05-01T17:42:20.848+0000] {logging_mixin.py:137} INFO - [2023-05-01T17:42:20.847+0000] {dagbag.py:532} INFO - Filling up the DagBag from /opt/airflow/dags/example-dag-basic.py
[2023-05-01T17:42:31.598+0000] {processor.py:153} INFO - Started process (PID=33) to work on /opt/airflow/dags/example-dag-basic.py
[2023-05-01T17:42:31.599+0000] {processor.py:743} INFO - Processing file /opt/airflow/dags/example-dag-basic.py for tasks to queue
[2023-05-01T17:42:31.600+0000] {logging_mixin.py:137} INFO - [2023-05-01T17:42:31.600+0000] {dagbag.py:532} INFO - Filling up the DagBag from /opt/airflow/dags/example-dag-basic.py
[2023-05-01T17:42:33.192+0000] {processor.py:753} INFO - DAG(s) dict_keys(['example_dag_basic']) retrieved from /opt/airflow/dags/example-dag-basic.py
[2023-05-01T17:42:41.856+0000] {processor.py:153} INFO - Started process (PID=33) to work on /opt/airflow/dags/example-dag-basic.py
[2023-05-01T17:42:41.864+0000] {processor.py:743} INFO - Processing file /opt/airflow/dags/example-dag-basic.py for tasks to queue
[2023-05-01T17:42:41.870+0000] {logging_mixin.py:137} INFO - [2023-05-01T17:42:41.870+0000] {dagbag.py:532} INFO - Filling up the DagBag from /opt/airflow/dags/example-dag-basic.py
[2023-05-01T17:42:43.565+0000] {processor.py:753} INFO - DAG(s) dict_keys(['example_dag_basic']) retrieved from /opt/airflow/dags/example-dag-basic.py
[2023-05-01T17:42:52.453+0000] {processor.py:153} INFO - Started process (PID=37) to work on /opt/airflow/dags/example-dag-basic.py
[2023-05-01T17:42:52.461+0000] {processor.py:743} INFO - Processing file /opt/airflow/dags/example-dag-basic.py for tasks to queue
[2023-05-01T17:42:52.463+0000] {logging_mixin.py:137} INFO - [2023-05-01T17:42:52.463+0000] {dagbag.py:532} INFO - Filling up the DagBag from /opt/airflow/dags/example-dag-basic.py
[2023-05-01T17:43:01.727+0000] {processor.py:153} INFO - Started process (PID=35) to work on /opt/airflow/dags/example-dag-basic.py
[2023-05-01T17:43:01.738+0000] {processor.py:743} INFO - Processing file /opt/airflow/dags/example-dag-basic.py for tasks to queue
[2023-05-01T17:43:01.738+0000] {logging_mixin.py:137} INFO - [2023-05-01T17:43:01.738+0000] {dagbag.py:532} INFO - Filling up the DagBag from /opt/airflow/dags/example-dag-basic.py
[2023-05-01T17:43:01.785+0000] {processor.py:753} INFO - DAG(s) dict_keys(['example_dag_basic']) retrieved from /opt/airflow/dags/example-dag-basic.py
[2023-05-01T17:43:01.908+0000] {logging_mixin.py:137} INFO - [2023-05-01T17:43:01.901+0000] {dag.py:2705} INFO - Sync 1 DAGs
[2023-05-01T17:43:01.933+0000] {logging_mixin.py:137} INFO - [2023-05-01T17:43:01.933+0000] {dag.py:3456} INFO - Setting next_dagrun for example_dag_basic to 2023-04-30T00:00:00+00:00, run_after=2023-05-01T00:00:00+00:00
[2023-05-01T17:43:01.951+0000] {processor.py:175} INFO - Processing /opt/airflow/dags/example-dag-basic.py took 0.228 seconds
[2023-05-01T17:43:55.722+0000] {processor.py:153} INFO - Started process (PID=33) to work on /opt/airflow/dags/example-dag-basic.py
[2023-05-01T17:43:55.725+0000] {processor.py:743} INFO - Processing file /opt/airflow/dags/example-dag-basic.py for tasks to queue
[2023-05-01T17:43:55.727+0000] {logging_mixin.py:137} INFO - [2023-05-01T17:43:55.726+0000] {dagbag.py:532} INFO - Filling up the DagBag from /opt/airflow/dags/example-dag-basic.py
[2023-05-01T17:43:55.813+0000] {processor.py:753} INFO - DAG(s) dict_keys(['example_dag_basic']) retrieved from /opt/airflow/dags/example-dag-basic.py
[2023-05-01T17:43:56.118+0000] {logging_mixin.py:137} INFO - [2023-05-01T17:43:56.117+0000] {dag.py:2705} INFO - Sync 1 DAGs
[2023-05-01T17:43:56.829+0000] {logging_mixin.py:137} INFO - [2023-05-01T17:43:56.829+0000] {dag.py:3456} INFO - Setting next_dagrun for example_dag_basic to 2023-04-30T00:00:00+00:00, run_after=2023-05-01T00:00:00+00:00
[2023-05-01T17:43:56.948+0000] {processor.py:175} INFO - Processing /opt/airflow/dags/example-dag-basic.py took 1.236 seconds
[2023-05-01T17:44:18.413+0000] {processor.py:153} INFO - Started process (PID=33) to work on /opt/airflow/dags/example-dag-basic.py
[2023-05-01T17:44:18.415+0000] {processor.py:743} INFO - Processing file /opt/airflow/dags/example-dag-basic.py for tasks to queue
[2023-05-01T17:44:18.420+0000] {logging_mixin.py:137} INFO - [2023-05-01T17:44:18.420+0000] {dagbag.py:532} INFO - Filling up the DagBag from /opt/airflow/dags/example-dag-basic.py
[2023-05-01T17:44:18.483+0000] {processor.py:753} INFO - DAG(s) dict_keys(['example_dag_basic']) retrieved from /opt/airflow/dags/example-dag-basic.py
[2023-05-01T17:44:18.540+0000] {logging_mixin.py:137} INFO - [2023-05-01T17:44:18.539+0000] {dag.py:2705} INFO - Sync 1 DAGs
[2023-05-01T17:44:18.580+0000] {logging_mixin.py:137} INFO - [2023-05-01T17:44:18.580+0000] {dag.py:3456} INFO - Setting next_dagrun for example_dag_basic to 2023-04-30T00:00:00+00:00, run_after=2023-05-01T00:00:00+00:00
[2023-05-01T17:44:18.606+0000] {processor.py:175} INFO - Processing /opt/airflow/dags/example-dag-basic.py took 0.196 seconds
[2023-05-01T17:44:36.557+0000] {processor.py:153} INFO - Started process (PID=33) to work on /opt/airflow/dags/example-dag-basic.py
[2023-05-01T17:44:36.557+0000] {processor.py:743} INFO - Processing file /opt/airflow/dags/example-dag-basic.py for tasks to queue
[2023-05-01T17:44:36.558+0000] {logging_mixin.py:137} INFO - [2023-05-01T17:44:36.558+0000] {dagbag.py:532} INFO - Filling up the DagBag from /opt/airflow/dags/example-dag-basic.py
[2023-05-01T17:44:47.584+0000] {processor.py:153} INFO - Started process (PID=35) to work on /opt/airflow/dags/example-dag-basic.py
[2023-05-01T17:44:47.587+0000] {processor.py:743} INFO - Processing file /opt/airflow/dags/example-dag-basic.py for tasks to queue
[2023-05-01T17:44:47.588+0000] {logging_mixin.py:137} INFO - [2023-05-01T17:44:47.588+0000] {dagbag.py:532} INFO - Filling up the DagBag from /opt/airflow/dags/example-dag-basic.py
[2023-05-01T17:44:56.478+0000] {processor.py:153} INFO - Started process (PID=33) to work on /opt/airflow/dags/example-dag-basic.py
[2023-05-01T17:44:56.480+0000] {processor.py:743} INFO - Processing file /opt/airflow/dags/example-dag-basic.py for tasks to queue
[2023-05-01T17:44:56.486+0000] {logging_mixin.py:137} INFO - [2023-05-01T17:44:56.486+0000] {dagbag.py:532} INFO - Filling up the DagBag from /opt/airflow/dags/example-dag-basic.py
[2023-05-01T17:44:57.354+0000] {processor.py:753} INFO - DAG(s) dict_keys(['example_dag_basic']) retrieved from /opt/airflow/dags/example-dag-basic.py
[2023-05-01T17:45:06.448+0000] {processor.py:153} INFO - Started process (PID=34) to work on /opt/airflow/dags/example-dag-basic.py
[2023-05-01T17:45:06.452+0000] {processor.py:743} INFO - Processing file /opt/airflow/dags/example-dag-basic.py for tasks to queue
[2023-05-01T17:45:06.454+0000] {logging_mixin.py:137} INFO - [2023-05-01T17:45:06.453+0000] {dagbag.py:532} INFO - Filling up the DagBag from /opt/airflow/dags/example-dag-basic.py
[2023-05-01T17:45:06.514+0000] {processor.py:753} INFO - DAG(s) dict_keys(['example_dag_basic']) retrieved from /opt/airflow/dags/example-dag-basic.py
[2023-05-01T17:45:06.803+0000] {logging_mixin.py:137} INFO - [2023-05-01T17:45:06.803+0000] {dag.py:2705} INFO - Sync 1 DAGs
[2023-05-01T17:45:10.484+0000] {logging_mixin.py:137} INFO - [2023-05-01T17:45:10.483+0000] {dag.py:3456} INFO - Setting next_dagrun for example_dag_basic to 2023-04-30T00:00:00+00:00, run_after=2023-05-01T00:00:00+00:00
[2023-05-01T17:45:34.154+0000] {processor.py:153} INFO - Started process (PID=33) to work on /opt/airflow/dags/example-dag-basic.py
[2023-05-01T17:45:34.156+0000] {processor.py:743} INFO - Processing file /opt/airflow/dags/example-dag-basic.py for tasks to queue
[2023-05-01T17:45:34.157+0000] {logging_mixin.py:137} INFO - [2023-05-01T17:45:34.157+0000] {dagbag.py:532} INFO - Filling up the DagBag from /opt/airflow/dags/example-dag-basic.py
[2023-05-01T17:45:53.769+0000] {processor.py:153} INFO - Started process (PID=33) to work on /opt/airflow/dags/example-dag-basic.py
[2023-05-01T17:45:53.771+0000] {processor.py:743} INFO - Processing file /opt/airflow/dags/example-dag-basic.py for tasks to queue
[2023-05-01T17:45:53.772+0000] {logging_mixin.py:137} INFO - [2023-05-01T17:45:53.772+0000] {dagbag.py:532} INFO - Filling up the DagBag from /opt/airflow/dags/example-dag-basic.py
[2023-05-01T17:45:53.878+0000] {processor.py:753} INFO - DAG(s) dict_keys(['example_dag_basic']) retrieved from /opt/airflow/dags/example-dag-basic.py
[2023-05-01T17:46:05.848+0000] {processor.py:153} INFO - Started process (PID=32) to work on /opt/airflow/dags/example-dag-basic.py
[2023-05-01T17:46:05.865+0000] {processor.py:743} INFO - Processing file /opt/airflow/dags/example-dag-basic.py for tasks to queue
[2023-05-01T17:46:05.866+0000] {logging_mixin.py:137} INFO - [2023-05-01T17:46:05.866+0000] {dagbag.py:532} INFO - Filling up the DagBag from /opt/airflow/dags/example-dag-basic.py
[2023-05-01T17:46:20.138+0000] {processor.py:153} INFO - Started process (PID=35) to work on /opt/airflow/dags/example-dag-basic.py
[2023-05-01T17:46:20.145+0000] {processor.py:743} INFO - Processing file /opt/airflow/dags/example-dag-basic.py for tasks to queue
[2023-05-01T17:46:20.146+0000] {logging_mixin.py:137} INFO - [2023-05-01T17:46:20.146+0000] {dagbag.py:532} INFO - Filling up the DagBag from /opt/airflow/dags/example-dag-basic.py
[2023-05-01T17:46:28.753+0000] {processor.py:153} INFO - Started process (PID=32) to work on /opt/airflow/dags/example-dag-basic.py
[2023-05-01T17:46:28.756+0000] {processor.py:743} INFO - Processing file /opt/airflow/dags/example-dag-basic.py for tasks to queue
[2023-05-01T17:46:28.758+0000] {logging_mixin.py:137} INFO - [2023-05-01T17:46:28.757+0000] {dagbag.py:532} INFO - Filling up the DagBag from /opt/airflow/dags/example-dag-basic.py
[2023-05-01T17:46:28.826+0000] {processor.py:753} INFO - DAG(s) dict_keys(['example_dag_basic']) retrieved from /opt/airflow/dags/example-dag-basic.py
[2023-05-01T17:46:29.050+0000] {logging_mixin.py:137} INFO - [2023-05-01T17:46:29.047+0000] {dag.py:2705} INFO - Sync 1 DAGs
[2023-05-01T17:46:30.150+0000] {logging_mixin.py:137} INFO - [2023-05-01T17:46:30.150+0000] {dag.py:3456} INFO - Setting next_dagrun for example_dag_basic to 2023-04-30T00:00:00+00:00, run_after=2023-05-01T00:00:00+00:00
[2023-05-01T17:46:30.415+0000] {processor.py:175} INFO - Processing /opt/airflow/dags/example-dag-basic.py took 1.663 seconds
[2023-05-01T17:46:46.509+0000] {processor.py:153} INFO - Started process (PID=33) to work on /opt/airflow/dags/example-dag-basic.py
[2023-05-01T17:46:46.518+0000] {processor.py:743} INFO - Processing file /opt/airflow/dags/example-dag-basic.py for tasks to queue
[2023-05-01T17:46:46.655+0000] {logging_mixin.py:137} INFO - [2023-05-01T17:46:46.615+0000] {dagbag.py:532} INFO - Filling up the DagBag from /opt/airflow/dags/example-dag-basic.py
[2023-05-01T17:46:59.769+0000] {processor.py:153} INFO - Started process (PID=34) to work on /opt/airflow/dags/example-dag-basic.py
[2023-05-01T17:46:59.770+0000] {processor.py:743} INFO - Processing file /opt/airflow/dags/example-dag-basic.py for tasks to queue
[2023-05-01T17:46:59.772+0000] {logging_mixin.py:137} INFO - [2023-05-01T17:46:59.771+0000] {dagbag.py:532} INFO - Filling up the DagBag from /opt/airflow/dags/example-dag-basic.py
[2023-05-01T17:47:06.925+0000] {processor.py:153} INFO - Started process (PID=38) to work on /opt/airflow/dags/example-dag-basic.py
[2023-05-01T17:47:06.926+0000] {processor.py:743} INFO - Processing file /opt/airflow/dags/example-dag-basic.py for tasks to queue
[2023-05-01T17:47:06.927+0000] {logging_mixin.py:137} INFO - [2023-05-01T17:47:06.927+0000] {dagbag.py:532} INFO - Filling up the DagBag from /opt/airflow/dags/example-dag-basic.py
[2023-05-01T17:47:07.007+0000] {processor.py:753} INFO - DAG(s) dict_keys(['example_dag_basic']) retrieved from /opt/airflow/dags/example-dag-basic.py
[2023-05-01T17:47:12.170+0000] {logging_mixin.py:137} INFO - [2023-05-01T17:47:12.166+0000] {dag.py:2705} INFO - Sync 1 DAGs
[2023-05-01T17:47:30.495+0000] {processor.py:153} INFO - Started process (PID=34) to work on /opt/airflow/dags/example-dag-basic.py
[2023-05-01T17:47:30.496+0000] {processor.py:743} INFO - Processing file /opt/airflow/dags/example-dag-basic.py for tasks to queue
[2023-05-01T17:47:30.498+0000] {logging_mixin.py:137} INFO - [2023-05-01T17:47:30.498+0000] {dagbag.py:532} INFO - Filling up the DagBag from /opt/airflow/dags/example-dag-basic.py
[2023-05-01T17:47:38.741+0000] {processor.py:153} INFO - Started process (PID=33) to work on /opt/airflow/dags/example-dag-basic.py
[2023-05-01T17:47:38.743+0000] {processor.py:743} INFO - Processing file /opt/airflow/dags/example-dag-basic.py for tasks to queue
[2023-05-01T17:47:38.746+0000] {logging_mixin.py:137} INFO - [2023-05-01T17:47:38.746+0000] {dagbag.py:532} INFO - Filling up the DagBag from /opt/airflow/dags/example-dag-basic.py
[2023-05-01T17:47:38.928+0000] {processor.py:753} INFO - DAG(s) dict_keys(['example_dag_basic']) retrieved from /opt/airflow/dags/example-dag-basic.py
[2023-05-01T17:48:06.223+0000] {processor.py:153} INFO - Started process (PID=33) to work on /opt/airflow/dags/example-dag-basic.py
[2023-05-01T17:48:06.225+0000] {processor.py:743} INFO - Processing file /opt/airflow/dags/example-dag-basic.py for tasks to queue
[2023-05-01T17:48:06.228+0000] {logging_mixin.py:137} INFO - [2023-05-01T17:48:06.227+0000] {dagbag.py:532} INFO - Filling up the DagBag from /opt/airflow/dags/example-dag-basic.py
[2023-05-01T17:48:06.331+0000] {processor.py:753} INFO - DAG(s) dict_keys(['example_dag_basic']) retrieved from /opt/airflow/dags/example-dag-basic.py
[2023-05-01T17:48:06.410+0000] {logging_mixin.py:137} INFO - [2023-05-01T17:48:06.409+0000] {dag.py:2705} INFO - Sync 1 DAGs
[2023-05-01T17:48:06.486+0000] {logging_mixin.py:137} INFO - [2023-05-01T17:48:06.484+0000] {dag.py:3456} INFO - Setting next_dagrun for example_dag_basic to 2023-04-30T00:00:00+00:00, run_after=2023-05-01T00:00:00+00:00
[2023-05-01T17:48:06.559+0000] {processor.py:175} INFO - Processing /opt/airflow/dags/example-dag-basic.py took 0.351 seconds
[2023-05-01T17:48:27.482+0000] {processor.py:153} INFO - Started process (PID=33) to work on /opt/airflow/dags/example-dag-basic.py
[2023-05-01T17:48:27.486+0000] {processor.py:743} INFO - Processing file /opt/airflow/dags/example-dag-basic.py for tasks to queue
[2023-05-01T17:48:27.487+0000] {logging_mixin.py:137} INFO - [2023-05-01T17:48:27.486+0000] {dagbag.py:532} INFO - Filling up the DagBag from /opt/airflow/dags/example-dag-basic.py
[2023-05-01T17:48:27.566+0000] {processor.py:753} INFO - DAG(s) dict_keys(['example_dag_basic']) retrieved from /opt/airflow/dags/example-dag-basic.py
[2023-05-01T17:48:27.614+0000] {logging_mixin.py:137} INFO - [2023-05-01T17:48:27.613+0000] {dag.py:2705} INFO - Sync 1 DAGs
[2023-05-01T17:48:27.673+0000] {logging_mixin.py:137} INFO - [2023-05-01T17:48:27.673+0000] {dag.py:3456} INFO - Setting next_dagrun for example_dag_basic to 2023-04-30T00:00:00+00:00, run_after=2023-05-01T00:00:00+00:00
[2023-05-01T17:48:27.762+0000] {processor.py:175} INFO - Processing /opt/airflow/dags/example-dag-basic.py took 0.283 seconds
[2023-05-01T17:48:55.152+0000] {processor.py:153} INFO - Started process (PID=35) to work on /opt/airflow/dags/example-dag-basic.py
[2023-05-01T17:48:55.785+0000] {processor.py:743} INFO - Processing file /opt/airflow/dags/example-dag-basic.py for tasks to queue
[2023-05-01T17:48:56.969+0000] {logging_mixin.py:137} INFO - [2023-05-01T17:48:56.471+0000] {dagbag.py:532} INFO - Filling up the DagBag from /opt/airflow/dags/example-dag-basic.py
[2023-05-01T17:49:07.547+0000] {processor.py:153} INFO - Started process (PID=35) to work on /opt/airflow/dags/example-dag-basic.py
[2023-05-01T17:49:07.551+0000] {processor.py:743} INFO - Processing file /opt/airflow/dags/example-dag-basic.py for tasks to queue
[2023-05-01T17:49:07.556+0000] {logging_mixin.py:137} INFO - [2023-05-01T17:49:07.556+0000] {dagbag.py:532} INFO - Filling up the DagBag from /opt/airflow/dags/example-dag-basic.py
[2023-05-01T17:49:54.248+0000] {processor.py:153} INFO - Started process (PID=33) to work on /opt/airflow/dags/example-dag-basic.py
[2023-05-01T17:49:54.253+0000] {processor.py:743} INFO - Processing file /opt/airflow/dags/example-dag-basic.py for tasks to queue
[2023-05-01T17:49:54.253+0000] {logging_mixin.py:137} INFO - [2023-05-01T17:49:54.253+0000] {dagbag.py:532} INFO - Filling up the DagBag from /opt/airflow/dags/example-dag-basic.py
[2023-05-01T17:49:54.389+0000] {processor.py:753} INFO - DAG(s) dict_keys(['example_dag_basic']) retrieved from /opt/airflow/dags/example-dag-basic.py
[2023-05-01T17:49:54.493+0000] {logging_mixin.py:137} INFO - [2023-05-01T17:49:54.493+0000] {dag.py:2705} INFO - Sync 1 DAGs
[2023-05-01T17:49:54.567+0000] {logging_mixin.py:137} INFO - [2023-05-01T17:49:54.567+0000] {dag.py:3456} INFO - Setting next_dagrun for example_dag_basic to 2023-04-30T00:00:00+00:00, run_after=2023-05-01T00:00:00+00:00
[2023-05-01T17:49:54.645+0000] {processor.py:175} INFO - Processing /opt/airflow/dags/example-dag-basic.py took 0.402 seconds
[2023-05-01T17:51:02.125+0000] {processor.py:153} INFO - Started process (PID=33) to work on /opt/airflow/dags/example-dag-basic.py
[2023-05-01T17:51:02.126+0000] {processor.py:743} INFO - Processing file /opt/airflow/dags/example-dag-basic.py for tasks to queue
[2023-05-01T17:51:02.126+0000] {logging_mixin.py:137} INFO - [2023-05-01T17:51:02.126+0000] {dagbag.py:532} INFO - Filling up the DagBag from /opt/airflow/dags/example-dag-basic.py
[2023-05-01T17:51:02.194+0000] {processor.py:753} INFO - DAG(s) dict_keys(['example_dag_basic']) retrieved from /opt/airflow/dags/example-dag-basic.py
[2023-05-01T17:51:02.275+0000] {logging_mixin.py:137} INFO - [2023-05-01T17:51:02.275+0000] {dag.py:2705} INFO - Sync 1 DAGs
[2023-05-01T17:51:02.348+0000] {logging_mixin.py:137} INFO - [2023-05-01T17:51:02.348+0000] {dag.py:3456} INFO - Setting next_dagrun for example_dag_basic to 2023-04-30T00:00:00+00:00, run_after=2023-05-01T00:00:00+00:00
[2023-05-01T17:51:02.444+0000] {processor.py:175} INFO - Processing /opt/airflow/dags/example-dag-basic.py took 0.322 seconds
[2023-05-01T17:51:29.706+0000] {processor.py:153} INFO - Started process (PID=33) to work on /opt/airflow/dags/example-dag-basic.py
[2023-05-01T17:51:29.707+0000] {processor.py:743} INFO - Processing file /opt/airflow/dags/example-dag-basic.py for tasks to queue
[2023-05-01T17:51:29.707+0000] {logging_mixin.py:137} INFO - [2023-05-01T17:51:29.707+0000] {dagbag.py:532} INFO - Filling up the DagBag from /opt/airflow/dags/example-dag-basic.py
[2023-05-01T17:51:29.748+0000] {processor.py:753} INFO - DAG(s) dict_keys(['example_dag_basic']) retrieved from /opt/airflow/dags/example-dag-basic.py
[2023-05-01T17:51:29.785+0000] {logging_mixin.py:137} INFO - [2023-05-01T17:51:29.785+0000] {dag.py:2705} INFO - Sync 1 DAGs
[2023-05-01T17:51:29.816+0000] {logging_mixin.py:137} INFO - [2023-05-01T17:51:29.816+0000] {dag.py:3456} INFO - Setting next_dagrun for example_dag_basic to 2023-04-30T00:00:00+00:00, run_after=2023-05-01T00:00:00+00:00
[2023-05-01T17:51:29.829+0000] {processor.py:175} INFO - Processing /opt/airflow/dags/example-dag-basic.py took 0.131 seconds
[2023-05-01T17:52:00.599+0000] {processor.py:153} INFO - Started process (PID=33) to work on /opt/airflow/dags/example-dag-basic.py
[2023-05-01T17:52:00.601+0000] {processor.py:743} INFO - Processing file /opt/airflow/dags/example-dag-basic.py for tasks to queue
[2023-05-01T17:52:00.602+0000] {logging_mixin.py:137} INFO - [2023-05-01T17:52:00.602+0000] {dagbag.py:532} INFO - Filling up the DagBag from /opt/airflow/dags/example-dag-basic.py
[2023-05-01T17:52:11.681+0000] {processor.py:153} INFO - Started process (PID=33) to work on /opt/airflow/dags/example-dag-basic.py
[2023-05-01T17:52:11.683+0000] {processor.py:743} INFO - Processing file /opt/airflow/dags/example-dag-basic.py for tasks to queue
[2023-05-01T17:52:11.683+0000] {logging_mixin.py:137} INFO - [2023-05-01T17:52:11.683+0000] {dagbag.py:532} INFO - Filling up the DagBag from /opt/airflow/dags/example-dag-basic.py
[2023-05-01T17:52:12.383+0000] {processor.py:753} INFO - DAG(s) dict_keys(['example_dag_basic']) retrieved from /opt/airflow/dags/example-dag-basic.py
[2023-05-01T17:52:22.528+0000] {processor.py:153} INFO - Started process (PID=33) to work on /opt/airflow/dags/example-dag-basic.py
[2023-05-01T17:52:22.532+0000] {processor.py:743} INFO - Processing file /opt/airflow/dags/example-dag-basic.py for tasks to queue
[2023-05-01T17:52:22.534+0000] {logging_mixin.py:137} INFO - [2023-05-01T17:52:22.534+0000] {dagbag.py:532} INFO - Filling up the DagBag from /opt/airflow/dags/example-dag-basic.py
[2023-05-01T17:52:22.638+0000] {processor.py:753} INFO - DAG(s) dict_keys(['example_dag_basic']) retrieved from /opt/airflow/dags/example-dag-basic.py
[2023-05-01T17:52:24.440+0000] {logging_mixin.py:137} INFO - [2023-05-01T17:52:24.435+0000] {dag.py:2705} INFO - Sync 1 DAGs
[2023-05-01T17:52:24.633+0000] {logging_mixin.py:137} INFO - [2023-05-01T17:52:24.632+0000] {dag.py:3456} INFO - Setting next_dagrun for example_dag_basic to 2023-04-30T00:00:00+00:00, run_after=2023-05-01T00:00:00+00:00
[2023-05-01T17:52:48.534+0000] {processor.py:153} INFO - Started process (PID=32) to work on /opt/airflow/dags/example-dag-basic.py
[2023-05-01T17:52:48.561+0000] {processor.py:743} INFO - Processing file /opt/airflow/dags/example-dag-basic.py for tasks to queue
[2023-05-01T17:52:48.562+0000] {logging_mixin.py:137} INFO - [2023-05-01T17:52:48.562+0000] {dagbag.py:532} INFO - Filling up the DagBag from /opt/airflow/dags/example-dag-basic.py
[2023-05-01T17:53:11.073+0000] {processor.py:153} INFO - Started process (PID=33) to work on /opt/airflow/dags/example-dag-basic.py
[2023-05-01T17:53:11.079+0000] {processor.py:743} INFO - Processing file /opt/airflow/dags/example-dag-basic.py for tasks to queue
[2023-05-01T17:53:11.080+0000] {logging_mixin.py:137} INFO - [2023-05-01T17:53:11.079+0000] {dagbag.py:532} INFO - Filling up the DagBag from /opt/airflow/dags/example-dag-basic.py
[2023-05-01T17:53:13.982+0000] {processor.py:753} INFO - DAG(s) dict_keys(['example_dag_basic']) retrieved from /opt/airflow/dags/example-dag-basic.py
[2023-05-01T17:55:25.458+0000] {processor.py:153} INFO - Started process (PID=33) to work on /opt/airflow/dags/example-dag-basic.py
[2023-05-01T17:55:34.447+0000] {processor.py:153} INFO - Started process (PID=33) to work on /opt/airflow/dags/example-dag-basic.py
[2023-05-01T17:55:34.501+0000] {processor.py:743} INFO - Processing file /opt/airflow/dags/example-dag-basic.py for tasks to queue
[2023-05-01T17:56:05.288+0000] {processor.py:153} INFO - Started process (PID=34) to work on /opt/airflow/dags/example-dag-basic.py
[2023-05-01T17:56:05.307+0000] {processor.py:743} INFO - Processing file /opt/airflow/dags/example-dag-basic.py for tasks to queue
[2023-05-01T17:56:05.433+0000] {logging_mixin.py:137} INFO - [2023-05-01T17:56:05.385+0000] {dagbag.py:532} INFO - Filling up the DagBag from /opt/airflow/dags/example-dag-basic.py
[2023-05-01T17:56:09.424+0000] {processor.py:753} INFO - DAG(s) dict_keys(['example_dag_basic']) retrieved from /opt/airflow/dags/example-dag-basic.py
[2023-05-01T17:57:19.494+0000] {processor.py:153} INFO - Started process (PID=36) to work on /opt/airflow/dags/example-dag-basic.py
[2023-05-01T17:57:19.497+0000] {processor.py:743} INFO - Processing file /opt/airflow/dags/example-dag-basic.py for tasks to queue
[2023-05-01T17:57:19.497+0000] {logging_mixin.py:137} INFO - [2023-05-01T17:57:19.497+0000] {dagbag.py:532} INFO - Filling up the DagBag from /opt/airflow/dags/example-dag-basic.py
[2023-05-01T17:57:19.578+0000] {processor.py:753} INFO - DAG(s) dict_keys(['example_dag_basic']) retrieved from /opt/airflow/dags/example-dag-basic.py
[2023-05-01T17:57:19.758+0000] {logging_mixin.py:137} INFO - [2023-05-01T17:57:19.756+0000] {dag.py:2705} INFO - Sync 1 DAGs
[2023-05-01T17:57:20.230+0000] {logging_mixin.py:137} INFO - [2023-05-01T17:57:20.188+0000] {dag.py:3456} INFO - Setting next_dagrun for example_dag_basic to 2023-04-30T00:00:00+00:00, run_after=2023-05-01T00:00:00+00:00
[2023-05-01T17:57:21.387+0000] {processor.py:175} INFO - Processing /opt/airflow/dags/example-dag-basic.py took 1.904 seconds
[2023-05-01T17:57:46.859+0000] {processor.py:153} INFO - Started process (PID=35) to work on /opt/airflow/dags/example-dag-basic.py
[2023-05-01T17:57:46.865+0000] {processor.py:743} INFO - Processing file /opt/airflow/dags/example-dag-basic.py for tasks to queue
[2023-05-01T17:57:46.867+0000] {logging_mixin.py:137} INFO - [2023-05-01T17:57:46.867+0000] {dagbag.py:532} INFO - Filling up the DagBag from /opt/airflow/dags/example-dag-basic.py
[2023-05-01T17:57:46.935+0000] {processor.py:753} INFO - DAG(s) dict_keys(['example_dag_basic']) retrieved from /opt/airflow/dags/example-dag-basic.py
[2023-05-01T17:57:47.047+0000] {logging_mixin.py:137} INFO - [2023-05-01T17:57:47.047+0000] {dag.py:2705} INFO - Sync 1 DAGs
[2023-05-01T17:57:47.263+0000] {logging_mixin.py:137} INFO - [2023-05-01T17:57:47.255+0000] {dag.py:3456} INFO - Setting next_dagrun for example_dag_basic to 2023-04-30T00:00:00+00:00, run_after=2023-05-01T00:00:00+00:00
[2023-05-01T17:57:52.426+0000] {processor.py:175} INFO - Processing /opt/airflow/dags/example-dag-basic.py took 5.571 seconds
[2023-05-01T17:58:11.338+0000] {processor.py:153} INFO - Started process (PID=33) to work on /opt/airflow/dags/example-dag-basic.py
[2023-05-01T17:58:11.339+0000] {processor.py:743} INFO - Processing file /opt/airflow/dags/example-dag-basic.py for tasks to queue
[2023-05-01T17:58:11.340+0000] {logging_mixin.py:137} INFO - [2023-05-01T17:58:11.340+0000] {dagbag.py:532} INFO - Filling up the DagBag from /opt/airflow/dags/example-dag-basic.py
[2023-05-01T17:58:12.830+0000] {processor.py:753} INFO - DAG(s) dict_keys(['example_dag_basic']) retrieved from /opt/airflow/dags/example-dag-basic.py
[2023-05-01T17:58:20.106+0000] {processor.py:153} INFO - Started process (PID=34) to work on /opt/airflow/dags/example-dag-basic.py
[2023-05-01T17:58:20.108+0000] {processor.py:743} INFO - Processing file /opt/airflow/dags/example-dag-basic.py for tasks to queue
[2023-05-01T17:58:20.109+0000] {logging_mixin.py:137} INFO - [2023-05-01T17:58:20.108+0000] {dagbag.py:532} INFO - Filling up the DagBag from /opt/airflow/dags/example-dag-basic.py
[2023-05-01T17:58:29.860+0000] {processor.py:153} INFO - Started process (PID=34) to work on /opt/airflow/dags/example-dag-basic.py
[2023-05-01T17:58:29.860+0000] {processor.py:743} INFO - Processing file /opt/airflow/dags/example-dag-basic.py for tasks to queue
[2023-05-01T17:58:29.861+0000] {logging_mixin.py:137} INFO - [2023-05-01T17:58:29.861+0000] {dagbag.py:532} INFO - Filling up the DagBag from /opt/airflow/dags/example-dag-basic.py
[2023-05-01T17:58:29.955+0000] {processor.py:753} INFO - DAG(s) dict_keys(['example_dag_basic']) retrieved from /opt/airflow/dags/example-dag-basic.py
[2023-05-01T17:58:32.762+0000] {logging_mixin.py:137} INFO - [2023-05-01T17:58:32.760+0000] {dag.py:2705} INFO - Sync 1 DAGs
[2023-05-01T17:58:32.826+0000] {logging_mixin.py:137} INFO - [2023-05-01T17:58:32.826+0000] {dag.py:3456} INFO - Setting next_dagrun for example_dag_basic to 2023-04-30T00:00:00+00:00, run_after=2023-05-01T00:00:00+00:00
[2023-05-01T17:58:32.912+0000] {processor.py:175} INFO - Processing /opt/airflow/dags/example-dag-basic.py took 3.054 seconds
[2023-05-01T17:58:57.022+0000] {processor.py:153} INFO - Started process (PID=33) to work on /opt/airflow/dags/example-dag-basic.py
[2023-05-01T17:58:57.023+0000] {processor.py:743} INFO - Processing file /opt/airflow/dags/example-dag-basic.py for tasks to queue
[2023-05-01T17:58:57.025+0000] {logging_mixin.py:137} INFO - [2023-05-01T17:58:57.025+0000] {dagbag.py:532} INFO - Filling up the DagBag from /opt/airflow/dags/example-dag-basic.py
[2023-05-01T17:58:57.085+0000] {processor.py:753} INFO - DAG(s) dict_keys(['example_dag_basic']) retrieved from /opt/airflow/dags/example-dag-basic.py
[2023-05-01T17:58:57.135+0000] {logging_mixin.py:137} INFO - [2023-05-01T17:58:57.134+0000] {dag.py:2705} INFO - Sync 1 DAGs
[2023-05-01T17:58:57.165+0000] {logging_mixin.py:137} INFO - [2023-05-01T17:58:57.165+0000] {dag.py:3456} INFO - Setting next_dagrun for example_dag_basic to 2023-04-30T00:00:00+00:00, run_after=2023-05-01T00:00:00+00:00
[2023-05-01T17:58:57.200+0000] {processor.py:175} INFO - Processing /opt/airflow/dags/example-dag-basic.py took 0.180 seconds
[2023-05-01T17:59:32.034+0000] {processor.py:153} INFO - Started process (PID=34) to work on /opt/airflow/dags/example-dag-basic.py
[2023-05-01T17:59:32.038+0000] {processor.py:743} INFO - Processing file /opt/airflow/dags/example-dag-basic.py for tasks to queue
[2023-05-01T17:59:32.040+0000] {logging_mixin.py:137} INFO - [2023-05-01T17:59:32.040+0000] {dagbag.py:532} INFO - Filling up the DagBag from /opt/airflow/dags/example-dag-basic.py
[2023-05-01T17:59:32.113+0000] {processor.py:753} INFO - DAG(s) dict_keys(['example_dag_basic']) retrieved from /opt/airflow/dags/example-dag-basic.py
[2023-05-01T17:59:34.933+0000] {logging_mixin.py:137} INFO - [2023-05-01T17:59:34.927+0000] {dag.py:2705} INFO - Sync 1 DAGs
[2023-05-01T17:59:43.087+0000] {processor.py:153} INFO - Started process (PID=33) to work on /opt/airflow/dags/example-dag-basic.py
[2023-05-01T17:59:43.088+0000] {processor.py:743} INFO - Processing file /opt/airflow/dags/example-dag-basic.py for tasks to queue
[2023-05-01T17:59:43.091+0000] {logging_mixin.py:137} INFO - [2023-05-01T17:59:43.091+0000] {dagbag.py:532} INFO - Filling up the DagBag from /opt/airflow/dags/example-dag-basic.py
[2023-05-01T17:59:43.149+0000] {processor.py:753} INFO - DAG(s) dict_keys(['example_dag_basic']) retrieved from /opt/airflow/dags/example-dag-basic.py
[2023-05-01T17:59:43.230+0000] {logging_mixin.py:137} INFO - [2023-05-01T17:59:43.229+0000] {dag.py:2705} INFO - Sync 1 DAGs
[2023-05-01T17:59:43.364+0000] {logging_mixin.py:137} INFO - [2023-05-01T17:59:43.364+0000] {dag.py:3456} INFO - Setting next_dagrun for example_dag_basic to 2023-04-30T00:00:00+00:00, run_after=2023-05-01T00:00:00+00:00
[2023-05-01T17:59:43.413+0000] {processor.py:175} INFO - Processing /opt/airflow/dags/example-dag-basic.py took 0.328 seconds
[2023-05-01T18:00:07.504+0000] {processor.py:153} INFO - Started process (PID=34) to work on /opt/airflow/dags/example-dag-basic.py
[2023-05-01T18:00:07.518+0000] {processor.py:743} INFO - Processing file /opt/airflow/dags/example-dag-basic.py for tasks to queue
[2023-05-01T18:00:07.582+0000] {logging_mixin.py:137} INFO - [2023-05-01T18:00:07.541+0000] {dagbag.py:532} INFO - Filling up the DagBag from /opt/airflow/dags/example-dag-basic.py
[2023-05-01T18:00:16.823+0000] {processor.py:153} INFO - Started process (PID=33) to work on /opt/airflow/dags/example-dag-basic.py
[2023-05-01T18:00:16.879+0000] {processor.py:743} INFO - Processing file /opt/airflow/dags/example-dag-basic.py for tasks to queue
[2023-05-01T18:00:17.007+0000] {logging_mixin.py:137} INFO - [2023-05-01T18:00:16.955+0000] {dagbag.py:532} INFO - Filling up the DagBag from /opt/airflow/dags/example-dag-basic.py
[2023-05-01T18:00:25.522+0000] {processor.py:153} INFO - Started process (PID=33) to work on /opt/airflow/dags/example-dag-basic.py
[2023-05-01T18:00:25.527+0000] {processor.py:743} INFO - Processing file /opt/airflow/dags/example-dag-basic.py for tasks to queue
[2023-05-01T18:00:25.555+0000] {logging_mixin.py:137} INFO - [2023-05-01T18:00:25.554+0000] {dagbag.py:532} INFO - Filling up the DagBag from /opt/airflow/dags/example-dag-basic.py
[2023-05-01T18:00:25.666+0000] {processor.py:753} INFO - DAG(s) dict_keys(['example_dag_basic']) retrieved from /opt/airflow/dags/example-dag-basic.py
[2023-05-01T18:00:44.222+0000] {processor.py:153} INFO - Started process (PID=33) to work on /opt/airflow/dags/example-dag-basic.py
[2023-05-01T18:00:44.240+0000] {processor.py:743} INFO - Processing file /opt/airflow/dags/example-dag-basic.py for tasks to queue
[2023-05-01T18:00:44.254+0000] {logging_mixin.py:137} INFO - [2023-05-01T18:00:44.250+0000] {dagbag.py:532} INFO - Filling up the DagBag from /opt/airflow/dags/example-dag-basic.py
[2023-05-01T18:01:14.453+0000] {processor.py:153} INFO - Started process (PID=33) to work on /opt/airflow/dags/example-dag-basic.py
[2023-05-01T18:01:14.455+0000] {processor.py:743} INFO - Processing file /opt/airflow/dags/example-dag-basic.py for tasks to queue
[2023-05-01T18:01:14.464+0000] {logging_mixin.py:137} INFO - [2023-05-01T18:01:14.462+0000] {dagbag.py:532} INFO - Filling up the DagBag from /opt/airflow/dags/example-dag-basic.py
[2023-05-01T18:01:14.581+0000] {processor.py:753} INFO - DAG(s) dict_keys(['example_dag_basic']) retrieved from /opt/airflow/dags/example-dag-basic.py
[2023-05-01T18:01:14.705+0000] {logging_mixin.py:137} INFO - [2023-05-01T18:01:14.703+0000] {dag.py:2705} INFO - Sync 1 DAGs
[2023-05-01T18:01:14.772+0000] {logging_mixin.py:137} INFO - [2023-05-01T18:01:14.772+0000] {dag.py:3456} INFO - Setting next_dagrun for example_dag_basic to 2023-04-30T00:00:00+00:00, run_after=2023-05-01T00:00:00+00:00
[2023-05-01T18:01:14.859+0000] {processor.py:175} INFO - Processing /opt/airflow/dags/example-dag-basic.py took 0.409 seconds
[2023-05-01T18:01:42.072+0000] {processor.py:153} INFO - Started process (PID=37) to work on /opt/airflow/dags/example-dag-basic.py
[2023-05-01T18:01:42.074+0000] {processor.py:743} INFO - Processing file /opt/airflow/dags/example-dag-basic.py for tasks to queue
[2023-05-01T18:01:42.074+0000] {logging_mixin.py:137} INFO - [2023-05-01T18:01:42.074+0000] {dagbag.py:532} INFO - Filling up the DagBag from /opt/airflow/dags/example-dag-basic.py
[2023-05-01T18:01:42.165+0000] {processor.py:753} INFO - DAG(s) dict_keys(['example_dag_basic']) retrieved from /opt/airflow/dags/example-dag-basic.py
[2023-05-01T18:01:43.850+0000] {logging_mixin.py:137} INFO - [2023-05-01T18:01:43.850+0000] {dag.py:2705} INFO - Sync 1 DAGs
[2023-05-01T18:02:24.738+0000] {processor.py:153} INFO - Started process (PID=40) to work on /opt/airflow/dags/example-dag-basic.py
[2023-05-01T18:02:24.740+0000] {processor.py:743} INFO - Processing file /opt/airflow/dags/example-dag-basic.py for tasks to queue
[2023-05-01T18:02:24.741+0000] {logging_mixin.py:137} INFO - [2023-05-01T18:02:24.740+0000] {dagbag.py:532} INFO - Filling up the DagBag from /opt/airflow/dags/example-dag-basic.py
[2023-05-01T18:02:24.928+0000] {processor.py:753} INFO - DAG(s) dict_keys(['example_dag_basic']) retrieved from /opt/airflow/dags/example-dag-basic.py
[2023-05-01T18:02:25.013+0000] {logging_mixin.py:137} INFO - [2023-05-01T18:02:25.013+0000] {dag.py:2705} INFO - Sync 1 DAGs
[2023-05-01T18:02:25.031+0000] {logging_mixin.py:137} INFO - [2023-05-01T18:02:25.031+0000] {dag.py:3456} INFO - Setting next_dagrun for example_dag_basic to 2023-04-30T00:00:00+00:00, run_after=2023-05-01T00:00:00+00:00
[2023-05-01T18:02:25.043+0000] {processor.py:175} INFO - Processing /opt/airflow/dags/example-dag-basic.py took 0.334 seconds
[2023-05-01T18:02:54.473+0000] {processor.py:153} INFO - Started process (PID=33) to work on /opt/airflow/dags/example-dag-basic.py
[2023-05-01T18:02:54.479+0000] {processor.py:743} INFO - Processing file /opt/airflow/dags/example-dag-basic.py for tasks to queue
[2023-05-01T18:03:44.288+0000] {processor.py:153} INFO - Started process (PID=34) to work on /opt/airflow/dags/example-dag-basic.py
[2023-05-01T18:03:44.291+0000] {processor.py:743} INFO - Processing file /opt/airflow/dags/example-dag-basic.py for tasks to queue
[2023-05-01T18:03:44.292+0000] {logging_mixin.py:137} INFO - [2023-05-01T18:03:44.292+0000] {dagbag.py:532} INFO - Filling up the DagBag from /opt/airflow/dags/example-dag-basic.py
[2023-05-01T18:03:44.361+0000] {processor.py:753} INFO - DAG(s) dict_keys(['example_dag_basic']) retrieved from /opt/airflow/dags/example-dag-basic.py
[2023-05-01T18:03:44.429+0000] {logging_mixin.py:137} INFO - [2023-05-01T18:03:44.429+0000] {dag.py:2705} INFO - Sync 1 DAGs
[2023-05-01T18:03:44.460+0000] {logging_mixin.py:137} INFO - [2023-05-01T18:03:44.460+0000] {dag.py:3456} INFO - Setting next_dagrun for example_dag_basic to 2023-04-30T00:00:00+00:00, run_after=2023-05-01T00:00:00+00:00
[2023-05-01T18:03:44.483+0000] {processor.py:175} INFO - Processing /opt/airflow/dags/example-dag-basic.py took 0.198 seconds
[2023-05-01T18:03:46.669+0000] {processor.py:153} INFO - Started process (PID=47) to work on /opt/airflow/dags/example-dag-basic.py
[2023-05-01T18:03:46.670+0000] {processor.py:743} INFO - Processing file /opt/airflow/dags/example-dag-basic.py for tasks to queue
[2023-05-01T18:03:46.673+0000] {logging_mixin.py:137} INFO - [2023-05-01T18:03:46.672+0000] {dagbag.py:532} INFO - Filling up the DagBag from /opt/airflow/dags/example-dag-basic.py
[2023-05-01T18:03:46.763+0000] {processor.py:753} INFO - DAG(s) dict_keys(['example_dag_basic']) retrieved from /opt/airflow/dags/example-dag-basic.py
[2023-05-01T18:03:46.829+0000] {logging_mixin.py:137} INFO - [2023-05-01T18:03:46.828+0000] {dag.py:2705} INFO - Sync 1 DAGs
[2023-05-01T18:03:46.882+0000] {logging_mixin.py:137} INFO - [2023-05-01T18:03:46.882+0000] {dag.py:3456} INFO - Setting next_dagrun for example_dag_basic to 2023-04-30T00:00:00+00:00, run_after=2023-05-01T00:00:00+00:00
[2023-05-01T18:03:46.935+0000] {processor.py:175} INFO - Processing /opt/airflow/dags/example-dag-basic.py took 0.273 seconds
[2023-05-01T18:03:48.734+0000] {processor.py:153} INFO - Started process (PID=64) to work on /opt/airflow/dags/example-dag-basic.py
[2023-05-01T18:03:48.736+0000] {processor.py:743} INFO - Processing file /opt/airflow/dags/example-dag-basic.py for tasks to queue
[2023-05-01T18:03:48.743+0000] {logging_mixin.py:137} INFO - [2023-05-01T18:03:48.737+0000] {dagbag.py:532} INFO - Filling up the DagBag from /opt/airflow/dags/example-dag-basic.py
[2023-05-01T18:03:49.302+0000] {processor.py:153} INFO - Started process (PID=67) to work on /opt/airflow/dags/example-dag-basic.py
[2023-05-01T18:03:49.304+0000] {processor.py:743} INFO - Processing file /opt/airflow/dags/example-dag-basic.py for tasks to queue
[2023-05-01T18:03:49.310+0000] {logging_mixin.py:137} INFO - [2023-05-01T18:03:49.308+0000] {dagbag.py:532} INFO - Filling up the DagBag from /opt/airflow/dags/example-dag-basic.py
[2023-05-01T18:04:08.471+0000] {processor.py:153} INFO - Started process (PID=33) to work on /opt/airflow/dags/example-dag-basic.py
[2023-05-01T18:04:08.477+0000] {processor.py:743} INFO - Processing file /opt/airflow/dags/example-dag-basic.py for tasks to queue
[2023-05-01T18:04:08.478+0000] {logging_mixin.py:137} INFO - [2023-05-01T18:04:08.478+0000] {dagbag.py:532} INFO - Filling up the DagBag from /opt/airflow/dags/example-dag-basic.py
[2023-05-01T18:04:08.604+0000] {processor.py:753} INFO - DAG(s) dict_keys(['example_dag_basic']) retrieved from /opt/airflow/dags/example-dag-basic.py
[2023-05-01T18:04:10.700+0000] {logging_mixin.py:137} INFO - [2023-05-01T18:04:10.432+0000] {dag.py:2705} INFO - Sync 1 DAGs
[2023-05-01T18:04:29.210+0000] {processor.py:153} INFO - Started process (PID=36) to work on /opt/airflow/dags/example-dag-basic.py
[2023-05-01T18:04:29.214+0000] {processor.py:743} INFO - Processing file /opt/airflow/dags/example-dag-basic.py for tasks to queue
[2023-05-01T18:04:29.215+0000] {logging_mixin.py:137} INFO - [2023-05-01T18:04:29.215+0000] {dagbag.py:532} INFO - Filling up the DagBag from /opt/airflow/dags/example-dag-basic.py
[2023-05-01T18:04:29.283+0000] {processor.py:753} INFO - DAG(s) dict_keys(['example_dag_basic']) retrieved from /opt/airflow/dags/example-dag-basic.py
[2023-05-01T18:04:29.442+0000] {logging_mixin.py:137} INFO - [2023-05-01T18:04:29.435+0000] {dag.py:2705} INFO - Sync 1 DAGs
[2023-05-01T18:04:29.661+0000] {logging_mixin.py:137} INFO - [2023-05-01T18:04:29.660+0000] {dag.py:3456} INFO - Setting next_dagrun for example_dag_basic to 2023-04-30T00:00:00+00:00, run_after=2023-05-01T00:00:00+00:00
[2023-05-01T18:04:30.105+0000] {processor.py:175} INFO - Processing /opt/airflow/dags/example-dag-basic.py took 0.909 seconds
[2023-05-01T18:04:54.603+0000] {processor.py:153} INFO - Started process (PID=34) to work on /opt/airflow/dags/example-dag-basic.py
[2023-05-01T18:04:54.608+0000] {processor.py:743} INFO - Processing file /opt/airflow/dags/example-dag-basic.py for tasks to queue
[2023-05-01T18:04:54.610+0000] {logging_mixin.py:137} INFO - [2023-05-01T18:04:54.610+0000] {dagbag.py:532} INFO - Filling up the DagBag from /opt/airflow/dags/example-dag-basic.py
[2023-05-01T18:04:54.693+0000] {processor.py:753} INFO - DAG(s) dict_keys(['example_dag_basic']) retrieved from /opt/airflow/dags/example-dag-basic.py
[2023-05-01T18:04:55.417+0000] {logging_mixin.py:137} INFO - [2023-05-01T18:04:55.410+0000] {dag.py:2705} INFO - Sync 1 DAGs
[2023-05-01T18:05:19.470+0000] {processor.py:153} INFO - Started process (PID=35) to work on /opt/airflow/dags/example-dag-basic.py
[2023-05-01T18:05:19.479+0000] {processor.py:743} INFO - Processing file /opt/airflow/dags/example-dag-basic.py for tasks to queue
[2023-05-01T18:05:19.482+0000] {logging_mixin.py:137} INFO - [2023-05-01T18:05:19.482+0000] {dagbag.py:532} INFO - Filling up the DagBag from /opt/airflow/dags/example-dag-basic.py
[2023-05-01T18:06:02.114+0000] {processor.py:153} INFO - Started process (PID=33) to work on /opt/airflow/dags/example-dag-basic.py
[2023-05-01T18:06:02.116+0000] {processor.py:743} INFO - Processing file /opt/airflow/dags/example-dag-basic.py for tasks to queue
[2023-05-01T18:06:02.117+0000] {logging_mixin.py:137} INFO - [2023-05-01T18:06:02.117+0000] {dagbag.py:532} INFO - Filling up the DagBag from /opt/airflow/dags/example-dag-basic.py
[2023-05-01T18:06:02.171+0000] {processor.py:753} INFO - DAG(s) dict_keys(['example_dag_basic']) retrieved from /opt/airflow/dags/example-dag-basic.py
[2023-05-01T18:06:02.223+0000] {logging_mixin.py:137} INFO - [2023-05-01T18:06:02.223+0000] {dag.py:2705} INFO - Sync 1 DAGs
[2023-05-01T18:06:02.253+0000] {logging_mixin.py:137} INFO - [2023-05-01T18:06:02.253+0000] {dag.py:3456} INFO - Setting next_dagrun for example_dag_basic to 2023-04-30T00:00:00+00:00, run_after=2023-05-01T00:00:00+00:00
[2023-05-01T18:06:02.274+0000] {processor.py:175} INFO - Processing /opt/airflow/dags/example-dag-basic.py took 0.163 seconds
[2023-05-01T18:06:32.031+0000] {processor.py:153} INFO - Started process (PID=33) to work on /opt/airflow/dags/example-dag-basic.py
[2023-05-01T18:06:32.048+0000] {processor.py:743} INFO - Processing file /opt/airflow/dags/example-dag-basic.py for tasks to queue
[2023-05-01T18:06:32.078+0000] {logging_mixin.py:137} INFO - [2023-05-01T18:06:32.070+0000] {dagbag.py:532} INFO - Filling up the DagBag from /opt/airflow/dags/example-dag-basic.py
[2023-05-01T18:06:40.000+0000] {processor.py:153} INFO - Started process (PID=34) to work on /opt/airflow/dags/example-dag-basic.py
[2023-05-01T18:06:40.001+0000] {processor.py:743} INFO - Processing file /opt/airflow/dags/example-dag-basic.py for tasks to queue
[2023-05-01T18:06:40.002+0000] {logging_mixin.py:137} INFO - [2023-05-01T18:06:40.002+0000] {dagbag.py:532} INFO - Filling up the DagBag from /opt/airflow/dags/example-dag-basic.py
[2023-05-01T18:06:40.074+0000] {processor.py:753} INFO - DAG(s) dict_keys(['example_dag_basic']) retrieved from /opt/airflow/dags/example-dag-basic.py
[2023-05-01T18:06:49.492+0000] {processor.py:153} INFO - Started process (PID=34) to work on /opt/airflow/dags/example-dag-basic.py
[2023-05-01T18:06:49.496+0000] {processor.py:743} INFO - Processing file /opt/airflow/dags/example-dag-basic.py for tasks to queue
[2023-05-01T18:06:49.501+0000] {logging_mixin.py:137} INFO - [2023-05-01T18:06:49.499+0000] {dagbag.py:532} INFO - Filling up the DagBag from /opt/airflow/dags/example-dag-basic.py
[2023-05-01T18:06:49.627+0000] {processor.py:753} INFO - DAG(s) dict_keys(['example_dag_basic']) retrieved from /opt/airflow/dags/example-dag-basic.py
[2023-05-01T18:07:05.527+0000] {processor.py:153} INFO - Started process (PID=34) to work on /opt/airflow/dags/example-dag-basic.py
[2023-05-01T18:07:05.530+0000] {processor.py:743} INFO - Processing file /opt/airflow/dags/example-dag-basic.py for tasks to queue
[2023-05-01T18:07:05.531+0000] {logging_mixin.py:137} INFO - [2023-05-01T18:07:05.531+0000] {dagbag.py:532} INFO - Filling up the DagBag from /opt/airflow/dags/example-dag-basic.py
[2023-05-01T18:07:14.743+0000] {processor.py:153} INFO - Started process (PID=33) to work on /opt/airflow/dags/example-dag-basic.py
[2023-05-01T18:07:14.746+0000] {processor.py:743} INFO - Processing file /opt/airflow/dags/example-dag-basic.py for tasks to queue
[2023-05-01T18:07:14.757+0000] {logging_mixin.py:137} INFO - [2023-05-01T18:07:14.751+0000] {dagbag.py:532} INFO - Filling up the DagBag from /opt/airflow/dags/example-dag-basic.py
[2023-05-01T18:07:25.338+0000] {processor.py:153} INFO - Started process (PID=32) to work on /opt/airflow/dags/example-dag-basic.py
[2023-05-01T18:07:25.345+0000] {processor.py:743} INFO - Processing file /opt/airflow/dags/example-dag-basic.py for tasks to queue
[2023-05-01T18:07:25.351+0000] {logging_mixin.py:137} INFO - [2023-05-01T18:07:25.351+0000] {dagbag.py:532} INFO - Filling up the DagBag from /opt/airflow/dags/example-dag-basic.py
[2023-05-01T18:07:25.474+0000] {processor.py:753} INFO - DAG(s) dict_keys(['example_dag_basic']) retrieved from /opt/airflow/dags/example-dag-basic.py
[2023-05-01T18:07:27.611+0000] {logging_mixin.py:137} INFO - [2023-05-01T18:07:27.606+0000] {dag.py:2705} INFO - Sync 1 DAGs
[2023-05-01T18:07:50.814+0000] {processor.py:153} INFO - Started process (PID=33) to work on /opt/airflow/dags/example-dag-basic.py
[2023-05-01T18:07:50.863+0000] {processor.py:743} INFO - Processing file /opt/airflow/dags/example-dag-basic.py for tasks to queue
[2023-05-01T18:07:51.111+0000] {logging_mixin.py:137} INFO - [2023-05-01T18:07:50.984+0000] {dagbag.py:532} INFO - Filling up the DagBag from /opt/airflow/dags/example-dag-basic.py
[2023-05-01T18:08:21.478+0000] {processor.py:153} INFO - Started process (PID=34) to work on /opt/airflow/dags/example-dag-basic.py
[2023-05-01T18:08:21.479+0000] {processor.py:743} INFO - Processing file /opt/airflow/dags/example-dag-basic.py for tasks to queue
[2023-05-01T18:08:21.483+0000] {logging_mixin.py:137} INFO - [2023-05-01T18:08:21.482+0000] {dagbag.py:532} INFO - Filling up the DagBag from /opt/airflow/dags/example-dag-basic.py
[2023-05-01T18:08:21.545+0000] {processor.py:753} INFO - DAG(s) dict_keys(['example_dag_basic']) retrieved from /opt/airflow/dags/example-dag-basic.py
[2023-05-01T18:08:21.608+0000] {logging_mixin.py:137} INFO - [2023-05-01T18:08:21.607+0000] {dag.py:2705} INFO - Sync 1 DAGs
[2023-05-01T18:08:21.641+0000] {logging_mixin.py:137} INFO - [2023-05-01T18:08:21.641+0000] {dag.py:3456} INFO - Setting next_dagrun for example_dag_basic to 2023-04-30T00:00:00+00:00, run_after=2023-05-01T00:00:00+00:00
[2023-05-01T18:08:21.671+0000] {processor.py:175} INFO - Processing /opt/airflow/dags/example-dag-basic.py took 0.196 seconds
[2023-05-01T18:08:36.696+0000] {processor.py:153} INFO - Started process (PID=34) to work on /opt/airflow/dags/example-dag-basic.py
[2023-05-01T18:08:36.696+0000] {processor.py:743} INFO - Processing file /opt/airflow/dags/example-dag-basic.py for tasks to queue
[2023-05-01T18:08:36.697+0000] {logging_mixin.py:137} INFO - [2023-05-01T18:08:36.697+0000] {dagbag.py:532} INFO - Filling up the DagBag from /opt/airflow/dags/example-dag-basic.py
[2023-05-01T18:08:36.762+0000] {processor.py:753} INFO - DAG(s) dict_keys(['example_dag_basic']) retrieved from /opt/airflow/dags/example-dag-basic.py
[2023-05-01T18:08:39.115+0000] {logging_mixin.py:137} INFO - [2023-05-01T18:08:39.115+0000] {dag.py:2705} INFO - Sync 1 DAGs
[2023-05-01T18:09:25.473+0000] {processor.py:153} INFO - Started process (PID=33) to work on /opt/airflow/dags/example-dag-basic.py
[2023-05-01T18:09:25.495+0000] {processor.py:743} INFO - Processing file /opt/airflow/dags/example-dag-basic.py for tasks to queue
[2023-05-01T18:09:25.497+0000] {logging_mixin.py:137} INFO - [2023-05-01T18:09:25.497+0000] {dagbag.py:532} INFO - Filling up the DagBag from /opt/airflow/dags/example-dag-basic.py
[2023-05-01T18:09:25.618+0000] {processor.py:753} INFO - DAG(s) dict_keys(['example_dag_basic']) retrieved from /opt/airflow/dags/example-dag-basic.py
[2023-05-01T18:09:25.762+0000] {logging_mixin.py:137} INFO - [2023-05-01T18:09:25.762+0000] {dag.py:2705} INFO - Sync 1 DAGs
[2023-05-01T18:09:25.823+0000] {logging_mixin.py:137} INFO - [2023-05-01T18:09:25.823+0000] {dag.py:3456} INFO - Setting next_dagrun for example_dag_basic to 2023-04-30T00:00:00+00:00, run_after=2023-05-01T00:00:00+00:00
[2023-05-01T18:09:25.890+0000] {processor.py:175} INFO - Processing /opt/airflow/dags/example-dag-basic.py took 0.421 seconds
[2023-05-01T18:09:33.009+0000] {processor.py:153} INFO - Started process (PID=58) to work on /opt/airflow/dags/example-dag-basic.py
[2023-05-01T18:09:33.022+0000] {processor.py:743} INFO - Processing file /opt/airflow/dags/example-dag-basic.py for tasks to queue
[2023-05-01T18:09:33.028+0000] {logging_mixin.py:137} INFO - [2023-05-01T18:09:33.027+0000] {dagbag.py:532} INFO - Filling up the DagBag from /opt/airflow/dags/example-dag-basic.py
[2023-05-01T18:09:33.258+0000] {processor.py:753} INFO - DAG(s) dict_keys(['example_dag_basic']) retrieved from /opt/airflow/dags/example-dag-basic.py
[2023-05-01T18:12:09.218+0000] {processor.py:153} INFO - Started process (PID=35) to work on /opt/airflow/dags/example-dag-basic.py
[2023-05-01T18:12:09.245+0000] {processor.py:743} INFO - Processing file /opt/airflow/dags/example-dag-basic.py for tasks to queue
[2023-05-01T18:12:09.259+0000] {logging_mixin.py:137} INFO - [2023-05-01T18:12:09.258+0000] {dagbag.py:532} INFO - Filling up the DagBag from /opt/airflow/dags/example-dag-basic.py
[2023-05-01T18:12:09.362+0000] {processor.py:753} INFO - DAG(s) dict_keys(['example_dag_basic']) retrieved from /opt/airflow/dags/example-dag-basic.py
[2023-05-01T18:12:09.868+0000] {logging_mixin.py:137} INFO - [2023-05-01T18:12:09.866+0000] {dag.py:2705} INFO - Sync 1 DAGs
[2023-05-01T18:12:10.040+0000] {logging_mixin.py:137} INFO - [2023-05-01T18:12:10.038+0000] {dag.py:3456} INFO - Setting next_dagrun for example_dag_basic to 2023-04-30T00:00:00+00:00, run_after=2023-05-01T00:00:00+00:00
[2023-05-01T18:12:10.285+0000] {processor.py:175} INFO - Processing /opt/airflow/dags/example-dag-basic.py took 1.069 seconds
[2023-05-01T19:27:43.110+0000] {processor.py:153} INFO - Started process (PID=43) to work on /opt/airflow/dags/example-dag-basic.py
[2023-05-01T19:27:43.132+0000] {processor.py:743} INFO - Processing file /opt/airflow/dags/example-dag-basic.py for tasks to queue
[2023-05-01T19:27:43.136+0000] {logging_mixin.py:137} INFO - [2023-05-01T19:27:43.136+0000] {dagbag.py:532} INFO - Filling up the DagBag from /opt/airflow/dags/example-dag-basic.py
[2023-05-01T19:27:43.320+0000] {processor.py:753} INFO - DAG(s) dict_keys(['example_dag_basic']) retrieved from /opt/airflow/dags/example-dag-basic.py
[2023-05-01T19:27:45.061+0000] {logging_mixin.py:137} INFO - [2023-05-01T19:27:45.059+0000] {dag.py:2705} INFO - Sync 1 DAGs
[2023-05-01T20:16:06.916+0000] {processor.py:153} INFO - Started process (PID=33) to work on /opt/airflow/dags/example-dag-basic.py
[2023-05-01T20:16:06.975+0000] {processor.py:743} INFO - Processing file /opt/airflow/dags/example-dag-basic.py for tasks to queue
[2023-05-01T20:16:07.085+0000] {logging_mixin.py:137} INFO - [2023-05-01T20:16:07.039+0000] {dagbag.py:532} INFO - Filling up the DagBag from /opt/airflow/dags/example-dag-basic.py
