[2023-05-01T05:03:06.850+0000] {processor.py:153} INFO - Started process (PID=41) to work on /opt/airflow/dags/file.py
[2023-05-01T05:03:06.879+0000] {processor.py:743} INFO - Processing file /opt/airflow/dags/file.py for tasks to queue
[2023-05-01T05:03:07.064+0000] {logging_mixin.py:137} INFO - [2023-05-01T05:03:07.057+0000] {dagbag.py:532} INFO - Filling up the DagBag from /opt/airflow/dags/file.py
[2023-05-01T08:38:46.216+0000] {processor.py:153} INFO - Started process (PID=43) to work on /opt/airflow/dags/file.py
[2023-05-01T08:38:46.222+0000] {processor.py:743} INFO - Processing file /opt/airflow/dags/file.py for tasks to queue
[2023-05-01T08:38:46.226+0000] {logging_mixin.py:137} INFO - [2023-05-01T08:38:46.226+0000] {dagbag.py:532} INFO - Filling up the DagBag from /opt/airflow/dags/file.py
[2023-05-01T08:38:46.412+0000] {processor.py:753} INFO - DAG(s) dict_keys(['first_dag']) retrieved from /opt/airflow/dags/file.py
[2023-05-01T11:41:52.276+0000] {processor.py:153} INFO - Started process (PID=44) to work on /opt/airflow/dags/file.py
[2023-05-01T11:41:52.278+0000] {processor.py:743} INFO - Processing file /opt/airflow/dags/file.py for tasks to queue
[2023-05-01T11:41:52.300+0000] {logging_mixin.py:137} INFO - [2023-05-01T11:41:52.280+0000] {dagbag.py:532} INFO - Filling up the DagBag from /opt/airflow/dags/file.py
[2023-05-01T11:41:52.357+0000] {processor.py:753} INFO - DAG(s) dict_keys(['first_dag']) retrieved from /opt/airflow/dags/file.py
[2023-05-01T11:41:52.533+0000] {logging_mixin.py:137} INFO - [2023-05-01T11:41:52.533+0000] {dag.py:2705} INFO - Sync 1 DAGs
[2023-05-01T11:41:52.597+0000] {logging_mixin.py:137} INFO - [2023-05-01T11:41:52.589+0000] {dag.py:3456} INFO - Setting next_dagrun for first_dag to 2023-04-29T00:00:00+00:00, run_after=2023-04-30T00:00:00+00:00
[2023-05-01T11:41:52.631+0000] {processor.py:175} INFO - Processing /opt/airflow/dags/file.py took 0.364 seconds
[2023-05-01T17:11:48.925+0000] {processor.py:153} INFO - Started process (PID=34) to work on /opt/airflow/dags/file.py
[2023-05-01T17:11:48.926+0000] {processor.py:743} INFO - Processing file /opt/airflow/dags/file.py for tasks to queue
[2023-05-01T17:11:48.927+0000] {logging_mixin.py:137} INFO - [2023-05-01T17:11:48.927+0000] {dagbag.py:532} INFO - Filling up the DagBag from /opt/airflow/dags/file.py
[2023-05-01T17:11:48.978+0000] {processor.py:753} INFO - DAG(s) dict_keys(['first_dag']) retrieved from /opt/airflow/dags/file.py
[2023-05-01T17:11:49.015+0000] {logging_mixin.py:137} INFO - [2023-05-01T17:11:49.014+0000] {dag.py:2705} INFO - Sync 1 DAGs
[2023-05-01T17:11:49.033+0000] {logging_mixin.py:137} INFO - [2023-05-01T17:11:49.033+0000] {dag.py:3456} INFO - Setting next_dagrun for first_dag to 2023-04-29T00:00:00+00:00, run_after=2023-04-30T00:00:00+00:00
[2023-05-01T17:11:49.066+0000] {processor.py:175} INFO - Processing /opt/airflow/dags/file.py took 0.145 seconds
[2023-05-01T17:12:39.102+0000] {processor.py:153} INFO - Started process (PID=41) to work on /opt/airflow/dags/file.py
[2023-05-01T17:12:39.122+0000] {processor.py:743} INFO - Processing file /opt/airflow/dags/file.py for tasks to queue
[2023-05-01T17:12:39.152+0000] {logging_mixin.py:137} INFO - [2023-05-01T17:12:39.139+0000] {dagbag.py:532} INFO - Filling up the DagBag from /opt/airflow/dags/file.py
[2023-05-01T17:12:39.960+0000] {processor.py:753} INFO - DAG(s) dict_keys(['first_dag']) retrieved from /opt/airflow/dags/file.py
[2023-05-01T17:13:09.508+0000] {processor.py:153} INFO - Started process (PID=34) to work on /opt/airflow/dags/file.py
[2023-05-01T17:13:09.509+0000] {processor.py:743} INFO - Processing file /opt/airflow/dags/file.py for tasks to queue
[2023-05-01T17:13:09.518+0000] {logging_mixin.py:137} INFO - [2023-05-01T17:13:09.517+0000] {dagbag.py:532} INFO - Filling up the DagBag from /opt/airflow/dags/file.py
[2023-05-01T17:13:09.544+0000] {processor.py:753} INFO - DAG(s) dict_keys(['first_dag']) retrieved from /opt/airflow/dags/file.py
[2023-05-01T17:13:09.574+0000] {logging_mixin.py:137} INFO - [2023-05-01T17:13:09.574+0000] {dag.py:2705} INFO - Sync 1 DAGs
[2023-05-01T17:13:09.615+0000] {logging_mixin.py:137} INFO - [2023-05-01T17:13:09.615+0000] {dag.py:3456} INFO - Setting next_dagrun for first_dag to 2023-04-29T00:00:00+00:00, run_after=2023-04-30T00:00:00+00:00
[2023-05-01T17:13:09.650+0000] {processor.py:175} INFO - Processing /opt/airflow/dags/file.py took 0.147 seconds
[2023-05-01T17:14:31.567+0000] {processor.py:153} INFO - Started process (PID=34) to work on /opt/airflow/dags/file.py
[2023-05-01T17:14:31.575+0000] {processor.py:743} INFO - Processing file /opt/airflow/dags/file.py for tasks to queue
[2023-05-01T17:14:31.579+0000] {logging_mixin.py:137} INFO - [2023-05-01T17:14:31.577+0000] {dagbag.py:532} INFO - Filling up the DagBag from /opt/airflow/dags/file.py
[2023-05-01T17:14:31.658+0000] {processor.py:753} INFO - DAG(s) dict_keys(['first_dag']) retrieved from /opt/airflow/dags/file.py
[2023-05-01T17:14:31.747+0000] {logging_mixin.py:137} INFO - [2023-05-01T17:14:31.747+0000] {dag.py:2705} INFO - Sync 1 DAGs
[2023-05-01T17:14:31.814+0000] {logging_mixin.py:137} INFO - [2023-05-01T17:14:31.814+0000] {dag.py:3456} INFO - Setting next_dagrun for first_dag to 2023-04-29T00:00:00+00:00, run_after=2023-04-30T00:00:00+00:00
[2023-05-01T17:14:31.894+0000] {processor.py:175} INFO - Processing /opt/airflow/dags/file.py took 0.335 seconds
[2023-05-01T17:15:37.472+0000] {processor.py:153} INFO - Started process (PID=34) to work on /opt/airflow/dags/file.py
[2023-05-01T17:15:37.473+0000] {processor.py:743} INFO - Processing file /opt/airflow/dags/file.py for tasks to queue
[2023-05-01T17:15:37.473+0000] {logging_mixin.py:137} INFO - [2023-05-01T17:15:37.473+0000] {dagbag.py:532} INFO - Filling up the DagBag from /opt/airflow/dags/file.py
[2023-05-01T17:15:37.520+0000] {processor.py:753} INFO - DAG(s) dict_keys(['first_dag']) retrieved from /opt/airflow/dags/file.py
[2023-05-01T17:15:37.549+0000] {logging_mixin.py:137} INFO - [2023-05-01T17:15:37.549+0000] {dag.py:2705} INFO - Sync 1 DAGs
[2023-05-01T17:15:37.580+0000] {logging_mixin.py:137} INFO - [2023-05-01T17:15:37.580+0000] {dag.py:3456} INFO - Setting next_dagrun for first_dag to 2023-04-29T00:00:00+00:00, run_after=2023-04-30T00:00:00+00:00
[2023-05-01T17:15:37.601+0000] {processor.py:175} INFO - Processing /opt/airflow/dags/file.py took 0.134 seconds
[2023-05-01T17:21:16.129+0000] {processor.py:153} INFO - Started process (PID=35) to work on /opt/airflow/dags/file.py
[2023-05-01T17:21:16.130+0000] {processor.py:743} INFO - Processing file /opt/airflow/dags/file.py for tasks to queue
[2023-05-01T17:21:16.132+0000] {logging_mixin.py:137} INFO - [2023-05-01T17:21:16.132+0000] {dagbag.py:532} INFO - Filling up the DagBag from /opt/airflow/dags/file.py
[2023-05-01T17:21:16.209+0000] {processor.py:753} INFO - DAG(s) dict_keys(['first_dag']) retrieved from /opt/airflow/dags/file.py
[2023-05-01T17:21:16.338+0000] {logging_mixin.py:137} INFO - [2023-05-01T17:21:16.337+0000] {dag.py:2705} INFO - Sync 1 DAGs
[2023-05-01T17:21:16.410+0000] {logging_mixin.py:137} INFO - [2023-05-01T17:21:16.410+0000] {dag.py:3456} INFO - Setting next_dagrun for first_dag to 2023-04-29T00:00:00+00:00, run_after=2023-04-30T00:00:00+00:00
[2023-05-01T17:21:16.521+0000] {processor.py:175} INFO - Processing /opt/airflow/dags/file.py took 0.396 seconds
[2023-05-01T17:21:33.956+0000] {processor.py:153} INFO - Started process (PID=34) to work on /opt/airflow/dags/file.py
[2023-05-01T17:21:33.957+0000] {processor.py:743} INFO - Processing file /opt/airflow/dags/file.py for tasks to queue
[2023-05-01T17:21:33.957+0000] {logging_mixin.py:137} INFO - [2023-05-01T17:21:33.957+0000] {dagbag.py:532} INFO - Filling up the DagBag from /opt/airflow/dags/file.py
[2023-05-01T17:21:33.997+0000] {processor.py:753} INFO - DAG(s) dict_keys(['first_dag']) retrieved from /opt/airflow/dags/file.py
[2023-05-01T17:21:34.050+0000] {logging_mixin.py:137} INFO - [2023-05-01T17:21:34.049+0000] {dag.py:2705} INFO - Sync 1 DAGs
[2023-05-01T17:21:34.101+0000] {logging_mixin.py:137} INFO - [2023-05-01T17:21:34.100+0000] {dag.py:3456} INFO - Setting next_dagrun for first_dag to 2023-04-29T00:00:00+00:00, run_after=2023-04-30T00:00:00+00:00
[2023-05-01T17:21:34.130+0000] {processor.py:175} INFO - Processing /opt/airflow/dags/file.py took 0.177 seconds
[2023-05-01T17:23:19.918+0000] {processor.py:153} INFO - Started process (PID=34) to work on /opt/airflow/dags/file.py
[2023-05-01T17:23:19.926+0000] {processor.py:743} INFO - Processing file /opt/airflow/dags/file.py for tasks to queue
[2023-05-01T17:23:19.933+0000] {logging_mixin.py:137} INFO - [2023-05-01T17:23:19.933+0000] {dagbag.py:532} INFO - Filling up the DagBag from /opt/airflow/dags/file.py
[2023-05-01T17:23:20.038+0000] {processor.py:753} INFO - DAG(s) dict_keys(['first_dag']) retrieved from /opt/airflow/dags/file.py
[2023-05-01T17:23:20.151+0000] {logging_mixin.py:137} INFO - [2023-05-01T17:23:20.144+0000] {dag.py:2705} INFO - Sync 1 DAGs
[2023-05-01T17:23:20.473+0000] {logging_mixin.py:137} INFO - [2023-05-01T17:23:20.473+0000] {dag.py:3456} INFO - Setting next_dagrun for first_dag to 2023-04-29T00:00:00+00:00, run_after=2023-04-30T00:00:00+00:00
[2023-05-01T17:23:20.586+0000] {processor.py:175} INFO - Processing /opt/airflow/dags/file.py took 0.672 seconds
[2023-05-01T17:23:47.201+0000] {processor.py:153} INFO - Started process (PID=40) to work on /opt/airflow/dags/file.py
[2023-05-01T17:23:47.209+0000] {processor.py:743} INFO - Processing file /opt/airflow/dags/file.py for tasks to queue
[2023-05-01T17:23:47.221+0000] {logging_mixin.py:137} INFO - [2023-05-01T17:23:47.221+0000] {dagbag.py:532} INFO - Filling up the DagBag from /opt/airflow/dags/file.py
[2023-05-01T17:23:47.378+0000] {processor.py:753} INFO - DAG(s) dict_keys(['first_dag']) retrieved from /opt/airflow/dags/file.py
[2023-05-01T17:23:47.564+0000] {logging_mixin.py:137} INFO - [2023-05-01T17:23:47.562+0000] {dag.py:2705} INFO - Sync 1 DAGs
[2023-05-01T17:23:47.747+0000] {logging_mixin.py:137} INFO - [2023-05-01T17:23:47.747+0000] {dag.py:3456} INFO - Setting next_dagrun for first_dag to 2023-04-29T00:00:00+00:00, run_after=2023-04-30T00:00:00+00:00
[2023-05-01T17:23:51.067+0000] {processor.py:175} INFO - Processing /opt/airflow/dags/file.py took 3.912 seconds
[2023-05-01T17:24:22.080+0000] {processor.py:153} INFO - Started process (PID=34) to work on /opt/airflow/dags/file.py
[2023-05-01T17:24:22.090+0000] {processor.py:743} INFO - Processing file /opt/airflow/dags/file.py for tasks to queue
[2023-05-01T17:24:22.093+0000] {logging_mixin.py:137} INFO - [2023-05-01T17:24:22.093+0000] {dagbag.py:532} INFO - Filling up the DagBag from /opt/airflow/dags/file.py
[2023-05-01T17:24:22.352+0000] {processor.py:753} INFO - DAG(s) dict_keys(['first_dag']) retrieved from /opt/airflow/dags/file.py
[2023-05-01T17:24:22.675+0000] {logging_mixin.py:137} INFO - [2023-05-01T17:24:22.646+0000] {dag.py:2705} INFO - Sync 1 DAGs
[2023-05-01T17:25:06.010+0000] {processor.py:153} INFO - Started process (PID=35) to work on /opt/airflow/dags/file.py
[2023-05-01T17:25:06.010+0000] {processor.py:743} INFO - Processing file /opt/airflow/dags/file.py for tasks to queue
[2023-05-01T17:25:06.011+0000] {logging_mixin.py:137} INFO - [2023-05-01T17:25:06.011+0000] {dagbag.py:532} INFO - Filling up the DagBag from /opt/airflow/dags/file.py
[2023-05-01T17:25:06.040+0000] {processor.py:753} INFO - DAG(s) dict_keys(['first_dag']) retrieved from /opt/airflow/dags/file.py
[2023-05-01T17:25:06.058+0000] {logging_mixin.py:137} INFO - [2023-05-01T17:25:06.058+0000] {dag.py:2705} INFO - Sync 1 DAGs
[2023-05-01T17:25:06.072+0000] {logging_mixin.py:137} INFO - [2023-05-01T17:25:06.071+0000] {dag.py:3456} INFO - Setting next_dagrun for first_dag to 2023-04-29T00:00:00+00:00, run_after=2023-04-30T00:00:00+00:00
[2023-05-01T17:25:06.080+0000] {processor.py:175} INFO - Processing /opt/airflow/dags/file.py took 0.073 seconds
[2023-05-01T17:25:18.619+0000] {processor.py:153} INFO - Started process (PID=34) to work on /opt/airflow/dags/file.py
[2023-05-01T17:25:18.631+0000] {processor.py:743} INFO - Processing file /opt/airflow/dags/file.py for tasks to queue
[2023-05-01T17:25:18.632+0000] {logging_mixin.py:137} INFO - [2023-05-01T17:25:18.632+0000] {dagbag.py:532} INFO - Filling up the DagBag from /opt/airflow/dags/file.py
[2023-05-01T17:25:18.758+0000] {processor.py:753} INFO - DAG(s) dict_keys(['first_dag']) retrieved from /opt/airflow/dags/file.py
[2023-05-01T17:25:19.106+0000] {logging_mixin.py:137} INFO - [2023-05-01T17:25:19.105+0000] {dag.py:2705} INFO - Sync 1 DAGs
[2023-05-01T17:25:44.401+0000] {processor.py:153} INFO - Started process (PID=34) to work on /opt/airflow/dags/file.py
[2023-05-01T17:25:44.402+0000] {processor.py:743} INFO - Processing file /opt/airflow/dags/file.py for tasks to queue
[2023-05-01T17:25:44.405+0000] {logging_mixin.py:137} INFO - [2023-05-01T17:25:44.403+0000] {dagbag.py:532} INFO - Filling up the DagBag from /opt/airflow/dags/file.py
[2023-05-01T17:25:44.493+0000] {processor.py:753} INFO - DAG(s) dict_keys(['first_dag']) retrieved from /opt/airflow/dags/file.py
[2023-05-01T17:25:44.695+0000] {logging_mixin.py:137} INFO - [2023-05-01T17:25:44.694+0000] {dag.py:2705} INFO - Sync 1 DAGs
[2023-05-01T17:25:44.864+0000] {logging_mixin.py:137} INFO - [2023-05-01T17:25:44.863+0000] {dag.py:3456} INFO - Setting next_dagrun for first_dag to 2023-04-29T00:00:00+00:00, run_after=2023-04-30T00:00:00+00:00
[2023-05-01T17:26:26.722+0000] {processor.py:153} INFO - Started process (PID=35) to work on /opt/airflow/dags/file.py
[2023-05-01T17:26:26.725+0000] {processor.py:743} INFO - Processing file /opt/airflow/dags/file.py for tasks to queue
[2023-05-01T17:26:26.758+0000] {logging_mixin.py:137} INFO - [2023-05-01T17:26:26.758+0000] {dagbag.py:532} INFO - Filling up the DagBag from /opt/airflow/dags/file.py
[2023-05-01T17:26:27.044+0000] {processor.py:753} INFO - DAG(s) dict_keys(['first_dag']) retrieved from /opt/airflow/dags/file.py
[2023-05-01T17:31:44.899+0000] {processor.py:153} INFO - Started process (PID=33) to work on /opt/airflow/dags/file.py
[2023-05-01T17:31:44.900+0000] {processor.py:743} INFO - Processing file /opt/airflow/dags/file.py for tasks to queue
[2023-05-01T17:31:44.900+0000] {logging_mixin.py:137} INFO - [2023-05-01T17:31:44.900+0000] {dagbag.py:532} INFO - Filling up the DagBag from /opt/airflow/dags/file.py
[2023-05-01T17:31:45.000+0000] {processor.py:753} INFO - DAG(s) dict_keys(['first_dag']) retrieved from /opt/airflow/dags/file.py
[2023-05-01T17:31:45.067+0000] {logging_mixin.py:137} INFO - [2023-05-01T17:31:45.067+0000] {dag.py:2705} INFO - Sync 1 DAGs
[2023-05-01T17:31:45.146+0000] {logging_mixin.py:137} INFO - [2023-05-01T17:31:45.146+0000] {dag.py:3456} INFO - Setting next_dagrun for first_dag to 2023-04-29T00:00:00+00:00, run_after=2023-04-30T00:00:00+00:00
[2023-05-01T17:31:45.177+0000] {processor.py:175} INFO - Processing /opt/airflow/dags/file.py took 0.285 seconds
[2023-05-01T17:32:09.860+0000] {processor.py:153} INFO - Started process (PID=33) to work on /opt/airflow/dags/file.py
[2023-05-01T17:32:09.876+0000] {processor.py:743} INFO - Processing file /opt/airflow/dags/file.py for tasks to queue
[2023-05-01T17:32:09.878+0000] {logging_mixin.py:137} INFO - [2023-05-01T17:32:09.878+0000] {dagbag.py:532} INFO - Filling up the DagBag from /opt/airflow/dags/file.py
[2023-05-01T17:32:10.141+0000] {processor.py:753} INFO - DAG(s) dict_keys(['first_dag']) retrieved from /opt/airflow/dags/file.py
[2023-05-01T17:32:14.146+0000] {logging_mixin.py:137} INFO - [2023-05-01T17:32:14.097+0000] {dag.py:2705} INFO - Sync 1 DAGs
[2023-05-01T17:32:41.830+0000] {processor.py:153} INFO - Started process (PID=34) to work on /opt/airflow/dags/file.py
[2023-05-01T17:32:41.833+0000] {processor.py:743} INFO - Processing file /opt/airflow/dags/file.py for tasks to queue
[2023-05-01T17:32:41.834+0000] {logging_mixin.py:137} INFO - [2023-05-01T17:32:41.834+0000] {dagbag.py:532} INFO - Filling up the DagBag from /opt/airflow/dags/file.py
[2023-05-01T17:32:41.933+0000] {processor.py:753} INFO - DAG(s) dict_keys(['first_dag']) retrieved from /opt/airflow/dags/file.py
[2023-05-01T17:32:41.984+0000] {logging_mixin.py:137} INFO - [2023-05-01T17:32:41.984+0000] {dag.py:2705} INFO - Sync 1 DAGs
[2023-05-01T17:32:42.013+0000] {logging_mixin.py:137} INFO - [2023-05-01T17:32:42.013+0000] {dag.py:3456} INFO - Setting next_dagrun for first_dag to 2023-04-29T00:00:00+00:00, run_after=2023-04-30T00:00:00+00:00
[2023-05-01T17:32:42.039+0000] {processor.py:175} INFO - Processing /opt/airflow/dags/file.py took 0.221 seconds
[2023-05-01T17:34:44.872+0000] {processor.py:153} INFO - Started process (PID=34) to work on /opt/airflow/dags/file.py
[2023-05-01T17:34:44.878+0000] {processor.py:743} INFO - Processing file /opt/airflow/dags/file.py for tasks to queue
[2023-05-01T17:34:44.880+0000] {logging_mixin.py:137} INFO - [2023-05-01T17:34:44.880+0000] {dagbag.py:532} INFO - Filling up the DagBag from /opt/airflow/dags/file.py
[2023-05-01T17:34:55.058+0000] {processor.py:153} INFO - Started process (PID=35) to work on /opt/airflow/dags/file.py
[2023-05-01T17:34:55.061+0000] {processor.py:743} INFO - Processing file /opt/airflow/dags/file.py for tasks to queue
[2023-05-01T17:34:55.062+0000] {logging_mixin.py:137} INFO - [2023-05-01T17:34:55.062+0000] {dagbag.py:532} INFO - Filling up the DagBag from /opt/airflow/dags/file.py
[2023-05-01T17:34:55.132+0000] {processor.py:753} INFO - DAG(s) dict_keys(['first_dag']) retrieved from /opt/airflow/dags/file.py
[2023-05-01T17:34:57.296+0000] {logging_mixin.py:137} INFO - [2023-05-01T17:34:57.294+0000] {dag.py:2705} INFO - Sync 1 DAGs
[2023-05-01T17:34:57.401+0000] {logging_mixin.py:137} INFO - [2023-05-01T17:34:57.401+0000] {dag.py:3456} INFO - Setting next_dagrun for first_dag to 2023-04-29T00:00:00+00:00, run_after=2023-04-30T00:00:00+00:00
[2023-05-01T17:36:10.437+0000] {processor.py:153} INFO - Started process (PID=34) to work on /opt/airflow/dags/file.py
[2023-05-01T17:36:10.444+0000] {processor.py:743} INFO - Processing file /opt/airflow/dags/file.py for tasks to queue
[2023-05-01T17:36:10.455+0000] {logging_mixin.py:137} INFO - [2023-05-01T17:36:10.446+0000] {dagbag.py:532} INFO - Filling up the DagBag from /opt/airflow/dags/file.py
[2023-05-01T17:36:10.611+0000] {processor.py:753} INFO - DAG(s) dict_keys(['first_dag']) retrieved from /opt/airflow/dags/file.py
[2023-05-01T17:36:10.870+0000] {logging_mixin.py:137} INFO - [2023-05-01T17:36:10.869+0000] {dag.py:2705} INFO - Sync 1 DAGs
[2023-05-01T17:36:10.974+0000] {logging_mixin.py:137} INFO - [2023-05-01T17:36:10.966+0000] {dag.py:3456} INFO - Setting next_dagrun for first_dag to 2023-04-29T00:00:00+00:00, run_after=2023-04-30T00:00:00+00:00
[2023-05-01T17:36:46.125+0000] {processor.py:153} INFO - Started process (PID=34) to work on /opt/airflow/dags/file.py
[2023-05-01T17:36:46.126+0000] {processor.py:743} INFO - Processing file /opt/airflow/dags/file.py for tasks to queue
[2023-05-01T17:36:46.127+0000] {logging_mixin.py:137} INFO - [2023-05-01T17:36:46.127+0000] {dagbag.py:532} INFO - Filling up the DagBag from /opt/airflow/dags/file.py
[2023-05-01T17:36:46.219+0000] {processor.py:753} INFO - DAG(s) dict_keys(['first_dag']) retrieved from /opt/airflow/dags/file.py
[2023-05-01T17:36:46.292+0000] {logging_mixin.py:137} INFO - [2023-05-01T17:36:46.292+0000] {dag.py:2705} INFO - Sync 1 DAGs
[2023-05-01T17:36:46.339+0000] {logging_mixin.py:137} INFO - [2023-05-01T17:36:46.339+0000] {dag.py:3456} INFO - Setting next_dagrun for first_dag to 2023-04-29T00:00:00+00:00, run_after=2023-04-30T00:00:00+00:00
[2023-05-01T17:36:46.396+0000] {processor.py:175} INFO - Processing /opt/airflow/dags/file.py took 0.286 seconds
[2023-05-01T17:37:24.575+0000] {processor.py:153} INFO - Started process (PID=34) to work on /opt/airflow/dags/file.py
[2023-05-01T17:37:24.611+0000] {processor.py:743} INFO - Processing file /opt/airflow/dags/file.py for tasks to queue
[2023-05-01T17:37:24.633+0000] {logging_mixin.py:137} INFO - [2023-05-01T17:37:24.628+0000] {dagbag.py:532} INFO - Filling up the DagBag from /opt/airflow/dags/file.py
[2023-05-01T17:37:25.588+0000] {processor.py:753} INFO - DAG(s) dict_keys(['first_dag']) retrieved from /opt/airflow/dags/file.py
[2023-05-01T17:37:42.327+0000] {processor.py:153} INFO - Started process (PID=35) to work on /opt/airflow/dags/file.py
[2023-05-01T17:37:42.330+0000] {processor.py:743} INFO - Processing file /opt/airflow/dags/file.py for tasks to queue
[2023-05-01T17:37:42.332+0000] {logging_mixin.py:137} INFO - [2023-05-01T17:37:42.330+0000] {dagbag.py:532} INFO - Filling up the DagBag from /opt/airflow/dags/file.py
[2023-05-01T17:37:42.370+0000] {processor.py:753} INFO - DAG(s) dict_keys(['first_dag']) retrieved from /opt/airflow/dags/file.py
[2023-05-01T17:37:42.410+0000] {logging_mixin.py:137} INFO - [2023-05-01T17:37:42.409+0000] {dag.py:2705} INFO - Sync 1 DAGs
[2023-05-01T17:37:42.463+0000] {logging_mixin.py:137} INFO - [2023-05-01T17:37:42.462+0000] {dag.py:3456} INFO - Setting next_dagrun for first_dag to 2023-04-29T00:00:00+00:00, run_after=2023-04-30T00:00:00+00:00
[2023-05-01T17:37:42.537+0000] {processor.py:175} INFO - Processing /opt/airflow/dags/file.py took 0.214 seconds
[2023-05-01T17:38:14.116+0000] {processor.py:153} INFO - Started process (PID=35) to work on /opt/airflow/dags/file.py
[2023-05-01T17:38:14.116+0000] {processor.py:743} INFO - Processing file /opt/airflow/dags/file.py for tasks to queue
[2023-05-01T17:38:14.117+0000] {logging_mixin.py:137} INFO - [2023-05-01T17:38:14.117+0000] {dagbag.py:532} INFO - Filling up the DagBag from /opt/airflow/dags/file.py
[2023-05-01T17:38:14.170+0000] {processor.py:753} INFO - DAG(s) dict_keys(['first_dag']) retrieved from /opt/airflow/dags/file.py
[2023-05-01T17:38:14.240+0000] {logging_mixin.py:137} INFO - [2023-05-01T17:38:14.239+0000] {dag.py:2705} INFO - Sync 1 DAGs
[2023-05-01T17:38:14.273+0000] {logging_mixin.py:137} INFO - [2023-05-01T17:38:14.273+0000] {dag.py:3456} INFO - Setting next_dagrun for first_dag to 2023-04-29T00:00:00+00:00, run_after=2023-04-30T00:00:00+00:00
[2023-05-01T17:38:14.298+0000] {processor.py:175} INFO - Processing /opt/airflow/dags/file.py took 0.185 seconds
[2023-05-01T17:39:04.620+0000] {processor.py:153} INFO - Started process (PID=34) to work on /opt/airflow/dags/file.py
[2023-05-01T17:39:04.624+0000] {processor.py:743} INFO - Processing file /opt/airflow/dags/file.py for tasks to queue
[2023-05-01T17:39:04.624+0000] {logging_mixin.py:137} INFO - [2023-05-01T17:39:04.624+0000] {dagbag.py:532} INFO - Filling up the DagBag from /opt/airflow/dags/file.py
[2023-05-01T17:39:04.664+0000] {processor.py:753} INFO - DAG(s) dict_keys(['first_dag']) retrieved from /opt/airflow/dags/file.py
[2023-05-01T17:39:04.709+0000] {logging_mixin.py:137} INFO - [2023-05-01T17:39:04.709+0000] {dag.py:2705} INFO - Sync 1 DAGs
[2023-05-01T17:39:04.733+0000] {logging_mixin.py:137} INFO - [2023-05-01T17:39:04.733+0000] {dag.py:3456} INFO - Setting next_dagrun for first_dag to 2023-04-29T00:00:00+00:00, run_after=2023-04-30T00:00:00+00:00
[2023-05-01T17:39:04.750+0000] {processor.py:175} INFO - Processing /opt/airflow/dags/file.py took 0.133 seconds
[2023-05-01T17:41:32.095+0000] {processor.py:153} INFO - Started process (PID=36) to work on /opt/airflow/dags/file.py
[2023-05-01T17:41:32.102+0000] {processor.py:743} INFO - Processing file /opt/airflow/dags/file.py for tasks to queue
[2023-05-01T17:41:32.102+0000] {logging_mixin.py:137} INFO - [2023-05-01T17:41:32.102+0000] {dagbag.py:532} INFO - Filling up the DagBag from /opt/airflow/dags/file.py
[2023-05-01T17:41:32.154+0000] {processor.py:753} INFO - DAG(s) dict_keys(['first_dag']) retrieved from /opt/airflow/dags/file.py
[2023-05-01T17:41:32.255+0000] {logging_mixin.py:137} INFO - [2023-05-01T17:41:32.254+0000] {dag.py:2705} INFO - Sync 1 DAGs
[2023-05-01T17:41:32.322+0000] {logging_mixin.py:137} INFO - [2023-05-01T17:41:32.322+0000] {dag.py:3456} INFO - Setting next_dagrun for first_dag to 2023-04-29T00:00:00+00:00, run_after=2023-04-30T00:00:00+00:00
[2023-05-01T17:41:32.362+0000] {processor.py:175} INFO - Processing /opt/airflow/dags/file.py took 0.269 seconds
[2023-05-01T17:43:01.984+0000] {processor.py:153} INFO - Started process (PID=36) to work on /opt/airflow/dags/file.py
[2023-05-01T17:43:01.985+0000] {processor.py:743} INFO - Processing file /opt/airflow/dags/file.py for tasks to queue
[2023-05-01T17:43:01.985+0000] {logging_mixin.py:137} INFO - [2023-05-01T17:43:01.985+0000] {dagbag.py:532} INFO - Filling up the DagBag from /opt/airflow/dags/file.py
[2023-05-01T17:43:02.022+0000] {processor.py:753} INFO - DAG(s) dict_keys(['first_dag']) retrieved from /opt/airflow/dags/file.py
[2023-05-01T17:43:02.053+0000] {logging_mixin.py:137} INFO - [2023-05-01T17:43:02.053+0000] {dag.py:2705} INFO - Sync 1 DAGs
[2023-05-01T17:43:02.092+0000] {logging_mixin.py:137} INFO - [2023-05-01T17:43:02.092+0000] {dag.py:3456} INFO - Setting next_dagrun for first_dag to 2023-04-29T00:00:00+00:00, run_after=2023-04-30T00:00:00+00:00
[2023-05-01T17:43:02.114+0000] {processor.py:175} INFO - Processing /opt/airflow/dags/file.py took 0.133 seconds
[2023-05-01T17:43:56.937+0000] {processor.py:153} INFO - Started process (PID=34) to work on /opt/airflow/dags/file.py
[2023-05-01T17:43:56.941+0000] {processor.py:743} INFO - Processing file /opt/airflow/dags/file.py for tasks to queue
[2023-05-01T17:43:56.945+0000] {logging_mixin.py:137} INFO - [2023-05-01T17:43:56.945+0000] {dagbag.py:532} INFO - Filling up the DagBag from /opt/airflow/dags/file.py
[2023-05-01T17:43:57.140+0000] {processor.py:753} INFO - DAG(s) dict_keys(['first_dag']) retrieved from /opt/airflow/dags/file.py
[2023-05-01T17:43:57.306+0000] {logging_mixin.py:137} INFO - [2023-05-01T17:43:57.305+0000] {dag.py:2705} INFO - Sync 1 DAGs
[2023-05-01T17:44:18.634+0000] {processor.py:153} INFO - Started process (PID=34) to work on /opt/airflow/dags/file.py
[2023-05-01T17:44:18.642+0000] {processor.py:743} INFO - Processing file /opt/airflow/dags/file.py for tasks to queue
[2023-05-01T17:44:18.642+0000] {logging_mixin.py:137} INFO - [2023-05-01T17:44:18.642+0000] {dagbag.py:532} INFO - Filling up the DagBag from /opt/airflow/dags/file.py
[2023-05-01T17:44:18.672+0000] {processor.py:753} INFO - DAG(s) dict_keys(['first_dag']) retrieved from /opt/airflow/dags/file.py
[2023-05-01T17:44:18.706+0000] {logging_mixin.py:137} INFO - [2023-05-01T17:44:18.706+0000] {dag.py:2705} INFO - Sync 1 DAGs
[2023-05-01T17:44:18.752+0000] {logging_mixin.py:137} INFO - [2023-05-01T17:44:18.752+0000] {dag.py:3456} INFO - Setting next_dagrun for first_dag to 2023-04-29T00:00:00+00:00, run_after=2023-04-30T00:00:00+00:00
[2023-05-01T17:44:18.775+0000] {processor.py:175} INFO - Processing /opt/airflow/dags/file.py took 0.144 seconds
[2023-05-01T17:45:10.499+0000] {processor.py:153} INFO - Started process (PID=35) to work on /opt/airflow/dags/file.py
[2023-05-01T17:45:10.502+0000] {processor.py:743} INFO - Processing file /opt/airflow/dags/file.py for tasks to queue
[2023-05-01T17:45:10.504+0000] {logging_mixin.py:137} INFO - [2023-05-01T17:45:10.503+0000] {dagbag.py:532} INFO - Filling up the DagBag from /opt/airflow/dags/file.py
[2023-05-01T17:45:10.680+0000] {processor.py:753} INFO - DAG(s) dict_keys(['first_dag']) retrieved from /opt/airflow/dags/file.py
[2023-05-01T17:45:14.204+0000] {logging_mixin.py:137} INFO - [2023-05-01T17:45:14.199+0000] {dag.py:2705} INFO - Sync 1 DAGs
[2023-05-01T17:46:30.262+0000] {processor.py:153} INFO - Started process (PID=33) to work on /opt/airflow/dags/file.py
[2023-05-01T17:46:30.264+0000] {processor.py:743} INFO - Processing file /opt/airflow/dags/file.py for tasks to queue
[2023-05-01T17:46:30.267+0000] {logging_mixin.py:137} INFO - [2023-05-01T17:46:30.266+0000] {dagbag.py:532} INFO - Filling up the DagBag from /opt/airflow/dags/file.py
[2023-05-01T17:46:30.532+0000] {processor.py:753} INFO - DAG(s) dict_keys(['first_dag']) retrieved from /opt/airflow/dags/file.py
[2023-05-01T17:46:30.812+0000] {logging_mixin.py:137} INFO - [2023-05-01T17:46:30.810+0000] {dag.py:2705} INFO - Sync 1 DAGs
[2023-05-01T17:46:31.575+0000] {logging_mixin.py:137} INFO - [2023-05-01T17:46:31.575+0000] {dag.py:3456} INFO - Setting next_dagrun for first_dag to 2023-04-29T00:00:00+00:00, run_after=2023-04-30T00:00:00+00:00
[2023-05-01T17:46:31.847+0000] {processor.py:175} INFO - Processing /opt/airflow/dags/file.py took 1.608 seconds
[2023-05-01T17:47:12.333+0000] {processor.py:153} INFO - Started process (PID=39) to work on /opt/airflow/dags/file.py
[2023-05-01T17:47:12.352+0000] {processor.py:743} INFO - Processing file /opt/airflow/dags/file.py for tasks to queue
[2023-05-01T17:47:12.354+0000] {logging_mixin.py:137} INFO - [2023-05-01T17:47:12.354+0000] {dagbag.py:532} INFO - Filling up the DagBag from /opt/airflow/dags/file.py
[2023-05-01T17:47:13.479+0000] {processor.py:753} INFO - DAG(s) dict_keys(['first_dag']) retrieved from /opt/airflow/dags/file.py
[2023-05-01T17:48:06.607+0000] {processor.py:153} INFO - Started process (PID=34) to work on /opt/airflow/dags/file.py
[2023-05-01T17:48:06.608+0000] {processor.py:743} INFO - Processing file /opt/airflow/dags/file.py for tasks to queue
[2023-05-01T17:48:06.608+0000] {logging_mixin.py:137} INFO - [2023-05-01T17:48:06.608+0000] {dagbag.py:532} INFO - Filling up the DagBag from /opt/airflow/dags/file.py
[2023-05-01T17:48:06.693+0000] {processor.py:753} INFO - DAG(s) dict_keys(['first_dag']) retrieved from /opt/airflow/dags/file.py
[2023-05-01T17:48:06.789+0000] {logging_mixin.py:137} INFO - [2023-05-01T17:48:06.789+0000] {dag.py:2705} INFO - Sync 1 DAGs
[2023-05-01T17:48:06.820+0000] {logging_mixin.py:137} INFO - [2023-05-01T17:48:06.820+0000] {dag.py:3456} INFO - Setting next_dagrun for first_dag to 2023-04-29T00:00:00+00:00, run_after=2023-04-30T00:00:00+00:00
[2023-05-01T17:48:06.855+0000] {processor.py:175} INFO - Processing /opt/airflow/dags/file.py took 0.252 seconds
[2023-05-01T17:48:27.807+0000] {processor.py:153} INFO - Started process (PID=34) to work on /opt/airflow/dags/file.py
[2023-05-01T17:48:27.811+0000] {processor.py:743} INFO - Processing file /opt/airflow/dags/file.py for tasks to queue
[2023-05-01T17:48:27.813+0000] {logging_mixin.py:137} INFO - [2023-05-01T17:48:27.813+0000] {dagbag.py:532} INFO - Filling up the DagBag from /opt/airflow/dags/file.py
[2023-05-01T17:48:27.903+0000] {processor.py:753} INFO - DAG(s) dict_keys(['first_dag']) retrieved from /opt/airflow/dags/file.py
[2023-05-01T17:48:27.957+0000] {logging_mixin.py:137} INFO - [2023-05-01T17:48:27.957+0000] {dag.py:2705} INFO - Sync 1 DAGs
[2023-05-01T17:48:27.996+0000] {logging_mixin.py:137} INFO - [2023-05-01T17:48:27.995+0000] {dag.py:3456} INFO - Setting next_dagrun for first_dag to 2023-04-29T00:00:00+00:00, run_after=2023-04-30T00:00:00+00:00
[2023-05-01T17:48:28.031+0000] {processor.py:175} INFO - Processing /opt/airflow/dags/file.py took 0.230 seconds
[2023-05-01T17:49:54.724+0000] {processor.py:153} INFO - Started process (PID=34) to work on /opt/airflow/dags/file.py
[2023-05-01T17:49:54.725+0000] {processor.py:743} INFO - Processing file /opt/airflow/dags/file.py for tasks to queue
[2023-05-01T17:49:54.725+0000] {logging_mixin.py:137} INFO - [2023-05-01T17:49:54.725+0000] {dagbag.py:532} INFO - Filling up the DagBag from /opt/airflow/dags/file.py
[2023-05-01T17:49:54.764+0000] {processor.py:753} INFO - DAG(s) dict_keys(['first_dag']) retrieved from /opt/airflow/dags/file.py
[2023-05-01T17:49:54.795+0000] {logging_mixin.py:137} INFO - [2023-05-01T17:49:54.795+0000] {dag.py:2705} INFO - Sync 1 DAGs
[2023-05-01T17:49:54.828+0000] {logging_mixin.py:137} INFO - [2023-05-01T17:49:54.828+0000] {dag.py:3456} INFO - Setting next_dagrun for first_dag to 2023-04-29T00:00:00+00:00, run_after=2023-04-30T00:00:00+00:00
[2023-05-01T17:49:54.853+0000] {processor.py:175} INFO - Processing /opt/airflow/dags/file.py took 0.147 seconds
[2023-05-01T17:51:02.487+0000] {processor.py:153} INFO - Started process (PID=34) to work on /opt/airflow/dags/file.py
[2023-05-01T17:51:02.488+0000] {processor.py:743} INFO - Processing file /opt/airflow/dags/file.py for tasks to queue
[2023-05-01T17:51:02.488+0000] {logging_mixin.py:137} INFO - [2023-05-01T17:51:02.488+0000] {dagbag.py:532} INFO - Filling up the DagBag from /opt/airflow/dags/file.py
[2023-05-01T17:51:02.550+0000] {processor.py:753} INFO - DAG(s) dict_keys(['first_dag']) retrieved from /opt/airflow/dags/file.py
[2023-05-01T17:51:02.599+0000] {logging_mixin.py:137} INFO - [2023-05-01T17:51:02.599+0000] {dag.py:2705} INFO - Sync 1 DAGs
[2023-05-01T17:51:02.629+0000] {logging_mixin.py:137} INFO - [2023-05-01T17:51:02.629+0000] {dag.py:3456} INFO - Setting next_dagrun for first_dag to 2023-04-29T00:00:00+00:00, run_after=2023-04-30T00:00:00+00:00
[2023-05-01T17:51:02.666+0000] {processor.py:175} INFO - Processing /opt/airflow/dags/file.py took 0.182 seconds
[2023-05-01T17:51:29.868+0000] {processor.py:153} INFO - Started process (PID=34) to work on /opt/airflow/dags/file.py
[2023-05-01T17:51:29.868+0000] {processor.py:743} INFO - Processing file /opt/airflow/dags/file.py for tasks to queue
[2023-05-01T17:51:29.869+0000] {logging_mixin.py:137} INFO - [2023-05-01T17:51:29.869+0000] {dagbag.py:532} INFO - Filling up the DagBag from /opt/airflow/dags/file.py
[2023-05-01T17:51:29.913+0000] {processor.py:753} INFO - DAG(s) dict_keys(['first_dag']) retrieved from /opt/airflow/dags/file.py
[2023-05-01T17:51:29.936+0000] {logging_mixin.py:137} INFO - [2023-05-01T17:51:29.936+0000] {dag.py:2705} INFO - Sync 1 DAGs
[2023-05-01T17:51:29.959+0000] {logging_mixin.py:137} INFO - [2023-05-01T17:51:29.959+0000] {dag.py:3456} INFO - Setting next_dagrun for first_dag to 2023-04-29T00:00:00+00:00, run_after=2023-04-30T00:00:00+00:00
[2023-05-01T17:51:29.972+0000] {processor.py:175} INFO - Processing /opt/airflow/dags/file.py took 0.112 seconds
[2023-05-01T17:57:21.437+0000] {processor.py:153} INFO - Started process (PID=37) to work on /opt/airflow/dags/file.py
[2023-05-01T17:57:21.445+0000] {processor.py:743} INFO - Processing file /opt/airflow/dags/file.py for tasks to queue
[2023-05-01T17:57:21.450+0000] {logging_mixin.py:137} INFO - [2023-05-01T17:57:21.449+0000] {dagbag.py:532} INFO - Filling up the DagBag from /opt/airflow/dags/file.py
[2023-05-01T17:57:21.701+0000] {processor.py:753} INFO - DAG(s) dict_keys(['first_dag']) retrieved from /opt/airflow/dags/file.py
[2023-05-01T17:57:21.896+0000] {logging_mixin.py:137} INFO - [2023-05-01T17:57:21.891+0000] {dag.py:2705} INFO - Sync 1 DAGs
[2023-05-01T17:57:24.267+0000] {logging_mixin.py:137} INFO - [2023-05-01T17:57:24.266+0000] {dag.py:3456} INFO - Setting next_dagrun for first_dag to 2023-04-29T00:00:00+00:00, run_after=2023-04-30T00:00:00+00:00
[2023-05-01T17:57:52.492+0000] {processor.py:153} INFO - Started process (PID=36) to work on /opt/airflow/dags/file.py
[2023-05-01T17:57:52.494+0000] {processor.py:743} INFO - Processing file /opt/airflow/dags/file.py for tasks to queue
[2023-05-01T17:57:52.494+0000] {logging_mixin.py:137} INFO - [2023-05-01T17:57:52.494+0000] {dagbag.py:532} INFO - Filling up the DagBag from /opt/airflow/dags/file.py
[2023-05-01T17:57:52.545+0000] {processor.py:753} INFO - DAG(s) dict_keys(['first_dag']) retrieved from /opt/airflow/dags/file.py
[2023-05-01T17:57:52.759+0000] {logging_mixin.py:137} INFO - [2023-05-01T17:57:52.756+0000] {dag.py:2705} INFO - Sync 1 DAGs
[2023-05-01T17:58:32.907+0000] {processor.py:153} INFO - Started process (PID=35) to work on /opt/airflow/dags/file.py
[2023-05-01T17:58:32.909+0000] {processor.py:743} INFO - Processing file /opt/airflow/dags/file.py for tasks to queue
[2023-05-01T17:58:32.913+0000] {logging_mixin.py:137} INFO - [2023-05-01T17:58:32.911+0000] {dagbag.py:532} INFO - Filling up the DagBag from /opt/airflow/dags/file.py
[2023-05-01T17:58:33.011+0000] {processor.py:753} INFO - DAG(s) dict_keys(['first_dag']) retrieved from /opt/airflow/dags/file.py
[2023-05-01T17:58:33.048+0000] {logging_mixin.py:137} INFO - [2023-05-01T17:58:33.048+0000] {dag.py:2705} INFO - Sync 1 DAGs
[2023-05-01T17:58:33.129+0000] {logging_mixin.py:137} INFO - [2023-05-01T17:58:33.128+0000] {dag.py:3456} INFO - Setting next_dagrun for first_dag to 2023-04-29T00:00:00+00:00, run_after=2023-04-30T00:00:00+00:00
[2023-05-01T17:58:33.173+0000] {processor.py:175} INFO - Processing /opt/airflow/dags/file.py took 0.270 seconds
[2023-05-01T17:58:57.227+0000] {processor.py:153} INFO - Started process (PID=34) to work on /opt/airflow/dags/file.py
[2023-05-01T17:58:57.228+0000] {processor.py:743} INFO - Processing file /opt/airflow/dags/file.py for tasks to queue
[2023-05-01T17:58:57.228+0000] {logging_mixin.py:137} INFO - [2023-05-01T17:58:57.228+0000] {dagbag.py:532} INFO - Filling up the DagBag from /opt/airflow/dags/file.py
[2023-05-01T17:58:57.272+0000] {processor.py:753} INFO - DAG(s) dict_keys(['first_dag']) retrieved from /opt/airflow/dags/file.py
[2023-05-01T17:58:57.306+0000] {logging_mixin.py:137} INFO - [2023-05-01T17:58:57.306+0000] {dag.py:2705} INFO - Sync 1 DAGs
[2023-05-01T17:58:57.324+0000] {logging_mixin.py:137} INFO - [2023-05-01T17:58:57.324+0000] {dag.py:3456} INFO - Setting next_dagrun for first_dag to 2023-04-29T00:00:00+00:00, run_after=2023-04-30T00:00:00+00:00
[2023-05-01T17:58:57.347+0000] {processor.py:175} INFO - Processing /opt/airflow/dags/file.py took 0.123 seconds
[2023-05-01T17:59:34.209+0000] {processor.py:153} INFO - Started process (PID=35) to work on /opt/airflow/dags/file.py
[2023-05-01T17:59:34.222+0000] {processor.py:743} INFO - Processing file /opt/airflow/dags/file.py for tasks to queue
[2023-05-01T17:59:34.258+0000] {logging_mixin.py:137} INFO - [2023-05-01T17:59:34.253+0000] {dagbag.py:532} INFO - Filling up the DagBag from /opt/airflow/dags/file.py
[2023-05-01T17:59:34.598+0000] {processor.py:753} INFO - DAG(s) dict_keys(['first_dag']) retrieved from /opt/airflow/dags/file.py
[2023-05-01T17:59:43.423+0000] {processor.py:153} INFO - Started process (PID=34) to work on /opt/airflow/dags/file.py
[2023-05-01T17:59:43.423+0000] {processor.py:743} INFO - Processing file /opt/airflow/dags/file.py for tasks to queue
[2023-05-01T17:59:43.424+0000] {logging_mixin.py:137} INFO - [2023-05-01T17:59:43.424+0000] {dagbag.py:532} INFO - Filling up the DagBag from /opt/airflow/dags/file.py
[2023-05-01T17:59:43.468+0000] {processor.py:753} INFO - DAG(s) dict_keys(['first_dag']) retrieved from /opt/airflow/dags/file.py
[2023-05-01T17:59:43.532+0000] {logging_mixin.py:137} INFO - [2023-05-01T17:59:43.532+0000] {dag.py:2705} INFO - Sync 1 DAGs
[2023-05-01T17:59:43.574+0000] {logging_mixin.py:137} INFO - [2023-05-01T17:59:43.574+0000] {dag.py:3456} INFO - Setting next_dagrun for first_dag to 2023-04-29T00:00:00+00:00, run_after=2023-04-30T00:00:00+00:00
[2023-05-01T17:59:43.637+0000] {processor.py:175} INFO - Processing /opt/airflow/dags/file.py took 0.216 seconds
[2023-05-01T18:01:14.898+0000] {processor.py:153} INFO - Started process (PID=34) to work on /opt/airflow/dags/file.py
[2023-05-01T18:01:14.899+0000] {processor.py:743} INFO - Processing file /opt/airflow/dags/file.py for tasks to queue
[2023-05-01T18:01:14.900+0000] {logging_mixin.py:137} INFO - [2023-05-01T18:01:14.900+0000] {dagbag.py:532} INFO - Filling up the DagBag from /opt/airflow/dags/file.py
[2023-05-01T18:01:14.937+0000] {processor.py:753} INFO - DAG(s) dict_keys(['first_dag']) retrieved from /opt/airflow/dags/file.py
[2023-05-01T18:01:14.967+0000] {logging_mixin.py:137} INFO - [2023-05-01T18:01:14.967+0000] {dag.py:2705} INFO - Sync 1 DAGs
[2023-05-01T18:01:14.989+0000] {logging_mixin.py:137} INFO - [2023-05-01T18:01:14.989+0000] {dag.py:3456} INFO - Setting next_dagrun for first_dag to 2023-04-29T00:00:00+00:00, run_after=2023-04-30T00:00:00+00:00
[2023-05-01T18:01:15.003+0000] {processor.py:175} INFO - Processing /opt/airflow/dags/file.py took 0.108 seconds
[2023-05-01T18:01:43.932+0000] {processor.py:153} INFO - Started process (PID=38) to work on /opt/airflow/dags/file.py
[2023-05-01T18:01:43.935+0000] {processor.py:743} INFO - Processing file /opt/airflow/dags/file.py for tasks to queue
[2023-05-01T18:01:43.936+0000] {logging_mixin.py:137} INFO - [2023-05-01T18:01:43.936+0000] {dagbag.py:532} INFO - Filling up the DagBag from /opt/airflow/dags/file.py
[2023-05-01T18:01:45.167+0000] {processor.py:753} INFO - DAG(s) dict_keys(['first_dag']) retrieved from /opt/airflow/dags/file.py
[2023-05-01T18:02:25.073+0000] {processor.py:153} INFO - Started process (PID=41) to work on /opt/airflow/dags/file.py
[2023-05-01T18:02:25.073+0000] {processor.py:743} INFO - Processing file /opt/airflow/dags/file.py for tasks to queue
[2023-05-01T18:02:25.075+0000] {logging_mixin.py:137} INFO - [2023-05-01T18:02:25.075+0000] {dagbag.py:532} INFO - Filling up the DagBag from /opt/airflow/dags/file.py
[2023-05-01T18:02:25.131+0000] {processor.py:753} INFO - DAG(s) dict_keys(['first_dag']) retrieved from /opt/airflow/dags/file.py
[2023-05-01T18:02:25.151+0000] {logging_mixin.py:137} INFO - [2023-05-01T18:02:25.150+0000] {dag.py:2705} INFO - Sync 1 DAGs
[2023-05-01T18:02:25.166+0000] {logging_mixin.py:137} INFO - [2023-05-01T18:02:25.166+0000] {dag.py:3456} INFO - Setting next_dagrun for first_dag to 2023-04-29T00:00:00+00:00, run_after=2023-04-30T00:00:00+00:00
[2023-05-01T18:02:25.183+0000] {processor.py:175} INFO - Processing /opt/airflow/dags/file.py took 0.113 seconds
[2023-05-01T18:03:44.507+0000] {processor.py:153} INFO - Started process (PID=35) to work on /opt/airflow/dags/file.py
[2023-05-01T18:03:44.507+0000] {processor.py:743} INFO - Processing file /opt/airflow/dags/file.py for tasks to queue
[2023-05-01T18:03:44.508+0000] {logging_mixin.py:137} INFO - [2023-05-01T18:03:44.508+0000] {dagbag.py:532} INFO - Filling up the DagBag from /opt/airflow/dags/file.py
[2023-05-01T18:03:44.535+0000] {processor.py:753} INFO - DAG(s) dict_keys(['first_dag']) retrieved from /opt/airflow/dags/file.py
[2023-05-01T18:03:44.551+0000] {logging_mixin.py:137} INFO - [2023-05-01T18:03:44.550+0000] {dag.py:2705} INFO - Sync 1 DAGs
[2023-05-01T18:03:44.566+0000] {logging_mixin.py:137} INFO - [2023-05-01T18:03:44.565+0000] {dag.py:3456} INFO - Setting next_dagrun for first_dag to 2023-04-29T00:00:00+00:00, run_after=2023-04-30T00:00:00+00:00
[2023-05-01T18:03:44.598+0000] {processor.py:175} INFO - Processing /opt/airflow/dags/file.py took 0.094 seconds
[2023-05-01T18:03:46.967+0000] {processor.py:153} INFO - Started process (PID=48) to work on /opt/airflow/dags/file.py
[2023-05-01T18:03:46.968+0000] {processor.py:743} INFO - Processing file /opt/airflow/dags/file.py for tasks to queue
[2023-05-01T18:03:46.969+0000] {logging_mixin.py:137} INFO - [2023-05-01T18:03:46.969+0000] {dagbag.py:532} INFO - Filling up the DagBag from /opt/airflow/dags/file.py
[2023-05-01T18:03:46.991+0000] {processor.py:753} INFO - DAG(s) dict_keys(['first_dag']) retrieved from /opt/airflow/dags/file.py
[2023-05-01T18:03:47.009+0000] {logging_mixin.py:137} INFO - [2023-05-01T18:03:47.009+0000] {dag.py:2705} INFO - Sync 1 DAGs
[2023-05-01T18:03:47.028+0000] {logging_mixin.py:137} INFO - [2023-05-01T18:03:47.028+0000] {dag.py:3456} INFO - Setting next_dagrun for first_dag to 2023-04-29T00:00:00+00:00, run_after=2023-04-30T00:00:00+00:00
[2023-05-01T18:03:47.045+0000] {processor.py:175} INFO - Processing /opt/airflow/dags/file.py took 0.080 seconds
[2023-05-01T18:04:10.239+0000] {processor.py:153} INFO - Started process (PID=34) to work on /opt/airflow/dags/file.py
[2023-05-01T18:04:10.246+0000] {processor.py:743} INFO - Processing file /opt/airflow/dags/file.py for tasks to queue
[2023-05-01T18:04:10.253+0000] {logging_mixin.py:137} INFO - [2023-05-01T18:04:10.253+0000] {dagbag.py:532} INFO - Filling up the DagBag from /opt/airflow/dags/file.py
[2023-05-01T18:04:17.720+0000] {processor.py:753} INFO - DAG(s) dict_keys(['first_dag']) retrieved from /opt/airflow/dags/file.py
[2023-05-01T18:04:30.157+0000] {processor.py:153} INFO - Started process (PID=37) to work on /opt/airflow/dags/file.py
[2023-05-01T18:04:30.158+0000] {processor.py:743} INFO - Processing file /opt/airflow/dags/file.py for tasks to queue
[2023-05-01T18:04:30.162+0000] {logging_mixin.py:137} INFO - [2023-05-01T18:04:30.162+0000] {dagbag.py:532} INFO - Filling up the DagBag from /opt/airflow/dags/file.py
[2023-05-01T18:04:30.330+0000] {processor.py:753} INFO - DAG(s) dict_keys(['first_dag']) retrieved from /opt/airflow/dags/file.py
[2023-05-01T18:04:30.522+0000] {logging_mixin.py:137} INFO - [2023-05-01T18:04:30.521+0000] {dag.py:2705} INFO - Sync 1 DAGs
[2023-05-01T18:04:31.656+0000] {logging_mixin.py:137} INFO - [2023-05-01T18:04:31.656+0000] {dag.py:3456} INFO - Setting next_dagrun for first_dag to 2023-04-29T00:00:00+00:00, run_after=2023-04-30T00:00:00+00:00
[2023-05-01T18:04:31.942+0000] {processor.py:175} INFO - Processing /opt/airflow/dags/file.py took 1.795 seconds
[2023-05-01T18:04:58.445+0000] {processor.py:153} INFO - Started process (PID=35) to work on /opt/airflow/dags/file.py
[2023-05-01T18:04:58.455+0000] {processor.py:743} INFO - Processing file /opt/airflow/dags/file.py for tasks to queue
[2023-05-01T18:04:58.460+0000] {logging_mixin.py:137} INFO - [2023-05-01T18:04:58.459+0000] {dagbag.py:532} INFO - Filling up the DagBag from /opt/airflow/dags/file.py
[2023-05-01T18:04:58.773+0000] {processor.py:753} INFO - DAG(s) dict_keys(['first_dag']) retrieved from /opt/airflow/dags/file.py
[2023-05-01T18:06:02.301+0000] {processor.py:153} INFO - Started process (PID=34) to work on /opt/airflow/dags/file.py
[2023-05-01T18:06:02.302+0000] {processor.py:743} INFO - Processing file /opt/airflow/dags/file.py for tasks to queue
[2023-05-01T18:06:02.302+0000] {logging_mixin.py:137} INFO - [2023-05-01T18:06:02.302+0000] {dagbag.py:532} INFO - Filling up the DagBag from /opt/airflow/dags/file.py
[2023-05-01T18:06:02.329+0000] {processor.py:753} INFO - DAG(s) dict_keys(['first_dag']) retrieved from /opt/airflow/dags/file.py
[2023-05-01T18:06:02.349+0000] {logging_mixin.py:137} INFO - [2023-05-01T18:06:02.349+0000] {dag.py:2705} INFO - Sync 1 DAGs
[2023-05-01T18:06:02.375+0000] {logging_mixin.py:137} INFO - [2023-05-01T18:06:02.375+0000] {dag.py:3456} INFO - Setting next_dagrun for first_dag to 2023-04-29T00:00:00+00:00, run_after=2023-04-30T00:00:00+00:00
[2023-05-01T18:06:02.409+0000] {processor.py:175} INFO - Processing /opt/airflow/dags/file.py took 0.109 seconds
[2023-05-01T18:06:54.069+0000] {processor.py:153} INFO - Started process (PID=35) to work on /opt/airflow/dags/file.py
[2023-05-01T18:06:54.118+0000] {processor.py:743} INFO - Processing file /opt/airflow/dags/file.py for tasks to queue
[2023-05-01T18:06:54.169+0000] {logging_mixin.py:137} INFO - [2023-05-01T18:06:54.147+0000] {dagbag.py:532} INFO - Filling up the DagBag from /opt/airflow/dags/file.py
[2023-05-01T18:07:27.416+0000] {processor.py:153} INFO - Started process (PID=33) to work on /opt/airflow/dags/file.py
[2023-05-01T18:07:27.443+0000] {processor.py:743} INFO - Processing file /opt/airflow/dags/file.py for tasks to queue
[2023-05-01T18:07:27.482+0000] {logging_mixin.py:137} INFO - [2023-05-01T18:07:27.461+0000] {dagbag.py:532} INFO - Filling up the DagBag from /opt/airflow/dags/file.py
[2023-05-01T18:07:27.893+0000] {processor.py:753} INFO - DAG(s) dict_keys(['first_dag']) retrieved from /opt/airflow/dags/file.py
[2023-05-01T18:08:21.664+0000] {processor.py:153} INFO - Started process (PID=35) to work on /opt/airflow/dags/file.py
[2023-05-01T18:08:21.665+0000] {processor.py:743} INFO - Processing file /opt/airflow/dags/file.py for tasks to queue
[2023-05-01T18:08:21.665+0000] {logging_mixin.py:137} INFO - [2023-05-01T18:08:21.665+0000] {dagbag.py:532} INFO - Filling up the DagBag from /opt/airflow/dags/file.py
[2023-05-01T18:08:21.699+0000] {processor.py:753} INFO - DAG(s) dict_keys(['first_dag']) retrieved from /opt/airflow/dags/file.py
[2023-05-01T18:08:21.727+0000] {logging_mixin.py:137} INFO - [2023-05-01T18:08:21.727+0000] {dag.py:2705} INFO - Sync 1 DAGs
[2023-05-01T18:08:21.743+0000] {logging_mixin.py:137} INFO - [2023-05-01T18:08:21.743+0000] {dag.py:3456} INFO - Setting next_dagrun for first_dag to 2023-04-29T00:00:00+00:00, run_after=2023-04-30T00:00:00+00:00
[2023-05-01T18:08:21.754+0000] {processor.py:175} INFO - Processing /opt/airflow/dags/file.py took 0.094 seconds
[2023-05-01T18:08:39.230+0000] {processor.py:153} INFO - Started process (PID=35) to work on /opt/airflow/dags/file.py
[2023-05-01T18:08:39.243+0000] {processor.py:743} INFO - Processing file /opt/airflow/dags/file.py for tasks to queue
[2023-05-01T18:08:39.244+0000] {logging_mixin.py:137} INFO - [2023-05-01T18:08:39.244+0000] {dagbag.py:532} INFO - Filling up the DagBag from /opt/airflow/dags/file.py
[2023-05-01T18:08:40.051+0000] {processor.py:753} INFO - DAG(s) dict_keys(['first_dag']) retrieved from /opt/airflow/dags/file.py
[2023-05-01T18:09:25.924+0000] {processor.py:153} INFO - Started process (PID=34) to work on /opt/airflow/dags/file.py
[2023-05-01T18:09:25.925+0000] {processor.py:743} INFO - Processing file /opt/airflow/dags/file.py for tasks to queue
[2023-05-01T18:09:25.929+0000] {logging_mixin.py:137} INFO - [2023-05-01T18:09:25.929+0000] {dagbag.py:532} INFO - Filling up the DagBag from /opt/airflow/dags/file.py
[2023-05-01T18:09:25.995+0000] {processor.py:753} INFO - DAG(s) dict_keys(['first_dag']) retrieved from /opt/airflow/dags/file.py
[2023-05-01T18:09:26.268+0000] {logging_mixin.py:137} INFO - [2023-05-01T18:09:26.268+0000] {dag.py:2705} INFO - Sync 1 DAGs
[2023-05-01T18:09:26.340+0000] {logging_mixin.py:137} INFO - [2023-05-01T18:09:26.340+0000] {dag.py:3456} INFO - Setting next_dagrun for first_dag to 2023-04-29T00:00:00+00:00, run_after=2023-04-30T00:00:00+00:00
[2023-05-01T18:09:26.446+0000] {processor.py:175} INFO - Processing /opt/airflow/dags/file.py took 0.525 seconds
[2023-05-01T18:09:33.374+0000] {processor.py:153} INFO - Started process (PID=59) to work on /opt/airflow/dags/file.py
[2023-05-01T18:09:33.375+0000] {processor.py:743} INFO - Processing file /opt/airflow/dags/file.py for tasks to queue
[2023-05-01T18:09:33.376+0000] {logging_mixin.py:137} INFO - [2023-05-01T18:09:33.376+0000] {dagbag.py:532} INFO - Filling up the DagBag from /opt/airflow/dags/file.py
[2023-05-01T18:12:10.374+0000] {processor.py:153} INFO - Started process (PID=36) to work on /opt/airflow/dags/file.py
[2023-05-01T18:12:10.376+0000] {processor.py:743} INFO - Processing file /opt/airflow/dags/file.py for tasks to queue
[2023-05-01T18:12:10.376+0000] {logging_mixin.py:137} INFO - [2023-05-01T18:12:10.376+0000] {dagbag.py:532} INFO - Filling up the DagBag from /opt/airflow/dags/file.py
[2023-05-01T18:12:10.420+0000] {processor.py:753} INFO - DAG(s) dict_keys(['first_dag']) retrieved from /opt/airflow/dags/file.py
[2023-05-01T18:12:10.502+0000] {logging_mixin.py:137} INFO - [2023-05-01T18:12:10.497+0000] {dag.py:2705} INFO - Sync 1 DAGs
[2023-05-01T18:12:10.568+0000] {logging_mixin.py:137} INFO - [2023-05-01T18:12:10.565+0000] {dag.py:3456} INFO - Setting next_dagrun for first_dag to 2023-04-29T00:00:00+00:00, run_after=2023-04-30T00:00:00+00:00
[2023-05-01T18:12:10.614+0000] {processor.py:175} INFO - Processing /opt/airflow/dags/file.py took 0.243 seconds
[2023-05-01T19:27:45.243+0000] {processor.py:153} INFO - Started process (PID=44) to work on /opt/airflow/dags/file.py
[2023-05-01T19:27:45.268+0000] {processor.py:743} INFO - Processing file /opt/airflow/dags/file.py for tasks to queue
[2023-05-01T19:27:45.309+0000] {logging_mixin.py:137} INFO - [2023-05-01T19:27:45.300+0000] {dagbag.py:532} INFO - Filling up the DagBag from /opt/airflow/dags/file.py
[2023-05-01T19:27:45.975+0000] {processor.py:753} INFO - DAG(s) dict_keys(['first_dag']) retrieved from /opt/airflow/dags/file.py
