[2023-05-01T11:41:53.098+0000] {processor.py:153} INFO - Started process (PID=48) to work on /home/airflow/.local/lib/python3.7/site-packages/airflow/example_dags/example_sensors.py
[2023-05-01T11:41:53.099+0000] {processor.py:743} INFO - Processing file /home/airflow/.local/lib/python3.7/site-packages/airflow/example_dags/example_sensors.py for tasks to queue
[2023-05-01T11:41:53.107+0000] {logging_mixin.py:137} INFO - [2023-05-01T11:41:53.106+0000] {dagbag.py:532} INFO - Filling up the DagBag from /home/airflow/.local/lib/python3.7/site-packages/airflow/example_dags/example_sensors.py
[2023-05-01T11:41:53.172+0000] {processor.py:753} INFO - DAG(s) dict_keys(['example_sensors']) retrieved from /home/airflow/.local/lib/python3.7/site-packages/airflow/example_dags/example_sensors.py
[2023-05-01T11:41:53.218+0000] {logging_mixin.py:137} INFO - [2023-05-01T11:41:53.218+0000] {dag.py:2705} INFO - Sync 1 DAGs
[2023-05-01T11:41:53.259+0000] {logging_mixin.py:137} INFO - [2023-05-01T11:41:53.259+0000] {dag.py:3456} INFO - Setting next_dagrun for example_sensors to None, run_after=None
[2023-05-01T11:41:53.287+0000] {processor.py:175} INFO - Processing /home/airflow/.local/lib/python3.7/site-packages/airflow/example_dags/example_sensors.py took 0.193 seconds
[2023-05-01T17:11:49.474+0000] {processor.py:153} INFO - Started process (PID=38) to work on /home/airflow/.local/lib/python3.7/site-packages/airflow/example_dags/example_sensors.py
[2023-05-01T17:11:49.477+0000] {processor.py:743} INFO - Processing file /home/airflow/.local/lib/python3.7/site-packages/airflow/example_dags/example_sensors.py for tasks to queue
[2023-05-01T17:11:49.478+0000] {logging_mixin.py:137} INFO - [2023-05-01T17:11:49.478+0000] {dagbag.py:532} INFO - Filling up the DagBag from /home/airflow/.local/lib/python3.7/site-packages/airflow/example_dags/example_sensors.py
[2023-05-01T17:11:49.551+0000] {processor.py:753} INFO - DAG(s) dict_keys(['example_sensors']) retrieved from /home/airflow/.local/lib/python3.7/site-packages/airflow/example_dags/example_sensors.py
[2023-05-01T17:11:49.604+0000] {logging_mixin.py:137} INFO - [2023-05-01T17:11:49.604+0000] {dag.py:2705} INFO - Sync 1 DAGs
[2023-05-01T17:11:49.640+0000] {logging_mixin.py:137} INFO - [2023-05-01T17:11:49.640+0000] {dag.py:3456} INFO - Setting next_dagrun for example_sensors to None, run_after=None
[2023-05-01T17:11:49.668+0000] {processor.py:175} INFO - Processing /home/airflow/.local/lib/python3.7/site-packages/airflow/example_dags/example_sensors.py took 0.198 seconds
[2023-05-01T17:13:09.946+0000] {processor.py:153} INFO - Started process (PID=38) to work on /home/airflow/.local/lib/python3.7/site-packages/airflow/example_dags/example_sensors.py
[2023-05-01T17:13:09.948+0000] {processor.py:743} INFO - Processing file /home/airflow/.local/lib/python3.7/site-packages/airflow/example_dags/example_sensors.py for tasks to queue
[2023-05-01T17:13:09.950+0000] {logging_mixin.py:137} INFO - [2023-05-01T17:13:09.950+0000] {dagbag.py:532} INFO - Filling up the DagBag from /home/airflow/.local/lib/python3.7/site-packages/airflow/example_dags/example_sensors.py
[2023-05-01T17:13:10.140+0000] {processor.py:753} INFO - DAG(s) dict_keys(['example_sensors']) retrieved from /home/airflow/.local/lib/python3.7/site-packages/airflow/example_dags/example_sensors.py
[2023-05-01T17:13:10.354+0000] {logging_mixin.py:137} INFO - [2023-05-01T17:13:10.353+0000] {dag.py:2705} INFO - Sync 1 DAGs
[2023-05-01T17:13:10.448+0000] {logging_mixin.py:137} INFO - [2023-05-01T17:13:10.448+0000] {dag.py:3456} INFO - Setting next_dagrun for example_sensors to None, run_after=None
[2023-05-01T17:13:10.528+0000] {processor.py:175} INFO - Processing /home/airflow/.local/lib/python3.7/site-packages/airflow/example_dags/example_sensors.py took 0.588 seconds
[2023-05-01T17:14:32.177+0000] {processor.py:153} INFO - Started process (PID=38) to work on /home/airflow/.local/lib/python3.7/site-packages/airflow/example_dags/example_sensors.py
[2023-05-01T17:14:32.178+0000] {processor.py:743} INFO - Processing file /home/airflow/.local/lib/python3.7/site-packages/airflow/example_dags/example_sensors.py for tasks to queue
[2023-05-01T17:14:32.179+0000] {logging_mixin.py:137} INFO - [2023-05-01T17:14:32.179+0000] {dagbag.py:532} INFO - Filling up the DagBag from /home/airflow/.local/lib/python3.7/site-packages/airflow/example_dags/example_sensors.py
[2023-05-01T17:14:32.229+0000] {processor.py:753} INFO - DAG(s) dict_keys(['example_sensors']) retrieved from /home/airflow/.local/lib/python3.7/site-packages/airflow/example_dags/example_sensors.py
[2023-05-01T17:14:32.390+0000] {logging_mixin.py:137} INFO - [2023-05-01T17:14:32.390+0000] {dag.py:2705} INFO - Sync 1 DAGs
[2023-05-01T17:14:32.458+0000] {logging_mixin.py:137} INFO - [2023-05-01T17:14:32.458+0000] {dag.py:3456} INFO - Setting next_dagrun for example_sensors to None, run_after=None
[2023-05-01T17:14:32.519+0000] {processor.py:175} INFO - Processing /home/airflow/.local/lib/python3.7/site-packages/airflow/example_dags/example_sensors.py took 0.348 seconds
[2023-05-01T17:15:37.925+0000] {processor.py:153} INFO - Started process (PID=38) to work on /home/airflow/.local/lib/python3.7/site-packages/airflow/example_dags/example_sensors.py
[2023-05-01T17:15:37.927+0000] {processor.py:743} INFO - Processing file /home/airflow/.local/lib/python3.7/site-packages/airflow/example_dags/example_sensors.py for tasks to queue
[2023-05-01T17:15:37.928+0000] {logging_mixin.py:137} INFO - [2023-05-01T17:15:37.928+0000] {dagbag.py:532} INFO - Filling up the DagBag from /home/airflow/.local/lib/python3.7/site-packages/airflow/example_dags/example_sensors.py
[2023-05-01T17:15:37.969+0000] {processor.py:753} INFO - DAG(s) dict_keys(['example_sensors']) retrieved from /home/airflow/.local/lib/python3.7/site-packages/airflow/example_dags/example_sensors.py
[2023-05-01T17:15:38.015+0000] {logging_mixin.py:137} INFO - [2023-05-01T17:15:38.014+0000] {dag.py:2705} INFO - Sync 1 DAGs
[2023-05-01T17:15:38.077+0000] {logging_mixin.py:137} INFO - [2023-05-01T17:15:38.077+0000] {dag.py:3456} INFO - Setting next_dagrun for example_sensors to None, run_after=None
[2023-05-01T17:15:38.134+0000] {processor.py:175} INFO - Processing /home/airflow/.local/lib/python3.7/site-packages/airflow/example_dags/example_sensors.py took 0.213 seconds
[2023-05-01T17:21:25.427+0000] {processor.py:153} INFO - Started process (PID=39) to work on /home/airflow/.local/lib/python3.7/site-packages/airflow/example_dags/example_sensors.py
[2023-05-01T17:21:25.440+0000] {processor.py:743} INFO - Processing file /home/airflow/.local/lib/python3.7/site-packages/airflow/example_dags/example_sensors.py for tasks to queue
[2023-05-01T17:21:25.470+0000] {logging_mixin.py:137} INFO - [2023-05-01T17:21:25.452+0000] {dagbag.py:532} INFO - Filling up the DagBag from /home/airflow/.local/lib/python3.7/site-packages/airflow/example_dags/example_sensors.py
[2023-05-01T17:21:34.806+0000] {processor.py:153} INFO - Started process (PID=38) to work on /home/airflow/.local/lib/python3.7/site-packages/airflow/example_dags/example_sensors.py
[2023-05-01T17:21:34.806+0000] {processor.py:743} INFO - Processing file /home/airflow/.local/lib/python3.7/site-packages/airflow/example_dags/example_sensors.py for tasks to queue
[2023-05-01T17:21:34.808+0000] {logging_mixin.py:137} INFO - [2023-05-01T17:21:34.808+0000] {dagbag.py:532} INFO - Filling up the DagBag from /home/airflow/.local/lib/python3.7/site-packages/airflow/example_dags/example_sensors.py
[2023-05-01T17:21:34.853+0000] {processor.py:753} INFO - DAG(s) dict_keys(['example_sensors']) retrieved from /home/airflow/.local/lib/python3.7/site-packages/airflow/example_dags/example_sensors.py
[2023-05-01T17:21:34.882+0000] {logging_mixin.py:137} INFO - [2023-05-01T17:21:34.882+0000] {dag.py:2705} INFO - Sync 1 DAGs
[2023-05-01T17:21:34.919+0000] {logging_mixin.py:137} INFO - [2023-05-01T17:21:34.918+0000] {dag.py:3456} INFO - Setting next_dagrun for example_sensors to None, run_after=None
[2023-05-01T17:21:34.938+0000] {processor.py:175} INFO - Processing /home/airflow/.local/lib/python3.7/site-packages/airflow/example_dags/example_sensors.py took 0.135 seconds
[2023-05-01T17:23:21.968+0000] {processor.py:153} INFO - Started process (PID=38) to work on /home/airflow/.local/lib/python3.7/site-packages/airflow/example_dags/example_sensors.py
[2023-05-01T17:23:21.970+0000] {processor.py:743} INFO - Processing file /home/airflow/.local/lib/python3.7/site-packages/airflow/example_dags/example_sensors.py for tasks to queue
[2023-05-01T17:23:21.972+0000] {logging_mixin.py:137} INFO - [2023-05-01T17:23:21.971+0000] {dagbag.py:532} INFO - Filling up the DagBag from /home/airflow/.local/lib/python3.7/site-packages/airflow/example_dags/example_sensors.py
[2023-05-01T17:23:22.140+0000] {processor.py:753} INFO - DAG(s) dict_keys(['example_sensors']) retrieved from /home/airflow/.local/lib/python3.7/site-packages/airflow/example_dags/example_sensors.py
[2023-05-01T17:23:22.304+0000] {logging_mixin.py:137} INFO - [2023-05-01T17:23:22.303+0000] {dag.py:2705} INFO - Sync 1 DAGs
[2023-05-01T17:23:22.485+0000] {logging_mixin.py:137} INFO - [2023-05-01T17:23:22.484+0000] {dag.py:3456} INFO - Setting next_dagrun for example_sensors to None, run_after=None
[2023-05-01T17:23:56.004+0000] {processor.py:153} INFO - Started process (PID=44) to work on /home/airflow/.local/lib/python3.7/site-packages/airflow/example_dags/example_sensors.py
[2023-05-01T17:23:56.006+0000] {processor.py:743} INFO - Processing file /home/airflow/.local/lib/python3.7/site-packages/airflow/example_dags/example_sensors.py for tasks to queue
[2023-05-01T17:23:56.011+0000] {logging_mixin.py:137} INFO - [2023-05-01T17:23:56.011+0000] {dagbag.py:532} INFO - Filling up the DagBag from /home/airflow/.local/lib/python3.7/site-packages/airflow/example_dags/example_sensors.py
[2023-05-01T17:23:56.136+0000] {processor.py:753} INFO - DAG(s) dict_keys(['example_sensors']) retrieved from /home/airflow/.local/lib/python3.7/site-packages/airflow/example_dags/example_sensors.py
[2023-05-01T17:23:56.209+0000] {logging_mixin.py:137} INFO - [2023-05-01T17:23:56.209+0000] {dag.py:2705} INFO - Sync 1 DAGs
[2023-05-01T17:23:56.313+0000] {logging_mixin.py:137} INFO - [2023-05-01T17:23:56.312+0000] {dag.py:3456} INFO - Setting next_dagrun for example_sensors to None, run_after=None
[2023-05-01T17:23:56.415+0000] {processor.py:175} INFO - Processing /home/airflow/.local/lib/python3.7/site-packages/airflow/example_dags/example_sensors.py took 0.420 seconds
[2023-05-01T17:25:06.225+0000] {processor.py:153} INFO - Started process (PID=39) to work on /home/airflow/.local/lib/python3.7/site-packages/airflow/example_dags/example_sensors.py
[2023-05-01T17:25:06.225+0000] {processor.py:743} INFO - Processing file /home/airflow/.local/lib/python3.7/site-packages/airflow/example_dags/example_sensors.py for tasks to queue
[2023-05-01T17:25:06.226+0000] {logging_mixin.py:137} INFO - [2023-05-01T17:25:06.226+0000] {dagbag.py:532} INFO - Filling up the DagBag from /home/airflow/.local/lib/python3.7/site-packages/airflow/example_dags/example_sensors.py
[2023-05-01T17:25:06.256+0000] {processor.py:753} INFO - DAG(s) dict_keys(['example_sensors']) retrieved from /home/airflow/.local/lib/python3.7/site-packages/airflow/example_dags/example_sensors.py
[2023-05-01T17:25:06.293+0000] {logging_mixin.py:137} INFO - [2023-05-01T17:25:06.293+0000] {dag.py:2705} INFO - Sync 1 DAGs
[2023-05-01T17:25:06.313+0000] {logging_mixin.py:137} INFO - [2023-05-01T17:25:06.313+0000] {dag.py:3456} INFO - Setting next_dagrun for example_sensors to None, run_after=None
[2023-05-01T17:25:06.324+0000] {processor.py:175} INFO - Processing /home/airflow/.local/lib/python3.7/site-packages/airflow/example_dags/example_sensors.py took 0.101 seconds
[2023-05-01T17:31:46.094+0000] {processor.py:153} INFO - Started process (PID=37) to work on /home/airflow/.local/lib/python3.7/site-packages/airflow/example_dags/example_sensors.py
[2023-05-01T17:31:46.096+0000] {processor.py:743} INFO - Processing file /home/airflow/.local/lib/python3.7/site-packages/airflow/example_dags/example_sensors.py for tasks to queue
[2023-05-01T17:31:46.096+0000] {logging_mixin.py:137} INFO - [2023-05-01T17:31:46.096+0000] {dagbag.py:532} INFO - Filling up the DagBag from /home/airflow/.local/lib/python3.7/site-packages/airflow/example_dags/example_sensors.py
[2023-05-01T17:31:46.184+0000] {processor.py:753} INFO - DAG(s) dict_keys(['example_sensors']) retrieved from /home/airflow/.local/lib/python3.7/site-packages/airflow/example_dags/example_sensors.py
[2023-05-01T17:31:46.280+0000] {logging_mixin.py:137} INFO - [2023-05-01T17:31:46.279+0000] {dag.py:2705} INFO - Sync 1 DAGs
[2023-05-01T17:31:46.372+0000] {logging_mixin.py:137} INFO - [2023-05-01T17:31:46.370+0000] {dag.py:3456} INFO - Setting next_dagrun for example_sensors to None, run_after=None
[2023-05-01T17:31:46.492+0000] {processor.py:175} INFO - Processing /home/airflow/.local/lib/python3.7/site-packages/airflow/example_dags/example_sensors.py took 0.422 seconds
[2023-05-01T17:32:42.687+0000] {processor.py:153} INFO - Started process (PID=38) to work on /home/airflow/.local/lib/python3.7/site-packages/airflow/example_dags/example_sensors.py
[2023-05-01T17:32:42.698+0000] {processor.py:743} INFO - Processing file /home/airflow/.local/lib/python3.7/site-packages/airflow/example_dags/example_sensors.py for tasks to queue
[2023-05-01T17:32:42.699+0000] {logging_mixin.py:137} INFO - [2023-05-01T17:32:42.698+0000] {dagbag.py:532} INFO - Filling up the DagBag from /home/airflow/.local/lib/python3.7/site-packages/airflow/example_dags/example_sensors.py
[2023-05-01T17:32:42.906+0000] {processor.py:753} INFO - DAG(s) dict_keys(['example_sensors']) retrieved from /home/airflow/.local/lib/python3.7/site-packages/airflow/example_dags/example_sensors.py
[2023-05-01T17:32:43.098+0000] {logging_mixin.py:137} INFO - [2023-05-01T17:32:43.086+0000] {dag.py:2705} INFO - Sync 1 DAGs
[2023-05-01T17:32:43.244+0000] {logging_mixin.py:137} INFO - [2023-05-01T17:32:43.243+0000] {dag.py:3456} INFO - Setting next_dagrun for example_sensors to None, run_after=None
[2023-05-01T17:32:50.240+0000] {processor.py:175} INFO - Processing /home/airflow/.local/lib/python3.7/site-packages/airflow/example_dags/example_sensors.py took 7.564 seconds
[2023-05-01T17:36:12.919+0000] {processor.py:153} INFO - Started process (PID=38) to work on /home/airflow/.local/lib/python3.7/site-packages/airflow/example_dags/example_sensors.py
[2023-05-01T17:36:12.925+0000] {processor.py:743} INFO - Processing file /home/airflow/.local/lib/python3.7/site-packages/airflow/example_dags/example_sensors.py for tasks to queue
[2023-05-01T17:36:12.933+0000] {logging_mixin.py:137} INFO - [2023-05-01T17:36:12.933+0000] {dagbag.py:532} INFO - Filling up the DagBag from /home/airflow/.local/lib/python3.7/site-packages/airflow/example_dags/example_sensors.py
[2023-05-01T17:36:13.085+0000] {processor.py:753} INFO - DAG(s) dict_keys(['example_sensors']) retrieved from /home/airflow/.local/lib/python3.7/site-packages/airflow/example_dags/example_sensors.py
[2023-05-01T17:36:13.244+0000] {logging_mixin.py:137} INFO - [2023-05-01T17:36:13.244+0000] {dag.py:2705} INFO - Sync 1 DAGs
[2023-05-01T17:36:13.379+0000] {logging_mixin.py:137} INFO - [2023-05-01T17:36:13.379+0000] {dag.py:3456} INFO - Setting next_dagrun for example_sensors to None, run_after=None
[2023-05-01T17:36:13.481+0000] {processor.py:175} INFO - Processing /home/airflow/.local/lib/python3.7/site-packages/airflow/example_dags/example_sensors.py took 0.573 seconds
[2023-05-01T17:36:47.398+0000] {processor.py:153} INFO - Started process (PID=38) to work on /home/airflow/.local/lib/python3.7/site-packages/airflow/example_dags/example_sensors.py
[2023-05-01T17:36:47.402+0000] {processor.py:743} INFO - Processing file /home/airflow/.local/lib/python3.7/site-packages/airflow/example_dags/example_sensors.py for tasks to queue
[2023-05-01T17:36:47.404+0000] {logging_mixin.py:137} INFO - [2023-05-01T17:36:47.404+0000] {dagbag.py:532} INFO - Filling up the DagBag from /home/airflow/.local/lib/python3.7/site-packages/airflow/example_dags/example_sensors.py
[2023-05-01T17:36:47.525+0000] {processor.py:753} INFO - DAG(s) dict_keys(['example_sensors']) retrieved from /home/airflow/.local/lib/python3.7/site-packages/airflow/example_dags/example_sensors.py
[2023-05-01T17:36:47.682+0000] {logging_mixin.py:137} INFO - [2023-05-01T17:36:47.678+0000] {dag.py:2705} INFO - Sync 1 DAGs
[2023-05-01T17:36:47.778+0000] {logging_mixin.py:137} INFO - [2023-05-01T17:36:47.775+0000] {dag.py:3456} INFO - Setting next_dagrun for example_sensors to None, run_after=None
[2023-05-01T17:37:42.953+0000] {processor.py:153} INFO - Started process (PID=39) to work on /home/airflow/.local/lib/python3.7/site-packages/airflow/example_dags/example_sensors.py
[2023-05-01T17:37:42.956+0000] {processor.py:743} INFO - Processing file /home/airflow/.local/lib/python3.7/site-packages/airflow/example_dags/example_sensors.py for tasks to queue
[2023-05-01T17:37:42.956+0000] {logging_mixin.py:137} INFO - [2023-05-01T17:37:42.956+0000] {dagbag.py:532} INFO - Filling up the DagBag from /home/airflow/.local/lib/python3.7/site-packages/airflow/example_dags/example_sensors.py
[2023-05-01T17:37:43.006+0000] {processor.py:753} INFO - DAG(s) dict_keys(['example_sensors']) retrieved from /home/airflow/.local/lib/python3.7/site-packages/airflow/example_dags/example_sensors.py
[2023-05-01T17:37:43.075+0000] {logging_mixin.py:137} INFO - [2023-05-01T17:37:43.074+0000] {dag.py:2705} INFO - Sync 1 DAGs
[2023-05-01T17:37:43.099+0000] {logging_mixin.py:137} INFO - [2023-05-01T17:37:43.098+0000] {dag.py:3456} INFO - Setting next_dagrun for example_sensors to None, run_after=None
[2023-05-01T17:37:43.141+0000] {processor.py:175} INFO - Processing /home/airflow/.local/lib/python3.7/site-packages/airflow/example_dags/example_sensors.py took 0.191 seconds
[2023-05-01T17:38:14.527+0000] {processor.py:153} INFO - Started process (PID=39) to work on /home/airflow/.local/lib/python3.7/site-packages/airflow/example_dags/example_sensors.py
[2023-05-01T17:38:14.527+0000] {processor.py:743} INFO - Processing file /home/airflow/.local/lib/python3.7/site-packages/airflow/example_dags/example_sensors.py for tasks to queue
[2023-05-01T17:38:14.528+0000] {logging_mixin.py:137} INFO - [2023-05-01T17:38:14.528+0000] {dagbag.py:532} INFO - Filling up the DagBag from /home/airflow/.local/lib/python3.7/site-packages/airflow/example_dags/example_sensors.py
[2023-05-01T17:38:14.556+0000] {processor.py:753} INFO - DAG(s) dict_keys(['example_sensors']) retrieved from /home/airflow/.local/lib/python3.7/site-packages/airflow/example_dags/example_sensors.py
[2023-05-01T17:38:14.585+0000] {logging_mixin.py:137} INFO - [2023-05-01T17:38:14.585+0000] {dag.py:2705} INFO - Sync 1 DAGs
[2023-05-01T17:38:14.604+0000] {logging_mixin.py:137} INFO - [2023-05-01T17:38:14.604+0000] {dag.py:3456} INFO - Setting next_dagrun for example_sensors to None, run_after=None
[2023-05-01T17:38:14.617+0000] {processor.py:175} INFO - Processing /home/airflow/.local/lib/python3.7/site-packages/airflow/example_dags/example_sensors.py took 0.092 seconds
[2023-05-01T17:39:07.017+0000] {processor.py:153} INFO - Started process (PID=38) to work on /home/airflow/.local/lib/python3.7/site-packages/airflow/example_dags/example_sensors.py
[2023-05-01T17:39:07.026+0000] {processor.py:743} INFO - Processing file /home/airflow/.local/lib/python3.7/site-packages/airflow/example_dags/example_sensors.py for tasks to queue
[2023-05-01T17:39:07.027+0000] {logging_mixin.py:137} INFO - [2023-05-01T17:39:07.027+0000] {dagbag.py:532} INFO - Filling up the DagBag from /home/airflow/.local/lib/python3.7/site-packages/airflow/example_dags/example_sensors.py
[2023-05-01T17:39:07.129+0000] {processor.py:753} INFO - DAG(s) dict_keys(['example_sensors']) retrieved from /home/airflow/.local/lib/python3.7/site-packages/airflow/example_dags/example_sensors.py
[2023-05-01T17:39:08.338+0000] {logging_mixin.py:137} INFO - [2023-05-01T17:39:08.323+0000] {dag.py:2705} INFO - Sync 1 DAGs
[2023-05-01T17:41:32.693+0000] {processor.py:153} INFO - Started process (PID=40) to work on /home/airflow/.local/lib/python3.7/site-packages/airflow/example_dags/example_sensors.py
[2023-05-01T17:41:32.695+0000] {processor.py:743} INFO - Processing file /home/airflow/.local/lib/python3.7/site-packages/airflow/example_dags/example_sensors.py for tasks to queue
[2023-05-01T17:41:32.709+0000] {logging_mixin.py:137} INFO - [2023-05-01T17:41:32.708+0000] {dagbag.py:532} INFO - Filling up the DagBag from /home/airflow/.local/lib/python3.7/site-packages/airflow/example_dags/example_sensors.py
[2023-05-01T17:41:32.824+0000] {processor.py:753} INFO - DAG(s) dict_keys(['example_sensors']) retrieved from /home/airflow/.local/lib/python3.7/site-packages/airflow/example_dags/example_sensors.py
[2023-05-01T17:41:32.922+0000] {logging_mixin.py:137} INFO - [2023-05-01T17:41:32.922+0000] {dag.py:2705} INFO - Sync 1 DAGs
[2023-05-01T17:41:32.978+0000] {logging_mixin.py:137} INFO - [2023-05-01T17:41:32.974+0000] {dag.py:3456} INFO - Setting next_dagrun for example_sensors to None, run_after=None
[2023-05-01T17:41:33.048+0000] {processor.py:175} INFO - Processing /home/airflow/.local/lib/python3.7/site-packages/airflow/example_dags/example_sensors.py took 0.358 seconds
[2023-05-01T17:43:02.290+0000] {processor.py:153} INFO - Started process (PID=40) to work on /home/airflow/.local/lib/python3.7/site-packages/airflow/example_dags/example_sensors.py
[2023-05-01T17:43:02.290+0000] {processor.py:743} INFO - Processing file /home/airflow/.local/lib/python3.7/site-packages/airflow/example_dags/example_sensors.py for tasks to queue
[2023-05-01T17:43:02.291+0000] {logging_mixin.py:137} INFO - [2023-05-01T17:43:02.291+0000] {dagbag.py:532} INFO - Filling up the DagBag from /home/airflow/.local/lib/python3.7/site-packages/airflow/example_dags/example_sensors.py
[2023-05-01T17:43:02.353+0000] {processor.py:753} INFO - DAG(s) dict_keys(['example_sensors']) retrieved from /home/airflow/.local/lib/python3.7/site-packages/airflow/example_dags/example_sensors.py
[2023-05-01T17:43:02.420+0000] {logging_mixin.py:137} INFO - [2023-05-01T17:43:02.419+0000] {dag.py:2705} INFO - Sync 1 DAGs
[2023-05-01T17:43:02.484+0000] {logging_mixin.py:137} INFO - [2023-05-01T17:43:02.483+0000] {dag.py:3456} INFO - Setting next_dagrun for example_sensors to None, run_after=None
[2023-05-01T17:43:02.523+0000] {processor.py:175} INFO - Processing /home/airflow/.local/lib/python3.7/site-packages/airflow/example_dags/example_sensors.py took 0.236 seconds
[2023-05-01T17:44:19.006+0000] {processor.py:153} INFO - Started process (PID=38) to work on /home/airflow/.local/lib/python3.7/site-packages/airflow/example_dags/example_sensors.py
[2023-05-01T17:44:19.009+0000] {processor.py:743} INFO - Processing file /home/airflow/.local/lib/python3.7/site-packages/airflow/example_dags/example_sensors.py for tasks to queue
[2023-05-01T17:44:19.021+0000] {logging_mixin.py:137} INFO - [2023-05-01T17:44:19.012+0000] {dagbag.py:532} INFO - Filling up the DagBag from /home/airflow/.local/lib/python3.7/site-packages/airflow/example_dags/example_sensors.py
[2023-05-01T17:44:19.077+0000] {processor.py:753} INFO - DAG(s) dict_keys(['example_sensors']) retrieved from /home/airflow/.local/lib/python3.7/site-packages/airflow/example_dags/example_sensors.py
[2023-05-01T17:44:19.126+0000] {logging_mixin.py:137} INFO - [2023-05-01T17:44:19.126+0000] {dag.py:2705} INFO - Sync 1 DAGs
[2023-05-01T17:44:19.233+0000] {logging_mixin.py:137} INFO - [2023-05-01T17:44:19.233+0000] {dag.py:3456} INFO - Setting next_dagrun for example_sensors to None, run_after=None
[2023-05-01T17:44:19.258+0000] {processor.py:175} INFO - Processing /home/airflow/.local/lib/python3.7/site-packages/airflow/example_dags/example_sensors.py took 0.255 seconds
[2023-05-01T17:48:07.505+0000] {processor.py:153} INFO - Started process (PID=38) to work on /home/airflow/.local/lib/python3.7/site-packages/airflow/example_dags/example_sensors.py
[2023-05-01T17:48:07.510+0000] {processor.py:743} INFO - Processing file /home/airflow/.local/lib/python3.7/site-packages/airflow/example_dags/example_sensors.py for tasks to queue
[2023-05-01T17:48:07.515+0000] {logging_mixin.py:137} INFO - [2023-05-01T17:48:07.514+0000] {dagbag.py:532} INFO - Filling up the DagBag from /home/airflow/.local/lib/python3.7/site-packages/airflow/example_dags/example_sensors.py
[2023-05-01T17:48:07.589+0000] {processor.py:753} INFO - DAG(s) dict_keys(['example_sensors']) retrieved from /home/airflow/.local/lib/python3.7/site-packages/airflow/example_dags/example_sensors.py
[2023-05-01T17:48:07.687+0000] {logging_mixin.py:137} INFO - [2023-05-01T17:48:07.687+0000] {dag.py:2705} INFO - Sync 1 DAGs
[2023-05-01T17:48:13.980+0000] {logging_mixin.py:137} INFO - [2023-05-01T17:48:13.820+0000] {dag.py:3456} INFO - Setting next_dagrun for example_sensors to None, run_after=None
[2023-05-01T17:48:28.345+0000] {processor.py:153} INFO - Started process (PID=38) to work on /home/airflow/.local/lib/python3.7/site-packages/airflow/example_dags/example_sensors.py
[2023-05-01T17:48:28.346+0000] {processor.py:743} INFO - Processing file /home/airflow/.local/lib/python3.7/site-packages/airflow/example_dags/example_sensors.py for tasks to queue
[2023-05-01T17:48:28.347+0000] {logging_mixin.py:137} INFO - [2023-05-01T17:48:28.347+0000] {dagbag.py:532} INFO - Filling up the DagBag from /home/airflow/.local/lib/python3.7/site-packages/airflow/example_dags/example_sensors.py
[2023-05-01T17:48:28.386+0000] {processor.py:753} INFO - DAG(s) dict_keys(['example_sensors']) retrieved from /home/airflow/.local/lib/python3.7/site-packages/airflow/example_dags/example_sensors.py
[2023-05-01T17:48:28.425+0000] {logging_mixin.py:137} INFO - [2023-05-01T17:48:28.425+0000] {dag.py:2705} INFO - Sync 1 DAGs
[2023-05-01T17:48:28.450+0000] {logging_mixin.py:137} INFO - [2023-05-01T17:48:28.450+0000] {dag.py:3456} INFO - Setting next_dagrun for example_sensors to None, run_after=None
[2023-05-01T17:48:28.480+0000] {processor.py:175} INFO - Processing /home/airflow/.local/lib/python3.7/site-packages/airflow/example_dags/example_sensors.py took 0.138 seconds
[2023-05-01T17:49:55.879+0000] {processor.py:153} INFO - Started process (PID=38) to work on /home/airflow/.local/lib/python3.7/site-packages/airflow/example_dags/example_sensors.py
[2023-05-01T17:49:55.882+0000] {processor.py:743} INFO - Processing file /home/airflow/.local/lib/python3.7/site-packages/airflow/example_dags/example_sensors.py for tasks to queue
[2023-05-01T17:49:55.883+0000] {logging_mixin.py:137} INFO - [2023-05-01T17:49:55.883+0000] {dagbag.py:532} INFO - Filling up the DagBag from /home/airflow/.local/lib/python3.7/site-packages/airflow/example_dags/example_sensors.py
[2023-05-01T17:49:56.021+0000] {processor.py:753} INFO - DAG(s) dict_keys(['example_sensors']) retrieved from /home/airflow/.local/lib/python3.7/site-packages/airflow/example_dags/example_sensors.py
[2023-05-01T17:49:56.240+0000] {logging_mixin.py:137} INFO - [2023-05-01T17:49:56.238+0000] {dag.py:2705} INFO - Sync 1 DAGs
[2023-05-01T17:49:56.363+0000] {logging_mixin.py:137} INFO - [2023-05-01T17:49:56.361+0000] {dag.py:3456} INFO - Setting next_dagrun for example_sensors to None, run_after=None
[2023-05-01T17:50:02.165+0000] {processor.py:175} INFO - Processing /home/airflow/.local/lib/python3.7/site-packages/airflow/example_dags/example_sensors.py took 6.287 seconds
[2023-05-01T17:51:03.288+0000] {processor.py:153} INFO - Started process (PID=38) to work on /home/airflow/.local/lib/python3.7/site-packages/airflow/example_dags/example_sensors.py
[2023-05-01T17:51:03.289+0000] {processor.py:743} INFO - Processing file /home/airflow/.local/lib/python3.7/site-packages/airflow/example_dags/example_sensors.py for tasks to queue
[2023-05-01T17:51:03.290+0000] {logging_mixin.py:137} INFO - [2023-05-01T17:51:03.290+0000] {dagbag.py:532} INFO - Filling up the DagBag from /home/airflow/.local/lib/python3.7/site-packages/airflow/example_dags/example_sensors.py
[2023-05-01T17:51:03.346+0000] {processor.py:753} INFO - DAG(s) dict_keys(['example_sensors']) retrieved from /home/airflow/.local/lib/python3.7/site-packages/airflow/example_dags/example_sensors.py
[2023-05-01T17:51:03.412+0000] {logging_mixin.py:137} INFO - [2023-05-01T17:51:03.411+0000] {dag.py:2705} INFO - Sync 1 DAGs
[2023-05-01T17:51:03.560+0000] {logging_mixin.py:137} INFO - [2023-05-01T17:51:03.552+0000] {dag.py:3456} INFO - Setting next_dagrun for example_sensors to None, run_after=None
[2023-05-01T17:51:03.828+0000] {processor.py:175} INFO - Processing /home/airflow/.local/lib/python3.7/site-packages/airflow/example_dags/example_sensors.py took 0.546 seconds
[2023-05-01T17:51:30.749+0000] {processor.py:153} INFO - Started process (PID=38) to work on /home/airflow/.local/lib/python3.7/site-packages/airflow/example_dags/example_sensors.py
[2023-05-01T17:51:30.778+0000] {processor.py:743} INFO - Processing file /home/airflow/.local/lib/python3.7/site-packages/airflow/example_dags/example_sensors.py for tasks to queue
[2023-05-01T17:51:30.784+0000] {logging_mixin.py:137} INFO - [2023-05-01T17:51:30.784+0000] {dagbag.py:532} INFO - Filling up the DagBag from /home/airflow/.local/lib/python3.7/site-packages/airflow/example_dags/example_sensors.py
[2023-05-01T17:51:31.200+0000] {processor.py:753} INFO - DAG(s) dict_keys(['example_sensors']) retrieved from /home/airflow/.local/lib/python3.7/site-packages/airflow/example_dags/example_sensors.py
[2023-05-01T17:51:31.372+0000] {logging_mixin.py:137} INFO - [2023-05-01T17:51:31.371+0000] {dag.py:2705} INFO - Sync 1 DAGs
[2023-05-01T17:51:31.440+0000] {logging_mixin.py:137} INFO - [2023-05-01T17:51:31.440+0000] {dag.py:3456} INFO - Setting next_dagrun for example_sensors to None, run_after=None
[2023-05-01T17:51:31.544+0000] {processor.py:175} INFO - Processing /home/airflow/.local/lib/python3.7/site-packages/airflow/example_dags/example_sensors.py took 0.823 seconds
[2023-05-01T17:57:30.774+0000] {processor.py:153} INFO - Started process (PID=41) to work on /home/airflow/.local/lib/python3.7/site-packages/airflow/example_dags/example_sensors.py
[2023-05-01T17:57:30.776+0000] {processor.py:743} INFO - Processing file /home/airflow/.local/lib/python3.7/site-packages/airflow/example_dags/example_sensors.py for tasks to queue
[2023-05-01T17:57:30.777+0000] {logging_mixin.py:137} INFO - [2023-05-01T17:57:30.777+0000] {dagbag.py:532} INFO - Filling up the DagBag from /home/airflow/.local/lib/python3.7/site-packages/airflow/example_dags/example_sensors.py
[2023-05-01T17:58:33.405+0000] {processor.py:153} INFO - Started process (PID=39) to work on /home/airflow/.local/lib/python3.7/site-packages/airflow/example_dags/example_sensors.py
[2023-05-01T17:58:33.408+0000] {processor.py:743} INFO - Processing file /home/airflow/.local/lib/python3.7/site-packages/airflow/example_dags/example_sensors.py for tasks to queue
[2023-05-01T17:58:33.411+0000] {logging_mixin.py:137} INFO - [2023-05-01T17:58:33.410+0000] {dagbag.py:532} INFO - Filling up the DagBag from /home/airflow/.local/lib/python3.7/site-packages/airflow/example_dags/example_sensors.py
[2023-05-01T17:58:33.457+0000] {processor.py:753} INFO - DAG(s) dict_keys(['example_sensors']) retrieved from /home/airflow/.local/lib/python3.7/site-packages/airflow/example_dags/example_sensors.py
[2023-05-01T17:58:33.517+0000] {logging_mixin.py:137} INFO - [2023-05-01T17:58:33.516+0000] {dag.py:2705} INFO - Sync 1 DAGs
[2023-05-01T17:58:33.555+0000] {logging_mixin.py:137} INFO - [2023-05-01T17:58:33.555+0000] {dag.py:3456} INFO - Setting next_dagrun for example_sensors to None, run_after=None
[2023-05-01T17:58:33.589+0000] {processor.py:175} INFO - Processing /home/airflow/.local/lib/python3.7/site-packages/airflow/example_dags/example_sensors.py took 0.194 seconds
[2023-05-01T17:58:57.483+0000] {processor.py:153} INFO - Started process (PID=38) to work on /home/airflow/.local/lib/python3.7/site-packages/airflow/example_dags/example_sensors.py
[2023-05-01T17:58:57.484+0000] {processor.py:743} INFO - Processing file /home/airflow/.local/lib/python3.7/site-packages/airflow/example_dags/example_sensors.py for tasks to queue
[2023-05-01T17:58:57.484+0000] {logging_mixin.py:137} INFO - [2023-05-01T17:58:57.484+0000] {dagbag.py:532} INFO - Filling up the DagBag from /home/airflow/.local/lib/python3.7/site-packages/airflow/example_dags/example_sensors.py
[2023-05-01T17:58:57.526+0000] {processor.py:753} INFO - DAG(s) dict_keys(['example_sensors']) retrieved from /home/airflow/.local/lib/python3.7/site-packages/airflow/example_dags/example_sensors.py
[2023-05-01T17:58:57.580+0000] {logging_mixin.py:137} INFO - [2023-05-01T17:58:57.580+0000] {dag.py:2705} INFO - Sync 1 DAGs
[2023-05-01T17:58:57.607+0000] {logging_mixin.py:137} INFO - [2023-05-01T17:58:57.607+0000] {dag.py:3456} INFO - Setting next_dagrun for example_sensors to None, run_after=None
[2023-05-01T17:58:57.625+0000] {processor.py:175} INFO - Processing /home/airflow/.local/lib/python3.7/site-packages/airflow/example_dags/example_sensors.py took 0.144 seconds
[2023-05-01T17:59:43.776+0000] {processor.py:153} INFO - Started process (PID=38) to work on /home/airflow/.local/lib/python3.7/site-packages/airflow/example_dags/example_sensors.py
[2023-05-01T17:59:43.779+0000] {processor.py:743} INFO - Processing file /home/airflow/.local/lib/python3.7/site-packages/airflow/example_dags/example_sensors.py for tasks to queue
[2023-05-01T17:59:43.781+0000] {logging_mixin.py:137} INFO - [2023-05-01T17:59:43.781+0000] {dagbag.py:532} INFO - Filling up the DagBag from /home/airflow/.local/lib/python3.7/site-packages/airflow/example_dags/example_sensors.py
[2023-05-01T17:59:43.881+0000] {processor.py:753} INFO - DAG(s) dict_keys(['example_sensors']) retrieved from /home/airflow/.local/lib/python3.7/site-packages/airflow/example_dags/example_sensors.py
[2023-05-01T17:59:44.055+0000] {logging_mixin.py:137} INFO - [2023-05-01T17:59:44.036+0000] {dag.py:2705} INFO - Sync 1 DAGs
[2023-05-01T17:59:46.943+0000] {logging_mixin.py:137} INFO - [2023-05-01T17:59:46.943+0000] {dag.py:3456} INFO - Setting next_dagrun for example_sensors to None, run_after=None
[2023-05-01T18:01:15.261+0000] {processor.py:153} INFO - Started process (PID=38) to work on /home/airflow/.local/lib/python3.7/site-packages/airflow/example_dags/example_sensors.py
[2023-05-01T18:01:15.262+0000] {processor.py:743} INFO - Processing file /home/airflow/.local/lib/python3.7/site-packages/airflow/example_dags/example_sensors.py for tasks to queue
[2023-05-01T18:01:15.262+0000] {logging_mixin.py:137} INFO - [2023-05-01T18:01:15.262+0000] {dagbag.py:532} INFO - Filling up the DagBag from /home/airflow/.local/lib/python3.7/site-packages/airflow/example_dags/example_sensors.py
[2023-05-01T18:01:15.300+0000] {processor.py:753} INFO - DAG(s) dict_keys(['example_sensors']) retrieved from /home/airflow/.local/lib/python3.7/site-packages/airflow/example_dags/example_sensors.py
[2023-05-01T18:01:15.413+0000] {logging_mixin.py:137} INFO - [2023-05-01T18:01:15.413+0000] {dag.py:2705} INFO - Sync 1 DAGs
[2023-05-01T18:01:15.559+0000] {logging_mixin.py:137} INFO - [2023-05-01T18:01:15.559+0000] {dag.py:3456} INFO - Setting next_dagrun for example_sensors to None, run_after=None
[2023-05-01T18:01:15.756+0000] {processor.py:175} INFO - Processing /home/airflow/.local/lib/python3.7/site-packages/airflow/example_dags/example_sensors.py took 0.498 seconds
[2023-05-01T18:02:25.363+0000] {processor.py:153} INFO - Started process (PID=45) to work on /home/airflow/.local/lib/python3.7/site-packages/airflow/example_dags/example_sensors.py
[2023-05-01T18:02:25.364+0000] {processor.py:743} INFO - Processing file /home/airflow/.local/lib/python3.7/site-packages/airflow/example_dags/example_sensors.py for tasks to queue
[2023-05-01T18:02:25.365+0000] {logging_mixin.py:137} INFO - [2023-05-01T18:02:25.365+0000] {dagbag.py:532} INFO - Filling up the DagBag from /home/airflow/.local/lib/python3.7/site-packages/airflow/example_dags/example_sensors.py
[2023-05-01T18:02:25.393+0000] {processor.py:753} INFO - DAG(s) dict_keys(['example_sensors']) retrieved from /home/airflow/.local/lib/python3.7/site-packages/airflow/example_dags/example_sensors.py
[2023-05-01T18:02:25.444+0000] {logging_mixin.py:137} INFO - [2023-05-01T18:02:25.444+0000] {dag.py:2705} INFO - Sync 1 DAGs
[2023-05-01T18:02:25.461+0000] {logging_mixin.py:137} INFO - [2023-05-01T18:02:25.461+0000] {dag.py:3456} INFO - Setting next_dagrun for example_sensors to None, run_after=None
[2023-05-01T18:02:25.477+0000] {processor.py:175} INFO - Processing /home/airflow/.local/lib/python3.7/site-packages/airflow/example_dags/example_sensors.py took 0.117 seconds
[2023-05-01T18:03:44.699+0000] {processor.py:153} INFO - Started process (PID=39) to work on /home/airflow/.local/lib/python3.7/site-packages/airflow/example_dags/example_sensors.py
[2023-05-01T18:03:44.700+0000] {processor.py:743} INFO - Processing file /home/airflow/.local/lib/python3.7/site-packages/airflow/example_dags/example_sensors.py for tasks to queue
[2023-05-01T18:03:44.702+0000] {logging_mixin.py:137} INFO - [2023-05-01T18:03:44.702+0000] {dagbag.py:532} INFO - Filling up the DagBag from /home/airflow/.local/lib/python3.7/site-packages/airflow/example_dags/example_sensors.py
[2023-05-01T18:03:44.755+0000] {processor.py:753} INFO - DAG(s) dict_keys(['example_sensors']) retrieved from /home/airflow/.local/lib/python3.7/site-packages/airflow/example_dags/example_sensors.py
[2023-05-01T18:03:44.807+0000] {logging_mixin.py:137} INFO - [2023-05-01T18:03:44.807+0000] {dag.py:2705} INFO - Sync 1 DAGs
[2023-05-01T18:03:44.890+0000] {logging_mixin.py:137} INFO - [2023-05-01T18:03:44.888+0000] {dag.py:3456} INFO - Setting next_dagrun for example_sensors to None, run_after=None
[2023-05-01T18:03:44.970+0000] {processor.py:175} INFO - Processing /home/airflow/.local/lib/python3.7/site-packages/airflow/example_dags/example_sensors.py took 0.276 seconds
[2023-05-01T18:03:47.237+0000] {processor.py:153} INFO - Started process (PID=52) to work on /home/airflow/.local/lib/python3.7/site-packages/airflow/example_dags/example_sensors.py
[2023-05-01T18:03:47.237+0000] {processor.py:743} INFO - Processing file /home/airflow/.local/lib/python3.7/site-packages/airflow/example_dags/example_sensors.py for tasks to queue
[2023-05-01T18:03:47.238+0000] {logging_mixin.py:137} INFO - [2023-05-01T18:03:47.238+0000] {dagbag.py:532} INFO - Filling up the DagBag from /home/airflow/.local/lib/python3.7/site-packages/airflow/example_dags/example_sensors.py
[2023-05-01T18:03:47.270+0000] {processor.py:753} INFO - DAG(s) dict_keys(['example_sensors']) retrieved from /home/airflow/.local/lib/python3.7/site-packages/airflow/example_dags/example_sensors.py
[2023-05-01T18:03:47.317+0000] {logging_mixin.py:137} INFO - [2023-05-01T18:03:47.317+0000] {dag.py:2705} INFO - Sync 1 DAGs
[2023-05-01T18:03:47.349+0000] {logging_mixin.py:137} INFO - [2023-05-01T18:03:47.348+0000] {dag.py:3456} INFO - Setting next_dagrun for example_sensors to None, run_after=None
[2023-05-01T18:03:47.379+0000] {processor.py:175} INFO - Processing /home/airflow/.local/lib/python3.7/site-packages/airflow/example_dags/example_sensors.py took 0.144 seconds
[2023-05-01T18:04:33.043+0000] {processor.py:153} INFO - Started process (PID=41) to work on /home/airflow/.local/lib/python3.7/site-packages/airflow/example_dags/example_sensors.py
[2023-05-01T18:04:33.081+0000] {processor.py:743} INFO - Processing file /home/airflow/.local/lib/python3.7/site-packages/airflow/example_dags/example_sensors.py for tasks to queue
[2023-05-01T18:04:33.082+0000] {logging_mixin.py:137} INFO - [2023-05-01T18:04:33.082+0000] {dagbag.py:532} INFO - Filling up the DagBag from /home/airflow/.local/lib/python3.7/site-packages/airflow/example_dags/example_sensors.py
[2023-05-01T18:04:34.602+0000] {processor.py:753} INFO - DAG(s) dict_keys(['example_sensors']) retrieved from /home/airflow/.local/lib/python3.7/site-packages/airflow/example_dags/example_sensors.py
[2023-05-01T18:04:41.670+0000] {logging_mixin.py:137} INFO - [2023-05-01T18:04:41.667+0000] {dag.py:2705} INFO - Sync 1 DAGs
[2023-05-01T18:06:02.656+0000] {processor.py:153} INFO - Started process (PID=38) to work on /home/airflow/.local/lib/python3.7/site-packages/airflow/example_dags/example_sensors.py
[2023-05-01T18:06:02.656+0000] {processor.py:743} INFO - Processing file /home/airflow/.local/lib/python3.7/site-packages/airflow/example_dags/example_sensors.py for tasks to queue
[2023-05-01T18:06:02.657+0000] {logging_mixin.py:137} INFO - [2023-05-01T18:06:02.657+0000] {dagbag.py:532} INFO - Filling up the DagBag from /home/airflow/.local/lib/python3.7/site-packages/airflow/example_dags/example_sensors.py
[2023-05-01T18:06:02.699+0000] {processor.py:753} INFO - DAG(s) dict_keys(['example_sensors']) retrieved from /home/airflow/.local/lib/python3.7/site-packages/airflow/example_dags/example_sensors.py
[2023-05-01T18:06:02.761+0000] {logging_mixin.py:137} INFO - [2023-05-01T18:06:02.757+0000] {dag.py:2705} INFO - Sync 1 DAGs
[2023-05-01T18:06:02.818+0000] {logging_mixin.py:137} INFO - [2023-05-01T18:06:02.812+0000] {dag.py:3456} INFO - Setting next_dagrun for example_sensors to None, run_after=None
[2023-05-01T18:06:02.907+0000] {processor.py:175} INFO - Processing /home/airflow/.local/lib/python3.7/site-packages/airflow/example_dags/example_sensors.py took 0.256 seconds
[2023-05-01T18:08:22.208+0000] {processor.py:153} INFO - Started process (PID=39) to work on /home/airflow/.local/lib/python3.7/site-packages/airflow/example_dags/example_sensors.py
[2023-05-01T18:08:22.209+0000] {processor.py:743} INFO - Processing file /home/airflow/.local/lib/python3.7/site-packages/airflow/example_dags/example_sensors.py for tasks to queue
[2023-05-01T18:08:22.209+0000] {logging_mixin.py:137} INFO - [2023-05-01T18:08:22.209+0000] {dagbag.py:532} INFO - Filling up the DagBag from /home/airflow/.local/lib/python3.7/site-packages/airflow/example_dags/example_sensors.py
[2023-05-01T18:08:22.320+0000] {processor.py:753} INFO - DAG(s) dict_keys(['example_sensors']) retrieved from /home/airflow/.local/lib/python3.7/site-packages/airflow/example_dags/example_sensors.py
[2023-05-01T18:08:22.537+0000] {logging_mixin.py:137} INFO - [2023-05-01T18:08:22.534+0000] {dag.py:2705} INFO - Sync 1 DAGs
[2023-05-01T18:08:22.584+0000] {logging_mixin.py:137} INFO - [2023-05-01T18:08:22.583+0000] {dag.py:3456} INFO - Setting next_dagrun for example_sensors to None, run_after=None
[2023-05-01T18:08:22.638+0000] {processor.py:175} INFO - Processing /home/airflow/.local/lib/python3.7/site-packages/airflow/example_dags/example_sensors.py took 0.442 seconds
[2023-05-01T18:09:26.936+0000] {processor.py:153} INFO - Started process (PID=38) to work on /home/airflow/.local/lib/python3.7/site-packages/airflow/example_dags/example_sensors.py
[2023-05-01T18:09:26.942+0000] {processor.py:743} INFO - Processing file /home/airflow/.local/lib/python3.7/site-packages/airflow/example_dags/example_sensors.py for tasks to queue
[2023-05-01T18:09:26.949+0000] {logging_mixin.py:137} INFO - [2023-05-01T18:09:26.948+0000] {dagbag.py:532} INFO - Filling up the DagBag from /home/airflow/.local/lib/python3.7/site-packages/airflow/example_dags/example_sensors.py
[2023-05-01T18:09:27.136+0000] {processor.py:753} INFO - DAG(s) dict_keys(['example_sensors']) retrieved from /home/airflow/.local/lib/python3.7/site-packages/airflow/example_dags/example_sensors.py
[2023-05-01T18:09:27.235+0000] {logging_mixin.py:137} INFO - [2023-05-01T18:09:27.226+0000] {dag.py:2705} INFO - Sync 1 DAGs
[2023-05-01T18:09:27.324+0000] {logging_mixin.py:137} INFO - [2023-05-01T18:09:27.324+0000] {dag.py:3456} INFO - Setting next_dagrun for example_sensors to None, run_after=None
[2023-05-01T18:09:27.412+0000] {processor.py:175} INFO - Processing /home/airflow/.local/lib/python3.7/site-packages/airflow/example_dags/example_sensors.py took 0.480 seconds
[2023-05-01T18:09:33.893+0000] {processor.py:153} INFO - Started process (PID=63) to work on /home/airflow/.local/lib/python3.7/site-packages/airflow/example_dags/example_sensors.py
[2023-05-01T18:09:33.896+0000] {processor.py:743} INFO - Processing file /home/airflow/.local/lib/python3.7/site-packages/airflow/example_dags/example_sensors.py for tasks to queue
[2023-05-01T18:09:33.897+0000] {logging_mixin.py:137} INFO - [2023-05-01T18:09:33.897+0000] {dagbag.py:532} INFO - Filling up the DagBag from /home/airflow/.local/lib/python3.7/site-packages/airflow/example_dags/example_sensors.py
