[2023-05-01T12:15:52.838+0000] {processor.py:153} INFO - Started process (PID=68) to work on /home/airflow/.local/lib/python3.7/site-packages/airflow/example_dags/example_external_task_marker_dag.py
[2023-05-01T12:15:52.842+0000] {processor.py:743} INFO - Processing file /home/airflow/.local/lib/python3.7/site-packages/airflow/example_dags/example_external_task_marker_dag.py for tasks to queue
[2023-05-01T12:15:52.844+0000] {logging_mixin.py:137} INFO - [2023-05-01T12:15:52.844+0000] {dagbag.py:532} INFO - Filling up the DagBag from /home/airflow/.local/lib/python3.7/site-packages/airflow/example_dags/example_external_task_marker_dag.py
[2023-05-01T12:15:52.925+0000] {processor.py:753} INFO - DAG(s) dict_keys(['example_external_task_marker_parent', 'example_external_task_marker_child']) retrieved from /home/airflow/.local/lib/python3.7/site-packages/airflow/example_dags/example_external_task_marker_dag.py
[2023-05-01T12:15:53.222+0000] {logging_mixin.py:137} INFO - [2023-05-01T12:15:53.222+0000] {dag.py:2705} INFO - Sync 2 DAGs
[2023-05-01T12:15:53.444+0000] {logging_mixin.py:137} INFO - [2023-05-01T12:15:53.443+0000] {dag.py:3456} INFO - Setting next_dagrun for example_external_task_marker_child to None, run_after=None
[2023-05-01T12:15:53.447+0000] {logging_mixin.py:137} INFO - [2023-05-01T12:15:53.447+0000] {dag.py:3456} INFO - Setting next_dagrun for example_external_task_marker_parent to None, run_after=None
[2023-05-01T12:15:53.583+0000] {processor.py:175} INFO - Processing /home/airflow/.local/lib/python3.7/site-packages/airflow/example_dags/example_external_task_marker_dag.py took 0.768 seconds
[2023-05-01T17:11:53.454+0000] {processor.py:153} INFO - Started process (PID=58) to work on /home/airflow/.local/lib/python3.7/site-packages/airflow/example_dags/example_external_task_marker_dag.py
[2023-05-01T17:11:53.455+0000] {processor.py:743} INFO - Processing file /home/airflow/.local/lib/python3.7/site-packages/airflow/example_dags/example_external_task_marker_dag.py for tasks to queue
[2023-05-01T17:11:53.456+0000] {logging_mixin.py:137} INFO - [2023-05-01T17:11:53.456+0000] {dagbag.py:532} INFO - Filling up the DagBag from /home/airflow/.local/lib/python3.7/site-packages/airflow/example_dags/example_external_task_marker_dag.py
[2023-05-01T17:11:53.508+0000] {processor.py:753} INFO - DAG(s) dict_keys(['example_external_task_marker_parent', 'example_external_task_marker_child']) retrieved from /home/airflow/.local/lib/python3.7/site-packages/airflow/example_dags/example_external_task_marker_dag.py
[2023-05-01T17:11:53.571+0000] {logging_mixin.py:137} INFO - [2023-05-01T17:11:53.571+0000] {dag.py:2705} INFO - Sync 2 DAGs
[2023-05-01T17:11:53.630+0000] {logging_mixin.py:137} INFO - [2023-05-01T17:11:53.630+0000] {dag.py:3456} INFO - Setting next_dagrun for example_external_task_marker_child to None, run_after=None
[2023-05-01T17:11:53.633+0000] {logging_mixin.py:137} INFO - [2023-05-01T17:11:53.633+0000] {dag.py:3456} INFO - Setting next_dagrun for example_external_task_marker_parent to None, run_after=None
[2023-05-01T17:11:53.659+0000] {processor.py:175} INFO - Processing /home/airflow/.local/lib/python3.7/site-packages/airflow/example_dags/example_external_task_marker_dag.py took 0.207 seconds
[2023-05-01T17:13:13.109+0000] {processor.py:153} INFO - Started process (PID=58) to work on /home/airflow/.local/lib/python3.7/site-packages/airflow/example_dags/example_external_task_marker_dag.py
[2023-05-01T17:13:13.111+0000] {processor.py:743} INFO - Processing file /home/airflow/.local/lib/python3.7/site-packages/airflow/example_dags/example_external_task_marker_dag.py for tasks to queue
[2023-05-01T17:13:13.113+0000] {logging_mixin.py:137} INFO - [2023-05-01T17:13:13.112+0000] {dagbag.py:532} INFO - Filling up the DagBag from /home/airflow/.local/lib/python3.7/site-packages/airflow/example_dags/example_external_task_marker_dag.py
[2023-05-01T17:13:13.124+0000] {processor.py:753} INFO - DAG(s) dict_keys(['example_external_task_marker_child', 'example_external_task_marker_parent']) retrieved from /home/airflow/.local/lib/python3.7/site-packages/airflow/example_dags/example_external_task_marker_dag.py
[2023-05-01T17:13:13.176+0000] {logging_mixin.py:137} INFO - [2023-05-01T17:13:13.176+0000] {dag.py:2705} INFO - Sync 2 DAGs
[2023-05-01T17:13:13.211+0000] {logging_mixin.py:137} INFO - [2023-05-01T17:13:13.211+0000] {dag.py:3456} INFO - Setting next_dagrun for example_external_task_marker_child to None, run_after=None
[2023-05-01T17:13:13.220+0000] {logging_mixin.py:137} INFO - [2023-05-01T17:13:13.220+0000] {dag.py:3456} INFO - Setting next_dagrun for example_external_task_marker_parent to None, run_after=None
[2023-05-01T17:13:13.237+0000] {processor.py:175} INFO - Processing /home/airflow/.local/lib/python3.7/site-packages/airflow/example_dags/example_external_task_marker_dag.py took 0.130 seconds
[2023-05-01T17:14:48.904+0000] {processor.py:153} INFO - Started process (PID=65) to work on /home/airflow/.local/lib/python3.7/site-packages/airflow/example_dags/example_external_task_marker_dag.py
[2023-05-01T17:14:48.916+0000] {processor.py:743} INFO - Processing file /home/airflow/.local/lib/python3.7/site-packages/airflow/example_dags/example_external_task_marker_dag.py for tasks to queue
[2023-05-01T17:14:48.917+0000] {logging_mixin.py:137} INFO - [2023-05-01T17:14:48.917+0000] {dagbag.py:532} INFO - Filling up the DagBag from /home/airflow/.local/lib/python3.7/site-packages/airflow/example_dags/example_external_task_marker_dag.py
[2023-05-01T17:14:48.953+0000] {processor.py:753} INFO - DAG(s) dict_keys(['example_external_task_marker_parent', 'example_external_task_marker_child']) retrieved from /home/airflow/.local/lib/python3.7/site-packages/airflow/example_dags/example_external_task_marker_dag.py
[2023-05-01T17:37:03.827+0000] {processor.py:153} INFO - Started process (PID=66) to work on /home/airflow/.local/lib/python3.7/site-packages/airflow/example_dags/example_external_task_marker_dag.py
[2023-05-01T17:37:03.834+0000] {processor.py:743} INFO - Processing file /home/airflow/.local/lib/python3.7/site-packages/airflow/example_dags/example_external_task_marker_dag.py for tasks to queue
[2023-05-01T17:37:03.835+0000] {logging_mixin.py:137} INFO - [2023-05-01T17:37:03.835+0000] {dagbag.py:532} INFO - Filling up the DagBag from /home/airflow/.local/lib/python3.7/site-packages/airflow/example_dags/example_external_task_marker_dag.py
[2023-05-01T17:37:03.875+0000] {processor.py:753} INFO - DAG(s) dict_keys(['example_external_task_marker_child', 'example_external_task_marker_parent']) retrieved from /home/airflow/.local/lib/python3.7/site-packages/airflow/example_dags/example_external_task_marker_dag.py
[2023-05-01T17:37:03.970+0000] {logging_mixin.py:137} INFO - [2023-05-01T17:37:03.970+0000] {dag.py:2705} INFO - Sync 2 DAGs
[2023-05-01T17:37:04.042+0000] {logging_mixin.py:137} INFO - [2023-05-01T17:37:04.042+0000] {dag.py:3456} INFO - Setting next_dagrun for example_external_task_marker_child to None, run_after=None
[2023-05-01T17:37:04.045+0000] {logging_mixin.py:137} INFO - [2023-05-01T17:37:04.045+0000] {dag.py:3456} INFO - Setting next_dagrun for example_external_task_marker_parent to None, run_after=None
[2023-05-01T17:37:04.079+0000] {processor.py:175} INFO - Processing /home/airflow/.local/lib/python3.7/site-packages/airflow/example_dags/example_external_task_marker_dag.py took 0.263 seconds
[2023-05-01T17:38:16.426+0000] {processor.py:153} INFO - Started process (PID=59) to work on /home/airflow/.local/lib/python3.7/site-packages/airflow/example_dags/example_external_task_marker_dag.py
[2023-05-01T17:38:16.427+0000] {processor.py:743} INFO - Processing file /home/airflow/.local/lib/python3.7/site-packages/airflow/example_dags/example_external_task_marker_dag.py for tasks to queue
[2023-05-01T17:38:16.427+0000] {logging_mixin.py:137} INFO - [2023-05-01T17:38:16.427+0000] {dagbag.py:532} INFO - Filling up the DagBag from /home/airflow/.local/lib/python3.7/site-packages/airflow/example_dags/example_external_task_marker_dag.py
[2023-05-01T17:38:16.443+0000] {processor.py:753} INFO - DAG(s) dict_keys(['example_external_task_marker_child', 'example_external_task_marker_parent']) retrieved from /home/airflow/.local/lib/python3.7/site-packages/airflow/example_dags/example_external_task_marker_dag.py
[2023-05-01T17:38:16.501+0000] {logging_mixin.py:137} INFO - [2023-05-01T17:38:16.500+0000] {dag.py:2705} INFO - Sync 2 DAGs
[2023-05-01T17:38:16.574+0000] {logging_mixin.py:137} INFO - [2023-05-01T17:38:16.570+0000] {dag.py:3456} INFO - Setting next_dagrun for example_external_task_marker_child to None, run_after=None
[2023-05-01T17:38:16.588+0000] {logging_mixin.py:137} INFO - [2023-05-01T17:38:16.588+0000] {dag.py:3456} INFO - Setting next_dagrun for example_external_task_marker_parent to None, run_after=None
[2023-05-01T17:38:16.653+0000] {processor.py:175} INFO - Processing /home/airflow/.local/lib/python3.7/site-packages/airflow/example_dags/example_external_task_marker_dag.py took 0.229 seconds
[2023-05-01T17:41:35.518+0000] {processor.py:153} INFO - Started process (PID=60) to work on /home/airflow/.local/lib/python3.7/site-packages/airflow/example_dags/example_external_task_marker_dag.py
[2023-05-01T17:41:35.519+0000] {processor.py:743} INFO - Processing file /home/airflow/.local/lib/python3.7/site-packages/airflow/example_dags/example_external_task_marker_dag.py for tasks to queue
[2023-05-01T17:41:35.519+0000] {logging_mixin.py:137} INFO - [2023-05-01T17:41:35.519+0000] {dagbag.py:532} INFO - Filling up the DagBag from /home/airflow/.local/lib/python3.7/site-packages/airflow/example_dags/example_external_task_marker_dag.py
[2023-05-01T17:41:35.537+0000] {processor.py:753} INFO - DAG(s) dict_keys(['example_external_task_marker_parent', 'example_external_task_marker_child']) retrieved from /home/airflow/.local/lib/python3.7/site-packages/airflow/example_dags/example_external_task_marker_dag.py
[2023-05-01T17:41:35.571+0000] {logging_mixin.py:137} INFO - [2023-05-01T17:41:35.571+0000] {dag.py:2705} INFO - Sync 2 DAGs
[2023-05-01T17:41:35.587+0000] {logging_mixin.py:137} INFO - [2023-05-01T17:41:35.587+0000] {dag.py:3456} INFO - Setting next_dagrun for example_external_task_marker_child to None, run_after=None
[2023-05-01T17:41:35.591+0000] {logging_mixin.py:137} INFO - [2023-05-01T17:41:35.591+0000] {dag.py:3456} INFO - Setting next_dagrun for example_external_task_marker_parent to None, run_after=None
[2023-05-01T17:41:35.602+0000] {processor.py:175} INFO - Processing /home/airflow/.local/lib/python3.7/site-packages/airflow/example_dags/example_external_task_marker_dag.py took 0.087 seconds
[2023-05-01T17:43:21.105+0000] {processor.py:153} INFO - Started process (PID=60) to work on /home/airflow/.local/lib/python3.7/site-packages/airflow/example_dags/example_external_task_marker_dag.py
[2023-05-01T17:43:21.109+0000] {processor.py:743} INFO - Processing file /home/airflow/.local/lib/python3.7/site-packages/airflow/example_dags/example_external_task_marker_dag.py for tasks to queue
[2023-05-01T17:43:21.110+0000] {logging_mixin.py:137} INFO - [2023-05-01T17:43:21.110+0000] {dagbag.py:532} INFO - Filling up the DagBag from /home/airflow/.local/lib/python3.7/site-packages/airflow/example_dags/example_external_task_marker_dag.py
[2023-05-01T17:43:21.264+0000] {processor.py:753} INFO - DAG(s) dict_keys(['example_external_task_marker_child', 'example_external_task_marker_parent']) retrieved from /home/airflow/.local/lib/python3.7/site-packages/airflow/example_dags/example_external_task_marker_dag.py
[2023-05-01T17:43:21.703+0000] {logging_mixin.py:137} INFO - [2023-05-01T17:43:21.703+0000] {dag.py:2705} INFO - Sync 2 DAGs
[2023-05-01T17:43:21.784+0000] {logging_mixin.py:137} INFO - [2023-05-01T17:43:21.783+0000] {dag.py:3456} INFO - Setting next_dagrun for example_external_task_marker_child to None, run_after=None
[2023-05-01T17:43:21.833+0000] {logging_mixin.py:137} INFO - [2023-05-01T17:43:21.833+0000] {dag.py:3456} INFO - Setting next_dagrun for example_external_task_marker_parent to None, run_after=None
[2023-05-01T17:43:21.973+0000] {processor.py:175} INFO - Processing /home/airflow/.local/lib/python3.7/site-packages/airflow/example_dags/example_external_task_marker_dag.py took 0.883 seconds
[2023-05-01T17:44:21.675+0000] {processor.py:153} INFO - Started process (PID=58) to work on /home/airflow/.local/lib/python3.7/site-packages/airflow/example_dags/example_external_task_marker_dag.py
[2023-05-01T17:44:21.678+0000] {processor.py:743} INFO - Processing file /home/airflow/.local/lib/python3.7/site-packages/airflow/example_dags/example_external_task_marker_dag.py for tasks to queue
[2023-05-01T17:44:21.680+0000] {logging_mixin.py:137} INFO - [2023-05-01T17:44:21.680+0000] {dagbag.py:532} INFO - Filling up the DagBag from /home/airflow/.local/lib/python3.7/site-packages/airflow/example_dags/example_external_task_marker_dag.py
[2023-05-01T17:44:21.720+0000] {processor.py:753} INFO - DAG(s) dict_keys(['example_external_task_marker_child', 'example_external_task_marker_parent']) retrieved from /home/airflow/.local/lib/python3.7/site-packages/airflow/example_dags/example_external_task_marker_dag.py
[2023-05-01T17:44:21.926+0000] {logging_mixin.py:137} INFO - [2023-05-01T17:44:21.925+0000] {dag.py:2705} INFO - Sync 2 DAGs
[2023-05-01T17:44:22.043+0000] {logging_mixin.py:137} INFO - [2023-05-01T17:44:22.043+0000] {dag.py:3456} INFO - Setting next_dagrun for example_external_task_marker_child to None, run_after=None
[2023-05-01T17:44:22.060+0000] {logging_mixin.py:137} INFO - [2023-05-01T17:44:22.059+0000] {dag.py:3456} INFO - Setting next_dagrun for example_external_task_marker_parent to None, run_after=None
[2023-05-01T17:44:22.190+0000] {processor.py:175} INFO - Processing /home/airflow/.local/lib/python3.7/site-packages/airflow/example_dags/example_external_task_marker_dag.py took 0.530 seconds
[2023-05-01T17:58:40.525+0000] {processor.py:153} INFO - Started process (PID=59) to work on /home/airflow/.local/lib/python3.7/site-packages/airflow/example_dags/example_external_task_marker_dag.py
[2023-05-01T17:58:40.531+0000] {processor.py:743} INFO - Processing file /home/airflow/.local/lib/python3.7/site-packages/airflow/example_dags/example_external_task_marker_dag.py for tasks to queue
[2023-05-01T17:58:40.531+0000] {logging_mixin.py:137} INFO - [2023-05-01T17:58:40.531+0000] {dagbag.py:532} INFO - Filling up the DagBag from /home/airflow/.local/lib/python3.7/site-packages/airflow/example_dags/example_external_task_marker_dag.py
[2023-05-01T17:58:40.556+0000] {processor.py:753} INFO - DAG(s) dict_keys(['example_external_task_marker_child', 'example_external_task_marker_parent']) retrieved from /home/airflow/.local/lib/python3.7/site-packages/airflow/example_dags/example_external_task_marker_dag.py
[2023-05-01T17:58:40.746+0000] {logging_mixin.py:137} INFO - [2023-05-01T17:58:40.745+0000] {dag.py:2705} INFO - Sync 2 DAGs
[2023-05-01T17:58:40.808+0000] {logging_mixin.py:137} INFO - [2023-05-01T17:58:40.808+0000] {dag.py:3456} INFO - Setting next_dagrun for example_external_task_marker_child to None, run_after=None
[2023-05-01T17:58:40.816+0000] {logging_mixin.py:137} INFO - [2023-05-01T17:58:40.815+0000] {dag.py:3456} INFO - Setting next_dagrun for example_external_task_marker_parent to None, run_after=None
[2023-05-01T17:58:40.873+0000] {processor.py:175} INFO - Processing /home/airflow/.local/lib/python3.7/site-packages/airflow/example_dags/example_external_task_marker_dag.py took 0.350 seconds
[2023-05-01T17:59:06.144+0000] {processor.py:153} INFO - Started process (PID=58) to work on /home/airflow/.local/lib/python3.7/site-packages/airflow/example_dags/example_external_task_marker_dag.py
[2023-05-01T17:59:06.145+0000] {processor.py:743} INFO - Processing file /home/airflow/.local/lib/python3.7/site-packages/airflow/example_dags/example_external_task_marker_dag.py for tasks to queue
[2023-05-01T17:59:06.147+0000] {logging_mixin.py:137} INFO - [2023-05-01T17:59:06.147+0000] {dagbag.py:532} INFO - Filling up the DagBag from /home/airflow/.local/lib/python3.7/site-packages/airflow/example_dags/example_external_task_marker_dag.py
[2023-05-01T17:59:06.172+0000] {processor.py:753} INFO - DAG(s) dict_keys(['example_external_task_marker_child', 'example_external_task_marker_parent']) retrieved from /home/airflow/.local/lib/python3.7/site-packages/airflow/example_dags/example_external_task_marker_dag.py
[2023-05-01T17:59:06.388+0000] {logging_mixin.py:137} INFO - [2023-05-01T17:59:06.386+0000] {dag.py:2705} INFO - Sync 2 DAGs
[2023-05-01T17:59:06.515+0000] {logging_mixin.py:137} INFO - [2023-05-01T17:59:06.514+0000] {dag.py:3456} INFO - Setting next_dagrun for example_external_task_marker_child to None, run_after=None
[2023-05-01T17:59:06.531+0000] {logging_mixin.py:137} INFO - [2023-05-01T17:59:06.529+0000] {dag.py:3456} INFO - Setting next_dagrun for example_external_task_marker_parent to None, run_after=None
[2023-05-01T17:59:06.584+0000] {processor.py:175} INFO - Processing /home/airflow/.local/lib/python3.7/site-packages/airflow/example_dags/example_external_task_marker_dag.py took 0.445 seconds
[2023-05-01T18:02:27.942+0000] {processor.py:153} INFO - Started process (PID=65) to work on /home/airflow/.local/lib/python3.7/site-packages/airflow/example_dags/example_external_task_marker_dag.py
[2023-05-01T18:02:27.945+0000] {processor.py:743} INFO - Processing file /home/airflow/.local/lib/python3.7/site-packages/airflow/example_dags/example_external_task_marker_dag.py for tasks to queue
[2023-05-01T18:02:27.945+0000] {logging_mixin.py:137} INFO - [2023-05-01T18:02:27.945+0000] {dagbag.py:532} INFO - Filling up the DagBag from /home/airflow/.local/lib/python3.7/site-packages/airflow/example_dags/example_external_task_marker_dag.py
[2023-05-01T18:02:27.970+0000] {processor.py:753} INFO - DAG(s) dict_keys(['example_external_task_marker_parent', 'example_external_task_marker_child']) retrieved from /home/airflow/.local/lib/python3.7/site-packages/airflow/example_dags/example_external_task_marker_dag.py
[2023-05-01T18:02:28.057+0000] {logging_mixin.py:137} INFO - [2023-05-01T18:02:28.056+0000] {dag.py:2705} INFO - Sync 2 DAGs
[2023-05-01T18:02:28.079+0000] {logging_mixin.py:137} INFO - [2023-05-01T18:02:28.079+0000] {dag.py:3456} INFO - Setting next_dagrun for example_external_task_marker_child to None, run_after=None
[2023-05-01T18:02:28.082+0000] {logging_mixin.py:137} INFO - [2023-05-01T18:02:28.082+0000] {dag.py:3456} INFO - Setting next_dagrun for example_external_task_marker_parent to None, run_after=None
[2023-05-01T18:02:28.109+0000] {processor.py:175} INFO - Processing /home/airflow/.local/lib/python3.7/site-packages/airflow/example_dags/example_external_task_marker_dag.py took 0.173 seconds
[2023-05-01T18:06:05.320+0000] {processor.py:153} INFO - Started process (PID=58) to work on /home/airflow/.local/lib/python3.7/site-packages/airflow/example_dags/example_external_task_marker_dag.py
[2023-05-01T18:06:05.330+0000] {processor.py:743} INFO - Processing file /home/airflow/.local/lib/python3.7/site-packages/airflow/example_dags/example_external_task_marker_dag.py for tasks to queue
[2023-05-01T18:06:05.335+0000] {logging_mixin.py:137} INFO - [2023-05-01T18:06:05.331+0000] {dagbag.py:532} INFO - Filling up the DagBag from /home/airflow/.local/lib/python3.7/site-packages/airflow/example_dags/example_external_task_marker_dag.py
[2023-05-01T18:06:05.498+0000] {processor.py:753} INFO - DAG(s) dict_keys(['example_external_task_marker_parent', 'example_external_task_marker_child']) retrieved from /home/airflow/.local/lib/python3.7/site-packages/airflow/example_dags/example_external_task_marker_dag.py
[2023-05-01T18:06:05.723+0000] {logging_mixin.py:137} INFO - [2023-05-01T18:06:05.723+0000] {dag.py:2705} INFO - Sync 2 DAGs
[2023-05-01T18:06:05.785+0000] {logging_mixin.py:137} INFO - [2023-05-01T18:06:05.785+0000] {dag.py:3456} INFO - Setting next_dagrun for example_external_task_marker_child to None, run_after=None
[2023-05-01T18:06:05.808+0000] {logging_mixin.py:137} INFO - [2023-05-01T18:06:05.808+0000] {dag.py:3456} INFO - Setting next_dagrun for example_external_task_marker_parent to None, run_after=None
[2023-05-01T18:06:05.907+0000] {processor.py:175} INFO - Processing /home/airflow/.local/lib/python3.7/site-packages/airflow/example_dags/example_external_task_marker_dag.py took 0.589 seconds
