[2023-05-01T11:41:54.622+0000] {processor.py:153} INFO - Started process (PID=56) to work on /home/airflow/.local/lib/python3.7/site-packages/airflow/example_dags/example_params_ui_tutorial.py
[2023-05-01T11:41:54.633+0000] {processor.py:743} INFO - Processing file /home/airflow/.local/lib/python3.7/site-packages/airflow/example_dags/example_params_ui_tutorial.py for tasks to queue
[2023-05-01T11:41:54.634+0000] {logging_mixin.py:137} INFO - [2023-05-01T11:41:54.634+0000] {dagbag.py:532} INFO - Filling up the DagBag from /home/airflow/.local/lib/python3.7/site-packages/airflow/example_dags/example_params_ui_tutorial.py
[2023-05-01T11:41:54.846+0000] {processor.py:753} INFO - DAG(s) dict_keys(['example_params_ui_tutorial']) retrieved from /home/airflow/.local/lib/python3.7/site-packages/airflow/example_dags/example_params_ui_tutorial.py
[2023-05-01T11:41:55.201+0000] {logging_mixin.py:137} INFO - [2023-05-01T11:41:55.200+0000] {dag.py:2705} INFO - Sync 1 DAGs
[2023-05-01T11:41:55.260+0000] {logging_mixin.py:137} INFO - [2023-05-01T11:41:55.260+0000] {dag.py:3456} INFO - Setting next_dagrun for example_params_ui_tutorial to None, run_after=None
[2023-05-01T11:41:55.322+0000] {processor.py:175} INFO - Processing /home/airflow/.local/lib/python3.7/site-packages/airflow/example_dags/example_params_ui_tutorial.py took 0.708 seconds
[2023-05-01T17:11:50.566+0000] {processor.py:153} INFO - Started process (PID=46) to work on /home/airflow/.local/lib/python3.7/site-packages/airflow/example_dags/example_params_ui_tutorial.py
[2023-05-01T17:11:50.567+0000] {processor.py:743} INFO - Processing file /home/airflow/.local/lib/python3.7/site-packages/airflow/example_dags/example_params_ui_tutorial.py for tasks to queue
[2023-05-01T17:11:50.568+0000] {logging_mixin.py:137} INFO - [2023-05-01T17:11:50.568+0000] {dagbag.py:532} INFO - Filling up the DagBag from /home/airflow/.local/lib/python3.7/site-packages/airflow/example_dags/example_params_ui_tutorial.py
[2023-05-01T17:11:50.659+0000] {processor.py:753} INFO - DAG(s) dict_keys(['example_params_ui_tutorial']) retrieved from /home/airflow/.local/lib/python3.7/site-packages/airflow/example_dags/example_params_ui_tutorial.py
[2023-05-01T17:11:50.771+0000] {logging_mixin.py:137} INFO - [2023-05-01T17:11:50.770+0000] {dag.py:2705} INFO - Sync 1 DAGs
[2023-05-01T17:11:50.806+0000] {logging_mixin.py:137} INFO - [2023-05-01T17:11:50.806+0000] {dag.py:3456} INFO - Setting next_dagrun for example_params_ui_tutorial to None, run_after=None
[2023-05-01T17:11:50.826+0000] {processor.py:175} INFO - Processing /home/airflow/.local/lib/python3.7/site-packages/airflow/example_dags/example_params_ui_tutorial.py took 0.265 seconds
[2023-05-01T17:13:11.587+0000] {processor.py:153} INFO - Started process (PID=46) to work on /home/airflow/.local/lib/python3.7/site-packages/airflow/example_dags/example_params_ui_tutorial.py
[2023-05-01T17:13:11.590+0000] {processor.py:743} INFO - Processing file /home/airflow/.local/lib/python3.7/site-packages/airflow/example_dags/example_params_ui_tutorial.py for tasks to queue
[2023-05-01T17:13:11.593+0000] {logging_mixin.py:137} INFO - [2023-05-01T17:13:11.592+0000] {dagbag.py:532} INFO - Filling up the DagBag from /home/airflow/.local/lib/python3.7/site-packages/airflow/example_dags/example_params_ui_tutorial.py
[2023-05-01T17:13:11.698+0000] {processor.py:753} INFO - DAG(s) dict_keys(['example_params_ui_tutorial']) retrieved from /home/airflow/.local/lib/python3.7/site-packages/airflow/example_dags/example_params_ui_tutorial.py
[2023-05-01T17:13:11.773+0000] {logging_mixin.py:137} INFO - [2023-05-01T17:13:11.773+0000] {dag.py:2705} INFO - Sync 1 DAGs
[2023-05-01T17:13:11.814+0000] {logging_mixin.py:137} INFO - [2023-05-01T17:13:11.814+0000] {dag.py:3456} INFO - Setting next_dagrun for example_params_ui_tutorial to None, run_after=None
[2023-05-01T17:13:11.844+0000] {processor.py:175} INFO - Processing /home/airflow/.local/lib/python3.7/site-packages/airflow/example_dags/example_params_ui_tutorial.py took 0.264 seconds
[2023-05-01T17:14:33.288+0000] {processor.py:153} INFO - Started process (PID=46) to work on /home/airflow/.local/lib/python3.7/site-packages/airflow/example_dags/example_params_ui_tutorial.py
[2023-05-01T17:14:33.291+0000] {processor.py:743} INFO - Processing file /home/airflow/.local/lib/python3.7/site-packages/airflow/example_dags/example_params_ui_tutorial.py for tasks to queue
[2023-05-01T17:14:33.291+0000] {logging_mixin.py:137} INFO - [2023-05-01T17:14:33.291+0000] {dagbag.py:532} INFO - Filling up the DagBag from /home/airflow/.local/lib/python3.7/site-packages/airflow/example_dags/example_params_ui_tutorial.py
[2023-05-01T17:14:33.396+0000] {processor.py:753} INFO - DAG(s) dict_keys(['example_params_ui_tutorial']) retrieved from /home/airflow/.local/lib/python3.7/site-packages/airflow/example_dags/example_params_ui_tutorial.py
[2023-05-01T17:14:33.471+0000] {logging_mixin.py:137} INFO - [2023-05-01T17:14:33.471+0000] {dag.py:2705} INFO - Sync 1 DAGs
[2023-05-01T17:14:33.487+0000] {logging_mixin.py:137} INFO - [2023-05-01T17:14:33.487+0000] {dag.py:3456} INFO - Setting next_dagrun for example_params_ui_tutorial to None, run_after=None
[2023-05-01T17:14:33.507+0000] {processor.py:175} INFO - Processing /home/airflow/.local/lib/python3.7/site-packages/airflow/example_dags/example_params_ui_tutorial.py took 0.222 seconds
[2023-05-01T17:15:38.866+0000] {processor.py:153} INFO - Started process (PID=46) to work on /home/airflow/.local/lib/python3.7/site-packages/airflow/example_dags/example_params_ui_tutorial.py
[2023-05-01T17:15:38.879+0000] {processor.py:743} INFO - Processing file /home/airflow/.local/lib/python3.7/site-packages/airflow/example_dags/example_params_ui_tutorial.py for tasks to queue
[2023-05-01T17:15:38.882+0000] {logging_mixin.py:137} INFO - [2023-05-01T17:15:38.882+0000] {dagbag.py:532} INFO - Filling up the DagBag from /home/airflow/.local/lib/python3.7/site-packages/airflow/example_dags/example_params_ui_tutorial.py
[2023-05-01T17:15:39.358+0000] {processor.py:753} INFO - DAG(s) dict_keys(['example_params_ui_tutorial']) retrieved from /home/airflow/.local/lib/python3.7/site-packages/airflow/example_dags/example_params_ui_tutorial.py
[2023-05-01T17:21:35.686+0000] {processor.py:153} INFO - Started process (PID=46) to work on /home/airflow/.local/lib/python3.7/site-packages/airflow/example_dags/example_params_ui_tutorial.py
[2023-05-01T17:21:35.689+0000] {processor.py:743} INFO - Processing file /home/airflow/.local/lib/python3.7/site-packages/airflow/example_dags/example_params_ui_tutorial.py for tasks to queue
[2023-05-01T17:21:35.690+0000] {logging_mixin.py:137} INFO - [2023-05-01T17:21:35.690+0000] {dagbag.py:532} INFO - Filling up the DagBag from /home/airflow/.local/lib/python3.7/site-packages/airflow/example_dags/example_params_ui_tutorial.py
[2023-05-01T17:21:35.786+0000] {processor.py:753} INFO - DAG(s) dict_keys(['example_params_ui_tutorial']) retrieved from /home/airflow/.local/lib/python3.7/site-packages/airflow/example_dags/example_params_ui_tutorial.py
[2023-05-01T17:21:35.886+0000] {logging_mixin.py:137} INFO - [2023-05-01T17:21:35.886+0000] {dag.py:2705} INFO - Sync 1 DAGs
[2023-05-01T17:21:35.919+0000] {logging_mixin.py:137} INFO - [2023-05-01T17:21:35.918+0000] {dag.py:3456} INFO - Setting next_dagrun for example_params_ui_tutorial to None, run_after=None
[2023-05-01T17:21:35.943+0000] {processor.py:175} INFO - Processing /home/airflow/.local/lib/python3.7/site-packages/airflow/example_dags/example_params_ui_tutorial.py took 0.259 seconds
[2023-05-01T17:23:57.306+0000] {processor.py:153} INFO - Started process (PID=52) to work on /home/airflow/.local/lib/python3.7/site-packages/airflow/example_dags/example_params_ui_tutorial.py
[2023-05-01T17:23:57.311+0000] {processor.py:743} INFO - Processing file /home/airflow/.local/lib/python3.7/site-packages/airflow/example_dags/example_params_ui_tutorial.py for tasks to queue
[2023-05-01T17:23:57.311+0000] {logging_mixin.py:137} INFO - [2023-05-01T17:23:57.311+0000] {dagbag.py:532} INFO - Filling up the DagBag from /home/airflow/.local/lib/python3.7/site-packages/airflow/example_dags/example_params_ui_tutorial.py
[2023-05-01T17:23:57.422+0000] {processor.py:753} INFO - DAG(s) dict_keys(['example_params_ui_tutorial']) retrieved from /home/airflow/.local/lib/python3.7/site-packages/airflow/example_dags/example_params_ui_tutorial.py
[2023-05-01T17:23:57.532+0000] {logging_mixin.py:137} INFO - [2023-05-01T17:23:57.532+0000] {dag.py:2705} INFO - Sync 1 DAGs
[2023-05-01T17:23:57.565+0000] {logging_mixin.py:137} INFO - [2023-05-01T17:23:57.564+0000] {dag.py:3456} INFO - Setting next_dagrun for example_params_ui_tutorial to None, run_after=None
[2023-05-01T17:23:57.603+0000] {processor.py:175} INFO - Processing /home/airflow/.local/lib/python3.7/site-packages/airflow/example_dags/example_params_ui_tutorial.py took 0.299 seconds
[2023-05-01T17:25:06.865+0000] {processor.py:153} INFO - Started process (PID=47) to work on /home/airflow/.local/lib/python3.7/site-packages/airflow/example_dags/example_params_ui_tutorial.py
[2023-05-01T17:25:06.875+0000] {processor.py:743} INFO - Processing file /home/airflow/.local/lib/python3.7/site-packages/airflow/example_dags/example_params_ui_tutorial.py for tasks to queue
[2023-05-01T17:25:06.876+0000] {logging_mixin.py:137} INFO - [2023-05-01T17:25:06.876+0000] {dagbag.py:532} INFO - Filling up the DagBag from /home/airflow/.local/lib/python3.7/site-packages/airflow/example_dags/example_params_ui_tutorial.py
[2023-05-01T17:33:04.792+0000] {processor.py:153} INFO - Started process (PID=53) to work on /home/airflow/.local/lib/python3.7/site-packages/airflow/example_dags/example_params_ui_tutorial.py
[2023-05-01T17:33:04.795+0000] {processor.py:743} INFO - Processing file /home/airflow/.local/lib/python3.7/site-packages/airflow/example_dags/example_params_ui_tutorial.py for tasks to queue
[2023-05-01T17:33:04.798+0000] {logging_mixin.py:137} INFO - [2023-05-01T17:33:04.798+0000] {dagbag.py:532} INFO - Filling up the DagBag from /home/airflow/.local/lib/python3.7/site-packages/airflow/example_dags/example_params_ui_tutorial.py
[2023-05-01T17:33:05.039+0000] {processor.py:753} INFO - DAG(s) dict_keys(['example_params_ui_tutorial']) retrieved from /home/airflow/.local/lib/python3.7/site-packages/airflow/example_dags/example_params_ui_tutorial.py
[2023-05-01T17:33:05.232+0000] {logging_mixin.py:137} INFO - [2023-05-01T17:33:05.232+0000] {dag.py:2705} INFO - Sync 1 DAGs
[2023-05-01T17:33:05.312+0000] {logging_mixin.py:137} INFO - [2023-05-01T17:33:05.312+0000] {dag.py:3456} INFO - Setting next_dagrun for example_params_ui_tutorial to None, run_after=None
[2023-05-01T17:33:05.372+0000] {processor.py:175} INFO - Processing /home/airflow/.local/lib/python3.7/site-packages/airflow/example_dags/example_params_ui_tutorial.py took 0.584 seconds
[2023-05-01T17:36:22.511+0000] {processor.py:153} INFO - Started process (PID=46) to work on /home/airflow/.local/lib/python3.7/site-packages/airflow/example_dags/example_params_ui_tutorial.py
[2023-05-01T17:36:22.534+0000] {processor.py:743} INFO - Processing file /home/airflow/.local/lib/python3.7/site-packages/airflow/example_dags/example_params_ui_tutorial.py for tasks to queue
[2023-05-01T17:36:22.651+0000] {logging_mixin.py:137} INFO - [2023-05-01T17:36:22.592+0000] {dagbag.py:532} INFO - Filling up the DagBag from /home/airflow/.local/lib/python3.7/site-packages/airflow/example_dags/example_params_ui_tutorial.py
[2023-05-01T17:36:56.346+0000] {processor.py:153} INFO - Started process (PID=54) to work on /home/airflow/.local/lib/python3.7/site-packages/airflow/example_dags/example_params_ui_tutorial.py
[2023-05-01T17:36:56.347+0000] {processor.py:743} INFO - Processing file /home/airflow/.local/lib/python3.7/site-packages/airflow/example_dags/example_params_ui_tutorial.py for tasks to queue
[2023-05-01T17:36:56.349+0000] {logging_mixin.py:137} INFO - [2023-05-01T17:36:56.349+0000] {dagbag.py:532} INFO - Filling up the DagBag from /home/airflow/.local/lib/python3.7/site-packages/airflow/example_dags/example_params_ui_tutorial.py
[2023-05-01T17:36:56.421+0000] {processor.py:753} INFO - DAG(s) dict_keys(['example_params_ui_tutorial']) retrieved from /home/airflow/.local/lib/python3.7/site-packages/airflow/example_dags/example_params_ui_tutorial.py
[2023-05-01T17:36:56.504+0000] {logging_mixin.py:137} INFO - [2023-05-01T17:36:56.503+0000] {dag.py:2705} INFO - Sync 1 DAGs
[2023-05-01T17:36:56.562+0000] {logging_mixin.py:137} INFO - [2023-05-01T17:36:56.562+0000] {dag.py:3456} INFO - Setting next_dagrun for example_params_ui_tutorial to None, run_after=None
[2023-05-01T17:36:56.575+0000] {processor.py:175} INFO - Processing /home/airflow/.local/lib/python3.7/site-packages/airflow/example_dags/example_params_ui_tutorial.py took 0.233 seconds
[2023-05-01T17:37:50.722+0000] {processor.py:153} INFO - Started process (PID=47) to work on /home/airflow/.local/lib/python3.7/site-packages/airflow/example_dags/example_params_ui_tutorial.py
[2023-05-01T17:37:50.732+0000] {processor.py:743} INFO - Processing file /home/airflow/.local/lib/python3.7/site-packages/airflow/example_dags/example_params_ui_tutorial.py for tasks to queue
[2023-05-01T17:37:50.732+0000] {logging_mixin.py:137} INFO - [2023-05-01T17:37:50.732+0000] {dagbag.py:532} INFO - Filling up the DagBag from /home/airflow/.local/lib/python3.7/site-packages/airflow/example_dags/example_params_ui_tutorial.py
[2023-05-01T17:37:50.942+0000] {processor.py:753} INFO - DAG(s) dict_keys(['example_params_ui_tutorial']) retrieved from /home/airflow/.local/lib/python3.7/site-packages/airflow/example_dags/example_params_ui_tutorial.py
[2023-05-01T17:37:51.143+0000] {logging_mixin.py:137} INFO - [2023-05-01T17:37:51.132+0000] {dag.py:2705} INFO - Sync 1 DAGs
[2023-05-01T17:38:15.359+0000] {processor.py:153} INFO - Started process (PID=47) to work on /home/airflow/.local/lib/python3.7/site-packages/airflow/example_dags/example_params_ui_tutorial.py
[2023-05-01T17:38:15.359+0000] {processor.py:743} INFO - Processing file /home/airflow/.local/lib/python3.7/site-packages/airflow/example_dags/example_params_ui_tutorial.py for tasks to queue
[2023-05-01T17:38:15.360+0000] {logging_mixin.py:137} INFO - [2023-05-01T17:38:15.360+0000] {dagbag.py:532} INFO - Filling up the DagBag from /home/airflow/.local/lib/python3.7/site-packages/airflow/example_dags/example_params_ui_tutorial.py
[2023-05-01T17:38:15.403+0000] {processor.py:753} INFO - DAG(s) dict_keys(['example_params_ui_tutorial']) retrieved from /home/airflow/.local/lib/python3.7/site-packages/airflow/example_dags/example_params_ui_tutorial.py
[2023-05-01T17:38:15.450+0000] {logging_mixin.py:137} INFO - [2023-05-01T17:38:15.450+0000] {dag.py:2705} INFO - Sync 1 DAGs
[2023-05-01T17:38:15.466+0000] {logging_mixin.py:137} INFO - [2023-05-01T17:38:15.466+0000] {dag.py:3456} INFO - Setting next_dagrun for example_params_ui_tutorial to None, run_after=None
[2023-05-01T17:38:15.477+0000] {processor.py:175} INFO - Processing /home/airflow/.local/lib/python3.7/site-packages/airflow/example_dags/example_params_ui_tutorial.py took 0.122 seconds
[2023-05-01T17:41:33.782+0000] {processor.py:153} INFO - Started process (PID=48) to work on /home/airflow/.local/lib/python3.7/site-packages/airflow/example_dags/example_params_ui_tutorial.py
[2023-05-01T17:41:33.783+0000] {processor.py:743} INFO - Processing file /home/airflow/.local/lib/python3.7/site-packages/airflow/example_dags/example_params_ui_tutorial.py for tasks to queue
[2023-05-01T17:41:33.785+0000] {logging_mixin.py:137} INFO - [2023-05-01T17:41:33.785+0000] {dagbag.py:532} INFO - Filling up the DagBag from /home/airflow/.local/lib/python3.7/site-packages/airflow/example_dags/example_params_ui_tutorial.py
[2023-05-01T17:41:33.910+0000] {processor.py:753} INFO - DAG(s) dict_keys(['example_params_ui_tutorial']) retrieved from /home/airflow/.local/lib/python3.7/site-packages/airflow/example_dags/example_params_ui_tutorial.py
[2023-05-01T17:41:33.978+0000] {logging_mixin.py:137} INFO - [2023-05-01T17:41:33.978+0000] {dag.py:2705} INFO - Sync 1 DAGs
[2023-05-01T17:41:34.002+0000] {logging_mixin.py:137} INFO - [2023-05-01T17:41:34.002+0000] {dag.py:3456} INFO - Setting next_dagrun for example_params_ui_tutorial to None, run_after=None
[2023-05-01T17:41:34.024+0000] {processor.py:175} INFO - Processing /home/airflow/.local/lib/python3.7/site-packages/airflow/example_dags/example_params_ui_tutorial.py took 0.245 seconds
[2023-05-01T17:43:05.496+0000] {processor.py:153} INFO - Started process (PID=48) to work on /home/airflow/.local/lib/python3.7/site-packages/airflow/example_dags/example_params_ui_tutorial.py
[2023-05-01T17:43:05.515+0000] {processor.py:743} INFO - Processing file /home/airflow/.local/lib/python3.7/site-packages/airflow/example_dags/example_params_ui_tutorial.py for tasks to queue
[2023-05-01T17:43:05.540+0000] {logging_mixin.py:137} INFO - [2023-05-01T17:43:05.533+0000] {dagbag.py:532} INFO - Filling up the DagBag from /home/airflow/.local/lib/python3.7/site-packages/airflow/example_dags/example_params_ui_tutorial.py
[2023-05-01T17:43:12.688+0000] {processor.py:753} INFO - DAG(s) dict_keys(['example_params_ui_tutorial']) retrieved from /home/airflow/.local/lib/python3.7/site-packages/airflow/example_dags/example_params_ui_tutorial.py
[2023-05-01T17:43:12.794+0000] {logging_mixin.py:137} INFO - [2023-05-01T17:43:12.794+0000] {dag.py:2705} INFO - Sync 1 DAGs
[2023-05-01T17:43:12.817+0000] {logging_mixin.py:137} INFO - [2023-05-01T17:43:12.817+0000] {dag.py:3456} INFO - Setting next_dagrun for example_params_ui_tutorial to None, run_after=None
[2023-05-01T17:43:12.864+0000] {processor.py:175} INFO - Processing /home/airflow/.local/lib/python3.7/site-packages/airflow/example_dags/example_params_ui_tutorial.py took 7.392 seconds
[2023-05-01T17:44:20.451+0000] {processor.py:153} INFO - Started process (PID=46) to work on /home/airflow/.local/lib/python3.7/site-packages/airflow/example_dags/example_params_ui_tutorial.py
[2023-05-01T17:44:20.452+0000] {processor.py:743} INFO - Processing file /home/airflow/.local/lib/python3.7/site-packages/airflow/example_dags/example_params_ui_tutorial.py for tasks to queue
[2023-05-01T17:44:20.452+0000] {logging_mixin.py:137} INFO - [2023-05-01T17:44:20.452+0000] {dagbag.py:532} INFO - Filling up the DagBag from /home/airflow/.local/lib/python3.7/site-packages/airflow/example_dags/example_params_ui_tutorial.py
[2023-05-01T17:44:20.628+0000] {processor.py:753} INFO - DAG(s) dict_keys(['example_params_ui_tutorial']) retrieved from /home/airflow/.local/lib/python3.7/site-packages/airflow/example_dags/example_params_ui_tutorial.py
[2023-05-01T17:44:20.731+0000] {logging_mixin.py:137} INFO - [2023-05-01T17:44:20.731+0000] {dag.py:2705} INFO - Sync 1 DAGs
[2023-05-01T17:44:20.755+0000] {logging_mixin.py:137} INFO - [2023-05-01T17:44:20.755+0000] {dag.py:3456} INFO - Setting next_dagrun for example_params_ui_tutorial to None, run_after=None
[2023-05-01T17:44:20.769+0000] {processor.py:175} INFO - Processing /home/airflow/.local/lib/python3.7/site-packages/airflow/example_dags/example_params_ui_tutorial.py took 0.324 seconds
[2023-05-01T17:48:34.366+0000] {processor.py:153} INFO - Started process (PID=46) to work on /home/airflow/.local/lib/python3.7/site-packages/airflow/example_dags/example_params_ui_tutorial.py
[2023-05-01T17:48:34.387+0000] {processor.py:743} INFO - Processing file /home/airflow/.local/lib/python3.7/site-packages/airflow/example_dags/example_params_ui_tutorial.py for tasks to queue
[2023-05-01T17:48:34.394+0000] {logging_mixin.py:137} INFO - [2023-05-01T17:48:34.394+0000] {dagbag.py:532} INFO - Filling up the DagBag from /home/airflow/.local/lib/python3.7/site-packages/airflow/example_dags/example_params_ui_tutorial.py
[2023-05-01T17:48:35.506+0000] {processor.py:753} INFO - DAG(s) dict_keys(['example_params_ui_tutorial']) retrieved from /home/airflow/.local/lib/python3.7/site-packages/airflow/example_dags/example_params_ui_tutorial.py
[2023-05-01T17:51:04.592+0000] {processor.py:153} INFO - Started process (PID=46) to work on /home/airflow/.local/lib/python3.7/site-packages/airflow/example_dags/example_params_ui_tutorial.py
[2023-05-01T17:51:04.593+0000] {processor.py:743} INFO - Processing file /home/airflow/.local/lib/python3.7/site-packages/airflow/example_dags/example_params_ui_tutorial.py for tasks to queue
[2023-05-01T17:51:04.594+0000] {logging_mixin.py:137} INFO - [2023-05-01T17:51:04.594+0000] {dagbag.py:532} INFO - Filling up the DagBag from /home/airflow/.local/lib/python3.7/site-packages/airflow/example_dags/example_params_ui_tutorial.py
[2023-05-01T17:51:04.687+0000] {processor.py:753} INFO - DAG(s) dict_keys(['example_params_ui_tutorial']) retrieved from /home/airflow/.local/lib/python3.7/site-packages/airflow/example_dags/example_params_ui_tutorial.py
[2023-05-01T17:51:04.815+0000] {logging_mixin.py:137} INFO - [2023-05-01T17:51:04.815+0000] {dag.py:2705} INFO - Sync 1 DAGs
[2023-05-01T17:51:04.907+0000] {logging_mixin.py:137} INFO - [2023-05-01T17:51:04.907+0000] {dag.py:3456} INFO - Setting next_dagrun for example_params_ui_tutorial to None, run_after=None
[2023-05-01T17:51:05.034+0000] {processor.py:175} INFO - Processing /home/airflow/.local/lib/python3.7/site-packages/airflow/example_dags/example_params_ui_tutorial.py took 0.444 seconds
[2023-05-01T17:51:44.631+0000] {processor.py:153} INFO - Started process (PID=46) to work on /home/airflow/.local/lib/python3.7/site-packages/airflow/example_dags/example_params_ui_tutorial.py
[2023-05-01T17:51:44.632+0000] {processor.py:743} INFO - Processing file /home/airflow/.local/lib/python3.7/site-packages/airflow/example_dags/example_params_ui_tutorial.py for tasks to queue
[2023-05-01T17:51:44.633+0000] {logging_mixin.py:137} INFO - [2023-05-01T17:51:44.633+0000] {dagbag.py:532} INFO - Filling up the DagBag from /home/airflow/.local/lib/python3.7/site-packages/airflow/example_dags/example_params_ui_tutorial.py
[2023-05-01T17:58:34.378+0000] {processor.py:153} INFO - Started process (PID=47) to work on /home/airflow/.local/lib/python3.7/site-packages/airflow/example_dags/example_params_ui_tutorial.py
[2023-05-01T17:58:34.379+0000] {processor.py:743} INFO - Processing file /home/airflow/.local/lib/python3.7/site-packages/airflow/example_dags/example_params_ui_tutorial.py for tasks to queue
[2023-05-01T17:58:34.386+0000] {logging_mixin.py:137} INFO - [2023-05-01T17:58:34.386+0000] {dagbag.py:532} INFO - Filling up the DagBag from /home/airflow/.local/lib/python3.7/site-packages/airflow/example_dags/example_params_ui_tutorial.py
[2023-05-01T17:58:34.487+0000] {processor.py:753} INFO - DAG(s) dict_keys(['example_params_ui_tutorial']) retrieved from /home/airflow/.local/lib/python3.7/site-packages/airflow/example_dags/example_params_ui_tutorial.py
[2023-05-01T17:58:34.571+0000] {logging_mixin.py:137} INFO - [2023-05-01T17:58:34.571+0000] {dag.py:2705} INFO - Sync 1 DAGs
[2023-05-01T17:58:34.606+0000] {logging_mixin.py:137} INFO - [2023-05-01T17:58:34.606+0000] {dag.py:3456} INFO - Setting next_dagrun for example_params_ui_tutorial to None, run_after=None
[2023-05-01T17:58:34.653+0000] {processor.py:175} INFO - Processing /home/airflow/.local/lib/python3.7/site-packages/airflow/example_dags/example_params_ui_tutorial.py took 0.277 seconds
[2023-05-01T17:59:04.456+0000] {processor.py:153} INFO - Started process (PID=46) to work on /home/airflow/.local/lib/python3.7/site-packages/airflow/example_dags/example_params_ui_tutorial.py
[2023-05-01T17:59:04.456+0000] {processor.py:743} INFO - Processing file /home/airflow/.local/lib/python3.7/site-packages/airflow/example_dags/example_params_ui_tutorial.py for tasks to queue
[2023-05-01T17:59:04.462+0000] {logging_mixin.py:137} INFO - [2023-05-01T17:59:04.462+0000] {dagbag.py:532} INFO - Filling up the DagBag from /home/airflow/.local/lib/python3.7/site-packages/airflow/example_dags/example_params_ui_tutorial.py
[2023-05-01T17:59:04.533+0000] {processor.py:753} INFO - DAG(s) dict_keys(['example_params_ui_tutorial']) retrieved from /home/airflow/.local/lib/python3.7/site-packages/airflow/example_dags/example_params_ui_tutorial.py
[2023-05-01T17:59:04.579+0000] {logging_mixin.py:137} INFO - [2023-05-01T17:59:04.579+0000] {dag.py:2705} INFO - Sync 1 DAGs
[2023-05-01T17:59:04.601+0000] {logging_mixin.py:137} INFO - [2023-05-01T17:59:04.601+0000] {dag.py:3456} INFO - Setting next_dagrun for example_params_ui_tutorial to None, run_after=None
[2023-05-01T17:59:04.658+0000] {processor.py:175} INFO - Processing /home/airflow/.local/lib/python3.7/site-packages/airflow/example_dags/example_params_ui_tutorial.py took 0.205 seconds
[2023-05-01T18:02:25.968+0000] {processor.py:153} INFO - Started process (PID=53) to work on /home/airflow/.local/lib/python3.7/site-packages/airflow/example_dags/example_params_ui_tutorial.py
[2023-05-01T18:02:25.971+0000] {processor.py:743} INFO - Processing file /home/airflow/.local/lib/python3.7/site-packages/airflow/example_dags/example_params_ui_tutorial.py for tasks to queue
[2023-05-01T18:02:25.973+0000] {logging_mixin.py:137} INFO - [2023-05-01T18:02:25.972+0000] {dagbag.py:532} INFO - Filling up the DagBag from /home/airflow/.local/lib/python3.7/site-packages/airflow/example_dags/example_params_ui_tutorial.py
[2023-05-01T18:02:26.124+0000] {processor.py:753} INFO - DAG(s) dict_keys(['example_params_ui_tutorial']) retrieved from /home/airflow/.local/lib/python3.7/site-packages/airflow/example_dags/example_params_ui_tutorial.py
[2023-05-01T18:02:26.321+0000] {logging_mixin.py:137} INFO - [2023-05-01T18:02:26.321+0000] {dag.py:2705} INFO - Sync 1 DAGs
[2023-05-01T18:02:26.449+0000] {logging_mixin.py:137} INFO - [2023-05-01T18:02:26.446+0000] {dag.py:3456} INFO - Setting next_dagrun for example_params_ui_tutorial to None, run_after=None
[2023-05-01T18:02:26.552+0000] {processor.py:175} INFO - Processing /home/airflow/.local/lib/python3.7/site-packages/airflow/example_dags/example_params_ui_tutorial.py took 0.590 seconds
[2023-05-01T18:03:48.003+0000] {processor.py:153} INFO - Started process (PID=60) to work on /home/airflow/.local/lib/python3.7/site-packages/airflow/example_dags/example_params_ui_tutorial.py
[2023-05-01T18:03:48.004+0000] {processor.py:743} INFO - Processing file /home/airflow/.local/lib/python3.7/site-packages/airflow/example_dags/example_params_ui_tutorial.py for tasks to queue
[2023-05-01T18:03:48.006+0000] {logging_mixin.py:137} INFO - [2023-05-01T18:03:48.006+0000] {dagbag.py:532} INFO - Filling up the DagBag from /home/airflow/.local/lib/python3.7/site-packages/airflow/example_dags/example_params_ui_tutorial.py
[2023-05-01T18:06:03.939+0000] {processor.py:153} INFO - Started process (PID=46) to work on /home/airflow/.local/lib/python3.7/site-packages/airflow/example_dags/example_params_ui_tutorial.py
[2023-05-01T18:06:03.939+0000] {processor.py:743} INFO - Processing file /home/airflow/.local/lib/python3.7/site-packages/airflow/example_dags/example_params_ui_tutorial.py for tasks to queue
[2023-05-01T18:06:03.940+0000] {logging_mixin.py:137} INFO - [2023-05-01T18:06:03.940+0000] {dagbag.py:532} INFO - Filling up the DagBag from /home/airflow/.local/lib/python3.7/site-packages/airflow/example_dags/example_params_ui_tutorial.py
[2023-05-01T18:06:04.006+0000] {processor.py:753} INFO - DAG(s) dict_keys(['example_params_ui_tutorial']) retrieved from /home/airflow/.local/lib/python3.7/site-packages/airflow/example_dags/example_params_ui_tutorial.py
[2023-05-01T18:06:04.091+0000] {logging_mixin.py:137} INFO - [2023-05-01T18:06:04.091+0000] {dag.py:2705} INFO - Sync 1 DAGs
[2023-05-01T18:06:04.133+0000] {logging_mixin.py:137} INFO - [2023-05-01T18:06:04.133+0000] {dag.py:3456} INFO - Setting next_dagrun for example_params_ui_tutorial to None, run_after=None
[2023-05-01T18:06:04.149+0000] {processor.py:175} INFO - Processing /home/airflow/.local/lib/python3.7/site-packages/airflow/example_dags/example_params_ui_tutorial.py took 0.212 seconds
[2023-05-01T18:09:29.303+0000] {processor.py:153} INFO - Started process (PID=46) to work on /home/airflow/.local/lib/python3.7/site-packages/airflow/example_dags/example_params_ui_tutorial.py
[2023-05-01T18:09:29.317+0000] {processor.py:743} INFO - Processing file /home/airflow/.local/lib/python3.7/site-packages/airflow/example_dags/example_params_ui_tutorial.py for tasks to queue
[2023-05-01T18:09:29.319+0000] {logging_mixin.py:137} INFO - [2023-05-01T18:09:29.319+0000] {dagbag.py:532} INFO - Filling up the DagBag from /home/airflow/.local/lib/python3.7/site-packages/airflow/example_dags/example_params_ui_tutorial.py
[2023-05-01T18:09:29.489+0000] {processor.py:753} INFO - DAG(s) dict_keys(['example_params_ui_tutorial']) retrieved from /home/airflow/.local/lib/python3.7/site-packages/airflow/example_dags/example_params_ui_tutorial.py
[2023-05-01T18:09:29.615+0000] {logging_mixin.py:137} INFO - [2023-05-01T18:09:29.615+0000] {dag.py:2705} INFO - Sync 1 DAGs
[2023-05-01T18:09:29.658+0000] {logging_mixin.py:137} INFO - [2023-05-01T18:09:29.658+0000] {dag.py:3456} INFO - Setting next_dagrun for example_params_ui_tutorial to None, run_after=None
[2023-05-01T18:09:29.685+0000] {processor.py:175} INFO - Processing /home/airflow/.local/lib/python3.7/site-packages/airflow/example_dags/example_params_ui_tutorial.py took 0.385 seconds
