[2023-05-01T17:12:01.524+0000] {processor.py:153} INFO - Started process (PID=69) to work on /home/airflow/.local/lib/python3.7/site-packages/airflow/example_dags/example_short_circuit_decorator.py
[2023-05-01T17:12:01.533+0000] {processor.py:743} INFO - Processing file /home/airflow/.local/lib/python3.7/site-packages/airflow/example_dags/example_short_circuit_decorator.py for tasks to queue
[2023-05-01T17:12:01.538+0000] {logging_mixin.py:137} INFO - [2023-05-01T17:12:01.538+0000] {dagbag.py:532} INFO - Filling up the DagBag from /home/airflow/.local/lib/python3.7/site-packages/airflow/example_dags/example_short_circuit_decorator.py
[2023-05-01T17:12:01.727+0000] {processor.py:753} INFO - DAG(s) dict_keys(['example_short_circuit_decorator']) retrieved from /home/airflow/.local/lib/python3.7/site-packages/airflow/example_dags/example_short_circuit_decorator.py
[2023-05-01T17:12:01.859+0000] {logging_mixin.py:137} INFO - [2023-05-01T17:12:01.856+0000] {dag.py:2705} INFO - Sync 1 DAGs
[2023-05-01T17:12:02.022+0000] {logging_mixin.py:137} INFO - [2023-05-01T17:12:02.021+0000] {dag.py:3456} INFO - Setting next_dagrun for example_short_circuit_decorator to 2023-04-30T17:12:02.015109+00:00, run_after=2023-05-01T17:12:02.015109+00:00
[2023-05-01T17:12:02.516+0000] {processor.py:175} INFO - Processing /home/airflow/.local/lib/python3.7/site-packages/airflow/example_dags/example_short_circuit_decorator.py took 1.023 seconds
[2023-05-01T17:13:14.849+0000] {processor.py:153} INFO - Started process (PID=69) to work on /home/airflow/.local/lib/python3.7/site-packages/airflow/example_dags/example_short_circuit_decorator.py
[2023-05-01T17:13:14.853+0000] {processor.py:743} INFO - Processing file /home/airflow/.local/lib/python3.7/site-packages/airflow/example_dags/example_short_circuit_decorator.py for tasks to queue
[2023-05-01T17:13:14.855+0000] {logging_mixin.py:137} INFO - [2023-05-01T17:13:14.855+0000] {dagbag.py:532} INFO - Filling up the DagBag from /home/airflow/.local/lib/python3.7/site-packages/airflow/example_dags/example_short_circuit_decorator.py
[2023-05-01T17:13:14.904+0000] {processor.py:753} INFO - DAG(s) dict_keys(['example_short_circuit_decorator']) retrieved from /home/airflow/.local/lib/python3.7/site-packages/airflow/example_dags/example_short_circuit_decorator.py
[2023-05-01T17:13:15.017+0000] {logging_mixin.py:137} INFO - [2023-05-01T17:13:15.015+0000] {dag.py:2705} INFO - Sync 1 DAGs
[2023-05-01T17:13:15.069+0000] {logging_mixin.py:137} INFO - [2023-05-01T17:13:15.068+0000] {dag.py:3456} INFO - Setting next_dagrun for example_short_circuit_decorator to 2023-04-30T17:13:15.068027+00:00, run_after=2023-05-01T17:13:15.068027+00:00
[2023-05-01T17:13:15.135+0000] {processor.py:175} INFO - Processing /home/airflow/.local/lib/python3.7/site-packages/airflow/example_dags/example_short_circuit_decorator.py took 0.294 seconds
[2023-05-01T17:43:24.612+0000] {processor.py:153} INFO - Started process (PID=71) to work on /home/airflow/.local/lib/python3.7/site-packages/airflow/example_dags/example_short_circuit_decorator.py
[2023-05-01T17:43:24.616+0000] {processor.py:743} INFO - Processing file /home/airflow/.local/lib/python3.7/site-packages/airflow/example_dags/example_short_circuit_decorator.py for tasks to queue
[2023-05-01T17:43:24.627+0000] {logging_mixin.py:137} INFO - [2023-05-01T17:43:24.627+0000] {dagbag.py:532} INFO - Filling up the DagBag from /home/airflow/.local/lib/python3.7/site-packages/airflow/example_dags/example_short_circuit_decorator.py
[2023-05-01T17:43:24.800+0000] {processor.py:753} INFO - DAG(s) dict_keys(['example_short_circuit_decorator']) retrieved from /home/airflow/.local/lib/python3.7/site-packages/airflow/example_dags/example_short_circuit_decorator.py
[2023-05-01T17:43:25.001+0000] {logging_mixin.py:137} INFO - [2023-05-01T17:43:24.992+0000] {dag.py:2705} INFO - Sync 1 DAGs
[2023-05-01T17:43:25.167+0000] {logging_mixin.py:137} INFO - [2023-05-01T17:43:25.165+0000] {dag.py:3456} INFO - Setting next_dagrun for example_short_circuit_decorator to 2023-04-30T17:43:25.157187+00:00, run_after=2023-05-01T17:43:25.157187+00:00
[2023-05-01T17:43:25.338+0000] {processor.py:175} INFO - Processing /home/airflow/.local/lib/python3.7/site-packages/airflow/example_dags/example_short_circuit_decorator.py took 0.744 seconds
[2023-05-01T17:44:24.287+0000] {processor.py:153} INFO - Started process (PID=69) to work on /home/airflow/.local/lib/python3.7/site-packages/airflow/example_dags/example_short_circuit_decorator.py
[2023-05-01T17:44:24.288+0000] {processor.py:743} INFO - Processing file /home/airflow/.local/lib/python3.7/site-packages/airflow/example_dags/example_short_circuit_decorator.py for tasks to queue
[2023-05-01T17:44:24.289+0000] {logging_mixin.py:137} INFO - [2023-05-01T17:44:24.289+0000] {dagbag.py:532} INFO - Filling up the DagBag from /home/airflow/.local/lib/python3.7/site-packages/airflow/example_dags/example_short_circuit_decorator.py
[2023-05-01T17:44:24.331+0000] {processor.py:753} INFO - DAG(s) dict_keys(['example_short_circuit_decorator']) retrieved from /home/airflow/.local/lib/python3.7/site-packages/airflow/example_dags/example_short_circuit_decorator.py
[2023-05-01T17:44:24.387+0000] {logging_mixin.py:137} INFO - [2023-05-01T17:44:24.387+0000] {dag.py:2705} INFO - Sync 1 DAGs
[2023-05-01T17:44:24.428+0000] {logging_mixin.py:137} INFO - [2023-05-01T17:44:24.428+0000] {dag.py:3456} INFO - Setting next_dagrun for example_short_circuit_decorator to 2023-04-30T17:44:24.427410+00:00, run_after=2023-05-01T17:44:24.427410+00:00
[2023-05-01T17:44:24.480+0000] {processor.py:175} INFO - Processing /home/airflow/.local/lib/python3.7/site-packages/airflow/example_dags/example_short_circuit_decorator.py took 0.196 seconds
[2023-05-01T17:59:07.287+0000] {processor.py:153} INFO - Started process (PID=69) to work on /home/airflow/.local/lib/python3.7/site-packages/airflow/example_dags/example_short_circuit_decorator.py
[2023-05-01T17:59:07.287+0000] {processor.py:743} INFO - Processing file /home/airflow/.local/lib/python3.7/site-packages/airflow/example_dags/example_short_circuit_decorator.py for tasks to queue
[2023-05-01T17:59:07.288+0000] {logging_mixin.py:137} INFO - [2023-05-01T17:59:07.288+0000] {dagbag.py:532} INFO - Filling up the DagBag from /home/airflow/.local/lib/python3.7/site-packages/airflow/example_dags/example_short_circuit_decorator.py
[2023-05-01T17:59:07.305+0000] {processor.py:753} INFO - DAG(s) dict_keys(['example_short_circuit_decorator']) retrieved from /home/airflow/.local/lib/python3.7/site-packages/airflow/example_dags/example_short_circuit_decorator.py
[2023-05-01T17:59:07.348+0000] {logging_mixin.py:137} INFO - [2023-05-01T17:59:07.348+0000] {dag.py:2705} INFO - Sync 1 DAGs
[2023-05-01T17:59:07.372+0000] {logging_mixin.py:137} INFO - [2023-05-01T17:59:07.372+0000] {dag.py:3456} INFO - Setting next_dagrun for example_short_circuit_decorator to 2023-04-30T17:59:07.371852+00:00, run_after=2023-05-01T17:59:07.371852+00:00
[2023-05-01T17:59:07.401+0000] {processor.py:175} INFO - Processing /home/airflow/.local/lib/python3.7/site-packages/airflow/example_dags/example_short_circuit_decorator.py took 0.117 seconds
[2023-05-01T18:02:29.287+0000] {processor.py:153} INFO - Started process (PID=76) to work on /home/airflow/.local/lib/python3.7/site-packages/airflow/example_dags/example_short_circuit_decorator.py
[2023-05-01T18:02:29.287+0000] {processor.py:743} INFO - Processing file /home/airflow/.local/lib/python3.7/site-packages/airflow/example_dags/example_short_circuit_decorator.py for tasks to queue
[2023-05-01T18:02:29.288+0000] {logging_mixin.py:137} INFO - [2023-05-01T18:02:29.288+0000] {dagbag.py:532} INFO - Filling up the DagBag from /home/airflow/.local/lib/python3.7/site-packages/airflow/example_dags/example_short_circuit_decorator.py
[2023-05-01T18:02:29.308+0000] {processor.py:753} INFO - DAG(s) dict_keys(['example_short_circuit_decorator']) retrieved from /home/airflow/.local/lib/python3.7/site-packages/airflow/example_dags/example_short_circuit_decorator.py
[2023-05-01T18:02:29.345+0000] {logging_mixin.py:137} INFO - [2023-05-01T18:02:29.345+0000] {dag.py:2705} INFO - Sync 1 DAGs
[2023-05-01T18:02:29.383+0000] {logging_mixin.py:137} INFO - [2023-05-01T18:02:29.383+0000] {dag.py:3456} INFO - Setting next_dagrun for example_short_circuit_decorator to 2023-04-30T18:02:29.383007+00:00, run_after=2023-05-01T18:02:29.383007+00:00
[2023-05-01T18:02:29.411+0000] {processor.py:175} INFO - Processing /home/airflow/.local/lib/python3.7/site-packages/airflow/example_dags/example_short_circuit_decorator.py took 0.134 seconds
