[2023-05-01T11:41:54.216+0000] {processor.py:153} INFO - Started process (PID=54) to work on /home/airflow/.local/lib/python3.7/site-packages/airflow/example_dags/example_complex.py
[2023-05-01T11:41:54.231+0000] {processor.py:743} INFO - Processing file /home/airflow/.local/lib/python3.7/site-packages/airflow/example_dags/example_complex.py for tasks to queue
[2023-05-01T11:41:54.232+0000] {logging_mixin.py:137} INFO - [2023-05-01T11:41:54.231+0000] {dagbag.py:532} INFO - Filling up the DagBag from /home/airflow/.local/lib/python3.7/site-packages/airflow/example_dags/example_complex.py
[2023-05-01T11:41:54.256+0000] {logging_mixin.py:137} INFO - [2023-05-01T11:41:54.256+0000] {taskmixin.py:211} WARNING - Dependency <Task(BashOperator): create_entry_group>, delete_entry_group already registered for DAG: example_complex
[2023-05-01T11:41:54.276+0000] {logging_mixin.py:137} INFO - [2023-05-01T11:41:54.276+0000] {taskmixin.py:211} WARNING - Dependency <Task(BashOperator): delete_entry_group>, create_entry_group already registered for DAG: example_complex
[2023-05-01T11:41:54.276+0000] {logging_mixin.py:137} INFO - [2023-05-01T11:41:54.276+0000] {taskmixin.py:211} WARNING - Dependency <Task(BashOperator): create_entry_gcs>, delete_entry already registered for DAG: example_complex
[2023-05-01T11:41:54.276+0000] {logging_mixin.py:137} INFO - [2023-05-01T11:41:54.276+0000] {taskmixin.py:211} WARNING - Dependency <Task(BashOperator): delete_entry>, create_entry_gcs already registered for DAG: example_complex
[2023-05-01T11:41:54.277+0000] {logging_mixin.py:137} INFO - [2023-05-01T11:41:54.277+0000] {taskmixin.py:211} WARNING - Dependency <Task(BashOperator): create_tag>, delete_tag already registered for DAG: example_complex
[2023-05-01T11:41:54.279+0000] {logging_mixin.py:137} INFO - [2023-05-01T11:41:54.279+0000] {taskmixin.py:211} WARNING - Dependency <Task(BashOperator): delete_tag>, create_tag already registered for DAG: example_complex
[2023-05-01T11:41:54.306+0000] {processor.py:753} INFO - DAG(s) dict_keys(['example_complex']) retrieved from /home/airflow/.local/lib/python3.7/site-packages/airflow/example_dags/example_complex.py
[2023-05-01T11:41:54.429+0000] {logging_mixin.py:137} INFO - [2023-05-01T11:41:54.428+0000] {dag.py:2705} INFO - Sync 1 DAGs
[2023-05-01T11:41:54.500+0000] {logging_mixin.py:137} INFO - [2023-05-01T11:41:54.500+0000] {dag.py:3456} INFO - Setting next_dagrun for example_complex to None, run_after=None
[2023-05-01T11:41:54.544+0000] {processor.py:175} INFO - Processing /home/airflow/.local/lib/python3.7/site-packages/airflow/example_dags/example_complex.py took 0.330 seconds
[2023-05-01T17:11:50.304+0000] {processor.py:153} INFO - Started process (PID=44) to work on /home/airflow/.local/lib/python3.7/site-packages/airflow/example_dags/example_complex.py
[2023-05-01T17:11:50.312+0000] {processor.py:743} INFO - Processing file /home/airflow/.local/lib/python3.7/site-packages/airflow/example_dags/example_complex.py for tasks to queue
[2023-05-01T17:11:50.314+0000] {logging_mixin.py:137} INFO - [2023-05-01T17:11:50.314+0000] {dagbag.py:532} INFO - Filling up the DagBag from /home/airflow/.local/lib/python3.7/site-packages/airflow/example_dags/example_complex.py
[2023-05-01T17:11:50.349+0000] {logging_mixin.py:137} INFO - [2023-05-01T17:11:50.349+0000] {taskmixin.py:211} WARNING - Dependency <Task(BashOperator): create_entry_group>, delete_entry_group already registered for DAG: example_complex
[2023-05-01T17:11:50.354+0000] {logging_mixin.py:137} INFO - [2023-05-01T17:11:50.350+0000] {taskmixin.py:211} WARNING - Dependency <Task(BashOperator): delete_entry_group>, create_entry_group already registered for DAG: example_complex
[2023-05-01T17:11:50.363+0000] {logging_mixin.py:137} INFO - [2023-05-01T17:11:50.363+0000] {taskmixin.py:211} WARNING - Dependency <Task(BashOperator): create_entry_gcs>, delete_entry already registered for DAG: example_complex
[2023-05-01T17:11:50.363+0000] {logging_mixin.py:137} INFO - [2023-05-01T17:11:50.363+0000] {taskmixin.py:211} WARNING - Dependency <Task(BashOperator): delete_entry>, create_entry_gcs already registered for DAG: example_complex
[2023-05-01T17:11:50.364+0000] {logging_mixin.py:137} INFO - [2023-05-01T17:11:50.364+0000] {taskmixin.py:211} WARNING - Dependency <Task(BashOperator): create_tag>, delete_tag already registered for DAG: example_complex
[2023-05-01T17:11:50.364+0000] {logging_mixin.py:137} INFO - [2023-05-01T17:11:50.364+0000] {taskmixin.py:211} WARNING - Dependency <Task(BashOperator): delete_tag>, create_tag already registered for DAG: example_complex
[2023-05-01T17:11:50.378+0000] {processor.py:753} INFO - DAG(s) dict_keys(['example_complex']) retrieved from /home/airflow/.local/lib/python3.7/site-packages/airflow/example_dags/example_complex.py
[2023-05-01T17:11:50.454+0000] {logging_mixin.py:137} INFO - [2023-05-01T17:11:50.454+0000] {dag.py:2705} INFO - Sync 1 DAGs
[2023-05-01T17:11:50.476+0000] {logging_mixin.py:137} INFO - [2023-05-01T17:11:50.476+0000] {dag.py:3456} INFO - Setting next_dagrun for example_complex to None, run_after=None
[2023-05-01T17:11:50.511+0000] {processor.py:175} INFO - Processing /home/airflow/.local/lib/python3.7/site-packages/airflow/example_dags/example_complex.py took 0.214 seconds
[2023-05-01T17:13:11.212+0000] {processor.py:153} INFO - Started process (PID=44) to work on /home/airflow/.local/lib/python3.7/site-packages/airflow/example_dags/example_complex.py
[2023-05-01T17:13:11.213+0000] {processor.py:743} INFO - Processing file /home/airflow/.local/lib/python3.7/site-packages/airflow/example_dags/example_complex.py for tasks to queue
[2023-05-01T17:13:11.213+0000] {logging_mixin.py:137} INFO - [2023-05-01T17:13:11.213+0000] {dagbag.py:532} INFO - Filling up the DagBag from /home/airflow/.local/lib/python3.7/site-packages/airflow/example_dags/example_complex.py
[2023-05-01T17:13:11.232+0000] {logging_mixin.py:137} INFO - [2023-05-01T17:13:11.231+0000] {taskmixin.py:211} WARNING - Dependency <Task(BashOperator): create_entry_group>, delete_entry_group already registered for DAG: example_complex
[2023-05-01T17:13:11.232+0000] {logging_mixin.py:137} INFO - [2023-05-01T17:13:11.232+0000] {taskmixin.py:211} WARNING - Dependency <Task(BashOperator): delete_entry_group>, create_entry_group already registered for DAG: example_complex
[2023-05-01T17:13:11.232+0000] {logging_mixin.py:137} INFO - [2023-05-01T17:13:11.232+0000] {taskmixin.py:211} WARNING - Dependency <Task(BashOperator): create_entry_gcs>, delete_entry already registered for DAG: example_complex
[2023-05-01T17:13:11.232+0000] {logging_mixin.py:137} INFO - [2023-05-01T17:13:11.232+0000] {taskmixin.py:211} WARNING - Dependency <Task(BashOperator): delete_entry>, create_entry_gcs already registered for DAG: example_complex
[2023-05-01T17:13:11.234+0000] {logging_mixin.py:137} INFO - [2023-05-01T17:13:11.233+0000] {taskmixin.py:211} WARNING - Dependency <Task(BashOperator): create_tag>, delete_tag already registered for DAG: example_complex
[2023-05-01T17:13:11.234+0000] {logging_mixin.py:137} INFO - [2023-05-01T17:13:11.234+0000] {taskmixin.py:211} WARNING - Dependency <Task(BashOperator): delete_tag>, create_tag already registered for DAG: example_complex
[2023-05-01T17:13:11.244+0000] {processor.py:753} INFO - DAG(s) dict_keys(['example_complex']) retrieved from /home/airflow/.local/lib/python3.7/site-packages/airflow/example_dags/example_complex.py
[2023-05-01T17:13:11.298+0000] {logging_mixin.py:137} INFO - [2023-05-01T17:13:11.298+0000] {dag.py:2705} INFO - Sync 1 DAGs
[2023-05-01T17:13:11.355+0000] {logging_mixin.py:137} INFO - [2023-05-01T17:13:11.355+0000] {dag.py:3456} INFO - Setting next_dagrun for example_complex to None, run_after=None
[2023-05-01T17:13:11.402+0000] {processor.py:175} INFO - Processing /home/airflow/.local/lib/python3.7/site-packages/airflow/example_dags/example_complex.py took 0.201 seconds
[2023-05-01T17:14:32.961+0000] {processor.py:153} INFO - Started process (PID=44) to work on /home/airflow/.local/lib/python3.7/site-packages/airflow/example_dags/example_complex.py
[2023-05-01T17:14:32.961+0000] {processor.py:743} INFO - Processing file /home/airflow/.local/lib/python3.7/site-packages/airflow/example_dags/example_complex.py for tasks to queue
[2023-05-01T17:14:32.963+0000] {logging_mixin.py:137} INFO - [2023-05-01T17:14:32.963+0000] {dagbag.py:532} INFO - Filling up the DagBag from /home/airflow/.local/lib/python3.7/site-packages/airflow/example_dags/example_complex.py
[2023-05-01T17:14:32.994+0000] {logging_mixin.py:137} INFO - [2023-05-01T17:14:32.993+0000] {taskmixin.py:211} WARNING - Dependency <Task(BashOperator): create_entry_group>, delete_entry_group already registered for DAG: example_complex
[2023-05-01T17:14:32.995+0000] {logging_mixin.py:137} INFO - [2023-05-01T17:14:32.994+0000] {taskmixin.py:211} WARNING - Dependency <Task(BashOperator): delete_entry_group>, create_entry_group already registered for DAG: example_complex
[2023-05-01T17:14:32.996+0000] {logging_mixin.py:137} INFO - [2023-05-01T17:14:32.996+0000] {taskmixin.py:211} WARNING - Dependency <Task(BashOperator): create_entry_gcs>, delete_entry already registered for DAG: example_complex
[2023-05-01T17:14:32.996+0000] {logging_mixin.py:137} INFO - [2023-05-01T17:14:32.996+0000] {taskmixin.py:211} WARNING - Dependency <Task(BashOperator): delete_entry>, create_entry_gcs already registered for DAG: example_complex
[2023-05-01T17:14:32.997+0000] {logging_mixin.py:137} INFO - [2023-05-01T17:14:32.997+0000] {taskmixin.py:211} WARNING - Dependency <Task(BashOperator): create_tag>, delete_tag already registered for DAG: example_complex
[2023-05-01T17:14:33.007+0000] {logging_mixin.py:137} INFO - [2023-05-01T17:14:32.997+0000] {taskmixin.py:211} WARNING - Dependency <Task(BashOperator): delete_tag>, create_tag already registered for DAG: example_complex
[2023-05-01T17:14:33.033+0000] {processor.py:753} INFO - DAG(s) dict_keys(['example_complex']) retrieved from /home/airflow/.local/lib/python3.7/site-packages/airflow/example_dags/example_complex.py
[2023-05-01T17:14:33.095+0000] {logging_mixin.py:137} INFO - [2023-05-01T17:14:33.095+0000] {dag.py:2705} INFO - Sync 1 DAGs
[2023-05-01T17:14:33.125+0000] {logging_mixin.py:137} INFO - [2023-05-01T17:14:33.125+0000] {dag.py:3456} INFO - Setting next_dagrun for example_complex to None, run_after=None
[2023-05-01T17:14:33.193+0000] {processor.py:175} INFO - Processing /home/airflow/.local/lib/python3.7/site-packages/airflow/example_dags/example_complex.py took 0.235 seconds
[2023-05-01T17:15:38.636+0000] {processor.py:153} INFO - Started process (PID=44) to work on /home/airflow/.local/lib/python3.7/site-packages/airflow/example_dags/example_complex.py
[2023-05-01T17:15:38.637+0000] {processor.py:743} INFO - Processing file /home/airflow/.local/lib/python3.7/site-packages/airflow/example_dags/example_complex.py for tasks to queue
[2023-05-01T17:15:38.637+0000] {logging_mixin.py:137} INFO - [2023-05-01T17:15:38.637+0000] {dagbag.py:532} INFO - Filling up the DagBag from /home/airflow/.local/lib/python3.7/site-packages/airflow/example_dags/example_complex.py
[2023-05-01T17:15:38.655+0000] {logging_mixin.py:137} INFO - [2023-05-01T17:15:38.654+0000] {taskmixin.py:211} WARNING - Dependency <Task(BashOperator): create_entry_group>, delete_entry_group already registered for DAG: example_complex
[2023-05-01T17:15:38.655+0000] {logging_mixin.py:137} INFO - [2023-05-01T17:15:38.655+0000] {taskmixin.py:211} WARNING - Dependency <Task(BashOperator): delete_entry_group>, create_entry_group already registered for DAG: example_complex
[2023-05-01T17:15:38.656+0000] {logging_mixin.py:137} INFO - [2023-05-01T17:15:38.656+0000] {taskmixin.py:211} WARNING - Dependency <Task(BashOperator): create_entry_gcs>, delete_entry already registered for DAG: example_complex
[2023-05-01T17:15:38.656+0000] {logging_mixin.py:137} INFO - [2023-05-01T17:15:38.656+0000] {taskmixin.py:211} WARNING - Dependency <Task(BashOperator): delete_entry>, create_entry_gcs already registered for DAG: example_complex
[2023-05-01T17:15:38.658+0000] {logging_mixin.py:137} INFO - [2023-05-01T17:15:38.658+0000] {taskmixin.py:211} WARNING - Dependency <Task(BashOperator): create_tag>, delete_tag already registered for DAG: example_complex
[2023-05-01T17:15:38.661+0000] {logging_mixin.py:137} INFO - [2023-05-01T17:15:38.661+0000] {taskmixin.py:211} WARNING - Dependency <Task(BashOperator): delete_tag>, create_tag already registered for DAG: example_complex
[2023-05-01T17:15:38.677+0000] {processor.py:753} INFO - DAG(s) dict_keys(['example_complex']) retrieved from /home/airflow/.local/lib/python3.7/site-packages/airflow/example_dags/example_complex.py
[2023-05-01T17:15:38.721+0000] {logging_mixin.py:137} INFO - [2023-05-01T17:15:38.721+0000] {dag.py:2705} INFO - Sync 1 DAGs
[2023-05-01T17:15:38.765+0000] {logging_mixin.py:137} INFO - [2023-05-01T17:15:38.764+0000] {dag.py:3456} INFO - Setting next_dagrun for example_complex to None, run_after=None
[2023-05-01T17:15:38.794+0000] {processor.py:175} INFO - Processing /home/airflow/.local/lib/python3.7/site-packages/airflow/example_dags/example_complex.py took 0.161 seconds
[2023-05-01T17:21:35.428+0000] {processor.py:153} INFO - Started process (PID=44) to work on /home/airflow/.local/lib/python3.7/site-packages/airflow/example_dags/example_complex.py
[2023-05-01T17:21:35.430+0000] {processor.py:743} INFO - Processing file /home/airflow/.local/lib/python3.7/site-packages/airflow/example_dags/example_complex.py for tasks to queue
[2023-05-01T17:21:35.432+0000] {logging_mixin.py:137} INFO - [2023-05-01T17:21:35.431+0000] {dagbag.py:532} INFO - Filling up the DagBag from /home/airflow/.local/lib/python3.7/site-packages/airflow/example_dags/example_complex.py
[2023-05-01T17:21:35.468+0000] {logging_mixin.py:137} INFO - [2023-05-01T17:21:35.468+0000] {taskmixin.py:211} WARNING - Dependency <Task(BashOperator): create_entry_group>, delete_entry_group already registered for DAG: example_complex
[2023-05-01T17:21:35.468+0000] {logging_mixin.py:137} INFO - [2023-05-01T17:21:35.468+0000] {taskmixin.py:211} WARNING - Dependency <Task(BashOperator): delete_entry_group>, create_entry_group already registered for DAG: example_complex
[2023-05-01T17:21:35.471+0000] {logging_mixin.py:137} INFO - [2023-05-01T17:21:35.470+0000] {taskmixin.py:211} WARNING - Dependency <Task(BashOperator): create_entry_gcs>, delete_entry already registered for DAG: example_complex
[2023-05-01T17:21:35.472+0000] {logging_mixin.py:137} INFO - [2023-05-01T17:21:35.472+0000] {taskmixin.py:211} WARNING - Dependency <Task(BashOperator): delete_entry>, create_entry_gcs already registered for DAG: example_complex
[2023-05-01T17:21:35.477+0000] {logging_mixin.py:137} INFO - [2023-05-01T17:21:35.477+0000] {taskmixin.py:211} WARNING - Dependency <Task(BashOperator): create_tag>, delete_tag already registered for DAG: example_complex
[2023-05-01T17:21:35.477+0000] {logging_mixin.py:137} INFO - [2023-05-01T17:21:35.477+0000] {taskmixin.py:211} WARNING - Dependency <Task(BashOperator): delete_tag>, create_tag already registered for DAG: example_complex
[2023-05-01T17:21:35.488+0000] {processor.py:753} INFO - DAG(s) dict_keys(['example_complex']) retrieved from /home/airflow/.local/lib/python3.7/site-packages/airflow/example_dags/example_complex.py
[2023-05-01T17:21:35.552+0000] {logging_mixin.py:137} INFO - [2023-05-01T17:21:35.549+0000] {dag.py:2705} INFO - Sync 1 DAGs
[2023-05-01T17:21:35.617+0000] {logging_mixin.py:137} INFO - [2023-05-01T17:21:35.616+0000] {dag.py:3456} INFO - Setting next_dagrun for example_complex to None, run_after=None
[2023-05-01T17:21:35.654+0000] {processor.py:175} INFO - Processing /home/airflow/.local/lib/python3.7/site-packages/airflow/example_dags/example_complex.py took 0.228 seconds
[2023-05-01T17:23:57.077+0000] {processor.py:153} INFO - Started process (PID=50) to work on /home/airflow/.local/lib/python3.7/site-packages/airflow/example_dags/example_complex.py
[2023-05-01T17:23:57.078+0000] {processor.py:743} INFO - Processing file /home/airflow/.local/lib/python3.7/site-packages/airflow/example_dags/example_complex.py for tasks to queue
[2023-05-01T17:23:57.080+0000] {logging_mixin.py:137} INFO - [2023-05-01T17:23:57.080+0000] {dagbag.py:532} INFO - Filling up the DagBag from /home/airflow/.local/lib/python3.7/site-packages/airflow/example_dags/example_complex.py
[2023-05-01T17:23:57.116+0000] {logging_mixin.py:137} INFO - [2023-05-01T17:23:57.116+0000] {taskmixin.py:211} WARNING - Dependency <Task(BashOperator): create_entry_group>, delete_entry_group already registered for DAG: example_complex
[2023-05-01T17:23:57.116+0000] {logging_mixin.py:137} INFO - [2023-05-01T17:23:57.116+0000] {taskmixin.py:211} WARNING - Dependency <Task(BashOperator): delete_entry_group>, create_entry_group already registered for DAG: example_complex
[2023-05-01T17:23:57.116+0000] {logging_mixin.py:137} INFO - [2023-05-01T17:23:57.116+0000] {taskmixin.py:211} WARNING - Dependency <Task(BashOperator): create_entry_gcs>, delete_entry already registered for DAG: example_complex
[2023-05-01T17:23:57.117+0000] {logging_mixin.py:137} INFO - [2023-05-01T17:23:57.117+0000] {taskmixin.py:211} WARNING - Dependency <Task(BashOperator): delete_entry>, create_entry_gcs already registered for DAG: example_complex
[2023-05-01T17:23:57.117+0000] {logging_mixin.py:137} INFO - [2023-05-01T17:23:57.117+0000] {taskmixin.py:211} WARNING - Dependency <Task(BashOperator): create_tag>, delete_tag already registered for DAG: example_complex
[2023-05-01T17:23:57.117+0000] {logging_mixin.py:137} INFO - [2023-05-01T17:23:57.117+0000] {taskmixin.py:211} WARNING - Dependency <Task(BashOperator): delete_tag>, create_tag already registered for DAG: example_complex
[2023-05-01T17:23:57.144+0000] {processor.py:753} INFO - DAG(s) dict_keys(['example_complex']) retrieved from /home/airflow/.local/lib/python3.7/site-packages/airflow/example_dags/example_complex.py
[2023-05-01T17:23:57.186+0000] {logging_mixin.py:137} INFO - [2023-05-01T17:23:57.185+0000] {dag.py:2705} INFO - Sync 1 DAGs
[2023-05-01T17:23:57.252+0000] {logging_mixin.py:137} INFO - [2023-05-01T17:23:57.252+0000] {dag.py:3456} INFO - Setting next_dagrun for example_complex to None, run_after=None
[2023-05-01T17:23:57.268+0000] {processor.py:175} INFO - Processing /home/airflow/.local/lib/python3.7/site-packages/airflow/example_dags/example_complex.py took 0.193 seconds
[2023-05-01T17:25:06.694+0000] {processor.py:153} INFO - Started process (PID=45) to work on /home/airflow/.local/lib/python3.7/site-packages/airflow/example_dags/example_complex.py
[2023-05-01T17:25:06.695+0000] {processor.py:743} INFO - Processing file /home/airflow/.local/lib/python3.7/site-packages/airflow/example_dags/example_complex.py for tasks to queue
[2023-05-01T17:25:06.696+0000] {logging_mixin.py:137} INFO - [2023-05-01T17:25:06.696+0000] {dagbag.py:532} INFO - Filling up the DagBag from /home/airflow/.local/lib/python3.7/site-packages/airflow/example_dags/example_complex.py
[2023-05-01T17:25:06.715+0000] {logging_mixin.py:137} INFO - [2023-05-01T17:25:06.714+0000] {taskmixin.py:211} WARNING - Dependency <Task(BashOperator): create_entry_group>, delete_entry_group already registered for DAG: example_complex
[2023-05-01T17:25:06.715+0000] {logging_mixin.py:137} INFO - [2023-05-01T17:25:06.715+0000] {taskmixin.py:211} WARNING - Dependency <Task(BashOperator): delete_entry_group>, create_entry_group already registered for DAG: example_complex
[2023-05-01T17:25:06.716+0000] {logging_mixin.py:137} INFO - [2023-05-01T17:25:06.716+0000] {taskmixin.py:211} WARNING - Dependency <Task(BashOperator): create_entry_gcs>, delete_entry already registered for DAG: example_complex
[2023-05-01T17:25:06.716+0000] {logging_mixin.py:137} INFO - [2023-05-01T17:25:06.716+0000] {taskmixin.py:211} WARNING - Dependency <Task(BashOperator): delete_entry>, create_entry_gcs already registered for DAG: example_complex
[2023-05-01T17:25:06.717+0000] {logging_mixin.py:137} INFO - [2023-05-01T17:25:06.717+0000] {taskmixin.py:211} WARNING - Dependency <Task(BashOperator): create_tag>, delete_tag already registered for DAG: example_complex
[2023-05-01T17:25:06.717+0000] {logging_mixin.py:137} INFO - [2023-05-01T17:25:06.717+0000] {taskmixin.py:211} WARNING - Dependency <Task(BashOperator): delete_tag>, create_tag already registered for DAG: example_complex
[2023-05-01T17:25:06.749+0000] {processor.py:753} INFO - DAG(s) dict_keys(['example_complex']) retrieved from /home/airflow/.local/lib/python3.7/site-packages/airflow/example_dags/example_complex.py
[2023-05-01T17:25:06.898+0000] {logging_mixin.py:137} INFO - [2023-05-01T17:25:06.898+0000] {dag.py:2705} INFO - Sync 1 DAGs
[2023-05-01T17:33:04.276+0000] {processor.py:153} INFO - Started process (PID=51) to work on /home/airflow/.local/lib/python3.7/site-packages/airflow/example_dags/example_complex.py
[2023-05-01T17:33:04.300+0000] {processor.py:743} INFO - Processing file /home/airflow/.local/lib/python3.7/site-packages/airflow/example_dags/example_complex.py for tasks to queue
[2023-05-01T17:33:04.301+0000] {logging_mixin.py:137} INFO - [2023-05-01T17:33:04.301+0000] {dagbag.py:532} INFO - Filling up the DagBag from /home/airflow/.local/lib/python3.7/site-packages/airflow/example_dags/example_complex.py
[2023-05-01T17:33:04.384+0000] {logging_mixin.py:137} INFO - [2023-05-01T17:33:04.384+0000] {taskmixin.py:211} WARNING - Dependency <Task(BashOperator): create_entry_group>, delete_entry_group already registered for DAG: example_complex
[2023-05-01T17:33:04.401+0000] {logging_mixin.py:137} INFO - [2023-05-01T17:33:04.401+0000] {taskmixin.py:211} WARNING - Dependency <Task(BashOperator): delete_entry_group>, create_entry_group already registered for DAG: example_complex
[2023-05-01T17:33:04.430+0000] {logging_mixin.py:137} INFO - [2023-05-01T17:33:04.430+0000] {taskmixin.py:211} WARNING - Dependency <Task(BashOperator): create_entry_gcs>, delete_entry already registered for DAG: example_complex
[2023-05-01T17:33:04.431+0000] {logging_mixin.py:137} INFO - [2023-05-01T17:33:04.431+0000] {taskmixin.py:211} WARNING - Dependency <Task(BashOperator): delete_entry>, create_entry_gcs already registered for DAG: example_complex
[2023-05-01T17:33:04.431+0000] {logging_mixin.py:137} INFO - [2023-05-01T17:33:04.431+0000] {taskmixin.py:211} WARNING - Dependency <Task(BashOperator): create_tag>, delete_tag already registered for DAG: example_complex
[2023-05-01T17:33:04.431+0000] {logging_mixin.py:137} INFO - [2023-05-01T17:33:04.431+0000] {taskmixin.py:211} WARNING - Dependency <Task(BashOperator): delete_tag>, create_tag already registered for DAG: example_complex
[2023-05-01T17:33:04.473+0000] {processor.py:753} INFO - DAG(s) dict_keys(['example_complex']) retrieved from /home/airflow/.local/lib/python3.7/site-packages/airflow/example_dags/example_complex.py
[2023-05-01T17:33:04.583+0000] {logging_mixin.py:137} INFO - [2023-05-01T17:33:04.583+0000] {dag.py:2705} INFO - Sync 1 DAGs
[2023-05-01T17:33:04.647+0000] {logging_mixin.py:137} INFO - [2023-05-01T17:33:04.647+0000] {dag.py:3456} INFO - Setting next_dagrun for example_complex to None, run_after=None
[2023-05-01T17:33:04.722+0000] {processor.py:175} INFO - Processing /home/airflow/.local/lib/python3.7/site-packages/airflow/example_dags/example_complex.py took 0.449 seconds
[2023-05-01T17:36:14.441+0000] {processor.py:153} INFO - Started process (PID=44) to work on /home/airflow/.local/lib/python3.7/site-packages/airflow/example_dags/example_complex.py
[2023-05-01T17:36:14.451+0000] {processor.py:743} INFO - Processing file /home/airflow/.local/lib/python3.7/site-packages/airflow/example_dags/example_complex.py for tasks to queue
[2023-05-01T17:36:14.452+0000] {logging_mixin.py:137} INFO - [2023-05-01T17:36:14.452+0000] {dagbag.py:532} INFO - Filling up the DagBag from /home/airflow/.local/lib/python3.7/site-packages/airflow/example_dags/example_complex.py
[2023-05-01T17:36:14.527+0000] {logging_mixin.py:137} INFO - [2023-05-01T17:36:14.527+0000] {taskmixin.py:211} WARNING - Dependency <Task(BashOperator): create_entry_group>, delete_entry_group already registered for DAG: example_complex
[2023-05-01T17:36:14.528+0000] {logging_mixin.py:137} INFO - [2023-05-01T17:36:14.528+0000] {taskmixin.py:211} WARNING - Dependency <Task(BashOperator): delete_entry_group>, create_entry_group already registered for DAG: example_complex
[2023-05-01T17:36:14.536+0000] {logging_mixin.py:137} INFO - [2023-05-01T17:36:14.536+0000] {taskmixin.py:211} WARNING - Dependency <Task(BashOperator): create_entry_gcs>, delete_entry already registered for DAG: example_complex
[2023-05-01T17:36:14.539+0000] {logging_mixin.py:137} INFO - [2023-05-01T17:36:14.538+0000] {taskmixin.py:211} WARNING - Dependency <Task(BashOperator): delete_entry>, create_entry_gcs already registered for DAG: example_complex
[2023-05-01T17:36:14.540+0000] {logging_mixin.py:137} INFO - [2023-05-01T17:36:14.540+0000] {taskmixin.py:211} WARNING - Dependency <Task(BashOperator): create_tag>, delete_tag already registered for DAG: example_complex
[2023-05-01T17:36:14.540+0000] {logging_mixin.py:137} INFO - [2023-05-01T17:36:14.540+0000] {taskmixin.py:211} WARNING - Dependency <Task(BashOperator): delete_tag>, create_tag already registered for DAG: example_complex
[2023-05-01T17:36:14.592+0000] {processor.py:753} INFO - DAG(s) dict_keys(['example_complex']) retrieved from /home/airflow/.local/lib/python3.7/site-packages/airflow/example_dags/example_complex.py
[2023-05-01T17:36:18.585+0000] {logging_mixin.py:137} INFO - [2023-05-01T17:36:18.513+0000] {dag.py:2705} INFO - Sync 1 DAGs
[2023-05-01T17:36:55.907+0000] {processor.py:153} INFO - Started process (PID=52) to work on /home/airflow/.local/lib/python3.7/site-packages/airflow/example_dags/example_complex.py
[2023-05-01T17:36:55.924+0000] {processor.py:743} INFO - Processing file /home/airflow/.local/lib/python3.7/site-packages/airflow/example_dags/example_complex.py for tasks to queue
[2023-05-01T17:36:55.927+0000] {logging_mixin.py:137} INFO - [2023-05-01T17:36:55.927+0000] {dagbag.py:532} INFO - Filling up the DagBag from /home/airflow/.local/lib/python3.7/site-packages/airflow/example_dags/example_complex.py
[2023-05-01T17:36:56.051+0000] {logging_mixin.py:137} INFO - [2023-05-01T17:36:56.011+0000] {taskmixin.py:211} WARNING - Dependency <Task(BashOperator): create_entry_group>, delete_entry_group already registered for DAG: example_complex
[2023-05-01T17:36:56.051+0000] {logging_mixin.py:137} INFO - [2023-05-01T17:36:56.051+0000] {taskmixin.py:211} WARNING - Dependency <Task(BashOperator): delete_entry_group>, create_entry_group already registered for DAG: example_complex
[2023-05-01T17:36:56.052+0000] {logging_mixin.py:137} INFO - [2023-05-01T17:36:56.052+0000] {taskmixin.py:211} WARNING - Dependency <Task(BashOperator): create_entry_gcs>, delete_entry already registered for DAG: example_complex
[2023-05-01T17:36:56.052+0000] {logging_mixin.py:137} INFO - [2023-05-01T17:36:56.052+0000] {taskmixin.py:211} WARNING - Dependency <Task(BashOperator): delete_entry>, create_entry_gcs already registered for DAG: example_complex
[2023-05-01T17:36:56.055+0000] {logging_mixin.py:137} INFO - [2023-05-01T17:36:56.055+0000] {taskmixin.py:211} WARNING - Dependency <Task(BashOperator): create_tag>, delete_tag already registered for DAG: example_complex
[2023-05-01T17:36:56.055+0000] {logging_mixin.py:137} INFO - [2023-05-01T17:36:56.055+0000] {taskmixin.py:211} WARNING - Dependency <Task(BashOperator): delete_tag>, create_tag already registered for DAG: example_complex
[2023-05-01T17:36:56.092+0000] {processor.py:753} INFO - DAG(s) dict_keys(['example_complex']) retrieved from /home/airflow/.local/lib/python3.7/site-packages/airflow/example_dags/example_complex.py
[2023-05-01T17:36:56.177+0000] {logging_mixin.py:137} INFO - [2023-05-01T17:36:56.177+0000] {dag.py:2705} INFO - Sync 1 DAGs
[2023-05-01T17:36:56.231+0000] {logging_mixin.py:137} INFO - [2023-05-01T17:36:56.231+0000] {dag.py:3456} INFO - Setting next_dagrun for example_complex to None, run_after=None
[2023-05-01T17:36:56.289+0000] {processor.py:175} INFO - Processing /home/airflow/.local/lib/python3.7/site-packages/airflow/example_dags/example_complex.py took 0.389 seconds
[2023-05-01T17:37:50.465+0000] {processor.py:153} INFO - Started process (PID=45) to work on /home/airflow/.local/lib/python3.7/site-packages/airflow/example_dags/example_complex.py
[2023-05-01T17:37:50.465+0000] {processor.py:743} INFO - Processing file /home/airflow/.local/lib/python3.7/site-packages/airflow/example_dags/example_complex.py for tasks to queue
[2023-05-01T17:37:50.466+0000] {logging_mixin.py:137} INFO - [2023-05-01T17:37:50.466+0000] {dagbag.py:532} INFO - Filling up the DagBag from /home/airflow/.local/lib/python3.7/site-packages/airflow/example_dags/example_complex.py
[2023-05-01T17:37:50.493+0000] {logging_mixin.py:137} INFO - [2023-05-01T17:37:50.493+0000] {taskmixin.py:211} WARNING - Dependency <Task(BashOperator): create_entry_group>, delete_entry_group already registered for DAG: example_complex
[2023-05-01T17:37:50.493+0000] {logging_mixin.py:137} INFO - [2023-05-01T17:37:50.493+0000] {taskmixin.py:211} WARNING - Dependency <Task(BashOperator): delete_entry_group>, create_entry_group already registered for DAG: example_complex
[2023-05-01T17:37:50.494+0000] {logging_mixin.py:137} INFO - [2023-05-01T17:37:50.494+0000] {taskmixin.py:211} WARNING - Dependency <Task(BashOperator): create_entry_gcs>, delete_entry already registered for DAG: example_complex
[2023-05-01T17:37:50.495+0000] {logging_mixin.py:137} INFO - [2023-05-01T17:37:50.495+0000] {taskmixin.py:211} WARNING - Dependency <Task(BashOperator): delete_entry>, create_entry_gcs already registered for DAG: example_complex
[2023-05-01T17:37:50.495+0000] {logging_mixin.py:137} INFO - [2023-05-01T17:37:50.495+0000] {taskmixin.py:211} WARNING - Dependency <Task(BashOperator): create_tag>, delete_tag already registered for DAG: example_complex
[2023-05-01T17:37:50.502+0000] {logging_mixin.py:137} INFO - [2023-05-01T17:37:50.495+0000] {taskmixin.py:211} WARNING - Dependency <Task(BashOperator): delete_tag>, create_tag already registered for DAG: example_complex
[2023-05-01T17:37:50.525+0000] {processor.py:753} INFO - DAG(s) dict_keys(['example_complex']) retrieved from /home/airflow/.local/lib/python3.7/site-packages/airflow/example_dags/example_complex.py
[2023-05-01T17:37:50.585+0000] {logging_mixin.py:137} INFO - [2023-05-01T17:37:50.584+0000] {dag.py:2705} INFO - Sync 1 DAGs
[2023-05-01T17:37:50.632+0000] {logging_mixin.py:137} INFO - [2023-05-01T17:37:50.632+0000] {dag.py:3456} INFO - Setting next_dagrun for example_complex to None, run_after=None
[2023-05-01T17:37:50.669+0000] {processor.py:175} INFO - Processing /home/airflow/.local/lib/python3.7/site-packages/airflow/example_dags/example_complex.py took 0.207 seconds
[2023-05-01T17:38:15.191+0000] {processor.py:153} INFO - Started process (PID=45) to work on /home/airflow/.local/lib/python3.7/site-packages/airflow/example_dags/example_complex.py
[2023-05-01T17:38:15.192+0000] {processor.py:743} INFO - Processing file /home/airflow/.local/lib/python3.7/site-packages/airflow/example_dags/example_complex.py for tasks to queue
[2023-05-01T17:38:15.193+0000] {logging_mixin.py:137} INFO - [2023-05-01T17:38:15.193+0000] {dagbag.py:532} INFO - Filling up the DagBag from /home/airflow/.local/lib/python3.7/site-packages/airflow/example_dags/example_complex.py
[2023-05-01T17:38:15.231+0000] {logging_mixin.py:137} INFO - [2023-05-01T17:38:15.231+0000] {taskmixin.py:211} WARNING - Dependency <Task(BashOperator): create_entry_group>, delete_entry_group already registered for DAG: example_complex
[2023-05-01T17:38:15.232+0000] {logging_mixin.py:137} INFO - [2023-05-01T17:38:15.232+0000] {taskmixin.py:211} WARNING - Dependency <Task(BashOperator): delete_entry_group>, create_entry_group already registered for DAG: example_complex
[2023-05-01T17:38:15.233+0000] {logging_mixin.py:137} INFO - [2023-05-01T17:38:15.233+0000] {taskmixin.py:211} WARNING - Dependency <Task(BashOperator): create_entry_gcs>, delete_entry already registered for DAG: example_complex
[2023-05-01T17:38:15.233+0000] {logging_mixin.py:137} INFO - [2023-05-01T17:38:15.233+0000] {taskmixin.py:211} WARNING - Dependency <Task(BashOperator): delete_entry>, create_entry_gcs already registered for DAG: example_complex
[2023-05-01T17:38:15.233+0000] {logging_mixin.py:137} INFO - [2023-05-01T17:38:15.233+0000] {taskmixin.py:211} WARNING - Dependency <Task(BashOperator): create_tag>, delete_tag already registered for DAG: example_complex
[2023-05-01T17:38:15.233+0000] {logging_mixin.py:137} INFO - [2023-05-01T17:38:15.233+0000] {taskmixin.py:211} WARNING - Dependency <Task(BashOperator): delete_tag>, create_tag already registered for DAG: example_complex
[2023-05-01T17:38:15.239+0000] {processor.py:753} INFO - DAG(s) dict_keys(['example_complex']) retrieved from /home/airflow/.local/lib/python3.7/site-packages/airflow/example_dags/example_complex.py
[2023-05-01T17:38:15.284+0000] {logging_mixin.py:137} INFO - [2023-05-01T17:38:15.284+0000] {dag.py:2705} INFO - Sync 1 DAGs
[2023-05-01T17:38:15.302+0000] {logging_mixin.py:137} INFO - [2023-05-01T17:38:15.302+0000] {dag.py:3456} INFO - Setting next_dagrun for example_complex to None, run_after=None
[2023-05-01T17:38:15.325+0000] {processor.py:175} INFO - Processing /home/airflow/.local/lib/python3.7/site-packages/airflow/example_dags/example_complex.py took 0.146 seconds
[2023-05-01T17:41:33.547+0000] {processor.py:153} INFO - Started process (PID=46) to work on /home/airflow/.local/lib/python3.7/site-packages/airflow/example_dags/example_complex.py
[2023-05-01T17:41:33.548+0000] {processor.py:743} INFO - Processing file /home/airflow/.local/lib/python3.7/site-packages/airflow/example_dags/example_complex.py for tasks to queue
[2023-05-01T17:41:33.550+0000] {logging_mixin.py:137} INFO - [2023-05-01T17:41:33.550+0000] {dagbag.py:532} INFO - Filling up the DagBag from /home/airflow/.local/lib/python3.7/site-packages/airflow/example_dags/example_complex.py
[2023-05-01T17:41:33.579+0000] {logging_mixin.py:137} INFO - [2023-05-01T17:41:33.579+0000] {taskmixin.py:211} WARNING - Dependency <Task(BashOperator): create_entry_group>, delete_entry_group already registered for DAG: example_complex
[2023-05-01T17:41:33.580+0000] {logging_mixin.py:137} INFO - [2023-05-01T17:41:33.579+0000] {taskmixin.py:211} WARNING - Dependency <Task(BashOperator): delete_entry_group>, create_entry_group already registered for DAG: example_complex
[2023-05-01T17:41:33.580+0000] {logging_mixin.py:137} INFO - [2023-05-01T17:41:33.580+0000] {taskmixin.py:211} WARNING - Dependency <Task(BashOperator): create_entry_gcs>, delete_entry already registered for DAG: example_complex
[2023-05-01T17:41:33.580+0000] {logging_mixin.py:137} INFO - [2023-05-01T17:41:33.580+0000] {taskmixin.py:211} WARNING - Dependency <Task(BashOperator): delete_entry>, create_entry_gcs already registered for DAG: example_complex
[2023-05-01T17:41:33.581+0000] {logging_mixin.py:137} INFO - [2023-05-01T17:41:33.580+0000] {taskmixin.py:211} WARNING - Dependency <Task(BashOperator): create_tag>, delete_tag already registered for DAG: example_complex
[2023-05-01T17:41:33.583+0000] {logging_mixin.py:137} INFO - [2023-05-01T17:41:33.583+0000] {taskmixin.py:211} WARNING - Dependency <Task(BashOperator): delete_tag>, create_tag already registered for DAG: example_complex
[2023-05-01T17:41:33.590+0000] {processor.py:753} INFO - DAG(s) dict_keys(['example_complex']) retrieved from /home/airflow/.local/lib/python3.7/site-packages/airflow/example_dags/example_complex.py
[2023-05-01T17:41:33.645+0000] {logging_mixin.py:137} INFO - [2023-05-01T17:41:33.645+0000] {dag.py:2705} INFO - Sync 1 DAGs
[2023-05-01T17:41:33.699+0000] {logging_mixin.py:137} INFO - [2023-05-01T17:41:33.699+0000] {dag.py:3456} INFO - Setting next_dagrun for example_complex to None, run_after=None
[2023-05-01T17:41:33.746+0000] {processor.py:175} INFO - Processing /home/airflow/.local/lib/python3.7/site-packages/airflow/example_dags/example_complex.py took 0.210 seconds
[2023-05-01T17:43:03.664+0000] {processor.py:153} INFO - Started process (PID=46) to work on /home/airflow/.local/lib/python3.7/site-packages/airflow/example_dags/example_complex.py
[2023-05-01T17:43:03.665+0000] {processor.py:743} INFO - Processing file /home/airflow/.local/lib/python3.7/site-packages/airflow/example_dags/example_complex.py for tasks to queue
[2023-05-01T17:43:03.665+0000] {logging_mixin.py:137} INFO - [2023-05-01T17:43:03.665+0000] {dagbag.py:532} INFO - Filling up the DagBag from /home/airflow/.local/lib/python3.7/site-packages/airflow/example_dags/example_complex.py
[2023-05-01T17:43:03.691+0000] {logging_mixin.py:137} INFO - [2023-05-01T17:43:03.690+0000] {taskmixin.py:211} WARNING - Dependency <Task(BashOperator): create_entry_group>, delete_entry_group already registered for DAG: example_complex
[2023-05-01T17:43:03.704+0000] {logging_mixin.py:137} INFO - [2023-05-01T17:43:03.693+0000] {taskmixin.py:211} WARNING - Dependency <Task(BashOperator): delete_entry_group>, create_entry_group already registered for DAG: example_complex
[2023-05-01T17:43:03.705+0000] {logging_mixin.py:137} INFO - [2023-05-01T17:43:03.705+0000] {taskmixin.py:211} WARNING - Dependency <Task(BashOperator): create_entry_gcs>, delete_entry already registered for DAG: example_complex
[2023-05-01T17:43:03.706+0000] {logging_mixin.py:137} INFO - [2023-05-01T17:43:03.706+0000] {taskmixin.py:211} WARNING - Dependency <Task(BashOperator): delete_entry>, create_entry_gcs already registered for DAG: example_complex
[2023-05-01T17:43:03.706+0000] {logging_mixin.py:137} INFO - [2023-05-01T17:43:03.706+0000] {taskmixin.py:211} WARNING - Dependency <Task(BashOperator): create_tag>, delete_tag already registered for DAG: example_complex
[2023-05-01T17:43:03.707+0000] {logging_mixin.py:137} INFO - [2023-05-01T17:43:03.707+0000] {taskmixin.py:211} WARNING - Dependency <Task(BashOperator): delete_tag>, create_tag already registered for DAG: example_complex
[2023-05-01T17:43:03.740+0000] {processor.py:753} INFO - DAG(s) dict_keys(['example_complex']) retrieved from /home/airflow/.local/lib/python3.7/site-packages/airflow/example_dags/example_complex.py
[2023-05-01T17:43:03.852+0000] {logging_mixin.py:137} INFO - [2023-05-01T17:43:03.850+0000] {dag.py:2705} INFO - Sync 1 DAGs
[2023-05-01T17:43:03.900+0000] {logging_mixin.py:137} INFO - [2023-05-01T17:43:03.898+0000] {dag.py:3456} INFO - Setting next_dagrun for example_complex to None, run_after=None
[2023-05-01T17:44:19.718+0000] {processor.py:153} INFO - Started process (PID=44) to work on /home/airflow/.local/lib/python3.7/site-packages/airflow/example_dags/example_complex.py
[2023-05-01T17:44:19.719+0000] {processor.py:743} INFO - Processing file /home/airflow/.local/lib/python3.7/site-packages/airflow/example_dags/example_complex.py for tasks to queue
[2023-05-01T17:44:19.719+0000] {logging_mixin.py:137} INFO - [2023-05-01T17:44:19.719+0000] {dagbag.py:532} INFO - Filling up the DagBag from /home/airflow/.local/lib/python3.7/site-packages/airflow/example_dags/example_complex.py
[2023-05-01T17:44:19.746+0000] {logging_mixin.py:137} INFO - [2023-05-01T17:44:19.746+0000] {taskmixin.py:211} WARNING - Dependency <Task(BashOperator): create_entry_group>, delete_entry_group already registered for DAG: example_complex
[2023-05-01T17:44:19.747+0000] {logging_mixin.py:137} INFO - [2023-05-01T17:44:19.747+0000] {taskmixin.py:211} WARNING - Dependency <Task(BashOperator): delete_entry_group>, create_entry_group already registered for DAG: example_complex
[2023-05-01T17:44:19.747+0000] {logging_mixin.py:137} INFO - [2023-05-01T17:44:19.747+0000] {taskmixin.py:211} WARNING - Dependency <Task(BashOperator): create_entry_gcs>, delete_entry already registered for DAG: example_complex
[2023-05-01T17:44:19.748+0000] {logging_mixin.py:137} INFO - [2023-05-01T17:44:19.747+0000] {taskmixin.py:211} WARNING - Dependency <Task(BashOperator): delete_entry>, create_entry_gcs already registered for DAG: example_complex
[2023-05-01T17:44:19.748+0000] {logging_mixin.py:137} INFO - [2023-05-01T17:44:19.748+0000] {taskmixin.py:211} WARNING - Dependency <Task(BashOperator): create_tag>, delete_tag already registered for DAG: example_complex
[2023-05-01T17:44:19.748+0000] {logging_mixin.py:137} INFO - [2023-05-01T17:44:19.748+0000] {taskmixin.py:211} WARNING - Dependency <Task(BashOperator): delete_tag>, create_tag already registered for DAG: example_complex
[2023-05-01T17:44:19.753+0000] {processor.py:753} INFO - DAG(s) dict_keys(['example_complex']) retrieved from /home/airflow/.local/lib/python3.7/site-packages/airflow/example_dags/example_complex.py
[2023-05-01T17:44:19.790+0000] {logging_mixin.py:137} INFO - [2023-05-01T17:44:19.790+0000] {dag.py:2705} INFO - Sync 1 DAGs
[2023-05-01T17:44:19.913+0000] {logging_mixin.py:137} INFO - [2023-05-01T17:44:19.909+0000] {dag.py:3456} INFO - Setting next_dagrun for example_complex to None, run_after=None
[2023-05-01T17:44:20.040+0000] {processor.py:175} INFO - Processing /home/airflow/.local/lib/python3.7/site-packages/airflow/example_dags/example_complex.py took 0.325 seconds
[2023-05-01T17:48:29.519+0000] {processor.py:153} INFO - Started process (PID=44) to work on /home/airflow/.local/lib/python3.7/site-packages/airflow/example_dags/example_complex.py
[2023-05-01T17:48:29.520+0000] {processor.py:743} INFO - Processing file /home/airflow/.local/lib/python3.7/site-packages/airflow/example_dags/example_complex.py for tasks to queue
[2023-05-01T17:48:29.520+0000] {logging_mixin.py:137} INFO - [2023-05-01T17:48:29.520+0000] {dagbag.py:532} INFO - Filling up the DagBag from /home/airflow/.local/lib/python3.7/site-packages/airflow/example_dags/example_complex.py
[2023-05-01T17:48:29.547+0000] {logging_mixin.py:137} INFO - [2023-05-01T17:48:29.547+0000] {taskmixin.py:211} WARNING - Dependency <Task(BashOperator): create_entry_group>, delete_entry_group already registered for DAG: example_complex
[2023-05-01T17:48:29.547+0000] {logging_mixin.py:137} INFO - [2023-05-01T17:48:29.547+0000] {taskmixin.py:211} WARNING - Dependency <Task(BashOperator): delete_entry_group>, create_entry_group already registered for DAG: example_complex
[2023-05-01T17:48:29.548+0000] {logging_mixin.py:137} INFO - [2023-05-01T17:48:29.548+0000] {taskmixin.py:211} WARNING - Dependency <Task(BashOperator): create_entry_gcs>, delete_entry already registered for DAG: example_complex
[2023-05-01T17:48:29.549+0000] {logging_mixin.py:137} INFO - [2023-05-01T17:48:29.549+0000] {taskmixin.py:211} WARNING - Dependency <Task(BashOperator): delete_entry>, create_entry_gcs already registered for DAG: example_complex
[2023-05-01T17:48:29.552+0000] {logging_mixin.py:137} INFO - [2023-05-01T17:48:29.552+0000] {taskmixin.py:211} WARNING - Dependency <Task(BashOperator): create_tag>, delete_tag already registered for DAG: example_complex
[2023-05-01T17:48:29.552+0000] {logging_mixin.py:137} INFO - [2023-05-01T17:48:29.552+0000] {taskmixin.py:211} WARNING - Dependency <Task(BashOperator): delete_tag>, create_tag already registered for DAG: example_complex
[2023-05-01T17:48:29.569+0000] {processor.py:753} INFO - DAG(s) dict_keys(['example_complex']) retrieved from /home/airflow/.local/lib/python3.7/site-packages/airflow/example_dags/example_complex.py
[2023-05-01T17:48:30.193+0000] {logging_mixin.py:137} INFO - [2023-05-01T17:48:30.179+0000] {dag.py:2705} INFO - Sync 1 DAGs
[2023-05-01T17:48:34.102+0000] {logging_mixin.py:137} INFO - [2023-05-01T17:48:34.101+0000] {dag.py:3456} INFO - Setting next_dagrun for example_complex to None, run_after=None
[2023-05-01T17:48:34.303+0000] {processor.py:175} INFO - Processing /home/airflow/.local/lib/python3.7/site-packages/airflow/example_dags/example_complex.py took 4.787 seconds
[2023-05-01T17:51:04.301+0000] {processor.py:153} INFO - Started process (PID=44) to work on /home/airflow/.local/lib/python3.7/site-packages/airflow/example_dags/example_complex.py
[2023-05-01T17:51:04.311+0000] {processor.py:743} INFO - Processing file /home/airflow/.local/lib/python3.7/site-packages/airflow/example_dags/example_complex.py for tasks to queue
[2023-05-01T17:51:04.320+0000] {logging_mixin.py:137} INFO - [2023-05-01T17:51:04.319+0000] {dagbag.py:532} INFO - Filling up the DagBag from /home/airflow/.local/lib/python3.7/site-packages/airflow/example_dags/example_complex.py
[2023-05-01T17:51:04.362+0000] {logging_mixin.py:137} INFO - [2023-05-01T17:51:04.362+0000] {taskmixin.py:211} WARNING - Dependency <Task(BashOperator): create_entry_group>, delete_entry_group already registered for DAG: example_complex
[2023-05-01T17:51:04.368+0000] {logging_mixin.py:137} INFO - [2023-05-01T17:51:04.364+0000] {taskmixin.py:211} WARNING - Dependency <Task(BashOperator): delete_entry_group>, create_entry_group already registered for DAG: example_complex
[2023-05-01T17:51:04.369+0000] {logging_mixin.py:137} INFO - [2023-05-01T17:51:04.368+0000] {taskmixin.py:211} WARNING - Dependency <Task(BashOperator): create_entry_gcs>, delete_entry already registered for DAG: example_complex
[2023-05-01T17:51:04.371+0000] {logging_mixin.py:137} INFO - [2023-05-01T17:51:04.371+0000] {taskmixin.py:211} WARNING - Dependency <Task(BashOperator): delete_entry>, create_entry_gcs already registered for DAG: example_complex
[2023-05-01T17:51:04.373+0000] {logging_mixin.py:137} INFO - [2023-05-01T17:51:04.373+0000] {taskmixin.py:211} WARNING - Dependency <Task(BashOperator): create_tag>, delete_tag already registered for DAG: example_complex
[2023-05-01T17:51:04.374+0000] {logging_mixin.py:137} INFO - [2023-05-01T17:51:04.374+0000] {taskmixin.py:211} WARNING - Dependency <Task(BashOperator): delete_tag>, create_tag already registered for DAG: example_complex
[2023-05-01T17:51:04.396+0000] {processor.py:753} INFO - DAG(s) dict_keys(['example_complex']) retrieved from /home/airflow/.local/lib/python3.7/site-packages/airflow/example_dags/example_complex.py
[2023-05-01T17:51:04.464+0000] {logging_mixin.py:137} INFO - [2023-05-01T17:51:04.463+0000] {dag.py:2705} INFO - Sync 1 DAGs
[2023-05-01T17:51:04.527+0000] {logging_mixin.py:137} INFO - [2023-05-01T17:51:04.527+0000] {dag.py:3456} INFO - Setting next_dagrun for example_complex to None, run_after=None
[2023-05-01T17:51:04.559+0000] {processor.py:175} INFO - Processing /home/airflow/.local/lib/python3.7/site-packages/airflow/example_dags/example_complex.py took 0.260 seconds
[2023-05-01T17:51:34.461+0000] {processor.py:153} INFO - Started process (PID=44) to work on /home/airflow/.local/lib/python3.7/site-packages/airflow/example_dags/example_complex.py
[2023-05-01T17:51:34.471+0000] {processor.py:743} INFO - Processing file /home/airflow/.local/lib/python3.7/site-packages/airflow/example_dags/example_complex.py for tasks to queue
[2023-05-01T17:51:34.477+0000] {logging_mixin.py:137} INFO - [2023-05-01T17:51:34.475+0000] {dagbag.py:532} INFO - Filling up the DagBag from /home/airflow/.local/lib/python3.7/site-packages/airflow/example_dags/example_complex.py
[2023-05-01T17:51:34.529+0000] {logging_mixin.py:137} INFO - [2023-05-01T17:51:34.519+0000] {taskmixin.py:211} WARNING - Dependency <Task(BashOperator): create_entry_group>, delete_entry_group already registered for DAG: example_complex
[2023-05-01T17:51:34.538+0000] {logging_mixin.py:137} INFO - [2023-05-01T17:51:34.530+0000] {taskmixin.py:211} WARNING - Dependency <Task(BashOperator): delete_entry_group>, create_entry_group already registered for DAG: example_complex
[2023-05-01T17:51:34.538+0000] {logging_mixin.py:137} INFO - [2023-05-01T17:51:34.538+0000] {taskmixin.py:211} WARNING - Dependency <Task(BashOperator): create_entry_gcs>, delete_entry already registered for DAG: example_complex
[2023-05-01T17:51:34.541+0000] {logging_mixin.py:137} INFO - [2023-05-01T17:51:34.540+0000] {taskmixin.py:211} WARNING - Dependency <Task(BashOperator): delete_entry>, create_entry_gcs already registered for DAG: example_complex
[2023-05-01T17:51:34.542+0000] {logging_mixin.py:137} INFO - [2023-05-01T17:51:34.542+0000] {taskmixin.py:211} WARNING - Dependency <Task(BashOperator): create_tag>, delete_tag already registered for DAG: example_complex
[2023-05-01T17:51:34.543+0000] {logging_mixin.py:137} INFO - [2023-05-01T17:51:34.542+0000] {taskmixin.py:211} WARNING - Dependency <Task(BashOperator): delete_tag>, create_tag already registered for DAG: example_complex
[2023-05-01T17:51:34.619+0000] {processor.py:753} INFO - DAG(s) dict_keys(['example_complex']) retrieved from /home/airflow/.local/lib/python3.7/site-packages/airflow/example_dags/example_complex.py
[2023-05-01T17:51:35.834+0000] {logging_mixin.py:137} INFO - [2023-05-01T17:51:35.830+0000] {dag.py:2705} INFO - Sync 1 DAGs
[2023-05-01T17:51:36.283+0000] {logging_mixin.py:137} INFO - [2023-05-01T17:51:36.128+0000] {dag.py:3456} INFO - Setting next_dagrun for example_complex to None, run_after=None
[2023-05-01T17:58:34.148+0000] {processor.py:153} INFO - Started process (PID=45) to work on /home/airflow/.local/lib/python3.7/site-packages/airflow/example_dags/example_complex.py
[2023-05-01T17:58:34.149+0000] {processor.py:743} INFO - Processing file /home/airflow/.local/lib/python3.7/site-packages/airflow/example_dags/example_complex.py for tasks to queue
[2023-05-01T17:58:34.150+0000] {logging_mixin.py:137} INFO - [2023-05-01T17:58:34.150+0000] {dagbag.py:532} INFO - Filling up the DagBag from /home/airflow/.local/lib/python3.7/site-packages/airflow/example_dags/example_complex.py
[2023-05-01T17:58:34.166+0000] {logging_mixin.py:137} INFO - [2023-05-01T17:58:34.166+0000] {taskmixin.py:211} WARNING - Dependency <Task(BashOperator): create_entry_group>, delete_entry_group already registered for DAG: example_complex
[2023-05-01T17:58:34.171+0000] {logging_mixin.py:137} INFO - [2023-05-01T17:58:34.171+0000] {taskmixin.py:211} WARNING - Dependency <Task(BashOperator): delete_entry_group>, create_entry_group already registered for DAG: example_complex
[2023-05-01T17:58:34.173+0000] {logging_mixin.py:137} INFO - [2023-05-01T17:58:34.173+0000] {taskmixin.py:211} WARNING - Dependency <Task(BashOperator): create_entry_gcs>, delete_entry already registered for DAG: example_complex
[2023-05-01T17:58:34.174+0000] {logging_mixin.py:137} INFO - [2023-05-01T17:58:34.174+0000] {taskmixin.py:211} WARNING - Dependency <Task(BashOperator): delete_entry>, create_entry_gcs already registered for DAG: example_complex
[2023-05-01T17:58:34.175+0000] {logging_mixin.py:137} INFO - [2023-05-01T17:58:34.175+0000] {taskmixin.py:211} WARNING - Dependency <Task(BashOperator): create_tag>, delete_tag already registered for DAG: example_complex
[2023-05-01T17:58:34.175+0000] {logging_mixin.py:137} INFO - [2023-05-01T17:58:34.175+0000] {taskmixin.py:211} WARNING - Dependency <Task(BashOperator): delete_tag>, create_tag already registered for DAG: example_complex
[2023-05-01T17:58:34.192+0000] {processor.py:753} INFO - DAG(s) dict_keys(['example_complex']) retrieved from /home/airflow/.local/lib/python3.7/site-packages/airflow/example_dags/example_complex.py
[2023-05-01T17:58:34.257+0000] {logging_mixin.py:137} INFO - [2023-05-01T17:58:34.257+0000] {dag.py:2705} INFO - Sync 1 DAGs
[2023-05-01T17:58:34.324+0000] {logging_mixin.py:137} INFO - [2023-05-01T17:58:34.324+0000] {dag.py:3456} INFO - Setting next_dagrun for example_complex to None, run_after=None
[2023-05-01T17:58:34.350+0000] {processor.py:175} INFO - Processing /home/airflow/.local/lib/python3.7/site-packages/airflow/example_dags/example_complex.py took 0.204 seconds
[2023-05-01T17:59:03.980+0000] {processor.py:153} INFO - Started process (PID=44) to work on /home/airflow/.local/lib/python3.7/site-packages/airflow/example_dags/example_complex.py
[2023-05-01T17:59:03.983+0000] {processor.py:743} INFO - Processing file /home/airflow/.local/lib/python3.7/site-packages/airflow/example_dags/example_complex.py for tasks to queue
[2023-05-01T17:59:03.984+0000] {logging_mixin.py:137} INFO - [2023-05-01T17:59:03.984+0000] {dagbag.py:532} INFO - Filling up the DagBag from /home/airflow/.local/lib/python3.7/site-packages/airflow/example_dags/example_complex.py
[2023-05-01T17:59:04.039+0000] {logging_mixin.py:137} INFO - [2023-05-01T17:59:04.034+0000] {taskmixin.py:211} WARNING - Dependency <Task(BashOperator): create_entry_group>, delete_entry_group already registered for DAG: example_complex
[2023-05-01T17:59:04.040+0000] {logging_mixin.py:137} INFO - [2023-05-01T17:59:04.040+0000] {taskmixin.py:211} WARNING - Dependency <Task(BashOperator): delete_entry_group>, create_entry_group already registered for DAG: example_complex
[2023-05-01T17:59:04.041+0000] {logging_mixin.py:137} INFO - [2023-05-01T17:59:04.041+0000] {taskmixin.py:211} WARNING - Dependency <Task(BashOperator): create_entry_gcs>, delete_entry already registered for DAG: example_complex
[2023-05-01T17:59:04.041+0000] {logging_mixin.py:137} INFO - [2023-05-01T17:59:04.041+0000] {taskmixin.py:211} WARNING - Dependency <Task(BashOperator): delete_entry>, create_entry_gcs already registered for DAG: example_complex
[2023-05-01T17:59:04.042+0000] {logging_mixin.py:137} INFO - [2023-05-01T17:59:04.042+0000] {taskmixin.py:211} WARNING - Dependency <Task(BashOperator): create_tag>, delete_tag already registered for DAG: example_complex
[2023-05-01T17:59:04.042+0000] {logging_mixin.py:137} INFO - [2023-05-01T17:59:04.042+0000] {taskmixin.py:211} WARNING - Dependency <Task(BashOperator): delete_tag>, create_tag already registered for DAG: example_complex
[2023-05-01T17:59:04.066+0000] {processor.py:753} INFO - DAG(s) dict_keys(['example_complex']) retrieved from /home/airflow/.local/lib/python3.7/site-packages/airflow/example_dags/example_complex.py
[2023-05-01T17:59:04.174+0000] {logging_mixin.py:137} INFO - [2023-05-01T17:59:04.174+0000] {dag.py:2705} INFO - Sync 1 DAGs
[2023-05-01T17:59:04.230+0000] {logging_mixin.py:137} INFO - [2023-05-01T17:59:04.230+0000] {dag.py:3456} INFO - Setting next_dagrun for example_complex to None, run_after=None
[2023-05-01T17:59:04.295+0000] {processor.py:175} INFO - Processing /home/airflow/.local/lib/python3.7/site-packages/airflow/example_dags/example_complex.py took 0.326 seconds
[2023-05-01T18:02:25.750+0000] {processor.py:153} INFO - Started process (PID=51) to work on /home/airflow/.local/lib/python3.7/site-packages/airflow/example_dags/example_complex.py
[2023-05-01T18:02:25.750+0000] {processor.py:743} INFO - Processing file /home/airflow/.local/lib/python3.7/site-packages/airflow/example_dags/example_complex.py for tasks to queue
[2023-05-01T18:02:25.751+0000] {logging_mixin.py:137} INFO - [2023-05-01T18:02:25.751+0000] {dagbag.py:532} INFO - Filling up the DagBag from /home/airflow/.local/lib/python3.7/site-packages/airflow/example_dags/example_complex.py
[2023-05-01T18:02:25.764+0000] {logging_mixin.py:137} INFO - [2023-05-01T18:02:25.764+0000] {taskmixin.py:211} WARNING - Dependency <Task(BashOperator): create_entry_group>, delete_entry_group already registered for DAG: example_complex
[2023-05-01T18:02:25.764+0000] {logging_mixin.py:137} INFO - [2023-05-01T18:02:25.764+0000] {taskmixin.py:211} WARNING - Dependency <Task(BashOperator): delete_entry_group>, create_entry_group already registered for DAG: example_complex
[2023-05-01T18:02:25.765+0000] {logging_mixin.py:137} INFO - [2023-05-01T18:02:25.765+0000] {taskmixin.py:211} WARNING - Dependency <Task(BashOperator): create_entry_gcs>, delete_entry already registered for DAG: example_complex
[2023-05-01T18:02:25.766+0000] {logging_mixin.py:137} INFO - [2023-05-01T18:02:25.765+0000] {taskmixin.py:211} WARNING - Dependency <Task(BashOperator): delete_entry>, create_entry_gcs already registered for DAG: example_complex
[2023-05-01T18:02:25.766+0000] {logging_mixin.py:137} INFO - [2023-05-01T18:02:25.766+0000] {taskmixin.py:211} WARNING - Dependency <Task(BashOperator): create_tag>, delete_tag already registered for DAG: example_complex
[2023-05-01T18:02:25.766+0000] {logging_mixin.py:137} INFO - [2023-05-01T18:02:25.766+0000] {taskmixin.py:211} WARNING - Dependency <Task(BashOperator): delete_tag>, create_tag already registered for DAG: example_complex
[2023-05-01T18:02:25.785+0000] {processor.py:753} INFO - DAG(s) dict_keys(['example_complex']) retrieved from /home/airflow/.local/lib/python3.7/site-packages/airflow/example_dags/example_complex.py
[2023-05-01T18:02:25.863+0000] {logging_mixin.py:137} INFO - [2023-05-01T18:02:25.863+0000] {dag.py:2705} INFO - Sync 1 DAGs
[2023-05-01T18:02:25.902+0000] {logging_mixin.py:137} INFO - [2023-05-01T18:02:25.902+0000] {dag.py:3456} INFO - Setting next_dagrun for example_complex to None, run_after=None
[2023-05-01T18:02:25.935+0000] {processor.py:175} INFO - Processing /home/airflow/.local/lib/python3.7/site-packages/airflow/example_dags/example_complex.py took 0.188 seconds
[2023-05-01T18:03:47.717+0000] {processor.py:153} INFO - Started process (PID=58) to work on /home/airflow/.local/lib/python3.7/site-packages/airflow/example_dags/example_complex.py
[2023-05-01T18:03:47.718+0000] {processor.py:743} INFO - Processing file /home/airflow/.local/lib/python3.7/site-packages/airflow/example_dags/example_complex.py for tasks to queue
[2023-05-01T18:03:47.719+0000] {logging_mixin.py:137} INFO - [2023-05-01T18:03:47.719+0000] {dagbag.py:532} INFO - Filling up the DagBag from /home/airflow/.local/lib/python3.7/site-packages/airflow/example_dags/example_complex.py
[2023-05-01T18:03:47.738+0000] {logging_mixin.py:137} INFO - [2023-05-01T18:03:47.738+0000] {taskmixin.py:211} WARNING - Dependency <Task(BashOperator): create_entry_group>, delete_entry_group already registered for DAG: example_complex
[2023-05-01T18:03:47.739+0000] {logging_mixin.py:137} INFO - [2023-05-01T18:03:47.738+0000] {taskmixin.py:211} WARNING - Dependency <Task(BashOperator): delete_entry_group>, create_entry_group already registered for DAG: example_complex
[2023-05-01T18:03:47.739+0000] {logging_mixin.py:137} INFO - [2023-05-01T18:03:47.739+0000] {taskmixin.py:211} WARNING - Dependency <Task(BashOperator): create_entry_gcs>, delete_entry already registered for DAG: example_complex
[2023-05-01T18:03:47.740+0000] {logging_mixin.py:137} INFO - [2023-05-01T18:03:47.740+0000] {taskmixin.py:211} WARNING - Dependency <Task(BashOperator): delete_entry>, create_entry_gcs already registered for DAG: example_complex
[2023-05-01T18:03:47.740+0000] {logging_mixin.py:137} INFO - [2023-05-01T18:03:47.740+0000] {taskmixin.py:211} WARNING - Dependency <Task(BashOperator): create_tag>, delete_tag already registered for DAG: example_complex
[2023-05-01T18:03:47.740+0000] {logging_mixin.py:137} INFO - [2023-05-01T18:03:47.740+0000] {taskmixin.py:211} WARNING - Dependency <Task(BashOperator): delete_tag>, create_tag already registered for DAG: example_complex
[2023-05-01T18:03:47.788+0000] {processor.py:753} INFO - DAG(s) dict_keys(['example_complex']) retrieved from /home/airflow/.local/lib/python3.7/site-packages/airflow/example_dags/example_complex.py
[2023-05-01T18:03:47.985+0000] {logging_mixin.py:137} INFO - [2023-05-01T18:03:47.985+0000] {dag.py:2705} INFO - Sync 1 DAGs
[2023-05-01T18:06:03.783+0000] {processor.py:153} INFO - Started process (PID=44) to work on /home/airflow/.local/lib/python3.7/site-packages/airflow/example_dags/example_complex.py
[2023-05-01T18:06:03.784+0000] {processor.py:743} INFO - Processing file /home/airflow/.local/lib/python3.7/site-packages/airflow/example_dags/example_complex.py for tasks to queue
[2023-05-01T18:06:03.784+0000] {logging_mixin.py:137} INFO - [2023-05-01T18:06:03.784+0000] {dagbag.py:532} INFO - Filling up the DagBag from /home/airflow/.local/lib/python3.7/site-packages/airflow/example_dags/example_complex.py
[2023-05-01T18:06:03.805+0000] {logging_mixin.py:137} INFO - [2023-05-01T18:06:03.805+0000] {taskmixin.py:211} WARNING - Dependency <Task(BashOperator): create_entry_group>, delete_entry_group already registered for DAG: example_complex
[2023-05-01T18:06:03.807+0000] {logging_mixin.py:137} INFO - [2023-05-01T18:06:03.806+0000] {taskmixin.py:211} WARNING - Dependency <Task(BashOperator): delete_entry_group>, create_entry_group already registered for DAG: example_complex
[2023-05-01T18:06:03.808+0000] {logging_mixin.py:137} INFO - [2023-05-01T18:06:03.808+0000] {taskmixin.py:211} WARNING - Dependency <Task(BashOperator): create_entry_gcs>, delete_entry already registered for DAG: example_complex
[2023-05-01T18:06:03.810+0000] {logging_mixin.py:137} INFO - [2023-05-01T18:06:03.809+0000] {taskmixin.py:211} WARNING - Dependency <Task(BashOperator): delete_entry>, create_entry_gcs already registered for DAG: example_complex
[2023-05-01T18:06:03.810+0000] {logging_mixin.py:137} INFO - [2023-05-01T18:06:03.810+0000] {taskmixin.py:211} WARNING - Dependency <Task(BashOperator): create_tag>, delete_tag already registered for DAG: example_complex
[2023-05-01T18:06:03.810+0000] {logging_mixin.py:137} INFO - [2023-05-01T18:06:03.810+0000] {taskmixin.py:211} WARNING - Dependency <Task(BashOperator): delete_tag>, create_tag already registered for DAG: example_complex
[2023-05-01T18:06:03.816+0000] {processor.py:753} INFO - DAG(s) dict_keys(['example_complex']) retrieved from /home/airflow/.local/lib/python3.7/site-packages/airflow/example_dags/example_complex.py
[2023-05-01T18:06:03.859+0000] {logging_mixin.py:137} INFO - [2023-05-01T18:06:03.859+0000] {dag.py:2705} INFO - Sync 1 DAGs
[2023-05-01T18:06:03.886+0000] {logging_mixin.py:137} INFO - [2023-05-01T18:06:03.885+0000] {dag.py:3456} INFO - Setting next_dagrun for example_complex to None, run_after=None
[2023-05-01T18:06:03.916+0000] {processor.py:175} INFO - Processing /home/airflow/.local/lib/python3.7/site-packages/airflow/example_dags/example_complex.py took 0.145 seconds
[2023-05-01T18:09:28.534+0000] {processor.py:153} INFO - Started process (PID=44) to work on /home/airflow/.local/lib/python3.7/site-packages/airflow/example_dags/example_complex.py
[2023-05-01T18:09:28.537+0000] {processor.py:743} INFO - Processing file /home/airflow/.local/lib/python3.7/site-packages/airflow/example_dags/example_complex.py for tasks to queue
[2023-05-01T18:09:28.540+0000] {logging_mixin.py:137} INFO - [2023-05-01T18:09:28.540+0000] {dagbag.py:532} INFO - Filling up the DagBag from /home/airflow/.local/lib/python3.7/site-packages/airflow/example_dags/example_complex.py
[2023-05-01T18:09:28.645+0000] {logging_mixin.py:137} INFO - [2023-05-01T18:09:28.643+0000] {taskmixin.py:211} WARNING - Dependency <Task(BashOperator): create_entry_group>, delete_entry_group already registered for DAG: example_complex
[2023-05-01T18:09:28.645+0000] {logging_mixin.py:137} INFO - [2023-05-01T18:09:28.645+0000] {taskmixin.py:211} WARNING - Dependency <Task(BashOperator): delete_entry_group>, create_entry_group already registered for DAG: example_complex
[2023-05-01T18:09:28.647+0000] {logging_mixin.py:137} INFO - [2023-05-01T18:09:28.647+0000] {taskmixin.py:211} WARNING - Dependency <Task(BashOperator): create_entry_gcs>, delete_entry already registered for DAG: example_complex
[2023-05-01T18:09:28.651+0000] {logging_mixin.py:137} INFO - [2023-05-01T18:09:28.648+0000] {taskmixin.py:211} WARNING - Dependency <Task(BashOperator): delete_entry>, create_entry_gcs already registered for DAG: example_complex
[2023-05-01T18:09:28.661+0000] {logging_mixin.py:137} INFO - [2023-05-01T18:09:28.654+0000] {taskmixin.py:211} WARNING - Dependency <Task(BashOperator): create_tag>, delete_tag already registered for DAG: example_complex
[2023-05-01T18:09:28.664+0000] {logging_mixin.py:137} INFO - [2023-05-01T18:09:28.664+0000] {taskmixin.py:211} WARNING - Dependency <Task(BashOperator): delete_tag>, create_tag already registered for DAG: example_complex
[2023-05-01T18:09:28.720+0000] {processor.py:753} INFO - DAG(s) dict_keys(['example_complex']) retrieved from /home/airflow/.local/lib/python3.7/site-packages/airflow/example_dags/example_complex.py
[2023-05-01T18:09:29.043+0000] {logging_mixin.py:137} INFO - [2023-05-01T18:09:29.039+0000] {dag.py:2705} INFO - Sync 1 DAGs
[2023-05-01T18:09:29.122+0000] {logging_mixin.py:137} INFO - [2023-05-01T18:09:29.122+0000] {dag.py:3456} INFO - Setting next_dagrun for example_complex to None, run_after=None
[2023-05-01T18:09:29.247+0000] {processor.py:175} INFO - Processing /home/airflow/.local/lib/python3.7/site-packages/airflow/example_dags/example_complex.py took 0.740 seconds
