[2023-05-01T11:41:58.937+0000] {processor.py:153} INFO - Started process (PID=65) to work on /home/airflow/.local/lib/python3.7/site-packages/airflow/example_dags/example_datasets.py
[2023-05-01T11:41:58.940+0000] {processor.py:743} INFO - Processing file /home/airflow/.local/lib/python3.7/site-packages/airflow/example_dags/example_datasets.py for tasks to queue
[2023-05-01T11:41:58.941+0000] {logging_mixin.py:137} INFO - [2023-05-01T11:41:58.941+0000] {dagbag.py:532} INFO - Filling up the DagBag from /home/airflow/.local/lib/python3.7/site-packages/airflow/example_dags/example_datasets.py
[2023-05-01T12:15:52.009+0000] {processor.py:753} INFO - DAG(s) dict_keys(['dataset_consumes_unknown_never_scheduled', 'dataset_consumes_1', 'dataset_consumes_1_never_scheduled', 'dataset_consumes_1_and_2', 'dataset_produces_1', 'dataset_produces_2']) retrieved from /home/airflow/.local/lib/python3.7/site-packages/airflow/example_dags/example_datasets.py
[2023-05-01T12:15:52.262+0000] {logging_mixin.py:137} INFO - [2023-05-01T12:15:52.262+0000] {dag.py:2705} INFO - Sync 6 DAGs
[2023-05-01T12:15:52.336+0000] {logging_mixin.py:137} INFO - [2023-05-01T12:15:52.336+0000] {dag.py:3456} INFO - Setting next_dagrun for dataset_consumes_1 to None, run_after=None
[2023-05-01T12:15:52.348+0000] {logging_mixin.py:137} INFO - [2023-05-01T12:15:52.348+0000] {dag.py:3456} INFO - Setting next_dagrun for dataset_consumes_1_and_2 to None, run_after=None
[2023-05-01T12:15:52.350+0000] {logging_mixin.py:137} INFO - [2023-05-01T12:15:52.350+0000] {dag.py:3456} INFO - Setting next_dagrun for dataset_consumes_1_never_scheduled to None, run_after=None
[2023-05-01T12:15:52.351+0000] {logging_mixin.py:137} INFO - [2023-05-01T12:15:52.351+0000] {dag.py:3456} INFO - Setting next_dagrun for dataset_consumes_unknown_never_scheduled to None, run_after=None
[2023-05-01T12:15:52.352+0000] {logging_mixin.py:137} INFO - [2023-05-01T12:15:52.352+0000] {dag.py:3456} INFO - Setting next_dagrun for dataset_produces_1 to 2023-04-30T00:00:00+00:00, run_after=2023-05-01T00:00:00+00:00
[2023-05-01T12:15:52.360+0000] {logging_mixin.py:137} INFO - [2023-05-01T12:15:52.360+0000] {dag.py:3456} INFO - Setting next_dagrun for dataset_produces_2 to None, run_after=None
[2023-05-01T17:11:52.969+0000] {processor.py:153} INFO - Started process (PID=55) to work on /home/airflow/.local/lib/python3.7/site-packages/airflow/example_dags/example_datasets.py
[2023-05-01T17:11:52.971+0000] {processor.py:743} INFO - Processing file /home/airflow/.local/lib/python3.7/site-packages/airflow/example_dags/example_datasets.py for tasks to queue
[2023-05-01T17:11:52.972+0000] {logging_mixin.py:137} INFO - [2023-05-01T17:11:52.972+0000] {dagbag.py:532} INFO - Filling up the DagBag from /home/airflow/.local/lib/python3.7/site-packages/airflow/example_dags/example_datasets.py
[2023-05-01T17:11:52.987+0000] {processor.py:753} INFO - DAG(s) dict_keys(['dataset_consumes_1_and_2', 'dataset_consumes_1_never_scheduled', 'dataset_consumes_unknown_never_scheduled', 'dataset_consumes_1', 'dataset_produces_1', 'dataset_produces_2']) retrieved from /home/airflow/.local/lib/python3.7/site-packages/airflow/example_dags/example_datasets.py
[2023-05-01T17:11:53.275+0000] {logging_mixin.py:137} INFO - [2023-05-01T17:11:53.275+0000] {dag.py:2705} INFO - Sync 6 DAGs
[2023-05-01T17:11:53.339+0000] {logging_mixin.py:137} INFO - [2023-05-01T17:11:53.339+0000] {dag.py:3456} INFO - Setting next_dagrun for dataset_consumes_1 to None, run_after=None
[2023-05-01T17:11:53.347+0000] {logging_mixin.py:137} INFO - [2023-05-01T17:11:53.347+0000] {dag.py:3456} INFO - Setting next_dagrun for dataset_consumes_1_and_2 to None, run_after=None
[2023-05-01T17:11:53.348+0000] {logging_mixin.py:137} INFO - [2023-05-01T17:11:53.348+0000] {dag.py:3456} INFO - Setting next_dagrun for dataset_consumes_1_never_scheduled to None, run_after=None
[2023-05-01T17:11:53.349+0000] {logging_mixin.py:137} INFO - [2023-05-01T17:11:53.349+0000] {dag.py:3456} INFO - Setting next_dagrun for dataset_consumes_unknown_never_scheduled to None, run_after=None
[2023-05-01T17:11:53.351+0000] {logging_mixin.py:137} INFO - [2023-05-01T17:11:53.351+0000] {dag.py:3456} INFO - Setting next_dagrun for dataset_produces_1 to 2023-04-30T00:00:00+00:00, run_after=2023-05-01T00:00:00+00:00
[2023-05-01T17:11:53.355+0000] {logging_mixin.py:137} INFO - [2023-05-01T17:11:53.355+0000] {dag.py:3456} INFO - Setting next_dagrun for dataset_produces_2 to None, run_after=None
[2023-05-01T17:11:53.428+0000] {processor.py:175} INFO - Processing /home/airflow/.local/lib/python3.7/site-packages/airflow/example_dags/example_datasets.py took 0.490 seconds
[2023-05-01T17:13:12.773+0000] {processor.py:153} INFO - Started process (PID=55) to work on /home/airflow/.local/lib/python3.7/site-packages/airflow/example_dags/example_datasets.py
[2023-05-01T17:13:12.774+0000] {processor.py:743} INFO - Processing file /home/airflow/.local/lib/python3.7/site-packages/airflow/example_dags/example_datasets.py for tasks to queue
[2023-05-01T17:13:12.774+0000] {logging_mixin.py:137} INFO - [2023-05-01T17:13:12.774+0000] {dagbag.py:532} INFO - Filling up the DagBag from /home/airflow/.local/lib/python3.7/site-packages/airflow/example_dags/example_datasets.py
[2023-05-01T17:13:12.803+0000] {processor.py:753} INFO - DAG(s) dict_keys(['dataset_consumes_1_and_2', 'dataset_consumes_1_never_scheduled', 'dataset_produces_2', 'dataset_consumes_1', 'dataset_consumes_unknown_never_scheduled', 'dataset_produces_1']) retrieved from /home/airflow/.local/lib/python3.7/site-packages/airflow/example_dags/example_datasets.py
[2023-05-01T17:13:12.958+0000] {logging_mixin.py:137} INFO - [2023-05-01T17:13:12.958+0000] {dag.py:2705} INFO - Sync 6 DAGs
[2023-05-01T17:13:13.000+0000] {logging_mixin.py:137} INFO - [2023-05-01T17:13:13.000+0000] {dag.py:3456} INFO - Setting next_dagrun for dataset_consumes_1 to None, run_after=None
[2023-05-01T17:13:13.004+0000] {logging_mixin.py:137} INFO - [2023-05-01T17:13:13.004+0000] {dag.py:3456} INFO - Setting next_dagrun for dataset_consumes_1_and_2 to None, run_after=None
[2023-05-01T17:13:13.005+0000] {logging_mixin.py:137} INFO - [2023-05-01T17:13:13.005+0000] {dag.py:3456} INFO - Setting next_dagrun for dataset_consumes_1_never_scheduled to None, run_after=None
[2023-05-01T17:13:13.006+0000] {logging_mixin.py:137} INFO - [2023-05-01T17:13:13.006+0000] {dag.py:3456} INFO - Setting next_dagrun for dataset_consumes_unknown_never_scheduled to None, run_after=None
[2023-05-01T17:13:13.012+0000] {logging_mixin.py:137} INFO - [2023-05-01T17:13:13.012+0000] {dag.py:3456} INFO - Setting next_dagrun for dataset_produces_1 to 2023-04-30T00:00:00+00:00, run_after=2023-05-01T00:00:00+00:00
[2023-05-01T17:13:13.015+0000] {logging_mixin.py:137} INFO - [2023-05-01T17:13:13.015+0000] {dag.py:3456} INFO - Setting next_dagrun for dataset_produces_2 to None, run_after=None
[2023-05-01T17:13:13.084+0000] {processor.py:175} INFO - Processing /home/airflow/.local/lib/python3.7/site-packages/airflow/example_dags/example_datasets.py took 0.313 seconds
[2023-05-01T17:14:44.347+0000] {processor.py:153} INFO - Started process (PID=55) to work on /home/airflow/.local/lib/python3.7/site-packages/airflow/example_dags/example_datasets.py
[2023-05-01T17:14:44.352+0000] {processor.py:743} INFO - Processing file /home/airflow/.local/lib/python3.7/site-packages/airflow/example_dags/example_datasets.py for tasks to queue
[2023-05-01T17:14:44.364+0000] {logging_mixin.py:137} INFO - [2023-05-01T17:14:44.364+0000] {dagbag.py:532} INFO - Filling up the DagBag from /home/airflow/.local/lib/python3.7/site-packages/airflow/example_dags/example_datasets.py
[2023-05-01T17:14:44.448+0000] {processor.py:753} INFO - DAG(s) dict_keys(['dataset_consumes_1_never_scheduled', 'dataset_consumes_1', 'dataset_produces_2', 'dataset_consumes_1_and_2', 'dataset_produces_1', 'dataset_consumes_unknown_never_scheduled']) retrieved from /home/airflow/.local/lib/python3.7/site-packages/airflow/example_dags/example_datasets.py
[2023-05-01T17:14:44.835+0000] {logging_mixin.py:137} INFO - [2023-05-01T17:14:44.826+0000] {dag.py:2705} INFO - Sync 6 DAGs
[2023-05-01T17:14:44.971+0000] {logging_mixin.py:137} INFO - [2023-05-01T17:14:44.965+0000] {dag.py:3456} INFO - Setting next_dagrun for dataset_consumes_1 to None, run_after=None
[2023-05-01T17:14:44.989+0000] {logging_mixin.py:137} INFO - [2023-05-01T17:14:44.989+0000] {dag.py:3456} INFO - Setting next_dagrun for dataset_consumes_1_and_2 to None, run_after=None
[2023-05-01T17:14:44.991+0000] {logging_mixin.py:137} INFO - [2023-05-01T17:14:44.991+0000] {dag.py:3456} INFO - Setting next_dagrun for dataset_consumes_1_never_scheduled to None, run_after=None
[2023-05-01T17:14:44.999+0000] {logging_mixin.py:137} INFO - [2023-05-01T17:14:44.999+0000] {dag.py:3456} INFO - Setting next_dagrun for dataset_consumes_unknown_never_scheduled to None, run_after=None
[2023-05-01T17:14:45.003+0000] {logging_mixin.py:137} INFO - [2023-05-01T17:14:45.003+0000] {dag.py:3456} INFO - Setting next_dagrun for dataset_produces_1 to 2023-04-30T00:00:00+00:00, run_after=2023-05-01T00:00:00+00:00
[2023-05-01T17:14:45.006+0000] {logging_mixin.py:137} INFO - [2023-05-01T17:14:45.006+0000] {dag.py:3456} INFO - Setting next_dagrun for dataset_produces_2 to None, run_after=None
[2023-05-01T17:21:37.033+0000] {processor.py:153} INFO - Started process (PID=55) to work on /home/airflow/.local/lib/python3.7/site-packages/airflow/example_dags/example_datasets.py
[2023-05-01T17:21:37.034+0000] {processor.py:743} INFO - Processing file /home/airflow/.local/lib/python3.7/site-packages/airflow/example_dags/example_datasets.py for tasks to queue
[2023-05-01T17:21:37.035+0000] {logging_mixin.py:137} INFO - [2023-05-01T17:21:37.035+0000] {dagbag.py:532} INFO - Filling up the DagBag from /home/airflow/.local/lib/python3.7/site-packages/airflow/example_dags/example_datasets.py
[2023-05-01T17:21:37.144+0000] {processor.py:753} INFO - DAG(s) dict_keys(['dataset_consumes_1_never_scheduled', 'dataset_consumes_unknown_never_scheduled', 'dataset_produces_1', 'dataset_consumes_1', 'dataset_produces_2', 'dataset_consumes_1_and_2']) retrieved from /home/airflow/.local/lib/python3.7/site-packages/airflow/example_dags/example_datasets.py
[2023-05-01T17:24:02.108+0000] {processor.py:153} INFO - Started process (PID=61) to work on /home/airflow/.local/lib/python3.7/site-packages/airflow/example_dags/example_datasets.py
[2023-05-01T17:24:02.122+0000] {processor.py:743} INFO - Processing file /home/airflow/.local/lib/python3.7/site-packages/airflow/example_dags/example_datasets.py for tasks to queue
[2023-05-01T17:24:02.123+0000] {logging_mixin.py:137} INFO - [2023-05-01T17:24:02.123+0000] {dagbag.py:532} INFO - Filling up the DagBag from /home/airflow/.local/lib/python3.7/site-packages/airflow/example_dags/example_datasets.py
[2023-05-01T17:24:02.239+0000] {processor.py:753} INFO - DAG(s) dict_keys(['dataset_consumes_1', 'dataset_consumes_1_never_scheduled', 'dataset_consumes_unknown_never_scheduled', 'dataset_produces_2', 'dataset_consumes_1_and_2', 'dataset_produces_1']) retrieved from /home/airflow/.local/lib/python3.7/site-packages/airflow/example_dags/example_datasets.py
[2023-05-01T17:36:58.206+0000] {processor.py:153} INFO - Started process (PID=63) to work on /home/airflow/.local/lib/python3.7/site-packages/airflow/example_dags/example_datasets.py
[2023-05-01T17:36:58.208+0000] {processor.py:743} INFO - Processing file /home/airflow/.local/lib/python3.7/site-packages/airflow/example_dags/example_datasets.py for tasks to queue
[2023-05-01T17:36:58.209+0000] {logging_mixin.py:137} INFO - [2023-05-01T17:36:58.209+0000] {dagbag.py:532} INFO - Filling up the DagBag from /home/airflow/.local/lib/python3.7/site-packages/airflow/example_dags/example_datasets.py
[2023-05-01T17:36:58.325+0000] {processor.py:753} INFO - DAG(s) dict_keys(['dataset_produces_2', 'dataset_consumes_1_never_scheduled', 'dataset_consumes_unknown_never_scheduled', 'dataset_produces_1', 'dataset_consumes_1', 'dataset_consumes_1_and_2']) retrieved from /home/airflow/.local/lib/python3.7/site-packages/airflow/example_dags/example_datasets.py
[2023-05-01T17:37:03.227+0000] {logging_mixin.py:137} INFO - [2023-05-01T17:37:03.214+0000] {dag.py:2705} INFO - Sync 6 DAGs
[2023-05-01T17:37:03.614+0000] {logging_mixin.py:137} INFO - [2023-05-01T17:37:03.613+0000] {dag.py:3456} INFO - Setting next_dagrun for dataset_consumes_1 to None, run_after=None
[2023-05-01T17:37:03.644+0000] {logging_mixin.py:137} INFO - [2023-05-01T17:37:03.643+0000] {dag.py:3456} INFO - Setting next_dagrun for dataset_consumes_1_and_2 to None, run_after=None
[2023-05-01T17:37:03.648+0000] {logging_mixin.py:137} INFO - [2023-05-01T17:37:03.648+0000] {dag.py:3456} INFO - Setting next_dagrun for dataset_consumes_1_never_scheduled to None, run_after=None
[2023-05-01T17:37:03.655+0000] {logging_mixin.py:137} INFO - [2023-05-01T17:37:03.655+0000] {dag.py:3456} INFO - Setting next_dagrun for dataset_consumes_unknown_never_scheduled to None, run_after=None
[2023-05-01T17:37:03.664+0000] {logging_mixin.py:137} INFO - [2023-05-01T17:37:03.664+0000] {dag.py:3456} INFO - Setting next_dagrun for dataset_produces_1 to 2023-04-30T00:00:00+00:00, run_after=2023-05-01T00:00:00+00:00
[2023-05-01T17:37:03.671+0000] {logging_mixin.py:137} INFO - [2023-05-01T17:37:03.671+0000] {dag.py:3456} INFO - Setting next_dagrun for dataset_produces_2 to None, run_after=None
[2023-05-01T17:37:03.776+0000] {processor.py:175} INFO - Processing /home/airflow/.local/lib/python3.7/site-packages/airflow/example_dags/example_datasets.py took 5.591 seconds
[2023-05-01T17:38:16.182+0000] {processor.py:153} INFO - Started process (PID=56) to work on /home/airflow/.local/lib/python3.7/site-packages/airflow/example_dags/example_datasets.py
[2023-05-01T17:38:16.183+0000] {processor.py:743} INFO - Processing file /home/airflow/.local/lib/python3.7/site-packages/airflow/example_dags/example_datasets.py for tasks to queue
[2023-05-01T17:38:16.184+0000] {logging_mixin.py:137} INFO - [2023-05-01T17:38:16.183+0000] {dagbag.py:532} INFO - Filling up the DagBag from /home/airflow/.local/lib/python3.7/site-packages/airflow/example_dags/example_datasets.py
[2023-05-01T17:38:16.234+0000] {processor.py:753} INFO - DAG(s) dict_keys(['dataset_produces_1', 'dataset_consumes_1', 'dataset_consumes_unknown_never_scheduled', 'dataset_consumes_1_and_2', 'dataset_consumes_1_never_scheduled', 'dataset_produces_2']) retrieved from /home/airflow/.local/lib/python3.7/site-packages/airflow/example_dags/example_datasets.py
[2023-05-01T17:38:16.312+0000] {logging_mixin.py:137} INFO - [2023-05-01T17:38:16.312+0000] {dag.py:2705} INFO - Sync 6 DAGs
[2023-05-01T17:38:16.341+0000] {logging_mixin.py:137} INFO - [2023-05-01T17:38:16.341+0000] {dag.py:3456} INFO - Setting next_dagrun for dataset_consumes_1 to None, run_after=None
[2023-05-01T17:38:16.343+0000] {logging_mixin.py:137} INFO - [2023-05-01T17:38:16.343+0000] {dag.py:3456} INFO - Setting next_dagrun for dataset_consumes_1_and_2 to None, run_after=None
[2023-05-01T17:38:16.344+0000] {logging_mixin.py:137} INFO - [2023-05-01T17:38:16.344+0000] {dag.py:3456} INFO - Setting next_dagrun for dataset_consumes_1_never_scheduled to None, run_after=None
[2023-05-01T17:38:16.344+0000] {logging_mixin.py:137} INFO - [2023-05-01T17:38:16.344+0000] {dag.py:3456} INFO - Setting next_dagrun for dataset_consumes_unknown_never_scheduled to None, run_after=None
[2023-05-01T17:38:16.346+0000] {logging_mixin.py:137} INFO - [2023-05-01T17:38:16.346+0000] {dag.py:3456} INFO - Setting next_dagrun for dataset_produces_1 to 2023-04-30T00:00:00+00:00, run_after=2023-05-01T00:00:00+00:00
[2023-05-01T17:38:16.347+0000] {logging_mixin.py:137} INFO - [2023-05-01T17:38:16.347+0000] {dag.py:3456} INFO - Setting next_dagrun for dataset_produces_2 to None, run_after=None
[2023-05-01T17:38:16.408+0000] {processor.py:175} INFO - Processing /home/airflow/.local/lib/python3.7/site-packages/airflow/example_dags/example_datasets.py took 0.228 seconds
[2023-05-01T17:41:34.623+0000] {processor.py:153} INFO - Started process (PID=57) to work on /home/airflow/.local/lib/python3.7/site-packages/airflow/example_dags/example_datasets.py
[2023-05-01T17:41:34.624+0000] {processor.py:743} INFO - Processing file /home/airflow/.local/lib/python3.7/site-packages/airflow/example_dags/example_datasets.py for tasks to queue
[2023-05-01T17:41:34.624+0000] {logging_mixin.py:137} INFO - [2023-05-01T17:41:34.624+0000] {dagbag.py:532} INFO - Filling up the DagBag from /home/airflow/.local/lib/python3.7/site-packages/airflow/example_dags/example_datasets.py
[2023-05-01T17:41:34.656+0000] {processor.py:753} INFO - DAG(s) dict_keys(['dataset_produces_2', 'dataset_consumes_1_and_2', 'dataset_consumes_unknown_never_scheduled', 'dataset_consumes_1_never_scheduled', 'dataset_consumes_1', 'dataset_produces_1']) retrieved from /home/airflow/.local/lib/python3.7/site-packages/airflow/example_dags/example_datasets.py
[2023-05-01T17:41:34.776+0000] {logging_mixin.py:137} INFO - [2023-05-01T17:41:34.776+0000] {dag.py:2705} INFO - Sync 6 DAGs
[2023-05-01T17:41:34.877+0000] {logging_mixin.py:137} INFO - [2023-05-01T17:41:34.875+0000] {dag.py:3456} INFO - Setting next_dagrun for dataset_consumes_1 to None, run_after=None
[2023-05-01T17:41:34.895+0000] {logging_mixin.py:137} INFO - [2023-05-01T17:41:34.894+0000] {dag.py:3456} INFO - Setting next_dagrun for dataset_consumes_1_and_2 to None, run_after=None
[2023-05-01T17:41:34.903+0000] {logging_mixin.py:137} INFO - [2023-05-01T17:41:34.903+0000] {dag.py:3456} INFO - Setting next_dagrun for dataset_consumes_1_never_scheduled to None, run_after=None
[2023-05-01T17:41:34.905+0000] {logging_mixin.py:137} INFO - [2023-05-01T17:41:34.905+0000] {dag.py:3456} INFO - Setting next_dagrun for dataset_consumes_unknown_never_scheduled to None, run_after=None
[2023-05-01T17:41:34.908+0000] {logging_mixin.py:137} INFO - [2023-05-01T17:41:34.908+0000] {dag.py:3456} INFO - Setting next_dagrun for dataset_produces_1 to 2023-04-30T00:00:00+00:00, run_after=2023-05-01T00:00:00+00:00
[2023-05-01T17:41:34.914+0000] {logging_mixin.py:137} INFO - [2023-05-01T17:41:34.913+0000] {dag.py:3456} INFO - Setting next_dagrun for dataset_produces_2 to None, run_after=None
[2023-05-01T17:41:34.979+0000] {processor.py:175} INFO - Processing /home/airflow/.local/lib/python3.7/site-packages/airflow/example_dags/example_datasets.py took 0.360 seconds
[2023-05-01T17:43:14.485+0000] {processor.py:153} INFO - Started process (PID=57) to work on /home/airflow/.local/lib/python3.7/site-packages/airflow/example_dags/example_datasets.py
[2023-05-01T17:43:14.492+0000] {processor.py:743} INFO - Processing file /home/airflow/.local/lib/python3.7/site-packages/airflow/example_dags/example_datasets.py for tasks to queue
[2023-05-01T17:43:14.498+0000] {logging_mixin.py:137} INFO - [2023-05-01T17:43:14.498+0000] {dagbag.py:532} INFO - Filling up the DagBag from /home/airflow/.local/lib/python3.7/site-packages/airflow/example_dags/example_datasets.py
[2023-05-01T17:43:14.593+0000] {processor.py:753} INFO - DAG(s) dict_keys(['dataset_produces_1', 'dataset_produces_2', 'dataset_consumes_1', 'dataset_consumes_unknown_never_scheduled', 'dataset_consumes_1_and_2', 'dataset_consumes_1_never_scheduled']) retrieved from /home/airflow/.local/lib/python3.7/site-packages/airflow/example_dags/example_datasets.py
[2023-05-01T17:43:14.936+0000] {logging_mixin.py:137} INFO - [2023-05-01T17:43:14.935+0000] {dag.py:2705} INFO - Sync 6 DAGs
[2023-05-01T17:43:15.040+0000] {logging_mixin.py:137} INFO - [2023-05-01T17:43:15.040+0000] {dag.py:3456} INFO - Setting next_dagrun for dataset_consumes_1 to None, run_after=None
[2023-05-01T17:43:15.048+0000] {logging_mixin.py:137} INFO - [2023-05-01T17:43:15.048+0000] {dag.py:3456} INFO - Setting next_dagrun for dataset_consumes_1_and_2 to None, run_after=None
[2023-05-01T17:43:15.056+0000] {logging_mixin.py:137} INFO - [2023-05-01T17:43:15.056+0000] {dag.py:3456} INFO - Setting next_dagrun for dataset_consumes_1_never_scheduled to None, run_after=None
[2023-05-01T17:43:15.060+0000] {logging_mixin.py:137} INFO - [2023-05-01T17:43:15.060+0000] {dag.py:3456} INFO - Setting next_dagrun for dataset_consumes_unknown_never_scheduled to None, run_after=None
[2023-05-01T17:43:15.070+0000] {logging_mixin.py:137} INFO - [2023-05-01T17:43:15.068+0000] {dag.py:3456} INFO - Setting next_dagrun for dataset_produces_1 to 2023-04-30T00:00:00+00:00, run_after=2023-05-01T00:00:00+00:00
[2023-05-01T17:43:15.071+0000] {logging_mixin.py:137} INFO - [2023-05-01T17:43:15.071+0000] {dag.py:3456} INFO - Setting next_dagrun for dataset_produces_2 to None, run_after=None
[2023-05-01T17:44:21.437+0000] {processor.py:153} INFO - Started process (PID=55) to work on /home/airflow/.local/lib/python3.7/site-packages/airflow/example_dags/example_datasets.py
[2023-05-01T17:44:21.438+0000] {processor.py:743} INFO - Processing file /home/airflow/.local/lib/python3.7/site-packages/airflow/example_dags/example_datasets.py for tasks to queue
[2023-05-01T17:44:21.438+0000] {logging_mixin.py:137} INFO - [2023-05-01T17:44:21.438+0000] {dagbag.py:532} INFO - Filling up the DagBag from /home/airflow/.local/lib/python3.7/site-packages/airflow/example_dags/example_datasets.py
[2023-05-01T17:44:21.474+0000] {processor.py:753} INFO - DAG(s) dict_keys(['dataset_consumes_1_and_2', 'dataset_consumes_1', 'dataset_produces_1', 'dataset_consumes_unknown_never_scheduled', 'dataset_produces_2', 'dataset_consumes_1_never_scheduled']) retrieved from /home/airflow/.local/lib/python3.7/site-packages/airflow/example_dags/example_datasets.py
[2023-05-01T17:44:21.586+0000] {logging_mixin.py:137} INFO - [2023-05-01T17:44:21.586+0000] {dag.py:2705} INFO - Sync 6 DAGs
[2023-05-01T17:44:21.604+0000] {logging_mixin.py:137} INFO - [2023-05-01T17:44:21.604+0000] {dag.py:3456} INFO - Setting next_dagrun for dataset_consumes_1 to None, run_after=None
[2023-05-01T17:44:21.606+0000] {logging_mixin.py:137} INFO - [2023-05-01T17:44:21.606+0000] {dag.py:3456} INFO - Setting next_dagrun for dataset_consumes_1_and_2 to None, run_after=None
[2023-05-01T17:44:21.607+0000] {logging_mixin.py:137} INFO - [2023-05-01T17:44:21.607+0000] {dag.py:3456} INFO - Setting next_dagrun for dataset_consumes_1_never_scheduled to None, run_after=None
[2023-05-01T17:44:21.608+0000] {logging_mixin.py:137} INFO - [2023-05-01T17:44:21.608+0000] {dag.py:3456} INFO - Setting next_dagrun for dataset_consumes_unknown_never_scheduled to None, run_after=None
[2023-05-01T17:44:21.610+0000] {logging_mixin.py:137} INFO - [2023-05-01T17:44:21.610+0000] {dag.py:3456} INFO - Setting next_dagrun for dataset_produces_1 to 2023-04-30T00:00:00+00:00, run_after=2023-05-01T00:00:00+00:00
[2023-05-01T17:44:21.611+0000] {logging_mixin.py:137} INFO - [2023-05-01T17:44:21.611+0000] {dag.py:3456} INFO - Setting next_dagrun for dataset_produces_2 to None, run_after=None
[2023-05-01T17:44:21.636+0000] {processor.py:175} INFO - Processing /home/airflow/.local/lib/python3.7/site-packages/airflow/example_dags/example_datasets.py took 0.204 seconds
[2023-05-01T17:58:39.979+0000] {processor.py:153} INFO - Started process (PID=56) to work on /home/airflow/.local/lib/python3.7/site-packages/airflow/example_dags/example_datasets.py
[2023-05-01T17:58:39.991+0000] {processor.py:743} INFO - Processing file /home/airflow/.local/lib/python3.7/site-packages/airflow/example_dags/example_datasets.py for tasks to queue
[2023-05-01T17:58:39.991+0000] {logging_mixin.py:137} INFO - [2023-05-01T17:58:39.991+0000] {dagbag.py:532} INFO - Filling up the DagBag from /home/airflow/.local/lib/python3.7/site-packages/airflow/example_dags/example_datasets.py
[2023-05-01T17:58:40.016+0000] {processor.py:753} INFO - DAG(s) dict_keys(['dataset_consumes_1_never_scheduled', 'dataset_produces_2', 'dataset_consumes_unknown_never_scheduled', 'dataset_consumes_1_and_2', 'dataset_produces_1', 'dataset_consumes_1']) retrieved from /home/airflow/.local/lib/python3.7/site-packages/airflow/example_dags/example_datasets.py
[2023-05-01T17:58:40.268+0000] {logging_mixin.py:137} INFO - [2023-05-01T17:58:40.268+0000] {dag.py:2705} INFO - Sync 6 DAGs
[2023-05-01T17:58:40.356+0000] {logging_mixin.py:137} INFO - [2023-05-01T17:58:40.356+0000] {dag.py:3456} INFO - Setting next_dagrun for dataset_consumes_1 to None, run_after=None
[2023-05-01T17:58:40.367+0000] {logging_mixin.py:137} INFO - [2023-05-01T17:58:40.367+0000] {dag.py:3456} INFO - Setting next_dagrun for dataset_consumes_1_and_2 to None, run_after=None
[2023-05-01T17:58:40.381+0000] {logging_mixin.py:137} INFO - [2023-05-01T17:58:40.380+0000] {dag.py:3456} INFO - Setting next_dagrun for dataset_consumes_1_never_scheduled to None, run_after=None
[2023-05-01T17:58:40.382+0000] {logging_mixin.py:137} INFO - [2023-05-01T17:58:40.382+0000] {dag.py:3456} INFO - Setting next_dagrun for dataset_consumes_unknown_never_scheduled to None, run_after=None
[2023-05-01T17:58:40.385+0000] {logging_mixin.py:137} INFO - [2023-05-01T17:58:40.385+0000] {dag.py:3456} INFO - Setting next_dagrun for dataset_produces_1 to 2023-04-30T00:00:00+00:00, run_after=2023-05-01T00:00:00+00:00
[2023-05-01T17:58:40.387+0000] {logging_mixin.py:137} INFO - [2023-05-01T17:58:40.387+0000] {dag.py:3456} INFO - Setting next_dagrun for dataset_produces_2 to None, run_after=None
[2023-05-01T17:58:40.469+0000] {processor.py:175} INFO - Processing /home/airflow/.local/lib/python3.7/site-packages/airflow/example_dags/example_datasets.py took 0.536 seconds
[2023-05-01T17:59:05.760+0000] {processor.py:153} INFO - Started process (PID=55) to work on /home/airflow/.local/lib/python3.7/site-packages/airflow/example_dags/example_datasets.py
[2023-05-01T17:59:05.761+0000] {processor.py:743} INFO - Processing file /home/airflow/.local/lib/python3.7/site-packages/airflow/example_dags/example_datasets.py for tasks to queue
[2023-05-01T17:59:05.764+0000] {logging_mixin.py:137} INFO - [2023-05-01T17:59:05.764+0000] {dagbag.py:532} INFO - Filling up the DagBag from /home/airflow/.local/lib/python3.7/site-packages/airflow/example_dags/example_datasets.py
[2023-05-01T17:59:05.863+0000] {processor.py:753} INFO - DAG(s) dict_keys(['dataset_produces_1', 'dataset_consumes_unknown_never_scheduled', 'dataset_consumes_1_never_scheduled', 'dataset_produces_2', 'dataset_consumes_1_and_2', 'dataset_consumes_1']) retrieved from /home/airflow/.local/lib/python3.7/site-packages/airflow/example_dags/example_datasets.py
[2023-05-01T17:59:05.938+0000] {logging_mixin.py:137} INFO - [2023-05-01T17:59:05.938+0000] {dag.py:2705} INFO - Sync 6 DAGs
[2023-05-01T17:59:05.980+0000] {logging_mixin.py:137} INFO - [2023-05-01T17:59:05.976+0000] {dag.py:3456} INFO - Setting next_dagrun for dataset_consumes_1 to None, run_after=None
[2023-05-01T17:59:05.984+0000] {logging_mixin.py:137} INFO - [2023-05-01T17:59:05.984+0000] {dag.py:3456} INFO - Setting next_dagrun for dataset_consumes_1_and_2 to None, run_after=None
[2023-05-01T17:59:06.024+0000] {logging_mixin.py:137} INFO - [2023-05-01T17:59:06.022+0000] {dag.py:3456} INFO - Setting next_dagrun for dataset_consumes_1_never_scheduled to None, run_after=None
[2023-05-01T17:59:06.029+0000] {logging_mixin.py:137} INFO - [2023-05-01T17:59:06.029+0000] {dag.py:3456} INFO - Setting next_dagrun for dataset_consumes_unknown_never_scheduled to None, run_after=None
[2023-05-01T17:59:06.032+0000] {logging_mixin.py:137} INFO - [2023-05-01T17:59:06.031+0000] {dag.py:3456} INFO - Setting next_dagrun for dataset_produces_1 to 2023-04-30T00:00:00+00:00, run_after=2023-05-01T00:00:00+00:00
[2023-05-01T17:59:06.032+0000] {logging_mixin.py:137} INFO - [2023-05-01T17:59:06.032+0000] {dag.py:3456} INFO - Setting next_dagrun for dataset_produces_2 to None, run_after=None
[2023-05-01T17:59:06.107+0000] {processor.py:175} INFO - Processing /home/airflow/.local/lib/python3.7/site-packages/airflow/example_dags/example_datasets.py took 0.349 seconds
[2023-05-01T18:02:27.580+0000] {processor.py:153} INFO - Started process (PID=62) to work on /home/airflow/.local/lib/python3.7/site-packages/airflow/example_dags/example_datasets.py
[2023-05-01T18:02:27.581+0000] {processor.py:743} INFO - Processing file /home/airflow/.local/lib/python3.7/site-packages/airflow/example_dags/example_datasets.py for tasks to queue
[2023-05-01T18:02:27.581+0000] {logging_mixin.py:137} INFO - [2023-05-01T18:02:27.581+0000] {dagbag.py:532} INFO - Filling up the DagBag from /home/airflow/.local/lib/python3.7/site-packages/airflow/example_dags/example_datasets.py
[2023-05-01T18:02:27.617+0000] {processor.py:753} INFO - DAG(s) dict_keys(['dataset_consumes_unknown_never_scheduled', 'dataset_produces_2', 'dataset_consumes_1_never_scheduled', 'dataset_consumes_1', 'dataset_produces_1', 'dataset_consumes_1_and_2']) retrieved from /home/airflow/.local/lib/python3.7/site-packages/airflow/example_dags/example_datasets.py
[2023-05-01T18:02:27.732+0000] {logging_mixin.py:137} INFO - [2023-05-01T18:02:27.732+0000] {dag.py:2705} INFO - Sync 6 DAGs
[2023-05-01T18:02:27.771+0000] {logging_mixin.py:137} INFO - [2023-05-01T18:02:27.771+0000] {dag.py:3456} INFO - Setting next_dagrun for dataset_consumes_1 to None, run_after=None
[2023-05-01T18:02:27.788+0000] {logging_mixin.py:137} INFO - [2023-05-01T18:02:27.788+0000] {dag.py:3456} INFO - Setting next_dagrun for dataset_consumes_1_and_2 to None, run_after=None
[2023-05-01T18:02:27.791+0000] {logging_mixin.py:137} INFO - [2023-05-01T18:02:27.791+0000] {dag.py:3456} INFO - Setting next_dagrun for dataset_consumes_1_never_scheduled to None, run_after=None
[2023-05-01T18:02:27.798+0000] {logging_mixin.py:137} INFO - [2023-05-01T18:02:27.798+0000] {dag.py:3456} INFO - Setting next_dagrun for dataset_consumes_unknown_never_scheduled to None, run_after=None
[2023-05-01T18:02:27.800+0000] {logging_mixin.py:137} INFO - [2023-05-01T18:02:27.800+0000] {dag.py:3456} INFO - Setting next_dagrun for dataset_produces_1 to 2023-04-30T00:00:00+00:00, run_after=2023-05-01T00:00:00+00:00
[2023-05-01T18:02:27.802+0000] {logging_mixin.py:137} INFO - [2023-05-01T18:02:27.802+0000] {dag.py:3456} INFO - Setting next_dagrun for dataset_produces_2 to None, run_after=None
[2023-05-01T18:02:27.900+0000] {processor.py:175} INFO - Processing /home/airflow/.local/lib/python3.7/site-packages/airflow/example_dags/example_datasets.py took 0.327 seconds
[2023-05-01T18:06:04.717+0000] {processor.py:153} INFO - Started process (PID=55) to work on /home/airflow/.local/lib/python3.7/site-packages/airflow/example_dags/example_datasets.py
[2023-05-01T18:06:04.731+0000] {processor.py:743} INFO - Processing file /home/airflow/.local/lib/python3.7/site-packages/airflow/example_dags/example_datasets.py for tasks to queue
[2023-05-01T18:06:04.732+0000] {logging_mixin.py:137} INFO - [2023-05-01T18:06:04.732+0000] {dagbag.py:532} INFO - Filling up the DagBag from /home/airflow/.local/lib/python3.7/site-packages/airflow/example_dags/example_datasets.py
[2023-05-01T18:06:04.851+0000] {processor.py:753} INFO - DAG(s) dict_keys(['dataset_consumes_1_and_2', 'dataset_consumes_1', 'dataset_produces_2', 'dataset_consumes_unknown_never_scheduled', 'dataset_consumes_1_never_scheduled', 'dataset_produces_1']) retrieved from /home/airflow/.local/lib/python3.7/site-packages/airflow/example_dags/example_datasets.py
[2023-05-01T18:06:05.120+0000] {logging_mixin.py:137} INFO - [2023-05-01T18:06:05.120+0000] {dag.py:2705} INFO - Sync 6 DAGs
[2023-05-01T18:06:05.152+0000] {logging_mixin.py:137} INFO - [2023-05-01T18:06:05.152+0000] {dag.py:3456} INFO - Setting next_dagrun for dataset_consumes_1 to None, run_after=None
[2023-05-01T18:06:05.168+0000] {logging_mixin.py:137} INFO - [2023-05-01T18:06:05.168+0000] {dag.py:3456} INFO - Setting next_dagrun for dataset_consumes_1_and_2 to None, run_after=None
[2023-05-01T18:06:05.170+0000] {logging_mixin.py:137} INFO - [2023-05-01T18:06:05.169+0000] {dag.py:3456} INFO - Setting next_dagrun for dataset_consumes_1_never_scheduled to None, run_after=None
[2023-05-01T18:06:05.171+0000] {logging_mixin.py:137} INFO - [2023-05-01T18:06:05.171+0000] {dag.py:3456} INFO - Setting next_dagrun for dataset_consumes_unknown_never_scheduled to None, run_after=None
[2023-05-01T18:06:05.176+0000] {logging_mixin.py:137} INFO - [2023-05-01T18:06:05.176+0000] {dag.py:3456} INFO - Setting next_dagrun for dataset_produces_1 to 2023-04-30T00:00:00+00:00, run_after=2023-05-01T00:00:00+00:00
[2023-05-01T18:06:05.181+0000] {logging_mixin.py:137} INFO - [2023-05-01T18:06:05.181+0000] {dag.py:3456} INFO - Setting next_dagrun for dataset_produces_2 to None, run_after=None
[2023-05-01T18:06:05.276+0000] {processor.py:175} INFO - Processing /home/airflow/.local/lib/python3.7/site-packages/airflow/example_dags/example_datasets.py took 0.569 seconds
[2023-05-01T18:09:31.615+0000] {processor.py:153} INFO - Started process (PID=55) to work on /home/airflow/.local/lib/python3.7/site-packages/airflow/example_dags/example_datasets.py
[2023-05-01T18:09:31.629+0000] {processor.py:743} INFO - Processing file /home/airflow/.local/lib/python3.7/site-packages/airflow/example_dags/example_datasets.py for tasks to queue
[2023-05-01T18:09:31.659+0000] {logging_mixin.py:137} INFO - [2023-05-01T18:09:31.654+0000] {dagbag.py:532} INFO - Filling up the DagBag from /home/airflow/.local/lib/python3.7/site-packages/airflow/example_dags/example_datasets.py
[2023-05-01T18:09:31.753+0000] {processor.py:753} INFO - DAG(s) dict_keys(['dataset_consumes_1', 'dataset_consumes_1_and_2', 'dataset_produces_1', 'dataset_consumes_unknown_never_scheduled', 'dataset_produces_2', 'dataset_consumes_1_never_scheduled']) retrieved from /home/airflow/.local/lib/python3.7/site-packages/airflow/example_dags/example_datasets.py
[2023-05-01T18:09:31.878+0000] {logging_mixin.py:137} INFO - [2023-05-01T18:09:31.878+0000] {dag.py:2705} INFO - Sync 6 DAGs
[2023-05-01T18:09:31.923+0000] {logging_mixin.py:137} INFO - [2023-05-01T18:09:31.923+0000] {dag.py:3456} INFO - Setting next_dagrun for dataset_consumes_1 to None, run_after=None
[2023-05-01T18:09:31.927+0000] {logging_mixin.py:137} INFO - [2023-05-01T18:09:31.927+0000] {dag.py:3456} INFO - Setting next_dagrun for dataset_consumes_1_and_2 to None, run_after=None
[2023-05-01T18:09:31.929+0000] {logging_mixin.py:137} INFO - [2023-05-01T18:09:31.929+0000] {dag.py:3456} INFO - Setting next_dagrun for dataset_consumes_1_never_scheduled to None, run_after=None
[2023-05-01T18:09:31.931+0000] {logging_mixin.py:137} INFO - [2023-05-01T18:09:31.931+0000] {dag.py:3456} INFO - Setting next_dagrun for dataset_consumes_unknown_never_scheduled to None, run_after=None
[2023-05-01T18:09:31.935+0000] {logging_mixin.py:137} INFO - [2023-05-01T18:09:31.935+0000] {dag.py:3456} INFO - Setting next_dagrun for dataset_produces_1 to 2023-04-30T00:00:00+00:00, run_after=2023-05-01T00:00:00+00:00
[2023-05-01T18:09:31.937+0000] {logging_mixin.py:137} INFO - [2023-05-01T18:09:31.937+0000] {dag.py:3456} INFO - Setting next_dagrun for dataset_produces_2 to None, run_after=None
[2023-05-01T18:09:31.975+0000] {processor.py:175} INFO - Processing /home/airflow/.local/lib/python3.7/site-packages/airflow/example_dags/example_datasets.py took 0.374 seconds
