[2023-05-01T11:41:53.802+0000] {processor.py:153} INFO - Started process (PID=52) to work on /home/airflow/.local/lib/python3.7/site-packages/airflow/example_dags/example_skip_dag.py
[2023-05-01T11:41:53.803+0000] {processor.py:743} INFO - Processing file /home/airflow/.local/lib/python3.7/site-packages/airflow/example_dags/example_skip_dag.py for tasks to queue
[2023-05-01T11:41:53.805+0000] {logging_mixin.py:137} INFO - [2023-05-01T11:41:53.805+0000] {dagbag.py:532} INFO - Filling up the DagBag from /home/airflow/.local/lib/python3.7/site-packages/airflow/example_dags/example_skip_dag.py
[2023-05-01T11:41:53.886+0000] {processor.py:753} INFO - DAG(s) dict_keys(['example_skip_dag']) retrieved from /home/airflow/.local/lib/python3.7/site-packages/airflow/example_dags/example_skip_dag.py
[2023-05-01T11:41:53.992+0000] {logging_mixin.py:137} INFO - [2023-05-01T11:41:53.992+0000] {dag.py:2705} INFO - Sync 1 DAGs
[2023-05-01T11:41:54.071+0000] {logging_mixin.py:137} INFO - [2023-05-01T11:41:54.070+0000] {dag.py:3456} INFO - Setting next_dagrun for example_skip_dag to 2023-04-30T11:41:54.070306+00:00, run_after=2023-05-01T11:41:54.070306+00:00
[2023-05-01T11:41:54.141+0000] {processor.py:175} INFO - Processing /home/airflow/.local/lib/python3.7/site-packages/airflow/example_dags/example_skip_dag.py took 0.342 seconds
[2023-05-01T17:11:50.075+0000] {processor.py:153} INFO - Started process (PID=42) to work on /home/airflow/.local/lib/python3.7/site-packages/airflow/example_dags/example_skip_dag.py
[2023-05-01T17:11:50.075+0000] {processor.py:743} INFO - Processing file /home/airflow/.local/lib/python3.7/site-packages/airflow/example_dags/example_skip_dag.py for tasks to queue
[2023-05-01T17:11:50.077+0000] {logging_mixin.py:137} INFO - [2023-05-01T17:11:50.077+0000] {dagbag.py:532} INFO - Filling up the DagBag from /home/airflow/.local/lib/python3.7/site-packages/airflow/example_dags/example_skip_dag.py
[2023-05-01T17:11:50.138+0000] {processor.py:753} INFO - DAG(s) dict_keys(['example_skip_dag']) retrieved from /home/airflow/.local/lib/python3.7/site-packages/airflow/example_dags/example_skip_dag.py
[2023-05-01T17:11:50.199+0000] {logging_mixin.py:137} INFO - [2023-05-01T17:11:50.199+0000] {dag.py:2705} INFO - Sync 1 DAGs
[2023-05-01T17:11:50.239+0000] {logging_mixin.py:137} INFO - [2023-05-01T17:11:50.239+0000] {dag.py:3456} INFO - Setting next_dagrun for example_skip_dag to 2023-04-30T17:11:50.239324+00:00, run_after=2023-05-01T17:11:50.239324+00:00
[2023-05-01T17:11:50.263+0000] {processor.py:175} INFO - Processing /home/airflow/.local/lib/python3.7/site-packages/airflow/example_dags/example_skip_dag.py took 0.192 seconds
[2023-05-01T17:13:11.005+0000] {processor.py:153} INFO - Started process (PID=42) to work on /home/airflow/.local/lib/python3.7/site-packages/airflow/example_dags/example_skip_dag.py
[2023-05-01T17:13:11.014+0000] {processor.py:743} INFO - Processing file /home/airflow/.local/lib/python3.7/site-packages/airflow/example_dags/example_skip_dag.py for tasks to queue
[2023-05-01T17:13:11.015+0000] {logging_mixin.py:137} INFO - [2023-05-01T17:13:11.015+0000] {dagbag.py:532} INFO - Filling up the DagBag from /home/airflow/.local/lib/python3.7/site-packages/airflow/example_dags/example_skip_dag.py
[2023-05-01T17:13:11.056+0000] {processor.py:753} INFO - DAG(s) dict_keys(['example_skip_dag']) retrieved from /home/airflow/.local/lib/python3.7/site-packages/airflow/example_dags/example_skip_dag.py
[2023-05-01T17:13:11.104+0000] {logging_mixin.py:137} INFO - [2023-05-01T17:13:11.103+0000] {dag.py:2705} INFO - Sync 1 DAGs
[2023-05-01T17:13:11.136+0000] {logging_mixin.py:137} INFO - [2023-05-01T17:13:11.136+0000] {dag.py:3456} INFO - Setting next_dagrun for example_skip_dag to 2023-04-30T17:13:11.135417+00:00, run_after=2023-05-01T17:13:11.135417+00:00
[2023-05-01T17:13:11.162+0000] {processor.py:175} INFO - Processing /home/airflow/.local/lib/python3.7/site-packages/airflow/example_dags/example_skip_dag.py took 0.159 seconds
[2023-05-01T17:14:32.782+0000] {processor.py:153} INFO - Started process (PID=42) to work on /home/airflow/.local/lib/python3.7/site-packages/airflow/example_dags/example_skip_dag.py
[2023-05-01T17:14:32.783+0000] {processor.py:743} INFO - Processing file /home/airflow/.local/lib/python3.7/site-packages/airflow/example_dags/example_skip_dag.py for tasks to queue
[2023-05-01T17:14:32.783+0000] {logging_mixin.py:137} INFO - [2023-05-01T17:14:32.783+0000] {dagbag.py:532} INFO - Filling up the DagBag from /home/airflow/.local/lib/python3.7/site-packages/airflow/example_dags/example_skip_dag.py
[2023-05-01T17:14:32.830+0000] {processor.py:753} INFO - DAG(s) dict_keys(['example_skip_dag']) retrieved from /home/airflow/.local/lib/python3.7/site-packages/airflow/example_dags/example_skip_dag.py
[2023-05-01T17:14:32.862+0000] {logging_mixin.py:137} INFO - [2023-05-01T17:14:32.861+0000] {dag.py:2705} INFO - Sync 1 DAGs
[2023-05-01T17:14:32.885+0000] {logging_mixin.py:137} INFO - [2023-05-01T17:14:32.884+0000] {dag.py:3456} INFO - Setting next_dagrun for example_skip_dag to 2023-04-30T17:14:32.884598+00:00, run_after=2023-05-01T17:14:32.884598+00:00
[2023-05-01T17:14:32.919+0000] {processor.py:175} INFO - Processing /home/airflow/.local/lib/python3.7/site-packages/airflow/example_dags/example_skip_dag.py took 0.139 seconds
[2023-05-01T17:15:38.431+0000] {processor.py:153} INFO - Started process (PID=42) to work on /home/airflow/.local/lib/python3.7/site-packages/airflow/example_dags/example_skip_dag.py
[2023-05-01T17:15:38.434+0000] {processor.py:743} INFO - Processing file /home/airflow/.local/lib/python3.7/site-packages/airflow/example_dags/example_skip_dag.py for tasks to queue
[2023-05-01T17:15:38.438+0000] {logging_mixin.py:137} INFO - [2023-05-01T17:15:38.437+0000] {dagbag.py:532} INFO - Filling up the DagBag from /home/airflow/.local/lib/python3.7/site-packages/airflow/example_dags/example_skip_dag.py
[2023-05-01T17:15:38.479+0000] {processor.py:753} INFO - DAG(s) dict_keys(['example_skip_dag']) retrieved from /home/airflow/.local/lib/python3.7/site-packages/airflow/example_dags/example_skip_dag.py
[2023-05-01T17:15:38.526+0000] {logging_mixin.py:137} INFO - [2023-05-01T17:15:38.525+0000] {dag.py:2705} INFO - Sync 1 DAGs
[2023-05-01T17:15:38.583+0000] {logging_mixin.py:137} INFO - [2023-05-01T17:15:38.583+0000] {dag.py:3456} INFO - Setting next_dagrun for example_skip_dag to 2023-04-30T17:15:38.582364+00:00, run_after=2023-05-01T17:15:38.582364+00:00
[2023-05-01T17:15:38.607+0000] {processor.py:175} INFO - Processing /home/airflow/.local/lib/python3.7/site-packages/airflow/example_dags/example_skip_dag.py took 0.185 seconds
[2023-05-01T17:21:35.241+0000] {processor.py:153} INFO - Started process (PID=42) to work on /home/airflow/.local/lib/python3.7/site-packages/airflow/example_dags/example_skip_dag.py
[2023-05-01T17:21:35.242+0000] {processor.py:743} INFO - Processing file /home/airflow/.local/lib/python3.7/site-packages/airflow/example_dags/example_skip_dag.py for tasks to queue
[2023-05-01T17:21:35.242+0000] {logging_mixin.py:137} INFO - [2023-05-01T17:21:35.242+0000] {dagbag.py:532} INFO - Filling up the DagBag from /home/airflow/.local/lib/python3.7/site-packages/airflow/example_dags/example_skip_dag.py
[2023-05-01T17:21:35.274+0000] {processor.py:753} INFO - DAG(s) dict_keys(['example_skip_dag']) retrieved from /home/airflow/.local/lib/python3.7/site-packages/airflow/example_dags/example_skip_dag.py
[2023-05-01T17:21:35.330+0000] {logging_mixin.py:137} INFO - [2023-05-01T17:21:35.330+0000] {dag.py:2705} INFO - Sync 1 DAGs
[2023-05-01T17:21:35.400+0000] {logging_mixin.py:137} INFO - [2023-05-01T17:21:35.400+0000] {dag.py:3456} INFO - Setting next_dagrun for example_skip_dag to 2023-04-30T17:21:35.393178+00:00, run_after=2023-05-01T17:21:35.393178+00:00
[2023-05-01T17:21:35.428+0000] {processor.py:175} INFO - Processing /home/airflow/.local/lib/python3.7/site-packages/airflow/example_dags/example_skip_dag.py took 0.190 seconds
[2023-05-01T17:23:56.938+0000] {processor.py:153} INFO - Started process (PID=48) to work on /home/airflow/.local/lib/python3.7/site-packages/airflow/example_dags/example_skip_dag.py
[2023-05-01T17:23:56.939+0000] {processor.py:743} INFO - Processing file /home/airflow/.local/lib/python3.7/site-packages/airflow/example_dags/example_skip_dag.py for tasks to queue
[2023-05-01T17:23:56.940+0000] {logging_mixin.py:137} INFO - [2023-05-01T17:23:56.939+0000] {dagbag.py:532} INFO - Filling up the DagBag from /home/airflow/.local/lib/python3.7/site-packages/airflow/example_dags/example_skip_dag.py
[2023-05-01T17:23:56.989+0000] {processor.py:753} INFO - DAG(s) dict_keys(['example_skip_dag']) retrieved from /home/airflow/.local/lib/python3.7/site-packages/airflow/example_dags/example_skip_dag.py
[2023-05-01T17:23:57.033+0000] {logging_mixin.py:137} INFO - [2023-05-01T17:23:57.032+0000] {dag.py:2705} INFO - Sync 1 DAGs
[2023-05-01T17:23:57.105+0000] {logging_mixin.py:137} INFO - [2023-05-01T17:23:57.105+0000] {dag.py:3456} INFO - Setting next_dagrun for example_skip_dag to 2023-04-30T17:23:57.105395+00:00, run_after=2023-05-01T17:23:57.105395+00:00
[2023-05-01T17:23:57.130+0000] {processor.py:175} INFO - Processing /home/airflow/.local/lib/python3.7/site-packages/airflow/example_dags/example_skip_dag.py took 0.194 seconds
[2023-05-01T17:25:06.565+0000] {processor.py:153} INFO - Started process (PID=43) to work on /home/airflow/.local/lib/python3.7/site-packages/airflow/example_dags/example_skip_dag.py
[2023-05-01T17:25:06.566+0000] {processor.py:743} INFO - Processing file /home/airflow/.local/lib/python3.7/site-packages/airflow/example_dags/example_skip_dag.py for tasks to queue
[2023-05-01T17:25:06.567+0000] {logging_mixin.py:137} INFO - [2023-05-01T17:25:06.567+0000] {dagbag.py:532} INFO - Filling up the DagBag from /home/airflow/.local/lib/python3.7/site-packages/airflow/example_dags/example_skip_dag.py
[2023-05-01T17:25:06.578+0000] {processor.py:753} INFO - DAG(s) dict_keys(['example_skip_dag']) retrieved from /home/airflow/.local/lib/python3.7/site-packages/airflow/example_dags/example_skip_dag.py
[2023-05-01T17:25:06.592+0000] {logging_mixin.py:137} INFO - [2023-05-01T17:25:06.592+0000] {dag.py:2705} INFO - Sync 1 DAGs
[2023-05-01T17:25:06.617+0000] {logging_mixin.py:137} INFO - [2023-05-01T17:25:06.617+0000] {dag.py:3456} INFO - Setting next_dagrun for example_skip_dag to 2023-04-30T17:25:06.616892+00:00, run_after=2023-05-01T17:25:06.616892+00:00
[2023-05-01T17:25:06.656+0000] {processor.py:175} INFO - Processing /home/airflow/.local/lib/python3.7/site-packages/airflow/example_dags/example_skip_dag.py took 0.088 seconds
[2023-05-01T17:33:02.235+0000] {processor.py:153} INFO - Started process (PID=48) to work on /home/airflow/.local/lib/python3.7/site-packages/airflow/example_dags/example_skip_dag.py
[2023-05-01T17:33:02.247+0000] {processor.py:743} INFO - Processing file /home/airflow/.local/lib/python3.7/site-packages/airflow/example_dags/example_skip_dag.py for tasks to queue
[2023-05-01T17:33:02.248+0000] {logging_mixin.py:137} INFO - [2023-05-01T17:33:02.248+0000] {dagbag.py:532} INFO - Filling up the DagBag from /home/airflow/.local/lib/python3.7/site-packages/airflow/example_dags/example_skip_dag.py
[2023-05-01T17:33:03.802+0000] {processor.py:753} INFO - DAG(s) dict_keys(['example_skip_dag']) retrieved from /home/airflow/.local/lib/python3.7/site-packages/airflow/example_dags/example_skip_dag.py
[2023-05-01T17:33:04.017+0000] {logging_mixin.py:137} INFO - [2023-05-01T17:33:04.017+0000] {dag.py:2705} INFO - Sync 1 DAGs
[2023-05-01T17:33:04.070+0000] {logging_mixin.py:137} INFO - [2023-05-01T17:33:04.070+0000] {dag.py:3456} INFO - Setting next_dagrun for example_skip_dag to 2023-04-30T17:33:04.068114+00:00, run_after=2023-05-01T17:33:04.068114+00:00
[2023-05-01T17:33:04.163+0000] {processor.py:175} INFO - Processing /home/airflow/.local/lib/python3.7/site-packages/airflow/example_dags/example_skip_dag.py took 2.028 seconds
[2023-05-01T17:36:13.979+0000] {processor.py:153} INFO - Started process (PID=42) to work on /home/airflow/.local/lib/python3.7/site-packages/airflow/example_dags/example_skip_dag.py
[2023-05-01T17:36:13.985+0000] {processor.py:743} INFO - Processing file /home/airflow/.local/lib/python3.7/site-packages/airflow/example_dags/example_skip_dag.py for tasks to queue
[2023-05-01T17:36:13.990+0000] {logging_mixin.py:137} INFO - [2023-05-01T17:36:13.990+0000] {dagbag.py:532} INFO - Filling up the DagBag from /home/airflow/.local/lib/python3.7/site-packages/airflow/example_dags/example_skip_dag.py
[2023-05-01T17:36:14.039+0000] {processor.py:753} INFO - DAG(s) dict_keys(['example_skip_dag']) retrieved from /home/airflow/.local/lib/python3.7/site-packages/airflow/example_dags/example_skip_dag.py
[2023-05-01T17:36:14.126+0000] {logging_mixin.py:137} INFO - [2023-05-01T17:36:14.126+0000] {dag.py:2705} INFO - Sync 1 DAGs
[2023-05-01T17:36:14.193+0000] {logging_mixin.py:137} INFO - [2023-05-01T17:36:14.193+0000] {dag.py:3456} INFO - Setting next_dagrun for example_skip_dag to 2023-04-30T17:36:14.192995+00:00, run_after=2023-05-01T17:36:14.192995+00:00
[2023-05-01T17:36:14.263+0000] {processor.py:175} INFO - Processing /home/airflow/.local/lib/python3.7/site-packages/airflow/example_dags/example_skip_dag.py took 0.287 seconds
[2023-05-01T17:36:54.523+0000] {processor.py:153} INFO - Started process (PID=42) to work on /home/airflow/.local/lib/python3.7/site-packages/airflow/example_dags/example_skip_dag.py
[2023-05-01T17:36:54.525+0000] {processor.py:743} INFO - Processing file /home/airflow/.local/lib/python3.7/site-packages/airflow/example_dags/example_skip_dag.py for tasks to queue
[2023-05-01T17:36:54.526+0000] {logging_mixin.py:137} INFO - [2023-05-01T17:36:54.526+0000] {dagbag.py:532} INFO - Filling up the DagBag from /home/airflow/.local/lib/python3.7/site-packages/airflow/example_dags/example_skip_dag.py
[2023-05-01T17:36:54.653+0000] {processor.py:753} INFO - DAG(s) dict_keys(['example_skip_dag']) retrieved from /home/airflow/.local/lib/python3.7/site-packages/airflow/example_dags/example_skip_dag.py
[2023-05-01T17:36:54.780+0000] {logging_mixin.py:137} INFO - [2023-05-01T17:36:54.780+0000] {dag.py:2705} INFO - Sync 1 DAGs
[2023-05-01T17:36:54.935+0000] {logging_mixin.py:137} INFO - [2023-05-01T17:36:54.934+0000] {dag.py:3456} INFO - Setting next_dagrun for example_skip_dag to 2023-04-30T17:36:54.933672+00:00, run_after=2023-05-01T17:36:54.933672+00:00
[2023-05-01T17:36:55.781+0000] {processor.py:175} INFO - Processing /home/airflow/.local/lib/python3.7/site-packages/airflow/example_dags/example_skip_dag.py took 1.267 seconds
[2023-05-01T17:37:45.207+0000] {processor.py:153} INFO - Started process (PID=43) to work on /home/airflow/.local/lib/python3.7/site-packages/airflow/example_dags/example_skip_dag.py
[2023-05-01T17:37:45.220+0000] {processor.py:743} INFO - Processing file /home/airflow/.local/lib/python3.7/site-packages/airflow/example_dags/example_skip_dag.py for tasks to queue
[2023-05-01T17:37:45.232+0000] {logging_mixin.py:137} INFO - [2023-05-01T17:37:45.229+0000] {dagbag.py:532} INFO - Filling up the DagBag from /home/airflow/.local/lib/python3.7/site-packages/airflow/example_dags/example_skip_dag.py
[2023-05-01T17:37:45.890+0000] {processor.py:753} INFO - DAG(s) dict_keys(['example_skip_dag']) retrieved from /home/airflow/.local/lib/python3.7/site-packages/airflow/example_dags/example_skip_dag.py
[2023-05-01T17:37:50.212+0000] {logging_mixin.py:137} INFO - [2023-05-01T17:37:50.212+0000] {dag.py:2705} INFO - Sync 1 DAGs
[2023-05-01T17:37:50.313+0000] {logging_mixin.py:137} INFO - [2023-05-01T17:37:50.313+0000] {dag.py:3456} INFO - Setting next_dagrun for example_skip_dag to 2023-04-30T17:37:50.308067+00:00, run_after=2023-05-01T17:37:50.308067+00:00
[2023-05-01T17:37:50.399+0000] {processor.py:175} INFO - Processing /home/airflow/.local/lib/python3.7/site-packages/airflow/example_dags/example_skip_dag.py took 5.208 seconds
[2023-05-01T17:38:15.040+0000] {processor.py:153} INFO - Started process (PID=43) to work on /home/airflow/.local/lib/python3.7/site-packages/airflow/example_dags/example_skip_dag.py
[2023-05-01T17:38:15.041+0000] {processor.py:743} INFO - Processing file /home/airflow/.local/lib/python3.7/site-packages/airflow/example_dags/example_skip_dag.py for tasks to queue
[2023-05-01T17:38:15.042+0000] {logging_mixin.py:137} INFO - [2023-05-01T17:38:15.042+0000] {dagbag.py:532} INFO - Filling up the DagBag from /home/airflow/.local/lib/python3.7/site-packages/airflow/example_dags/example_skip_dag.py
[2023-05-01T17:38:15.065+0000] {processor.py:753} INFO - DAG(s) dict_keys(['example_skip_dag']) retrieved from /home/airflow/.local/lib/python3.7/site-packages/airflow/example_dags/example_skip_dag.py
[2023-05-01T17:38:15.099+0000] {logging_mixin.py:137} INFO - [2023-05-01T17:38:15.099+0000] {dag.py:2705} INFO - Sync 1 DAGs
[2023-05-01T17:38:15.136+0000] {logging_mixin.py:137} INFO - [2023-05-01T17:38:15.136+0000] {dag.py:3456} INFO - Setting next_dagrun for example_skip_dag to 2023-04-30T17:38:15.135799+00:00, run_after=2023-05-01T17:38:15.135799+00:00
[2023-05-01T17:38:15.162+0000] {processor.py:175} INFO - Processing /home/airflow/.local/lib/python3.7/site-packages/airflow/example_dags/example_skip_dag.py took 0.130 seconds
[2023-05-01T17:41:33.367+0000] {processor.py:153} INFO - Started process (PID=44) to work on /home/airflow/.local/lib/python3.7/site-packages/airflow/example_dags/example_skip_dag.py
[2023-05-01T17:41:33.371+0000] {processor.py:743} INFO - Processing file /home/airflow/.local/lib/python3.7/site-packages/airflow/example_dags/example_skip_dag.py for tasks to queue
[2023-05-01T17:41:33.373+0000] {logging_mixin.py:137} INFO - [2023-05-01T17:41:33.373+0000] {dagbag.py:532} INFO - Filling up the DagBag from /home/airflow/.local/lib/python3.7/site-packages/airflow/example_dags/example_skip_dag.py
[2023-05-01T17:41:33.412+0000] {processor.py:753} INFO - DAG(s) dict_keys(['example_skip_dag']) retrieved from /home/airflow/.local/lib/python3.7/site-packages/airflow/example_dags/example_skip_dag.py
[2023-05-01T17:41:33.456+0000] {logging_mixin.py:137} INFO - [2023-05-01T17:41:33.455+0000] {dag.py:2705} INFO - Sync 1 DAGs
[2023-05-01T17:41:33.479+0000] {logging_mixin.py:137} INFO - [2023-05-01T17:41:33.479+0000] {dag.py:3456} INFO - Setting next_dagrun for example_skip_dag to 2023-04-30T17:41:33.479127+00:00, run_after=2023-05-01T17:41:33.479127+00:00
[2023-05-01T17:41:33.506+0000] {processor.py:175} INFO - Processing /home/airflow/.local/lib/python3.7/site-packages/airflow/example_dags/example_skip_dag.py took 0.142 seconds
[2023-05-01T17:43:02.879+0000] {processor.py:153} INFO - Started process (PID=44) to work on /home/airflow/.local/lib/python3.7/site-packages/airflow/example_dags/example_skip_dag.py
[2023-05-01T17:43:02.879+0000] {processor.py:743} INFO - Processing file /home/airflow/.local/lib/python3.7/site-packages/airflow/example_dags/example_skip_dag.py for tasks to queue
[2023-05-01T17:43:02.880+0000] {logging_mixin.py:137} INFO - [2023-05-01T17:43:02.880+0000] {dagbag.py:532} INFO - Filling up the DagBag from /home/airflow/.local/lib/python3.7/site-packages/airflow/example_dags/example_skip_dag.py
[2023-05-01T17:43:02.958+0000] {processor.py:753} INFO - DAG(s) dict_keys(['example_skip_dag']) retrieved from /home/airflow/.local/lib/python3.7/site-packages/airflow/example_dags/example_skip_dag.py
[2023-05-01T17:43:03.120+0000] {logging_mixin.py:137} INFO - [2023-05-01T17:43:03.118+0000] {dag.py:2705} INFO - Sync 1 DAGs
[2023-05-01T17:43:03.238+0000] {logging_mixin.py:137} INFO - [2023-05-01T17:43:03.237+0000] {dag.py:3456} INFO - Setting next_dagrun for example_skip_dag to 2023-04-30T17:43:03.235575+00:00, run_after=2023-05-01T17:43:03.235575+00:00
[2023-05-01T17:43:03.612+0000] {processor.py:175} INFO - Processing /home/airflow/.local/lib/python3.7/site-packages/airflow/example_dags/example_skip_dag.py took 0.739 seconds
[2023-05-01T17:44:19.582+0000] {processor.py:153} INFO - Started process (PID=42) to work on /home/airflow/.local/lib/python3.7/site-packages/airflow/example_dags/example_skip_dag.py
[2023-05-01T17:44:19.582+0000] {processor.py:743} INFO - Processing file /home/airflow/.local/lib/python3.7/site-packages/airflow/example_dags/example_skip_dag.py for tasks to queue
[2023-05-01T17:44:19.583+0000] {logging_mixin.py:137} INFO - [2023-05-01T17:44:19.583+0000] {dagbag.py:532} INFO - Filling up the DagBag from /home/airflow/.local/lib/python3.7/site-packages/airflow/example_dags/example_skip_dag.py
[2023-05-01T17:44:19.611+0000] {processor.py:753} INFO - DAG(s) dict_keys(['example_skip_dag']) retrieved from /home/airflow/.local/lib/python3.7/site-packages/airflow/example_dags/example_skip_dag.py
[2023-05-01T17:44:19.649+0000] {logging_mixin.py:137} INFO - [2023-05-01T17:44:19.648+0000] {dag.py:2705} INFO - Sync 1 DAGs
[2023-05-01T17:44:19.669+0000] {logging_mixin.py:137} INFO - [2023-05-01T17:44:19.669+0000] {dag.py:3456} INFO - Setting next_dagrun for example_skip_dag to 2023-04-30T17:44:19.669123+00:00, run_after=2023-05-01T17:44:19.669123+00:00
[2023-05-01T17:44:19.694+0000] {processor.py:175} INFO - Processing /home/airflow/.local/lib/python3.7/site-packages/airflow/example_dags/example_skip_dag.py took 0.116 seconds
[2023-05-01T17:48:29.168+0000] {processor.py:153} INFO - Started process (PID=42) to work on /home/airflow/.local/lib/python3.7/site-packages/airflow/example_dags/example_skip_dag.py
[2023-05-01T17:48:29.168+0000] {processor.py:743} INFO - Processing file /home/airflow/.local/lib/python3.7/site-packages/airflow/example_dags/example_skip_dag.py for tasks to queue
[2023-05-01T17:48:29.169+0000] {logging_mixin.py:137} INFO - [2023-05-01T17:48:29.169+0000] {dagbag.py:532} INFO - Filling up the DagBag from /home/airflow/.local/lib/python3.7/site-packages/airflow/example_dags/example_skip_dag.py
[2023-05-01T17:48:29.224+0000] {processor.py:753} INFO - DAG(s) dict_keys(['example_skip_dag']) retrieved from /home/airflow/.local/lib/python3.7/site-packages/airflow/example_dags/example_skip_dag.py
[2023-05-01T17:48:29.286+0000] {logging_mixin.py:137} INFO - [2023-05-01T17:48:29.286+0000] {dag.py:2705} INFO - Sync 1 DAGs
[2023-05-01T17:48:29.345+0000] {logging_mixin.py:137} INFO - [2023-05-01T17:48:29.342+0000] {dag.py:3456} INFO - Setting next_dagrun for example_skip_dag to 2023-04-30T17:48:29.341237+00:00, run_after=2023-05-01T17:48:29.341237+00:00
[2023-05-01T17:48:29.468+0000] {processor.py:175} INFO - Processing /home/airflow/.local/lib/python3.7/site-packages/airflow/example_dags/example_skip_dag.py took 0.306 seconds
[2023-05-01T17:51:04.013+0000] {processor.py:153} INFO - Started process (PID=42) to work on /home/airflow/.local/lib/python3.7/site-packages/airflow/example_dags/example_skip_dag.py
[2023-05-01T17:51:04.018+0000] {processor.py:743} INFO - Processing file /home/airflow/.local/lib/python3.7/site-packages/airflow/example_dags/example_skip_dag.py for tasks to queue
[2023-05-01T17:51:04.018+0000] {logging_mixin.py:137} INFO - [2023-05-01T17:51:04.018+0000] {dagbag.py:532} INFO - Filling up the DagBag from /home/airflow/.local/lib/python3.7/site-packages/airflow/example_dags/example_skip_dag.py
[2023-05-01T17:51:04.039+0000] {processor.py:753} INFO - DAG(s) dict_keys(['example_skip_dag']) retrieved from /home/airflow/.local/lib/python3.7/site-packages/airflow/example_dags/example_skip_dag.py
[2023-05-01T17:51:04.104+0000] {logging_mixin.py:137} INFO - [2023-05-01T17:51:04.104+0000] {dag.py:2705} INFO - Sync 1 DAGs
[2023-05-01T17:51:04.160+0000] {logging_mixin.py:137} INFO - [2023-05-01T17:51:04.160+0000] {dag.py:3456} INFO - Setting next_dagrun for example_skip_dag to 2023-04-30T17:51:04.160009+00:00, run_after=2023-05-01T17:51:04.160009+00:00
[2023-05-01T17:51:04.190+0000] {processor.py:175} INFO - Processing /home/airflow/.local/lib/python3.7/site-packages/airflow/example_dags/example_skip_dag.py took 0.180 seconds
[2023-05-01T17:51:31.776+0000] {processor.py:153} INFO - Started process (PID=42) to work on /home/airflow/.local/lib/python3.7/site-packages/airflow/example_dags/example_skip_dag.py
[2023-05-01T17:51:31.777+0000] {processor.py:743} INFO - Processing file /home/airflow/.local/lib/python3.7/site-packages/airflow/example_dags/example_skip_dag.py for tasks to queue
[2023-05-01T17:51:31.778+0000] {logging_mixin.py:137} INFO - [2023-05-01T17:51:31.778+0000] {dagbag.py:532} INFO - Filling up the DagBag from /home/airflow/.local/lib/python3.7/site-packages/airflow/example_dags/example_skip_dag.py
[2023-05-01T17:51:31.890+0000] {processor.py:753} INFO - DAG(s) dict_keys(['example_skip_dag']) retrieved from /home/airflow/.local/lib/python3.7/site-packages/airflow/example_dags/example_skip_dag.py
[2023-05-01T17:51:31.996+0000] {logging_mixin.py:137} INFO - [2023-05-01T17:51:31.994+0000] {dag.py:2705} INFO - Sync 1 DAGs
[2023-05-01T17:51:32.467+0000] {logging_mixin.py:137} INFO - [2023-05-01T17:51:32.466+0000] {dag.py:3456} INFO - Setting next_dagrun for example_skip_dag to 2023-04-30T17:51:32.465871+00:00, run_after=2023-05-01T17:51:32.465871+00:00
[2023-05-01T17:51:34.391+0000] {processor.py:175} INFO - Processing /home/airflow/.local/lib/python3.7/site-packages/airflow/example_dags/example_skip_dag.py took 2.618 seconds
[2023-05-01T17:58:34.028+0000] {processor.py:153} INFO - Started process (PID=43) to work on /home/airflow/.local/lib/python3.7/site-packages/airflow/example_dags/example_skip_dag.py
[2023-05-01T17:58:34.030+0000] {processor.py:743} INFO - Processing file /home/airflow/.local/lib/python3.7/site-packages/airflow/example_dags/example_skip_dag.py for tasks to queue
[2023-05-01T17:58:34.031+0000] {logging_mixin.py:137} INFO - [2023-05-01T17:58:34.031+0000] {dagbag.py:532} INFO - Filling up the DagBag from /home/airflow/.local/lib/python3.7/site-packages/airflow/example_dags/example_skip_dag.py
[2023-05-01T17:58:34.056+0000] {processor.py:753} INFO - DAG(s) dict_keys(['example_skip_dag']) retrieved from /home/airflow/.local/lib/python3.7/site-packages/airflow/example_dags/example_skip_dag.py
[2023-05-01T17:58:34.083+0000] {logging_mixin.py:137} INFO - [2023-05-01T17:58:34.083+0000] {dag.py:2705} INFO - Sync 1 DAGs
[2023-05-01T17:58:34.101+0000] {logging_mixin.py:137} INFO - [2023-05-01T17:58:34.101+0000] {dag.py:3456} INFO - Setting next_dagrun for example_skip_dag to 2023-04-30T17:58:34.098675+00:00, run_after=2023-05-01T17:58:34.098675+00:00
[2023-05-01T17:58:34.118+0000] {processor.py:175} INFO - Processing /home/airflow/.local/lib/python3.7/site-packages/airflow/example_dags/example_skip_dag.py took 0.092 seconds
[2023-05-01T17:59:03.623+0000] {processor.py:153} INFO - Started process (PID=42) to work on /home/airflow/.local/lib/python3.7/site-packages/airflow/example_dags/example_skip_dag.py
[2023-05-01T17:59:03.626+0000] {processor.py:743} INFO - Processing file /home/airflow/.local/lib/python3.7/site-packages/airflow/example_dags/example_skip_dag.py for tasks to queue
[2023-05-01T17:59:03.627+0000] {logging_mixin.py:137} INFO - [2023-05-01T17:59:03.627+0000] {dagbag.py:532} INFO - Filling up the DagBag from /home/airflow/.local/lib/python3.7/site-packages/airflow/example_dags/example_skip_dag.py
[2023-05-01T17:59:03.669+0000] {processor.py:753} INFO - DAG(s) dict_keys(['example_skip_dag']) retrieved from /home/airflow/.local/lib/python3.7/site-packages/airflow/example_dags/example_skip_dag.py
[2023-05-01T17:59:03.742+0000] {logging_mixin.py:137} INFO - [2023-05-01T17:59:03.741+0000] {dag.py:2705} INFO - Sync 1 DAGs
[2023-05-01T17:59:03.793+0000] {logging_mixin.py:137} INFO - [2023-05-01T17:59:03.793+0000] {dag.py:3456} INFO - Setting next_dagrun for example_skip_dag to 2023-04-30T17:59:03.792468+00:00, run_after=2023-05-01T17:59:03.792468+00:00
[2023-05-01T17:59:03.913+0000] {processor.py:175} INFO - Processing /home/airflow/.local/lib/python3.7/site-packages/airflow/example_dags/example_skip_dag.py took 0.295 seconds
[2023-05-01T17:59:50.980+0000] {processor.py:153} INFO - Started process (PID=42) to work on /home/airflow/.local/lib/python3.7/site-packages/airflow/example_dags/example_skip_dag.py
[2023-05-01T17:59:50.986+0000] {processor.py:743} INFO - Processing file /home/airflow/.local/lib/python3.7/site-packages/airflow/example_dags/example_skip_dag.py for tasks to queue
[2023-05-01T17:59:50.992+0000] {logging_mixin.py:137} INFO - [2023-05-01T17:59:50.989+0000] {dagbag.py:532} INFO - Filling up the DagBag from /home/airflow/.local/lib/python3.7/site-packages/airflow/example_dags/example_skip_dag.py
[2023-05-01T17:59:55.163+0000] {processor.py:753} INFO - DAG(s) dict_keys(['example_skip_dag']) retrieved from /home/airflow/.local/lib/python3.7/site-packages/airflow/example_dags/example_skip_dag.py
[2023-05-01T17:59:56.329+0000] {logging_mixin.py:137} INFO - [2023-05-01T17:59:56.328+0000] {dag.py:2705} INFO - Sync 1 DAGs
[2023-05-01T18:01:21.821+0000] {processor.py:153} INFO - Started process (PID=42) to work on /home/airflow/.local/lib/python3.7/site-packages/airflow/example_dags/example_skip_dag.py
[2023-05-01T18:01:21.837+0000] {processor.py:743} INFO - Processing file /home/airflow/.local/lib/python3.7/site-packages/airflow/example_dags/example_skip_dag.py for tasks to queue
[2023-05-01T18:01:21.838+0000] {logging_mixin.py:137} INFO - [2023-05-01T18:01:21.838+0000] {dagbag.py:532} INFO - Filling up the DagBag from /home/airflow/.local/lib/python3.7/site-packages/airflow/example_dags/example_skip_dag.py
[2023-05-01T18:01:21.975+0000] {processor.py:753} INFO - DAG(s) dict_keys(['example_skip_dag']) retrieved from /home/airflow/.local/lib/python3.7/site-packages/airflow/example_dags/example_skip_dag.py
[2023-05-01T18:01:22.495+0000] {logging_mixin.py:137} INFO - [2023-05-01T18:01:22.493+0000] {dag.py:2705} INFO - Sync 1 DAGs
[2023-05-01T18:02:25.615+0000] {processor.py:153} INFO - Started process (PID=49) to work on /home/airflow/.local/lib/python3.7/site-packages/airflow/example_dags/example_skip_dag.py
[2023-05-01T18:02:25.616+0000] {processor.py:743} INFO - Processing file /home/airflow/.local/lib/python3.7/site-packages/airflow/example_dags/example_skip_dag.py for tasks to queue
[2023-05-01T18:02:25.622+0000] {logging_mixin.py:137} INFO - [2023-05-01T18:02:25.622+0000] {dagbag.py:532} INFO - Filling up the DagBag from /home/airflow/.local/lib/python3.7/site-packages/airflow/example_dags/example_skip_dag.py
[2023-05-01T18:02:25.648+0000] {processor.py:753} INFO - DAG(s) dict_keys(['example_skip_dag']) retrieved from /home/airflow/.local/lib/python3.7/site-packages/airflow/example_dags/example_skip_dag.py
[2023-05-01T18:02:25.679+0000] {logging_mixin.py:137} INFO - [2023-05-01T18:02:25.678+0000] {dag.py:2705} INFO - Sync 1 DAGs
[2023-05-01T18:02:25.707+0000] {logging_mixin.py:137} INFO - [2023-05-01T18:02:25.707+0000] {dag.py:3456} INFO - Setting next_dagrun for example_skip_dag to 2023-04-30T18:02:25.707158+00:00, run_after=2023-05-01T18:02:25.707158+00:00
[2023-05-01T18:02:25.727+0000] {processor.py:175} INFO - Processing /home/airflow/.local/lib/python3.7/site-packages/airflow/example_dags/example_skip_dag.py took 0.114 seconds
[2023-05-01T18:03:45.707+0000] {processor.py:153} INFO - Started process (PID=43) to work on /home/airflow/.local/lib/python3.7/site-packages/airflow/example_dags/example_skip_dag.py
[2023-05-01T18:03:45.709+0000] {processor.py:743} INFO - Processing file /home/airflow/.local/lib/python3.7/site-packages/airflow/example_dags/example_skip_dag.py for tasks to queue
[2023-05-01T18:03:45.714+0000] {logging_mixin.py:137} INFO - [2023-05-01T18:03:45.714+0000] {dagbag.py:532} INFO - Filling up the DagBag from /home/airflow/.local/lib/python3.7/site-packages/airflow/example_dags/example_skip_dag.py
[2023-05-01T18:03:45.762+0000] {processor.py:753} INFO - DAG(s) dict_keys(['example_skip_dag']) retrieved from /home/airflow/.local/lib/python3.7/site-packages/airflow/example_dags/example_skip_dag.py
[2023-05-01T18:03:47.576+0000] {processor.py:153} INFO - Started process (PID=56) to work on /home/airflow/.local/lib/python3.7/site-packages/airflow/example_dags/example_skip_dag.py
[2023-05-01T18:03:47.577+0000] {processor.py:743} INFO - Processing file /home/airflow/.local/lib/python3.7/site-packages/airflow/example_dags/example_skip_dag.py for tasks to queue
[2023-05-01T18:03:47.578+0000] {logging_mixin.py:137} INFO - [2023-05-01T18:03:47.578+0000] {dagbag.py:532} INFO - Filling up the DagBag from /home/airflow/.local/lib/python3.7/site-packages/airflow/example_dags/example_skip_dag.py
[2023-05-01T18:03:47.607+0000] {processor.py:753} INFO - DAG(s) dict_keys(['example_skip_dag']) retrieved from /home/airflow/.local/lib/python3.7/site-packages/airflow/example_dags/example_skip_dag.py
[2023-05-01T18:03:47.634+0000] {logging_mixin.py:137} INFO - [2023-05-01T18:03:47.634+0000] {dag.py:2705} INFO - Sync 1 DAGs
[2023-05-01T18:03:47.687+0000] {logging_mixin.py:137} INFO - [2023-05-01T18:03:47.687+0000] {dag.py:3456} INFO - Setting next_dagrun for example_skip_dag to 2023-04-30T18:03:47.687070+00:00, run_after=2023-05-01T18:03:47.687070+00:00
[2023-05-01T18:03:47.709+0000] {processor.py:175} INFO - Processing /home/airflow/.local/lib/python3.7/site-packages/airflow/example_dags/example_skip_dag.py took 0.138 seconds
[2023-05-01T18:06:03.657+0000] {processor.py:153} INFO - Started process (PID=42) to work on /home/airflow/.local/lib/python3.7/site-packages/airflow/example_dags/example_skip_dag.py
[2023-05-01T18:06:03.658+0000] {processor.py:743} INFO - Processing file /home/airflow/.local/lib/python3.7/site-packages/airflow/example_dags/example_skip_dag.py for tasks to queue
[2023-05-01T18:06:03.660+0000] {logging_mixin.py:137} INFO - [2023-05-01T18:06:03.660+0000] {dagbag.py:532} INFO - Filling up the DagBag from /home/airflow/.local/lib/python3.7/site-packages/airflow/example_dags/example_skip_dag.py
[2023-05-01T18:06:03.698+0000] {processor.py:753} INFO - DAG(s) dict_keys(['example_skip_dag']) retrieved from /home/airflow/.local/lib/python3.7/site-packages/airflow/example_dags/example_skip_dag.py
[2023-05-01T18:06:03.725+0000] {logging_mixin.py:137} INFO - [2023-05-01T18:06:03.725+0000] {dag.py:2705} INFO - Sync 1 DAGs
[2023-05-01T18:06:03.742+0000] {logging_mixin.py:137} INFO - [2023-05-01T18:06:03.742+0000] {dag.py:3456} INFO - Setting next_dagrun for example_skip_dag to 2023-04-30T18:06:03.742353+00:00, run_after=2023-05-01T18:06:03.742353+00:00
[2023-05-01T18:06:03.753+0000] {processor.py:175} INFO - Processing /home/airflow/.local/lib/python3.7/site-packages/airflow/example_dags/example_skip_dag.py took 0.099 seconds
[2023-05-01T18:08:27.766+0000] {processor.py:153} INFO - Started process (PID=49) to work on /home/airflow/.local/lib/python3.7/site-packages/airflow/example_dags/example_skip_dag.py
[2023-05-01T18:08:27.769+0000] {processor.py:743} INFO - Processing file /home/airflow/.local/lib/python3.7/site-packages/airflow/example_dags/example_skip_dag.py for tasks to queue
[2023-05-01T18:08:27.771+0000] {logging_mixin.py:137} INFO - [2023-05-01T18:08:27.771+0000] {dagbag.py:532} INFO - Filling up the DagBag from /home/airflow/.local/lib/python3.7/site-packages/airflow/example_dags/example_skip_dag.py
[2023-05-01T18:08:27.957+0000] {processor.py:753} INFO - DAG(s) dict_keys(['example_skip_dag']) retrieved from /home/airflow/.local/lib/python3.7/site-packages/airflow/example_dags/example_skip_dag.py
[2023-05-01T18:09:27.745+0000] {processor.py:153} INFO - Started process (PID=42) to work on /home/airflow/.local/lib/python3.7/site-packages/airflow/example_dags/example_skip_dag.py
[2023-05-01T18:09:27.748+0000] {processor.py:743} INFO - Processing file /home/airflow/.local/lib/python3.7/site-packages/airflow/example_dags/example_skip_dag.py for tasks to queue
[2023-05-01T18:09:27.750+0000] {logging_mixin.py:137} INFO - [2023-05-01T18:09:27.749+0000] {dagbag.py:532} INFO - Filling up the DagBag from /home/airflow/.local/lib/python3.7/site-packages/airflow/example_dags/example_skip_dag.py
[2023-05-01T18:09:27.782+0000] {processor.py:753} INFO - DAG(s) dict_keys(['example_skip_dag']) retrieved from /home/airflow/.local/lib/python3.7/site-packages/airflow/example_dags/example_skip_dag.py
[2023-05-01T18:09:27.887+0000] {logging_mixin.py:137} INFO - [2023-05-01T18:09:27.887+0000] {dag.py:2705} INFO - Sync 1 DAGs
[2023-05-01T18:09:27.981+0000] {logging_mixin.py:137} INFO - [2023-05-01T18:09:27.981+0000] {dag.py:3456} INFO - Setting next_dagrun for example_skip_dag to 2023-04-30T18:09:27.980582+00:00, run_after=2023-05-01T18:09:27.980582+00:00
[2023-05-01T18:09:28.111+0000] {processor.py:175} INFO - Processing /home/airflow/.local/lib/python3.7/site-packages/airflow/example_dags/example_skip_dag.py took 0.368 seconds
