[2023-05-01T11:41:53.974+0000] {processor.py:153} INFO - Started process (PID=53) to work on /home/airflow/.local/lib/python3.7/site-packages/airflow/example_dags/example_latest_only.py
[2023-05-01T11:41:54.004+0000] {processor.py:743} INFO - Processing file /home/airflow/.local/lib/python3.7/site-packages/airflow/example_dags/example_latest_only.py for tasks to queue
[2023-05-01T11:41:54.011+0000] {logging_mixin.py:137} INFO - [2023-05-01T11:41:54.010+0000] {dagbag.py:532} INFO - Filling up the DagBag from /home/airflow/.local/lib/python3.7/site-packages/airflow/example_dags/example_latest_only.py
[2023-05-01T11:41:54.079+0000] {processor.py:753} INFO - DAG(s) dict_keys(['latest_only']) retrieved from /home/airflow/.local/lib/python3.7/site-packages/airflow/example_dags/example_latest_only.py
[2023-05-01T11:41:54.161+0000] {logging_mixin.py:137} INFO - [2023-05-01T11:41:54.156+0000] {dag.py:2705} INFO - Sync 1 DAGs
[2023-05-01T11:41:54.227+0000] {logging_mixin.py:137} INFO - [2023-05-01T11:41:54.227+0000] {dag.py:3456} INFO - Setting next_dagrun for latest_only to 2023-05-01T07:41:54.226986+00:00, run_after=2023-05-01T11:41:54.226986+00:00
[2023-05-01T11:41:54.280+0000] {processor.py:175} INFO - Processing /home/airflow/.local/lib/python3.7/site-packages/airflow/example_dags/example_latest_only.py took 0.309 seconds
[2023-05-01T17:11:50.091+0000] {processor.py:153} INFO - Started process (PID=43) to work on /home/airflow/.local/lib/python3.7/site-packages/airflow/example_dags/example_latest_only.py
[2023-05-01T17:11:50.098+0000] {processor.py:743} INFO - Processing file /home/airflow/.local/lib/python3.7/site-packages/airflow/example_dags/example_latest_only.py for tasks to queue
[2023-05-01T17:11:50.100+0000] {logging_mixin.py:137} INFO - [2023-05-01T17:11:50.099+0000] {dagbag.py:532} INFO - Filling up the DagBag from /home/airflow/.local/lib/python3.7/site-packages/airflow/example_dags/example_latest_only.py
[2023-05-01T17:11:50.145+0000] {processor.py:753} INFO - DAG(s) dict_keys(['latest_only']) retrieved from /home/airflow/.local/lib/python3.7/site-packages/airflow/example_dags/example_latest_only.py
[2023-05-01T17:11:50.196+0000] {logging_mixin.py:137} INFO - [2023-05-01T17:11:50.196+0000] {dag.py:2705} INFO - Sync 1 DAGs
[2023-05-01T17:11:50.238+0000] {logging_mixin.py:137} INFO - [2023-05-01T17:11:50.238+0000] {dag.py:3456} INFO - Setting next_dagrun for latest_only to 2023-05-01T13:11:50.237877+00:00, run_after=2023-05-01T17:11:50.237877+00:00
[2023-05-01T17:11:50.263+0000] {processor.py:175} INFO - Processing /home/airflow/.local/lib/python3.7/site-packages/airflow/example_dags/example_latest_only.py took 0.183 seconds
[2023-05-01T17:13:11.194+0000] {processor.py:153} INFO - Started process (PID=43) to work on /home/airflow/.local/lib/python3.7/site-packages/airflow/example_dags/example_latest_only.py
[2023-05-01T17:13:11.194+0000] {processor.py:743} INFO - Processing file /home/airflow/.local/lib/python3.7/site-packages/airflow/example_dags/example_latest_only.py for tasks to queue
[2023-05-01T17:13:11.195+0000] {logging_mixin.py:137} INFO - [2023-05-01T17:13:11.195+0000] {dagbag.py:532} INFO - Filling up the DagBag from /home/airflow/.local/lib/python3.7/site-packages/airflow/example_dags/example_latest_only.py
[2023-05-01T17:13:11.221+0000] {processor.py:753} INFO - DAG(s) dict_keys(['latest_only']) retrieved from /home/airflow/.local/lib/python3.7/site-packages/airflow/example_dags/example_latest_only.py
[2023-05-01T17:13:11.257+0000] {logging_mixin.py:137} INFO - [2023-05-01T17:13:11.257+0000] {dag.py:2705} INFO - Sync 1 DAGs
[2023-05-01T17:13:11.295+0000] {logging_mixin.py:137} INFO - [2023-05-01T17:13:11.295+0000] {dag.py:3456} INFO - Setting next_dagrun for latest_only to 2023-05-01T13:13:11.295437+00:00, run_after=2023-05-01T17:13:11.295437+00:00
[2023-05-01T17:13:11.365+0000] {processor.py:175} INFO - Processing /home/airflow/.local/lib/python3.7/site-packages/airflow/example_dags/example_latest_only.py took 0.174 seconds
[2023-05-01T17:14:32.952+0000] {processor.py:153} INFO - Started process (PID=43) to work on /home/airflow/.local/lib/python3.7/site-packages/airflow/example_dags/example_latest_only.py
[2023-05-01T17:14:32.962+0000] {processor.py:743} INFO - Processing file /home/airflow/.local/lib/python3.7/site-packages/airflow/example_dags/example_latest_only.py for tasks to queue
[2023-05-01T17:14:32.962+0000] {logging_mixin.py:137} INFO - [2023-05-01T17:14:32.962+0000] {dagbag.py:532} INFO - Filling up the DagBag from /home/airflow/.local/lib/python3.7/site-packages/airflow/example_dags/example_latest_only.py
[2023-05-01T17:14:33.007+0000] {processor.py:753} INFO - DAG(s) dict_keys(['latest_only']) retrieved from /home/airflow/.local/lib/python3.7/site-packages/airflow/example_dags/example_latest_only.py
[2023-05-01T17:14:33.070+0000] {logging_mixin.py:137} INFO - [2023-05-01T17:14:33.070+0000] {dag.py:2705} INFO - Sync 1 DAGs
[2023-05-01T17:14:33.139+0000] {logging_mixin.py:137} INFO - [2023-05-01T17:14:33.136+0000] {dag.py:3456} INFO - Setting next_dagrun for latest_only to 2023-05-01T13:14:33.134202+00:00, run_after=2023-05-01T17:14:33.134202+00:00
[2023-05-01T17:14:33.230+0000] {processor.py:175} INFO - Processing /home/airflow/.local/lib/python3.7/site-packages/airflow/example_dags/example_latest_only.py took 0.280 seconds
[2023-05-01T17:15:38.444+0000] {processor.py:153} INFO - Started process (PID=43) to work on /home/airflow/.local/lib/python3.7/site-packages/airflow/example_dags/example_latest_only.py
[2023-05-01T17:15:38.446+0000] {processor.py:743} INFO - Processing file /home/airflow/.local/lib/python3.7/site-packages/airflow/example_dags/example_latest_only.py for tasks to queue
[2023-05-01T17:15:38.448+0000] {logging_mixin.py:137} INFO - [2023-05-01T17:15:38.447+0000] {dagbag.py:532} INFO - Filling up the DagBag from /home/airflow/.local/lib/python3.7/site-packages/airflow/example_dags/example_latest_only.py
[2023-05-01T17:15:38.479+0000] {processor.py:753} INFO - DAG(s) dict_keys(['latest_only']) retrieved from /home/airflow/.local/lib/python3.7/site-packages/airflow/example_dags/example_latest_only.py
[2023-05-01T17:15:38.522+0000] {logging_mixin.py:137} INFO - [2023-05-01T17:15:38.522+0000] {dag.py:2705} INFO - Sync 1 DAGs
[2023-05-01T17:15:38.582+0000] {logging_mixin.py:137} INFO - [2023-05-01T17:15:38.582+0000] {dag.py:3456} INFO - Setting next_dagrun for latest_only to 2023-05-01T13:15:38.582750+00:00, run_after=2023-05-01T17:15:38.582750+00:00
[2023-05-01T17:15:38.611+0000] {processor.py:175} INFO - Processing /home/airflow/.local/lib/python3.7/site-packages/airflow/example_dags/example_latest_only.py took 0.170 seconds
[2023-05-01T17:21:35.267+0000] {processor.py:153} INFO - Started process (PID=43) to work on /home/airflow/.local/lib/python3.7/site-packages/airflow/example_dags/example_latest_only.py
[2023-05-01T17:21:35.268+0000] {processor.py:743} INFO - Processing file /home/airflow/.local/lib/python3.7/site-packages/airflow/example_dags/example_latest_only.py for tasks to queue
[2023-05-01T17:21:35.269+0000] {logging_mixin.py:137} INFO - [2023-05-01T17:21:35.269+0000] {dagbag.py:532} INFO - Filling up the DagBag from /home/airflow/.local/lib/python3.7/site-packages/airflow/example_dags/example_latest_only.py
[2023-05-01T17:21:35.281+0000] {processor.py:753} INFO - DAG(s) dict_keys(['latest_only']) retrieved from /home/airflow/.local/lib/python3.7/site-packages/airflow/example_dags/example_latest_only.py
[2023-05-01T17:21:35.331+0000] {logging_mixin.py:137} INFO - [2023-05-01T17:21:35.330+0000] {dag.py:2705} INFO - Sync 1 DAGs
[2023-05-01T17:21:35.361+0000] {logging_mixin.py:137} INFO - [2023-05-01T17:21:35.361+0000] {dag.py:3456} INFO - Setting next_dagrun for latest_only to 2023-05-01T13:21:35.361581+00:00, run_after=2023-05-01T17:21:35.361581+00:00
[2023-05-01T17:21:35.398+0000] {processor.py:175} INFO - Processing /home/airflow/.local/lib/python3.7/site-packages/airflow/example_dags/example_latest_only.py took 0.133 seconds
[2023-05-01T17:23:56.948+0000] {processor.py:153} INFO - Started process (PID=49) to work on /home/airflow/.local/lib/python3.7/site-packages/airflow/example_dags/example_latest_only.py
[2023-05-01T17:23:56.949+0000] {processor.py:743} INFO - Processing file /home/airflow/.local/lib/python3.7/site-packages/airflow/example_dags/example_latest_only.py for tasks to queue
[2023-05-01T17:23:56.949+0000] {logging_mixin.py:137} INFO - [2023-05-01T17:23:56.949+0000] {dagbag.py:532} INFO - Filling up the DagBag from /home/airflow/.local/lib/python3.7/site-packages/airflow/example_dags/example_latest_only.py
[2023-05-01T17:23:56.990+0000] {processor.py:753} INFO - DAG(s) dict_keys(['latest_only']) retrieved from /home/airflow/.local/lib/python3.7/site-packages/airflow/example_dags/example_latest_only.py
[2023-05-01T17:23:57.024+0000] {logging_mixin.py:137} INFO - [2023-05-01T17:23:57.024+0000] {dag.py:2705} INFO - Sync 1 DAGs
[2023-05-01T17:23:57.047+0000] {logging_mixin.py:137} INFO - [2023-05-01T17:23:57.047+0000] {dag.py:3456} INFO - Setting next_dagrun for latest_only to 2023-05-01T13:23:57.047678+00:00, run_after=2023-05-01T17:23:57.047678+00:00
[2023-05-01T17:23:57.059+0000] {processor.py:175} INFO - Processing /home/airflow/.local/lib/python3.7/site-packages/airflow/example_dags/example_latest_only.py took 0.115 seconds
[2023-05-01T17:25:06.562+0000] {processor.py:153} INFO - Started process (PID=44) to work on /home/airflow/.local/lib/python3.7/site-packages/airflow/example_dags/example_latest_only.py
[2023-05-01T17:25:06.564+0000] {processor.py:743} INFO - Processing file /home/airflow/.local/lib/python3.7/site-packages/airflow/example_dags/example_latest_only.py for tasks to queue
[2023-05-01T17:25:06.565+0000] {logging_mixin.py:137} INFO - [2023-05-01T17:25:06.565+0000] {dagbag.py:532} INFO - Filling up the DagBag from /home/airflow/.local/lib/python3.7/site-packages/airflow/example_dags/example_latest_only.py
[2023-05-01T17:25:06.601+0000] {processor.py:753} INFO - DAG(s) dict_keys(['latest_only']) retrieved from /home/airflow/.local/lib/python3.7/site-packages/airflow/example_dags/example_latest_only.py
[2023-05-01T17:25:06.633+0000] {logging_mixin.py:137} INFO - [2023-05-01T17:25:06.633+0000] {dag.py:2705} INFO - Sync 1 DAGs
[2023-05-01T17:25:06.656+0000] {logging_mixin.py:137} INFO - [2023-05-01T17:25:06.655+0000] {dag.py:3456} INFO - Setting next_dagrun for latest_only to 2023-05-01T13:25:06.655866+00:00, run_after=2023-05-01T17:25:06.655866+00:00
[2023-05-01T17:25:06.695+0000] {processor.py:175} INFO - Processing /home/airflow/.local/lib/python3.7/site-packages/airflow/example_dags/example_latest_only.py took 0.136 seconds
[2023-05-01T17:33:03.959+0000] {processor.py:153} INFO - Started process (PID=50) to work on /home/airflow/.local/lib/python3.7/site-packages/airflow/example_dags/example_latest_only.py
[2023-05-01T17:33:03.960+0000] {processor.py:743} INFO - Processing file /home/airflow/.local/lib/python3.7/site-packages/airflow/example_dags/example_latest_only.py for tasks to queue
[2023-05-01T17:33:03.961+0000] {logging_mixin.py:137} INFO - [2023-05-01T17:33:03.961+0000] {dagbag.py:532} INFO - Filling up the DagBag from /home/airflow/.local/lib/python3.7/site-packages/airflow/example_dags/example_latest_only.py
[2023-05-01T17:33:04.045+0000] {processor.py:753} INFO - DAG(s) dict_keys(['latest_only']) retrieved from /home/airflow/.local/lib/python3.7/site-packages/airflow/example_dags/example_latest_only.py
[2023-05-01T17:33:04.111+0000] {logging_mixin.py:137} INFO - [2023-05-01T17:33:04.111+0000] {dag.py:2705} INFO - Sync 1 DAGs
[2023-05-01T17:33:04.258+0000] {logging_mixin.py:137} INFO - [2023-05-01T17:33:04.258+0000] {dag.py:3456} INFO - Setting next_dagrun for latest_only to 2023-05-01T13:33:04.257944+00:00, run_after=2023-05-01T17:33:04.257944+00:00
[2023-05-01T17:33:04.375+0000] {processor.py:175} INFO - Processing /home/airflow/.local/lib/python3.7/site-packages/airflow/example_dags/example_latest_only.py took 0.453 seconds
[2023-05-01T17:36:14.302+0000] {processor.py:153} INFO - Started process (PID=43) to work on /home/airflow/.local/lib/python3.7/site-packages/airflow/example_dags/example_latest_only.py
[2023-05-01T17:36:14.303+0000] {processor.py:743} INFO - Processing file /home/airflow/.local/lib/python3.7/site-packages/airflow/example_dags/example_latest_only.py for tasks to queue
[2023-05-01T17:36:14.305+0000] {logging_mixin.py:137} INFO - [2023-05-01T17:36:14.305+0000] {dagbag.py:532} INFO - Filling up the DagBag from /home/airflow/.local/lib/python3.7/site-packages/airflow/example_dags/example_latest_only.py
[2023-05-01T17:36:14.362+0000] {processor.py:753} INFO - DAG(s) dict_keys(['latest_only']) retrieved from /home/airflow/.local/lib/python3.7/site-packages/airflow/example_dags/example_latest_only.py
[2023-05-01T17:36:14.526+0000] {logging_mixin.py:137} INFO - [2023-05-01T17:36:14.525+0000] {dag.py:2705} INFO - Sync 1 DAGs
[2023-05-01T17:36:14.608+0000] {logging_mixin.py:137} INFO - [2023-05-01T17:36:14.605+0000] {dag.py:3456} INFO - Setting next_dagrun for latest_only to 2023-05-01T13:36:14.604487+00:00, run_after=2023-05-01T17:36:14.604487+00:00
[2023-05-01T17:36:54.728+0000] {processor.py:153} INFO - Started process (PID=43) to work on /home/airflow/.local/lib/python3.7/site-packages/airflow/example_dags/example_latest_only.py
[2023-05-01T17:36:54.742+0000] {processor.py:743} INFO - Processing file /home/airflow/.local/lib/python3.7/site-packages/airflow/example_dags/example_latest_only.py for tasks to queue
[2023-05-01T17:36:54.742+0000] {logging_mixin.py:137} INFO - [2023-05-01T17:36:54.742+0000] {dagbag.py:532} INFO - Filling up the DagBag from /home/airflow/.local/lib/python3.7/site-packages/airflow/example_dags/example_latest_only.py
[2023-05-01T17:36:54.866+0000] {processor.py:753} INFO - DAG(s) dict_keys(['latest_only']) retrieved from /home/airflow/.local/lib/python3.7/site-packages/airflow/example_dags/example_latest_only.py
[2023-05-01T17:36:55.783+0000] {logging_mixin.py:137} INFO - [2023-05-01T17:36:55.770+0000] {dag.py:2705} INFO - Sync 1 DAGs
[2023-05-01T17:36:55.896+0000] {logging_mixin.py:137} INFO - [2023-05-01T17:36:55.880+0000] {dag.py:3456} INFO - Setting next_dagrun for latest_only to 2023-05-01T13:36:55.879349+00:00, run_after=2023-05-01T17:36:55.879349+00:00
[2023-05-01T17:36:55.989+0000] {processor.py:175} INFO - Processing /home/airflow/.local/lib/python3.7/site-packages/airflow/example_dags/example_latest_only.py took 1.265 seconds
[2023-05-01T17:37:49.478+0000] {processor.py:153} INFO - Started process (PID=44) to work on /home/airflow/.local/lib/python3.7/site-packages/airflow/example_dags/example_latest_only.py
[2023-05-01T17:37:49.486+0000] {processor.py:743} INFO - Processing file /home/airflow/.local/lib/python3.7/site-packages/airflow/example_dags/example_latest_only.py for tasks to queue
[2023-05-01T17:37:49.493+0000] {logging_mixin.py:137} INFO - [2023-05-01T17:37:49.488+0000] {dagbag.py:532} INFO - Filling up the DagBag from /home/airflow/.local/lib/python3.7/site-packages/airflow/example_dags/example_latest_only.py
[2023-05-01T17:37:50.075+0000] {processor.py:753} INFO - DAG(s) dict_keys(['latest_only']) retrieved from /home/airflow/.local/lib/python3.7/site-packages/airflow/example_dags/example_latest_only.py
[2023-05-01T17:37:50.209+0000] {logging_mixin.py:137} INFO - [2023-05-01T17:37:50.202+0000] {dag.py:2705} INFO - Sync 1 DAGs
[2023-05-01T17:37:50.311+0000] {logging_mixin.py:137} INFO - [2023-05-01T17:37:50.311+0000] {dag.py:3456} INFO - Setting next_dagrun for latest_only to 2023-05-01T13:37:50.307446+00:00, run_after=2023-05-01T17:37:50.307446+00:00
[2023-05-01T17:37:50.399+0000] {processor.py:175} INFO - Processing /home/airflow/.local/lib/python3.7/site-packages/airflow/example_dags/example_latest_only.py took 0.946 seconds
[2023-05-01T17:38:15.144+0000] {processor.py:153} INFO - Started process (PID=44) to work on /home/airflow/.local/lib/python3.7/site-packages/airflow/example_dags/example_latest_only.py
[2023-05-01T17:38:15.145+0000] {processor.py:743} INFO - Processing file /home/airflow/.local/lib/python3.7/site-packages/airflow/example_dags/example_latest_only.py for tasks to queue
[2023-05-01T17:38:15.148+0000] {logging_mixin.py:137} INFO - [2023-05-01T17:38:15.147+0000] {dagbag.py:532} INFO - Filling up the DagBag from /home/airflow/.local/lib/python3.7/site-packages/airflow/example_dags/example_latest_only.py
[2023-05-01T17:38:15.176+0000] {processor.py:753} INFO - DAG(s) dict_keys(['latest_only']) retrieved from /home/airflow/.local/lib/python3.7/site-packages/airflow/example_dags/example_latest_only.py
[2023-05-01T17:38:15.195+0000] {logging_mixin.py:137} INFO - [2023-05-01T17:38:15.195+0000] {dag.py:2705} INFO - Sync 1 DAGs
[2023-05-01T17:38:15.214+0000] {logging_mixin.py:137} INFO - [2023-05-01T17:38:15.214+0000] {dag.py:3456} INFO - Setting next_dagrun for latest_only to 2023-05-01T13:38:15.214115+00:00, run_after=2023-05-01T17:38:15.214115+00:00
[2023-05-01T17:38:15.259+0000] {processor.py:175} INFO - Processing /home/airflow/.local/lib/python3.7/site-packages/airflow/example_dags/example_latest_only.py took 0.118 seconds
[2023-05-01T17:41:33.480+0000] {processor.py:153} INFO - Started process (PID=45) to work on /home/airflow/.local/lib/python3.7/site-packages/airflow/example_dags/example_latest_only.py
[2023-05-01T17:41:33.481+0000] {processor.py:743} INFO - Processing file /home/airflow/.local/lib/python3.7/site-packages/airflow/example_dags/example_latest_only.py for tasks to queue
[2023-05-01T17:41:33.482+0000] {logging_mixin.py:137} INFO - [2023-05-01T17:41:33.482+0000] {dagbag.py:532} INFO - Filling up the DagBag from /home/airflow/.local/lib/python3.7/site-packages/airflow/example_dags/example_latest_only.py
[2023-05-01T17:41:33.513+0000] {processor.py:753} INFO - DAG(s) dict_keys(['latest_only']) retrieved from /home/airflow/.local/lib/python3.7/site-packages/airflow/example_dags/example_latest_only.py
[2023-05-01T17:41:33.545+0000] {logging_mixin.py:137} INFO - [2023-05-01T17:41:33.545+0000] {dag.py:2705} INFO - Sync 1 DAGs
[2023-05-01T17:41:33.587+0000] {logging_mixin.py:137} INFO - [2023-05-01T17:41:33.587+0000] {dag.py:3456} INFO - Setting next_dagrun for latest_only to 2023-05-01T13:41:33.587236+00:00, run_after=2023-05-01T17:41:33.587236+00:00
[2023-05-01T17:41:33.643+0000] {processor.py:175} INFO - Processing /home/airflow/.local/lib/python3.7/site-packages/airflow/example_dags/example_latest_only.py took 0.168 seconds
[2023-05-01T17:43:02.914+0000] {processor.py:153} INFO - Started process (PID=45) to work on /home/airflow/.local/lib/python3.7/site-packages/airflow/example_dags/example_latest_only.py
[2023-05-01T17:43:02.919+0000] {processor.py:743} INFO - Processing file /home/airflow/.local/lib/python3.7/site-packages/airflow/example_dags/example_latest_only.py for tasks to queue
[2023-05-01T17:43:02.922+0000] {logging_mixin.py:137} INFO - [2023-05-01T17:43:02.922+0000] {dagbag.py:532} INFO - Filling up the DagBag from /home/airflow/.local/lib/python3.7/site-packages/airflow/example_dags/example_latest_only.py
[2023-05-01T17:43:02.958+0000] {processor.py:753} INFO - DAG(s) dict_keys(['latest_only']) retrieved from /home/airflow/.local/lib/python3.7/site-packages/airflow/example_dags/example_latest_only.py
[2023-05-01T17:43:03.122+0000] {logging_mixin.py:137} INFO - [2023-05-01T17:43:03.122+0000] {dag.py:2705} INFO - Sync 1 DAGs
[2023-05-01T17:43:03.238+0000] {logging_mixin.py:137} INFO - [2023-05-01T17:43:03.237+0000] {dag.py:3456} INFO - Setting next_dagrun for latest_only to 2023-05-01T13:43:03.235712+00:00, run_after=2023-05-01T17:43:03.235712+00:00
[2023-05-01T17:43:03.612+0000] {processor.py:175} INFO - Processing /home/airflow/.local/lib/python3.7/site-packages/airflow/example_dags/example_latest_only.py took 0.700 seconds
[2023-05-01T17:44:19.720+0000] {processor.py:153} INFO - Started process (PID=43) to work on /home/airflow/.local/lib/python3.7/site-packages/airflow/example_dags/example_latest_only.py
[2023-05-01T17:44:19.721+0000] {processor.py:743} INFO - Processing file /home/airflow/.local/lib/python3.7/site-packages/airflow/example_dags/example_latest_only.py for tasks to queue
[2023-05-01T17:44:19.724+0000] {logging_mixin.py:137} INFO - [2023-05-01T17:44:19.723+0000] {dagbag.py:532} INFO - Filling up the DagBag from /home/airflow/.local/lib/python3.7/site-packages/airflow/example_dags/example_latest_only.py
[2023-05-01T17:44:19.739+0000] {processor.py:753} INFO - DAG(s) dict_keys(['latest_only']) retrieved from /home/airflow/.local/lib/python3.7/site-packages/airflow/example_dags/example_latest_only.py
[2023-05-01T17:44:19.783+0000] {logging_mixin.py:137} INFO - [2023-05-01T17:44:19.783+0000] {dag.py:2705} INFO - Sync 1 DAGs
[2023-05-01T17:44:19.924+0000] {logging_mixin.py:137} INFO - [2023-05-01T17:44:19.922+0000] {dag.py:3456} INFO - Setting next_dagrun for latest_only to 2023-05-01T13:44:19.911570+00:00, run_after=2023-05-01T17:44:19.911570+00:00
[2023-05-01T17:44:20.043+0000] {processor.py:175} INFO - Processing /home/airflow/.local/lib/python3.7/site-packages/airflow/example_dags/example_latest_only.py took 0.331 seconds
[2023-05-01T17:48:29.174+0000] {processor.py:153} INFO - Started process (PID=43) to work on /home/airflow/.local/lib/python3.7/site-packages/airflow/example_dags/example_latest_only.py
[2023-05-01T17:48:29.175+0000] {processor.py:743} INFO - Processing file /home/airflow/.local/lib/python3.7/site-packages/airflow/example_dags/example_latest_only.py for tasks to queue
[2023-05-01T17:48:29.177+0000] {logging_mixin.py:137} INFO - [2023-05-01T17:48:29.177+0000] {dagbag.py:532} INFO - Filling up the DagBag from /home/airflow/.local/lib/python3.7/site-packages/airflow/example_dags/example_latest_only.py
[2023-05-01T17:48:29.220+0000] {processor.py:753} INFO - DAG(s) dict_keys(['latest_only']) retrieved from /home/airflow/.local/lib/python3.7/site-packages/airflow/example_dags/example_latest_only.py
[2023-05-01T17:48:29.298+0000] {logging_mixin.py:137} INFO - [2023-05-01T17:48:29.298+0000] {dag.py:2705} INFO - Sync 1 DAGs
[2023-05-01T17:48:29.352+0000] {logging_mixin.py:137} INFO - [2023-05-01T17:48:29.352+0000] {dag.py:3456} INFO - Setting next_dagrun for latest_only to 2023-05-01T13:48:29.351722+00:00, run_after=2023-05-01T17:48:29.351722+00:00
[2023-05-01T17:48:29.497+0000] {processor.py:175} INFO - Processing /home/airflow/.local/lib/python3.7/site-packages/airflow/example_dags/example_latest_only.py took 0.327 seconds
[2023-05-01T17:51:04.244+0000] {processor.py:153} INFO - Started process (PID=43) to work on /home/airflow/.local/lib/python3.7/site-packages/airflow/example_dags/example_latest_only.py
[2023-05-01T17:51:04.252+0000] {processor.py:743} INFO - Processing file /home/airflow/.local/lib/python3.7/site-packages/airflow/example_dags/example_latest_only.py for tasks to queue
[2023-05-01T17:51:04.252+0000] {logging_mixin.py:137} INFO - [2023-05-01T17:51:04.252+0000] {dagbag.py:532} INFO - Filling up the DagBag from /home/airflow/.local/lib/python3.7/site-packages/airflow/example_dags/example_latest_only.py
[2023-05-01T17:51:04.287+0000] {processor.py:753} INFO - DAG(s) dict_keys(['latest_only']) retrieved from /home/airflow/.local/lib/python3.7/site-packages/airflow/example_dags/example_latest_only.py
[2023-05-01T17:51:04.336+0000] {logging_mixin.py:137} INFO - [2023-05-01T17:51:04.336+0000] {dag.py:2705} INFO - Sync 1 DAGs
[2023-05-01T17:51:04.380+0000] {logging_mixin.py:137} INFO - [2023-05-01T17:51:04.379+0000] {dag.py:3456} INFO - Setting next_dagrun for latest_only to 2023-05-01T13:51:04.379729+00:00, run_after=2023-05-01T17:51:04.379729+00:00
[2023-05-01T17:51:04.442+0000] {processor.py:175} INFO - Processing /home/airflow/.local/lib/python3.7/site-packages/airflow/example_dags/example_latest_only.py took 0.200 seconds
[2023-05-01T17:51:34.442+0000] {processor.py:153} INFO - Started process (PID=43) to work on /home/airflow/.local/lib/python3.7/site-packages/airflow/example_dags/example_latest_only.py
[2023-05-01T17:51:34.450+0000] {processor.py:743} INFO - Processing file /home/airflow/.local/lib/python3.7/site-packages/airflow/example_dags/example_latest_only.py for tasks to queue
[2023-05-01T17:51:34.453+0000] {logging_mixin.py:137} INFO - [2023-05-01T17:51:34.453+0000] {dagbag.py:532} INFO - Filling up the DagBag from /home/airflow/.local/lib/python3.7/site-packages/airflow/example_dags/example_latest_only.py
[2023-05-01T17:51:34.565+0000] {processor.py:753} INFO - DAG(s) dict_keys(['latest_only']) retrieved from /home/airflow/.local/lib/python3.7/site-packages/airflow/example_dags/example_latest_only.py
[2023-05-01T17:51:34.832+0000] {logging_mixin.py:137} INFO - [2023-05-01T17:51:34.829+0000] {dag.py:2705} INFO - Sync 1 DAGs
[2023-05-01T17:58:34.140+0000] {processor.py:153} INFO - Started process (PID=44) to work on /home/airflow/.local/lib/python3.7/site-packages/airflow/example_dags/example_latest_only.py
[2023-05-01T17:58:34.145+0000] {processor.py:743} INFO - Processing file /home/airflow/.local/lib/python3.7/site-packages/airflow/example_dags/example_latest_only.py for tasks to queue
[2023-05-01T17:58:34.145+0000] {logging_mixin.py:137} INFO - [2023-05-01T17:58:34.145+0000] {dagbag.py:532} INFO - Filling up the DagBag from /home/airflow/.local/lib/python3.7/site-packages/airflow/example_dags/example_latest_only.py
[2023-05-01T17:58:34.177+0000] {processor.py:753} INFO - DAG(s) dict_keys(['latest_only']) retrieved from /home/airflow/.local/lib/python3.7/site-packages/airflow/example_dags/example_latest_only.py
[2023-05-01T17:58:34.244+0000] {logging_mixin.py:137} INFO - [2023-05-01T17:58:34.243+0000] {dag.py:2705} INFO - Sync 1 DAGs
[2023-05-01T17:58:34.287+0000] {logging_mixin.py:137} INFO - [2023-05-01T17:58:34.287+0000] {dag.py:3456} INFO - Setting next_dagrun for latest_only to 2023-05-01T13:58:34.287107+00:00, run_after=2023-05-01T17:58:34.287107+00:00
[2023-05-01T17:58:34.332+0000] {processor.py:175} INFO - Processing /home/airflow/.local/lib/python3.7/site-packages/airflow/example_dags/example_latest_only.py took 0.196 seconds
[2023-05-01T17:59:03.961+0000] {processor.py:153} INFO - Started process (PID=43) to work on /home/airflow/.local/lib/python3.7/site-packages/airflow/example_dags/example_latest_only.py
[2023-05-01T17:59:03.968+0000] {processor.py:743} INFO - Processing file /home/airflow/.local/lib/python3.7/site-packages/airflow/example_dags/example_latest_only.py for tasks to queue
[2023-05-01T17:59:03.969+0000] {logging_mixin.py:137} INFO - [2023-05-01T17:59:03.968+0000] {dagbag.py:532} INFO - Filling up the DagBag from /home/airflow/.local/lib/python3.7/site-packages/airflow/example_dags/example_latest_only.py
[2023-05-01T17:59:04.066+0000] {processor.py:753} INFO - DAG(s) dict_keys(['latest_only']) retrieved from /home/airflow/.local/lib/python3.7/site-packages/airflow/example_dags/example_latest_only.py
[2023-05-01T17:59:04.174+0000] {logging_mixin.py:137} INFO - [2023-05-01T17:59:04.173+0000] {dag.py:2705} INFO - Sync 1 DAGs
[2023-05-01T17:59:04.239+0000] {logging_mixin.py:137} INFO - [2023-05-01T17:59:04.239+0000] {dag.py:3456} INFO - Setting next_dagrun for latest_only to 2023-05-01T13:59:04.229549+00:00, run_after=2023-05-01T17:59:04.229549+00:00
[2023-05-01T17:59:04.295+0000] {processor.py:175} INFO - Processing /home/airflow/.local/lib/python3.7/site-packages/airflow/example_dags/example_latest_only.py took 0.346 seconds
[2023-05-01T17:59:56.758+0000] {processor.py:153} INFO - Started process (PID=43) to work on /home/airflow/.local/lib/python3.7/site-packages/airflow/example_dags/example_latest_only.py
[2023-05-01T17:59:56.827+0000] {processor.py:743} INFO - Processing file /home/airflow/.local/lib/python3.7/site-packages/airflow/example_dags/example_latest_only.py for tasks to queue
[2023-05-01T17:59:57.063+0000] {logging_mixin.py:137} INFO - [2023-05-01T17:59:56.901+0000] {dagbag.py:532} INFO - Filling up the DagBag from /home/airflow/.local/lib/python3.7/site-packages/airflow/example_dags/example_latest_only.py
[2023-05-01T18:02:25.640+0000] {processor.py:153} INFO - Started process (PID=50) to work on /home/airflow/.local/lib/python3.7/site-packages/airflow/example_dags/example_latest_only.py
[2023-05-01T18:02:25.641+0000] {processor.py:743} INFO - Processing file /home/airflow/.local/lib/python3.7/site-packages/airflow/example_dags/example_latest_only.py for tasks to queue
[2023-05-01T18:02:25.641+0000] {logging_mixin.py:137} INFO - [2023-05-01T18:02:25.641+0000] {dagbag.py:532} INFO - Filling up the DagBag from /home/airflow/.local/lib/python3.7/site-packages/airflow/example_dags/example_latest_only.py
[2023-05-01T18:02:25.653+0000] {processor.py:753} INFO - DAG(s) dict_keys(['latest_only']) retrieved from /home/airflow/.local/lib/python3.7/site-packages/airflow/example_dags/example_latest_only.py
[2023-05-01T18:02:25.681+0000] {logging_mixin.py:137} INFO - [2023-05-01T18:02:25.681+0000] {dag.py:2705} INFO - Sync 1 DAGs
[2023-05-01T18:02:25.709+0000] {logging_mixin.py:137} INFO - [2023-05-01T18:02:25.709+0000] {dag.py:3456} INFO - Setting next_dagrun for latest_only to 2023-05-01T14:02:25.709055+00:00, run_after=2023-05-01T18:02:25.709055+00:00
[2023-05-01T18:02:25.735+0000] {processor.py:175} INFO - Processing /home/airflow/.local/lib/python3.7/site-packages/airflow/example_dags/example_latest_only.py took 0.097 seconds
[2023-05-01T18:03:45.859+0000] {processor.py:153} INFO - Started process (PID=44) to work on /home/airflow/.local/lib/python3.7/site-packages/airflow/example_dags/example_latest_only.py
[2023-05-01T18:03:45.875+0000] {processor.py:743} INFO - Processing file /home/airflow/.local/lib/python3.7/site-packages/airflow/example_dags/example_latest_only.py for tasks to queue
[2023-05-01T18:03:45.878+0000] {logging_mixin.py:137} INFO - [2023-05-01T18:03:45.878+0000] {dagbag.py:532} INFO - Filling up the DagBag from /home/airflow/.local/lib/python3.7/site-packages/airflow/example_dags/example_latest_only.py
[2023-05-01T18:03:45.954+0000] {processor.py:753} INFO - DAG(s) dict_keys(['latest_only']) retrieved from /home/airflow/.local/lib/python3.7/site-packages/airflow/example_dags/example_latest_only.py
[2023-05-01T18:03:46.111+0000] {logging_mixin.py:137} INFO - [2023-05-01T18:03:46.110+0000] {dag.py:2705} INFO - Sync 1 DAGs
[2023-05-01T18:03:46.160+0000] {logging_mixin.py:137} INFO - [2023-05-01T18:03:46.159+0000] {dag.py:3456} INFO - Setting next_dagrun for latest_only to 2023-05-01T14:03:46.157651+00:00, run_after=2023-05-01T18:03:46.157651+00:00
[2023-05-01T18:03:47.604+0000] {processor.py:153} INFO - Started process (PID=57) to work on /home/airflow/.local/lib/python3.7/site-packages/airflow/example_dags/example_latest_only.py
[2023-05-01T18:03:47.608+0000] {processor.py:743} INFO - Processing file /home/airflow/.local/lib/python3.7/site-packages/airflow/example_dags/example_latest_only.py for tasks to queue
[2023-05-01T18:03:47.609+0000] {logging_mixin.py:137} INFO - [2023-05-01T18:03:47.609+0000] {dagbag.py:532} INFO - Filling up the DagBag from /home/airflow/.local/lib/python3.7/site-packages/airflow/example_dags/example_latest_only.py
[2023-05-01T18:03:47.637+0000] {processor.py:753} INFO - DAG(s) dict_keys(['latest_only']) retrieved from /home/airflow/.local/lib/python3.7/site-packages/airflow/example_dags/example_latest_only.py
[2023-05-01T18:03:47.659+0000] {logging_mixin.py:137} INFO - [2023-05-01T18:03:47.659+0000] {dag.py:2705} INFO - Sync 1 DAGs
[2023-05-01T18:03:47.673+0000] {logging_mixin.py:137} INFO - [2023-05-01T18:03:47.673+0000] {dag.py:3456} INFO - Setting next_dagrun for latest_only to 2023-05-01T14:03:47.673330+00:00, run_after=2023-05-01T18:03:47.673330+00:00
[2023-05-01T18:03:47.684+0000] {processor.py:175} INFO - Processing /home/airflow/.local/lib/python3.7/site-packages/airflow/example_dags/example_latest_only.py took 0.083 seconds
[2023-05-01T18:06:03.783+0000] {processor.py:153} INFO - Started process (PID=43) to work on /home/airflow/.local/lib/python3.7/site-packages/airflow/example_dags/example_latest_only.py
[2023-05-01T18:06:03.785+0000] {processor.py:743} INFO - Processing file /home/airflow/.local/lib/python3.7/site-packages/airflow/example_dags/example_latest_only.py for tasks to queue
[2023-05-01T18:06:03.786+0000] {logging_mixin.py:137} INFO - [2023-05-01T18:06:03.786+0000] {dagbag.py:532} INFO - Filling up the DagBag from /home/airflow/.local/lib/python3.7/site-packages/airflow/example_dags/example_latest_only.py
[2023-05-01T18:06:03.818+0000] {processor.py:753} INFO - DAG(s) dict_keys(['latest_only']) retrieved from /home/airflow/.local/lib/python3.7/site-packages/airflow/example_dags/example_latest_only.py
[2023-05-01T18:06:03.843+0000] {logging_mixin.py:137} INFO - [2023-05-01T18:06:03.843+0000] {dag.py:2705} INFO - Sync 1 DAGs
[2023-05-01T18:06:03.874+0000] {logging_mixin.py:137} INFO - [2023-05-01T18:06:03.874+0000] {dag.py:3456} INFO - Setting next_dagrun for latest_only to 2023-05-01T14:06:03.872589+00:00, run_after=2023-05-01T18:06:03.872589+00:00
[2023-05-01T18:06:03.902+0000] {processor.py:175} INFO - Processing /home/airflow/.local/lib/python3.7/site-packages/airflow/example_dags/example_latest_only.py took 0.121 seconds
[2023-05-01T18:09:28.194+0000] {processor.py:153} INFO - Started process (PID=43) to work on /home/airflow/.local/lib/python3.7/site-packages/airflow/example_dags/example_latest_only.py
[2023-05-01T18:09:28.198+0000] {processor.py:743} INFO - Processing file /home/airflow/.local/lib/python3.7/site-packages/airflow/example_dags/example_latest_only.py for tasks to queue
[2023-05-01T18:09:28.201+0000] {logging_mixin.py:137} INFO - [2023-05-01T18:09:28.201+0000] {dagbag.py:532} INFO - Filling up the DagBag from /home/airflow/.local/lib/python3.7/site-packages/airflow/example_dags/example_latest_only.py
[2023-05-01T18:09:28.269+0000] {processor.py:753} INFO - DAG(s) dict_keys(['latest_only']) retrieved from /home/airflow/.local/lib/python3.7/site-packages/airflow/example_dags/example_latest_only.py
[2023-05-01T18:09:28.324+0000] {logging_mixin.py:137} INFO - [2023-05-01T18:09:28.324+0000] {dag.py:2705} INFO - Sync 1 DAGs
[2023-05-01T18:09:28.389+0000] {logging_mixin.py:137} INFO - [2023-05-01T18:09:28.389+0000] {dag.py:3456} INFO - Setting next_dagrun for latest_only to 2023-05-01T14:09:28.388897+00:00, run_after=2023-05-01T18:09:28.388897+00:00
[2023-05-01T18:09:28.449+0000] {processor.py:175} INFO - Processing /home/airflow/.local/lib/python3.7/site-packages/airflow/example_dags/example_latest_only.py took 0.273 seconds
