[2023-05-01T17:12:00.972+0000] {processor.py:153} INFO - Started process (PID=68) to work on /home/airflow/.local/lib/python3.7/site-packages/airflow/example_dags/example_dag_decorator.py
[2023-05-01T17:12:00.978+0000] {processor.py:743} INFO - Processing file /home/airflow/.local/lib/python3.7/site-packages/airflow/example_dags/example_dag_decorator.py for tasks to queue
[2023-05-01T17:12:00.979+0000] {logging_mixin.py:137} INFO - [2023-05-01T17:12:00.979+0000] {dagbag.py:532} INFO - Filling up the DagBag from /home/airflow/.local/lib/python3.7/site-packages/airflow/example_dags/example_dag_decorator.py
[2023-05-01T17:12:01.032+0000] {logging_mixin.py:137} INFO - [2023-05-01T17:12:01.032+0000] {taskmixin.py:211} WARNING - Dependency <Task(_PythonDecoratedOperator): prepare_email>, send_email already registered for DAG: example_dag_decorator
[2023-05-01T17:12:01.032+0000] {logging_mixin.py:137} INFO - [2023-05-01T17:12:01.032+0000] {taskmixin.py:211} WARNING - Dependency <Task(EmailOperator): send_email>, prepare_email already registered for DAG: example_dag_decorator
[2023-05-01T17:12:01.123+0000] {processor.py:753} INFO - DAG(s) dict_keys(['example_dag_decorator']) retrieved from /home/airflow/.local/lib/python3.7/site-packages/airflow/example_dags/example_dag_decorator.py
[2023-05-01T17:12:01.339+0000] {logging_mixin.py:137} INFO - [2023-05-01T17:12:01.336+0000] {dag.py:2705} INFO - Sync 1 DAGs
[2023-05-01T17:12:01.508+0000] {logging_mixin.py:137} INFO - [2023-05-01T17:12:01.490+0000] {dag.py:3456} INFO - Setting next_dagrun for example_dag_decorator to None, run_after=None
[2023-05-01T17:12:01.648+0000] {processor.py:175} INFO - Processing /home/airflow/.local/lib/python3.7/site-packages/airflow/example_dags/example_dag_decorator.py took 0.681 seconds
[2023-05-01T17:13:14.371+0000] {processor.py:153} INFO - Started process (PID=68) to work on /home/airflow/.local/lib/python3.7/site-packages/airflow/example_dags/example_dag_decorator.py
[2023-05-01T17:13:14.372+0000] {processor.py:743} INFO - Processing file /home/airflow/.local/lib/python3.7/site-packages/airflow/example_dags/example_dag_decorator.py for tasks to queue
[2023-05-01T17:13:14.378+0000] {logging_mixin.py:137} INFO - [2023-05-01T17:13:14.376+0000] {dagbag.py:532} INFO - Filling up the DagBag from /home/airflow/.local/lib/python3.7/site-packages/airflow/example_dags/example_dag_decorator.py
[2023-05-01T17:13:14.421+0000] {logging_mixin.py:137} INFO - [2023-05-01T17:13:14.421+0000] {taskmixin.py:211} WARNING - Dependency <Task(_PythonDecoratedOperator): prepare_email>, send_email already registered for DAG: example_dag_decorator
[2023-05-01T17:13:14.421+0000] {logging_mixin.py:137} INFO - [2023-05-01T17:13:14.421+0000] {taskmixin.py:211} WARNING - Dependency <Task(EmailOperator): send_email>, prepare_email already registered for DAG: example_dag_decorator
[2023-05-01T17:13:14.436+0000] {processor.py:753} INFO - DAG(s) dict_keys(['example_dag_decorator']) retrieved from /home/airflow/.local/lib/python3.7/site-packages/airflow/example_dags/example_dag_decorator.py
[2023-05-01T17:13:14.537+0000] {logging_mixin.py:137} INFO - [2023-05-01T17:13:14.537+0000] {dag.py:2705} INFO - Sync 1 DAGs
[2023-05-01T17:13:14.552+0000] {logging_mixin.py:137} INFO - [2023-05-01T17:13:14.552+0000] {dag.py:3456} INFO - Setting next_dagrun for example_dag_decorator to None, run_after=None
[2023-05-01T17:13:14.804+0000] {processor.py:175} INFO - Processing /home/airflow/.local/lib/python3.7/site-packages/airflow/example_dags/example_dag_decorator.py took 0.438 seconds
[2023-05-01T17:37:13.407+0000] {processor.py:153} INFO - Started process (PID=76) to work on /home/airflow/.local/lib/python3.7/site-packages/airflow/example_dags/example_dag_decorator.py
[2023-05-01T17:37:13.413+0000] {processor.py:743} INFO - Processing file /home/airflow/.local/lib/python3.7/site-packages/airflow/example_dags/example_dag_decorator.py for tasks to queue
[2023-05-01T17:37:13.414+0000] {logging_mixin.py:137} INFO - [2023-05-01T17:37:13.414+0000] {dagbag.py:532} INFO - Filling up the DagBag from /home/airflow/.local/lib/python3.7/site-packages/airflow/example_dags/example_dag_decorator.py
[2023-05-01T17:43:24.041+0000] {processor.py:153} INFO - Started process (PID=70) to work on /home/airflow/.local/lib/python3.7/site-packages/airflow/example_dags/example_dag_decorator.py
[2023-05-01T17:43:24.046+0000] {processor.py:743} INFO - Processing file /home/airflow/.local/lib/python3.7/site-packages/airflow/example_dags/example_dag_decorator.py for tasks to queue
[2023-05-01T17:43:24.051+0000] {logging_mixin.py:137} INFO - [2023-05-01T17:43:24.051+0000] {dagbag.py:532} INFO - Filling up the DagBag from /home/airflow/.local/lib/python3.7/site-packages/airflow/example_dags/example_dag_decorator.py
[2023-05-01T17:43:24.111+0000] {logging_mixin.py:137} INFO - [2023-05-01T17:43:24.110+0000] {taskmixin.py:211} WARNING - Dependency <Task(_PythonDecoratedOperator): prepare_email>, send_email already registered for DAG: example_dag_decorator
[2023-05-01T17:43:24.119+0000] {logging_mixin.py:137} INFO - [2023-05-01T17:43:24.119+0000] {taskmixin.py:211} WARNING - Dependency <Task(EmailOperator): send_email>, prepare_email already registered for DAG: example_dag_decorator
[2023-05-01T17:43:24.190+0000] {processor.py:753} INFO - DAG(s) dict_keys(['example_dag_decorator']) retrieved from /home/airflow/.local/lib/python3.7/site-packages/airflow/example_dags/example_dag_decorator.py
[2023-05-01T17:43:24.523+0000] {logging_mixin.py:137} INFO - [2023-05-01T17:43:24.523+0000] {dag.py:2705} INFO - Sync 1 DAGs
[2023-05-01T17:43:24.588+0000] {logging_mixin.py:137} INFO - [2023-05-01T17:43:24.588+0000] {dag.py:3456} INFO - Setting next_dagrun for example_dag_decorator to None, run_after=None
[2023-05-01T17:43:24.716+0000] {processor.py:175} INFO - Processing /home/airflow/.local/lib/python3.7/site-packages/airflow/example_dags/example_dag_decorator.py took 0.678 seconds
[2023-05-01T17:44:24.060+0000] {processor.py:153} INFO - Started process (PID=68) to work on /home/airflow/.local/lib/python3.7/site-packages/airflow/example_dags/example_dag_decorator.py
[2023-05-01T17:44:24.061+0000] {processor.py:743} INFO - Processing file /home/airflow/.local/lib/python3.7/site-packages/airflow/example_dags/example_dag_decorator.py for tasks to queue
[2023-05-01T17:44:24.062+0000] {logging_mixin.py:137} INFO - [2023-05-01T17:44:24.062+0000] {dagbag.py:532} INFO - Filling up the DagBag from /home/airflow/.local/lib/python3.7/site-packages/airflow/example_dags/example_dag_decorator.py
[2023-05-01T17:44:24.093+0000] {logging_mixin.py:137} INFO - [2023-05-01T17:44:24.093+0000] {taskmixin.py:211} WARNING - Dependency <Task(_PythonDecoratedOperator): prepare_email>, send_email already registered for DAG: example_dag_decorator
[2023-05-01T17:44:24.096+0000] {logging_mixin.py:137} INFO - [2023-05-01T17:44:24.096+0000] {taskmixin.py:211} WARNING - Dependency <Task(EmailOperator): send_email>, prepare_email already registered for DAG: example_dag_decorator
[2023-05-01T17:44:24.129+0000] {processor.py:753} INFO - DAG(s) dict_keys(['example_dag_decorator']) retrieved from /home/airflow/.local/lib/python3.7/site-packages/airflow/example_dags/example_dag_decorator.py
[2023-05-01T17:44:24.294+0000] {logging_mixin.py:137} INFO - [2023-05-01T17:44:24.294+0000] {dag.py:2705} INFO - Sync 1 DAGs
[2023-05-01T17:44:24.311+0000] {logging_mixin.py:137} INFO - [2023-05-01T17:44:24.311+0000] {dag.py:3456} INFO - Setting next_dagrun for example_dag_decorator to None, run_after=None
[2023-05-01T17:44:24.336+0000] {processor.py:175} INFO - Processing /home/airflow/.local/lib/python3.7/site-packages/airflow/example_dags/example_dag_decorator.py took 0.280 seconds
[2023-05-01T17:59:07.209+0000] {processor.py:153} INFO - Started process (PID=68) to work on /home/airflow/.local/lib/python3.7/site-packages/airflow/example_dags/example_dag_decorator.py
[2023-05-01T17:59:07.209+0000] {processor.py:743} INFO - Processing file /home/airflow/.local/lib/python3.7/site-packages/airflow/example_dags/example_dag_decorator.py for tasks to queue
[2023-05-01T17:59:07.210+0000] {logging_mixin.py:137} INFO - [2023-05-01T17:59:07.210+0000] {dagbag.py:532} INFO - Filling up the DagBag from /home/airflow/.local/lib/python3.7/site-packages/airflow/example_dags/example_dag_decorator.py
[2023-05-01T17:59:07.221+0000] {logging_mixin.py:137} INFO - [2023-05-01T17:59:07.220+0000] {taskmixin.py:211} WARNING - Dependency <Task(_PythonDecoratedOperator): prepare_email>, send_email already registered for DAG: example_dag_decorator
[2023-05-01T17:59:07.221+0000] {logging_mixin.py:137} INFO - [2023-05-01T17:59:07.221+0000] {taskmixin.py:211} WARNING - Dependency <Task(EmailOperator): send_email>, prepare_email already registered for DAG: example_dag_decorator
[2023-05-01T17:59:07.237+0000] {processor.py:753} INFO - DAG(s) dict_keys(['example_dag_decorator']) retrieved from /home/airflow/.local/lib/python3.7/site-packages/airflow/example_dags/example_dag_decorator.py
[2023-05-01T17:59:07.333+0000] {logging_mixin.py:137} INFO - [2023-05-01T17:59:07.333+0000] {dag.py:2705} INFO - Sync 1 DAGs
[2023-05-01T17:59:07.363+0000] {logging_mixin.py:137} INFO - [2023-05-01T17:59:07.363+0000] {dag.py:3456} INFO - Setting next_dagrun for example_dag_decorator to None, run_after=None
[2023-05-01T17:59:07.382+0000] {processor.py:175} INFO - Processing /home/airflow/.local/lib/python3.7/site-packages/airflow/example_dags/example_dag_decorator.py took 0.175 seconds
[2023-05-01T18:02:29.130+0000] {processor.py:153} INFO - Started process (PID=75) to work on /home/airflow/.local/lib/python3.7/site-packages/airflow/example_dags/example_dag_decorator.py
[2023-05-01T18:02:29.131+0000] {processor.py:743} INFO - Processing file /home/airflow/.local/lib/python3.7/site-packages/airflow/example_dags/example_dag_decorator.py for tasks to queue
[2023-05-01T18:02:29.132+0000] {logging_mixin.py:137} INFO - [2023-05-01T18:02:29.132+0000] {dagbag.py:532} INFO - Filling up the DagBag from /home/airflow/.local/lib/python3.7/site-packages/airflow/example_dags/example_dag_decorator.py
[2023-05-01T18:02:29.157+0000] {logging_mixin.py:137} INFO - [2023-05-01T18:02:29.157+0000] {taskmixin.py:211} WARNING - Dependency <Task(_PythonDecoratedOperator): prepare_email>, send_email already registered for DAG: example_dag_decorator
[2023-05-01T18:02:29.158+0000] {logging_mixin.py:137} INFO - [2023-05-01T18:02:29.158+0000] {taskmixin.py:211} WARNING - Dependency <Task(EmailOperator): send_email>, prepare_email already registered for DAG: example_dag_decorator
[2023-05-01T18:02:29.173+0000] {processor.py:753} INFO - DAG(s) dict_keys(['example_dag_decorator']) retrieved from /home/airflow/.local/lib/python3.7/site-packages/airflow/example_dags/example_dag_decorator.py
[2023-05-01T18:02:29.279+0000] {logging_mixin.py:137} INFO - [2023-05-01T18:02:29.279+0000] {dag.py:2705} INFO - Sync 1 DAGs
[2023-05-01T18:02:29.309+0000] {logging_mixin.py:137} INFO - [2023-05-01T18:02:29.309+0000] {dag.py:3456} INFO - Setting next_dagrun for example_dag_decorator to None, run_after=None
[2023-05-01T18:02:29.323+0000] {processor.py:175} INFO - Processing /home/airflow/.local/lib/python3.7/site-packages/airflow/example_dags/example_dag_decorator.py took 0.196 seconds
