[2023-05-01T11:41:53.595+0000] {processor.py:153} INFO - Started process (PID=51) to work on /home/airflow/.local/lib/python3.7/site-packages/airflow/example_dags/example_task_group_decorator.py
[2023-05-01T11:41:53.598+0000] {processor.py:743} INFO - Processing file /home/airflow/.local/lib/python3.7/site-packages/airflow/example_dags/example_task_group_decorator.py for tasks to queue
[2023-05-01T11:41:53.600+0000] {logging_mixin.py:137} INFO - [2023-05-01T11:41:53.600+0000] {dagbag.py:532} INFO - Filling up the DagBag from /home/airflow/.local/lib/python3.7/site-packages/airflow/example_dags/example_task_group_decorator.py
[2023-05-01T11:41:53.686+0000] {processor.py:753} INFO - DAG(s) dict_keys(['example_task_group_decorator']) retrieved from /home/airflow/.local/lib/python3.7/site-packages/airflow/example_dags/example_task_group_decorator.py
[2023-05-01T11:41:53.774+0000] {logging_mixin.py:137} INFO - [2023-05-01T11:41:53.774+0000] {dag.py:2705} INFO - Sync 1 DAGs
[2023-05-01T11:41:53.839+0000] {logging_mixin.py:137} INFO - [2023-05-01T11:41:53.838+0000] {dag.py:3456} INFO - Setting next_dagrun for example_task_group_decorator to 2023-04-30T11:41:53.828628+00:00, run_after=2023-05-01T11:41:53.828628+00:00
[2023-05-01T11:41:53.896+0000] {processor.py:175} INFO - Processing /home/airflow/.local/lib/python3.7/site-packages/airflow/example_dags/example_task_group_decorator.py took 0.304 seconds
[2023-05-01T17:11:49.786+0000] {processor.py:153} INFO - Started process (PID=41) to work on /home/airflow/.local/lib/python3.7/site-packages/airflow/example_dags/example_task_group_decorator.py
[2023-05-01T17:11:49.786+0000] {processor.py:743} INFO - Processing file /home/airflow/.local/lib/python3.7/site-packages/airflow/example_dags/example_task_group_decorator.py for tasks to queue
[2023-05-01T17:11:49.787+0000] {logging_mixin.py:137} INFO - [2023-05-01T17:11:49.787+0000] {dagbag.py:532} INFO - Filling up the DagBag from /home/airflow/.local/lib/python3.7/site-packages/airflow/example_dags/example_task_group_decorator.py
[2023-05-01T17:11:49.854+0000] {processor.py:753} INFO - DAG(s) dict_keys(['example_task_group_decorator']) retrieved from /home/airflow/.local/lib/python3.7/site-packages/airflow/example_dags/example_task_group_decorator.py
[2023-05-01T17:11:49.910+0000] {logging_mixin.py:137} INFO - [2023-05-01T17:11:49.909+0000] {dag.py:2705} INFO - Sync 1 DAGs
[2023-05-01T17:11:49.952+0000] {logging_mixin.py:137} INFO - [2023-05-01T17:11:49.952+0000] {dag.py:3456} INFO - Setting next_dagrun for example_task_group_decorator to 2023-04-30T17:11:49.951894+00:00, run_after=2023-05-01T17:11:49.951894+00:00
[2023-05-01T17:11:49.987+0000] {processor.py:175} INFO - Processing /home/airflow/.local/lib/python3.7/site-packages/airflow/example_dags/example_task_group_decorator.py took 0.205 seconds
[2023-05-01T17:13:10.964+0000] {processor.py:153} INFO - Started process (PID=41) to work on /home/airflow/.local/lib/python3.7/site-packages/airflow/example_dags/example_task_group_decorator.py
[2023-05-01T17:13:10.964+0000] {processor.py:743} INFO - Processing file /home/airflow/.local/lib/python3.7/site-packages/airflow/example_dags/example_task_group_decorator.py for tasks to queue
[2023-05-01T17:13:10.965+0000] {logging_mixin.py:137} INFO - [2023-05-01T17:13:10.965+0000] {dagbag.py:532} INFO - Filling up the DagBag from /home/airflow/.local/lib/python3.7/site-packages/airflow/example_dags/example_task_group_decorator.py
[2023-05-01T17:13:11.057+0000] {processor.py:753} INFO - DAG(s) dict_keys(['example_task_group_decorator']) retrieved from /home/airflow/.local/lib/python3.7/site-packages/airflow/example_dags/example_task_group_decorator.py
[2023-05-01T17:13:11.112+0000] {logging_mixin.py:137} INFO - [2023-05-01T17:13:11.112+0000] {dag.py:2705} INFO - Sync 1 DAGs
[2023-05-01T17:13:11.136+0000] {logging_mixin.py:137} INFO - [2023-05-01T17:13:11.136+0000] {dag.py:3456} INFO - Setting next_dagrun for example_task_group_decorator to 2023-04-30T17:13:11.135925+00:00, run_after=2023-05-01T17:13:11.135925+00:00
[2023-05-01T17:13:11.169+0000] {processor.py:175} INFO - Processing /home/airflow/.local/lib/python3.7/site-packages/airflow/example_dags/example_task_group_decorator.py took 0.216 seconds
[2023-05-01T17:14:32.562+0000] {processor.py:153} INFO - Started process (PID=41) to work on /home/airflow/.local/lib/python3.7/site-packages/airflow/example_dags/example_task_group_decorator.py
[2023-05-01T17:14:32.563+0000] {processor.py:743} INFO - Processing file /home/airflow/.local/lib/python3.7/site-packages/airflow/example_dags/example_task_group_decorator.py for tasks to queue
[2023-05-01T17:14:32.566+0000] {logging_mixin.py:137} INFO - [2023-05-01T17:14:32.566+0000] {dagbag.py:532} INFO - Filling up the DagBag from /home/airflow/.local/lib/python3.7/site-packages/airflow/example_dags/example_task_group_decorator.py
[2023-05-01T17:14:32.625+0000] {processor.py:753} INFO - DAG(s) dict_keys(['example_task_group_decorator']) retrieved from /home/airflow/.local/lib/python3.7/site-packages/airflow/example_dags/example_task_group_decorator.py
[2023-05-01T17:14:32.676+0000] {logging_mixin.py:137} INFO - [2023-05-01T17:14:32.676+0000] {dag.py:2705} INFO - Sync 1 DAGs
[2023-05-01T17:14:32.710+0000] {logging_mixin.py:137} INFO - [2023-05-01T17:14:32.710+0000] {dag.py:3456} INFO - Setting next_dagrun for example_task_group_decorator to 2023-04-30T17:14:32.709903+00:00, run_after=2023-05-01T17:14:32.709903+00:00
[2023-05-01T17:14:32.750+0000] {processor.py:175} INFO - Processing /home/airflow/.local/lib/python3.7/site-packages/airflow/example_dags/example_task_group_decorator.py took 0.190 seconds
[2023-05-01T17:15:38.244+0000] {processor.py:153} INFO - Started process (PID=41) to work on /home/airflow/.local/lib/python3.7/site-packages/airflow/example_dags/example_task_group_decorator.py
[2023-05-01T17:15:38.252+0000] {processor.py:743} INFO - Processing file /home/airflow/.local/lib/python3.7/site-packages/airflow/example_dags/example_task_group_decorator.py for tasks to queue
[2023-05-01T17:15:38.254+0000] {logging_mixin.py:137} INFO - [2023-05-01T17:15:38.254+0000] {dagbag.py:532} INFO - Filling up the DagBag from /home/airflow/.local/lib/python3.7/site-packages/airflow/example_dags/example_task_group_decorator.py
[2023-05-01T17:15:38.326+0000] {processor.py:753} INFO - DAG(s) dict_keys(['example_task_group_decorator']) retrieved from /home/airflow/.local/lib/python3.7/site-packages/airflow/example_dags/example_task_group_decorator.py
[2023-05-01T17:15:38.367+0000] {logging_mixin.py:137} INFO - [2023-05-01T17:15:38.367+0000] {dag.py:2705} INFO - Sync 1 DAGs
[2023-05-01T17:15:38.395+0000] {logging_mixin.py:137} INFO - [2023-05-01T17:15:38.395+0000] {dag.py:3456} INFO - Setting next_dagrun for example_task_group_decorator to 2023-04-30T17:15:38.395357+00:00, run_after=2023-05-01T17:15:38.395357+00:00
[2023-05-01T17:15:38.419+0000] {processor.py:175} INFO - Processing /home/airflow/.local/lib/python3.7/site-packages/airflow/example_dags/example_task_group_decorator.py took 0.179 seconds
[2023-05-01T17:21:34.992+0000] {processor.py:153} INFO - Started process (PID=41) to work on /home/airflow/.local/lib/python3.7/site-packages/airflow/example_dags/example_task_group_decorator.py
[2023-05-01T17:21:34.999+0000] {processor.py:743} INFO - Processing file /home/airflow/.local/lib/python3.7/site-packages/airflow/example_dags/example_task_group_decorator.py for tasks to queue
[2023-05-01T17:21:35.008+0000] {logging_mixin.py:137} INFO - [2023-05-01T17:21:35.008+0000] {dagbag.py:532} INFO - Filling up the DagBag from /home/airflow/.local/lib/python3.7/site-packages/airflow/example_dags/example_task_group_decorator.py
[2023-05-01T17:21:35.052+0000] {processor.py:753} INFO - DAG(s) dict_keys(['example_task_group_decorator']) retrieved from /home/airflow/.local/lib/python3.7/site-packages/airflow/example_dags/example_task_group_decorator.py
[2023-05-01T17:21:35.129+0000] {logging_mixin.py:137} INFO - [2023-05-01T17:21:35.129+0000] {dag.py:2705} INFO - Sync 1 DAGs
[2023-05-01T17:21:35.214+0000] {logging_mixin.py:137} INFO - [2023-05-01T17:21:35.214+0000] {dag.py:3456} INFO - Setting next_dagrun for example_task_group_decorator to 2023-04-30T17:21:35.213101+00:00, run_after=2023-05-01T17:21:35.213101+00:00
[2023-05-01T17:21:35.251+0000] {processor.py:175} INFO - Processing /home/airflow/.local/lib/python3.7/site-packages/airflow/example_dags/example_task_group_decorator.py took 0.269 seconds
[2023-05-01T17:23:31.297+0000] {processor.py:153} INFO - Started process (PID=41) to work on /home/airflow/.local/lib/python3.7/site-packages/airflow/example_dags/example_task_group_decorator.py
[2023-05-01T17:23:31.301+0000] {processor.py:743} INFO - Processing file /home/airflow/.local/lib/python3.7/site-packages/airflow/example_dags/example_task_group_decorator.py for tasks to queue
[2023-05-01T17:23:31.317+0000] {logging_mixin.py:137} INFO - [2023-05-01T17:23:31.304+0000] {dagbag.py:532} INFO - Filling up the DagBag from /home/airflow/.local/lib/python3.7/site-packages/airflow/example_dags/example_task_group_decorator.py
[2023-05-01T17:23:32.903+0000] {processor.py:753} INFO - DAG(s) dict_keys(['example_task_group_decorator']) retrieved from /home/airflow/.local/lib/python3.7/site-packages/airflow/example_dags/example_task_group_decorator.py
[2023-05-01T17:23:56.658+0000] {processor.py:153} INFO - Started process (PID=47) to work on /home/airflow/.local/lib/python3.7/site-packages/airflow/example_dags/example_task_group_decorator.py
[2023-05-01T17:23:56.661+0000] {processor.py:743} INFO - Processing file /home/airflow/.local/lib/python3.7/site-packages/airflow/example_dags/example_task_group_decorator.py for tasks to queue
[2023-05-01T17:23:56.665+0000] {logging_mixin.py:137} INFO - [2023-05-01T17:23:56.665+0000] {dagbag.py:532} INFO - Filling up the DagBag from /home/airflow/.local/lib/python3.7/site-packages/airflow/example_dags/example_task_group_decorator.py
[2023-05-01T17:23:56.757+0000] {processor.py:753} INFO - DAG(s) dict_keys(['example_task_group_decorator']) retrieved from /home/airflow/.local/lib/python3.7/site-packages/airflow/example_dags/example_task_group_decorator.py
[2023-05-01T17:23:56.828+0000] {logging_mixin.py:137} INFO - [2023-05-01T17:23:56.828+0000] {dag.py:2705} INFO - Sync 1 DAGs
[2023-05-01T17:23:56.863+0000] {logging_mixin.py:137} INFO - [2023-05-01T17:23:56.862+0000] {dag.py:3456} INFO - Setting next_dagrun for example_task_group_decorator to 2023-04-30T17:23:56.862709+00:00, run_after=2023-05-01T17:23:56.862709+00:00
[2023-05-01T17:23:56.918+0000] {processor.py:175} INFO - Processing /home/airflow/.local/lib/python3.7/site-packages/airflow/example_dags/example_task_group_decorator.py took 0.269 seconds
[2023-05-01T17:25:06.480+0000] {processor.py:153} INFO - Started process (PID=42) to work on /home/airflow/.local/lib/python3.7/site-packages/airflow/example_dags/example_task_group_decorator.py
[2023-05-01T17:25:06.480+0000] {processor.py:743} INFO - Processing file /home/airflow/.local/lib/python3.7/site-packages/airflow/example_dags/example_task_group_decorator.py for tasks to queue
[2023-05-01T17:25:06.481+0000] {logging_mixin.py:137} INFO - [2023-05-01T17:25:06.481+0000] {dagbag.py:532} INFO - Filling up the DagBag from /home/airflow/.local/lib/python3.7/site-packages/airflow/example_dags/example_task_group_decorator.py
[2023-05-01T17:25:06.500+0000] {processor.py:753} INFO - DAG(s) dict_keys(['example_task_group_decorator']) retrieved from /home/airflow/.local/lib/python3.7/site-packages/airflow/example_dags/example_task_group_decorator.py
[2023-05-01T17:25:06.518+0000] {logging_mixin.py:137} INFO - [2023-05-01T17:25:06.518+0000] {dag.py:2705} INFO - Sync 1 DAGs
[2023-05-01T17:25:06.534+0000] {logging_mixin.py:137} INFO - [2023-05-01T17:25:06.534+0000] {dag.py:3456} INFO - Setting next_dagrun for example_task_group_decorator to 2023-04-30T17:25:06.534351+00:00, run_after=2023-05-01T17:25:06.534351+00:00
[2023-05-01T17:25:06.545+0000] {processor.py:175} INFO - Processing /home/airflow/.local/lib/python3.7/site-packages/airflow/example_dags/example_task_group_decorator.py took 0.067 seconds
[2023-05-01T17:32:53.631+0000] {processor.py:153} INFO - Started process (PID=41) to work on /home/airflow/.local/lib/python3.7/site-packages/airflow/example_dags/example_task_group_decorator.py
[2023-05-01T17:32:53.644+0000] {processor.py:743} INFO - Processing file /home/airflow/.local/lib/python3.7/site-packages/airflow/example_dags/example_task_group_decorator.py for tasks to queue
[2023-05-01T17:32:53.645+0000] {logging_mixin.py:137} INFO - [2023-05-01T17:32:53.645+0000] {dagbag.py:532} INFO - Filling up the DagBag from /home/airflow/.local/lib/python3.7/site-packages/airflow/example_dags/example_task_group_decorator.py
[2023-05-01T17:32:54.124+0000] {processor.py:753} INFO - DAG(s) dict_keys(['example_task_group_decorator']) retrieved from /home/airflow/.local/lib/python3.7/site-packages/airflow/example_dags/example_task_group_decorator.py
[2023-05-01T17:36:13.926+0000] {processor.py:153} INFO - Started process (PID=41) to work on /home/airflow/.local/lib/python3.7/site-packages/airflow/example_dags/example_task_group_decorator.py
[2023-05-01T17:36:13.934+0000] {processor.py:743} INFO - Processing file /home/airflow/.local/lib/python3.7/site-packages/airflow/example_dags/example_task_group_decorator.py for tasks to queue
[2023-05-01T17:36:13.942+0000] {logging_mixin.py:137} INFO - [2023-05-01T17:36:13.942+0000] {dagbag.py:532} INFO - Filling up the DagBag from /home/airflow/.local/lib/python3.7/site-packages/airflow/example_dags/example_task_group_decorator.py
[2023-05-01T17:36:14.057+0000] {processor.py:753} INFO - DAG(s) dict_keys(['example_task_group_decorator']) retrieved from /home/airflow/.local/lib/python3.7/site-packages/airflow/example_dags/example_task_group_decorator.py
[2023-05-01T17:36:14.247+0000] {logging_mixin.py:137} INFO - [2023-05-01T17:36:14.247+0000] {dag.py:2705} INFO - Sync 1 DAGs
[2023-05-01T17:36:14.306+0000] {logging_mixin.py:137} INFO - [2023-05-01T17:36:14.306+0000] {dag.py:3456} INFO - Setting next_dagrun for example_task_group_decorator to 2023-04-30T17:36:14.306047+00:00, run_after=2023-05-01T17:36:14.306047+00:00
[2023-05-01T17:36:14.361+0000] {processor.py:175} INFO - Processing /home/airflow/.local/lib/python3.7/site-packages/airflow/example_dags/example_task_group_decorator.py took 0.445 seconds
[2023-05-01T17:36:54.224+0000] {processor.py:153} INFO - Started process (PID=41) to work on /home/airflow/.local/lib/python3.7/site-packages/airflow/example_dags/example_task_group_decorator.py
[2023-05-01T17:36:54.232+0000] {processor.py:743} INFO - Processing file /home/airflow/.local/lib/python3.7/site-packages/airflow/example_dags/example_task_group_decorator.py for tasks to queue
[2023-05-01T17:36:54.233+0000] {logging_mixin.py:137} INFO - [2023-05-01T17:36:54.233+0000] {dagbag.py:532} INFO - Filling up the DagBag from /home/airflow/.local/lib/python3.7/site-packages/airflow/example_dags/example_task_group_decorator.py
[2023-05-01T17:36:54.376+0000] {processor.py:753} INFO - DAG(s) dict_keys(['example_task_group_decorator']) retrieved from /home/airflow/.local/lib/python3.7/site-packages/airflow/example_dags/example_task_group_decorator.py
[2023-05-01T17:36:54.470+0000] {logging_mixin.py:137} INFO - [2023-05-01T17:36:54.470+0000] {dag.py:2705} INFO - Sync 1 DAGs
[2023-05-01T17:36:54.535+0000] {logging_mixin.py:137} INFO - [2023-05-01T17:36:54.535+0000] {dag.py:3456} INFO - Setting next_dagrun for example_task_group_decorator to 2023-04-30T17:36:54.534553+00:00, run_after=2023-05-01T17:36:54.534553+00:00
[2023-05-01T17:36:54.661+0000] {processor.py:175} INFO - Processing /home/airflow/.local/lib/python3.7/site-packages/airflow/example_dags/example_task_group_decorator.py took 0.442 seconds
[2023-05-01T17:37:44.650+0000] {processor.py:153} INFO - Started process (PID=42) to work on /home/airflow/.local/lib/python3.7/site-packages/airflow/example_dags/example_task_group_decorator.py
[2023-05-01T17:37:44.651+0000] {processor.py:743} INFO - Processing file /home/airflow/.local/lib/python3.7/site-packages/airflow/example_dags/example_task_group_decorator.py for tasks to queue
[2023-05-01T17:37:44.656+0000] {logging_mixin.py:137} INFO - [2023-05-01T17:37:44.655+0000] {dagbag.py:532} INFO - Filling up the DagBag from /home/airflow/.local/lib/python3.7/site-packages/airflow/example_dags/example_task_group_decorator.py
[2023-05-01T17:37:44.778+0000] {processor.py:753} INFO - DAG(s) dict_keys(['example_task_group_decorator']) retrieved from /home/airflow/.local/lib/python3.7/site-packages/airflow/example_dags/example_task_group_decorator.py
[2023-05-01T17:37:44.904+0000] {logging_mixin.py:137} INFO - [2023-05-01T17:37:44.902+0000] {dag.py:2705} INFO - Sync 1 DAGs
[2023-05-01T17:37:45.116+0000] {logging_mixin.py:137} INFO - [2023-05-01T17:37:45.115+0000] {dag.py:3456} INFO - Setting next_dagrun for example_task_group_decorator to 2023-04-30T17:37:45.114990+00:00, run_after=2023-05-01T17:37:45.114990+00:00
[2023-05-01T17:38:14.970+0000] {processor.py:153} INFO - Started process (PID=42) to work on /home/airflow/.local/lib/python3.7/site-packages/airflow/example_dags/example_task_group_decorator.py
[2023-05-01T17:38:14.971+0000] {processor.py:743} INFO - Processing file /home/airflow/.local/lib/python3.7/site-packages/airflow/example_dags/example_task_group_decorator.py for tasks to queue
[2023-05-01T17:38:14.972+0000] {logging_mixin.py:137} INFO - [2023-05-01T17:38:14.972+0000] {dagbag.py:532} INFO - Filling up the DagBag from /home/airflow/.local/lib/python3.7/site-packages/airflow/example_dags/example_task_group_decorator.py
[2023-05-01T17:38:15.025+0000] {processor.py:753} INFO - DAG(s) dict_keys(['example_task_group_decorator']) retrieved from /home/airflow/.local/lib/python3.7/site-packages/airflow/example_dags/example_task_group_decorator.py
[2023-05-01T17:38:15.056+0000] {logging_mixin.py:137} INFO - [2023-05-01T17:38:15.056+0000] {dag.py:2705} INFO - Sync 1 DAGs
[2023-05-01T17:38:15.094+0000] {logging_mixin.py:137} INFO - [2023-05-01T17:38:15.094+0000] {dag.py:3456} INFO - Setting next_dagrun for example_task_group_decorator to 2023-04-30T17:38:15.093800+00:00, run_after=2023-05-01T17:38:15.093800+00:00
[2023-05-01T17:38:15.120+0000] {processor.py:175} INFO - Processing /home/airflow/.local/lib/python3.7/site-packages/airflow/example_dags/example_task_group_decorator.py took 0.152 seconds
[2023-05-01T17:39:08.844+0000] {processor.py:153} INFO - Started process (PID=41) to work on /home/airflow/.local/lib/python3.7/site-packages/airflow/example_dags/example_task_group_decorator.py
[2023-05-01T17:39:08.857+0000] {processor.py:743} INFO - Processing file /home/airflow/.local/lib/python3.7/site-packages/airflow/example_dags/example_task_group_decorator.py for tasks to queue
[2023-05-01T17:39:08.866+0000] {logging_mixin.py:137} INFO - [2023-05-01T17:39:08.866+0000] {dagbag.py:532} INFO - Filling up the DagBag from /home/airflow/.local/lib/python3.7/site-packages/airflow/example_dags/example_task_group_decorator.py
[2023-05-01T17:39:12.867+0000] {processor.py:753} INFO - DAG(s) dict_keys(['example_task_group_decorator']) retrieved from /home/airflow/.local/lib/python3.7/site-packages/airflow/example_dags/example_task_group_decorator.py
[2023-05-01T17:41:33.325+0000] {processor.py:153} INFO - Started process (PID=43) to work on /home/airflow/.local/lib/python3.7/site-packages/airflow/example_dags/example_task_group_decorator.py
[2023-05-01T17:41:33.326+0000] {processor.py:743} INFO - Processing file /home/airflow/.local/lib/python3.7/site-packages/airflow/example_dags/example_task_group_decorator.py for tasks to queue
[2023-05-01T17:41:33.327+0000] {logging_mixin.py:137} INFO - [2023-05-01T17:41:33.327+0000] {dagbag.py:532} INFO - Filling up the DagBag from /home/airflow/.local/lib/python3.7/site-packages/airflow/example_dags/example_task_group_decorator.py
[2023-05-01T17:41:33.393+0000] {processor.py:753} INFO - DAG(s) dict_keys(['example_task_group_decorator']) retrieved from /home/airflow/.local/lib/python3.7/site-packages/airflow/example_dags/example_task_group_decorator.py
[2023-05-01T17:41:33.415+0000] {logging_mixin.py:137} INFO - [2023-05-01T17:41:33.415+0000] {dag.py:2705} INFO - Sync 1 DAGs
[2023-05-01T17:41:33.439+0000] {logging_mixin.py:137} INFO - [2023-05-01T17:41:33.439+0000] {dag.py:3456} INFO - Setting next_dagrun for example_task_group_decorator to 2023-04-30T17:41:33.439359+00:00, run_after=2023-05-01T17:41:33.439359+00:00
[2023-05-01T17:41:33.451+0000] {processor.py:175} INFO - Processing /home/airflow/.local/lib/python3.7/site-packages/airflow/example_dags/example_task_group_decorator.py took 0.128 seconds
[2023-05-01T17:43:02.579+0000] {processor.py:153} INFO - Started process (PID=43) to work on /home/airflow/.local/lib/python3.7/site-packages/airflow/example_dags/example_task_group_decorator.py
[2023-05-01T17:43:02.581+0000] {processor.py:743} INFO - Processing file /home/airflow/.local/lib/python3.7/site-packages/airflow/example_dags/example_task_group_decorator.py for tasks to queue
[2023-05-01T17:43:02.582+0000] {logging_mixin.py:137} INFO - [2023-05-01T17:43:02.581+0000] {dagbag.py:532} INFO - Filling up the DagBag from /home/airflow/.local/lib/python3.7/site-packages/airflow/example_dags/example_task_group_decorator.py
[2023-05-01T17:43:02.628+0000] {processor.py:753} INFO - DAG(s) dict_keys(['example_task_group_decorator']) retrieved from /home/airflow/.local/lib/python3.7/site-packages/airflow/example_dags/example_task_group_decorator.py
[2023-05-01T17:43:02.668+0000] {logging_mixin.py:137} INFO - [2023-05-01T17:43:02.668+0000] {dag.py:2705} INFO - Sync 1 DAGs
[2023-05-01T17:43:02.749+0000] {logging_mixin.py:137} INFO - [2023-05-01T17:43:02.746+0000] {dag.py:3456} INFO - Setting next_dagrun for example_task_group_decorator to 2023-04-30T17:43:02.745034+00:00, run_after=2023-05-01T17:43:02.745034+00:00
[2023-05-01T17:43:02.784+0000] {processor.py:175} INFO - Processing /home/airflow/.local/lib/python3.7/site-packages/airflow/example_dags/example_task_group_decorator.py took 0.208 seconds
[2023-05-01T17:44:19.283+0000] {processor.py:153} INFO - Started process (PID=41) to work on /home/airflow/.local/lib/python3.7/site-packages/airflow/example_dags/example_task_group_decorator.py
[2023-05-01T17:44:19.285+0000] {processor.py:743} INFO - Processing file /home/airflow/.local/lib/python3.7/site-packages/airflow/example_dags/example_task_group_decorator.py for tasks to queue
[2023-05-01T17:44:19.287+0000] {logging_mixin.py:137} INFO - [2023-05-01T17:44:19.286+0000] {dagbag.py:532} INFO - Filling up the DagBag from /home/airflow/.local/lib/python3.7/site-packages/airflow/example_dags/example_task_group_decorator.py
[2023-05-01T17:44:19.334+0000] {processor.py:753} INFO - DAG(s) dict_keys(['example_task_group_decorator']) retrieved from /home/airflow/.local/lib/python3.7/site-packages/airflow/example_dags/example_task_group_decorator.py
[2023-05-01T17:44:19.398+0000] {logging_mixin.py:137} INFO - [2023-05-01T17:44:19.396+0000] {dag.py:2705} INFO - Sync 1 DAGs
[2023-05-01T17:44:19.477+0000] {logging_mixin.py:137} INFO - [2023-05-01T17:44:19.476+0000] {dag.py:3456} INFO - Setting next_dagrun for example_task_group_decorator to 2023-04-30T17:44:19.473541+00:00, run_after=2023-05-01T17:44:19.473541+00:00
[2023-05-01T17:44:19.548+0000] {processor.py:175} INFO - Processing /home/airflow/.local/lib/python3.7/site-packages/airflow/example_dags/example_task_group_decorator.py took 0.269 seconds
[2023-05-01T17:48:28.851+0000] {processor.py:153} INFO - Started process (PID=41) to work on /home/airflow/.local/lib/python3.7/site-packages/airflow/example_dags/example_task_group_decorator.py
[2023-05-01T17:48:28.854+0000] {processor.py:743} INFO - Processing file /home/airflow/.local/lib/python3.7/site-packages/airflow/example_dags/example_task_group_decorator.py for tasks to queue
[2023-05-01T17:48:28.856+0000] {logging_mixin.py:137} INFO - [2023-05-01T17:48:28.855+0000] {dagbag.py:532} INFO - Filling up the DagBag from /home/airflow/.local/lib/python3.7/site-packages/airflow/example_dags/example_task_group_decorator.py
[2023-05-01T17:48:28.957+0000] {processor.py:753} INFO - DAG(s) dict_keys(['example_task_group_decorator']) retrieved from /home/airflow/.local/lib/python3.7/site-packages/airflow/example_dags/example_task_group_decorator.py
[2023-05-01T17:48:29.037+0000] {logging_mixin.py:137} INFO - [2023-05-01T17:48:29.037+0000] {dag.py:2705} INFO - Sync 1 DAGs
[2023-05-01T17:48:29.088+0000] {logging_mixin.py:137} INFO - [2023-05-01T17:48:29.088+0000] {dag.py:3456} INFO - Setting next_dagrun for example_task_group_decorator to 2023-04-30T17:48:29.087127+00:00, run_after=2023-05-01T17:48:29.087127+00:00
[2023-05-01T17:48:29.142+0000] {processor.py:175} INFO - Processing /home/airflow/.local/lib/python3.7/site-packages/airflow/example_dags/example_task_group_decorator.py took 0.295 seconds
[2023-05-01T17:50:02.350+0000] {processor.py:153} INFO - Started process (PID=47) to work on /home/airflow/.local/lib/python3.7/site-packages/airflow/example_dags/example_task_group_decorator.py
[2023-05-01T17:50:02.445+0000] {processor.py:743} INFO - Processing file /home/airflow/.local/lib/python3.7/site-packages/airflow/example_dags/example_task_group_decorator.py for tasks to queue
[2023-05-01T17:50:02.471+0000] {logging_mixin.py:137} INFO - [2023-05-01T17:50:02.471+0000] {dagbag.py:532} INFO - Filling up the DagBag from /home/airflow/.local/lib/python3.7/site-packages/airflow/example_dags/example_task_group_decorator.py
[2023-05-01T17:51:04.007+0000] {processor.py:153} INFO - Started process (PID=41) to work on /home/airflow/.local/lib/python3.7/site-packages/airflow/example_dags/example_task_group_decorator.py
[2023-05-01T17:51:04.009+0000] {processor.py:743} INFO - Processing file /home/airflow/.local/lib/python3.7/site-packages/airflow/example_dags/example_task_group_decorator.py for tasks to queue
[2023-05-01T17:51:04.010+0000] {logging_mixin.py:137} INFO - [2023-05-01T17:51:04.010+0000] {dagbag.py:532} INFO - Filling up the DagBag from /home/airflow/.local/lib/python3.7/site-packages/airflow/example_dags/example_task_group_decorator.py
[2023-05-01T17:51:04.070+0000] {processor.py:753} INFO - DAG(s) dict_keys(['example_task_group_decorator']) retrieved from /home/airflow/.local/lib/python3.7/site-packages/airflow/example_dags/example_task_group_decorator.py
[2023-05-01T17:51:04.163+0000] {logging_mixin.py:137} INFO - [2023-05-01T17:51:04.163+0000] {dag.py:2705} INFO - Sync 1 DAGs
[2023-05-01T17:51:04.227+0000] {logging_mixin.py:137} INFO - [2023-05-01T17:51:04.227+0000] {dag.py:3456} INFO - Setting next_dagrun for example_task_group_decorator to 2023-04-30T17:51:04.227112+00:00, run_after=2023-05-01T17:51:04.227112+00:00
[2023-05-01T17:51:04.267+0000] {processor.py:175} INFO - Processing /home/airflow/.local/lib/python3.7/site-packages/airflow/example_dags/example_task_group_decorator.py took 0.262 seconds
[2023-05-01T17:51:31.777+0000] {processor.py:153} INFO - Started process (PID=41) to work on /home/airflow/.local/lib/python3.7/site-packages/airflow/example_dags/example_task_group_decorator.py
[2023-05-01T17:51:31.777+0000] {processor.py:743} INFO - Processing file /home/airflow/.local/lib/python3.7/site-packages/airflow/example_dags/example_task_group_decorator.py for tasks to queue
[2023-05-01T17:51:31.778+0000] {logging_mixin.py:137} INFO - [2023-05-01T17:51:31.778+0000] {dagbag.py:532} INFO - Filling up the DagBag from /home/airflow/.local/lib/python3.7/site-packages/airflow/example_dags/example_task_group_decorator.py
[2023-05-01T17:51:31.902+0000] {processor.py:753} INFO - DAG(s) dict_keys(['example_task_group_decorator']) retrieved from /home/airflow/.local/lib/python3.7/site-packages/airflow/example_dags/example_task_group_decorator.py
[2023-05-01T17:51:32.040+0000] {logging_mixin.py:137} INFO - [2023-05-01T17:51:32.038+0000] {dag.py:2705} INFO - Sync 1 DAGs
[2023-05-01T17:51:32.490+0000] {logging_mixin.py:137} INFO - [2023-05-01T17:51:32.489+0000] {dag.py:3456} INFO - Setting next_dagrun for example_task_group_decorator to 2023-04-30T17:51:32.485262+00:00, run_after=2023-05-01T17:51:32.485262+00:00
[2023-05-01T17:51:34.370+0000] {processor.py:175} INFO - Processing /home/airflow/.local/lib/python3.7/site-packages/airflow/example_dags/example_task_group_decorator.py took 2.597 seconds
[2023-05-01T17:58:33.633+0000] {processor.py:153} INFO - Started process (PID=42) to work on /home/airflow/.local/lib/python3.7/site-packages/airflow/example_dags/example_task_group_decorator.py
[2023-05-01T17:58:33.647+0000] {processor.py:743} INFO - Processing file /home/airflow/.local/lib/python3.7/site-packages/airflow/example_dags/example_task_group_decorator.py for tasks to queue
[2023-05-01T17:58:33.648+0000] {logging_mixin.py:137} INFO - [2023-05-01T17:58:33.648+0000] {dagbag.py:532} INFO - Filling up the DagBag from /home/airflow/.local/lib/python3.7/site-packages/airflow/example_dags/example_task_group_decorator.py
[2023-05-01T17:58:33.811+0000] {processor.py:753} INFO - DAG(s) dict_keys(['example_task_group_decorator']) retrieved from /home/airflow/.local/lib/python3.7/site-packages/airflow/example_dags/example_task_group_decorator.py
[2023-05-01T17:58:33.886+0000] {logging_mixin.py:137} INFO - [2023-05-01T17:58:33.886+0000] {dag.py:2705} INFO - Sync 1 DAGs
[2023-05-01T17:58:33.954+0000] {logging_mixin.py:137} INFO - [2023-05-01T17:58:33.954+0000] {dag.py:3456} INFO - Setting next_dagrun for example_task_group_decorator to 2023-04-30T17:58:33.952311+00:00, run_after=2023-05-01T17:58:33.952311+00:00
[2023-05-01T17:58:34.006+0000] {processor.py:175} INFO - Processing /home/airflow/.local/lib/python3.7/site-packages/airflow/example_dags/example_task_group_decorator.py took 0.378 seconds
[2023-05-01T17:58:57.747+0000] {processor.py:153} INFO - Started process (PID=41) to work on /home/airflow/.local/lib/python3.7/site-packages/airflow/example_dags/example_task_group_decorator.py
[2023-05-01T17:58:57.748+0000] {processor.py:743} INFO - Processing file /home/airflow/.local/lib/python3.7/site-packages/airflow/example_dags/example_task_group_decorator.py for tasks to queue
[2023-05-01T17:58:57.748+0000] {logging_mixin.py:137} INFO - [2023-05-01T17:58:57.748+0000] {dagbag.py:532} INFO - Filling up the DagBag from /home/airflow/.local/lib/python3.7/site-packages/airflow/example_dags/example_task_group_decorator.py
[2023-05-01T17:58:57.859+0000] {processor.py:753} INFO - DAG(s) dict_keys(['example_task_group_decorator']) retrieved from /home/airflow/.local/lib/python3.7/site-packages/airflow/example_dags/example_task_group_decorator.py
[2023-05-01T17:58:58.014+0000] {logging_mixin.py:137} INFO - [2023-05-01T17:58:58.013+0000] {dag.py:2705} INFO - Sync 1 DAGs
[2023-05-01T17:59:03.384+0000] {logging_mixin.py:137} INFO - [2023-05-01T17:59:03.383+0000] {dag.py:3456} INFO - Setting next_dagrun for example_task_group_decorator to 2023-04-30T17:59:03.380987+00:00, run_after=2023-05-01T17:59:03.380987+00:00
[2023-05-01T17:59:03.552+0000] {processor.py:175} INFO - Processing /home/airflow/.local/lib/python3.7/site-packages/airflow/example_dags/example_task_group_decorator.py took 5.807 seconds
[2023-05-01T17:59:47.830+0000] {processor.py:153} INFO - Started process (PID=41) to work on /home/airflow/.local/lib/python3.7/site-packages/airflow/example_dags/example_task_group_decorator.py
[2023-05-01T17:59:47.833+0000] {processor.py:743} INFO - Processing file /home/airflow/.local/lib/python3.7/site-packages/airflow/example_dags/example_task_group_decorator.py for tasks to queue
[2023-05-01T17:59:47.834+0000] {logging_mixin.py:137} INFO - [2023-05-01T17:59:47.834+0000] {dagbag.py:532} INFO - Filling up the DagBag from /home/airflow/.local/lib/python3.7/site-packages/airflow/example_dags/example_task_group_decorator.py
[2023-05-01T17:59:47.996+0000] {processor.py:753} INFO - DAG(s) dict_keys(['example_task_group_decorator']) retrieved from /home/airflow/.local/lib/python3.7/site-packages/airflow/example_dags/example_task_group_decorator.py
[2023-05-01T18:01:21.702+0000] {processor.py:153} INFO - Started process (PID=41) to work on /home/airflow/.local/lib/python3.7/site-packages/airflow/example_dags/example_task_group_decorator.py
[2023-05-01T18:01:21.727+0000] {processor.py:743} INFO - Processing file /home/airflow/.local/lib/python3.7/site-packages/airflow/example_dags/example_task_group_decorator.py for tasks to queue
[2023-05-01T18:01:21.749+0000] {logging_mixin.py:137} INFO - [2023-05-01T18:01:21.749+0000] {dagbag.py:532} INFO - Filling up the DagBag from /home/airflow/.local/lib/python3.7/site-packages/airflow/example_dags/example_task_group_decorator.py
[2023-05-01T18:01:21.972+0000] {processor.py:753} INFO - DAG(s) dict_keys(['example_task_group_decorator']) retrieved from /home/airflow/.local/lib/python3.7/site-packages/airflow/example_dags/example_task_group_decorator.py
[2023-05-01T18:01:22.495+0000] {logging_mixin.py:137} INFO - [2023-05-01T18:01:22.493+0000] {dag.py:2705} INFO - Sync 1 DAGs
[2023-05-01T18:02:25.501+0000] {processor.py:153} INFO - Started process (PID=48) to work on /home/airflow/.local/lib/python3.7/site-packages/airflow/example_dags/example_task_group_decorator.py
[2023-05-01T18:02:25.507+0000] {processor.py:743} INFO - Processing file /home/airflow/.local/lib/python3.7/site-packages/airflow/example_dags/example_task_group_decorator.py for tasks to queue
[2023-05-01T18:02:25.509+0000] {logging_mixin.py:137} INFO - [2023-05-01T18:02:25.508+0000] {dagbag.py:532} INFO - Filling up the DagBag from /home/airflow/.local/lib/python3.7/site-packages/airflow/example_dags/example_task_group_decorator.py
[2023-05-01T18:02:25.571+0000] {processor.py:753} INFO - DAG(s) dict_keys(['example_task_group_decorator']) retrieved from /home/airflow/.local/lib/python3.7/site-packages/airflow/example_dags/example_task_group_decorator.py
[2023-05-01T18:02:25.593+0000] {logging_mixin.py:137} INFO - [2023-05-01T18:02:25.593+0000] {dag.py:2705} INFO - Sync 1 DAGs
[2023-05-01T18:02:25.616+0000] {logging_mixin.py:137} INFO - [2023-05-01T18:02:25.616+0000] {dag.py:3456} INFO - Setting next_dagrun for example_task_group_decorator to 2023-04-30T18:02:25.615917+00:00, run_after=2023-05-01T18:02:25.615917+00:00
[2023-05-01T18:02:25.625+0000] {processor.py:175} INFO - Processing /home/airflow/.local/lib/python3.7/site-packages/airflow/example_dags/example_task_group_decorator.py took 0.127 seconds
[2023-05-01T18:03:45.699+0000] {processor.py:153} INFO - Started process (PID=42) to work on /home/airflow/.local/lib/python3.7/site-packages/airflow/example_dags/example_task_group_decorator.py
[2023-05-01T18:03:45.701+0000] {processor.py:743} INFO - Processing file /home/airflow/.local/lib/python3.7/site-packages/airflow/example_dags/example_task_group_decorator.py for tasks to queue
[2023-05-01T18:03:45.702+0000] {logging_mixin.py:137} INFO - [2023-05-01T18:03:45.702+0000] {dagbag.py:532} INFO - Filling up the DagBag from /home/airflow/.local/lib/python3.7/site-packages/airflow/example_dags/example_task_group_decorator.py
[2023-05-01T18:03:45.762+0000] {processor.py:753} INFO - DAG(s) dict_keys(['example_task_group_decorator']) retrieved from /home/airflow/.local/lib/python3.7/site-packages/airflow/example_dags/example_task_group_decorator.py
[2023-05-01T18:03:47.450+0000] {processor.py:153} INFO - Started process (PID=55) to work on /home/airflow/.local/lib/python3.7/site-packages/airflow/example_dags/example_task_group_decorator.py
[2023-05-01T18:03:47.454+0000] {processor.py:743} INFO - Processing file /home/airflow/.local/lib/python3.7/site-packages/airflow/example_dags/example_task_group_decorator.py for tasks to queue
[2023-05-01T18:03:47.455+0000] {logging_mixin.py:137} INFO - [2023-05-01T18:03:47.454+0000] {dagbag.py:532} INFO - Filling up the DagBag from /home/airflow/.local/lib/python3.7/site-packages/airflow/example_dags/example_task_group_decorator.py
[2023-05-01T18:03:47.500+0000] {processor.py:753} INFO - DAG(s) dict_keys(['example_task_group_decorator']) retrieved from /home/airflow/.local/lib/python3.7/site-packages/airflow/example_dags/example_task_group_decorator.py
[2023-05-01T18:03:47.531+0000] {logging_mixin.py:137} INFO - [2023-05-01T18:03:47.530+0000] {dag.py:2705} INFO - Sync 1 DAGs
[2023-05-01T18:03:47.546+0000] {logging_mixin.py:137} INFO - [2023-05-01T18:03:47.545+0000] {dag.py:3456} INFO - Setting next_dagrun for example_task_group_decorator to 2023-04-30T18:03:47.545210+00:00, run_after=2023-05-01T18:03:47.545210+00:00
[2023-05-01T18:03:47.566+0000] {processor.py:175} INFO - Processing /home/airflow/.local/lib/python3.7/site-packages/airflow/example_dags/example_task_group_decorator.py took 0.119 seconds
[2023-05-01T18:06:02.947+0000] {processor.py:153} INFO - Started process (PID=41) to work on /home/airflow/.local/lib/python3.7/site-packages/airflow/example_dags/example_task_group_decorator.py
[2023-05-01T18:06:02.948+0000] {processor.py:743} INFO - Processing file /home/airflow/.local/lib/python3.7/site-packages/airflow/example_dags/example_task_group_decorator.py for tasks to queue
[2023-05-01T18:06:02.950+0000] {logging_mixin.py:137} INFO - [2023-05-01T18:06:02.950+0000] {dagbag.py:532} INFO - Filling up the DagBag from /home/airflow/.local/lib/python3.7/site-packages/airflow/example_dags/example_task_group_decorator.py
[2023-05-01T18:06:03.014+0000] {processor.py:753} INFO - DAG(s) dict_keys(['example_task_group_decorator']) retrieved from /home/airflow/.local/lib/python3.7/site-packages/airflow/example_dags/example_task_group_decorator.py
[2023-05-01T18:06:03.100+0000] {logging_mixin.py:137} INFO - [2023-05-01T18:06:03.100+0000] {dag.py:2705} INFO - Sync 1 DAGs
[2023-05-01T18:06:03.290+0000] {logging_mixin.py:137} INFO - [2023-05-01T18:06:03.290+0000] {dag.py:3456} INFO - Setting next_dagrun for example_task_group_decorator to 2023-04-30T18:06:03.289204+00:00, run_after=2023-05-01T18:06:03.289204+00:00
[2023-05-01T18:06:03.633+0000] {processor.py:175} INFO - Processing /home/airflow/.local/lib/python3.7/site-packages/airflow/example_dags/example_task_group_decorator.py took 0.691 seconds
[2023-05-01T18:08:27.702+0000] {processor.py:153} INFO - Started process (PID=48) to work on /home/airflow/.local/lib/python3.7/site-packages/airflow/example_dags/example_task_group_decorator.py
[2023-05-01T18:08:27.705+0000] {processor.py:743} INFO - Processing file /home/airflow/.local/lib/python3.7/site-packages/airflow/example_dags/example_task_group_decorator.py for tasks to queue
[2023-05-01T18:08:27.727+0000] {logging_mixin.py:137} INFO - [2023-05-01T18:08:27.727+0000] {dagbag.py:532} INFO - Filling up the DagBag from /home/airflow/.local/lib/python3.7/site-packages/airflow/example_dags/example_task_group_decorator.py
[2023-05-01T18:08:28.045+0000] {processor.py:753} INFO - DAG(s) dict_keys(['example_task_group_decorator']) retrieved from /home/airflow/.local/lib/python3.7/site-packages/airflow/example_dags/example_task_group_decorator.py
[2023-05-01T18:09:27.718+0000] {processor.py:153} INFO - Started process (PID=41) to work on /home/airflow/.local/lib/python3.7/site-packages/airflow/example_dags/example_task_group_decorator.py
[2023-05-01T18:09:27.719+0000] {processor.py:743} INFO - Processing file /home/airflow/.local/lib/python3.7/site-packages/airflow/example_dags/example_task_group_decorator.py for tasks to queue
[2023-05-01T18:09:27.729+0000] {logging_mixin.py:137} INFO - [2023-05-01T18:09:27.729+0000] {dagbag.py:532} INFO - Filling up the DagBag from /home/airflow/.local/lib/python3.7/site-packages/airflow/example_dags/example_task_group_decorator.py
[2023-05-01T18:09:27.783+0000] {processor.py:753} INFO - DAG(s) dict_keys(['example_task_group_decorator']) retrieved from /home/airflow/.local/lib/python3.7/site-packages/airflow/example_dags/example_task_group_decorator.py
[2023-05-01T18:09:27.895+0000] {logging_mixin.py:137} INFO - [2023-05-01T18:09:27.895+0000] {dag.py:2705} INFO - Sync 1 DAGs
[2023-05-01T18:09:27.988+0000] {logging_mixin.py:137} INFO - [2023-05-01T18:09:27.987+0000] {dag.py:3456} INFO - Setting next_dagrun for example_task_group_decorator to 2023-04-30T18:09:27.985759+00:00, run_after=2023-05-01T18:09:27.985759+00:00
[2023-05-01T18:09:28.095+0000] {processor.py:175} INFO - Processing /home/airflow/.local/lib/python3.7/site-packages/airflow/example_dags/example_task_group_decorator.py took 0.387 seconds
