[2023-05-01T12:15:53.659+0000] {processor.py:153} INFO - Started process (PID=71) to work on /home/airflow/.local/lib/python3.7/site-packages/airflow/example_dags/example_task_group.py
[2023-05-01T12:15:53.681+0000] {processor.py:743} INFO - Processing file /home/airflow/.local/lib/python3.7/site-packages/airflow/example_dags/example_task_group.py for tasks to queue
[2023-05-01T12:15:53.681+0000] {logging_mixin.py:137} INFO - [2023-05-01T12:15:53.681+0000] {dagbag.py:532} INFO - Filling up the DagBag from /home/airflow/.local/lib/python3.7/site-packages/airflow/example_dags/example_task_group.py
[2023-05-01T12:15:53.783+0000] {processor.py:753} INFO - DAG(s) dict_keys(['example_task_group']) retrieved from /home/airflow/.local/lib/python3.7/site-packages/airflow/example_dags/example_task_group.py
[2023-05-01T12:15:53.993+0000] {logging_mixin.py:137} INFO - [2023-05-01T12:15:53.988+0000] {dag.py:2705} INFO - Sync 1 DAGs
[2023-05-01T12:15:54.221+0000] {logging_mixin.py:137} INFO - [2023-05-01T12:15:54.214+0000] {dag.py:3456} INFO - Setting next_dagrun for example_task_group to 2023-04-30T12:15:54.212179+00:00, run_after=2023-05-01T12:15:54.212179+00:00
[2023-05-01T12:16:01.634+0000] {processor.py:175} INFO - Processing /home/airflow/.local/lib/python3.7/site-packages/airflow/example_dags/example_task_group.py took 7.977 seconds
[2023-05-01T17:11:53.718+0000] {processor.py:153} INFO - Started process (PID=61) to work on /home/airflow/.local/lib/python3.7/site-packages/airflow/example_dags/example_task_group.py
[2023-05-01T17:11:53.719+0000] {processor.py:743} INFO - Processing file /home/airflow/.local/lib/python3.7/site-packages/airflow/example_dags/example_task_group.py for tasks to queue
[2023-05-01T17:11:53.726+0000] {logging_mixin.py:137} INFO - [2023-05-01T17:11:53.726+0000] {dagbag.py:532} INFO - Filling up the DagBag from /home/airflow/.local/lib/python3.7/site-packages/airflow/example_dags/example_task_group.py
[2023-05-01T17:11:53.750+0000] {processor.py:753} INFO - DAG(s) dict_keys(['example_task_group']) retrieved from /home/airflow/.local/lib/python3.7/site-packages/airflow/example_dags/example_task_group.py
[2023-05-01T17:11:53.859+0000] {logging_mixin.py:137} INFO - [2023-05-01T17:11:53.859+0000] {dag.py:2705} INFO - Sync 1 DAGs
[2023-05-01T17:11:53.930+0000] {logging_mixin.py:137} INFO - [2023-05-01T17:11:53.930+0000] {dag.py:3456} INFO - Setting next_dagrun for example_task_group to 2023-04-30T17:11:53.929993+00:00, run_after=2023-05-01T17:11:53.929993+00:00
[2023-05-01T17:11:53.994+0000] {processor.py:175} INFO - Processing /home/airflow/.local/lib/python3.7/site-packages/airflow/example_dags/example_task_group.py took 0.281 seconds
[2023-05-01T17:13:13.407+0000] {processor.py:153} INFO - Started process (PID=61) to work on /home/airflow/.local/lib/python3.7/site-packages/airflow/example_dags/example_task_group.py
[2023-05-01T17:13:13.408+0000] {processor.py:743} INFO - Processing file /home/airflow/.local/lib/python3.7/site-packages/airflow/example_dags/example_task_group.py for tasks to queue
[2023-05-01T17:13:13.409+0000] {logging_mixin.py:137} INFO - [2023-05-01T17:13:13.409+0000] {dagbag.py:532} INFO - Filling up the DagBag from /home/airflow/.local/lib/python3.7/site-packages/airflow/example_dags/example_task_group.py
[2023-05-01T17:13:13.429+0000] {processor.py:753} INFO - DAG(s) dict_keys(['example_task_group']) retrieved from /home/airflow/.local/lib/python3.7/site-packages/airflow/example_dags/example_task_group.py
[2023-05-01T17:13:13.458+0000] {logging_mixin.py:137} INFO - [2023-05-01T17:13:13.457+0000] {dag.py:2705} INFO - Sync 1 DAGs
[2023-05-01T17:13:13.496+0000] {logging_mixin.py:137} INFO - [2023-05-01T17:13:13.496+0000] {dag.py:3456} INFO - Setting next_dagrun for example_task_group to 2023-04-30T17:13:13.495845+00:00, run_after=2023-05-01T17:13:13.495845+00:00
[2023-05-01T17:13:13.562+0000] {processor.py:175} INFO - Processing /home/airflow/.local/lib/python3.7/site-packages/airflow/example_dags/example_task_group.py took 0.157 seconds
[2023-05-01T17:37:04.191+0000] {processor.py:153} INFO - Started process (PID=69) to work on /home/airflow/.local/lib/python3.7/site-packages/airflow/example_dags/example_task_group.py
[2023-05-01T17:37:04.193+0000] {processor.py:743} INFO - Processing file /home/airflow/.local/lib/python3.7/site-packages/airflow/example_dags/example_task_group.py for tasks to queue
[2023-05-01T17:37:04.194+0000] {logging_mixin.py:137} INFO - [2023-05-01T17:37:04.194+0000] {dagbag.py:532} INFO - Filling up the DagBag from /home/airflow/.local/lib/python3.7/site-packages/airflow/example_dags/example_task_group.py
[2023-05-01T17:37:04.253+0000] {processor.py:753} INFO - DAG(s) dict_keys(['example_task_group']) retrieved from /home/airflow/.local/lib/python3.7/site-packages/airflow/example_dags/example_task_group.py
[2023-05-01T17:37:04.325+0000] {logging_mixin.py:137} INFO - [2023-05-01T17:37:04.325+0000] {dag.py:2705} INFO - Sync 1 DAGs
[2023-05-01T17:37:04.405+0000] {logging_mixin.py:137} INFO - [2023-05-01T17:37:04.405+0000] {dag.py:3456} INFO - Setting next_dagrun for example_task_group to 2023-04-30T17:37:04.401055+00:00, run_after=2023-05-01T17:37:04.401055+00:00
[2023-05-01T17:37:04.523+0000] {processor.py:175} INFO - Processing /home/airflow/.local/lib/python3.7/site-packages/airflow/example_dags/example_task_group.py took 0.334 seconds
[2023-05-01T17:38:16.869+0000] {processor.py:153} INFO - Started process (PID=62) to work on /home/airflow/.local/lib/python3.7/site-packages/airflow/example_dags/example_task_group.py
[2023-05-01T17:38:16.876+0000] {processor.py:743} INFO - Processing file /home/airflow/.local/lib/python3.7/site-packages/airflow/example_dags/example_task_group.py for tasks to queue
[2023-05-01T17:38:16.877+0000] {logging_mixin.py:137} INFO - [2023-05-01T17:38:16.877+0000] {dagbag.py:532} INFO - Filling up the DagBag from /home/airflow/.local/lib/python3.7/site-packages/airflow/example_dags/example_task_group.py
[2023-05-01T17:38:16.935+0000] {processor.py:753} INFO - DAG(s) dict_keys(['example_task_group']) retrieved from /home/airflow/.local/lib/python3.7/site-packages/airflow/example_dags/example_task_group.py
[2023-05-01T17:38:17.065+0000] {logging_mixin.py:137} INFO - [2023-05-01T17:38:17.064+0000] {dag.py:2705} INFO - Sync 1 DAGs
[2023-05-01T17:38:17.202+0000] {logging_mixin.py:137} INFO - [2023-05-01T17:38:17.202+0000] {dag.py:3456} INFO - Setting next_dagrun for example_task_group to 2023-04-30T17:38:17.195620+00:00, run_after=2023-05-01T17:38:17.195620+00:00
[2023-05-01T17:38:17.376+0000] {processor.py:175} INFO - Processing /home/airflow/.local/lib/python3.7/site-packages/airflow/example_dags/example_task_group.py took 0.508 seconds
[2023-05-01T17:41:43.968+0000] {processor.py:153} INFO - Started process (PID=63) to work on /home/airflow/.local/lib/python3.7/site-packages/airflow/example_dags/example_task_group.py
[2023-05-01T17:41:43.977+0000] {processor.py:743} INFO - Processing file /home/airflow/.local/lib/python3.7/site-packages/airflow/example_dags/example_task_group.py for tasks to queue
[2023-05-01T17:41:43.995+0000] {logging_mixin.py:137} INFO - [2023-05-01T17:41:43.993+0000] {dagbag.py:532} INFO - Filling up the DagBag from /home/airflow/.local/lib/python3.7/site-packages/airflow/example_dags/example_task_group.py
[2023-05-01T17:41:44.212+0000] {processor.py:753} INFO - DAG(s) dict_keys(['example_task_group']) retrieved from /home/airflow/.local/lib/python3.7/site-packages/airflow/example_dags/example_task_group.py
[2023-05-01T17:43:22.066+0000] {processor.py:153} INFO - Started process (PID=63) to work on /home/airflow/.local/lib/python3.7/site-packages/airflow/example_dags/example_task_group.py
[2023-05-01T17:43:22.071+0000] {processor.py:743} INFO - Processing file /home/airflow/.local/lib/python3.7/site-packages/airflow/example_dags/example_task_group.py for tasks to queue
[2023-05-01T17:43:22.072+0000] {logging_mixin.py:137} INFO - [2023-05-01T17:43:22.072+0000] {dagbag.py:532} INFO - Filling up the DagBag from /home/airflow/.local/lib/python3.7/site-packages/airflow/example_dags/example_task_group.py
[2023-05-01T17:43:22.139+0000] {processor.py:753} INFO - DAG(s) dict_keys(['example_task_group']) retrieved from /home/airflow/.local/lib/python3.7/site-packages/airflow/example_dags/example_task_group.py
[2023-05-01T17:43:22.228+0000] {logging_mixin.py:137} INFO - [2023-05-01T17:43:22.227+0000] {dag.py:2705} INFO - Sync 1 DAGs
[2023-05-01T17:43:22.389+0000] {logging_mixin.py:137} INFO - [2023-05-01T17:43:22.389+0000] {dag.py:3456} INFO - Setting next_dagrun for example_task_group to 2023-04-30T17:43:22.380873+00:00, run_after=2023-05-01T17:43:22.380873+00:00
[2023-05-01T17:43:22.501+0000] {processor.py:175} INFO - Processing /home/airflow/.local/lib/python3.7/site-packages/airflow/example_dags/example_task_group.py took 0.437 seconds
[2023-05-01T17:44:22.576+0000] {processor.py:153} INFO - Started process (PID=61) to work on /home/airflow/.local/lib/python3.7/site-packages/airflow/example_dags/example_task_group.py
[2023-05-01T17:44:22.579+0000] {processor.py:743} INFO - Processing file /home/airflow/.local/lib/python3.7/site-packages/airflow/example_dags/example_task_group.py for tasks to queue
[2023-05-01T17:44:22.580+0000] {logging_mixin.py:137} INFO - [2023-05-01T17:44:22.580+0000] {dagbag.py:532} INFO - Filling up the DagBag from /home/airflow/.local/lib/python3.7/site-packages/airflow/example_dags/example_task_group.py
[2023-05-01T17:44:22.634+0000] {processor.py:753} INFO - DAG(s) dict_keys(['example_task_group']) retrieved from /home/airflow/.local/lib/python3.7/site-packages/airflow/example_dags/example_task_group.py
[2023-05-01T17:44:22.715+0000] {logging_mixin.py:137} INFO - [2023-05-01T17:44:22.715+0000] {dag.py:2705} INFO - Sync 1 DAGs
[2023-05-01T17:44:22.769+0000] {logging_mixin.py:137} INFO - [2023-05-01T17:44:22.769+0000] {dag.py:3456} INFO - Setting next_dagrun for example_task_group to 2023-04-30T17:44:22.768461+00:00, run_after=2023-05-01T17:44:22.768461+00:00
[2023-05-01T17:44:22.856+0000] {processor.py:175} INFO - Processing /home/airflow/.local/lib/python3.7/site-packages/airflow/example_dags/example_task_group.py took 0.288 seconds
[2023-05-01T17:58:40.930+0000] {processor.py:153} INFO - Started process (PID=62) to work on /home/airflow/.local/lib/python3.7/site-packages/airflow/example_dags/example_task_group.py
[2023-05-01T17:58:40.932+0000] {processor.py:743} INFO - Processing file /home/airflow/.local/lib/python3.7/site-packages/airflow/example_dags/example_task_group.py for tasks to queue
[2023-05-01T17:58:40.934+0000] {logging_mixin.py:137} INFO - [2023-05-01T17:58:40.933+0000] {dagbag.py:532} INFO - Filling up the DagBag from /home/airflow/.local/lib/python3.7/site-packages/airflow/example_dags/example_task_group.py
[2023-05-01T17:58:40.973+0000] {processor.py:753} INFO - DAG(s) dict_keys(['example_task_group']) retrieved from /home/airflow/.local/lib/python3.7/site-packages/airflow/example_dags/example_task_group.py
[2023-05-01T17:58:41.009+0000] {logging_mixin.py:137} INFO - [2023-05-01T17:58:41.009+0000] {dag.py:2705} INFO - Sync 1 DAGs
[2023-05-01T17:58:41.044+0000] {logging_mixin.py:137} INFO - [2023-05-01T17:58:41.044+0000] {dag.py:3456} INFO - Setting next_dagrun for example_task_group to 2023-04-30T17:58:41.044027+00:00, run_after=2023-05-01T17:58:41.044027+00:00
[2023-05-01T17:58:41.070+0000] {processor.py:175} INFO - Processing /home/airflow/.local/lib/python3.7/site-packages/airflow/example_dags/example_task_group.py took 0.144 seconds
[2023-05-01T17:59:06.727+0000] {processor.py:153} INFO - Started process (PID=61) to work on /home/airflow/.local/lib/python3.7/site-packages/airflow/example_dags/example_task_group.py
[2023-05-01T17:59:06.734+0000] {processor.py:743} INFO - Processing file /home/airflow/.local/lib/python3.7/site-packages/airflow/example_dags/example_task_group.py for tasks to queue
[2023-05-01T17:59:06.734+0000] {logging_mixin.py:137} INFO - [2023-05-01T17:59:06.734+0000] {dagbag.py:532} INFO - Filling up the DagBag from /home/airflow/.local/lib/python3.7/site-packages/airflow/example_dags/example_task_group.py
[2023-05-01T17:59:06.750+0000] {processor.py:753} INFO - DAG(s) dict_keys(['example_task_group']) retrieved from /home/airflow/.local/lib/python3.7/site-packages/airflow/example_dags/example_task_group.py
[2023-05-01T17:59:06.766+0000] {logging_mixin.py:137} INFO - [2023-05-01T17:59:06.765+0000] {dag.py:2705} INFO - Sync 1 DAGs
[2023-05-01T17:59:06.826+0000] {logging_mixin.py:137} INFO - [2023-05-01T17:59:06.826+0000] {dag.py:3456} INFO - Setting next_dagrun for example_task_group to 2023-04-30T17:59:06.815214+00:00, run_after=2023-05-01T17:59:06.815214+00:00
[2023-05-01T17:59:06.858+0000] {processor.py:175} INFO - Processing /home/airflow/.local/lib/python3.7/site-packages/airflow/example_dags/example_task_group.py took 0.136 seconds
[2023-05-01T18:02:28.133+0000] {processor.py:153} INFO - Started process (PID=68) to work on /home/airflow/.local/lib/python3.7/site-packages/airflow/example_dags/example_task_group.py
[2023-05-01T18:02:28.136+0000] {processor.py:743} INFO - Processing file /home/airflow/.local/lib/python3.7/site-packages/airflow/example_dags/example_task_group.py for tasks to queue
[2023-05-01T18:02:28.137+0000] {logging_mixin.py:137} INFO - [2023-05-01T18:02:28.137+0000] {dagbag.py:532} INFO - Filling up the DagBag from /home/airflow/.local/lib/python3.7/site-packages/airflow/example_dags/example_task_group.py
[2023-05-01T18:02:28.175+0000] {processor.py:753} INFO - DAG(s) dict_keys(['example_task_group']) retrieved from /home/airflow/.local/lib/python3.7/site-packages/airflow/example_dags/example_task_group.py
[2023-05-01T18:02:28.257+0000] {logging_mixin.py:137} INFO - [2023-05-01T18:02:28.257+0000] {dag.py:2705} INFO - Sync 1 DAGs
[2023-05-01T18:02:28.346+0000] {logging_mixin.py:137} INFO - [2023-05-01T18:02:28.338+0000] {dag.py:3456} INFO - Setting next_dagrun for example_task_group to 2023-04-30T18:02:28.337287+00:00, run_after=2023-05-01T18:02:28.337287+00:00
[2023-05-01T18:02:28.403+0000] {processor.py:175} INFO - Processing /home/airflow/.local/lib/python3.7/site-packages/airflow/example_dags/example_task_group.py took 0.274 seconds
[2023-05-01T18:06:06.030+0000] {processor.py:153} INFO - Started process (PID=61) to work on /home/airflow/.local/lib/python3.7/site-packages/airflow/example_dags/example_task_group.py
[2023-05-01T18:06:06.032+0000] {processor.py:743} INFO - Processing file /home/airflow/.local/lib/python3.7/site-packages/airflow/example_dags/example_task_group.py for tasks to queue
[2023-05-01T18:06:06.033+0000] {logging_mixin.py:137} INFO - [2023-05-01T18:06:06.033+0000] {dagbag.py:532} INFO - Filling up the DagBag from /home/airflow/.local/lib/python3.7/site-packages/airflow/example_dags/example_task_group.py
[2023-05-01T18:06:06.084+0000] {processor.py:753} INFO - DAG(s) dict_keys(['example_task_group']) retrieved from /home/airflow/.local/lib/python3.7/site-packages/airflow/example_dags/example_task_group.py
[2023-05-01T18:06:06.220+0000] {logging_mixin.py:137} INFO - [2023-05-01T18:06:06.215+0000] {dag.py:2705} INFO - Sync 1 DAGs
[2023-05-01T18:06:06.323+0000] {logging_mixin.py:137} INFO - [2023-05-01T18:06:06.320+0000] {dag.py:3456} INFO - Setting next_dagrun for example_task_group to 2023-04-30T18:06:06.319518+00:00, run_after=2023-05-01T18:06:06.319518+00:00
[2023-05-01T18:06:06.412+0000] {processor.py:175} INFO - Processing /home/airflow/.local/lib/python3.7/site-packages/airflow/example_dags/example_task_group.py took 0.387 seconds
