[2023-05-01T12:15:52.483+0000] {processor.py:153} INFO - Started process (PID=67) to work on /home/airflow/.local/lib/python3.7/site-packages/airflow/example_dags/example_latest_only_with_trigger.py
[2023-05-01T12:15:52.503+0000] {processor.py:743} INFO - Processing file /home/airflow/.local/lib/python3.7/site-packages/airflow/example_dags/example_latest_only_with_trigger.py for tasks to queue
[2023-05-01T12:15:52.510+0000] {logging_mixin.py:137} INFO - [2023-05-01T12:15:52.505+0000] {dagbag.py:532} INFO - Filling up the DagBag from /home/airflow/.local/lib/python3.7/site-packages/airflow/example_dags/example_latest_only_with_trigger.py
[2023-05-01T12:15:52.581+0000] {processor.py:753} INFO - DAG(s) dict_keys(['latest_only_with_trigger']) retrieved from /home/airflow/.local/lib/python3.7/site-packages/airflow/example_dags/example_latest_only_with_trigger.py
[2023-05-01T12:15:52.667+0000] {logging_mixin.py:137} INFO - [2023-05-01T12:15:52.666+0000] {dag.py:2705} INFO - Sync 1 DAGs
[2023-05-01T12:15:52.730+0000] {logging_mixin.py:137} INFO - [2023-05-01T12:15:52.729+0000] {dag.py:3456} INFO - Setting next_dagrun for latest_only_with_trigger to 2023-05-01T08:15:52.725293+00:00, run_after=2023-05-01T12:15:52.725293+00:00
[2023-05-01T12:15:52.762+0000] {processor.py:175} INFO - Processing /home/airflow/.local/lib/python3.7/site-packages/airflow/example_dags/example_latest_only_with_trigger.py took 0.287 seconds
[2023-05-01T17:11:53.345+0000] {processor.py:153} INFO - Started process (PID=57) to work on /home/airflow/.local/lib/python3.7/site-packages/airflow/example_dags/example_latest_only_with_trigger.py
[2023-05-01T17:11:53.346+0000] {processor.py:743} INFO - Processing file /home/airflow/.local/lib/python3.7/site-packages/airflow/example_dags/example_latest_only_with_trigger.py for tasks to queue
[2023-05-01T17:11:53.347+0000] {logging_mixin.py:137} INFO - [2023-05-01T17:11:53.347+0000] {dagbag.py:532} INFO - Filling up the DagBag from /home/airflow/.local/lib/python3.7/site-packages/airflow/example_dags/example_latest_only_with_trigger.py
[2023-05-01T17:11:53.403+0000] {processor.py:753} INFO - DAG(s) dict_keys(['latest_only_with_trigger']) retrieved from /home/airflow/.local/lib/python3.7/site-packages/airflow/example_dags/example_latest_only_with_trigger.py
[2023-05-01T17:11:53.437+0000] {logging_mixin.py:137} INFO - [2023-05-01T17:11:53.437+0000] {dag.py:2705} INFO - Sync 1 DAGs
[2023-05-01T17:11:53.459+0000] {logging_mixin.py:137} INFO - [2023-05-01T17:11:53.459+0000] {dag.py:3456} INFO - Setting next_dagrun for latest_only_with_trigger to 2023-05-01T13:11:53.458879+00:00, run_after=2023-05-01T17:11:53.458879+00:00
[2023-05-01T17:11:53.470+0000] {processor.py:175} INFO - Processing /home/airflow/.local/lib/python3.7/site-packages/airflow/example_dags/example_latest_only_with_trigger.py took 0.128 seconds
[2023-05-01T17:13:13.083+0000] {processor.py:153} INFO - Started process (PID=57) to work on /home/airflow/.local/lib/python3.7/site-packages/airflow/example_dags/example_latest_only_with_trigger.py
[2023-05-01T17:13:13.089+0000] {processor.py:743} INFO - Processing file /home/airflow/.local/lib/python3.7/site-packages/airflow/example_dags/example_latest_only_with_trigger.py for tasks to queue
[2023-05-01T17:13:13.096+0000] {logging_mixin.py:137} INFO - [2023-05-01T17:13:13.093+0000] {dagbag.py:532} INFO - Filling up the DagBag from /home/airflow/.local/lib/python3.7/site-packages/airflow/example_dags/example_latest_only_with_trigger.py
[2023-05-01T17:13:13.113+0000] {processor.py:753} INFO - DAG(s) dict_keys(['latest_only_with_trigger']) retrieved from /home/airflow/.local/lib/python3.7/site-packages/airflow/example_dags/example_latest_only_with_trigger.py
[2023-05-01T17:13:13.147+0000] {logging_mixin.py:137} INFO - [2023-05-01T17:13:13.147+0000] {dag.py:2705} INFO - Sync 1 DAGs
[2023-05-01T17:13:13.188+0000] {logging_mixin.py:137} INFO - [2023-05-01T17:13:13.188+0000] {dag.py:3456} INFO - Setting next_dagrun for latest_only_with_trigger to 2023-05-01T13:13:13.183776+00:00, run_after=2023-05-01T17:13:13.183776+00:00
[2023-05-01T17:13:13.212+0000] {processor.py:175} INFO - Processing /home/airflow/.local/lib/python3.7/site-packages/airflow/example_dags/example_latest_only_with_trigger.py took 0.133 seconds
[2023-05-01T17:14:48.801+0000] {processor.py:153} INFO - Started process (PID=59) to work on /home/airflow/.local/lib/python3.7/site-packages/airflow/example_dags/example_latest_only_with_trigger.py
[2023-05-01T17:14:48.818+0000] {processor.py:743} INFO - Processing file /home/airflow/.local/lib/python3.7/site-packages/airflow/example_dags/example_latest_only_with_trigger.py for tasks to queue
[2023-05-01T17:14:48.821+0000] {logging_mixin.py:137} INFO - [2023-05-01T17:14:48.821+0000] {dagbag.py:532} INFO - Filling up the DagBag from /home/airflow/.local/lib/python3.7/site-packages/airflow/example_dags/example_latest_only_with_trigger.py
[2023-05-01T17:14:48.945+0000] {processor.py:753} INFO - DAG(s) dict_keys(['latest_only_with_trigger']) retrieved from /home/airflow/.local/lib/python3.7/site-packages/airflow/example_dags/example_latest_only_with_trigger.py
[2023-05-01T17:14:49.175+0000] {logging_mixin.py:137} INFO - [2023-05-01T17:14:49.170+0000] {dag.py:2705} INFO - Sync 1 DAGs
[2023-05-01T17:14:49.376+0000] {logging_mixin.py:137} INFO - [2023-05-01T17:14:49.373+0000] {dag.py:3456} INFO - Setting next_dagrun for latest_only_with_trigger to 2023-05-01T13:14:49.369149+00:00, run_after=2023-05-01T17:14:49.369149+00:00
[2023-05-01T17:37:03.227+0000] {processor.py:153} INFO - Started process (PID=65) to work on /home/airflow/.local/lib/python3.7/site-packages/airflow/example_dags/example_latest_only_with_trigger.py
[2023-05-01T17:37:03.237+0000] {processor.py:743} INFO - Processing file /home/airflow/.local/lib/python3.7/site-packages/airflow/example_dags/example_latest_only_with_trigger.py for tasks to queue
[2023-05-01T17:37:03.240+0000] {logging_mixin.py:137} INFO - [2023-05-01T17:37:03.240+0000] {dagbag.py:532} INFO - Filling up the DagBag from /home/airflow/.local/lib/python3.7/site-packages/airflow/example_dags/example_latest_only_with_trigger.py
[2023-05-01T17:37:03.379+0000] {processor.py:753} INFO - DAG(s) dict_keys(['latest_only_with_trigger']) retrieved from /home/airflow/.local/lib/python3.7/site-packages/airflow/example_dags/example_latest_only_with_trigger.py
[2023-05-01T17:37:03.689+0000] {logging_mixin.py:137} INFO - [2023-05-01T17:37:03.689+0000] {dag.py:2705} INFO - Sync 1 DAGs
[2023-05-01T17:37:03.749+0000] {logging_mixin.py:137} INFO - [2023-05-01T17:37:03.749+0000] {dag.py:3456} INFO - Setting next_dagrun for latest_only_with_trigger to 2023-05-01T13:37:03.747464+00:00, run_after=2023-05-01T17:37:03.747464+00:00
[2023-05-01T17:37:03.838+0000] {processor.py:175} INFO - Processing /home/airflow/.local/lib/python3.7/site-packages/airflow/example_dags/example_latest_only_with_trigger.py took 0.625 seconds
[2023-05-01T17:38:16.411+0000] {processor.py:153} INFO - Started process (PID=58) to work on /home/airflow/.local/lib/python3.7/site-packages/airflow/example_dags/example_latest_only_with_trigger.py
[2023-05-01T17:38:16.413+0000] {processor.py:743} INFO - Processing file /home/airflow/.local/lib/python3.7/site-packages/airflow/example_dags/example_latest_only_with_trigger.py for tasks to queue
[2023-05-01T17:38:16.414+0000] {logging_mixin.py:137} INFO - [2023-05-01T17:38:16.414+0000] {dagbag.py:532} INFO - Filling up the DagBag from /home/airflow/.local/lib/python3.7/site-packages/airflow/example_dags/example_latest_only_with_trigger.py
[2023-05-01T17:38:16.443+0000] {processor.py:753} INFO - DAG(s) dict_keys(['latest_only_with_trigger']) retrieved from /home/airflow/.local/lib/python3.7/site-packages/airflow/example_dags/example_latest_only_with_trigger.py
[2023-05-01T17:38:16.495+0000] {logging_mixin.py:137} INFO - [2023-05-01T17:38:16.494+0000] {dag.py:2705} INFO - Sync 1 DAGs
[2023-05-01T17:38:16.589+0000] {logging_mixin.py:137} INFO - [2023-05-01T17:38:16.588+0000] {dag.py:3456} INFO - Setting next_dagrun for latest_only_with_trigger to 2023-05-01T13:38:16.587085+00:00, run_after=2023-05-01T17:38:16.587085+00:00
[2023-05-01T17:38:16.650+0000] {processor.py:175} INFO - Processing /home/airflow/.local/lib/python3.7/site-packages/airflow/example_dags/example_latest_only_with_trigger.py took 0.247 seconds
[2023-05-01T17:41:35.035+0000] {processor.py:153} INFO - Started process (PID=59) to work on /home/airflow/.local/lib/python3.7/site-packages/airflow/example_dags/example_latest_only_with_trigger.py
[2023-05-01T17:41:35.037+0000] {processor.py:743} INFO - Processing file /home/airflow/.local/lib/python3.7/site-packages/airflow/example_dags/example_latest_only_with_trigger.py for tasks to queue
[2023-05-01T17:41:35.041+0000] {logging_mixin.py:137} INFO - [2023-05-01T17:41:35.040+0000] {dagbag.py:532} INFO - Filling up the DagBag from /home/airflow/.local/lib/python3.7/site-packages/airflow/example_dags/example_latest_only_with_trigger.py
[2023-05-01T17:41:35.078+0000] {processor.py:753} INFO - DAG(s) dict_keys(['latest_only_with_trigger']) retrieved from /home/airflow/.local/lib/python3.7/site-packages/airflow/example_dags/example_latest_only_with_trigger.py
[2023-05-01T17:41:35.160+0000] {logging_mixin.py:137} INFO - [2023-05-01T17:41:35.160+0000] {dag.py:2705} INFO - Sync 1 DAGs
[2023-05-01T17:41:35.211+0000] {logging_mixin.py:137} INFO - [2023-05-01T17:41:35.198+0000] {dag.py:3456} INFO - Setting next_dagrun for latest_only_with_trigger to 2023-05-01T13:41:35.193189+00:00, run_after=2023-05-01T17:41:35.193189+00:00
[2023-05-01T17:41:35.466+0000] {processor.py:175} INFO - Processing /home/airflow/.local/lib/python3.7/site-packages/airflow/example_dags/example_latest_only_with_trigger.py took 0.439 seconds
[2023-05-01T17:43:15.538+0000] {processor.py:153} INFO - Started process (PID=59) to work on /home/airflow/.local/lib/python3.7/site-packages/airflow/example_dags/example_latest_only_with_trigger.py
[2023-05-01T17:43:15.539+0000] {processor.py:743} INFO - Processing file /home/airflow/.local/lib/python3.7/site-packages/airflow/example_dags/example_latest_only_with_trigger.py for tasks to queue
[2023-05-01T17:43:15.540+0000] {logging_mixin.py:137} INFO - [2023-05-01T17:43:15.539+0000] {dagbag.py:532} INFO - Filling up the DagBag from /home/airflow/.local/lib/python3.7/site-packages/airflow/example_dags/example_latest_only_with_trigger.py
[2023-05-01T17:43:15.591+0000] {processor.py:753} INFO - DAG(s) dict_keys(['latest_only_with_trigger']) retrieved from /home/airflow/.local/lib/python3.7/site-packages/airflow/example_dags/example_latest_only_with_trigger.py
[2023-05-01T17:43:16.112+0000] {logging_mixin.py:137} INFO - [2023-05-01T17:43:16.109+0000] {dag.py:2705} INFO - Sync 1 DAGs
[2023-05-01T17:43:21.281+0000] {logging_mixin.py:137} INFO - [2023-05-01T17:43:21.281+0000] {dag.py:3456} INFO - Setting next_dagrun for latest_only_with_trigger to 2023-05-01T13:43:21.280433+00:00, run_after=2023-05-01T17:43:21.280433+00:00
[2023-05-01T17:43:21.373+0000] {processor.py:175} INFO - Processing /home/airflow/.local/lib/python3.7/site-packages/airflow/example_dags/example_latest_only_with_trigger.py took 5.846 seconds
[2023-05-01T17:44:21.596+0000] {processor.py:153} INFO - Started process (PID=57) to work on /home/airflow/.local/lib/python3.7/site-packages/airflow/example_dags/example_latest_only_with_trigger.py
[2023-05-01T17:44:21.598+0000] {processor.py:743} INFO - Processing file /home/airflow/.local/lib/python3.7/site-packages/airflow/example_dags/example_latest_only_with_trigger.py for tasks to queue
[2023-05-01T17:44:21.600+0000] {logging_mixin.py:137} INFO - [2023-05-01T17:44:21.600+0000] {dagbag.py:532} INFO - Filling up the DagBag from /home/airflow/.local/lib/python3.7/site-packages/airflow/example_dags/example_latest_only_with_trigger.py
[2023-05-01T17:44:21.683+0000] {processor.py:753} INFO - DAG(s) dict_keys(['latest_only_with_trigger']) retrieved from /home/airflow/.local/lib/python3.7/site-packages/airflow/example_dags/example_latest_only_with_trigger.py
[2023-05-01T17:44:21.736+0000] {logging_mixin.py:137} INFO - [2023-05-01T17:44:21.734+0000] {dag.py:2705} INFO - Sync 1 DAGs
[2023-05-01T17:44:21.836+0000] {logging_mixin.py:137} INFO - [2023-05-01T17:44:21.832+0000] {dag.py:3456} INFO - Setting next_dagrun for latest_only_with_trigger to 2023-05-01T13:44:21.827264+00:00, run_after=2023-05-01T17:44:21.827264+00:00
[2023-05-01T17:44:21.921+0000] {processor.py:175} INFO - Processing /home/airflow/.local/lib/python3.7/site-packages/airflow/example_dags/example_latest_only_with_trigger.py took 0.343 seconds
[2023-05-01T17:58:40.371+0000] {processor.py:153} INFO - Started process (PID=58) to work on /home/airflow/.local/lib/python3.7/site-packages/airflow/example_dags/example_latest_only_with_trigger.py
[2023-05-01T17:58:40.375+0000] {processor.py:743} INFO - Processing file /home/airflow/.local/lib/python3.7/site-packages/airflow/example_dags/example_latest_only_with_trigger.py for tasks to queue
[2023-05-01T17:58:40.382+0000] {logging_mixin.py:137} INFO - [2023-05-01T17:58:40.382+0000] {dagbag.py:532} INFO - Filling up the DagBag from /home/airflow/.local/lib/python3.7/site-packages/airflow/example_dags/example_latest_only_with_trigger.py
[2023-05-01T17:58:40.409+0000] {processor.py:753} INFO - DAG(s) dict_keys(['latest_only_with_trigger']) retrieved from /home/airflow/.local/lib/python3.7/site-packages/airflow/example_dags/example_latest_only_with_trigger.py
[2023-05-01T17:58:40.464+0000] {logging_mixin.py:137} INFO - [2023-05-01T17:58:40.464+0000] {dag.py:2705} INFO - Sync 1 DAGs
[2023-05-01T17:58:40.532+0000] {logging_mixin.py:137} INFO - [2023-05-01T17:58:40.532+0000] {dag.py:3456} INFO - Setting next_dagrun for latest_only_with_trigger to 2023-05-01T13:58:40.531827+00:00, run_after=2023-05-01T17:58:40.531827+00:00
[2023-05-01T17:58:40.578+0000] {processor.py:175} INFO - Processing /home/airflow/.local/lib/python3.7/site-packages/airflow/example_dags/example_latest_only_with_trigger.py took 0.213 seconds
[2023-05-01T17:59:06.089+0000] {processor.py:153} INFO - Started process (PID=57) to work on /home/airflow/.local/lib/python3.7/site-packages/airflow/example_dags/example_latest_only_with_trigger.py
[2023-05-01T17:59:06.090+0000] {processor.py:743} INFO - Processing file /home/airflow/.local/lib/python3.7/site-packages/airflow/example_dags/example_latest_only_with_trigger.py for tasks to queue
[2023-05-01T17:59:06.091+0000] {logging_mixin.py:137} INFO - [2023-05-01T17:59:06.090+0000] {dagbag.py:532} INFO - Filling up the DagBag from /home/airflow/.local/lib/python3.7/site-packages/airflow/example_dags/example_latest_only_with_trigger.py
[2023-05-01T17:59:06.137+0000] {processor.py:753} INFO - DAG(s) dict_keys(['latest_only_with_trigger']) retrieved from /home/airflow/.local/lib/python3.7/site-packages/airflow/example_dags/example_latest_only_with_trigger.py
[2023-05-01T17:59:06.301+0000] {logging_mixin.py:137} INFO - [2023-05-01T17:59:06.298+0000] {dag.py:2705} INFO - Sync 1 DAGs
[2023-05-01T17:59:06.398+0000] {logging_mixin.py:137} INFO - [2023-05-01T17:59:06.397+0000] {dag.py:3456} INFO - Setting next_dagrun for latest_only_with_trigger to 2023-05-01T13:59:06.394640+00:00, run_after=2023-05-01T17:59:06.394640+00:00
[2023-05-01T17:59:06.516+0000] {processor.py:175} INFO - Processing /home/airflow/.local/lib/python3.7/site-packages/airflow/example_dags/example_latest_only_with_trigger.py took 0.432 seconds
[2023-05-01T18:02:27.775+0000] {processor.py:153} INFO - Started process (PID=64) to work on /home/airflow/.local/lib/python3.7/site-packages/airflow/example_dags/example_latest_only_with_trigger.py
[2023-05-01T18:02:27.782+0000] {processor.py:743} INFO - Processing file /home/airflow/.local/lib/python3.7/site-packages/airflow/example_dags/example_latest_only_with_trigger.py for tasks to queue
[2023-05-01T18:02:27.783+0000] {logging_mixin.py:137} INFO - [2023-05-01T18:02:27.782+0000] {dagbag.py:532} INFO - Filling up the DagBag from /home/airflow/.local/lib/python3.7/site-packages/airflow/example_dags/example_latest_only_with_trigger.py
[2023-05-01T18:02:27.830+0000] {processor.py:753} INFO - DAG(s) dict_keys(['latest_only_with_trigger']) retrieved from /home/airflow/.local/lib/python3.7/site-packages/airflow/example_dags/example_latest_only_with_trigger.py
[2023-05-01T18:02:27.903+0000] {logging_mixin.py:137} INFO - [2023-05-01T18:02:27.903+0000] {dag.py:2705} INFO - Sync 1 DAGs
[2023-05-01T18:02:27.939+0000] {logging_mixin.py:137} INFO - [2023-05-01T18:02:27.939+0000] {dag.py:3456} INFO - Setting next_dagrun for latest_only_with_trigger to 2023-05-01T14:02:27.934275+00:00, run_after=2023-05-01T18:02:27.934275+00:00
[2023-05-01T18:02:27.959+0000] {processor.py:175} INFO - Processing /home/airflow/.local/lib/python3.7/site-packages/airflow/example_dags/example_latest_only_with_trigger.py took 0.189 seconds
[2023-05-01T18:06:05.237+0000] {processor.py:153} INFO - Started process (PID=57) to work on /home/airflow/.local/lib/python3.7/site-packages/airflow/example_dags/example_latest_only_with_trigger.py
[2023-05-01T18:06:05.239+0000] {processor.py:743} INFO - Processing file /home/airflow/.local/lib/python3.7/site-packages/airflow/example_dags/example_latest_only_with_trigger.py for tasks to queue
[2023-05-01T18:06:05.240+0000] {logging_mixin.py:137} INFO - [2023-05-01T18:06:05.239+0000] {dagbag.py:532} INFO - Filling up the DagBag from /home/airflow/.local/lib/python3.7/site-packages/airflow/example_dags/example_latest_only_with_trigger.py
[2023-05-01T18:06:05.299+0000] {processor.py:753} INFO - DAG(s) dict_keys(['latest_only_with_trigger']) retrieved from /home/airflow/.local/lib/python3.7/site-packages/airflow/example_dags/example_latest_only_with_trigger.py
[2023-05-01T18:06:05.513+0000] {logging_mixin.py:137} INFO - [2023-05-01T18:06:05.512+0000] {dag.py:2705} INFO - Sync 1 DAGs
[2023-05-01T18:06:05.573+0000] {logging_mixin.py:137} INFO - [2023-05-01T18:06:05.573+0000] {dag.py:3456} INFO - Setting next_dagrun for latest_only_with_trigger to 2023-05-01T14:06:05.562889+00:00, run_after=2023-05-01T18:06:05.562889+00:00
[2023-05-01T18:06:05.602+0000] {processor.py:175} INFO - Processing /home/airflow/.local/lib/python3.7/site-packages/airflow/example_dags/example_latest_only_with_trigger.py took 0.376 seconds
