[2023-05-01T11:41:52.703+0000] {processor.py:153} INFO - Started process (PID=46) to work on /home/airflow/.local/lib/python3.7/site-packages/airflow/example_dags/example_branch_labels.py
[2023-05-01T11:41:52.705+0000] {processor.py:743} INFO - Processing file /home/airflow/.local/lib/python3.7/site-packages/airflow/example_dags/example_branch_labels.py for tasks to queue
[2023-05-01T11:41:52.706+0000] {logging_mixin.py:137} INFO - [2023-05-01T11:41:52.706+0000] {dagbag.py:532} INFO - Filling up the DagBag from /home/airflow/.local/lib/python3.7/site-packages/airflow/example_dags/example_branch_labels.py
[2023-05-01T11:41:52.794+0000] {processor.py:753} INFO - DAG(s) dict_keys(['example_branch_labels']) retrieved from /home/airflow/.local/lib/python3.7/site-packages/airflow/example_dags/example_branch_labels.py
[2023-05-01T11:41:52.890+0000] {logging_mixin.py:137} INFO - [2023-05-01T11:41:52.889+0000] {dag.py:2705} INFO - Sync 1 DAGs
[2023-05-01T11:41:52.970+0000] {logging_mixin.py:137} INFO - [2023-05-01T11:41:52.969+0000] {dag.py:3456} INFO - Setting next_dagrun for example_branch_labels to 2023-04-30T00:00:00+00:00, run_after=2023-05-01T00:00:00+00:00
[2023-05-01T11:41:53.039+0000] {processor.py:175} INFO - Processing /home/airflow/.local/lib/python3.7/site-packages/airflow/example_dags/example_branch_labels.py took 0.343 seconds
[2023-05-01T17:11:49.116+0000] {processor.py:153} INFO - Started process (PID=36) to work on /home/airflow/.local/lib/python3.7/site-packages/airflow/example_dags/example_branch_labels.py
[2023-05-01T17:11:49.127+0000] {processor.py:743} INFO - Processing file /home/airflow/.local/lib/python3.7/site-packages/airflow/example_dags/example_branch_labels.py for tasks to queue
[2023-05-01T17:11:49.127+0000] {logging_mixin.py:137} INFO - [2023-05-01T17:11:49.127+0000] {dagbag.py:532} INFO - Filling up the DagBag from /home/airflow/.local/lib/python3.7/site-packages/airflow/example_dags/example_branch_labels.py
[2023-05-01T17:11:49.197+0000] {processor.py:753} INFO - DAG(s) dict_keys(['example_branch_labels']) retrieved from /home/airflow/.local/lib/python3.7/site-packages/airflow/example_dags/example_branch_labels.py
[2023-05-01T17:11:49.298+0000] {logging_mixin.py:137} INFO - [2023-05-01T17:11:49.297+0000] {dag.py:2705} INFO - Sync 1 DAGs
[2023-05-01T17:11:49.380+0000] {logging_mixin.py:137} INFO - [2023-05-01T17:11:49.380+0000] {dag.py:3456} INFO - Setting next_dagrun for example_branch_labels to 2023-04-30T00:00:00+00:00, run_after=2023-05-01T00:00:00+00:00
[2023-05-01T17:11:49.418+0000] {processor.py:175} INFO - Processing /home/airflow/.local/lib/python3.7/site-packages/airflow/example_dags/example_branch_labels.py took 0.314 seconds
[2023-05-01T17:13:09.669+0000] {processor.py:153} INFO - Started process (PID=36) to work on /home/airflow/.local/lib/python3.7/site-packages/airflow/example_dags/example_branch_labels.py
[2023-05-01T17:13:09.672+0000] {processor.py:743} INFO - Processing file /home/airflow/.local/lib/python3.7/site-packages/airflow/example_dags/example_branch_labels.py for tasks to queue
[2023-05-01T17:13:09.674+0000] {logging_mixin.py:137} INFO - [2023-05-01T17:13:09.674+0000] {dagbag.py:532} INFO - Filling up the DagBag from /home/airflow/.local/lib/python3.7/site-packages/airflow/example_dags/example_branch_labels.py
[2023-05-01T17:13:09.739+0000] {processor.py:753} INFO - DAG(s) dict_keys(['example_branch_labels']) retrieved from /home/airflow/.local/lib/python3.7/site-packages/airflow/example_dags/example_branch_labels.py
[2023-05-01T17:13:09.779+0000] {logging_mixin.py:137} INFO - [2023-05-01T17:13:09.779+0000] {dag.py:2705} INFO - Sync 1 DAGs
[2023-05-01T17:13:09.860+0000] {logging_mixin.py:137} INFO - [2023-05-01T17:13:09.859+0000] {dag.py:3456} INFO - Setting next_dagrun for example_branch_labels to 2023-04-30T00:00:00+00:00, run_after=2023-05-01T00:00:00+00:00
[2023-05-01T17:13:09.908+0000] {processor.py:175} INFO - Processing /home/airflow/.local/lib/python3.7/site-packages/airflow/example_dags/example_branch_labels.py took 0.242 seconds
[2023-05-01T17:14:31.966+0000] {processor.py:153} INFO - Started process (PID=36) to work on /home/airflow/.local/lib/python3.7/site-packages/airflow/example_dags/example_branch_labels.py
[2023-05-01T17:14:31.968+0000] {processor.py:743} INFO - Processing file /home/airflow/.local/lib/python3.7/site-packages/airflow/example_dags/example_branch_labels.py for tasks to queue
[2023-05-01T17:14:31.969+0000] {logging_mixin.py:137} INFO - [2023-05-01T17:14:31.969+0000] {dagbag.py:532} INFO - Filling up the DagBag from /home/airflow/.local/lib/python3.7/site-packages/airflow/example_dags/example_branch_labels.py
[2023-05-01T17:14:32.011+0000] {processor.py:753} INFO - DAG(s) dict_keys(['example_branch_labels']) retrieved from /home/airflow/.local/lib/python3.7/site-packages/airflow/example_dags/example_branch_labels.py
[2023-05-01T17:14:32.072+0000] {logging_mixin.py:137} INFO - [2023-05-01T17:14:32.072+0000] {dag.py:2705} INFO - Sync 1 DAGs
[2023-05-01T17:14:32.108+0000] {logging_mixin.py:137} INFO - [2023-05-01T17:14:32.108+0000] {dag.py:3456} INFO - Setting next_dagrun for example_branch_labels to 2023-04-30T00:00:00+00:00, run_after=2023-05-01T00:00:00+00:00
[2023-05-01T17:14:32.137+0000] {processor.py:175} INFO - Processing /home/airflow/.local/lib/python3.7/site-packages/airflow/example_dags/example_branch_labels.py took 0.180 seconds
[2023-05-01T17:15:37.655+0000] {processor.py:153} INFO - Started process (PID=36) to work on /home/airflow/.local/lib/python3.7/site-packages/airflow/example_dags/example_branch_labels.py
[2023-05-01T17:15:37.662+0000] {processor.py:743} INFO - Processing file /home/airflow/.local/lib/python3.7/site-packages/airflow/example_dags/example_branch_labels.py for tasks to queue
[2023-05-01T17:15:37.668+0000] {logging_mixin.py:137} INFO - [2023-05-01T17:15:37.668+0000] {dagbag.py:532} INFO - Filling up the DagBag from /home/airflow/.local/lib/python3.7/site-packages/airflow/example_dags/example_branch_labels.py
[2023-05-01T17:15:37.690+0000] {processor.py:753} INFO - DAG(s) dict_keys(['example_branch_labels']) retrieved from /home/airflow/.local/lib/python3.7/site-packages/airflow/example_dags/example_branch_labels.py
[2023-05-01T17:15:37.780+0000] {logging_mixin.py:137} INFO - [2023-05-01T17:15:37.780+0000] {dag.py:2705} INFO - Sync 1 DAGs
[2023-05-01T17:15:37.850+0000] {logging_mixin.py:137} INFO - [2023-05-01T17:15:37.849+0000] {dag.py:3456} INFO - Setting next_dagrun for example_branch_labels to 2023-04-30T00:00:00+00:00, run_after=2023-05-01T00:00:00+00:00
[2023-05-01T17:15:37.888+0000] {processor.py:175} INFO - Processing /home/airflow/.local/lib/python3.7/site-packages/airflow/example_dags/example_branch_labels.py took 0.235 seconds
[2023-05-01T17:21:16.564+0000] {processor.py:153} INFO - Started process (PID=37) to work on /home/airflow/.local/lib/python3.7/site-packages/airflow/example_dags/example_branch_labels.py
[2023-05-01T17:21:16.571+0000] {processor.py:743} INFO - Processing file /home/airflow/.local/lib/python3.7/site-packages/airflow/example_dags/example_branch_labels.py for tasks to queue
[2023-05-01T17:21:16.572+0000] {logging_mixin.py:137} INFO - [2023-05-01T17:21:16.572+0000] {dagbag.py:532} INFO - Filling up the DagBag from /home/airflow/.local/lib/python3.7/site-packages/airflow/example_dags/example_branch_labels.py
[2023-05-01T17:21:16.661+0000] {processor.py:753} INFO - DAG(s) dict_keys(['example_branch_labels']) retrieved from /home/airflow/.local/lib/python3.7/site-packages/airflow/example_dags/example_branch_labels.py
[2023-05-01T17:21:19.041+0000] {logging_mixin.py:137} INFO - [2023-05-01T17:21:18.913+0000] {dag.py:2705} INFO - Sync 1 DAGs
[2023-05-01T17:21:24.848+0000] {logging_mixin.py:137} INFO - [2023-05-01T17:21:24.843+0000] {dag.py:3456} INFO - Setting next_dagrun for example_branch_labels to 2023-04-30T00:00:00+00:00, run_after=2023-05-01T00:00:00+00:00
[2023-05-01T17:21:34.196+0000] {processor.py:153} INFO - Started process (PID=36) to work on /home/airflow/.local/lib/python3.7/site-packages/airflow/example_dags/example_branch_labels.py
[2023-05-01T17:21:34.201+0000] {processor.py:743} INFO - Processing file /home/airflow/.local/lib/python3.7/site-packages/airflow/example_dags/example_branch_labels.py for tasks to queue
[2023-05-01T17:21:34.203+0000] {logging_mixin.py:137} INFO - [2023-05-01T17:21:34.203+0000] {dagbag.py:532} INFO - Filling up the DagBag from /home/airflow/.local/lib/python3.7/site-packages/airflow/example_dags/example_branch_labels.py
[2023-05-01T17:21:34.284+0000] {processor.py:753} INFO - DAG(s) dict_keys(['example_branch_labels']) retrieved from /home/airflow/.local/lib/python3.7/site-packages/airflow/example_dags/example_branch_labels.py
[2023-05-01T17:21:34.385+0000] {logging_mixin.py:137} INFO - [2023-05-01T17:21:34.384+0000] {dag.py:2705} INFO - Sync 1 DAGs
[2023-05-01T17:21:34.445+0000] {logging_mixin.py:137} INFO - [2023-05-01T17:21:34.444+0000] {dag.py:3456} INFO - Setting next_dagrun for example_branch_labels to 2023-04-30T00:00:00+00:00, run_after=2023-05-01T00:00:00+00:00
[2023-05-01T17:21:34.486+0000] {processor.py:175} INFO - Processing /home/airflow/.local/lib/python3.7/site-packages/airflow/example_dags/example_branch_labels.py took 0.301 seconds
[2023-05-01T17:23:20.405+0000] {processor.py:153} INFO - Started process (PID=36) to work on /home/airflow/.local/lib/python3.7/site-packages/airflow/example_dags/example_branch_labels.py
[2023-05-01T17:23:20.411+0000] {processor.py:743} INFO - Processing file /home/airflow/.local/lib/python3.7/site-packages/airflow/example_dags/example_branch_labels.py for tasks to queue
[2023-05-01T17:23:20.416+0000] {logging_mixin.py:137} INFO - [2023-05-01T17:23:20.416+0000] {dagbag.py:532} INFO - Filling up the DagBag from /home/airflow/.local/lib/python3.7/site-packages/airflow/example_dags/example_branch_labels.py
[2023-05-01T17:23:20.591+0000] {processor.py:753} INFO - DAG(s) dict_keys(['example_branch_labels']) retrieved from /home/airflow/.local/lib/python3.7/site-packages/airflow/example_dags/example_branch_labels.py
[2023-05-01T17:23:20.781+0000] {logging_mixin.py:137} INFO - [2023-05-01T17:23:20.779+0000] {dag.py:2705} INFO - Sync 1 DAGs
[2023-05-01T17:23:20.952+0000] {logging_mixin.py:137} INFO - [2023-05-01T17:23:20.950+0000] {dag.py:3456} INFO - Setting next_dagrun for example_branch_labels to 2023-04-30T00:00:00+00:00, run_after=2023-05-01T00:00:00+00:00
[2023-05-01T17:23:21.806+0000] {processor.py:175} INFO - Processing /home/airflow/.local/lib/python3.7/site-packages/airflow/example_dags/example_branch_labels.py took 1.410 seconds
[2023-05-01T17:23:50.883+0000] {processor.py:153} INFO - Started process (PID=42) to work on /home/airflow/.local/lib/python3.7/site-packages/airflow/example_dags/example_branch_labels.py
[2023-05-01T17:23:50.890+0000] {processor.py:743} INFO - Processing file /home/airflow/.local/lib/python3.7/site-packages/airflow/example_dags/example_branch_labels.py for tasks to queue
[2023-05-01T17:23:50.892+0000] {logging_mixin.py:137} INFO - [2023-05-01T17:23:50.892+0000] {dagbag.py:532} INFO - Filling up the DagBag from /home/airflow/.local/lib/python3.7/site-packages/airflow/example_dags/example_branch_labels.py
[2023-05-01T17:23:51.174+0000] {processor.py:753} INFO - DAG(s) dict_keys(['example_branch_labels']) retrieved from /home/airflow/.local/lib/python3.7/site-packages/airflow/example_dags/example_branch_labels.py
[2023-05-01T17:23:51.380+0000] {logging_mixin.py:137} INFO - [2023-05-01T17:23:51.377+0000] {dag.py:2705} INFO - Sync 1 DAGs
[2023-05-01T17:23:55.824+0000] {logging_mixin.py:137} INFO - [2023-05-01T17:23:55.823+0000] {dag.py:3456} INFO - Setting next_dagrun for example_branch_labels to 2023-04-30T00:00:00+00:00, run_after=2023-05-01T00:00:00+00:00
[2023-05-01T17:23:55.947+0000] {processor.py:175} INFO - Processing /home/airflow/.local/lib/python3.7/site-packages/airflow/example_dags/example_branch_labels.py took 5.084 seconds
[2023-05-01T17:24:23.904+0000] {processor.py:153} INFO - Started process (PID=36) to work on /home/airflow/.local/lib/python3.7/site-packages/airflow/example_dags/example_branch_labels.py
[2023-05-01T17:24:23.904+0000] {processor.py:743} INFO - Processing file /home/airflow/.local/lib/python3.7/site-packages/airflow/example_dags/example_branch_labels.py for tasks to queue
[2023-05-01T17:24:23.905+0000] {logging_mixin.py:137} INFO - [2023-05-01T17:24:23.905+0000] {dagbag.py:532} INFO - Filling up the DagBag from /home/airflow/.local/lib/python3.7/site-packages/airflow/example_dags/example_branch_labels.py
[2023-05-01T17:24:24.041+0000] {processor.py:753} INFO - DAG(s) dict_keys(['example_branch_labels']) retrieved from /home/airflow/.local/lib/python3.7/site-packages/airflow/example_dags/example_branch_labels.py
[2023-05-01T17:25:06.099+0000] {processor.py:153} INFO - Started process (PID=37) to work on /home/airflow/.local/lib/python3.7/site-packages/airflow/example_dags/example_branch_labels.py
[2023-05-01T17:25:06.099+0000] {processor.py:743} INFO - Processing file /home/airflow/.local/lib/python3.7/site-packages/airflow/example_dags/example_branch_labels.py for tasks to queue
[2023-05-01T17:25:06.100+0000] {logging_mixin.py:137} INFO - [2023-05-01T17:25:06.100+0000] {dagbag.py:532} INFO - Filling up the DagBag from /home/airflow/.local/lib/python3.7/site-packages/airflow/example_dags/example_branch_labels.py
[2023-05-01T17:25:06.112+0000] {processor.py:753} INFO - DAG(s) dict_keys(['example_branch_labels']) retrieved from /home/airflow/.local/lib/python3.7/site-packages/airflow/example_dags/example_branch_labels.py
[2023-05-01T17:25:06.151+0000] {logging_mixin.py:137} INFO - [2023-05-01T17:25:06.151+0000] {dag.py:2705} INFO - Sync 1 DAGs
[2023-05-01T17:25:06.181+0000] {logging_mixin.py:137} INFO - [2023-05-01T17:25:06.181+0000] {dag.py:3456} INFO - Setting next_dagrun for example_branch_labels to 2023-04-30T00:00:00+00:00, run_after=2023-05-01T00:00:00+00:00
[2023-05-01T17:25:06.197+0000] {processor.py:175} INFO - Processing /home/airflow/.local/lib/python3.7/site-packages/airflow/example_dags/example_branch_labels.py took 0.100 seconds
[2023-05-01T17:25:19.663+0000] {processor.py:153} INFO - Started process (PID=36) to work on /home/airflow/.local/lib/python3.7/site-packages/airflow/example_dags/example_branch_labels.py
[2023-05-01T17:25:19.687+0000] {processor.py:743} INFO - Processing file /home/airflow/.local/lib/python3.7/site-packages/airflow/example_dags/example_branch_labels.py for tasks to queue
[2023-05-01T17:25:19.692+0000] {logging_mixin.py:137} INFO - [2023-05-01T17:25:19.692+0000] {dagbag.py:532} INFO - Filling up the DagBag from /home/airflow/.local/lib/python3.7/site-packages/airflow/example_dags/example_branch_labels.py
[2023-05-01T17:25:19.985+0000] {processor.py:753} INFO - DAG(s) dict_keys(['example_branch_labels']) retrieved from /home/airflow/.local/lib/python3.7/site-packages/airflow/example_dags/example_branch_labels.py
[2023-05-01T17:31:45.281+0000] {processor.py:153} INFO - Started process (PID=35) to work on /home/airflow/.local/lib/python3.7/site-packages/airflow/example_dags/example_branch_labels.py
[2023-05-01T17:31:45.283+0000] {processor.py:743} INFO - Processing file /home/airflow/.local/lib/python3.7/site-packages/airflow/example_dags/example_branch_labels.py for tasks to queue
[2023-05-01T17:31:45.288+0000] {logging_mixin.py:137} INFO - [2023-05-01T17:31:45.284+0000] {dagbag.py:532} INFO - Filling up the DagBag from /home/airflow/.local/lib/python3.7/site-packages/airflow/example_dags/example_branch_labels.py
[2023-05-01T17:31:45.345+0000] {processor.py:753} INFO - DAG(s) dict_keys(['example_branch_labels']) retrieved from /home/airflow/.local/lib/python3.7/site-packages/airflow/example_dags/example_branch_labels.py
[2023-05-01T17:31:45.417+0000] {logging_mixin.py:137} INFO - [2023-05-01T17:31:45.416+0000] {dag.py:2705} INFO - Sync 1 DAGs
[2023-05-01T17:31:45.563+0000] {logging_mixin.py:137} INFO - [2023-05-01T17:31:45.559+0000] {dag.py:3456} INFO - Setting next_dagrun for example_branch_labels to 2023-04-30T00:00:00+00:00, run_after=2023-05-01T00:00:00+00:00
[2023-05-01T17:31:45.959+0000] {processor.py:175} INFO - Processing /home/airflow/.local/lib/python3.7/site-packages/airflow/example_dags/example_branch_labels.py took 0.692 seconds
[2023-05-01T17:32:16.456+0000] {processor.py:153} INFO - Started process (PID=35) to work on /home/airflow/.local/lib/python3.7/site-packages/airflow/example_dags/example_branch_labels.py
[2023-05-01T17:32:16.459+0000] {processor.py:743} INFO - Processing file /home/airflow/.local/lib/python3.7/site-packages/airflow/example_dags/example_branch_labels.py for tasks to queue
[2023-05-01T17:32:16.460+0000] {logging_mixin.py:137} INFO - [2023-05-01T17:32:16.460+0000] {dagbag.py:532} INFO - Filling up the DagBag from /home/airflow/.local/lib/python3.7/site-packages/airflow/example_dags/example_branch_labels.py
[2023-05-01T17:32:17.429+0000] {processor.py:753} INFO - DAG(s) dict_keys(['example_branch_labels']) retrieved from /home/airflow/.local/lib/python3.7/site-packages/airflow/example_dags/example_branch_labels.py
[2023-05-01T17:32:42.094+0000] {processor.py:153} INFO - Started process (PID=36) to work on /home/airflow/.local/lib/python3.7/site-packages/airflow/example_dags/example_branch_labels.py
[2023-05-01T17:32:42.095+0000] {processor.py:743} INFO - Processing file /home/airflow/.local/lib/python3.7/site-packages/airflow/example_dags/example_branch_labels.py for tasks to queue
[2023-05-01T17:32:42.095+0000] {logging_mixin.py:137} INFO - [2023-05-01T17:32:42.095+0000] {dagbag.py:532} INFO - Filling up the DagBag from /home/airflow/.local/lib/python3.7/site-packages/airflow/example_dags/example_branch_labels.py
[2023-05-01T17:32:42.167+0000] {processor.py:753} INFO - DAG(s) dict_keys(['example_branch_labels']) retrieved from /home/airflow/.local/lib/python3.7/site-packages/airflow/example_dags/example_branch_labels.py
[2023-05-01T17:32:42.258+0000] {logging_mixin.py:137} INFO - [2023-05-01T17:32:42.258+0000] {dag.py:2705} INFO - Sync 1 DAGs
[2023-05-01T17:32:42.304+0000] {logging_mixin.py:137} INFO - [2023-05-01T17:32:42.303+0000] {dag.py:3456} INFO - Setting next_dagrun for example_branch_labels to 2023-04-30T00:00:00+00:00, run_after=2023-05-01T00:00:00+00:00
[2023-05-01T17:32:42.629+0000] {processor.py:175} INFO - Processing /home/airflow/.local/lib/python3.7/site-packages/airflow/example_dags/example_branch_labels.py took 0.540 seconds
[2023-05-01T17:34:57.670+0000] {processor.py:153} INFO - Started process (PID=37) to work on /home/airflow/.local/lib/python3.7/site-packages/airflow/example_dags/example_branch_labels.py
[2023-05-01T17:34:57.672+0000] {processor.py:743} INFO - Processing file /home/airflow/.local/lib/python3.7/site-packages/airflow/example_dags/example_branch_labels.py for tasks to queue
[2023-05-01T17:34:57.673+0000] {logging_mixin.py:137} INFO - [2023-05-01T17:34:57.673+0000] {dagbag.py:532} INFO - Filling up the DagBag from /home/airflow/.local/lib/python3.7/site-packages/airflow/example_dags/example_branch_labels.py
[2023-05-01T17:34:57.977+0000] {processor.py:753} INFO - DAG(s) dict_keys(['example_branch_labels']) retrieved from /home/airflow/.local/lib/python3.7/site-packages/airflow/example_dags/example_branch_labels.py
[2023-05-01T17:36:12.558+0000] {processor.py:153} INFO - Started process (PID=36) to work on /home/airflow/.local/lib/python3.7/site-packages/airflow/example_dags/example_branch_labels.py
[2023-05-01T17:36:12.560+0000] {processor.py:743} INFO - Processing file /home/airflow/.local/lib/python3.7/site-packages/airflow/example_dags/example_branch_labels.py for tasks to queue
[2023-05-01T17:36:12.562+0000] {logging_mixin.py:137} INFO - [2023-05-01T17:36:12.562+0000] {dagbag.py:532} INFO - Filling up the DagBag from /home/airflow/.local/lib/python3.7/site-packages/airflow/example_dags/example_branch_labels.py
[2023-05-01T17:36:12.631+0000] {processor.py:753} INFO - DAG(s) dict_keys(['example_branch_labels']) retrieved from /home/airflow/.local/lib/python3.7/site-packages/airflow/example_dags/example_branch_labels.py
[2023-05-01T17:36:12.724+0000] {logging_mixin.py:137} INFO - [2023-05-01T17:36:12.724+0000] {dag.py:2705} INFO - Sync 1 DAGs
[2023-05-01T17:36:12.805+0000] {logging_mixin.py:137} INFO - [2023-05-01T17:36:12.805+0000] {dag.py:3456} INFO - Setting next_dagrun for example_branch_labels to 2023-04-30T00:00:00+00:00, run_after=2023-05-01T00:00:00+00:00
[2023-05-01T17:36:12.858+0000] {processor.py:175} INFO - Processing /home/airflow/.local/lib/python3.7/site-packages/airflow/example_dags/example_branch_labels.py took 0.312 seconds
[2023-05-01T17:36:46.426+0000] {processor.py:153} INFO - Started process (PID=36) to work on /home/airflow/.local/lib/python3.7/site-packages/airflow/example_dags/example_branch_labels.py
[2023-05-01T17:36:46.439+0000] {processor.py:743} INFO - Processing file /home/airflow/.local/lib/python3.7/site-packages/airflow/example_dags/example_branch_labels.py for tasks to queue
[2023-05-01T17:36:46.444+0000] {logging_mixin.py:137} INFO - [2023-05-01T17:36:46.444+0000] {dagbag.py:532} INFO - Filling up the DagBag from /home/airflow/.local/lib/python3.7/site-packages/airflow/example_dags/example_branch_labels.py
[2023-05-01T17:36:46.532+0000] {processor.py:753} INFO - DAG(s) dict_keys(['example_branch_labels']) retrieved from /home/airflow/.local/lib/python3.7/site-packages/airflow/example_dags/example_branch_labels.py
[2023-05-01T17:36:46.728+0000] {logging_mixin.py:137} INFO - [2023-05-01T17:36:46.724+0000] {dag.py:2705} INFO - Sync 1 DAGs
[2023-05-01T17:36:46.860+0000] {logging_mixin.py:137} INFO - [2023-05-01T17:36:46.860+0000] {dag.py:3456} INFO - Setting next_dagrun for example_branch_labels to 2023-04-30T00:00:00+00:00, run_after=2023-05-01T00:00:00+00:00
[2023-05-01T17:36:46.950+0000] {processor.py:175} INFO - Processing /home/airflow/.local/lib/python3.7/site-packages/airflow/example_dags/example_branch_labels.py took 0.527 seconds
[2023-05-01T17:37:42.590+0000] {processor.py:153} INFO - Started process (PID=37) to work on /home/airflow/.local/lib/python3.7/site-packages/airflow/example_dags/example_branch_labels.py
[2023-05-01T17:37:42.599+0000] {processor.py:743} INFO - Processing file /home/airflow/.local/lib/python3.7/site-packages/airflow/example_dags/example_branch_labels.py for tasks to queue
[2023-05-01T17:37:42.600+0000] {logging_mixin.py:137} INFO - [2023-05-01T17:37:42.600+0000] {dagbag.py:532} INFO - Filling up the DagBag from /home/airflow/.local/lib/python3.7/site-packages/airflow/example_dags/example_branch_labels.py
[2023-05-01T17:37:42.645+0000] {processor.py:753} INFO - DAG(s) dict_keys(['example_branch_labels']) retrieved from /home/airflow/.local/lib/python3.7/site-packages/airflow/example_dags/example_branch_labels.py
[2023-05-01T17:37:42.703+0000] {logging_mixin.py:137} INFO - [2023-05-01T17:37:42.703+0000] {dag.py:2705} INFO - Sync 1 DAGs
[2023-05-01T17:37:42.846+0000] {logging_mixin.py:137} INFO - [2023-05-01T17:37:42.844+0000] {dag.py:3456} INFO - Setting next_dagrun for example_branch_labels to 2023-04-30T00:00:00+00:00, run_after=2023-05-01T00:00:00+00:00
[2023-05-01T17:37:42.903+0000] {processor.py:175} INFO - Processing /home/airflow/.local/lib/python3.7/site-packages/airflow/example_dags/example_branch_labels.py took 0.324 seconds
[2023-05-01T17:38:14.334+0000] {processor.py:153} INFO - Started process (PID=37) to work on /home/airflow/.local/lib/python3.7/site-packages/airflow/example_dags/example_branch_labels.py
[2023-05-01T17:38:14.339+0000] {processor.py:743} INFO - Processing file /home/airflow/.local/lib/python3.7/site-packages/airflow/example_dags/example_branch_labels.py for tasks to queue
[2023-05-01T17:38:14.340+0000] {logging_mixin.py:137} INFO - [2023-05-01T17:38:14.340+0000] {dagbag.py:532} INFO - Filling up the DagBag from /home/airflow/.local/lib/python3.7/site-packages/airflow/example_dags/example_branch_labels.py
[2023-05-01T17:38:14.382+0000] {processor.py:753} INFO - DAG(s) dict_keys(['example_branch_labels']) retrieved from /home/airflow/.local/lib/python3.7/site-packages/airflow/example_dags/example_branch_labels.py
[2023-05-01T17:38:14.437+0000] {logging_mixin.py:137} INFO - [2023-05-01T17:38:14.437+0000] {dag.py:2705} INFO - Sync 1 DAGs
[2023-05-01T17:38:14.459+0000] {logging_mixin.py:137} INFO - [2023-05-01T17:38:14.459+0000] {dag.py:3456} INFO - Setting next_dagrun for example_branch_labels to 2023-04-30T00:00:00+00:00, run_after=2023-05-01T00:00:00+00:00
[2023-05-01T17:38:14.502+0000] {processor.py:175} INFO - Processing /home/airflow/.local/lib/python3.7/site-packages/airflow/example_dags/example_branch_labels.py took 0.172 seconds
[2023-05-01T17:39:04.784+0000] {processor.py:153} INFO - Started process (PID=36) to work on /home/airflow/.local/lib/python3.7/site-packages/airflow/example_dags/example_branch_labels.py
[2023-05-01T17:39:04.790+0000] {processor.py:743} INFO - Processing file /home/airflow/.local/lib/python3.7/site-packages/airflow/example_dags/example_branch_labels.py for tasks to queue
[2023-05-01T17:39:04.796+0000] {logging_mixin.py:137} INFO - [2023-05-01T17:39:04.796+0000] {dagbag.py:532} INFO - Filling up the DagBag from /home/airflow/.local/lib/python3.7/site-packages/airflow/example_dags/example_branch_labels.py
[2023-05-01T17:39:04.933+0000] {processor.py:753} INFO - DAG(s) dict_keys(['example_branch_labels']) retrieved from /home/airflow/.local/lib/python3.7/site-packages/airflow/example_dags/example_branch_labels.py
[2023-05-01T17:39:05.090+0000] {logging_mixin.py:137} INFO - [2023-05-01T17:39:05.090+0000] {dag.py:2705} INFO - Sync 1 DAGs
[2023-05-01T17:39:05.222+0000] {logging_mixin.py:137} INFO - [2023-05-01T17:39:05.221+0000] {dag.py:3456} INFO - Setting next_dagrun for example_branch_labels to 2023-04-30T00:00:00+00:00, run_after=2023-05-01T00:00:00+00:00
[2023-05-01T17:39:06.134+0000] {processor.py:175} INFO - Processing /home/airflow/.local/lib/python3.7/site-packages/airflow/example_dags/example_branch_labels.py took 1.356 seconds
[2023-05-01T17:41:32.388+0000] {processor.py:153} INFO - Started process (PID=38) to work on /home/airflow/.local/lib/python3.7/site-packages/airflow/example_dags/example_branch_labels.py
[2023-05-01T17:41:32.389+0000] {processor.py:743} INFO - Processing file /home/airflow/.local/lib/python3.7/site-packages/airflow/example_dags/example_branch_labels.py for tasks to queue
[2023-05-01T17:41:32.390+0000] {logging_mixin.py:137} INFO - [2023-05-01T17:41:32.390+0000] {dagbag.py:532} INFO - Filling up the DagBag from /home/airflow/.local/lib/python3.7/site-packages/airflow/example_dags/example_branch_labels.py
[2023-05-01T17:41:32.430+0000] {processor.py:753} INFO - DAG(s) dict_keys(['example_branch_labels']) retrieved from /home/airflow/.local/lib/python3.7/site-packages/airflow/example_dags/example_branch_labels.py
[2023-05-01T17:41:32.481+0000] {logging_mixin.py:137} INFO - [2023-05-01T17:41:32.481+0000] {dag.py:2705} INFO - Sync 1 DAGs
[2023-05-01T17:41:32.525+0000] {logging_mixin.py:137} INFO - [2023-05-01T17:41:32.525+0000] {dag.py:3456} INFO - Setting next_dagrun for example_branch_labels to 2023-04-30T00:00:00+00:00, run_after=2023-05-01T00:00:00+00:00
[2023-05-01T17:41:32.561+0000] {processor.py:175} INFO - Processing /home/airflow/.local/lib/python3.7/site-packages/airflow/example_dags/example_branch_labels.py took 0.176 seconds
[2023-05-01T17:43:02.132+0000] {processor.py:153} INFO - Started process (PID=38) to work on /home/airflow/.local/lib/python3.7/site-packages/airflow/example_dags/example_branch_labels.py
[2023-05-01T17:43:02.137+0000] {processor.py:743} INFO - Processing file /home/airflow/.local/lib/python3.7/site-packages/airflow/example_dags/example_branch_labels.py for tasks to queue
[2023-05-01T17:43:02.138+0000] {logging_mixin.py:137} INFO - [2023-05-01T17:43:02.137+0000] {dagbag.py:532} INFO - Filling up the DagBag from /home/airflow/.local/lib/python3.7/site-packages/airflow/example_dags/example_branch_labels.py
[2023-05-01T17:43:02.150+0000] {processor.py:753} INFO - DAG(s) dict_keys(['example_branch_labels']) retrieved from /home/airflow/.local/lib/python3.7/site-packages/airflow/example_dags/example_branch_labels.py
[2023-05-01T17:43:02.182+0000] {logging_mixin.py:137} INFO - [2023-05-01T17:43:02.182+0000] {dag.py:2705} INFO - Sync 1 DAGs
[2023-05-01T17:43:02.221+0000] {logging_mixin.py:137} INFO - [2023-05-01T17:43:02.221+0000] {dag.py:3456} INFO - Setting next_dagrun for example_branch_labels to 2023-04-30T00:00:00+00:00, run_after=2023-05-01T00:00:00+00:00
[2023-05-01T17:43:02.252+0000] {processor.py:175} INFO - Processing /home/airflow/.local/lib/python3.7/site-packages/airflow/example_dags/example_branch_labels.py took 0.122 seconds
[2023-05-01T17:44:04.417+0000] {processor.py:153} INFO - Started process (PID=43) to work on /home/airflow/.local/lib/python3.7/site-packages/airflow/example_dags/example_branch_labels.py
[2023-05-01T17:44:04.432+0000] {processor.py:743} INFO - Processing file /home/airflow/.local/lib/python3.7/site-packages/airflow/example_dags/example_branch_labels.py for tasks to queue
[2023-05-01T17:44:04.434+0000] {logging_mixin.py:137} INFO - [2023-05-01T17:44:04.434+0000] {dagbag.py:532} INFO - Filling up the DagBag from /home/airflow/.local/lib/python3.7/site-packages/airflow/example_dags/example_branch_labels.py
[2023-05-01T17:44:05.008+0000] {processor.py:753} INFO - DAG(s) dict_keys(['example_branch_labels']) retrieved from /home/airflow/.local/lib/python3.7/site-packages/airflow/example_dags/example_branch_labels.py
[2023-05-01T17:44:18.813+0000] {processor.py:153} INFO - Started process (PID=36) to work on /home/airflow/.local/lib/python3.7/site-packages/airflow/example_dags/example_branch_labels.py
[2023-05-01T17:44:18.815+0000] {processor.py:743} INFO - Processing file /home/airflow/.local/lib/python3.7/site-packages/airflow/example_dags/example_branch_labels.py for tasks to queue
[2023-05-01T17:44:18.815+0000] {logging_mixin.py:137} INFO - [2023-05-01T17:44:18.815+0000] {dagbag.py:532} INFO - Filling up the DagBag from /home/airflow/.local/lib/python3.7/site-packages/airflow/example_dags/example_branch_labels.py
[2023-05-01T17:44:18.843+0000] {processor.py:753} INFO - DAG(s) dict_keys(['example_branch_labels']) retrieved from /home/airflow/.local/lib/python3.7/site-packages/airflow/example_dags/example_branch_labels.py
[2023-05-01T17:44:18.892+0000] {logging_mixin.py:137} INFO - [2023-05-01T17:44:18.892+0000] {dag.py:2705} INFO - Sync 1 DAGs
[2023-05-01T17:44:18.944+0000] {logging_mixin.py:137} INFO - [2023-05-01T17:44:18.944+0000] {dag.py:3456} INFO - Setting next_dagrun for example_branch_labels to 2023-04-30T00:00:00+00:00, run_after=2023-05-01T00:00:00+00:00
[2023-05-01T17:44:18.979+0000] {processor.py:175} INFO - Processing /home/airflow/.local/lib/python3.7/site-packages/airflow/example_dags/example_branch_labels.py took 0.172 seconds
[2023-05-01T17:45:14.713+0000] {processor.py:153} INFO - Started process (PID=37) to work on /home/airflow/.local/lib/python3.7/site-packages/airflow/example_dags/example_branch_labels.py
[2023-05-01T17:45:14.714+0000] {processor.py:743} INFO - Processing file /home/airflow/.local/lib/python3.7/site-packages/airflow/example_dags/example_branch_labels.py for tasks to queue
[2023-05-01T17:45:14.715+0000] {logging_mixin.py:137} INFO - [2023-05-01T17:45:14.715+0000] {dagbag.py:532} INFO - Filling up the DagBag from /home/airflow/.local/lib/python3.7/site-packages/airflow/example_dags/example_branch_labels.py
[2023-05-01T17:45:15.635+0000] {processor.py:753} INFO - DAG(s) dict_keys(['example_branch_labels']) retrieved from /home/airflow/.local/lib/python3.7/site-packages/airflow/example_dags/example_branch_labels.py
[2023-05-01T17:46:31.710+0000] {processor.py:153} INFO - Started process (PID=35) to work on /home/airflow/.local/lib/python3.7/site-packages/airflow/example_dags/example_branch_labels.py
[2023-05-01T17:46:31.748+0000] {processor.py:743} INFO - Processing file /home/airflow/.local/lib/python3.7/site-packages/airflow/example_dags/example_branch_labels.py for tasks to queue
[2023-05-01T17:46:31.750+0000] {logging_mixin.py:137} INFO - [2023-05-01T17:46:31.749+0000] {dagbag.py:532} INFO - Filling up the DagBag from /home/airflow/.local/lib/python3.7/site-packages/airflow/example_dags/example_branch_labels.py
[2023-05-01T17:46:31.961+0000] {processor.py:753} INFO - DAG(s) dict_keys(['example_branch_labels']) retrieved from /home/airflow/.local/lib/python3.7/site-packages/airflow/example_dags/example_branch_labels.py
[2023-05-01T17:46:32.207+0000] {logging_mixin.py:137} INFO - [2023-05-01T17:46:32.206+0000] {dag.py:2705} INFO - Sync 1 DAGs
[2023-05-01T17:48:06.891+0000] {processor.py:153} INFO - Started process (PID=36) to work on /home/airflow/.local/lib/python3.7/site-packages/airflow/example_dags/example_branch_labels.py
[2023-05-01T17:48:06.898+0000] {processor.py:743} INFO - Processing file /home/airflow/.local/lib/python3.7/site-packages/airflow/example_dags/example_branch_labels.py for tasks to queue
[2023-05-01T17:48:06.900+0000] {logging_mixin.py:137} INFO - [2023-05-01T17:48:06.900+0000] {dagbag.py:532} INFO - Filling up the DagBag from /home/airflow/.local/lib/python3.7/site-packages/airflow/example_dags/example_branch_labels.py
[2023-05-01T17:48:06.960+0000] {processor.py:753} INFO - DAG(s) dict_keys(['example_branch_labels']) retrieved from /home/airflow/.local/lib/python3.7/site-packages/airflow/example_dags/example_branch_labels.py
[2023-05-01T17:48:07.050+0000] {logging_mixin.py:137} INFO - [2023-05-01T17:48:07.049+0000] {dag.py:2705} INFO - Sync 1 DAGs
[2023-05-01T17:48:07.146+0000] {logging_mixin.py:137} INFO - [2023-05-01T17:48:07.145+0000] {dag.py:3456} INFO - Setting next_dagrun for example_branch_labels to 2023-04-30T00:00:00+00:00, run_after=2023-05-01T00:00:00+00:00
[2023-05-01T17:48:07.293+0000] {processor.py:175} INFO - Processing /home/airflow/.local/lib/python3.7/site-packages/airflow/example_dags/example_branch_labels.py took 0.402 seconds
[2023-05-01T17:48:28.077+0000] {processor.py:153} INFO - Started process (PID=36) to work on /home/airflow/.local/lib/python3.7/site-packages/airflow/example_dags/example_branch_labels.py
[2023-05-01T17:48:28.080+0000] {processor.py:743} INFO - Processing file /home/airflow/.local/lib/python3.7/site-packages/airflow/example_dags/example_branch_labels.py for tasks to queue
[2023-05-01T17:48:28.081+0000] {logging_mixin.py:137} INFO - [2023-05-01T17:48:28.081+0000] {dagbag.py:532} INFO - Filling up the DagBag from /home/airflow/.local/lib/python3.7/site-packages/airflow/example_dags/example_branch_labels.py
[2023-05-01T17:48:28.163+0000] {processor.py:753} INFO - DAG(s) dict_keys(['example_branch_labels']) retrieved from /home/airflow/.local/lib/python3.7/site-packages/airflow/example_dags/example_branch_labels.py
[2023-05-01T17:48:28.216+0000] {logging_mixin.py:137} INFO - [2023-05-01T17:48:28.215+0000] {dag.py:2705} INFO - Sync 1 DAGs
[2023-05-01T17:48:28.250+0000] {logging_mixin.py:137} INFO - [2023-05-01T17:48:28.249+0000] {dag.py:3456} INFO - Setting next_dagrun for example_branch_labels to 2023-04-30T00:00:00+00:00, run_after=2023-05-01T00:00:00+00:00
[2023-05-01T17:48:28.291+0000] {processor.py:175} INFO - Processing /home/airflow/.local/lib/python3.7/site-packages/airflow/example_dags/example_branch_labels.py took 0.216 seconds
[2023-05-01T17:49:54.897+0000] {processor.py:153} INFO - Started process (PID=36) to work on /home/airflow/.local/lib/python3.7/site-packages/airflow/example_dags/example_branch_labels.py
[2023-05-01T17:49:54.902+0000] {processor.py:743} INFO - Processing file /home/airflow/.local/lib/python3.7/site-packages/airflow/example_dags/example_branch_labels.py for tasks to queue
[2023-05-01T17:49:54.903+0000] {logging_mixin.py:137} INFO - [2023-05-01T17:49:54.903+0000] {dagbag.py:532} INFO - Filling up the DagBag from /home/airflow/.local/lib/python3.7/site-packages/airflow/example_dags/example_branch_labels.py
[2023-05-01T17:49:54.961+0000] {processor.py:753} INFO - DAG(s) dict_keys(['example_branch_labels']) retrieved from /home/airflow/.local/lib/python3.7/site-packages/airflow/example_dags/example_branch_labels.py
[2023-05-01T17:49:55.069+0000] {logging_mixin.py:137} INFO - [2023-05-01T17:49:55.069+0000] {dag.py:2705} INFO - Sync 1 DAGs
[2023-05-01T17:49:55.186+0000] {logging_mixin.py:137} INFO - [2023-05-01T17:49:55.181+0000] {dag.py:3456} INFO - Setting next_dagrun for example_branch_labels to 2023-04-30T00:00:00+00:00, run_after=2023-05-01T00:00:00+00:00
[2023-05-01T17:49:55.333+0000] {processor.py:175} INFO - Processing /home/airflow/.local/lib/python3.7/site-packages/airflow/example_dags/example_branch_labels.py took 0.440 seconds
[2023-05-01T17:51:02.700+0000] {processor.py:153} INFO - Started process (PID=36) to work on /home/airflow/.local/lib/python3.7/site-packages/airflow/example_dags/example_branch_labels.py
[2023-05-01T17:51:02.701+0000] {processor.py:743} INFO - Processing file /home/airflow/.local/lib/python3.7/site-packages/airflow/example_dags/example_branch_labels.py for tasks to queue
[2023-05-01T17:51:02.702+0000] {logging_mixin.py:137} INFO - [2023-05-01T17:51:02.702+0000] {dagbag.py:532} INFO - Filling up the DagBag from /home/airflow/.local/lib/python3.7/site-packages/airflow/example_dags/example_branch_labels.py
[2023-05-01T17:51:02.765+0000] {processor.py:753} INFO - DAG(s) dict_keys(['example_branch_labels']) retrieved from /home/airflow/.local/lib/python3.7/site-packages/airflow/example_dags/example_branch_labels.py
[2023-05-01T17:51:02.855+0000] {logging_mixin.py:137} INFO - [2023-05-01T17:51:02.853+0000] {dag.py:2705} INFO - Sync 1 DAGs
[2023-05-01T17:51:02.911+0000] {logging_mixin.py:137} INFO - [2023-05-01T17:51:02.911+0000] {dag.py:3456} INFO - Setting next_dagrun for example_branch_labels to 2023-04-30T00:00:00+00:00, run_after=2023-05-01T00:00:00+00:00
[2023-05-01T17:51:02.978+0000] {processor.py:175} INFO - Processing /home/airflow/.local/lib/python3.7/site-packages/airflow/example_dags/example_branch_labels.py took 0.283 seconds
[2023-05-01T17:51:30.032+0000] {processor.py:153} INFO - Started process (PID=36) to work on /home/airflow/.local/lib/python3.7/site-packages/airflow/example_dags/example_branch_labels.py
[2023-05-01T17:51:30.033+0000] {processor.py:743} INFO - Processing file /home/airflow/.local/lib/python3.7/site-packages/airflow/example_dags/example_branch_labels.py for tasks to queue
[2023-05-01T17:51:30.034+0000] {logging_mixin.py:137} INFO - [2023-05-01T17:51:30.033+0000] {dagbag.py:532} INFO - Filling up the DagBag from /home/airflow/.local/lib/python3.7/site-packages/airflow/example_dags/example_branch_labels.py
[2023-05-01T17:51:30.054+0000] {processor.py:753} INFO - DAG(s) dict_keys(['example_branch_labels']) retrieved from /home/airflow/.local/lib/python3.7/site-packages/airflow/example_dags/example_branch_labels.py
[2023-05-01T17:51:30.124+0000] {logging_mixin.py:137} INFO - [2023-05-01T17:51:30.123+0000] {dag.py:2705} INFO - Sync 1 DAGs
[2023-05-01T17:51:30.236+0000] {logging_mixin.py:137} INFO - [2023-05-01T17:51:30.235+0000] {dag.py:3456} INFO - Setting next_dagrun for example_branch_labels to 2023-04-30T00:00:00+00:00, run_after=2023-05-01T00:00:00+00:00
[2023-05-01T17:51:30.298+0000] {processor.py:175} INFO - Processing /home/airflow/.local/lib/python3.7/site-packages/airflow/example_dags/example_branch_labels.py took 0.274 seconds
[2023-05-01T17:57:22.223+0000] {processor.py:153} INFO - Started process (PID=39) to work on /home/airflow/.local/lib/python3.7/site-packages/airflow/example_dags/example_branch_labels.py
[2023-05-01T17:57:22.224+0000] {processor.py:743} INFO - Processing file /home/airflow/.local/lib/python3.7/site-packages/airflow/example_dags/example_branch_labels.py for tasks to queue
[2023-05-01T17:57:22.224+0000] {logging_mixin.py:137} INFO - [2023-05-01T17:57:22.224+0000] {dagbag.py:532} INFO - Filling up the DagBag from /home/airflow/.local/lib/python3.7/site-packages/airflow/example_dags/example_branch_labels.py
[2023-05-01T17:57:22.453+0000] {processor.py:753} INFO - DAG(s) dict_keys(['example_branch_labels']) retrieved from /home/airflow/.local/lib/python3.7/site-packages/airflow/example_dags/example_branch_labels.py
[2023-05-01T17:57:25.184+0000] {logging_mixin.py:137} INFO - [2023-05-01T17:57:25.164+0000] {dag.py:2705} INFO - Sync 1 DAGs
[2023-05-01T17:57:53.164+0000] {processor.py:153} INFO - Started process (PID=38) to work on /home/airflow/.local/lib/python3.7/site-packages/airflow/example_dags/example_branch_labels.py
[2023-05-01T17:57:53.171+0000] {processor.py:743} INFO - Processing file /home/airflow/.local/lib/python3.7/site-packages/airflow/example_dags/example_branch_labels.py for tasks to queue
[2023-05-01T17:57:53.177+0000] {logging_mixin.py:137} INFO - [2023-05-01T17:57:53.176+0000] {dagbag.py:532} INFO - Filling up the DagBag from /home/airflow/.local/lib/python3.7/site-packages/airflow/example_dags/example_branch_labels.py
[2023-05-01T17:57:53.357+0000] {processor.py:753} INFO - DAG(s) dict_keys(['example_branch_labels']) retrieved from /home/airflow/.local/lib/python3.7/site-packages/airflow/example_dags/example_branch_labels.py
[2023-05-01T17:58:33.206+0000] {processor.py:153} INFO - Started process (PID=37) to work on /home/airflow/.local/lib/python3.7/site-packages/airflow/example_dags/example_branch_labels.py
[2023-05-01T17:58:33.215+0000] {processor.py:743} INFO - Processing file /home/airflow/.local/lib/python3.7/site-packages/airflow/example_dags/example_branch_labels.py for tasks to queue
[2023-05-01T17:58:33.217+0000] {logging_mixin.py:137} INFO - [2023-05-01T17:58:33.217+0000] {dagbag.py:532} INFO - Filling up the DagBag from /home/airflow/.local/lib/python3.7/site-packages/airflow/example_dags/example_branch_labels.py
[2023-05-01T17:58:33.266+0000] {processor.py:753} INFO - DAG(s) dict_keys(['example_branch_labels']) retrieved from /home/airflow/.local/lib/python3.7/site-packages/airflow/example_dags/example_branch_labels.py
[2023-05-01T17:58:33.316+0000] {logging_mixin.py:137} INFO - [2023-05-01T17:58:33.315+0000] {dag.py:2705} INFO - Sync 1 DAGs
[2023-05-01T17:58:33.354+0000] {logging_mixin.py:137} INFO - [2023-05-01T17:58:33.354+0000] {dag.py:3456} INFO - Setting next_dagrun for example_branch_labels to 2023-04-30T00:00:00+00:00, run_after=2023-05-01T00:00:00+00:00
[2023-05-01T17:58:33.373+0000] {processor.py:175} INFO - Processing /home/airflow/.local/lib/python3.7/site-packages/airflow/example_dags/example_branch_labels.py took 0.170 seconds
[2023-05-01T17:58:57.370+0000] {processor.py:153} INFO - Started process (PID=36) to work on /home/airflow/.local/lib/python3.7/site-packages/airflow/example_dags/example_branch_labels.py
[2023-05-01T17:58:57.370+0000] {processor.py:743} INFO - Processing file /home/airflow/.local/lib/python3.7/site-packages/airflow/example_dags/example_branch_labels.py for tasks to queue
[2023-05-01T17:58:57.371+0000] {logging_mixin.py:137} INFO - [2023-05-01T17:58:57.371+0000] {dagbag.py:532} INFO - Filling up the DagBag from /home/airflow/.local/lib/python3.7/site-packages/airflow/example_dags/example_branch_labels.py
[2023-05-01T17:58:57.398+0000] {processor.py:753} INFO - DAG(s) dict_keys(['example_branch_labels']) retrieved from /home/airflow/.local/lib/python3.7/site-packages/airflow/example_dags/example_branch_labels.py
[2023-05-01T17:58:57.422+0000] {logging_mixin.py:137} INFO - [2023-05-01T17:58:57.422+0000] {dag.py:2705} INFO - Sync 1 DAGs
[2023-05-01T17:58:57.445+0000] {logging_mixin.py:137} INFO - [2023-05-01T17:58:57.444+0000] {dag.py:3456} INFO - Setting next_dagrun for example_branch_labels to 2023-04-30T00:00:00+00:00, run_after=2023-05-01T00:00:00+00:00
[2023-05-01T17:58:57.469+0000] {processor.py:175} INFO - Processing /home/airflow/.local/lib/python3.7/site-packages/airflow/example_dags/example_branch_labels.py took 0.102 seconds
[2023-05-01T17:59:43.667+0000] {processor.py:153} INFO - Started process (PID=36) to work on /home/airflow/.local/lib/python3.7/site-packages/airflow/example_dags/example_branch_labels.py
[2023-05-01T17:59:43.668+0000] {processor.py:743} INFO - Processing file /home/airflow/.local/lib/python3.7/site-packages/airflow/example_dags/example_branch_labels.py for tasks to queue
[2023-05-01T17:59:43.669+0000] {logging_mixin.py:137} INFO - [2023-05-01T17:59:43.669+0000] {dagbag.py:532} INFO - Filling up the DagBag from /home/airflow/.local/lib/python3.7/site-packages/airflow/example_dags/example_branch_labels.py
[2023-05-01T17:59:43.692+0000] {processor.py:753} INFO - DAG(s) dict_keys(['example_branch_labels']) retrieved from /home/airflow/.local/lib/python3.7/site-packages/airflow/example_dags/example_branch_labels.py
[2023-05-01T17:59:43.722+0000] {logging_mixin.py:137} INFO - [2023-05-01T17:59:43.721+0000] {dag.py:2705} INFO - Sync 1 DAGs
[2023-05-01T17:59:43.737+0000] {logging_mixin.py:137} INFO - [2023-05-01T17:59:43.737+0000] {dag.py:3456} INFO - Setting next_dagrun for example_branch_labels to 2023-04-30T00:00:00+00:00, run_after=2023-05-01T00:00:00+00:00
[2023-05-01T17:59:43.753+0000] {processor.py:175} INFO - Processing /home/airflow/.local/lib/python3.7/site-packages/airflow/example_dags/example_branch_labels.py took 0.088 seconds
[2023-05-01T18:01:15.026+0000] {processor.py:153} INFO - Started process (PID=36) to work on /home/airflow/.local/lib/python3.7/site-packages/airflow/example_dags/example_branch_labels.py
[2023-05-01T18:01:15.027+0000] {processor.py:743} INFO - Processing file /home/airflow/.local/lib/python3.7/site-packages/airflow/example_dags/example_branch_labels.py for tasks to queue
[2023-05-01T18:01:15.028+0000] {logging_mixin.py:137} INFO - [2023-05-01T18:01:15.028+0000] {dagbag.py:532} INFO - Filling up the DagBag from /home/airflow/.local/lib/python3.7/site-packages/airflow/example_dags/example_branch_labels.py
[2023-05-01T18:01:15.067+0000] {processor.py:753} INFO - DAG(s) dict_keys(['example_branch_labels']) retrieved from /home/airflow/.local/lib/python3.7/site-packages/airflow/example_dags/example_branch_labels.py
[2023-05-01T18:01:15.096+0000] {logging_mixin.py:137} INFO - [2023-05-01T18:01:15.095+0000] {dag.py:2705} INFO - Sync 1 DAGs
[2023-05-01T18:01:15.121+0000] {logging_mixin.py:137} INFO - [2023-05-01T18:01:15.120+0000] {dag.py:3456} INFO - Setting next_dagrun for example_branch_labels to 2023-04-30T00:00:00+00:00, run_after=2023-05-01T00:00:00+00:00
[2023-05-01T18:01:15.140+0000] {processor.py:175} INFO - Processing /home/airflow/.local/lib/python3.7/site-packages/airflow/example_dags/example_branch_labels.py took 0.117 seconds
[2023-05-01T18:01:53.131+0000] {processor.py:153} INFO - Started process (PID=40) to work on /home/airflow/.local/lib/python3.7/site-packages/airflow/example_dags/example_branch_labels.py
[2023-05-01T18:01:53.160+0000] {processor.py:743} INFO - Processing file /home/airflow/.local/lib/python3.7/site-packages/airflow/example_dags/example_branch_labels.py for tasks to queue
[2023-05-01T18:01:53.176+0000] {logging_mixin.py:137} INFO - [2023-05-01T18:01:53.171+0000] {dagbag.py:532} INFO - Filling up the DagBag from /home/airflow/.local/lib/python3.7/site-packages/airflow/example_dags/example_branch_labels.py
[2023-05-01T18:02:25.198+0000] {processor.py:153} INFO - Started process (PID=43) to work on /home/airflow/.local/lib/python3.7/site-packages/airflow/example_dags/example_branch_labels.py
[2023-05-01T18:02:25.199+0000] {processor.py:743} INFO - Processing file /home/airflow/.local/lib/python3.7/site-packages/airflow/example_dags/example_branch_labels.py for tasks to queue
[2023-05-01T18:02:25.199+0000] {logging_mixin.py:137} INFO - [2023-05-01T18:02:25.199+0000] {dagbag.py:532} INFO - Filling up the DagBag from /home/airflow/.local/lib/python3.7/site-packages/airflow/example_dags/example_branch_labels.py
[2023-05-01T18:02:25.212+0000] {processor.py:753} INFO - DAG(s) dict_keys(['example_branch_labels']) retrieved from /home/airflow/.local/lib/python3.7/site-packages/airflow/example_dags/example_branch_labels.py
[2023-05-01T18:02:25.229+0000] {logging_mixin.py:137} INFO - [2023-05-01T18:02:25.229+0000] {dag.py:2705} INFO - Sync 1 DAGs
[2023-05-01T18:02:25.244+0000] {logging_mixin.py:137} INFO - [2023-05-01T18:02:25.244+0000] {dag.py:3456} INFO - Setting next_dagrun for example_branch_labels to 2023-04-30T00:00:00+00:00, run_after=2023-05-01T00:00:00+00:00
[2023-05-01T18:02:25.254+0000] {processor.py:175} INFO - Processing /home/airflow/.local/lib/python3.7/site-packages/airflow/example_dags/example_branch_labels.py took 0.058 seconds
[2023-05-01T18:03:44.615+0000] {processor.py:153} INFO - Started process (PID=37) to work on /home/airflow/.local/lib/python3.7/site-packages/airflow/example_dags/example_branch_labels.py
[2023-05-01T18:03:44.616+0000] {processor.py:743} INFO - Processing file /home/airflow/.local/lib/python3.7/site-packages/airflow/example_dags/example_branch_labels.py for tasks to queue
[2023-05-01T18:03:44.617+0000] {logging_mixin.py:137} INFO - [2023-05-01T18:03:44.616+0000] {dagbag.py:532} INFO - Filling up the DagBag from /home/airflow/.local/lib/python3.7/site-packages/airflow/example_dags/example_branch_labels.py
[2023-05-01T18:03:44.631+0000] {processor.py:753} INFO - DAG(s) dict_keys(['example_branch_labels']) retrieved from /home/airflow/.local/lib/python3.7/site-packages/airflow/example_dags/example_branch_labels.py
[2023-05-01T18:03:44.650+0000] {logging_mixin.py:137} INFO - [2023-05-01T18:03:44.649+0000] {dag.py:2705} INFO - Sync 1 DAGs
[2023-05-01T18:03:44.667+0000] {logging_mixin.py:137} INFO - [2023-05-01T18:03:44.667+0000] {dag.py:3456} INFO - Setting next_dagrun for example_branch_labels to 2023-04-30T00:00:00+00:00, run_after=2023-05-01T00:00:00+00:00
[2023-05-01T18:03:44.677+0000] {processor.py:175} INFO - Processing /home/airflow/.local/lib/python3.7/site-packages/airflow/example_dags/example_branch_labels.py took 0.065 seconds
[2023-05-01T18:03:47.083+0000] {processor.py:153} INFO - Started process (PID=50) to work on /home/airflow/.local/lib/python3.7/site-packages/airflow/example_dags/example_branch_labels.py
[2023-05-01T18:03:47.085+0000] {processor.py:743} INFO - Processing file /home/airflow/.local/lib/python3.7/site-packages/airflow/example_dags/example_branch_labels.py for tasks to queue
[2023-05-01T18:03:47.085+0000] {logging_mixin.py:137} INFO - [2023-05-01T18:03:47.085+0000] {dagbag.py:532} INFO - Filling up the DagBag from /home/airflow/.local/lib/python3.7/site-packages/airflow/example_dags/example_branch_labels.py
[2023-05-01T18:03:47.098+0000] {processor.py:753} INFO - DAG(s) dict_keys(['example_branch_labels']) retrieved from /home/airflow/.local/lib/python3.7/site-packages/airflow/example_dags/example_branch_labels.py
[2023-05-01T18:03:47.124+0000] {logging_mixin.py:137} INFO - [2023-05-01T18:03:47.124+0000] {dag.py:2705} INFO - Sync 1 DAGs
[2023-05-01T18:03:47.145+0000] {logging_mixin.py:137} INFO - [2023-05-01T18:03:47.145+0000] {dag.py:3456} INFO - Setting next_dagrun for example_branch_labels to 2023-04-30T00:00:00+00:00, run_after=2023-05-01T00:00:00+00:00
[2023-05-01T18:03:47.161+0000] {processor.py:175} INFO - Processing /home/airflow/.local/lib/python3.7/site-packages/airflow/example_dags/example_branch_labels.py took 0.081 seconds
[2023-05-01T18:04:31.094+0000] {processor.py:153} INFO - Started process (PID=39) to work on /home/airflow/.local/lib/python3.7/site-packages/airflow/example_dags/example_branch_labels.py
[2023-05-01T18:04:31.101+0000] {processor.py:743} INFO - Processing file /home/airflow/.local/lib/python3.7/site-packages/airflow/example_dags/example_branch_labels.py for tasks to queue
[2023-05-01T18:04:31.118+0000] {logging_mixin.py:137} INFO - [2023-05-01T18:04:31.117+0000] {dagbag.py:532} INFO - Filling up the DagBag from /home/airflow/.local/lib/python3.7/site-packages/airflow/example_dags/example_branch_labels.py
[2023-05-01T18:04:31.641+0000] {processor.py:753} INFO - DAG(s) dict_keys(['example_branch_labels']) retrieved from /home/airflow/.local/lib/python3.7/site-packages/airflow/example_dags/example_branch_labels.py
[2023-05-01T18:04:32.083+0000] {logging_mixin.py:137} INFO - [2023-05-01T18:04:32.081+0000] {dag.py:2705} INFO - Sync 1 DAGs
[2023-05-01T18:05:02.912+0000] {processor.py:153} INFO - Started process (PID=37) to work on /home/airflow/.local/lib/python3.7/site-packages/airflow/example_dags/example_branch_labels.py
[2023-05-01T18:05:03.053+0000] {processor.py:743} INFO - Processing file /home/airflow/.local/lib/python3.7/site-packages/airflow/example_dags/example_branch_labels.py for tasks to queue
[2023-05-01T18:05:03.073+0000] {logging_mixin.py:137} INFO - [2023-05-01T18:05:03.071+0000] {dagbag.py:532} INFO - Filling up the DagBag from /home/airflow/.local/lib/python3.7/site-packages/airflow/example_dags/example_branch_labels.py
[2023-05-01T18:06:02.430+0000] {processor.py:153} INFO - Started process (PID=36) to work on /home/airflow/.local/lib/python3.7/site-packages/airflow/example_dags/example_branch_labels.py
[2023-05-01T18:06:02.430+0000] {processor.py:743} INFO - Processing file /home/airflow/.local/lib/python3.7/site-packages/airflow/example_dags/example_branch_labels.py for tasks to queue
[2023-05-01T18:06:02.431+0000] {logging_mixin.py:137} INFO - [2023-05-01T18:06:02.431+0000] {dagbag.py:532} INFO - Filling up the DagBag from /home/airflow/.local/lib/python3.7/site-packages/airflow/example_dags/example_branch_labels.py
[2023-05-01T18:06:02.476+0000] {processor.py:753} INFO - DAG(s) dict_keys(['example_branch_labels']) retrieved from /home/airflow/.local/lib/python3.7/site-packages/airflow/example_dags/example_branch_labels.py
[2023-05-01T18:06:02.533+0000] {logging_mixin.py:137} INFO - [2023-05-01T18:06:02.533+0000] {dag.py:2705} INFO - Sync 1 DAGs
[2023-05-01T18:06:02.575+0000] {logging_mixin.py:137} INFO - [2023-05-01T18:06:02.565+0000] {dag.py:3456} INFO - Setting next_dagrun for example_branch_labels to 2023-04-30T00:00:00+00:00, run_after=2023-05-01T00:00:00+00:00
[2023-05-01T18:06:02.619+0000] {processor.py:175} INFO - Processing /home/airflow/.local/lib/python3.7/site-packages/airflow/example_dags/example_branch_labels.py took 0.194 seconds
[2023-05-01T18:07:32.497+0000] {processor.py:153} INFO - Started process (PID=35) to work on /home/airflow/.local/lib/python3.7/site-packages/airflow/example_dags/example_branch_labels.py
[2023-05-01T18:07:32.504+0000] {processor.py:743} INFO - Processing file /home/airflow/.local/lib/python3.7/site-packages/airflow/example_dags/example_branch_labels.py for tasks to queue
[2023-05-01T18:07:32.509+0000] {logging_mixin.py:137} INFO - [2023-05-01T18:07:32.509+0000] {dagbag.py:532} INFO - Filling up the DagBag from /home/airflow/.local/lib/python3.7/site-packages/airflow/example_dags/example_branch_labels.py
[2023-05-01T18:07:33.266+0000] {processor.py:753} INFO - DAG(s) dict_keys(['example_branch_labels']) retrieved from /home/airflow/.local/lib/python3.7/site-packages/airflow/example_dags/example_branch_labels.py
[2023-05-01T18:08:21.796+0000] {processor.py:153} INFO - Started process (PID=37) to work on /home/airflow/.local/lib/python3.7/site-packages/airflow/example_dags/example_branch_labels.py
[2023-05-01T18:08:21.798+0000] {processor.py:743} INFO - Processing file /home/airflow/.local/lib/python3.7/site-packages/airflow/example_dags/example_branch_labels.py for tasks to queue
[2023-05-01T18:08:21.800+0000] {logging_mixin.py:137} INFO - [2023-05-01T18:08:21.800+0000] {dagbag.py:532} INFO - Filling up the DagBag from /home/airflow/.local/lib/python3.7/site-packages/airflow/example_dags/example_branch_labels.py
[2023-05-01T18:08:21.870+0000] {processor.py:753} INFO - DAG(s) dict_keys(['example_branch_labels']) retrieved from /home/airflow/.local/lib/python3.7/site-packages/airflow/example_dags/example_branch_labels.py
[2023-05-01T18:08:21.972+0000] {logging_mixin.py:137} INFO - [2023-05-01T18:08:21.972+0000] {dag.py:2705} INFO - Sync 1 DAGs
[2023-05-01T18:08:22.069+0000] {logging_mixin.py:137} INFO - [2023-05-01T18:08:22.068+0000] {dag.py:3456} INFO - Setting next_dagrun for example_branch_labels to 2023-04-30T00:00:00+00:00, run_after=2023-05-01T00:00:00+00:00
[2023-05-01T18:08:22.137+0000] {processor.py:175} INFO - Processing /home/airflow/.local/lib/python3.7/site-packages/airflow/example_dags/example_branch_labels.py took 0.345 seconds
[2023-05-01T18:08:45.725+0000] {processor.py:153} INFO - Started process (PID=37) to work on /home/airflow/.local/lib/python3.7/site-packages/airflow/example_dags/example_branch_labels.py
[2023-05-01T18:08:45.768+0000] {processor.py:743} INFO - Processing file /home/airflow/.local/lib/python3.7/site-packages/airflow/example_dags/example_branch_labels.py for tasks to queue
[2023-05-01T18:08:45.873+0000] {logging_mixin.py:137} INFO - [2023-05-01T18:08:45.831+0000] {dagbag.py:532} INFO - Filling up the DagBag from /home/airflow/.local/lib/python3.7/site-packages/airflow/example_dags/example_branch_labels.py
[2023-05-01T18:09:26.525+0000] {processor.py:153} INFO - Started process (PID=36) to work on /home/airflow/.local/lib/python3.7/site-packages/airflow/example_dags/example_branch_labels.py
[2023-05-01T18:09:26.532+0000] {processor.py:743} INFO - Processing file /home/airflow/.local/lib/python3.7/site-packages/airflow/example_dags/example_branch_labels.py for tasks to queue
[2023-05-01T18:09:26.534+0000] {logging_mixin.py:137} INFO - [2023-05-01T18:09:26.534+0000] {dagbag.py:532} INFO - Filling up the DagBag from /home/airflow/.local/lib/python3.7/site-packages/airflow/example_dags/example_branch_labels.py
[2023-05-01T18:09:26.652+0000] {processor.py:753} INFO - DAG(s) dict_keys(['example_branch_labels']) retrieved from /home/airflow/.local/lib/python3.7/site-packages/airflow/example_dags/example_branch_labels.py
[2023-05-01T18:09:26.716+0000] {logging_mixin.py:137} INFO - [2023-05-01T18:09:26.716+0000] {dag.py:2705} INFO - Sync 1 DAGs
[2023-05-01T18:09:26.753+0000] {logging_mixin.py:137} INFO - [2023-05-01T18:09:26.753+0000] {dag.py:3456} INFO - Setting next_dagrun for example_branch_labels to 2023-04-30T00:00:00+00:00, run_after=2023-05-01T00:00:00+00:00
[2023-05-01T18:09:26.846+0000] {processor.py:175} INFO - Processing /home/airflow/.local/lib/python3.7/site-packages/airflow/example_dags/example_branch_labels.py took 0.340 seconds
[2023-05-01T18:09:33.515+0000] {processor.py:153} INFO - Started process (PID=61) to work on /home/airflow/.local/lib/python3.7/site-packages/airflow/example_dags/example_branch_labels.py
[2023-05-01T18:09:33.519+0000] {processor.py:743} INFO - Processing file /home/airflow/.local/lib/python3.7/site-packages/airflow/example_dags/example_branch_labels.py for tasks to queue
[2023-05-01T18:09:33.522+0000] {logging_mixin.py:137} INFO - [2023-05-01T18:09:33.522+0000] {dagbag.py:532} INFO - Filling up the DagBag from /home/airflow/.local/lib/python3.7/site-packages/airflow/example_dags/example_branch_labels.py
[2023-05-01T18:09:33.586+0000] {processor.py:753} INFO - DAG(s) dict_keys(['example_branch_labels']) retrieved from /home/airflow/.local/lib/python3.7/site-packages/airflow/example_dags/example_branch_labels.py
[2023-05-01T18:12:10.674+0000] {processor.py:153} INFO - Started process (PID=38) to work on /home/airflow/.local/lib/python3.7/site-packages/airflow/example_dags/example_branch_labels.py
[2023-05-01T18:12:10.675+0000] {processor.py:743} INFO - Processing file /home/airflow/.local/lib/python3.7/site-packages/airflow/example_dags/example_branch_labels.py for tasks to queue
[2023-05-01T18:12:10.682+0000] {logging_mixin.py:137} INFO - [2023-05-01T18:12:10.682+0000] {dagbag.py:532} INFO - Filling up the DagBag from /home/airflow/.local/lib/python3.7/site-packages/airflow/example_dags/example_branch_labels.py
[2023-05-01T18:12:10.822+0000] {processor.py:753} INFO - DAG(s) dict_keys(['example_branch_labels']) retrieved from /home/airflow/.local/lib/python3.7/site-packages/airflow/example_dags/example_branch_labels.py
[2023-05-01T18:12:11.467+0000] {logging_mixin.py:137} INFO - [2023-05-01T18:12:11.464+0000] {dag.py:2705} INFO - Sync 1 DAGs
