[2023-05-01T11:41:55.136+0000] {processor.py:153} INFO - Started process (PID=58) to work on /home/airflow/.local/lib/python3.7/site-packages/airflow/example_dags/example_nested_branch_dag.py
[2023-05-01T11:41:55.138+0000] {processor.py:743} INFO - Processing file /home/airflow/.local/lib/python3.7/site-packages/airflow/example_dags/example_nested_branch_dag.py for tasks to queue
[2023-05-01T11:41:55.139+0000] {logging_mixin.py:137} INFO - [2023-05-01T11:41:55.139+0000] {dagbag.py:532} INFO - Filling up the DagBag from /home/airflow/.local/lib/python3.7/site-packages/airflow/example_dags/example_nested_branch_dag.py
[2023-05-01T11:41:55.275+0000] {processor.py:753} INFO - DAG(s) dict_keys(['example_nested_branch_dag']) retrieved from /home/airflow/.local/lib/python3.7/site-packages/airflow/example_dags/example_nested_branch_dag.py
[2023-05-01T11:41:55.361+0000] {logging_mixin.py:137} INFO - [2023-05-01T11:41:55.361+0000] {dag.py:2705} INFO - Sync 1 DAGs
[2023-05-01T11:41:55.411+0000] {logging_mixin.py:137} INFO - [2023-05-01T11:41:55.411+0000] {dag.py:3456} INFO - Setting next_dagrun for example_nested_branch_dag to 2023-04-30T00:00:00+00:00, run_after=2023-05-01T00:00:00+00:00
[2023-05-01T11:41:55.536+0000] {processor.py:175} INFO - Processing /home/airflow/.local/lib/python3.7/site-packages/airflow/example_dags/example_nested_branch_dag.py took 0.402 seconds
[2023-05-01T17:11:50.825+0000] {processor.py:153} INFO - Started process (PID=48) to work on /home/airflow/.local/lib/python3.7/site-packages/airflow/example_dags/example_nested_branch_dag.py
[2023-05-01T17:11:50.843+0000] {processor.py:743} INFO - Processing file /home/airflow/.local/lib/python3.7/site-packages/airflow/example_dags/example_nested_branch_dag.py for tasks to queue
[2023-05-01T17:11:50.844+0000] {logging_mixin.py:137} INFO - [2023-05-01T17:11:50.844+0000] {dagbag.py:532} INFO - Filling up the DagBag from /home/airflow/.local/lib/python3.7/site-packages/airflow/example_dags/example_nested_branch_dag.py
[2023-05-01T17:11:51.018+0000] {processor.py:753} INFO - DAG(s) dict_keys(['example_nested_branch_dag']) retrieved from /home/airflow/.local/lib/python3.7/site-packages/airflow/example_dags/example_nested_branch_dag.py
[2023-05-01T17:11:51.166+0000] {logging_mixin.py:137} INFO - [2023-05-01T17:11:51.163+0000] {dag.py:2705} INFO - Sync 1 DAGs
[2023-05-01T17:11:51.264+0000] {logging_mixin.py:137} INFO - [2023-05-01T17:11:51.263+0000] {dag.py:3456} INFO - Setting next_dagrun for example_nested_branch_dag to 2023-04-30T00:00:00+00:00, run_after=2023-05-01T00:00:00+00:00
[2023-05-01T17:11:51.627+0000] {processor.py:175} INFO - Processing /home/airflow/.local/lib/python3.7/site-packages/airflow/example_dags/example_nested_branch_dag.py took 0.837 seconds
[2023-05-01T17:13:11.768+0000] {processor.py:153} INFO - Started process (PID=48) to work on /home/airflow/.local/lib/python3.7/site-packages/airflow/example_dags/example_nested_branch_dag.py
[2023-05-01T17:13:11.769+0000] {processor.py:743} INFO - Processing file /home/airflow/.local/lib/python3.7/site-packages/airflow/example_dags/example_nested_branch_dag.py for tasks to queue
[2023-05-01T17:13:11.769+0000] {logging_mixin.py:137} INFO - [2023-05-01T17:13:11.769+0000] {dagbag.py:532} INFO - Filling up the DagBag from /home/airflow/.local/lib/python3.7/site-packages/airflow/example_dags/example_nested_branch_dag.py
[2023-05-01T17:13:11.816+0000] {processor.py:753} INFO - DAG(s) dict_keys(['example_nested_branch_dag']) retrieved from /home/airflow/.local/lib/python3.7/site-packages/airflow/example_dags/example_nested_branch_dag.py
[2023-05-01T17:13:11.852+0000] {logging_mixin.py:137} INFO - [2023-05-01T17:13:11.852+0000] {dag.py:2705} INFO - Sync 1 DAGs
[2023-05-01T17:13:11.893+0000] {logging_mixin.py:137} INFO - [2023-05-01T17:13:11.893+0000] {dag.py:3456} INFO - Setting next_dagrun for example_nested_branch_dag to 2023-04-30T00:00:00+00:00, run_after=2023-05-01T00:00:00+00:00
[2023-05-01T17:13:11.914+0000] {processor.py:175} INFO - Processing /home/airflow/.local/lib/python3.7/site-packages/airflow/example_dags/example_nested_branch_dag.py took 0.148 seconds
[2023-05-01T17:14:33.554+0000] {processor.py:153} INFO - Started process (PID=48) to work on /home/airflow/.local/lib/python3.7/site-packages/airflow/example_dags/example_nested_branch_dag.py
[2023-05-01T17:14:33.558+0000] {processor.py:743} INFO - Processing file /home/airflow/.local/lib/python3.7/site-packages/airflow/example_dags/example_nested_branch_dag.py for tasks to queue
[2023-05-01T17:14:33.559+0000] {logging_mixin.py:137} INFO - [2023-05-01T17:14:33.559+0000] {dagbag.py:532} INFO - Filling up the DagBag from /home/airflow/.local/lib/python3.7/site-packages/airflow/example_dags/example_nested_branch_dag.py
[2023-05-01T17:14:33.611+0000] {processor.py:753} INFO - DAG(s) dict_keys(['example_nested_branch_dag']) retrieved from /home/airflow/.local/lib/python3.7/site-packages/airflow/example_dags/example_nested_branch_dag.py
[2023-05-01T17:14:33.693+0000] {logging_mixin.py:137} INFO - [2023-05-01T17:14:33.693+0000] {dag.py:2705} INFO - Sync 1 DAGs
[2023-05-01T17:14:33.780+0000] {logging_mixin.py:137} INFO - [2023-05-01T17:14:33.779+0000] {dag.py:3456} INFO - Setting next_dagrun for example_nested_branch_dag to 2023-04-30T00:00:00+00:00, run_after=2023-05-01T00:00:00+00:00
[2023-05-01T17:14:33.858+0000] {processor.py:175} INFO - Processing /home/airflow/.local/lib/python3.7/site-packages/airflow/example_dags/example_nested_branch_dag.py took 0.311 seconds
[2023-05-01T17:15:47.386+0000] {processor.py:153} INFO - Started process (PID=48) to work on /home/airflow/.local/lib/python3.7/site-packages/airflow/example_dags/example_nested_branch_dag.py
[2023-05-01T17:15:47.399+0000] {processor.py:743} INFO - Processing file /home/airflow/.local/lib/python3.7/site-packages/airflow/example_dags/example_nested_branch_dag.py for tasks to queue
[2023-05-01T17:15:47.422+0000] {logging_mixin.py:137} INFO - [2023-05-01T17:15:47.412+0000] {dagbag.py:532} INFO - Filling up the DagBag from /home/airflow/.local/lib/python3.7/site-packages/airflow/example_dags/example_nested_branch_dag.py
[2023-05-01T17:21:35.974+0000] {processor.py:153} INFO - Started process (PID=48) to work on /home/airflow/.local/lib/python3.7/site-packages/airflow/example_dags/example_nested_branch_dag.py
[2023-05-01T17:21:35.976+0000] {processor.py:743} INFO - Processing file /home/airflow/.local/lib/python3.7/site-packages/airflow/example_dags/example_nested_branch_dag.py for tasks to queue
[2023-05-01T17:21:35.977+0000] {logging_mixin.py:137} INFO - [2023-05-01T17:21:35.976+0000] {dagbag.py:532} INFO - Filling up the DagBag from /home/airflow/.local/lib/python3.7/site-packages/airflow/example_dags/example_nested_branch_dag.py
[2023-05-01T17:21:36.030+0000] {processor.py:753} INFO - DAG(s) dict_keys(['example_nested_branch_dag']) retrieved from /home/airflow/.local/lib/python3.7/site-packages/airflow/example_dags/example_nested_branch_dag.py
[2023-05-01T17:21:36.061+0000] {logging_mixin.py:137} INFO - [2023-05-01T17:21:36.061+0000] {dag.py:2705} INFO - Sync 1 DAGs
[2023-05-01T17:21:36.099+0000] {logging_mixin.py:137} INFO - [2023-05-01T17:21:36.099+0000] {dag.py:3456} INFO - Setting next_dagrun for example_nested_branch_dag to 2023-04-30T00:00:00+00:00, run_after=2023-05-01T00:00:00+00:00
[2023-05-01T17:21:36.125+0000] {processor.py:175} INFO - Processing /home/airflow/.local/lib/python3.7/site-packages/airflow/example_dags/example_nested_branch_dag.py took 0.157 seconds
[2023-05-01T17:23:57.612+0000] {processor.py:153} INFO - Started process (PID=54) to work on /home/airflow/.local/lib/python3.7/site-packages/airflow/example_dags/example_nested_branch_dag.py
[2023-05-01T17:23:57.615+0000] {processor.py:743} INFO - Processing file /home/airflow/.local/lib/python3.7/site-packages/airflow/example_dags/example_nested_branch_dag.py for tasks to queue
[2023-05-01T17:23:57.616+0000] {logging_mixin.py:137} INFO - [2023-05-01T17:23:57.615+0000] {dagbag.py:532} INFO - Filling up the DagBag from /home/airflow/.local/lib/python3.7/site-packages/airflow/example_dags/example_nested_branch_dag.py
[2023-05-01T17:23:57.658+0000] {processor.py:753} INFO - DAG(s) dict_keys(['example_nested_branch_dag']) retrieved from /home/airflow/.local/lib/python3.7/site-packages/airflow/example_dags/example_nested_branch_dag.py
[2023-05-01T17:23:57.731+0000] {logging_mixin.py:137} INFO - [2023-05-01T17:23:57.729+0000] {dag.py:2705} INFO - Sync 1 DAGs
[2023-05-01T17:23:57.781+0000] {logging_mixin.py:137} INFO - [2023-05-01T17:23:57.781+0000] {dag.py:3456} INFO - Setting next_dagrun for example_nested_branch_dag to 2023-04-30T00:00:00+00:00, run_after=2023-05-01T00:00:00+00:00
[2023-05-01T17:23:57.826+0000] {processor.py:175} INFO - Processing /home/airflow/.local/lib/python3.7/site-packages/airflow/example_dags/example_nested_branch_dag.py took 0.219 seconds
[2023-05-01T17:25:07.134+0000] {processor.py:153} INFO - Started process (PID=49) to work on /home/airflow/.local/lib/python3.7/site-packages/airflow/example_dags/example_nested_branch_dag.py
[2023-05-01T17:25:07.138+0000] {processor.py:743} INFO - Processing file /home/airflow/.local/lib/python3.7/site-packages/airflow/example_dags/example_nested_branch_dag.py for tasks to queue
[2023-05-01T17:25:07.143+0000] {logging_mixin.py:137} INFO - [2023-05-01T17:25:07.141+0000] {dagbag.py:532} INFO - Filling up the DagBag from /home/airflow/.local/lib/python3.7/site-packages/airflow/example_dags/example_nested_branch_dag.py
[2023-05-01T17:33:05.255+0000] {processor.py:153} INFO - Started process (PID=55) to work on /home/airflow/.local/lib/python3.7/site-packages/airflow/example_dags/example_nested_branch_dag.py
[2023-05-01T17:33:05.259+0000] {processor.py:743} INFO - Processing file /home/airflow/.local/lib/python3.7/site-packages/airflow/example_dags/example_nested_branch_dag.py for tasks to queue
[2023-05-01T17:33:05.268+0000] {logging_mixin.py:137} INFO - [2023-05-01T17:33:05.268+0000] {dagbag.py:532} INFO - Filling up the DagBag from /home/airflow/.local/lib/python3.7/site-packages/airflow/example_dags/example_nested_branch_dag.py
[2023-05-01T17:33:05.414+0000] {processor.py:753} INFO - DAG(s) dict_keys(['example_nested_branch_dag']) retrieved from /home/airflow/.local/lib/python3.7/site-packages/airflow/example_dags/example_nested_branch_dag.py
[2023-05-01T17:33:05.525+0000] {logging_mixin.py:137} INFO - [2023-05-01T17:33:05.525+0000] {dag.py:2705} INFO - Sync 1 DAGs
[2023-05-01T17:33:05.593+0000] {logging_mixin.py:137} INFO - [2023-05-01T17:33:05.593+0000] {dag.py:3456} INFO - Setting next_dagrun for example_nested_branch_dag to 2023-04-30T00:00:00+00:00, run_after=2023-05-01T00:00:00+00:00
[2023-05-01T17:33:05.654+0000] {processor.py:175} INFO - Processing /home/airflow/.local/lib/python3.7/site-packages/airflow/example_dags/example_nested_branch_dag.py took 0.406 seconds
[2023-05-01T17:36:56.621+0000] {processor.py:153} INFO - Started process (PID=56) to work on /home/airflow/.local/lib/python3.7/site-packages/airflow/example_dags/example_nested_branch_dag.py
[2023-05-01T17:36:56.624+0000] {processor.py:743} INFO - Processing file /home/airflow/.local/lib/python3.7/site-packages/airflow/example_dags/example_nested_branch_dag.py for tasks to queue
[2023-05-01T17:36:56.629+0000] {logging_mixin.py:137} INFO - [2023-05-01T17:36:56.628+0000] {dagbag.py:532} INFO - Filling up the DagBag from /home/airflow/.local/lib/python3.7/site-packages/airflow/example_dags/example_nested_branch_dag.py
[2023-05-01T17:36:56.712+0000] {processor.py:753} INFO - DAG(s) dict_keys(['example_nested_branch_dag']) retrieved from /home/airflow/.local/lib/python3.7/site-packages/airflow/example_dags/example_nested_branch_dag.py
[2023-05-01T17:36:56.789+0000] {logging_mixin.py:137} INFO - [2023-05-01T17:36:56.789+0000] {dag.py:2705} INFO - Sync 1 DAGs
[2023-05-01T17:36:56.881+0000] {logging_mixin.py:137} INFO - [2023-05-01T17:36:56.881+0000] {dag.py:3456} INFO - Setting next_dagrun for example_nested_branch_dag to 2023-04-30T00:00:00+00:00, run_after=2023-05-01T00:00:00+00:00
[2023-05-01T17:36:56.963+0000] {processor.py:175} INFO - Processing /home/airflow/.local/lib/python3.7/site-packages/airflow/example_dags/example_nested_branch_dag.py took 0.344 seconds
[2023-05-01T17:37:55.621+0000] {processor.py:153} INFO - Started process (PID=49) to work on /home/airflow/.local/lib/python3.7/site-packages/airflow/example_dags/example_nested_branch_dag.py
[2023-05-01T17:37:55.626+0000] {processor.py:743} INFO - Processing file /home/airflow/.local/lib/python3.7/site-packages/airflow/example_dags/example_nested_branch_dag.py for tasks to queue
[2023-05-01T17:37:55.627+0000] {logging_mixin.py:137} INFO - [2023-05-01T17:37:55.627+0000] {dagbag.py:532} INFO - Filling up the DagBag from /home/airflow/.local/lib/python3.7/site-packages/airflow/example_dags/example_nested_branch_dag.py
[2023-05-01T17:38:15.492+0000] {processor.py:153} INFO - Started process (PID=49) to work on /home/airflow/.local/lib/python3.7/site-packages/airflow/example_dags/example_nested_branch_dag.py
[2023-05-01T17:38:15.492+0000] {processor.py:743} INFO - Processing file /home/airflow/.local/lib/python3.7/site-packages/airflow/example_dags/example_nested_branch_dag.py for tasks to queue
[2023-05-01T17:38:15.492+0000] {logging_mixin.py:137} INFO - [2023-05-01T17:38:15.492+0000] {dagbag.py:532} INFO - Filling up the DagBag from /home/airflow/.local/lib/python3.7/site-packages/airflow/example_dags/example_nested_branch_dag.py
[2023-05-01T17:38:15.509+0000] {processor.py:753} INFO - DAG(s) dict_keys(['example_nested_branch_dag']) retrieved from /home/airflow/.local/lib/python3.7/site-packages/airflow/example_dags/example_nested_branch_dag.py
[2023-05-01T17:38:15.525+0000] {logging_mixin.py:137} INFO - [2023-05-01T17:38:15.525+0000] {dag.py:2705} INFO - Sync 1 DAGs
[2023-05-01T17:38:15.545+0000] {logging_mixin.py:137} INFO - [2023-05-01T17:38:15.545+0000] {dag.py:3456} INFO - Setting next_dagrun for example_nested_branch_dag to 2023-04-30T00:00:00+00:00, run_after=2023-05-01T00:00:00+00:00
[2023-05-01T17:38:15.575+0000] {processor.py:175} INFO - Processing /home/airflow/.local/lib/python3.7/site-packages/airflow/example_dags/example_nested_branch_dag.py took 0.085 seconds
[2023-05-01T17:41:33.996+0000] {processor.py:153} INFO - Started process (PID=50) to work on /home/airflow/.local/lib/python3.7/site-packages/airflow/example_dags/example_nested_branch_dag.py
[2023-05-01T17:41:33.997+0000] {processor.py:743} INFO - Processing file /home/airflow/.local/lib/python3.7/site-packages/airflow/example_dags/example_nested_branch_dag.py for tasks to queue
[2023-05-01T17:41:33.998+0000] {logging_mixin.py:137} INFO - [2023-05-01T17:41:33.998+0000] {dagbag.py:532} INFO - Filling up the DagBag from /home/airflow/.local/lib/python3.7/site-packages/airflow/example_dags/example_nested_branch_dag.py
[2023-05-01T17:41:34.042+0000] {processor.py:753} INFO - DAG(s) dict_keys(['example_nested_branch_dag']) retrieved from /home/airflow/.local/lib/python3.7/site-packages/airflow/example_dags/example_nested_branch_dag.py
[2023-05-01T17:41:34.072+0000] {logging_mixin.py:137} INFO - [2023-05-01T17:41:34.072+0000] {dag.py:2705} INFO - Sync 1 DAGs
[2023-05-01T17:41:34.105+0000] {logging_mixin.py:137} INFO - [2023-05-01T17:41:34.105+0000] {dag.py:3456} INFO - Setting next_dagrun for example_nested_branch_dag to 2023-04-30T00:00:00+00:00, run_after=2023-05-01T00:00:00+00:00
[2023-05-01T17:41:34.136+0000] {processor.py:175} INFO - Processing /home/airflow/.local/lib/python3.7/site-packages/airflow/example_dags/example_nested_branch_dag.py took 0.142 seconds
[2023-05-01T17:43:12.957+0000] {processor.py:153} INFO - Started process (PID=50) to work on /home/airflow/.local/lib/python3.7/site-packages/airflow/example_dags/example_nested_branch_dag.py
[2023-05-01T17:43:12.964+0000] {processor.py:743} INFO - Processing file /home/airflow/.local/lib/python3.7/site-packages/airflow/example_dags/example_nested_branch_dag.py for tasks to queue
[2023-05-01T17:43:12.970+0000] {logging_mixin.py:137} INFO - [2023-05-01T17:43:12.970+0000] {dagbag.py:532} INFO - Filling up the DagBag from /home/airflow/.local/lib/python3.7/site-packages/airflow/example_dags/example_nested_branch_dag.py
[2023-05-01T17:43:13.070+0000] {processor.py:753} INFO - DAG(s) dict_keys(['example_nested_branch_dag']) retrieved from /home/airflow/.local/lib/python3.7/site-packages/airflow/example_dags/example_nested_branch_dag.py
[2023-05-01T17:43:13.135+0000] {logging_mixin.py:137} INFO - [2023-05-01T17:43:13.134+0000] {dag.py:2705} INFO - Sync 1 DAGs
[2023-05-01T17:43:13.210+0000] {logging_mixin.py:137} INFO - [2023-05-01T17:43:13.210+0000] {dag.py:3456} INFO - Setting next_dagrun for example_nested_branch_dag to 2023-04-30T00:00:00+00:00, run_after=2023-05-01T00:00:00+00:00
[2023-05-01T17:43:13.270+0000] {processor.py:175} INFO - Processing /home/airflow/.local/lib/python3.7/site-packages/airflow/example_dags/example_nested_branch_dag.py took 0.315 seconds
[2023-05-01T17:44:20.729+0000] {processor.py:153} INFO - Started process (PID=48) to work on /home/airflow/.local/lib/python3.7/site-packages/airflow/example_dags/example_nested_branch_dag.py
[2023-05-01T17:44:20.736+0000] {processor.py:743} INFO - Processing file /home/airflow/.local/lib/python3.7/site-packages/airflow/example_dags/example_nested_branch_dag.py for tasks to queue
[2023-05-01T17:44:20.736+0000] {logging_mixin.py:137} INFO - [2023-05-01T17:44:20.736+0000] {dagbag.py:532} INFO - Filling up the DagBag from /home/airflow/.local/lib/python3.7/site-packages/airflow/example_dags/example_nested_branch_dag.py
[2023-05-01T17:44:20.797+0000] {processor.py:753} INFO - DAG(s) dict_keys(['example_nested_branch_dag']) retrieved from /home/airflow/.local/lib/python3.7/site-packages/airflow/example_dags/example_nested_branch_dag.py
[2023-05-01T17:44:20.871+0000] {logging_mixin.py:137} INFO - [2023-05-01T17:44:20.871+0000] {dag.py:2705} INFO - Sync 1 DAGs
[2023-05-01T17:44:20.911+0000] {logging_mixin.py:137} INFO - [2023-05-01T17:44:20.911+0000] {dag.py:3456} INFO - Setting next_dagrun for example_nested_branch_dag to 2023-04-30T00:00:00+00:00, run_after=2023-05-01T00:00:00+00:00
[2023-05-01T17:44:20.938+0000] {processor.py:175} INFO - Processing /home/airflow/.local/lib/python3.7/site-packages/airflow/example_dags/example_nested_branch_dag.py took 0.213 seconds
[2023-05-01T17:51:04.944+0000] {processor.py:153} INFO - Started process (PID=48) to work on /home/airflow/.local/lib/python3.7/site-packages/airflow/example_dags/example_nested_branch_dag.py
[2023-05-01T17:51:04.958+0000] {processor.py:743} INFO - Processing file /home/airflow/.local/lib/python3.7/site-packages/airflow/example_dags/example_nested_branch_dag.py for tasks to queue
[2023-05-01T17:51:04.958+0000] {logging_mixin.py:137} INFO - [2023-05-01T17:51:04.958+0000] {dagbag.py:532} INFO - Filling up the DagBag from /home/airflow/.local/lib/python3.7/site-packages/airflow/example_dags/example_nested_branch_dag.py
[2023-05-01T17:51:05.125+0000] {processor.py:753} INFO - DAG(s) dict_keys(['example_nested_branch_dag']) retrieved from /home/airflow/.local/lib/python3.7/site-packages/airflow/example_dags/example_nested_branch_dag.py
[2023-05-01T17:51:05.264+0000] {logging_mixin.py:137} INFO - [2023-05-01T17:51:05.253+0000] {dag.py:2705} INFO - Sync 1 DAGs
[2023-05-01T17:51:05.426+0000] {logging_mixin.py:137} INFO - [2023-05-01T17:51:05.425+0000] {dag.py:3456} INFO - Setting next_dagrun for example_nested_branch_dag to 2023-04-30T00:00:00+00:00, run_after=2023-05-01T00:00:00+00:00
[2023-05-01T17:51:05.563+0000] {processor.py:175} INFO - Processing /home/airflow/.local/lib/python3.7/site-packages/airflow/example_dags/example_nested_branch_dag.py took 0.633 seconds
[2023-05-01T17:58:34.704+0000] {processor.py:153} INFO - Started process (PID=49) to work on /home/airflow/.local/lib/python3.7/site-packages/airflow/example_dags/example_nested_branch_dag.py
[2023-05-01T17:58:34.721+0000] {processor.py:743} INFO - Processing file /home/airflow/.local/lib/python3.7/site-packages/airflow/example_dags/example_nested_branch_dag.py for tasks to queue
[2023-05-01T17:58:34.727+0000] {logging_mixin.py:137} INFO - [2023-05-01T17:58:34.727+0000] {dagbag.py:532} INFO - Filling up the DagBag from /home/airflow/.local/lib/python3.7/site-packages/airflow/example_dags/example_nested_branch_dag.py
[2023-05-01T17:58:34.904+0000] {processor.py:753} INFO - DAG(s) dict_keys(['example_nested_branch_dag']) retrieved from /home/airflow/.local/lib/python3.7/site-packages/airflow/example_dags/example_nested_branch_dag.py
[2023-05-01T17:58:35.018+0000] {logging_mixin.py:137} INFO - [2023-05-01T17:58:35.015+0000] {dag.py:2705} INFO - Sync 1 DAGs
[2023-05-01T17:58:35.122+0000] {logging_mixin.py:137} INFO - [2023-05-01T17:58:35.120+0000] {dag.py:3456} INFO - Setting next_dagrun for example_nested_branch_dag to 2023-04-30T00:00:00+00:00, run_after=2023-05-01T00:00:00+00:00
[2023-05-01T17:58:35.208+0000] {processor.py:175} INFO - Processing /home/airflow/.local/lib/python3.7/site-packages/airflow/example_dags/example_nested_branch_dag.py took 0.506 seconds
[2023-05-01T17:59:04.661+0000] {processor.py:153} INFO - Started process (PID=48) to work on /home/airflow/.local/lib/python3.7/site-packages/airflow/example_dags/example_nested_branch_dag.py
[2023-05-01T17:59:04.662+0000] {processor.py:743} INFO - Processing file /home/airflow/.local/lib/python3.7/site-packages/airflow/example_dags/example_nested_branch_dag.py for tasks to queue
[2023-05-01T17:59:04.663+0000] {logging_mixin.py:137} INFO - [2023-05-01T17:59:04.662+0000] {dagbag.py:532} INFO - Filling up the DagBag from /home/airflow/.local/lib/python3.7/site-packages/airflow/example_dags/example_nested_branch_dag.py
[2023-05-01T17:59:04.698+0000] {processor.py:753} INFO - DAG(s) dict_keys(['example_nested_branch_dag']) retrieved from /home/airflow/.local/lib/python3.7/site-packages/airflow/example_dags/example_nested_branch_dag.py
[2023-05-01T17:59:04.742+0000] {logging_mixin.py:137} INFO - [2023-05-01T17:59:04.742+0000] {dag.py:2705} INFO - Sync 1 DAGs
[2023-05-01T17:59:04.795+0000] {logging_mixin.py:137} INFO - [2023-05-01T17:59:04.795+0000] {dag.py:3456} INFO - Setting next_dagrun for example_nested_branch_dag to 2023-04-30T00:00:00+00:00, run_after=2023-05-01T00:00:00+00:00
[2023-05-01T17:59:04.854+0000] {processor.py:175} INFO - Processing /home/airflow/.local/lib/python3.7/site-packages/airflow/example_dags/example_nested_branch_dag.py took 0.199 seconds
[2023-05-01T18:02:26.305+0000] {processor.py:153} INFO - Started process (PID=55) to work on /home/airflow/.local/lib/python3.7/site-packages/airflow/example_dags/example_nested_branch_dag.py
[2023-05-01T18:02:26.309+0000] {processor.py:743} INFO - Processing file /home/airflow/.local/lib/python3.7/site-packages/airflow/example_dags/example_nested_branch_dag.py for tasks to queue
[2023-05-01T18:02:26.313+0000] {logging_mixin.py:137} INFO - [2023-05-01T18:02:26.313+0000] {dagbag.py:532} INFO - Filling up the DagBag from /home/airflow/.local/lib/python3.7/site-packages/airflow/example_dags/example_nested_branch_dag.py
[2023-05-01T18:02:26.482+0000] {processor.py:753} INFO - DAG(s) dict_keys(['example_nested_branch_dag']) retrieved from /home/airflow/.local/lib/python3.7/site-packages/airflow/example_dags/example_nested_branch_dag.py
[2023-05-01T18:02:26.595+0000] {logging_mixin.py:137} INFO - [2023-05-01T18:02:26.595+0000] {dag.py:2705} INFO - Sync 1 DAGs
[2023-05-01T18:02:26.657+0000] {logging_mixin.py:137} INFO - [2023-05-01T18:02:26.655+0000] {dag.py:3456} INFO - Setting next_dagrun for example_nested_branch_dag to 2023-04-30T00:00:00+00:00, run_after=2023-05-01T00:00:00+00:00
[2023-05-01T18:02:26.721+0000] {processor.py:175} INFO - Processing /home/airflow/.local/lib/python3.7/site-packages/airflow/example_dags/example_nested_branch_dag.py took 0.419 seconds
[2023-05-01T18:06:04.186+0000] {processor.py:153} INFO - Started process (PID=48) to work on /home/airflow/.local/lib/python3.7/site-packages/airflow/example_dags/example_nested_branch_dag.py
[2023-05-01T18:06:04.190+0000] {processor.py:743} INFO - Processing file /home/airflow/.local/lib/python3.7/site-packages/airflow/example_dags/example_nested_branch_dag.py for tasks to queue
[2023-05-01T18:06:04.191+0000] {logging_mixin.py:137} INFO - [2023-05-01T18:06:04.191+0000] {dagbag.py:532} INFO - Filling up the DagBag from /home/airflow/.local/lib/python3.7/site-packages/airflow/example_dags/example_nested_branch_dag.py
[2023-05-01T18:06:04.238+0000] {processor.py:753} INFO - DAG(s) dict_keys(['example_nested_branch_dag']) retrieved from /home/airflow/.local/lib/python3.7/site-packages/airflow/example_dags/example_nested_branch_dag.py
[2023-05-01T18:06:04.266+0000] {logging_mixin.py:137} INFO - [2023-05-01T18:06:04.266+0000] {dag.py:2705} INFO - Sync 1 DAGs
[2023-05-01T18:06:04.288+0000] {logging_mixin.py:137} INFO - [2023-05-01T18:06:04.288+0000] {dag.py:3456} INFO - Setting next_dagrun for example_nested_branch_dag to 2023-04-30T00:00:00+00:00, run_after=2023-05-01T00:00:00+00:00
[2023-05-01T18:06:04.312+0000] {processor.py:175} INFO - Processing /home/airflow/.local/lib/python3.7/site-packages/airflow/example_dags/example_nested_branch_dag.py took 0.133 seconds
[2023-05-01T18:09:29.734+0000] {processor.py:153} INFO - Started process (PID=48) to work on /home/airflow/.local/lib/python3.7/site-packages/airflow/example_dags/example_nested_branch_dag.py
[2023-05-01T18:09:29.753+0000] {processor.py:743} INFO - Processing file /home/airflow/.local/lib/python3.7/site-packages/airflow/example_dags/example_nested_branch_dag.py for tasks to queue
[2023-05-01T18:09:29.753+0000] {logging_mixin.py:137} INFO - [2023-05-01T18:09:29.753+0000] {dagbag.py:532} INFO - Filling up the DagBag from /home/airflow/.local/lib/python3.7/site-packages/airflow/example_dags/example_nested_branch_dag.py
[2023-05-01T18:09:29.936+0000] {processor.py:753} INFO - DAG(s) dict_keys(['example_nested_branch_dag']) retrieved from /home/airflow/.local/lib/python3.7/site-packages/airflow/example_dags/example_nested_branch_dag.py
[2023-05-01T18:09:30.096+0000] {logging_mixin.py:137} INFO - [2023-05-01T18:09:30.091+0000] {dag.py:2705} INFO - Sync 1 DAGs
[2023-05-01T18:09:30.287+0000] {logging_mixin.py:137} INFO - [2023-05-01T18:09:30.286+0000] {dag.py:3456} INFO - Setting next_dagrun for example_nested_branch_dag to 2023-04-30T00:00:00+00:00, run_after=2023-05-01T00:00:00+00:00
[2023-05-01T18:09:30.361+0000] {processor.py:175} INFO - Processing /home/airflow/.local/lib/python3.7/site-packages/airflow/example_dags/example_nested_branch_dag.py took 0.629 seconds
