[2023-05-01T17:12:02.732+0000] {processor.py:153} INFO - Started process (PID=71) to work on /home/airflow/.local/lib/python3.7/site-packages/airflow/example_dags/example_short_circuit_operator.py
[2023-05-01T17:12:02.747+0000] {processor.py:743} INFO - Processing file /home/airflow/.local/lib/python3.7/site-packages/airflow/example_dags/example_short_circuit_operator.py for tasks to queue
[2023-05-01T17:12:02.758+0000] {logging_mixin.py:137} INFO - [2023-05-01T17:12:02.758+0000] {dagbag.py:532} INFO - Filling up the DagBag from /home/airflow/.local/lib/python3.7/site-packages/airflow/example_dags/example_short_circuit_operator.py
[2023-05-01T17:12:02.915+0000] {processor.py:753} INFO - DAG(s) dict_keys(['example_short_circuit_operator']) retrieved from /home/airflow/.local/lib/python3.7/site-packages/airflow/example_dags/example_short_circuit_operator.py
[2023-05-01T17:13:15.193+0000] {processor.py:153} INFO - Started process (PID=71) to work on /home/airflow/.local/lib/python3.7/site-packages/airflow/example_dags/example_short_circuit_operator.py
[2023-05-01T17:13:15.195+0000] {processor.py:743} INFO - Processing file /home/airflow/.local/lib/python3.7/site-packages/airflow/example_dags/example_short_circuit_operator.py for tasks to queue
[2023-05-01T17:13:15.196+0000] {logging_mixin.py:137} INFO - [2023-05-01T17:13:15.196+0000] {dagbag.py:532} INFO - Filling up the DagBag from /home/airflow/.local/lib/python3.7/site-packages/airflow/example_dags/example_short_circuit_operator.py
[2023-05-01T17:13:15.409+0000] {processor.py:753} INFO - DAG(s) dict_keys(['example_short_circuit_operator']) retrieved from /home/airflow/.local/lib/python3.7/site-packages/airflow/example_dags/example_short_circuit_operator.py
[2023-05-01T17:43:25.465+0000] {processor.py:153} INFO - Started process (PID=80) to work on /home/airflow/.local/lib/python3.7/site-packages/airflow/example_dags/example_short_circuit_operator.py
[2023-05-01T17:43:25.470+0000] {processor.py:743} INFO - Processing file /home/airflow/.local/lib/python3.7/site-packages/airflow/example_dags/example_short_circuit_operator.py for tasks to queue
[2023-05-01T17:43:25.483+0000] {logging_mixin.py:137} INFO - [2023-05-01T17:43:25.483+0000] {dagbag.py:532} INFO - Filling up the DagBag from /home/airflow/.local/lib/python3.7/site-packages/airflow/example_dags/example_short_circuit_operator.py
[2023-05-01T17:43:25.647+0000] {processor.py:753} INFO - DAG(s) dict_keys(['example_short_circuit_operator']) retrieved from /home/airflow/.local/lib/python3.7/site-packages/airflow/example_dags/example_short_circuit_operator.py
[2023-05-01T17:43:25.809+0000] {logging_mixin.py:137} INFO - [2023-05-01T17:43:25.809+0000] {dag.py:2705} INFO - Sync 1 DAGs
[2023-05-01T17:43:25.881+0000] {logging_mixin.py:137} INFO - [2023-05-01T17:43:25.881+0000] {dag.py:3456} INFO - Setting next_dagrun for example_short_circuit_operator to 2023-04-30T17:43:25.873700+00:00, run_after=2023-05-01T17:43:25.873700+00:00
[2023-05-01T17:43:25.933+0000] {processor.py:175} INFO - Processing /home/airflow/.local/lib/python3.7/site-packages/airflow/example_dags/example_short_circuit_operator.py took 0.483 seconds
[2023-05-01T17:44:24.510+0000] {processor.py:153} INFO - Started process (PID=71) to work on /home/airflow/.local/lib/python3.7/site-packages/airflow/example_dags/example_short_circuit_operator.py
[2023-05-01T17:44:24.510+0000] {processor.py:743} INFO - Processing file /home/airflow/.local/lib/python3.7/site-packages/airflow/example_dags/example_short_circuit_operator.py for tasks to queue
[2023-05-01T17:44:24.511+0000] {logging_mixin.py:137} INFO - [2023-05-01T17:44:24.511+0000] {dagbag.py:532} INFO - Filling up the DagBag from /home/airflow/.local/lib/python3.7/site-packages/airflow/example_dags/example_short_circuit_operator.py
[2023-05-01T17:44:24.541+0000] {processor.py:753} INFO - DAG(s) dict_keys(['example_short_circuit_operator']) retrieved from /home/airflow/.local/lib/python3.7/site-packages/airflow/example_dags/example_short_circuit_operator.py
[2023-05-01T17:44:24.580+0000] {logging_mixin.py:137} INFO - [2023-05-01T17:44:24.579+0000] {dag.py:2705} INFO - Sync 1 DAGs
[2023-05-01T17:44:24.602+0000] {logging_mixin.py:137} INFO - [2023-05-01T17:44:24.600+0000] {dag.py:3456} INFO - Setting next_dagrun for example_short_circuit_operator to 2023-04-30T17:44:24.600788+00:00, run_after=2023-05-01T17:44:24.600788+00:00
[2023-05-01T17:44:24.668+0000] {processor.py:175} INFO - Processing /home/airflow/.local/lib/python3.7/site-packages/airflow/example_dags/example_short_circuit_operator.py took 0.168 seconds
[2023-05-01T17:59:07.416+0000] {processor.py:153} INFO - Started process (PID=71) to work on /home/airflow/.local/lib/python3.7/site-packages/airflow/example_dags/example_short_circuit_operator.py
[2023-05-01T17:59:07.418+0000] {processor.py:743} INFO - Processing file /home/airflow/.local/lib/python3.7/site-packages/airflow/example_dags/example_short_circuit_operator.py for tasks to queue
[2023-05-01T17:59:07.418+0000] {logging_mixin.py:137} INFO - [2023-05-01T17:59:07.418+0000] {dagbag.py:532} INFO - Filling up the DagBag from /home/airflow/.local/lib/python3.7/site-packages/airflow/example_dags/example_short_circuit_operator.py
[2023-05-01T17:59:07.436+0000] {processor.py:753} INFO - DAG(s) dict_keys(['example_short_circuit_operator']) retrieved from /home/airflow/.local/lib/python3.7/site-packages/airflow/example_dags/example_short_circuit_operator.py
[2023-05-01T17:59:07.457+0000] {logging_mixin.py:137} INFO - [2023-05-01T17:59:07.457+0000] {dag.py:2705} INFO - Sync 1 DAGs
[2023-05-01T17:59:07.480+0000] {logging_mixin.py:137} INFO - [2023-05-01T17:59:07.479+0000] {dag.py:3456} INFO - Setting next_dagrun for example_short_circuit_operator to 2023-04-30T17:59:07.479306+00:00, run_after=2023-05-01T17:59:07.479306+00:00
[2023-05-01T17:59:07.502+0000] {processor.py:175} INFO - Processing /home/airflow/.local/lib/python3.7/site-packages/airflow/example_dags/example_short_circuit_operator.py took 0.088 seconds
[2023-05-01T18:02:29.429+0000] {processor.py:153} INFO - Started process (PID=78) to work on /home/airflow/.local/lib/python3.7/site-packages/airflow/example_dags/example_short_circuit_operator.py
[2023-05-01T18:02:29.429+0000] {processor.py:743} INFO - Processing file /home/airflow/.local/lib/python3.7/site-packages/airflow/example_dags/example_short_circuit_operator.py for tasks to queue
[2023-05-01T18:02:29.430+0000] {logging_mixin.py:137} INFO - [2023-05-01T18:02:29.430+0000] {dagbag.py:532} INFO - Filling up the DagBag from /home/airflow/.local/lib/python3.7/site-packages/airflow/example_dags/example_short_circuit_operator.py
[2023-05-01T18:02:29.452+0000] {processor.py:753} INFO - DAG(s) dict_keys(['example_short_circuit_operator']) retrieved from /home/airflow/.local/lib/python3.7/site-packages/airflow/example_dags/example_short_circuit_operator.py
[2023-05-01T18:02:29.469+0000] {logging_mixin.py:137} INFO - [2023-05-01T18:02:29.469+0000] {dag.py:2705} INFO - Sync 1 DAGs
[2023-05-01T18:02:29.484+0000] {logging_mixin.py:137} INFO - [2023-05-01T18:02:29.484+0000] {dag.py:3456} INFO - Setting next_dagrun for example_short_circuit_operator to 2023-04-30T18:02:29.484611+00:00, run_after=2023-05-01T18:02:29.484611+00:00
[2023-05-01T18:02:29.495+0000] {processor.py:175} INFO - Processing /home/airflow/.local/lib/python3.7/site-packages/airflow/example_dags/example_short_circuit_operator.py took 0.068 seconds
