[2023-05-01T17:12:00.536+0000] {processor.py:153} INFO - Started process (PID=65) to work on /home/airflow/.local/lib/python3.7/site-packages/airflow/example_dags/example_bash_operator.py
[2023-05-01T17:12:00.536+0000] {processor.py:743} INFO - Processing file /home/airflow/.local/lib/python3.7/site-packages/airflow/example_dags/example_bash_operator.py for tasks to queue
[2023-05-01T17:12:00.537+0000] {logging_mixin.py:137} INFO - [2023-05-01T17:12:00.537+0000] {dagbag.py:532} INFO - Filling up the DagBag from /home/airflow/.local/lib/python3.7/site-packages/airflow/example_dags/example_bash_operator.py
[2023-05-01T17:12:00.636+0000] {processor.py:753} INFO - DAG(s) dict_keys(['example_bash_operator']) retrieved from /home/airflow/.local/lib/python3.7/site-packages/airflow/example_dags/example_bash_operator.py
[2023-05-01T17:12:00.745+0000] {logging_mixin.py:137} INFO - [2023-05-01T17:12:00.745+0000] {dag.py:2705} INFO - Sync 1 DAGs
[2023-05-01T17:12:00.822+0000] {logging_mixin.py:137} INFO - [2023-05-01T17:12:00.821+0000] {dag.py:3456} INFO - Setting next_dagrun for example_bash_operator to 2023-04-30T00:00:00+00:00, run_after=2023-05-01T00:00:00+00:00
[2023-05-01T17:12:00.904+0000] {processor.py:175} INFO - Processing /home/airflow/.local/lib/python3.7/site-packages/airflow/example_dags/example_bash_operator.py took 0.372 seconds
[2023-05-01T17:13:13.866+0000] {processor.py:153} INFO - Started process (PID=65) to work on /home/airflow/.local/lib/python3.7/site-packages/airflow/example_dags/example_bash_operator.py
[2023-05-01T17:13:13.874+0000] {processor.py:743} INFO - Processing file /home/airflow/.local/lib/python3.7/site-packages/airflow/example_dags/example_bash_operator.py for tasks to queue
[2023-05-01T17:13:13.876+0000] {logging_mixin.py:137} INFO - [2023-05-01T17:13:13.875+0000] {dagbag.py:532} INFO - Filling up the DagBag from /home/airflow/.local/lib/python3.7/site-packages/airflow/example_dags/example_bash_operator.py
[2023-05-01T17:13:13.969+0000] {processor.py:753} INFO - DAG(s) dict_keys(['example_bash_operator']) retrieved from /home/airflow/.local/lib/python3.7/site-packages/airflow/example_dags/example_bash_operator.py
[2023-05-01T17:13:14.021+0000] {logging_mixin.py:137} INFO - [2023-05-01T17:13:14.021+0000] {dag.py:2705} INFO - Sync 1 DAGs
[2023-05-01T17:13:14.067+0000] {logging_mixin.py:137} INFO - [2023-05-01T17:13:14.067+0000] {dag.py:3456} INFO - Setting next_dagrun for example_bash_operator to 2023-04-30T00:00:00+00:00, run_after=2023-05-01T00:00:00+00:00
[2023-05-01T17:13:14.132+0000] {processor.py:175} INFO - Processing /home/airflow/.local/lib/python3.7/site-packages/airflow/example_dags/example_bash_operator.py took 0.274 seconds
[2023-05-01T17:37:05.473+0000] {processor.py:153} INFO - Started process (PID=73) to work on /home/airflow/.local/lib/python3.7/site-packages/airflow/example_dags/example_bash_operator.py
[2023-05-01T17:37:05.484+0000] {processor.py:743} INFO - Processing file /home/airflow/.local/lib/python3.7/site-packages/airflow/example_dags/example_bash_operator.py for tasks to queue
[2023-05-01T17:37:05.485+0000] {logging_mixin.py:137} INFO - [2023-05-01T17:37:05.485+0000] {dagbag.py:532} INFO - Filling up the DagBag from /home/airflow/.local/lib/python3.7/site-packages/airflow/example_dags/example_bash_operator.py
[2023-05-01T17:37:05.634+0000] {processor.py:753} INFO - DAG(s) dict_keys(['example_bash_operator']) retrieved from /home/airflow/.local/lib/python3.7/site-packages/airflow/example_dags/example_bash_operator.py
[2023-05-01T17:37:05.870+0000] {logging_mixin.py:137} INFO - [2023-05-01T17:37:05.867+0000] {dag.py:2705} INFO - Sync 1 DAGs
[2023-05-01T17:38:27.012+0000] {processor.py:153} INFO - Started process (PID=66) to work on /home/airflow/.local/lib/python3.7/site-packages/airflow/example_dags/example_bash_operator.py
[2023-05-01T17:38:27.024+0000] {processor.py:743} INFO - Processing file /home/airflow/.local/lib/python3.7/site-packages/airflow/example_dags/example_bash_operator.py for tasks to queue
[2023-05-01T17:38:27.026+0000] {logging_mixin.py:137} INFO - [2023-05-01T17:38:27.025+0000] {dagbag.py:532} INFO - Filling up the DagBag from /home/airflow/.local/lib/python3.7/site-packages/airflow/example_dags/example_bash_operator.py
[2023-05-01T17:38:27.344+0000] {processor.py:753} INFO - DAG(s) dict_keys(['example_bash_operator']) retrieved from /home/airflow/.local/lib/python3.7/site-packages/airflow/example_dags/example_bash_operator.py
[2023-05-01T17:38:28.917+0000] {logging_mixin.py:137} INFO - [2023-05-01T17:38:28.915+0000] {dag.py:2705} INFO - Sync 1 DAGs
[2023-05-01T17:43:23.467+0000] {processor.py:153} INFO - Started process (PID=67) to work on /home/airflow/.local/lib/python3.7/site-packages/airflow/example_dags/example_bash_operator.py
[2023-05-01T17:43:23.481+0000] {processor.py:743} INFO - Processing file /home/airflow/.local/lib/python3.7/site-packages/airflow/example_dags/example_bash_operator.py for tasks to queue
[2023-05-01T17:43:23.482+0000] {logging_mixin.py:137} INFO - [2023-05-01T17:43:23.482+0000] {dagbag.py:532} INFO - Filling up the DagBag from /home/airflow/.local/lib/python3.7/site-packages/airflow/example_dags/example_bash_operator.py
[2023-05-01T17:43:23.573+0000] {processor.py:753} INFO - DAG(s) dict_keys(['example_bash_operator']) retrieved from /home/airflow/.local/lib/python3.7/site-packages/airflow/example_dags/example_bash_operator.py
[2023-05-01T17:43:23.703+0000] {logging_mixin.py:137} INFO - [2023-05-01T17:43:23.703+0000] {dag.py:2705} INFO - Sync 1 DAGs
[2023-05-01T17:43:23.862+0000] {logging_mixin.py:137} INFO - [2023-05-01T17:43:23.862+0000] {dag.py:3456} INFO - Setting next_dagrun for example_bash_operator to 2023-04-30T00:00:00+00:00, run_after=2023-05-01T00:00:00+00:00
[2023-05-01T17:43:23.973+0000] {processor.py:175} INFO - Processing /home/airflow/.local/lib/python3.7/site-packages/airflow/example_dags/example_bash_operator.py took 0.510 seconds
[2023-05-01T17:44:23.600+0000] {processor.py:153} INFO - Started process (PID=65) to work on /home/airflow/.local/lib/python3.7/site-packages/airflow/example_dags/example_bash_operator.py
[2023-05-01T17:44:23.602+0000] {processor.py:743} INFO - Processing file /home/airflow/.local/lib/python3.7/site-packages/airflow/example_dags/example_bash_operator.py for tasks to queue
[2023-05-01T17:44:23.603+0000] {logging_mixin.py:137} INFO - [2023-05-01T17:44:23.603+0000] {dagbag.py:532} INFO - Filling up the DagBag from /home/airflow/.local/lib/python3.7/site-packages/airflow/example_dags/example_bash_operator.py
[2023-05-01T17:44:23.719+0000] {processor.py:753} INFO - DAG(s) dict_keys(['example_bash_operator']) retrieved from /home/airflow/.local/lib/python3.7/site-packages/airflow/example_dags/example_bash_operator.py
[2023-05-01T17:44:23.841+0000] {logging_mixin.py:137} INFO - [2023-05-01T17:44:23.841+0000] {dag.py:2705} INFO - Sync 1 DAGs
[2023-05-01T17:44:23.923+0000] {logging_mixin.py:137} INFO - [2023-05-01T17:44:23.922+0000] {dag.py:3456} INFO - Setting next_dagrun for example_bash_operator to 2023-04-30T00:00:00+00:00, run_after=2023-05-01T00:00:00+00:00
[2023-05-01T17:44:23.964+0000] {processor.py:175} INFO - Processing /home/airflow/.local/lib/python3.7/site-packages/airflow/example_dags/example_bash_operator.py took 0.369 seconds
[2023-05-01T17:58:41.452+0000] {processor.py:153} INFO - Started process (PID=66) to work on /home/airflow/.local/lib/python3.7/site-packages/airflow/example_dags/example_bash_operator.py
[2023-05-01T17:58:41.453+0000] {processor.py:743} INFO - Processing file /home/airflow/.local/lib/python3.7/site-packages/airflow/example_dags/example_bash_operator.py for tasks to queue
[2023-05-01T17:58:41.455+0000] {logging_mixin.py:137} INFO - [2023-05-01T17:58:41.455+0000] {dagbag.py:532} INFO - Filling up the DagBag from /home/airflow/.local/lib/python3.7/site-packages/airflow/example_dags/example_bash_operator.py
[2023-05-01T17:58:41.506+0000] {processor.py:753} INFO - DAG(s) dict_keys(['example_bash_operator']) retrieved from /home/airflow/.local/lib/python3.7/site-packages/airflow/example_dags/example_bash_operator.py
[2023-05-01T17:58:41.609+0000] {logging_mixin.py:137} INFO - [2023-05-01T17:58:41.608+0000] {dag.py:2705} INFO - Sync 1 DAGs
[2023-05-01T17:58:41.707+0000] {logging_mixin.py:137} INFO - [2023-05-01T17:58:41.670+0000] {dag.py:3456} INFO - Setting next_dagrun for example_bash_operator to 2023-04-30T00:00:00+00:00, run_after=2023-05-01T00:00:00+00:00
[2023-05-01T17:58:41.777+0000] {processor.py:175} INFO - Processing /home/airflow/.local/lib/python3.7/site-packages/airflow/example_dags/example_bash_operator.py took 0.334 seconds
[2023-05-01T17:59:07.031+0000] {processor.py:153} INFO - Started process (PID=65) to work on /home/airflow/.local/lib/python3.7/site-packages/airflow/example_dags/example_bash_operator.py
[2023-05-01T17:59:07.033+0000] {processor.py:743} INFO - Processing file /home/airflow/.local/lib/python3.7/site-packages/airflow/example_dags/example_bash_operator.py for tasks to queue
[2023-05-01T17:59:07.033+0000] {logging_mixin.py:137} INFO - [2023-05-01T17:59:07.033+0000] {dagbag.py:532} INFO - Filling up the DagBag from /home/airflow/.local/lib/python3.7/site-packages/airflow/example_dags/example_bash_operator.py
[2023-05-01T17:59:07.066+0000] {processor.py:753} INFO - DAG(s) dict_keys(['example_bash_operator']) retrieved from /home/airflow/.local/lib/python3.7/site-packages/airflow/example_dags/example_bash_operator.py
[2023-05-01T17:59:07.100+0000] {logging_mixin.py:137} INFO - [2023-05-01T17:59:07.099+0000] {dag.py:2705} INFO - Sync 1 DAGs
[2023-05-01T17:59:07.136+0000] {logging_mixin.py:137} INFO - [2023-05-01T17:59:07.136+0000] {dag.py:3456} INFO - Setting next_dagrun for example_bash_operator to 2023-04-30T00:00:00+00:00, run_after=2023-05-01T00:00:00+00:00
[2023-05-01T17:59:07.150+0000] {processor.py:175} INFO - Processing /home/airflow/.local/lib/python3.7/site-packages/airflow/example_dags/example_bash_operator.py took 0.128 seconds
[2023-05-01T18:02:28.857+0000] {processor.py:153} INFO - Started process (PID=72) to work on /home/airflow/.local/lib/python3.7/site-packages/airflow/example_dags/example_bash_operator.py
[2023-05-01T18:02:28.868+0000] {processor.py:743} INFO - Processing file /home/airflow/.local/lib/python3.7/site-packages/airflow/example_dags/example_bash_operator.py for tasks to queue
[2023-05-01T18:02:28.871+0000] {logging_mixin.py:137} INFO - [2023-05-01T18:02:28.871+0000] {dagbag.py:532} INFO - Filling up the DagBag from /home/airflow/.local/lib/python3.7/site-packages/airflow/example_dags/example_bash_operator.py
[2023-05-01T18:02:28.954+0000] {processor.py:753} INFO - DAG(s) dict_keys(['example_bash_operator']) retrieved from /home/airflow/.local/lib/python3.7/site-packages/airflow/example_dags/example_bash_operator.py
[2023-05-01T18:02:29.009+0000] {logging_mixin.py:137} INFO - [2023-05-01T18:02:29.009+0000] {dag.py:2705} INFO - Sync 1 DAGs
[2023-05-01T18:02:29.073+0000] {logging_mixin.py:137} INFO - [2023-05-01T18:02:29.073+0000] {dag.py:3456} INFO - Setting next_dagrun for example_bash_operator to 2023-04-30T00:00:00+00:00, run_after=2023-05-01T00:00:00+00:00
[2023-05-01T18:02:29.098+0000] {processor.py:175} INFO - Processing /home/airflow/.local/lib/python3.7/site-packages/airflow/example_dags/example_bash_operator.py took 0.246 seconds
[2023-05-01T18:06:13.586+0000] {processor.py:153} INFO - Started process (PID=65) to work on /home/airflow/.local/lib/python3.7/site-packages/airflow/example_dags/example_bash_operator.py
[2023-05-01T18:06:13.589+0000] {processor.py:743} INFO - Processing file /home/airflow/.local/lib/python3.7/site-packages/airflow/example_dags/example_bash_operator.py for tasks to queue
[2023-05-01T18:06:13.591+0000] {logging_mixin.py:137} INFO - [2023-05-01T18:06:13.590+0000] {dagbag.py:532} INFO - Filling up the DagBag from /home/airflow/.local/lib/python3.7/site-packages/airflow/example_dags/example_bash_operator.py
[2023-05-01T18:06:13.891+0000] {processor.py:753} INFO - DAG(s) dict_keys(['example_bash_operator']) retrieved from /home/airflow/.local/lib/python3.7/site-packages/airflow/example_dags/example_bash_operator.py
