[2023-05-01T11:41:55.598+0000] {processor.py:153} INFO - Started process (PID=60) to work on /home/airflow/.local/lib/python3.7/site-packages/airflow/example_dags/example_python_operator.py
[2023-05-01T11:41:55.604+0000] {processor.py:743} INFO - Processing file /home/airflow/.local/lib/python3.7/site-packages/airflow/example_dags/example_python_operator.py for tasks to queue
[2023-05-01T11:41:55.605+0000] {logging_mixin.py:137} INFO - [2023-05-01T11:41:55.604+0000] {dagbag.py:532} INFO - Filling up the DagBag from /home/airflow/.local/lib/python3.7/site-packages/airflow/example_dags/example_python_operator.py
[2023-05-01T11:41:55.720+0000] {logging_mixin.py:137} INFO - [2023-05-01T11:41:55.720+0000] {taskmixin.py:211} WARNING - Dependency <Task(_PythonDecoratedOperator): print_the_context>, log_sql_query already registered for DAG: example_python_operator
[2023-05-01T11:41:55.724+0000] {logging_mixin.py:137} INFO - [2023-05-01T11:41:55.723+0000] {taskmixin.py:211} WARNING - Dependency <Task(_PythonDecoratedOperator): log_sql_query>, print_the_context already registered for DAG: example_python_operator
[2023-05-01T11:41:55.729+0000] {logging_mixin.py:137} INFO - [2023-05-01T11:41:55.729+0000] {taskmixin.py:211} WARNING - Dependency <Task(_PythonDecoratedOperator): print_the_context>, log_sql_query already registered for DAG: example_python_operator
[2023-05-01T11:41:55.730+0000] {logging_mixin.py:137} INFO - [2023-05-01T11:41:55.730+0000] {taskmixin.py:211} WARNING - Dependency <Task(_PythonDecoratedOperator): log_sql_query>, print_the_context already registered for DAG: example_python_operator
[2023-05-01T11:41:55.730+0000] {logging_mixin.py:137} INFO - [2023-05-01T11:41:55.730+0000] {taskmixin.py:211} WARNING - Dependency <Task(_PythonDecoratedOperator): print_the_context>, log_sql_query already registered for DAG: example_python_operator
[2023-05-01T11:41:55.735+0000] {logging_mixin.py:137} INFO - [2023-05-01T11:41:55.735+0000] {taskmixin.py:211} WARNING - Dependency <Task(_PythonDecoratedOperator): log_sql_query>, print_the_context already registered for DAG: example_python_operator
[2023-05-01T11:41:55.739+0000] {logging_mixin.py:137} INFO - [2023-05-01T11:41:55.739+0000] {taskmixin.py:211} WARNING - Dependency <Task(_PythonDecoratedOperator): print_the_context>, log_sql_query already registered for DAG: example_python_operator
[2023-05-01T11:41:55.740+0000] {logging_mixin.py:137} INFO - [2023-05-01T11:41:55.739+0000] {taskmixin.py:211} WARNING - Dependency <Task(_PythonDecoratedOperator): log_sql_query>, print_the_context already registered for DAG: example_python_operator
[2023-05-01T11:41:55.808+0000] {processor.py:753} INFO - DAG(s) dict_keys(['example_python_operator']) retrieved from /home/airflow/.local/lib/python3.7/site-packages/airflow/example_dags/example_python_operator.py
[2023-05-01T11:41:58.382+0000] {logging_mixin.py:137} INFO - [2023-05-01T11:41:58.380+0000] {dag.py:2705} INFO - Sync 1 DAGs
[2023-05-01T11:41:58.487+0000] {logging_mixin.py:137} INFO - [2023-05-01T11:41:58.487+0000] {dag.py:3456} INFO - Setting next_dagrun for example_python_operator to None, run_after=None
[2023-05-01T11:41:58.542+0000] {processor.py:175} INFO - Processing /home/airflow/.local/lib/python3.7/site-packages/airflow/example_dags/example_python_operator.py took 2.954 seconds
[2023-05-01T17:11:51.726+0000] {processor.py:153} INFO - Started process (PID=50) to work on /home/airflow/.local/lib/python3.7/site-packages/airflow/example_dags/example_python_operator.py
[2023-05-01T17:11:51.728+0000] {processor.py:743} INFO - Processing file /home/airflow/.local/lib/python3.7/site-packages/airflow/example_dags/example_python_operator.py for tasks to queue
[2023-05-01T17:11:51.729+0000] {logging_mixin.py:137} INFO - [2023-05-01T17:11:51.729+0000] {dagbag.py:532} INFO - Filling up the DagBag from /home/airflow/.local/lib/python3.7/site-packages/airflow/example_dags/example_python_operator.py
[2023-05-01T17:11:51.847+0000] {logging_mixin.py:137} INFO - [2023-05-01T17:11:51.846+0000] {taskmixin.py:211} WARNING - Dependency <Task(_PythonDecoratedOperator): print_the_context>, log_sql_query already registered for DAG: example_python_operator
[2023-05-01T17:11:51.848+0000] {logging_mixin.py:137} INFO - [2023-05-01T17:11:51.847+0000] {taskmixin.py:211} WARNING - Dependency <Task(_PythonDecoratedOperator): log_sql_query>, print_the_context already registered for DAG: example_python_operator
[2023-05-01T17:11:51.854+0000] {logging_mixin.py:137} INFO - [2023-05-01T17:11:51.853+0000] {taskmixin.py:211} WARNING - Dependency <Task(_PythonDecoratedOperator): print_the_context>, log_sql_query already registered for DAG: example_python_operator
[2023-05-01T17:11:51.854+0000] {logging_mixin.py:137} INFO - [2023-05-01T17:11:51.854+0000] {taskmixin.py:211} WARNING - Dependency <Task(_PythonDecoratedOperator): log_sql_query>, print_the_context already registered for DAG: example_python_operator
[2023-05-01T17:11:51.856+0000] {logging_mixin.py:137} INFO - [2023-05-01T17:11:51.856+0000] {taskmixin.py:211} WARNING - Dependency <Task(_PythonDecoratedOperator): print_the_context>, log_sql_query already registered for DAG: example_python_operator
[2023-05-01T17:11:51.857+0000] {logging_mixin.py:137} INFO - [2023-05-01T17:11:51.856+0000] {taskmixin.py:211} WARNING - Dependency <Task(_PythonDecoratedOperator): log_sql_query>, print_the_context already registered for DAG: example_python_operator
[2023-05-01T17:11:51.858+0000] {logging_mixin.py:137} INFO - [2023-05-01T17:11:51.858+0000] {taskmixin.py:211} WARNING - Dependency <Task(_PythonDecoratedOperator): print_the_context>, log_sql_query already registered for DAG: example_python_operator
[2023-05-01T17:11:51.859+0000] {logging_mixin.py:137} INFO - [2023-05-01T17:11:51.859+0000] {taskmixin.py:211} WARNING - Dependency <Task(_PythonDecoratedOperator): log_sql_query>, print_the_context already registered for DAG: example_python_operator
[2023-05-01T17:11:51.921+0000] {processor.py:753} INFO - DAG(s) dict_keys(['example_python_operator']) retrieved from /home/airflow/.local/lib/python3.7/site-packages/airflow/example_dags/example_python_operator.py
[2023-05-01T17:11:52.172+0000] {logging_mixin.py:137} INFO - [2023-05-01T17:11:52.172+0000] {dag.py:2705} INFO - Sync 1 DAGs
[2023-05-01T17:11:52.203+0000] {logging_mixin.py:137} INFO - [2023-05-01T17:11:52.203+0000] {dag.py:3456} INFO - Setting next_dagrun for example_python_operator to None, run_after=None
[2023-05-01T17:11:52.275+0000] {processor.py:175} INFO - Processing /home/airflow/.local/lib/python3.7/site-packages/airflow/example_dags/example_python_operator.py took 0.552 seconds
[2023-05-01T17:13:11.944+0000] {processor.py:153} INFO - Started process (PID=50) to work on /home/airflow/.local/lib/python3.7/site-packages/airflow/example_dags/example_python_operator.py
[2023-05-01T17:13:11.945+0000] {processor.py:743} INFO - Processing file /home/airflow/.local/lib/python3.7/site-packages/airflow/example_dags/example_python_operator.py for tasks to queue
[2023-05-01T17:13:11.945+0000] {logging_mixin.py:137} INFO - [2023-05-01T17:13:11.945+0000] {dagbag.py:532} INFO - Filling up the DagBag from /home/airflow/.local/lib/python3.7/site-packages/airflow/example_dags/example_python_operator.py
[2023-05-01T17:13:11.979+0000] {logging_mixin.py:137} INFO - [2023-05-01T17:13:11.979+0000] {taskmixin.py:211} WARNING - Dependency <Task(_PythonDecoratedOperator): print_the_context>, log_sql_query already registered for DAG: example_python_operator
[2023-05-01T17:13:11.979+0000] {logging_mixin.py:137} INFO - [2023-05-01T17:13:11.979+0000] {taskmixin.py:211} WARNING - Dependency <Task(_PythonDecoratedOperator): log_sql_query>, print_the_context already registered for DAG: example_python_operator
[2023-05-01T17:13:11.979+0000] {logging_mixin.py:137} INFO - [2023-05-01T17:13:11.979+0000] {taskmixin.py:211} WARNING - Dependency <Task(_PythonDecoratedOperator): print_the_context>, log_sql_query already registered for DAG: example_python_operator
[2023-05-01T17:13:11.980+0000] {logging_mixin.py:137} INFO - [2023-05-01T17:13:11.979+0000] {taskmixin.py:211} WARNING - Dependency <Task(_PythonDecoratedOperator): log_sql_query>, print_the_context already registered for DAG: example_python_operator
[2023-05-01T17:13:11.980+0000] {logging_mixin.py:137} INFO - [2023-05-01T17:13:11.980+0000] {taskmixin.py:211} WARNING - Dependency <Task(_PythonDecoratedOperator): print_the_context>, log_sql_query already registered for DAG: example_python_operator
[2023-05-01T17:13:11.981+0000] {logging_mixin.py:137} INFO - [2023-05-01T17:13:11.980+0000] {taskmixin.py:211} WARNING - Dependency <Task(_PythonDecoratedOperator): log_sql_query>, print_the_context already registered for DAG: example_python_operator
[2023-05-01T17:13:11.981+0000] {logging_mixin.py:137} INFO - [2023-05-01T17:13:11.981+0000] {taskmixin.py:211} WARNING - Dependency <Task(_PythonDecoratedOperator): print_the_context>, log_sql_query already registered for DAG: example_python_operator
[2023-05-01T17:13:11.981+0000] {logging_mixin.py:137} INFO - [2023-05-01T17:13:11.981+0000] {taskmixin.py:211} WARNING - Dependency <Task(_PythonDecoratedOperator): log_sql_query>, print_the_context already registered for DAG: example_python_operator
[2023-05-01T17:13:11.987+0000] {processor.py:753} INFO - DAG(s) dict_keys(['example_python_operator']) retrieved from /home/airflow/.local/lib/python3.7/site-packages/airflow/example_dags/example_python_operator.py
[2023-05-01T17:13:12.085+0000] {logging_mixin.py:137} INFO - [2023-05-01T17:13:12.084+0000] {dag.py:2705} INFO - Sync 1 DAGs
[2023-05-01T17:13:12.113+0000] {logging_mixin.py:137} INFO - [2023-05-01T17:13:12.113+0000] {dag.py:3456} INFO - Setting next_dagrun for example_python_operator to None, run_after=None
[2023-05-01T17:13:12.127+0000] {processor.py:175} INFO - Processing /home/airflow/.local/lib/python3.7/site-packages/airflow/example_dags/example_python_operator.py took 0.186 seconds
[2023-05-01T17:14:33.970+0000] {processor.py:153} INFO - Started process (PID=50) to work on /home/airflow/.local/lib/python3.7/site-packages/airflow/example_dags/example_python_operator.py
[2023-05-01T17:14:33.973+0000] {processor.py:743} INFO - Processing file /home/airflow/.local/lib/python3.7/site-packages/airflow/example_dags/example_python_operator.py for tasks to queue
[2023-05-01T17:14:33.974+0000] {logging_mixin.py:137} INFO - [2023-05-01T17:14:33.974+0000] {dagbag.py:532} INFO - Filling up the DagBag from /home/airflow/.local/lib/python3.7/site-packages/airflow/example_dags/example_python_operator.py
[2023-05-01T17:14:34.086+0000] {logging_mixin.py:137} INFO - [2023-05-01T17:14:34.086+0000] {taskmixin.py:211} WARNING - Dependency <Task(_PythonDecoratedOperator): print_the_context>, log_sql_query already registered for DAG: example_python_operator
[2023-05-01T17:14:34.087+0000] {logging_mixin.py:137} INFO - [2023-05-01T17:14:34.087+0000] {taskmixin.py:211} WARNING - Dependency <Task(_PythonDecoratedOperator): log_sql_query>, print_the_context already registered for DAG: example_python_operator
[2023-05-01T17:14:34.087+0000] {logging_mixin.py:137} INFO - [2023-05-01T17:14:34.087+0000] {taskmixin.py:211} WARNING - Dependency <Task(_PythonDecoratedOperator): print_the_context>, log_sql_query already registered for DAG: example_python_operator
[2023-05-01T17:14:34.087+0000] {logging_mixin.py:137} INFO - [2023-05-01T17:14:34.087+0000] {taskmixin.py:211} WARNING - Dependency <Task(_PythonDecoratedOperator): log_sql_query>, print_the_context already registered for DAG: example_python_operator
[2023-05-01T17:14:34.088+0000] {logging_mixin.py:137} INFO - [2023-05-01T17:14:34.088+0000] {taskmixin.py:211} WARNING - Dependency <Task(_PythonDecoratedOperator): print_the_context>, log_sql_query already registered for DAG: example_python_operator
[2023-05-01T17:14:34.088+0000] {logging_mixin.py:137} INFO - [2023-05-01T17:14:34.088+0000] {taskmixin.py:211} WARNING - Dependency <Task(_PythonDecoratedOperator): log_sql_query>, print_the_context already registered for DAG: example_python_operator
[2023-05-01T17:14:34.093+0000] {logging_mixin.py:137} INFO - [2023-05-01T17:14:34.092+0000] {taskmixin.py:211} WARNING - Dependency <Task(_PythonDecoratedOperator): print_the_context>, log_sql_query already registered for DAG: example_python_operator
[2023-05-01T17:14:34.093+0000] {logging_mixin.py:137} INFO - [2023-05-01T17:14:34.093+0000] {taskmixin.py:211} WARNING - Dependency <Task(_PythonDecoratedOperator): log_sql_query>, print_the_context already registered for DAG: example_python_operator
[2023-05-01T17:14:34.182+0000] {processor.py:753} INFO - DAG(s) dict_keys(['example_python_operator']) retrieved from /home/airflow/.local/lib/python3.7/site-packages/airflow/example_dags/example_python_operator.py
[2023-05-01T17:21:36.154+0000] {processor.py:153} INFO - Started process (PID=50) to work on /home/airflow/.local/lib/python3.7/site-packages/airflow/example_dags/example_python_operator.py
[2023-05-01T17:21:36.159+0000] {processor.py:743} INFO - Processing file /home/airflow/.local/lib/python3.7/site-packages/airflow/example_dags/example_python_operator.py for tasks to queue
[2023-05-01T17:21:36.160+0000] {logging_mixin.py:137} INFO - [2023-05-01T17:21:36.160+0000] {dagbag.py:532} INFO - Filling up the DagBag from /home/airflow/.local/lib/python3.7/site-packages/airflow/example_dags/example_python_operator.py
[2023-05-01T17:21:36.200+0000] {logging_mixin.py:137} INFO - [2023-05-01T17:21:36.200+0000] {taskmixin.py:211} WARNING - Dependency <Task(_PythonDecoratedOperator): print_the_context>, log_sql_query already registered for DAG: example_python_operator
[2023-05-01T17:21:36.200+0000] {logging_mixin.py:137} INFO - [2023-05-01T17:21:36.200+0000] {taskmixin.py:211} WARNING - Dependency <Task(_PythonDecoratedOperator): log_sql_query>, print_the_context already registered for DAG: example_python_operator
[2023-05-01T17:21:36.201+0000] {logging_mixin.py:137} INFO - [2023-05-01T17:21:36.201+0000] {taskmixin.py:211} WARNING - Dependency <Task(_PythonDecoratedOperator): print_the_context>, log_sql_query already registered for DAG: example_python_operator
[2023-05-01T17:21:36.201+0000] {logging_mixin.py:137} INFO - [2023-05-01T17:21:36.201+0000] {taskmixin.py:211} WARNING - Dependency <Task(_PythonDecoratedOperator): log_sql_query>, print_the_context already registered for DAG: example_python_operator
[2023-05-01T17:21:36.202+0000] {logging_mixin.py:137} INFO - [2023-05-01T17:21:36.202+0000] {taskmixin.py:211} WARNING - Dependency <Task(_PythonDecoratedOperator): print_the_context>, log_sql_query already registered for DAG: example_python_operator
[2023-05-01T17:21:36.202+0000] {logging_mixin.py:137} INFO - [2023-05-01T17:21:36.202+0000] {taskmixin.py:211} WARNING - Dependency <Task(_PythonDecoratedOperator): log_sql_query>, print_the_context already registered for DAG: example_python_operator
[2023-05-01T17:21:36.203+0000] {logging_mixin.py:137} INFO - [2023-05-01T17:21:36.202+0000] {taskmixin.py:211} WARNING - Dependency <Task(_PythonDecoratedOperator): print_the_context>, log_sql_query already registered for DAG: example_python_operator
[2023-05-01T17:21:36.203+0000] {logging_mixin.py:137} INFO - [2023-05-01T17:21:36.203+0000] {taskmixin.py:211} WARNING - Dependency <Task(_PythonDecoratedOperator): log_sql_query>, print_the_context already registered for DAG: example_python_operator
[2023-05-01T17:21:36.211+0000] {processor.py:753} INFO - DAG(s) dict_keys(['example_python_operator']) retrieved from /home/airflow/.local/lib/python3.7/site-packages/airflow/example_dags/example_python_operator.py
[2023-05-01T17:21:36.308+0000] {logging_mixin.py:137} INFO - [2023-05-01T17:21:36.308+0000] {dag.py:2705} INFO - Sync 1 DAGs
[2023-05-01T17:21:36.334+0000] {logging_mixin.py:137} INFO - [2023-05-01T17:21:36.334+0000] {dag.py:3456} INFO - Setting next_dagrun for example_python_operator to None, run_after=None
[2023-05-01T17:21:36.352+0000] {processor.py:175} INFO - Processing /home/airflow/.local/lib/python3.7/site-packages/airflow/example_dags/example_python_operator.py took 0.200 seconds
[2023-05-01T17:23:57.877+0000] {processor.py:153} INFO - Started process (PID=56) to work on /home/airflow/.local/lib/python3.7/site-packages/airflow/example_dags/example_python_operator.py
[2023-05-01T17:23:57.881+0000] {processor.py:743} INFO - Processing file /home/airflow/.local/lib/python3.7/site-packages/airflow/example_dags/example_python_operator.py for tasks to queue
[2023-05-01T17:23:57.882+0000] {logging_mixin.py:137} INFO - [2023-05-01T17:23:57.882+0000] {dagbag.py:532} INFO - Filling up the DagBag from /home/airflow/.local/lib/python3.7/site-packages/airflow/example_dags/example_python_operator.py
[2023-05-01T17:23:57.927+0000] {logging_mixin.py:137} INFO - [2023-05-01T17:23:57.927+0000] {taskmixin.py:211} WARNING - Dependency <Task(_PythonDecoratedOperator): print_the_context>, log_sql_query already registered for DAG: example_python_operator
[2023-05-01T17:23:57.927+0000] {logging_mixin.py:137} INFO - [2023-05-01T17:23:57.927+0000] {taskmixin.py:211} WARNING - Dependency <Task(_PythonDecoratedOperator): log_sql_query>, print_the_context already registered for DAG: example_python_operator
[2023-05-01T17:23:57.933+0000] {logging_mixin.py:137} INFO - [2023-05-01T17:23:57.933+0000] {taskmixin.py:211} WARNING - Dependency <Task(_PythonDecoratedOperator): print_the_context>, log_sql_query already registered for DAG: example_python_operator
[2023-05-01T17:23:57.934+0000] {logging_mixin.py:137} INFO - [2023-05-01T17:23:57.934+0000] {taskmixin.py:211} WARNING - Dependency <Task(_PythonDecoratedOperator): log_sql_query>, print_the_context already registered for DAG: example_python_operator
[2023-05-01T17:23:57.935+0000] {logging_mixin.py:137} INFO - [2023-05-01T17:23:57.935+0000] {taskmixin.py:211} WARNING - Dependency <Task(_PythonDecoratedOperator): print_the_context>, log_sql_query already registered for DAG: example_python_operator
[2023-05-01T17:23:57.935+0000] {logging_mixin.py:137} INFO - [2023-05-01T17:23:57.935+0000] {taskmixin.py:211} WARNING - Dependency <Task(_PythonDecoratedOperator): log_sql_query>, print_the_context already registered for DAG: example_python_operator
[2023-05-01T17:23:57.936+0000] {logging_mixin.py:137} INFO - [2023-05-01T17:23:57.936+0000] {taskmixin.py:211} WARNING - Dependency <Task(_PythonDecoratedOperator): print_the_context>, log_sql_query already registered for DAG: example_python_operator
[2023-05-01T17:23:57.937+0000] {logging_mixin.py:137} INFO - [2023-05-01T17:23:57.937+0000] {taskmixin.py:211} WARNING - Dependency <Task(_PythonDecoratedOperator): log_sql_query>, print_the_context already registered for DAG: example_python_operator
[2023-05-01T17:23:57.970+0000] {processor.py:753} INFO - DAG(s) dict_keys(['example_python_operator']) retrieved from /home/airflow/.local/lib/python3.7/site-packages/airflow/example_dags/example_python_operator.py
[2023-05-01T17:23:58.137+0000] {logging_mixin.py:137} INFO - [2023-05-01T17:23:58.137+0000] {dag.py:2705} INFO - Sync 1 DAGs
[2023-05-01T17:23:58.191+0000] {logging_mixin.py:137} INFO - [2023-05-01T17:23:58.191+0000] {dag.py:3456} INFO - Setting next_dagrun for example_python_operator to None, run_after=None
[2023-05-01T17:23:58.236+0000] {processor.py:175} INFO - Processing /home/airflow/.local/lib/python3.7/site-packages/airflow/example_dags/example_python_operator.py took 0.368 seconds
[2023-05-01T17:25:07.359+0000] {processor.py:153} INFO - Started process (PID=51) to work on /home/airflow/.local/lib/python3.7/site-packages/airflow/example_dags/example_python_operator.py
[2023-05-01T17:25:07.363+0000] {processor.py:743} INFO - Processing file /home/airflow/.local/lib/python3.7/site-packages/airflow/example_dags/example_python_operator.py for tasks to queue
[2023-05-01T17:25:07.369+0000] {logging_mixin.py:137} INFO - [2023-05-01T17:25:07.369+0000] {dagbag.py:532} INFO - Filling up the DagBag from /home/airflow/.local/lib/python3.7/site-packages/airflow/example_dags/example_python_operator.py
[2023-05-01T17:33:05.709+0000] {processor.py:153} INFO - Started process (PID=57) to work on /home/airflow/.local/lib/python3.7/site-packages/airflow/example_dags/example_python_operator.py
[2023-05-01T17:33:05.716+0000] {processor.py:743} INFO - Processing file /home/airflow/.local/lib/python3.7/site-packages/airflow/example_dags/example_python_operator.py for tasks to queue
[2023-05-01T17:33:05.719+0000] {logging_mixin.py:137} INFO - [2023-05-01T17:33:05.719+0000] {dagbag.py:532} INFO - Filling up the DagBag from /home/airflow/.local/lib/python3.7/site-packages/airflow/example_dags/example_python_operator.py
[2023-05-01T17:33:05.793+0000] {logging_mixin.py:137} INFO - [2023-05-01T17:33:05.793+0000] {taskmixin.py:211} WARNING - Dependency <Task(_PythonDecoratedOperator): print_the_context>, log_sql_query already registered for DAG: example_python_operator
[2023-05-01T17:33:05.800+0000] {logging_mixin.py:137} INFO - [2023-05-01T17:33:05.800+0000] {taskmixin.py:211} WARNING - Dependency <Task(_PythonDecoratedOperator): log_sql_query>, print_the_context already registered for DAG: example_python_operator
[2023-05-01T17:33:05.801+0000] {logging_mixin.py:137} INFO - [2023-05-01T17:33:05.801+0000] {taskmixin.py:211} WARNING - Dependency <Task(_PythonDecoratedOperator): print_the_context>, log_sql_query already registered for DAG: example_python_operator
[2023-05-01T17:33:05.802+0000] {logging_mixin.py:137} INFO - [2023-05-01T17:33:05.802+0000] {taskmixin.py:211} WARNING - Dependency <Task(_PythonDecoratedOperator): log_sql_query>, print_the_context already registered for DAG: example_python_operator
[2023-05-01T17:33:05.806+0000] {logging_mixin.py:137} INFO - [2023-05-01T17:33:05.805+0000] {taskmixin.py:211} WARNING - Dependency <Task(_PythonDecoratedOperator): print_the_context>, log_sql_query already registered for DAG: example_python_operator
[2023-05-01T17:33:05.806+0000] {logging_mixin.py:137} INFO - [2023-05-01T17:33:05.806+0000] {taskmixin.py:211} WARNING - Dependency <Task(_PythonDecoratedOperator): log_sql_query>, print_the_context already registered for DAG: example_python_operator
[2023-05-01T17:33:05.811+0000] {logging_mixin.py:137} INFO - [2023-05-01T17:33:05.811+0000] {taskmixin.py:211} WARNING - Dependency <Task(_PythonDecoratedOperator): print_the_context>, log_sql_query already registered for DAG: example_python_operator
[2023-05-01T17:33:05.814+0000] {logging_mixin.py:137} INFO - [2023-05-01T17:33:05.814+0000] {taskmixin.py:211} WARNING - Dependency <Task(_PythonDecoratedOperator): log_sql_query>, print_the_context already registered for DAG: example_python_operator
[2023-05-01T17:33:05.863+0000] {processor.py:753} INFO - DAG(s) dict_keys(['example_python_operator']) retrieved from /home/airflow/.local/lib/python3.7/site-packages/airflow/example_dags/example_python_operator.py
[2023-05-01T17:33:45.112+0000] {logging_mixin.py:137} INFO - [2023-05-01T17:33:45.105+0000] {dag.py:2705} INFO - Sync 1 DAGs
[2023-05-01T17:33:45.189+0000] {logging_mixin.py:137} INFO - [2023-05-01T17:33:45.188+0000] {dag.py:3456} INFO - Setting next_dagrun for example_python_operator to None, run_after=None
[2023-05-01T17:33:45.295+0000] {processor.py:175} INFO - Processing /home/airflow/.local/lib/python3.7/site-packages/airflow/example_dags/example_python_operator.py took 0.606 seconds
[2023-05-01T17:36:57.058+0000] {processor.py:153} INFO - Started process (PID=58) to work on /home/airflow/.local/lib/python3.7/site-packages/airflow/example_dags/example_python_operator.py
[2023-05-01T17:36:57.063+0000] {processor.py:743} INFO - Processing file /home/airflow/.local/lib/python3.7/site-packages/airflow/example_dags/example_python_operator.py for tasks to queue
[2023-05-01T17:36:57.068+0000] {logging_mixin.py:137} INFO - [2023-05-01T17:36:57.068+0000] {dagbag.py:532} INFO - Filling up the DagBag from /home/airflow/.local/lib/python3.7/site-packages/airflow/example_dags/example_python_operator.py
[2023-05-01T17:36:57.126+0000] {logging_mixin.py:137} INFO - [2023-05-01T17:36:57.126+0000] {taskmixin.py:211} WARNING - Dependency <Task(_PythonDecoratedOperator): print_the_context>, log_sql_query already registered for DAG: example_python_operator
[2023-05-01T17:36:57.127+0000] {logging_mixin.py:137} INFO - [2023-05-01T17:36:57.127+0000] {taskmixin.py:211} WARNING - Dependency <Task(_PythonDecoratedOperator): log_sql_query>, print_the_context already registered for DAG: example_python_operator
[2023-05-01T17:36:57.128+0000] {logging_mixin.py:137} INFO - [2023-05-01T17:36:57.128+0000] {taskmixin.py:211} WARNING - Dependency <Task(_PythonDecoratedOperator): print_the_context>, log_sql_query already registered for DAG: example_python_operator
[2023-05-01T17:36:57.132+0000] {logging_mixin.py:137} INFO - [2023-05-01T17:36:57.132+0000] {taskmixin.py:211} WARNING - Dependency <Task(_PythonDecoratedOperator): log_sql_query>, print_the_context already registered for DAG: example_python_operator
[2023-05-01T17:36:57.132+0000] {logging_mixin.py:137} INFO - [2023-05-01T17:36:57.132+0000] {taskmixin.py:211} WARNING - Dependency <Task(_PythonDecoratedOperator): print_the_context>, log_sql_query already registered for DAG: example_python_operator
[2023-05-01T17:36:57.132+0000] {logging_mixin.py:137} INFO - [2023-05-01T17:36:57.132+0000] {taskmixin.py:211} WARNING - Dependency <Task(_PythonDecoratedOperator): log_sql_query>, print_the_context already registered for DAG: example_python_operator
[2023-05-01T17:36:57.133+0000] {logging_mixin.py:137} INFO - [2023-05-01T17:36:57.133+0000] {taskmixin.py:211} WARNING - Dependency <Task(_PythonDecoratedOperator): print_the_context>, log_sql_query already registered for DAG: example_python_operator
[2023-05-01T17:36:57.135+0000] {logging_mixin.py:137} INFO - [2023-05-01T17:36:57.135+0000] {taskmixin.py:211} WARNING - Dependency <Task(_PythonDecoratedOperator): log_sql_query>, print_the_context already registered for DAG: example_python_operator
[2023-05-01T17:36:57.155+0000] {processor.py:753} INFO - DAG(s) dict_keys(['example_python_operator']) retrieved from /home/airflow/.local/lib/python3.7/site-packages/airflow/example_dags/example_python_operator.py
[2023-05-01T17:36:57.328+0000] {logging_mixin.py:137} INFO - [2023-05-01T17:36:57.328+0000] {dag.py:2705} INFO - Sync 1 DAGs
[2023-05-01T17:36:57.389+0000] {logging_mixin.py:137} INFO - [2023-05-01T17:36:57.389+0000] {dag.py:3456} INFO - Setting next_dagrun for example_python_operator to None, run_after=None
[2023-05-01T17:36:57.445+0000] {processor.py:175} INFO - Processing /home/airflow/.local/lib/python3.7/site-packages/airflow/example_dags/example_python_operator.py took 0.390 seconds
[2023-05-01T17:38:15.603+0000] {processor.py:153} INFO - Started process (PID=51) to work on /home/airflow/.local/lib/python3.7/site-packages/airflow/example_dags/example_python_operator.py
[2023-05-01T17:38:15.603+0000] {processor.py:743} INFO - Processing file /home/airflow/.local/lib/python3.7/site-packages/airflow/example_dags/example_python_operator.py for tasks to queue
[2023-05-01T17:38:15.604+0000] {logging_mixin.py:137} INFO - [2023-05-01T17:38:15.604+0000] {dagbag.py:532} INFO - Filling up the DagBag from /home/airflow/.local/lib/python3.7/site-packages/airflow/example_dags/example_python_operator.py
[2023-05-01T17:38:15.619+0000] {logging_mixin.py:137} INFO - [2023-05-01T17:38:15.618+0000] {taskmixin.py:211} WARNING - Dependency <Task(_PythonDecoratedOperator): print_the_context>, log_sql_query already registered for DAG: example_python_operator
[2023-05-01T17:38:15.619+0000] {logging_mixin.py:137} INFO - [2023-05-01T17:38:15.619+0000] {taskmixin.py:211} WARNING - Dependency <Task(_PythonDecoratedOperator): log_sql_query>, print_the_context already registered for DAG: example_python_operator
[2023-05-01T17:38:15.619+0000] {logging_mixin.py:137} INFO - [2023-05-01T17:38:15.619+0000] {taskmixin.py:211} WARNING - Dependency <Task(_PythonDecoratedOperator): print_the_context>, log_sql_query already registered for DAG: example_python_operator
[2023-05-01T17:38:15.619+0000] {logging_mixin.py:137} INFO - [2023-05-01T17:38:15.619+0000] {taskmixin.py:211} WARNING - Dependency <Task(_PythonDecoratedOperator): log_sql_query>, print_the_context already registered for DAG: example_python_operator
[2023-05-01T17:38:15.620+0000] {logging_mixin.py:137} INFO - [2023-05-01T17:38:15.620+0000] {taskmixin.py:211} WARNING - Dependency <Task(_PythonDecoratedOperator): print_the_context>, log_sql_query already registered for DAG: example_python_operator
[2023-05-01T17:38:15.620+0000] {logging_mixin.py:137} INFO - [2023-05-01T17:38:15.620+0000] {taskmixin.py:211} WARNING - Dependency <Task(_PythonDecoratedOperator): log_sql_query>, print_the_context already registered for DAG: example_python_operator
[2023-05-01T17:38:15.620+0000] {logging_mixin.py:137} INFO - [2023-05-01T17:38:15.620+0000] {taskmixin.py:211} WARNING - Dependency <Task(_PythonDecoratedOperator): print_the_context>, log_sql_query already registered for DAG: example_python_operator
[2023-05-01T17:38:15.621+0000] {logging_mixin.py:137} INFO - [2023-05-01T17:38:15.621+0000] {taskmixin.py:211} WARNING - Dependency <Task(_PythonDecoratedOperator): log_sql_query>, print_the_context already registered for DAG: example_python_operator
[2023-05-01T17:38:15.625+0000] {processor.py:753} INFO - DAG(s) dict_keys(['example_python_operator']) retrieved from /home/airflow/.local/lib/python3.7/site-packages/airflow/example_dags/example_python_operator.py
[2023-05-01T17:38:15.666+0000] {logging_mixin.py:137} INFO - [2023-05-01T17:38:15.666+0000] {dag.py:2705} INFO - Sync 1 DAGs
[2023-05-01T17:38:15.687+0000] {logging_mixin.py:137} INFO - [2023-05-01T17:38:15.687+0000] {dag.py:3456} INFO - Setting next_dagrun for example_python_operator to None, run_after=None
[2023-05-01T17:38:15.698+0000] {processor.py:175} INFO - Processing /home/airflow/.local/lib/python3.7/site-packages/airflow/example_dags/example_python_operator.py took 0.098 seconds
[2023-05-01T17:41:34.166+0000] {processor.py:153} INFO - Started process (PID=52) to work on /home/airflow/.local/lib/python3.7/site-packages/airflow/example_dags/example_python_operator.py
[2023-05-01T17:41:34.167+0000] {processor.py:743} INFO - Processing file /home/airflow/.local/lib/python3.7/site-packages/airflow/example_dags/example_python_operator.py for tasks to queue
[2023-05-01T17:41:34.168+0000] {logging_mixin.py:137} INFO - [2023-05-01T17:41:34.168+0000] {dagbag.py:532} INFO - Filling up the DagBag from /home/airflow/.local/lib/python3.7/site-packages/airflow/example_dags/example_python_operator.py
[2023-05-01T17:41:34.231+0000] {logging_mixin.py:137} INFO - [2023-05-01T17:41:34.231+0000] {taskmixin.py:211} WARNING - Dependency <Task(_PythonDecoratedOperator): print_the_context>, log_sql_query already registered for DAG: example_python_operator
[2023-05-01T17:41:34.231+0000] {logging_mixin.py:137} INFO - [2023-05-01T17:41:34.231+0000] {taskmixin.py:211} WARNING - Dependency <Task(_PythonDecoratedOperator): log_sql_query>, print_the_context already registered for DAG: example_python_operator
[2023-05-01T17:41:34.232+0000] {logging_mixin.py:137} INFO - [2023-05-01T17:41:34.232+0000] {taskmixin.py:211} WARNING - Dependency <Task(_PythonDecoratedOperator): print_the_context>, log_sql_query already registered for DAG: example_python_operator
[2023-05-01T17:41:34.232+0000] {logging_mixin.py:137} INFO - [2023-05-01T17:41:34.232+0000] {taskmixin.py:211} WARNING - Dependency <Task(_PythonDecoratedOperator): log_sql_query>, print_the_context already registered for DAG: example_python_operator
[2023-05-01T17:41:34.233+0000] {logging_mixin.py:137} INFO - [2023-05-01T17:41:34.233+0000] {taskmixin.py:211} WARNING - Dependency <Task(_PythonDecoratedOperator): print_the_context>, log_sql_query already registered for DAG: example_python_operator
[2023-05-01T17:41:34.233+0000] {logging_mixin.py:137} INFO - [2023-05-01T17:41:34.233+0000] {taskmixin.py:211} WARNING - Dependency <Task(_PythonDecoratedOperator): log_sql_query>, print_the_context already registered for DAG: example_python_operator
[2023-05-01T17:41:34.234+0000] {logging_mixin.py:137} INFO - [2023-05-01T17:41:34.234+0000] {taskmixin.py:211} WARNING - Dependency <Task(_PythonDecoratedOperator): print_the_context>, log_sql_query already registered for DAG: example_python_operator
[2023-05-01T17:41:34.234+0000] {logging_mixin.py:137} INFO - [2023-05-01T17:41:34.234+0000] {taskmixin.py:211} WARNING - Dependency <Task(_PythonDecoratedOperator): log_sql_query>, print_the_context already registered for DAG: example_python_operator
[2023-05-01T17:41:34.256+0000] {processor.py:753} INFO - DAG(s) dict_keys(['example_python_operator']) retrieved from /home/airflow/.local/lib/python3.7/site-packages/airflow/example_dags/example_python_operator.py
[2023-05-01T17:41:34.359+0000] {logging_mixin.py:137} INFO - [2023-05-01T17:41:34.359+0000] {dag.py:2705} INFO - Sync 1 DAGs
[2023-05-01T17:41:34.376+0000] {logging_mixin.py:137} INFO - [2023-05-01T17:41:34.375+0000] {dag.py:3456} INFO - Setting next_dagrun for example_python_operator to None, run_after=None
[2023-05-01T17:41:34.410+0000] {processor.py:175} INFO - Processing /home/airflow/.local/lib/python3.7/site-packages/airflow/example_dags/example_python_operator.py took 0.251 seconds
[2023-05-01T17:43:13.516+0000] {processor.py:153} INFO - Started process (PID=52) to work on /home/airflow/.local/lib/python3.7/site-packages/airflow/example_dags/example_python_operator.py
[2023-05-01T17:43:13.524+0000] {processor.py:743} INFO - Processing file /home/airflow/.local/lib/python3.7/site-packages/airflow/example_dags/example_python_operator.py for tasks to queue
[2023-05-01T17:43:13.525+0000] {logging_mixin.py:137} INFO - [2023-05-01T17:43:13.524+0000] {dagbag.py:532} INFO - Filling up the DagBag from /home/airflow/.local/lib/python3.7/site-packages/airflow/example_dags/example_python_operator.py
[2023-05-01T17:43:13.591+0000] {logging_mixin.py:137} INFO - [2023-05-01T17:43:13.591+0000] {taskmixin.py:211} WARNING - Dependency <Task(_PythonDecoratedOperator): print_the_context>, log_sql_query already registered for DAG: example_python_operator
[2023-05-01T17:43:13.592+0000] {logging_mixin.py:137} INFO - [2023-05-01T17:43:13.592+0000] {taskmixin.py:211} WARNING - Dependency <Task(_PythonDecoratedOperator): log_sql_query>, print_the_context already registered for DAG: example_python_operator
[2023-05-01T17:43:13.593+0000] {logging_mixin.py:137} INFO - [2023-05-01T17:43:13.593+0000] {taskmixin.py:211} WARNING - Dependency <Task(_PythonDecoratedOperator): print_the_context>, log_sql_query already registered for DAG: example_python_operator
[2023-05-01T17:43:13.617+0000] {logging_mixin.py:137} INFO - [2023-05-01T17:43:13.616+0000] {taskmixin.py:211} WARNING - Dependency <Task(_PythonDecoratedOperator): log_sql_query>, print_the_context already registered for DAG: example_python_operator
[2023-05-01T17:43:13.620+0000] {logging_mixin.py:137} INFO - [2023-05-01T17:43:13.620+0000] {taskmixin.py:211} WARNING - Dependency <Task(_PythonDecoratedOperator): print_the_context>, log_sql_query already registered for DAG: example_python_operator
[2023-05-01T17:43:13.620+0000] {logging_mixin.py:137} INFO - [2023-05-01T17:43:13.620+0000] {taskmixin.py:211} WARNING - Dependency <Task(_PythonDecoratedOperator): log_sql_query>, print_the_context already registered for DAG: example_python_operator
[2023-05-01T17:43:13.625+0000] {logging_mixin.py:137} INFO - [2023-05-01T17:43:13.624+0000] {taskmixin.py:211} WARNING - Dependency <Task(_PythonDecoratedOperator): print_the_context>, log_sql_query already registered for DAG: example_python_operator
[2023-05-01T17:43:13.629+0000] {logging_mixin.py:137} INFO - [2023-05-01T17:43:13.629+0000] {taskmixin.py:211} WARNING - Dependency <Task(_PythonDecoratedOperator): log_sql_query>, print_the_context already registered for DAG: example_python_operator
[2023-05-01T17:43:13.640+0000] {processor.py:753} INFO - DAG(s) dict_keys(['example_python_operator']) retrieved from /home/airflow/.local/lib/python3.7/site-packages/airflow/example_dags/example_python_operator.py
[2023-05-01T17:43:13.872+0000] {logging_mixin.py:137} INFO - [2023-05-01T17:43:13.872+0000] {dag.py:2705} INFO - Sync 1 DAGs
[2023-05-01T17:43:13.929+0000] {logging_mixin.py:137} INFO - [2023-05-01T17:43:13.929+0000] {dag.py:3456} INFO - Setting next_dagrun for example_python_operator to None, run_after=None
[2023-05-01T17:43:13.982+0000] {processor.py:175} INFO - Processing /home/airflow/.local/lib/python3.7/site-packages/airflow/example_dags/example_python_operator.py took 0.468 seconds
[2023-05-01T17:44:20.975+0000] {processor.py:153} INFO - Started process (PID=50) to work on /home/airflow/.local/lib/python3.7/site-packages/airflow/example_dags/example_python_operator.py
[2023-05-01T17:44:20.977+0000] {processor.py:743} INFO - Processing file /home/airflow/.local/lib/python3.7/site-packages/airflow/example_dags/example_python_operator.py for tasks to queue
[2023-05-01T17:44:20.979+0000] {logging_mixin.py:137} INFO - [2023-05-01T17:44:20.979+0000] {dagbag.py:532} INFO - Filling up the DagBag from /home/airflow/.local/lib/python3.7/site-packages/airflow/example_dags/example_python_operator.py
[2023-05-01T17:44:21.016+0000] {logging_mixin.py:137} INFO - [2023-05-01T17:44:21.015+0000] {taskmixin.py:211} WARNING - Dependency <Task(_PythonDecoratedOperator): print_the_context>, log_sql_query already registered for DAG: example_python_operator
[2023-05-01T17:44:21.018+0000] {logging_mixin.py:137} INFO - [2023-05-01T17:44:21.018+0000] {taskmixin.py:211} WARNING - Dependency <Task(_PythonDecoratedOperator): log_sql_query>, print_the_context already registered for DAG: example_python_operator
[2023-05-01T17:44:21.019+0000] {logging_mixin.py:137} INFO - [2023-05-01T17:44:21.019+0000] {taskmixin.py:211} WARNING - Dependency <Task(_PythonDecoratedOperator): print_the_context>, log_sql_query already registered for DAG: example_python_operator
[2023-05-01T17:44:21.020+0000] {logging_mixin.py:137} INFO - [2023-05-01T17:44:21.020+0000] {taskmixin.py:211} WARNING - Dependency <Task(_PythonDecoratedOperator): log_sql_query>, print_the_context already registered for DAG: example_python_operator
[2023-05-01T17:44:21.022+0000] {logging_mixin.py:137} INFO - [2023-05-01T17:44:21.022+0000] {taskmixin.py:211} WARNING - Dependency <Task(_PythonDecoratedOperator): print_the_context>, log_sql_query already registered for DAG: example_python_operator
[2023-05-01T17:44:21.025+0000] {logging_mixin.py:137} INFO - [2023-05-01T17:44:21.024+0000] {taskmixin.py:211} WARNING - Dependency <Task(_PythonDecoratedOperator): log_sql_query>, print_the_context already registered for DAG: example_python_operator
[2023-05-01T17:44:21.027+0000] {logging_mixin.py:137} INFO - [2023-05-01T17:44:21.026+0000] {taskmixin.py:211} WARNING - Dependency <Task(_PythonDecoratedOperator): print_the_context>, log_sql_query already registered for DAG: example_python_operator
[2023-05-01T17:44:21.027+0000] {logging_mixin.py:137} INFO - [2023-05-01T17:44:21.027+0000] {taskmixin.py:211} WARNING - Dependency <Task(_PythonDecoratedOperator): log_sql_query>, print_the_context already registered for DAG: example_python_operator
[2023-05-01T17:44:21.037+0000] {processor.py:753} INFO - DAG(s) dict_keys(['example_python_operator']) retrieved from /home/airflow/.local/lib/python3.7/site-packages/airflow/example_dags/example_python_operator.py
[2023-05-01T17:44:21.138+0000] {logging_mixin.py:137} INFO - [2023-05-01T17:44:21.138+0000] {dag.py:2705} INFO - Sync 1 DAGs
[2023-05-01T17:44:21.170+0000] {logging_mixin.py:137} INFO - [2023-05-01T17:44:21.170+0000] {dag.py:3456} INFO - Setting next_dagrun for example_python_operator to None, run_after=None
[2023-05-01T17:44:21.210+0000] {processor.py:175} INFO - Processing /home/airflow/.local/lib/python3.7/site-packages/airflow/example_dags/example_python_operator.py took 0.237 seconds
[2023-05-01T17:51:05.667+0000] {processor.py:153} INFO - Started process (PID=50) to work on /home/airflow/.local/lib/python3.7/site-packages/airflow/example_dags/example_python_operator.py
[2023-05-01T17:51:05.673+0000] {processor.py:743} INFO - Processing file /home/airflow/.local/lib/python3.7/site-packages/airflow/example_dags/example_python_operator.py for tasks to queue
[2023-05-01T17:51:05.677+0000] {logging_mixin.py:137} INFO - [2023-05-01T17:51:05.676+0000] {dagbag.py:532} INFO - Filling up the DagBag from /home/airflow/.local/lib/python3.7/site-packages/airflow/example_dags/example_python_operator.py
[2023-05-01T17:51:05.753+0000] {logging_mixin.py:137} INFO - [2023-05-01T17:51:05.751+0000] {taskmixin.py:211} WARNING - Dependency <Task(_PythonDecoratedOperator): print_the_context>, log_sql_query already registered for DAG: example_python_operator
[2023-05-01T17:51:05.753+0000] {logging_mixin.py:137} INFO - [2023-05-01T17:51:05.753+0000] {taskmixin.py:211} WARNING - Dependency <Task(_PythonDecoratedOperator): log_sql_query>, print_the_context already registered for DAG: example_python_operator
[2023-05-01T17:51:05.754+0000] {logging_mixin.py:137} INFO - [2023-05-01T17:51:05.754+0000] {taskmixin.py:211} WARNING - Dependency <Task(_PythonDecoratedOperator): print_the_context>, log_sql_query already registered for DAG: example_python_operator
[2023-05-01T17:51:05.754+0000] {logging_mixin.py:137} INFO - [2023-05-01T17:51:05.754+0000] {taskmixin.py:211} WARNING - Dependency <Task(_PythonDecoratedOperator): log_sql_query>, print_the_context already registered for DAG: example_python_operator
[2023-05-01T17:51:05.755+0000] {logging_mixin.py:137} INFO - [2023-05-01T17:51:05.755+0000] {taskmixin.py:211} WARNING - Dependency <Task(_PythonDecoratedOperator): print_the_context>, log_sql_query already registered for DAG: example_python_operator
[2023-05-01T17:51:05.756+0000] {logging_mixin.py:137} INFO - [2023-05-01T17:51:05.756+0000] {taskmixin.py:211} WARNING - Dependency <Task(_PythonDecoratedOperator): log_sql_query>, print_the_context already registered for DAG: example_python_operator
[2023-05-01T17:51:05.762+0000] {logging_mixin.py:137} INFO - [2023-05-01T17:51:05.762+0000] {taskmixin.py:211} WARNING - Dependency <Task(_PythonDecoratedOperator): print_the_context>, log_sql_query already registered for DAG: example_python_operator
[2023-05-01T17:51:05.762+0000] {logging_mixin.py:137} INFO - [2023-05-01T17:51:05.762+0000] {taskmixin.py:211} WARNING - Dependency <Task(_PythonDecoratedOperator): log_sql_query>, print_the_context already registered for DAG: example_python_operator
[2023-05-01T17:51:05.819+0000] {processor.py:753} INFO - DAG(s) dict_keys(['example_python_operator']) retrieved from /home/airflow/.local/lib/python3.7/site-packages/airflow/example_dags/example_python_operator.py
[2023-05-01T17:58:35.330+0000] {processor.py:153} INFO - Started process (PID=51) to work on /home/airflow/.local/lib/python3.7/site-packages/airflow/example_dags/example_python_operator.py
[2023-05-01T17:58:35.333+0000] {processor.py:743} INFO - Processing file /home/airflow/.local/lib/python3.7/site-packages/airflow/example_dags/example_python_operator.py for tasks to queue
[2023-05-01T17:58:35.336+0000] {logging_mixin.py:137} INFO - [2023-05-01T17:58:35.336+0000] {dagbag.py:532} INFO - Filling up the DagBag from /home/airflow/.local/lib/python3.7/site-packages/airflow/example_dags/example_python_operator.py
[2023-05-01T17:58:35.479+0000] {logging_mixin.py:137} INFO - [2023-05-01T17:58:35.457+0000] {taskmixin.py:211} WARNING - Dependency <Task(_PythonDecoratedOperator): print_the_context>, log_sql_query already registered for DAG: example_python_operator
[2023-05-01T17:58:35.504+0000] {logging_mixin.py:137} INFO - [2023-05-01T17:58:35.499+0000] {taskmixin.py:211} WARNING - Dependency <Task(_PythonDecoratedOperator): log_sql_query>, print_the_context already registered for DAG: example_python_operator
[2023-05-01T17:58:35.555+0000] {logging_mixin.py:137} INFO - [2023-05-01T17:58:35.546+0000] {taskmixin.py:211} WARNING - Dependency <Task(_PythonDecoratedOperator): print_the_context>, log_sql_query already registered for DAG: example_python_operator
[2023-05-01T17:58:35.600+0000] {logging_mixin.py:137} INFO - [2023-05-01T17:58:35.569+0000] {taskmixin.py:211} WARNING - Dependency <Task(_PythonDecoratedOperator): log_sql_query>, print_the_context already registered for DAG: example_python_operator
[2023-05-01T17:58:35.915+0000] {logging_mixin.py:137} INFO - [2023-05-01T17:58:35.913+0000] {taskmixin.py:211} WARNING - Dependency <Task(_PythonDecoratedOperator): print_the_context>, log_sql_query already registered for DAG: example_python_operator
[2023-05-01T17:58:35.927+0000] {logging_mixin.py:137} INFO - [2023-05-01T17:58:35.924+0000] {taskmixin.py:211} WARNING - Dependency <Task(_PythonDecoratedOperator): log_sql_query>, print_the_context already registered for DAG: example_python_operator
[2023-05-01T17:58:35.964+0000] {logging_mixin.py:137} INFO - [2023-05-01T17:58:35.951+0000] {taskmixin.py:211} WARNING - Dependency <Task(_PythonDecoratedOperator): print_the_context>, log_sql_query already registered for DAG: example_python_operator
[2023-05-01T17:58:35.978+0000] {logging_mixin.py:137} INFO - [2023-05-01T17:58:35.975+0000] {taskmixin.py:211} WARNING - Dependency <Task(_PythonDecoratedOperator): log_sql_query>, print_the_context already registered for DAG: example_python_operator
[2023-05-01T17:58:39.175+0000] {processor.py:753} INFO - DAG(s) dict_keys(['example_python_operator']) retrieved from /home/airflow/.local/lib/python3.7/site-packages/airflow/example_dags/example_python_operator.py
[2023-05-01T17:58:39.381+0000] {logging_mixin.py:137} INFO - [2023-05-01T17:58:39.381+0000] {dag.py:2705} INFO - Sync 1 DAGs
[2023-05-01T17:58:39.409+0000] {logging_mixin.py:137} INFO - [2023-05-01T17:58:39.409+0000] {dag.py:3456} INFO - Setting next_dagrun for example_python_operator to None, run_after=None
[2023-05-01T17:58:39.449+0000] {processor.py:175} INFO - Processing /home/airflow/.local/lib/python3.7/site-packages/airflow/example_dags/example_python_operator.py took 4.138 seconds
[2023-05-01T17:59:04.886+0000] {processor.py:153} INFO - Started process (PID=50) to work on /home/airflow/.local/lib/python3.7/site-packages/airflow/example_dags/example_python_operator.py
[2023-05-01T17:59:04.887+0000] {processor.py:743} INFO - Processing file /home/airflow/.local/lib/python3.7/site-packages/airflow/example_dags/example_python_operator.py for tasks to queue
[2023-05-01T17:59:04.887+0000] {logging_mixin.py:137} INFO - [2023-05-01T17:59:04.887+0000] {dagbag.py:532} INFO - Filling up the DagBag from /home/airflow/.local/lib/python3.7/site-packages/airflow/example_dags/example_python_operator.py
[2023-05-01T17:59:04.935+0000] {logging_mixin.py:137} INFO - [2023-05-01T17:59:04.935+0000] {taskmixin.py:211} WARNING - Dependency <Task(_PythonDecoratedOperator): print_the_context>, log_sql_query already registered for DAG: example_python_operator
[2023-05-01T17:59:04.935+0000] {logging_mixin.py:137} INFO - [2023-05-01T17:59:04.935+0000] {taskmixin.py:211} WARNING - Dependency <Task(_PythonDecoratedOperator): log_sql_query>, print_the_context already registered for DAG: example_python_operator
[2023-05-01T17:59:04.936+0000] {logging_mixin.py:137} INFO - [2023-05-01T17:59:04.936+0000] {taskmixin.py:211} WARNING - Dependency <Task(_PythonDecoratedOperator): print_the_context>, log_sql_query already registered for DAG: example_python_operator
[2023-05-01T17:59:04.937+0000] {logging_mixin.py:137} INFO - [2023-05-01T17:59:04.937+0000] {taskmixin.py:211} WARNING - Dependency <Task(_PythonDecoratedOperator): log_sql_query>, print_the_context already registered for DAG: example_python_operator
[2023-05-01T17:59:04.939+0000] {logging_mixin.py:137} INFO - [2023-05-01T17:59:04.938+0000] {taskmixin.py:211} WARNING - Dependency <Task(_PythonDecoratedOperator): print_the_context>, log_sql_query already registered for DAG: example_python_operator
[2023-05-01T17:59:04.939+0000] {logging_mixin.py:137} INFO - [2023-05-01T17:59:04.939+0000] {taskmixin.py:211} WARNING - Dependency <Task(_PythonDecoratedOperator): log_sql_query>, print_the_context already registered for DAG: example_python_operator
[2023-05-01T17:59:04.941+0000] {logging_mixin.py:137} INFO - [2023-05-01T17:59:04.941+0000] {taskmixin.py:211} WARNING - Dependency <Task(_PythonDecoratedOperator): print_the_context>, log_sql_query already registered for DAG: example_python_operator
[2023-05-01T17:59:04.941+0000] {logging_mixin.py:137} INFO - [2023-05-01T17:59:04.941+0000] {taskmixin.py:211} WARNING - Dependency <Task(_PythonDecoratedOperator): log_sql_query>, print_the_context already registered for DAG: example_python_operator
[2023-05-01T17:59:04.953+0000] {processor.py:753} INFO - DAG(s) dict_keys(['example_python_operator']) retrieved from /home/airflow/.local/lib/python3.7/site-packages/airflow/example_dags/example_python_operator.py
[2023-05-01T17:59:04.966+0000] {logging_mixin.py:137} INFO - [2023-05-01T17:59:04.966+0000] {dag.py:2705} INFO - Sync 1 DAGs
[2023-05-01T17:59:05.010+0000] {logging_mixin.py:137} INFO - [2023-05-01T17:59:05.010+0000] {dag.py:3456} INFO - Setting next_dagrun for example_python_operator to None, run_after=None
[2023-05-01T17:59:05.031+0000] {processor.py:175} INFO - Processing /home/airflow/.local/lib/python3.7/site-packages/airflow/example_dags/example_python_operator.py took 0.149 seconds
[2023-05-01T18:02:26.776+0000] {processor.py:153} INFO - Started process (PID=57) to work on /home/airflow/.local/lib/python3.7/site-packages/airflow/example_dags/example_python_operator.py
[2023-05-01T18:02:26.781+0000] {processor.py:743} INFO - Processing file /home/airflow/.local/lib/python3.7/site-packages/airflow/example_dags/example_python_operator.py for tasks to queue
[2023-05-01T18:02:26.782+0000] {logging_mixin.py:137} INFO - [2023-05-01T18:02:26.782+0000] {dagbag.py:532} INFO - Filling up the DagBag from /home/airflow/.local/lib/python3.7/site-packages/airflow/example_dags/example_python_operator.py
[2023-05-01T18:02:26.930+0000] {logging_mixin.py:137} INFO - [2023-05-01T18:02:26.928+0000] {taskmixin.py:211} WARNING - Dependency <Task(_PythonDecoratedOperator): print_the_context>, log_sql_query already registered for DAG: example_python_operator
[2023-05-01T18:02:26.930+0000] {logging_mixin.py:137} INFO - [2023-05-01T18:02:26.930+0000] {taskmixin.py:211} WARNING - Dependency <Task(_PythonDecoratedOperator): log_sql_query>, print_the_context already registered for DAG: example_python_operator
[2023-05-01T18:02:26.931+0000] {logging_mixin.py:137} INFO - [2023-05-01T18:02:26.931+0000] {taskmixin.py:211} WARNING - Dependency <Task(_PythonDecoratedOperator): print_the_context>, log_sql_query already registered for DAG: example_python_operator
[2023-05-01T18:02:26.932+0000] {logging_mixin.py:137} INFO - [2023-05-01T18:02:26.931+0000] {taskmixin.py:211} WARNING - Dependency <Task(_PythonDecoratedOperator): log_sql_query>, print_the_context already registered for DAG: example_python_operator
[2023-05-01T18:02:26.932+0000] {logging_mixin.py:137} INFO - [2023-05-01T18:02:26.932+0000] {taskmixin.py:211} WARNING - Dependency <Task(_PythonDecoratedOperator): print_the_context>, log_sql_query already registered for DAG: example_python_operator
[2023-05-01T18:02:26.933+0000] {logging_mixin.py:137} INFO - [2023-05-01T18:02:26.933+0000] {taskmixin.py:211} WARNING - Dependency <Task(_PythonDecoratedOperator): log_sql_query>, print_the_context already registered for DAG: example_python_operator
[2023-05-01T18:02:26.933+0000] {logging_mixin.py:137} INFO - [2023-05-01T18:02:26.933+0000] {taskmixin.py:211} WARNING - Dependency <Task(_PythonDecoratedOperator): print_the_context>, log_sql_query already registered for DAG: example_python_operator
[2023-05-01T18:02:26.934+0000] {logging_mixin.py:137} INFO - [2023-05-01T18:02:26.933+0000] {taskmixin.py:211} WARNING - Dependency <Task(_PythonDecoratedOperator): log_sql_query>, print_the_context already registered for DAG: example_python_operator
[2023-05-01T18:02:27.018+0000] {processor.py:753} INFO - DAG(s) dict_keys(['example_python_operator']) retrieved from /home/airflow/.local/lib/python3.7/site-packages/airflow/example_dags/example_python_operator.py
[2023-05-01T18:02:27.187+0000] {logging_mixin.py:137} INFO - [2023-05-01T18:02:27.187+0000] {dag.py:2705} INFO - Sync 1 DAGs
[2023-05-01T18:02:27.241+0000] {logging_mixin.py:137} INFO - [2023-05-01T18:02:27.241+0000] {dag.py:3456} INFO - Setting next_dagrun for example_python_operator to None, run_after=None
[2023-05-01T18:02:27.294+0000] {processor.py:175} INFO - Processing /home/airflow/.local/lib/python3.7/site-packages/airflow/example_dags/example_python_operator.py took 0.521 seconds
[2023-05-01T18:06:04.347+0000] {processor.py:153} INFO - Started process (PID=50) to work on /home/airflow/.local/lib/python3.7/site-packages/airflow/example_dags/example_python_operator.py
[2023-05-01T18:06:04.349+0000] {processor.py:743} INFO - Processing file /home/airflow/.local/lib/python3.7/site-packages/airflow/example_dags/example_python_operator.py for tasks to queue
[2023-05-01T18:06:04.350+0000] {logging_mixin.py:137} INFO - [2023-05-01T18:06:04.350+0000] {dagbag.py:532} INFO - Filling up the DagBag from /home/airflow/.local/lib/python3.7/site-packages/airflow/example_dags/example_python_operator.py
[2023-05-01T18:06:04.392+0000] {logging_mixin.py:137} INFO - [2023-05-01T18:06:04.392+0000] {taskmixin.py:211} WARNING - Dependency <Task(_PythonDecoratedOperator): print_the_context>, log_sql_query already registered for DAG: example_python_operator
[2023-05-01T18:06:04.392+0000] {logging_mixin.py:137} INFO - [2023-05-01T18:06:04.392+0000] {taskmixin.py:211} WARNING - Dependency <Task(_PythonDecoratedOperator): log_sql_query>, print_the_context already registered for DAG: example_python_operator
[2023-05-01T18:06:04.393+0000] {logging_mixin.py:137} INFO - [2023-05-01T18:06:04.393+0000] {taskmixin.py:211} WARNING - Dependency <Task(_PythonDecoratedOperator): print_the_context>, log_sql_query already registered for DAG: example_python_operator
[2023-05-01T18:06:04.393+0000] {logging_mixin.py:137} INFO - [2023-05-01T18:06:04.393+0000] {taskmixin.py:211} WARNING - Dependency <Task(_PythonDecoratedOperator): log_sql_query>, print_the_context already registered for DAG: example_python_operator
[2023-05-01T18:06:04.393+0000] {logging_mixin.py:137} INFO - [2023-05-01T18:06:04.393+0000] {taskmixin.py:211} WARNING - Dependency <Task(_PythonDecoratedOperator): print_the_context>, log_sql_query already registered for DAG: example_python_operator
[2023-05-01T18:06:04.393+0000] {logging_mixin.py:137} INFO - [2023-05-01T18:06:04.393+0000] {taskmixin.py:211} WARNING - Dependency <Task(_PythonDecoratedOperator): log_sql_query>, print_the_context already registered for DAG: example_python_operator
[2023-05-01T18:06:04.394+0000] {logging_mixin.py:137} INFO - [2023-05-01T18:06:04.394+0000] {taskmixin.py:211} WARNING - Dependency <Task(_PythonDecoratedOperator): print_the_context>, log_sql_query already registered for DAG: example_python_operator
[2023-05-01T18:06:04.394+0000] {logging_mixin.py:137} INFO - [2023-05-01T18:06:04.394+0000] {taskmixin.py:211} WARNING - Dependency <Task(_PythonDecoratedOperator): log_sql_query>, print_the_context already registered for DAG: example_python_operator
[2023-05-01T18:06:04.398+0000] {processor.py:753} INFO - DAG(s) dict_keys(['example_python_operator']) retrieved from /home/airflow/.local/lib/python3.7/site-packages/airflow/example_dags/example_python_operator.py
[2023-05-01T18:06:04.440+0000] {logging_mixin.py:137} INFO - [2023-05-01T18:06:04.440+0000] {dag.py:2705} INFO - Sync 1 DAGs
[2023-05-01T18:06:04.454+0000] {logging_mixin.py:137} INFO - [2023-05-01T18:06:04.454+0000] {dag.py:3456} INFO - Setting next_dagrun for example_python_operator to None, run_after=None
[2023-05-01T18:06:04.486+0000] {processor.py:175} INFO - Processing /home/airflow/.local/lib/python3.7/site-packages/airflow/example_dags/example_python_operator.py took 0.142 seconds
[2023-05-01T18:09:30.471+0000] {processor.py:153} INFO - Started process (PID=50) to work on /home/airflow/.local/lib/python3.7/site-packages/airflow/example_dags/example_python_operator.py
[2023-05-01T18:09:30.473+0000] {processor.py:743} INFO - Processing file /home/airflow/.local/lib/python3.7/site-packages/airflow/example_dags/example_python_operator.py for tasks to queue
[2023-05-01T18:09:30.474+0000] {logging_mixin.py:137} INFO - [2023-05-01T18:09:30.474+0000] {dagbag.py:532} INFO - Filling up the DagBag from /home/airflow/.local/lib/python3.7/site-packages/airflow/example_dags/example_python_operator.py
[2023-05-01T18:09:30.564+0000] {logging_mixin.py:137} INFO - [2023-05-01T18:09:30.564+0000] {taskmixin.py:211} WARNING - Dependency <Task(_PythonDecoratedOperator): print_the_context>, log_sql_query already registered for DAG: example_python_operator
[2023-05-01T18:09:30.564+0000] {logging_mixin.py:137} INFO - [2023-05-01T18:09:30.564+0000] {taskmixin.py:211} WARNING - Dependency <Task(_PythonDecoratedOperator): log_sql_query>, print_the_context already registered for DAG: example_python_operator
[2023-05-01T18:09:30.566+0000] {logging_mixin.py:137} INFO - [2023-05-01T18:09:30.566+0000] {taskmixin.py:211} WARNING - Dependency <Task(_PythonDecoratedOperator): print_the_context>, log_sql_query already registered for DAG: example_python_operator
[2023-05-01T18:09:30.566+0000] {logging_mixin.py:137} INFO - [2023-05-01T18:09:30.566+0000] {taskmixin.py:211} WARNING - Dependency <Task(_PythonDecoratedOperator): log_sql_query>, print_the_context already registered for DAG: example_python_operator
[2023-05-01T18:09:30.568+0000] {logging_mixin.py:137} INFO - [2023-05-01T18:09:30.568+0000] {taskmixin.py:211} WARNING - Dependency <Task(_PythonDecoratedOperator): print_the_context>, log_sql_query already registered for DAG: example_python_operator
[2023-05-01T18:09:30.568+0000] {logging_mixin.py:137} INFO - [2023-05-01T18:09:30.568+0000] {taskmixin.py:211} WARNING - Dependency <Task(_PythonDecoratedOperator): log_sql_query>, print_the_context already registered for DAG: example_python_operator
[2023-05-01T18:09:30.571+0000] {logging_mixin.py:137} INFO - [2023-05-01T18:09:30.571+0000] {taskmixin.py:211} WARNING - Dependency <Task(_PythonDecoratedOperator): print_the_context>, log_sql_query already registered for DAG: example_python_operator
[2023-05-01T18:09:30.572+0000] {logging_mixin.py:137} INFO - [2023-05-01T18:09:30.572+0000] {taskmixin.py:211} WARNING - Dependency <Task(_PythonDecoratedOperator): log_sql_query>, print_the_context already registered for DAG: example_python_operator
[2023-05-01T18:09:30.667+0000] {processor.py:753} INFO - DAG(s) dict_keys(['example_python_operator']) retrieved from /home/airflow/.local/lib/python3.7/site-packages/airflow/example_dags/example_python_operator.py
