[2023-05-01T12:48:15.381+0000] {processor.py:153} INFO - Started process (PID=73) to work on /home/airflow/.local/lib/python3.7/site-packages/airflow/example_dags/tutorial_dag.py
[2023-05-01T12:48:15.384+0000] {processor.py:743} INFO - Processing file /home/airflow/.local/lib/python3.7/site-packages/airflow/example_dags/tutorial_dag.py for tasks to queue
[2023-05-01T12:48:15.384+0000] {logging_mixin.py:137} INFO - [2023-05-01T12:48:15.384+0000] {dagbag.py:532} INFO - Filling up the DagBag from /home/airflow/.local/lib/python3.7/site-packages/airflow/example_dags/tutorial_dag.py
[2023-05-01T12:48:15.726+0000] {processor.py:753} INFO - DAG(s) dict_keys(['tutorial_dag']) retrieved from /home/airflow/.local/lib/python3.7/site-packages/airflow/example_dags/tutorial_dag.py
[2023-05-01T17:11:54.298+0000] {processor.py:153} INFO - Started process (PID=63) to work on /home/airflow/.local/lib/python3.7/site-packages/airflow/example_dags/tutorial_dag.py
[2023-05-01T17:11:54.301+0000] {processor.py:743} INFO - Processing file /home/airflow/.local/lib/python3.7/site-packages/airflow/example_dags/tutorial_dag.py for tasks to queue
[2023-05-01T17:11:54.303+0000] {logging_mixin.py:137} INFO - [2023-05-01T17:11:54.303+0000] {dagbag.py:532} INFO - Filling up the DagBag from /home/airflow/.local/lib/python3.7/site-packages/airflow/example_dags/tutorial_dag.py
[2023-05-01T17:11:54.398+0000] {processor.py:753} INFO - DAG(s) dict_keys(['tutorial_dag']) retrieved from /home/airflow/.local/lib/python3.7/site-packages/airflow/example_dags/tutorial_dag.py
[2023-05-01T17:11:55.242+0000] {logging_mixin.py:137} INFO - [2023-05-01T17:11:55.240+0000] {dag.py:2705} INFO - Sync 1 DAGs
[2023-05-01T17:12:00.301+0000] {logging_mixin.py:137} INFO - [2023-05-01T17:12:00.285+0000] {dag.py:3456} INFO - Setting next_dagrun for tutorial_dag to None, run_after=None
[2023-05-01T17:12:00.447+0000] {processor.py:175} INFO - Processing /home/airflow/.local/lib/python3.7/site-packages/airflow/example_dags/tutorial_dag.py took 6.152 seconds
[2023-05-01T17:13:13.601+0000] {processor.py:153} INFO - Started process (PID=63) to work on /home/airflow/.local/lib/python3.7/site-packages/airflow/example_dags/tutorial_dag.py
[2023-05-01T17:13:13.604+0000] {processor.py:743} INFO - Processing file /home/airflow/.local/lib/python3.7/site-packages/airflow/example_dags/tutorial_dag.py for tasks to queue
[2023-05-01T17:13:13.604+0000] {logging_mixin.py:137} INFO - [2023-05-01T17:13:13.604+0000] {dagbag.py:532} INFO - Filling up the DagBag from /home/airflow/.local/lib/python3.7/site-packages/airflow/example_dags/tutorial_dag.py
[2023-05-01T17:13:13.620+0000] {processor.py:753} INFO - DAG(s) dict_keys(['tutorial_dag']) retrieved from /home/airflow/.local/lib/python3.7/site-packages/airflow/example_dags/tutorial_dag.py
[2023-05-01T17:13:13.655+0000] {logging_mixin.py:137} INFO - [2023-05-01T17:13:13.654+0000] {dag.py:2705} INFO - Sync 1 DAGs
[2023-05-01T17:13:13.751+0000] {logging_mixin.py:137} INFO - [2023-05-01T17:13:13.750+0000] {dag.py:3456} INFO - Setting next_dagrun for tutorial_dag to None, run_after=None
[2023-05-01T17:13:13.812+0000] {processor.py:175} INFO - Processing /home/airflow/.local/lib/python3.7/site-packages/airflow/example_dags/tutorial_dag.py took 0.219 seconds
[2023-05-01T17:37:04.589+0000] {processor.py:153} INFO - Started process (PID=71) to work on /home/airflow/.local/lib/python3.7/site-packages/airflow/example_dags/tutorial_dag.py
[2023-05-01T17:37:04.597+0000] {processor.py:743} INFO - Processing file /home/airflow/.local/lib/python3.7/site-packages/airflow/example_dags/tutorial_dag.py for tasks to queue
[2023-05-01T17:37:04.602+0000] {logging_mixin.py:137} INFO - [2023-05-01T17:37:04.601+0000] {dagbag.py:532} INFO - Filling up the DagBag from /home/airflow/.local/lib/python3.7/site-packages/airflow/example_dags/tutorial_dag.py
[2023-05-01T17:37:04.669+0000] {processor.py:753} INFO - DAG(s) dict_keys(['tutorial_dag']) retrieved from /home/airflow/.local/lib/python3.7/site-packages/airflow/example_dags/tutorial_dag.py
[2023-05-01T17:37:04.773+0000] {logging_mixin.py:137} INFO - [2023-05-01T17:37:04.773+0000] {dag.py:2705} INFO - Sync 1 DAGs
[2023-05-01T17:37:04.879+0000] {logging_mixin.py:137} INFO - [2023-05-01T17:37:04.875+0000] {dag.py:3456} INFO - Setting next_dagrun for tutorial_dag to None, run_after=None
[2023-05-01T17:37:04.958+0000] {processor.py:175} INFO - Processing /home/airflow/.local/lib/python3.7/site-packages/airflow/example_dags/tutorial_dag.py took 0.371 seconds
[2023-05-01T17:38:17.449+0000] {processor.py:153} INFO - Started process (PID=64) to work on /home/airflow/.local/lib/python3.7/site-packages/airflow/example_dags/tutorial_dag.py
[2023-05-01T17:38:17.453+0000] {processor.py:743} INFO - Processing file /home/airflow/.local/lib/python3.7/site-packages/airflow/example_dags/tutorial_dag.py for tasks to queue
[2023-05-01T17:38:17.458+0000] {logging_mixin.py:137} INFO - [2023-05-01T17:38:17.457+0000] {dagbag.py:532} INFO - Filling up the DagBag from /home/airflow/.local/lib/python3.7/site-packages/airflow/example_dags/tutorial_dag.py
[2023-05-01T17:38:17.521+0000] {processor.py:753} INFO - DAG(s) dict_keys(['tutorial_dag']) retrieved from /home/airflow/.local/lib/python3.7/site-packages/airflow/example_dags/tutorial_dag.py
[2023-05-01T17:38:17.653+0000] {logging_mixin.py:137} INFO - [2023-05-01T17:38:17.651+0000] {dag.py:2705} INFO - Sync 1 DAGs
[2023-05-01T17:38:17.847+0000] {logging_mixin.py:137} INFO - [2023-05-01T17:38:17.843+0000] {dag.py:3456} INFO - Setting next_dagrun for tutorial_dag to None, run_after=None
[2023-05-01T17:38:26.835+0000] {processor.py:175} INFO - Processing /home/airflow/.local/lib/python3.7/site-packages/airflow/example_dags/tutorial_dag.py took 9.388 seconds
[2023-05-01T17:41:47.917+0000] {processor.py:153} INFO - Started process (PID=71) to work on /home/airflow/.local/lib/python3.7/site-packages/airflow/example_dags/tutorial_dag.py
[2023-05-01T17:41:47.932+0000] {processor.py:743} INFO - Processing file /home/airflow/.local/lib/python3.7/site-packages/airflow/example_dags/tutorial_dag.py for tasks to queue
[2023-05-01T17:41:48.018+0000] {logging_mixin.py:137} INFO - [2023-05-01T17:41:48.003+0000] {dagbag.py:532} INFO - Filling up the DagBag from /home/airflow/.local/lib/python3.7/site-packages/airflow/example_dags/tutorial_dag.py
[2023-05-01T17:41:51.209+0000] {processor.py:753} INFO - DAG(s) dict_keys(['tutorial_dag']) retrieved from /home/airflow/.local/lib/python3.7/site-packages/airflow/example_dags/tutorial_dag.py
[2023-05-01T17:43:22.587+0000] {processor.py:153} INFO - Started process (PID=65) to work on /home/airflow/.local/lib/python3.7/site-packages/airflow/example_dags/tutorial_dag.py
[2023-05-01T17:43:22.607+0000] {processor.py:743} INFO - Processing file /home/airflow/.local/lib/python3.7/site-packages/airflow/example_dags/tutorial_dag.py for tasks to queue
[2023-05-01T17:43:22.610+0000] {logging_mixin.py:137} INFO - [2023-05-01T17:43:22.610+0000] {dagbag.py:532} INFO - Filling up the DagBag from /home/airflow/.local/lib/python3.7/site-packages/airflow/example_dags/tutorial_dag.py
[2023-05-01T17:43:22.745+0000] {processor.py:753} INFO - DAG(s) dict_keys(['tutorial_dag']) retrieved from /home/airflow/.local/lib/python3.7/site-packages/airflow/example_dags/tutorial_dag.py
[2023-05-01T17:43:22.963+0000] {logging_mixin.py:137} INFO - [2023-05-01T17:43:22.962+0000] {dag.py:2705} INFO - Sync 1 DAGs
[2023-05-01T17:43:23.132+0000] {logging_mixin.py:137} INFO - [2023-05-01T17:43:23.132+0000] {dag.py:3456} INFO - Setting next_dagrun for tutorial_dag to None, run_after=None
[2023-05-01T17:43:23.189+0000] {processor.py:175} INFO - Processing /home/airflow/.local/lib/python3.7/site-packages/airflow/example_dags/tutorial_dag.py took 0.613 seconds
[2023-05-01T17:44:22.957+0000] {processor.py:153} INFO - Started process (PID=63) to work on /home/airflow/.local/lib/python3.7/site-packages/airflow/example_dags/tutorial_dag.py
[2023-05-01T17:44:22.972+0000] {processor.py:743} INFO - Processing file /home/airflow/.local/lib/python3.7/site-packages/airflow/example_dags/tutorial_dag.py for tasks to queue
[2023-05-01T17:44:22.974+0000] {logging_mixin.py:137} INFO - [2023-05-01T17:44:22.974+0000] {dagbag.py:532} INFO - Filling up the DagBag from /home/airflow/.local/lib/python3.7/site-packages/airflow/example_dags/tutorial_dag.py
[2023-05-01T17:44:23.267+0000] {processor.py:753} INFO - DAG(s) dict_keys(['tutorial_dag']) retrieved from /home/airflow/.local/lib/python3.7/site-packages/airflow/example_dags/tutorial_dag.py
[2023-05-01T17:44:23.423+0000] {logging_mixin.py:137} INFO - [2023-05-01T17:44:23.422+0000] {dag.py:2705} INFO - Sync 1 DAGs
[2023-05-01T17:44:23.511+0000] {logging_mixin.py:137} INFO - [2023-05-01T17:44:23.511+0000] {dag.py:3456} INFO - Setting next_dagrun for tutorial_dag to None, run_after=None
[2023-05-01T17:44:23.550+0000] {processor.py:175} INFO - Processing /home/airflow/.local/lib/python3.7/site-packages/airflow/example_dags/tutorial_dag.py took 0.607 seconds
[2023-05-01T17:58:41.112+0000] {processor.py:153} INFO - Started process (PID=64) to work on /home/airflow/.local/lib/python3.7/site-packages/airflow/example_dags/tutorial_dag.py
[2023-05-01T17:58:41.122+0000] {processor.py:743} INFO - Processing file /home/airflow/.local/lib/python3.7/site-packages/airflow/example_dags/tutorial_dag.py for tasks to queue
[2023-05-01T17:58:41.124+0000] {logging_mixin.py:137} INFO - [2023-05-01T17:58:41.124+0000] {dagbag.py:532} INFO - Filling up the DagBag from /home/airflow/.local/lib/python3.7/site-packages/airflow/example_dags/tutorial_dag.py
[2023-05-01T17:58:41.151+0000] {processor.py:753} INFO - DAG(s) dict_keys(['tutorial_dag']) retrieved from /home/airflow/.local/lib/python3.7/site-packages/airflow/example_dags/tutorial_dag.py
[2023-05-01T17:58:41.211+0000] {logging_mixin.py:137} INFO - [2023-05-01T17:58:41.211+0000] {dag.py:2705} INFO - Sync 1 DAGs
[2023-05-01T17:58:41.298+0000] {logging_mixin.py:137} INFO - [2023-05-01T17:58:41.298+0000] {dag.py:3456} INFO - Setting next_dagrun for tutorial_dag to None, run_after=None
[2023-05-01T17:58:41.369+0000] {processor.py:175} INFO - Processing /home/airflow/.local/lib/python3.7/site-packages/airflow/example_dags/tutorial_dag.py took 0.259 seconds
[2023-05-01T17:59:06.897+0000] {processor.py:153} INFO - Started process (PID=63) to work on /home/airflow/.local/lib/python3.7/site-packages/airflow/example_dags/tutorial_dag.py
[2023-05-01T17:59:06.899+0000] {processor.py:743} INFO - Processing file /home/airflow/.local/lib/python3.7/site-packages/airflow/example_dags/tutorial_dag.py for tasks to queue
[2023-05-01T17:59:06.900+0000] {logging_mixin.py:137} INFO - [2023-05-01T17:59:06.900+0000] {dagbag.py:532} INFO - Filling up the DagBag from /home/airflow/.local/lib/python3.7/site-packages/airflow/example_dags/tutorial_dag.py
[2023-05-01T17:59:06.928+0000] {processor.py:753} INFO - DAG(s) dict_keys(['tutorial_dag']) retrieved from /home/airflow/.local/lib/python3.7/site-packages/airflow/example_dags/tutorial_dag.py
[2023-05-01T17:59:06.979+0000] {logging_mixin.py:137} INFO - [2023-05-01T17:59:06.978+0000] {dag.py:2705} INFO - Sync 1 DAGs
[2023-05-01T17:59:07.023+0000] {logging_mixin.py:137} INFO - [2023-05-01T17:59:07.023+0000] {dag.py:3456} INFO - Setting next_dagrun for tutorial_dag to None, run_after=None
[2023-05-01T17:59:07.035+0000] {processor.py:175} INFO - Processing /home/airflow/.local/lib/python3.7/site-packages/airflow/example_dags/tutorial_dag.py took 0.143 seconds
[2023-05-01T18:02:28.424+0000] {processor.py:153} INFO - Started process (PID=70) to work on /home/airflow/.local/lib/python3.7/site-packages/airflow/example_dags/tutorial_dag.py
[2023-05-01T18:02:28.425+0000] {processor.py:743} INFO - Processing file /home/airflow/.local/lib/python3.7/site-packages/airflow/example_dags/tutorial_dag.py for tasks to queue
[2023-05-01T18:02:28.430+0000] {logging_mixin.py:137} INFO - [2023-05-01T18:02:28.430+0000] {dagbag.py:532} INFO - Filling up the DagBag from /home/airflow/.local/lib/python3.7/site-packages/airflow/example_dags/tutorial_dag.py
[2023-05-01T18:02:28.477+0000] {processor.py:753} INFO - DAG(s) dict_keys(['tutorial_dag']) retrieved from /home/airflow/.local/lib/python3.7/site-packages/airflow/example_dags/tutorial_dag.py
[2023-05-01T18:02:28.564+0000] {logging_mixin.py:137} INFO - [2023-05-01T18:02:28.563+0000] {dag.py:2705} INFO - Sync 1 DAGs
[2023-05-01T18:02:28.633+0000] {logging_mixin.py:137} INFO - [2023-05-01T18:02:28.633+0000] {dag.py:3456} INFO - Setting next_dagrun for tutorial_dag to None, run_after=None
[2023-05-01T18:02:28.671+0000] {processor.py:175} INFO - Processing /home/airflow/.local/lib/python3.7/site-packages/airflow/example_dags/tutorial_dag.py took 0.249 seconds
[2023-05-01T18:06:06.582+0000] {processor.py:153} INFO - Started process (PID=63) to work on /home/airflow/.local/lib/python3.7/site-packages/airflow/example_dags/tutorial_dag.py
[2023-05-01T18:06:06.583+0000] {processor.py:743} INFO - Processing file /home/airflow/.local/lib/python3.7/site-packages/airflow/example_dags/tutorial_dag.py for tasks to queue
[2023-05-01T18:06:06.583+0000] {logging_mixin.py:137} INFO - [2023-05-01T18:06:06.583+0000] {dagbag.py:532} INFO - Filling up the DagBag from /home/airflow/.local/lib/python3.7/site-packages/airflow/example_dags/tutorial_dag.py
[2023-05-01T18:06:06.606+0000] {processor.py:753} INFO - DAG(s) dict_keys(['tutorial_dag']) retrieved from /home/airflow/.local/lib/python3.7/site-packages/airflow/example_dags/tutorial_dag.py
[2023-05-01T18:06:06.666+0000] {logging_mixin.py:137} INFO - [2023-05-01T18:06:06.665+0000] {dag.py:2705} INFO - Sync 1 DAGs
[2023-05-01T18:06:06.887+0000] {logging_mixin.py:137} INFO - [2023-05-01T18:06:06.879+0000] {dag.py:3456} INFO - Setting next_dagrun for tutorial_dag to None, run_after=None
[2023-05-01T18:06:13.559+0000] {processor.py:175} INFO - Processing /home/airflow/.local/lib/python3.7/site-packages/airflow/example_dags/tutorial_dag.py took 6.981 seconds
